2020-10-05 19:00:06.190365: I tensorflow/stream_executor/platform/default/dso_loader.cc:44] Successfully opened dynamic library cudart64_100.dll
Running tests under Python 3.6.12: C:\ProgramData\Anaconda3\envs\keras\python.exe
[ RUN      ] CallTreesTest.test_class_method
WARNING:tensorflow:Detected `pdb.set_trace()` in converted code. The code generated by AutoGraph is not optimized for step-by-step debugging. See https://github.com/tensorflow/tensorflow/blob/master/tensorflow/python/autograph/g3doc/reference/debugging.md.
W1005 19:00:10.897128 14372 ag_logging.py:146] Detected `pdb.set_trace()` in converted code. The code generated by AutoGraph is not optimized for step-by-step debugging. See https://github.com/tensorflow/tensorflow/blob/master/tensorflow/python/autograph/g3doc/reference/debugging.md.
[  FAILED  ] CallTreesTest.test_class_method
[ RUN      ] CallTreesTest.test_debugger_set_trace
[       OK ] CallTreesTest.test_debugger_set_trace
[ RUN      ] CallTreesTest.test_function_chaining
[  FAILED  ] CallTreesTest.test_function_chaining
[ RUN      ] CallTreesTest.test_function_with_call_in_argument
[  FAILED  ] CallTreesTest.test_function_with_call_in_argument
[ RUN      ] CallTreesTest.test_function_with_expression_in_argument
[  FAILED  ] CallTreesTest.test_function_with_expression_in_argument
[ RUN      ] CallTreesTest.test_function_with_kwarg
[  FAILED  ] CallTreesTest.test_function_with_kwarg
[ RUN      ] CallTreesTest.test_function_with_kwargs_keywords
[  FAILED  ] CallTreesTest.test_function_with_kwargs_keywords
[ RUN      ] CallTreesTest.test_function_with_kwargs_starargs
[  FAILED  ] CallTreesTest.test_function_with_kwargs_starargs
[ RUN      ] CallTreesTest.test_function_with_kwargs_starargs_only
[  FAILED  ] CallTreesTest.test_function_with_kwargs_starargs_only
[ RUN      ] CallTreesTest.test_normal_function
[  FAILED  ] CallTreesTest.test_normal_function
[ RUN      ] CallTreesTest.test_object_method
[  FAILED  ] CallTreesTest.test_object_method
[ RUN      ] CallTreesTest.test_session
[  SKIPPED ] CallTreesTest.test_session
======================================================================
FAIL: test_class_method (__main__.CallTreesTest)
CallTreesTest.test_class_method
----------------------------------------------------------------------
Traceback (most recent call last):
  File "call_trees_test.py", line 287, in test_class_method
    self.assertListEqual(self.dynamic_calls, [((1,), None)])
AssertionError: Lists differ: [] != [((1,), None)]

Second list contains 1 additional elements.
First extra element 0:
((1,), None)

- []
+ [((1,), None)]

======================================================================
FAIL: test_function_chaining (__main__.CallTreesTest)
CallTreesTest.test_function_chaining
----------------------------------------------------------------------
Traceback (most recent call last):
  File "call_trees_test.py", line 131, in test_function_chaining
    ((20,), None),
AssertionError: Lists differ: [] != [((), None), ((20,), None)]

Second list contains 2 additional elements.
First extra element 0:
((), None)

- []
+ [((), None), ((20,), None)]

======================================================================
FAIL: test_function_with_call_in_argument (__main__.CallTreesTest)
CallTreesTest.test_function_with_call_in_argument
----------------------------------------------------------------------
Traceback (most recent call last):
  File "call_trees_test.py", line 95, in test_function_with_call_in_argument
    ((1,), None),
AssertionError: Lists differ: [] != [((), None), ((1,), None)]

Second list contains 2 additional elements.
First extra element 0:
((), None)

- []
+ [((), None), ((1,), None)]

======================================================================
FAIL: test_function_with_expression_in_argument (__main__.CallTreesTest)
CallTreesTest.test_function_with_expression_in_argument
----------------------------------------------------------------------
Traceback (most recent call last):
  File "call_trees_test.py", line 71, in test_function_with_expression_in_argument
    ((21,), None),
AssertionError: Lists differ: [] != [((), None), ((21,), None)]

Second list contains 2 additional elements.
First extra element 0:
((), None)

- []
+ [((), None), ((21,), None)]

======================================================================
FAIL: test_function_with_kwarg (__main__.CallTreesTest)
CallTreesTest.test_function_with_kwarg
----------------------------------------------------------------------
Traceback (most recent call last):
  File "call_trees_test.py", line 151, in test_function_with_kwarg
    self.assertListEqual(self.dynamic_calls, [((1,), {'c': 20})])
AssertionError: Lists differ: [] != [((1,), {'c': 20})]

Second list contains 1 additional elements.
First extra element 0:
((1,), {'c': 20})

- []
+ [((1,), {'c': 20})]

======================================================================
FAIL: test_function_with_kwargs_keywords (__main__.CallTreesTest)
CallTreesTest.test_function_with_kwargs_keywords
----------------------------------------------------------------------
Traceback (most recent call last):
  File "call_trees_test.py", line 225, in test_function_with_kwargs_keywords
    self.assertListEqual(self.dynamic_calls, [((1,), {'b': 2, 'c': 3})])
AssertionError: Lists differ: [] != [((1,), {'b': 2, 'c': 3})]

Second list contains 1 additional elements.
First extra element 0:
((1,), {'b': 2, 'c': 3})

- []
+ [((1,), {'b': 2, 'c': 3})]

======================================================================
FAIL: test_function_with_kwargs_starargs (__main__.CallTreesTest)
CallTreesTest.test_function_with_kwargs_starargs
----------------------------------------------------------------------
Traceback (most recent call last):
  File "call_trees_test.py", line 177, in test_function_with_kwargs_starargs
    self.assertListEqual(self.dynamic_calls, [((1, 2, 3), {'b': 4, 'c': 5})])
AssertionError: Lists differ: [] != [((1, 2, 3), {'b': 4, 'c': 5})]

Second list contains 1 additional elements.
First extra element 0:
((1, 2, 3), {'b': 4, 'c': 5})

- []
+ [((1, 2, 3), {'b': 4, 'c': 5})]

======================================================================
FAIL: test_function_with_kwargs_starargs_only (__main__.CallTreesTest)
CallTreesTest.test_function_with_kwargs_starargs_only
----------------------------------------------------------------------
Traceback (most recent call last):
  File "call_trees_test.py", line 205, in test_function_with_kwargs_starargs_only
    self.assertListEqual(self.dynamic_calls, [((1, 20, 300), None)])
AssertionError: Lists differ: [] != [((1, 20, 300), None)]

Second list contains 1 additional elements.
First extra element 0:
((1, 20, 300), None)

- []
+ [((1, 20, 300), None)]

======================================================================
FAIL: test_normal_function (__main__.CallTreesTest)
CallTreesTest.test_normal_function
----------------------------------------------------------------------
Traceback (most recent call last):
  File "call_trees_test.py", line 49, in test_normal_function
    self.assertListEqual(self.dynamic_calls, [((), None)])
AssertionError: Lists differ: [] != [((), None)]

Second list contains 1 additional elements.
First extra element 0:
((), None)

- []
+ [((), None)]

======================================================================
FAIL: test_object_method (__main__.CallTreesTest)
CallTreesTest.test_object_method
----------------------------------------------------------------------
Traceback (most recent call last):
  File "call_trees_test.py", line 319, in test_object_method
    self.assertListEqual(self.dynamic_calls, [((1,), None)])
AssertionError: Lists differ: [] != [((1,), None)]

Second list contains 1 additional elements.
First extra element 0:
((1,), None)

- []
+ [((1,), None)]

----------------------------------------------------------------------
Ran 12 tests in 1.486s

FAILED (failures=10, skipped=1)