2020-10-05 19:00:38.271646: I tensorflow/stream_executor/platform/default/dso_loader.cc:44] Successfully opened dynamic library cudart64_100.dll
Running tests under Python 3.6.12: C:\ProgramData\Anaconda3\envs\keras\python.exe
[ RUN      ] CallTreesTest.test_class_method
[  FAILED  ] CallTreesTest.test_class_method
[ RUN      ] CallTreesTest.test_debugger_set_trace
WARNING:tensorflow:Detected `pdb.set_trace()` in converted code. The code generated by AutoGraph is not optimized for step-by-step debugging. See https://github.com/tensorflow/tensorflow/blob/master/tensorflow/python/autograph/g3doc/reference/debugging.md.
W1005 19:00:43.257474   876 ag_logging.py:146] Detected `pdb.set_trace()` in converted code. The code generated by AutoGraph is not optimized for step-by-step debugging. See https://github.com/tensorflow/tensorflow/blob/master/tensorflow/python/autograph/g3doc/reference/debugging.md.
[       OK ] CallTreesTest.test_debugger_set_trace
[ RUN      ] CallTreesTest.test_function_chaining
[  FAILED  ] CallTreesTest.test_function_chaining
[ RUN      ] CallTreesTest.test_function_with_call_in_argument
[  FAILED  ] CallTreesTest.test_function_with_call_in_argument
[ RUN      ] CallTreesTest.test_function_with_expression_in_argument
[  FAILED  ] CallTreesTest.test_function_with_expression_in_argument
[ RUN      ] CallTreesTest.test_function_with_kwarg
[  FAILED  ] CallTreesTest.test_function_with_kwarg
[ RUN      ] CallTreesTest.test_function_with_kwargs_keywords
[  FAILED  ] CallTreesTest.test_function_with_kwargs_keywords
[ RUN      ] CallTreesTest.test_function_with_kwargs_starargs
[       OK ] CallTreesTest.test_function_with_kwargs_starargs
[ RUN      ] CallTreesTest.test_function_with_kwargs_starargs_only
[       OK ] CallTreesTest.test_function_with_kwargs_starargs_only
[ RUN      ] CallTreesTest.test_normal_function
[  FAILED  ] CallTreesTest.test_normal_function
[ RUN      ] CallTreesTest.test_object_method
[  FAILED  ] CallTreesTest.test_object_method
[ RUN      ] CallTreesTest.test_session
[  SKIPPED ] CallTreesTest.test_session
======================================================================
ERROR: test_class_method (__main__.CallTreesTest)
CallTreesTest.test_class_method
----------------------------------------------------------------------
Traceback (most recent call last):
  File "call_trees_test.py", line 285, in test_class_method
    self.assertEqual(321, result.test_method(tc, 1))
  File "C:\Users\mutation\AppData\Local\Temp\tmpey2onjqy.py", line 4, in test_method
    return test_method_scope.mark_return_value(ag__.converted_call(self.other_method, test_method_scope.callopts, None, test_method_scope) + 300)
TypeError: converted_call() missing 1 required positional argument: 'unused_function_ctx'

======================================================================
ERROR: test_function_chaining (__main__.CallTreesTest)
CallTreesTest.test_function_chaining
----------------------------------------------------------------------
Traceback (most recent call last):
  File "call_trees_test.py", line 123, in test_function_chaining
    self.assertEqual(result.test_fn(), 21)
  File "C:\Users\mutation\AppData\Local\Temp\tmpsw3m1fut.py", line 4, in test_fn
    return test_fn_scope.mark_return_value(ag__.converted_call(ag__.converted_call(get_one, test_fn_scope.callopts, None, test_fn_scope).__add__, test_fn_scope.callopts, None, test_fn_scope))
TypeError: converted_call() missing 1 required positional argument: 'unused_function_ctx'

======================================================================
ERROR: test_function_with_call_in_argument (__main__.CallTreesTest)
CallTreesTest.test_function_with_call_in_argument
----------------------------------------------------------------------
Traceback (most recent call last):
  File "call_trees_test.py", line 89, in test_function_with_call_in_argument
    self.assertEqual(result.test_fn(lambda x: x + 20, lambda: 1), 321)
  File "C:\Users\mutation\AppData\Local\Temp\tmpdxxhjb25.py", line 4, in test_fn
    return test_fn_scope.mark_return_value(ag__.converted_call(f, test_fn_scope.callopts, None, test_fn_scope) + 300)
TypeError: converted_call() missing 1 required positional argument: 'unused_function_ctx'

======================================================================
ERROR: test_function_with_expression_in_argument (__main__.CallTreesTest)
CallTreesTest.test_function_with_expression_in_argument
----------------------------------------------------------------------
Traceback (most recent call last):
  File "call_trees_test.py", line 65, in test_function_with_expression_in_argument
    self.assertEqual(result.test_fn(lambda x: x + 300, lambda: 1), 4321)
  File "C:\Users\mutation\AppData\Local\Temp\tmpaphyj90e.py", line 4, in test_fn
    return test_fn_scope.mark_return_value(ag__.converted_call(f, test_fn_scope.callopts, None, test_fn_scope) + 4000)
TypeError: converted_call() missing 1 required positional argument: 'unused_function_ctx'

======================================================================
ERROR: test_function_with_kwarg (__main__.CallTreesTest)
CallTreesTest.test_function_with_kwarg
----------------------------------------------------------------------
Traceback (most recent call last):
  File "call_trees_test.py", line 149, in test_function_with_kwarg
    self.assertEqual(result.test_fn(lambda a, c: a + c, 1, 20), 321)
  File "C:\Users\mutation\AppData\Local\Temp\tmp2776lwww.py", line 4, in test_fn
    return test_fn_scope.mark_return_value(ag__.converted_call(f, test_fn_scope.callopts, {'c': b}, test_fn_scope) + 300)
TypeError: converted_call() missing 1 required positional argument: 'unused_function_ctx'

======================================================================
ERROR: test_function_with_kwargs_keywords (__main__.CallTreesTest)
CallTreesTest.test_function_with_kwargs_keywords
----------------------------------------------------------------------
Traceback (most recent call last):
  File "call_trees_test.py", line 223, in test_function_with_kwargs_keywords
    result.test_fn(lambda *args, **kwargs: 7, 1, 2, **{'c': 3}), 12)
  File "C:\Users\mutation\AppData\Local\Temp\tmprea17ujc.py", line 4, in test_fn
    return test_fn_scope.mark_return_value(ag__.converted_call(f, test_fn_scope.callopts, dict(kwargs, **{'b': b}), test_fn_scope) + 5)
TypeError: converted_call() missing 1 required positional argument: 'unused_function_ctx'

======================================================================
ERROR: test_normal_function (__main__.CallTreesTest)
CallTreesTest.test_normal_function
----------------------------------------------------------------------
Traceback (most recent call last):
  File "call_trees_test.py", line 47, in test_normal_function
    self.assertEqual(result.test_fn(lambda: 1), 21)
  File "C:\Users\mutation\AppData\Local\Temp\tmp8e0q6k4a.py", line 4, in test_fn
    return test_fn_scope.mark_return_value(ag__.converted_call(f, test_fn_scope.callopts, None, test_fn_scope) + 20)
TypeError: converted_call() missing 1 required positional argument: 'unused_function_ctx'

======================================================================
ERROR: test_object_method (__main__.CallTreesTest)
CallTreesTest.test_object_method
----------------------------------------------------------------------
Traceback (most recent call last):
  File "call_trees_test.py", line 317, in test_object_method
    self.assertEqual(321, result.test_method(tc, 1))
  File "C:\Users\mutation\AppData\Local\Temp\tmpnmnag6rh.py", line 4, in test_method
    return test_method_scope.mark_return_value(ag__.converted_call(self.other_method, test_method_scope.callopts, None, test_method_scope) + 300)
TypeError: converted_call() missing 1 required positional argument: 'unused_function_ctx'

----------------------------------------------------------------------
Ran 12 tests in 1.468s

FAILED (errors=8, skipped=1)