2020-10-05 18:59:31.507385: I tensorflow/stream_executor/platform/default/dso_loader.cc:44] Successfully opened dynamic library cudart64_100.dll
Running tests under Python 3.6.12: C:\ProgramData\Anaconda3\envs\keras\python.exe
[ RUN      ] CallTreesTest.test_class_method
[  FAILED  ] CallTreesTest.test_class_method
[ RUN      ] CallTreesTest.test_debugger_set_trace
WARNING:tensorflow:Detected `pdb.set_trace()` in converted code. The code generated by AutoGraph is not optimized for step-by-step debugging. See https://github.com/tensorflow/tensorflow/blob/master/tensorflow/python/autograph/g3doc/reference/debugging.md.
W1005 18:59:35.460360 15020 ag_logging.py:146] Detected `pdb.set_trace()` in converted code. The code generated by AutoGraph is not optimized for step-by-step debugging. See https://github.com/tensorflow/tensorflow/blob/master/tensorflow/python/autograph/g3doc/reference/debugging.md.
[       OK ] CallTreesTest.test_debugger_set_trace
[ RUN      ] CallTreesTest.test_function_chaining
[  FAILED  ] CallTreesTest.test_function_chaining
[ RUN      ] CallTreesTest.test_function_with_call_in_argument
[  FAILED  ] CallTreesTest.test_function_with_call_in_argument
[ RUN      ] CallTreesTest.test_function_with_expression_in_argument
[  FAILED  ] CallTreesTest.test_function_with_expression_in_argument
[ RUN      ] CallTreesTest.test_function_with_kwarg
[  FAILED  ] CallTreesTest.test_function_with_kwarg
[ RUN      ] CallTreesTest.test_function_with_kwargs_keywords
[  FAILED  ] CallTreesTest.test_function_with_kwargs_keywords
[ RUN      ] CallTreesTest.test_function_with_kwargs_starargs
[  FAILED  ] CallTreesTest.test_function_with_kwargs_starargs
[ RUN      ] CallTreesTest.test_function_with_kwargs_starargs_only
[  FAILED  ] CallTreesTest.test_function_with_kwargs_starargs_only
[ RUN      ] CallTreesTest.test_normal_function
[  FAILED  ] CallTreesTest.test_normal_function
[ RUN      ] CallTreesTest.test_object_method
[  FAILED  ] CallTreesTest.test_object_method
[ RUN      ] CallTreesTest.test_session
[  SKIPPED ] CallTreesTest.test_session
======================================================================
ERROR: test_class_method (__main__.CallTreesTest)
CallTreesTest.test_class_method
----------------------------------------------------------------------
Traceback (most recent call last):
  File "call_trees_test.py", line 285, in test_class_method
    self.assertEqual(321, result.test_method(tc, 1))
  File "C:\Users\mutation\AppData\Local\Temp\tmps50k9nt6.py", line 4, in test_method
    return test_method_scope.mark_return_value(ag__.converted_call(test_method_scope.callopts, (a,), None, test_method_scope) + 300)
TypeError: converted_call() missing 1 required positional argument: 'unused_function_ctx'

======================================================================
ERROR: test_function_chaining (__main__.CallTreesTest)
CallTreesTest.test_function_chaining
----------------------------------------------------------------------
Traceback (most recent call last):
  File "call_trees_test.py", line 123, in test_function_chaining
    self.assertEqual(result.test_fn(), 21)
  File "C:\Users\mutation\AppData\Local\Temp\tmpr7z_tmhm.py", line 4, in test_fn
    return test_fn_scope.mark_return_value(ag__.converted_call(test_fn_scope.callopts, (20,), None, test_fn_scope))
TypeError: converted_call() missing 1 required positional argument: 'unused_function_ctx'

======================================================================
ERROR: test_function_with_call_in_argument (__main__.CallTreesTest)
CallTreesTest.test_function_with_call_in_argument
----------------------------------------------------------------------
Traceback (most recent call last):
  File "call_trees_test.py", line 89, in test_function_with_call_in_argument
    self.assertEqual(result.test_fn(lambda x: x + 20, lambda: 1), 321)
  File "C:\Users\mutation\AppData\Local\Temp\tmpx5ggh2ba.py", line 4, in test_fn
    return test_fn_scope.mark_return_value(ag__.converted_call(test_fn_scope.callopts, (ag__.converted_call(test_fn_scope.callopts, (), None, test_fn_scope),), None, test_fn_scope) + 300)
TypeError: converted_call() missing 1 required positional argument: 'unused_function_ctx'

======================================================================
ERROR: test_function_with_expression_in_argument (__main__.CallTreesTest)
CallTreesTest.test_function_with_expression_in_argument
----------------------------------------------------------------------
Traceback (most recent call last):
  File "call_trees_test.py", line 65, in test_function_with_expression_in_argument
    self.assertEqual(result.test_fn(lambda x: x + 300, lambda: 1), 4321)
  File "C:\Users\mutation\AppData\Local\Temp\tmpjze7u1pj.py", line 4, in test_fn
    return test_fn_scope.mark_return_value(ag__.converted_call(test_fn_scope.callopts, (ag__.converted_call(test_fn_scope.callopts, (), None, test_fn_scope) + 20,), None, test_fn_scope) + 4000)
TypeError: converted_call() missing 1 required positional argument: 'unused_function_ctx'

======================================================================
ERROR: test_function_with_kwarg (__main__.CallTreesTest)
CallTreesTest.test_function_with_kwarg
----------------------------------------------------------------------
Traceback (most recent call last):
  File "call_trees_test.py", line 149, in test_function_with_kwarg
    self.assertEqual(result.test_fn(lambda a, c: a + c, 1, 20), 321)
  File "C:\Users\mutation\AppData\Local\Temp\tmpxgwlj2u6.py", line 4, in test_fn
    return test_fn_scope.mark_return_value(ag__.converted_call(test_fn_scope.callopts, (a,), {'c': b}, test_fn_scope) + 300)
TypeError: converted_call() missing 1 required positional argument: 'unused_function_ctx'

======================================================================
ERROR: test_function_with_kwargs_keywords (__main__.CallTreesTest)
CallTreesTest.test_function_with_kwargs_keywords
----------------------------------------------------------------------
Traceback (most recent call last):
  File "call_trees_test.py", line 223, in test_function_with_kwargs_keywords
    result.test_fn(lambda *args, **kwargs: 7, 1, 2, **{'c': 3}), 12)
  File "C:\Users\mutation\AppData\Local\Temp\tmp0o13y4qq.py", line 4, in test_fn
    return test_fn_scope.mark_return_value(ag__.converted_call(test_fn_scope.callopts, (a,), dict(kwargs, **{'b': b}), test_fn_scope) + 5)
TypeError: converted_call() missing 1 required positional argument: 'unused_function_ctx'

======================================================================
ERROR: test_function_with_kwargs_starargs (__main__.CallTreesTest)
CallTreesTest.test_function_with_kwargs_starargs
----------------------------------------------------------------------
Traceback (most recent call last):
  File "call_trees_test.py", line 173, in test_function_with_kwargs_starargs
    'c': 5
  File "C:\Users\mutation\AppData\Local\Temp\tmp4z92slox.py", line 4, in test_fn
    return test_fn_scope.mark_return_value(ag__.converted_call(test_fn_scope.callopts, (a,) + tuple(args), dict(kwargs, **{}), test_fn_scope) + 5)
TypeError: converted_call() missing 1 required positional argument: 'unused_function_ctx'

======================================================================
ERROR: test_function_with_kwargs_starargs_only (__main__.CallTreesTest)
CallTreesTest.test_function_with_kwargs_starargs_only
----------------------------------------------------------------------
Traceback (most recent call last):
  File "call_trees_test.py", line 203, in test_function_with_kwargs_starargs_only
    self.assertEqual(result.test_fn(), 4321)
  File "C:\Users\mutation\AppData\Local\Temp\tmpg5vy5lk6.py", line 5, in test_fn
    return test_fn_scope.mark_return_value(ag__.converted_call(test_fn_scope.callopts, () + tuple(args), None, test_fn_scope) + 4000)
TypeError: converted_call() missing 1 required positional argument: 'unused_function_ctx'

======================================================================
ERROR: test_normal_function (__main__.CallTreesTest)
CallTreesTest.test_normal_function
----------------------------------------------------------------------
Traceback (most recent call last):
  File "call_trees_test.py", line 47, in test_normal_function
    self.assertEqual(result.test_fn(lambda: 1), 21)
  File "C:\Users\mutation\AppData\Local\Temp\tmp3ncmy11x.py", line 4, in test_fn
    return test_fn_scope.mark_return_value(ag__.converted_call(test_fn_scope.callopts, (), None, test_fn_scope) + 20)
TypeError: converted_call() missing 1 required positional argument: 'unused_function_ctx'

======================================================================
ERROR: test_object_method (__main__.CallTreesTest)
CallTreesTest.test_object_method
----------------------------------------------------------------------
Traceback (most recent call last):
  File "call_trees_test.py", line 317, in test_object_method
    self.assertEqual(321, result.test_method(tc, 1))
  File "C:\Users\mutation\AppData\Local\Temp\tmp6bbsm91a.py", line 4, in test_method
    return test_method_scope.mark_return_value(ag__.converted_call(test_method_scope.callopts, (a,), None, test_method_scope) + 300)
TypeError: converted_call() missing 1 required positional argument: 'unused_function_ctx'

----------------------------------------------------------------------
Ran 12 tests in 1.359s

FAILED (errors=10, skipped=1)