2020-10-03 15:14:05.742109: I tensorflow/stream_executor/platform/default/dso_loader.cc:44] Successfully opened dynamic library cudart64_100.dll
============================= test session starts =============================
platform win32 -- Python 3.6.12, pytest-6.0.2, py-1.9.0, pluggy-0.13.1
rootdir: C:\Users\mutation\Desktop\testcase\tests\keras\layers
plugins: flaky-3.7.0
collected 15 items

core_test.py F..............                                             [100%]

================================== FAILURES ===================================
________________________________ test_masking _________________________________

    def test_masking():
        layer_test(layers.Masking,
                   kwargs={},
>                  input_shape=(3, 2, 3))

core_test.py:18: 
_ _ _ _ _ _ _ _ _ _ _ _ _ _ _ _ _ _ _ _ _ _ _ _ _ _ _ _ _ _ _ _ _ _ _ _ _ _ _ _
C:\ProgramData\Anaconda3\envs\keras\lib\site-packages\keras\utils\test_utils.py:111: in layer_test
    model_config = model.get_config()
C:\ProgramData\Anaconda3\envs\keras\lib\site-packages\keras\engine\network.py:879: in get_config
    layer_config = layer.get_config()
_ _ _ _ _ _ _ _ _ _ _ _ _ _ _ _ _ _ _ _ _ _ _ _ _ _ _ _ _ _ _ _ _ _ _ _ _ _ _ _

self = <keras.layers.core.Masking object at 0x0000022FF5D53208>

    def get_config(self):
        config = {'mask_value': self.mask_value}
        base_config = None
>       return dict(list(base_config.items()) + list(config.items()))
E       AttributeError: 'NoneType' object has no attribute 'items'

C:\ProgramData\Anaconda3\envs\keras\lib\site-packages\keras\layers\core.py:75: AttributeError
---------------------------- Captured stderr call -----------------------------
2020-10-03 15:14:08.673861: I tensorflow/stream_executor/platform/default/dso_loader.cc:44] Successfully opened dynamic library nvcuda.dll
2020-10-03 15:14:08.793895: I tensorflow/core/common_runtime/gpu/gpu_device.cc:1618] Found device 0 with properties: 
name: GeForce RTX 2080 Ti major: 7 minor: 5 memoryClockRate(GHz): 1.65
pciBusID: 0000:73:00.0
2020-10-03 15:14:08.795613: I tensorflow/stream_executor/platform/default/dso_loader.cc:44] Successfully opened dynamic library cudart64_100.dll
2020-10-03 15:14:08.799907: I tensorflow/stream_executor/platform/default/dso_loader.cc:44] Successfully opened dynamic library cublas64_100.dll
2020-10-03 15:14:08.804814: I tensorflow/stream_executor/platform/default/dso_loader.cc:44] Successfully opened dynamic library cufft64_100.dll
2020-10-03 15:14:08.806701: I tensorflow/stream_executor/platform/default/dso_loader.cc:44] Successfully opened dynamic library curand64_100.dll
2020-10-03 15:14:08.811469: I tensorflow/stream_executor/platform/default/dso_loader.cc:44] Successfully opened dynamic library cusolver64_100.dll
2020-10-03 15:14:08.814588: I tensorflow/stream_executor/platform/default/dso_loader.cc:44] Successfully opened dynamic library cusparse64_100.dll
2020-10-03 15:14:08.823814: I tensorflow/stream_executor/platform/default/dso_loader.cc:44] Successfully opened dynamic library cudnn64_7.dll
2020-10-03 15:14:08.824800: I tensorflow/core/common_runtime/gpu/gpu_device.cc:1746] Adding visible gpu devices: 0
2020-10-03 15:14:08.825415: I tensorflow/core/platform/cpu_feature_guard.cc:142] Your CPU supports instructions that this TensorFlow binary was not compiled to use: AVX2
2020-10-03 15:14:08.839823: I tensorflow/core/common_runtime/gpu/gpu_device.cc:1618] Found device 0 with properties: 
name: GeForce RTX 2080 Ti major: 7 minor: 5 memoryClockRate(GHz): 1.65
pciBusID: 0000:73:00.0
2020-10-03 15:14:08.840384: I tensorflow/stream_executor/platform/default/dso_loader.cc:44] Successfully opened dynamic library cudart64_100.dll
2020-10-03 15:14:08.840742: I tensorflow/stream_executor/platform/default/dso_loader.cc:44] Successfully opened dynamic library cublas64_100.dll
2020-10-03 15:14:08.841097: I tensorflow/stream_executor/platform/default/dso_loader.cc:44] Successfully opened dynamic library cufft64_100.dll
2020-10-03 15:14:08.841441: I tensorflow/stream_executor/platform/default/dso_loader.cc:44] Successfully opened dynamic library curand64_100.dll
2020-10-03 15:14:08.841791: I tensorflow/stream_executor/platform/default/dso_loader.cc:44] Successfully opened dynamic library cusolver64_100.dll
2020-10-03 15:14:08.842140: I tensorflow/stream_executor/platform/default/dso_loader.cc:44] Successfully opened dynamic library cusparse64_100.dll
2020-10-03 15:14:08.842488: I tensorflow/stream_executor/platform/default/dso_loader.cc:44] Successfully opened dynamic library cudnn64_7.dll
2020-10-03 15:14:08.843344: I tensorflow/core/common_runtime/gpu/gpu_device.cc:1746] Adding visible gpu devices: 0
2020-10-03 15:14:09.826676: I tensorflow/core/common_runtime/gpu/gpu_device.cc:1159] Device interconnect StreamExecutor with strength 1 edge matrix:
2020-10-03 15:14:09.827094: I tensorflow/core/common_runtime/gpu/gpu_device.cc:1165]      0 
2020-10-03 15:14:09.827316: I tensorflow/core/common_runtime/gpu/gpu_device.cc:1178] 0:   N 
2020-10-03 15:14:09.828222: I tensorflow/core/common_runtime/gpu/gpu_device.cc:1304] Created TensorFlow device (/job:localhost/replica:0/task:0/device:GPU:0 with 8686 MB memory) -> physical GPU (device: 0, name: GeForce RTX 2080 Ti, pci bus id: 0000:73:00.0, compute capability: 7.5)
Using TensorFlow backend.
WARNING:tensorflow:From C:\ProgramData\Anaconda3\envs\keras\lib\site-packages\keras\backend\tensorflow_backend.py:422: The name tf.global_variables is deprecated. Please use tf.compat.v1.global_variables instead.

------------------------------ Captured log call ------------------------------
WARNING  tensorflow:module_wrapper.py:139 From C:\ProgramData\Anaconda3\envs\keras\lib\site-packages\keras\backend\tensorflow_backend.py:422: The name tf.global_variables is deprecated. Please use tf.compat.v1.global_variables instead.
=========================== short test summary info ===========================
FAILED core_test.py::test_masking - AttributeError: 'NoneType' object has no ...
======================== 1 failed, 14 passed in 6.79s =========================
