E........C:\ProgramData\Anaconda3\envs\keras\lib\site-packages\theano\tensor\sort.py:293: FutureWarning: Using a non-tuple sequence for multidimensional indexing is deprecated; use `arr[tuple(seq)]` instead of `arr[seq]`. In the future this will be interpreted as an array index, `arr[np.array(seq)]`, which will result either in an error or a different result.
  zi = np.argpartition(x, -k, axis=axis)[idx]
....................................................................................................................................................................................................................................................................................................................................................................................................................C:\ProgramData\Anaconda3\envs\keras\lib\site-packages\theano\tensor\sort.py:285: FutureWarning: Using a non-tuple sequence for multidimensional indexing is deprecated; use `arr[tuple(seq)]` instead of `arr[seq]`. In the future this will be interpreted as an array index, `arr[np.array(seq)]`, which will result either in an error or a different result.
  zi = np.argpartition(x, -k, axis=axis)[idx]
...........................................................................................................................................................................................................................................................................................................................................C:\ProgramData\Anaconda3\envs\keras\lib\site-packages\theano\tensor\sort.py:282: FutureWarning: Using a non-tuple sequence for multidimensional indexing is deprecated; use `arr[tuple(seq)]` instead of `arr[seq]`. In the future this will be interpreted as an array index, `arr[np.array(seq)]`, which will result either in an error or a different result.
  zv = np.partition(x, -k, axis=axis)[idx]
C:\ProgramData\Anaconda3\envs\keras\lib\site-packages\theano\tensor\sort.py:285: FutureWarning: Using a non-tuple sequence for multidimensional indexing is deprecated; use `arr[tuple(seq)]` instead of `arr[seq]`. In the future this will be interpreted as an array index, `arr[np.array(seq)]`, which will result either in an error or a different result.
  zi = np.argpartition(x, -k, axis=axis)[idx]
......C:\ProgramData\Anaconda3\envs\keras\lib\site-packages\theano\tensor\sort.py:282: FutureWarning: Using a non-tuple sequence for multidimensional indexing is deprecated; use `arr[tuple(seq)]` instead of `arr[seq]`. In the future this will be interpreted as an array index, `arr[np.array(seq)]`, which will result either in an error or a different result.
  zv = np.partition(x, -k, axis=axis)[idx]
C:\ProgramData\Anaconda3\envs\keras\lib\site-packages\theano\tensor\sort.py:285: FutureWarning: Using a non-tuple sequence for multidimensional indexing is deprecated; use `arr[tuple(seq)]` instead of `arr[seq]`. In the future this will be interpreted as an array index, `arr[np.array(seq)]`, which will result either in an error or a different result.
  zi = np.argpartition(x, -k, axis=axis)[idx]
......C:\ProgramData\Anaconda3\envs\keras\lib\site-packages\theano\tensor\sort.py:282: FutureWarning: Using a non-tuple sequence for multidimensional indexing is deprecated; use `arr[tuple(seq)]` instead of `arr[seq]`. In the future this will be interpreted as an array index, `arr[np.array(seq)]`, which will result either in an error or a different result.
  zv = np.partition(x, -k, axis=axis)[idx]
C:\ProgramData\Anaconda3\envs\keras\lib\site-packages\theano\tensor\sort.py:285: FutureWarning: Using a non-tuple sequence for multidimensional indexing is deprecated; use `arr[tuple(seq)]` instead of `arr[seq]`. In the future this will be interpreted as an array index, `arr[np.array(seq)]`, which will result either in an error or a different result.
  zi = np.argpartition(x, -k, axis=axis)[idx]
......C:\ProgramData\Anaconda3\envs\keras\lib\site-packages\theano\tensor\sort.py:282: FutureWarning: Using a non-tuple sequence for multidimensional indexing is deprecated; use `arr[tuple(seq)]` instead of `arr[seq]`. In the future this will be interpreted as an array index, `arr[np.array(seq)]`, which will result either in an error or a different result.
  zv = np.partition(x, -k, axis=axis)[idx]
C:\ProgramData\Anaconda3\envs\keras\lib\site-packages\theano\tensor\sort.py:285: FutureWarning: Using a non-tuple sequence for multidimensional indexing is deprecated; use `arr[tuple(seq)]` instead of `arr[seq]`. In the future this will be interpreted as an array index, `arr[np.array(seq)]`, which will result either in an error or a different result.
  zi = np.argpartition(x, -k, axis=axis)[idx]
..........................................................................................................................EEE..EEEEEEEEE.C:\ProgramData\Anaconda3\envs\keras\lib\site-packages\theano\tensor\sort.py:285: FutureWarning: Using a non-tuple sequence for multidimensional indexing is deprecated; use `arr[tuple(seq)]` instead of `arr[seq]`. In the future this will be interpreted as an array index, `arr[np.array(seq)]`, which will result either in an error or a different result.
  zi = np.argpartition(x, -k, axis=axis)[idx]
........C:\ProgramData\Anaconda3\envs\keras\lib\site-packages\theano\tensor\sort.py:285: FutureWarning: Using a non-tuple sequence for multidimensional indexing is deprecated; use `arr[tuple(seq)]` instead of `arr[seq]`. In the future this will be interpreted as an array index, `arr[np.array(seq)]`, which will result either in an error or a different result.
  zi = np.argpartition(x, -k, axis=axis)[idx]
....C:\ProgramData\Anaconda3\envs\keras\lib\site-packages\theano\tensor\sort.py:285: FutureWarning: Using a non-tuple sequence for multidimensional indexing is deprecated; use `arr[tuple(seq)]` instead of `arr[seq]`. In the future this will be interpreted as an array index, `arr[np.array(seq)]`, which will result either in an error or a different result.
  zi = np.argpartition(x, -k, axis=axis)[idx]
....C:\ProgramData\Anaconda3\envs\keras\lib\site-packages\theano\tensor\sort.py:285: FutureWarning: Using a non-tuple sequence for multidimensional indexing is deprecated; use `arr[tuple(seq)]` instead of `arr[seq]`. In the future this will be interpreted as an array index, `arr[np.array(seq)]`, which will result either in an error or a different result.
  zi = np.argpartition(x, -k, axis=axis)[idx]
...
======================================================================
ERROR: test_sort (test_sort.SortInferShapeTester)
----------------------------------------------------------------------
Traceback (most recent call last):
  File "C:\ProgramData\Anaconda3\envs\keras\lib\site-packages\theano\compile\function_module.py", line 903, in __call__
    self.fn() if output_subset is None else\
  File "C:\ProgramData\Anaconda3\envs\keras\lib\site-packages\theano\gof\op.py", line 892, in rval
    r = p(n, [x[0] for x in i], o)
  File "C:\ProgramData\Anaconda3\envs\keras\lib\site-packages\theano\tensor\sort.py", line 53, in perform
    z[0] = np.sort(a, axis, self.kind, self.order)
  File "<__array_function__ internals>", line 6, in sort
  File "C:\ProgramData\Anaconda3\envs\keras\lib\site-packages\numpy\core\fromnumeric.py", line 989, in sort
    a.sort(axis=axis, kind=kind, order=order)
ValueError: XXquicksortXX is an unrecognized kind of sort

During handling of the above exception, another exception occurred:

Traceback (most recent call last):
  File "C:\Users\mutation\Desktop\theano-testcase\tests\test_sort.py", line 153, in test_sort
    SortOp)
  File "C:\ProgramData\Anaconda3\envs\keras\lib\site-packages\theano\tests\unittest_tools.py", line 271, in _compile_and_check
    numeric_outputs = outputs_function(*numeric_inputs)
  File "C:\ProgramData\Anaconda3\envs\keras\lib\site-packages\theano\compile\function_module.py", line 917, in __call__
    storage_map=getattr(self.fn, 'storage_map', None))
  File "C:\ProgramData\Anaconda3\envs\keras\lib\site-packages\theano\gof\link.py", line 325, in raise_with_op
    reraise(exc_type, exc_value, exc_trace)
  File "C:\ProgramData\Anaconda3\envs\keras\lib\site-packages\six.py", line 702, in reraise
    raise value.with_traceback(tb)
  File "C:\ProgramData\Anaconda3\envs\keras\lib\site-packages\theano\compile\function_module.py", line 903, in __call__
    self.fn() if output_subset is None else\
  File "C:\ProgramData\Anaconda3\envs\keras\lib\site-packages\theano\gof\op.py", line 892, in rval
    r = p(n, [x[0] for x in i], o)
  File "C:\ProgramData\Anaconda3\envs\keras\lib\site-packages\theano\tensor\sort.py", line 53, in perform
    z[0] = np.sort(a, axis, self.kind, self.order)
  File "<__array_function__ internals>", line 6, in sort
  File "C:\ProgramData\Anaconda3\envs\keras\lib\site-packages\numpy\core\fromnumeric.py", line 989, in sort
    a.sort(axis=axis, kind=kind, order=order)
ValueError: XXquicksortXX is an unrecognized kind of sort
Apply node that caused the error: SortOp{XXquicksortXX, None}(<TensorType(float64, matrix)>, TensorConstant{-1})
Toposort index: 0
Inputs types: [TensorType(float64, matrix), TensorType(int8, scalar)]
Inputs shapes: [(10, 40), ()]
Inputs strides: [(320, 8), ()]
Inputs values: ['not shown', array(-1, dtype=int8)]
Outputs clients: [['output']]

Backtrace when the node is created(use Theano flag traceback.limit=N to make it longer):
  File "C:\ProgramData\Anaconda3\envs\keras\lib\unittest\suite.py", line 122, in run
    test(result)
  File "C:\ProgramData\Anaconda3\envs\keras\lib\unittest\suite.py", line 84, in __call__
    return self.run(*args, **kwds)
  File "C:\ProgramData\Anaconda3\envs\keras\lib\unittest\suite.py", line 122, in run
    test(result)
  File "C:\ProgramData\Anaconda3\envs\keras\lib\unittest\suite.py", line 84, in __call__
    return self.run(*args, **kwds)
  File "C:\ProgramData\Anaconda3\envs\keras\lib\unittest\suite.py", line 122, in run
    test(result)
  File "C:\ProgramData\Anaconda3\envs\keras\lib\unittest\case.py", line 653, in __call__
    return self.run(*args, **kwds)
  File "C:\ProgramData\Anaconda3\envs\keras\lib\unittest\case.py", line 605, in run
    testMethod()
  File "C:\Users\mutation\Desktop\theano-testcase\tests\test_sort.py", line 151, in test_sort
    [sort(x)],

HINT: Use the Theano flag 'exception_verbosity=high' for a debugprint and storage map footprint of this apply node.

======================================================================
ERROR: test1 (test_sort.Test_sort)
----------------------------------------------------------------------
Traceback (most recent call last):
  File "C:\ProgramData\Anaconda3\envs\keras\lib\site-packages\theano\compile\function_module.py", line 903, in __call__
    self.fn() if output_subset is None else\
  File "C:\ProgramData\Anaconda3\envs\keras\lib\site-packages\theano\gof\op.py", line 892, in rval
    r = p(n, [x[0] for x in i], o)
  File "C:\ProgramData\Anaconda3\envs\keras\lib\site-packages\theano\tensor\sort.py", line 53, in perform
    z[0] = np.sort(a, axis, self.kind, self.order)
  File "<__array_function__ internals>", line 6, in sort
  File "C:\ProgramData\Anaconda3\envs\keras\lib\site-packages\numpy\core\fromnumeric.py", line 989, in sort
    a.sort(axis=axis, kind=kind, order=order)
ValueError: XXquicksortXX is an unrecognized kind of sort

During handling of the above exception, another exception occurred:

Traceback (most recent call last):
  File "C:\Users\mutation\Desktop\theano-testcase\tests\test_sort.py", line 36, in test1
    utt.assert_allclose(f(self.m_val), np.sort(self.m_val))
  File "C:\ProgramData\Anaconda3\envs\keras\lib\site-packages\theano\compile\function_module.py", line 917, in __call__
    storage_map=getattr(self.fn, 'storage_map', None))
  File "C:\ProgramData\Anaconda3\envs\keras\lib\site-packages\theano\gof\link.py", line 325, in raise_with_op
    reraise(exc_type, exc_value, exc_trace)
  File "C:\ProgramData\Anaconda3\envs\keras\lib\site-packages\six.py", line 702, in reraise
    raise value.with_traceback(tb)
  File "C:\ProgramData\Anaconda3\envs\keras\lib\site-packages\theano\compile\function_module.py", line 903, in __call__
    self.fn() if output_subset is None else\
  File "C:\ProgramData\Anaconda3\envs\keras\lib\site-packages\theano\gof\op.py", line 892, in rval
    r = p(n, [x[0] for x in i], o)
  File "C:\ProgramData\Anaconda3\envs\keras\lib\site-packages\theano\tensor\sort.py", line 53, in perform
    z[0] = np.sort(a, axis, self.kind, self.order)
  File "<__array_function__ internals>", line 6, in sort
  File "C:\ProgramData\Anaconda3\envs\keras\lib\site-packages\numpy\core\fromnumeric.py", line 989, in sort
    a.sort(axis=axis, kind=kind, order=order)
ValueError: XXquicksortXX is an unrecognized kind of sort
Apply node that caused the error: SortOp{XXquicksortXX, None}(<TensorType(float64, matrix)>, TensorConstant{-1})
Toposort index: 0
Inputs types: [TensorType(float64, matrix), TensorType(int8, scalar)]
Inputs shapes: [(3, 2), ()]
Inputs strides: [(16, 8), ()]
Inputs values: ['not shown', array(-1, dtype=int8)]
Outputs clients: [['output']]

Backtrace when the node is created(use Theano flag traceback.limit=N to make it longer):
  File "C:\ProgramData\Anaconda3\envs\keras\lib\unittest\suite.py", line 122, in run
    test(result)
  File "C:\ProgramData\Anaconda3\envs\keras\lib\unittest\suite.py", line 84, in __call__
    return self.run(*args, **kwds)
  File "C:\ProgramData\Anaconda3\envs\keras\lib\unittest\suite.py", line 122, in run
    test(result)
  File "C:\ProgramData\Anaconda3\envs\keras\lib\unittest\suite.py", line 84, in __call__
    return self.run(*args, **kwds)
  File "C:\ProgramData\Anaconda3\envs\keras\lib\unittest\suite.py", line 122, in run
    test(result)
  File "C:\ProgramData\Anaconda3\envs\keras\lib\unittest\case.py", line 653, in __call__
    return self.run(*args, **kwds)
  File "C:\ProgramData\Anaconda3\envs\keras\lib\unittest\case.py", line 605, in run
    testMethod()
  File "C:\Users\mutation\Desktop\theano-testcase\tests\test_sort.py", line 34, in test1
    w = sort(a)

HINT: Use the Theano flag 'exception_verbosity=high' for a debugprint and storage map footprint of this apply node.

======================================================================
ERROR: test2 (test_sort.Test_sort)
----------------------------------------------------------------------
Traceback (most recent call last):
  File "C:\ProgramData\Anaconda3\envs\keras\lib\site-packages\theano\compile\function_module.py", line 903, in __call__
    self.fn() if output_subset is None else\
  File "C:\ProgramData\Anaconda3\envs\keras\lib\site-packages\theano\gof\op.py", line 892, in rval
    r = p(n, [x[0] for x in i], o)
  File "C:\ProgramData\Anaconda3\envs\keras\lib\site-packages\theano\tensor\sort.py", line 53, in perform
    z[0] = np.sort(a, axis, self.kind, self.order)
  File "<__array_function__ internals>", line 6, in sort
  File "C:\ProgramData\Anaconda3\envs\keras\lib\site-packages\numpy\core\fromnumeric.py", line 989, in sort
    a.sort(axis=axis, kind=kind, order=order)
ValueError: XXquicksortXX is an unrecognized kind of sort

During handling of the above exception, another exception occurred:

Traceback (most recent call last):
  File "C:\Users\mutation\Desktop\theano-testcase\tests\test_sort.py", line 44, in test2
    gv = f(self.m_val, axis_val)
  File "C:\ProgramData\Anaconda3\envs\keras\lib\site-packages\theano\compile\function_module.py", line 917, in __call__
    storage_map=getattr(self.fn, 'storage_map', None))
  File "C:\ProgramData\Anaconda3\envs\keras\lib\site-packages\theano\gof\link.py", line 325, in raise_with_op
    reraise(exc_type, exc_value, exc_trace)
  File "C:\ProgramData\Anaconda3\envs\keras\lib\site-packages\six.py", line 702, in reraise
    raise value.with_traceback(tb)
  File "C:\ProgramData\Anaconda3\envs\keras\lib\site-packages\theano\compile\function_module.py", line 903, in __call__
    self.fn() if output_subset is None else\
  File "C:\ProgramData\Anaconda3\envs\keras\lib\site-packages\theano\gof\op.py", line 892, in rval
    r = p(n, [x[0] for x in i], o)
  File "C:\ProgramData\Anaconda3\envs\keras\lib\site-packages\theano\tensor\sort.py", line 53, in perform
    z[0] = np.sort(a, axis, self.kind, self.order)
  File "<__array_function__ internals>", line 6, in sort
  File "C:\ProgramData\Anaconda3\envs\keras\lib\site-packages\numpy\core\fromnumeric.py", line 989, in sort
    a.sort(axis=axis, kind=kind, order=order)
ValueError: XXquicksortXX is an unrecognized kind of sort
Apply node that caused the error: SortOp{XXquicksortXX, None}(<TensorType(float64, matrix)>, <TensorType(float64, scalar)>)
Toposort index: 0
Inputs types: [TensorType(float64, matrix), TensorType(float64, scalar)]
Inputs shapes: [(3, 2), ()]
Inputs strides: [(16, 8), ()]
Inputs values: ['not shown', array(0.)]
Outputs clients: [['output']]

Backtrace when the node is created(use Theano flag traceback.limit=N to make it longer):
  File "C:\ProgramData\Anaconda3\envs\keras\lib\unittest\suite.py", line 122, in run
    test(result)
  File "C:\ProgramData\Anaconda3\envs\keras\lib\unittest\suite.py", line 84, in __call__
    return self.run(*args, **kwds)
  File "C:\ProgramData\Anaconda3\envs\keras\lib\unittest\suite.py", line 122, in run
    test(result)
  File "C:\ProgramData\Anaconda3\envs\keras\lib\unittest\suite.py", line 84, in __call__
    return self.run(*args, **kwds)
  File "C:\ProgramData\Anaconda3\envs\keras\lib\unittest\suite.py", line 122, in run
    test(result)
  File "C:\ProgramData\Anaconda3\envs\keras\lib\unittest\case.py", line 653, in __call__
    return self.run(*args, **kwds)
  File "C:\ProgramData\Anaconda3\envs\keras\lib\unittest\case.py", line 605, in run
    testMethod()
  File "C:\Users\mutation\Desktop\theano-testcase\tests\test_sort.py", line 41, in test2
    w = sort(a, axis)

HINT: Use the Theano flag 'exception_verbosity=high' for a debugprint and storage map footprint of this apply node.

======================================================================
ERROR: test3 (test_sort.Test_sort)
----------------------------------------------------------------------
Traceback (most recent call last):
  File "C:\ProgramData\Anaconda3\envs\keras\lib\site-packages\theano\compile\function_module.py", line 903, in __call__
    self.fn() if output_subset is None else\
  File "C:\ProgramData\Anaconda3\envs\keras\lib\site-packages\theano\gof\op.py", line 892, in rval
    r = p(n, [x[0] for x in i], o)
  File "C:\ProgramData\Anaconda3\envs\keras\lib\site-packages\theano\tensor\sort.py", line 53, in perform
    z[0] = np.sort(a, axis, self.kind, self.order)
  File "<__array_function__ internals>", line 6, in sort
  File "C:\ProgramData\Anaconda3\envs\keras\lib\site-packages\numpy\core\fromnumeric.py", line 989, in sort
    a.sort(axis=axis, kind=kind, order=order)
ValueError: XXquicksortXX is an unrecognized kind of sort

During handling of the above exception, another exception occurred:

Traceback (most recent call last):
  File "C:\Users\mutation\Desktop\theano-testcase\tests\test_sort.py", line 52, in test3
    gv = f(self.v_val)
  File "C:\ProgramData\Anaconda3\envs\keras\lib\site-packages\theano\compile\function_module.py", line 917, in __call__
    storage_map=getattr(self.fn, 'storage_map', None))
  File "C:\ProgramData\Anaconda3\envs\keras\lib\site-packages\theano\gof\link.py", line 325, in raise_with_op
    reraise(exc_type, exc_value, exc_trace)
  File "C:\ProgramData\Anaconda3\envs\keras\lib\site-packages\six.py", line 702, in reraise
    raise value.with_traceback(tb)
  File "C:\ProgramData\Anaconda3\envs\keras\lib\site-packages\theano\compile\function_module.py", line 903, in __call__
    self.fn() if output_subset is None else\
  File "C:\ProgramData\Anaconda3\envs\keras\lib\site-packages\theano\gof\op.py", line 892, in rval
    r = p(n, [x[0] for x in i], o)
  File "C:\ProgramData\Anaconda3\envs\keras\lib\site-packages\theano\tensor\sort.py", line 53, in perform
    z[0] = np.sort(a, axis, self.kind, self.order)
  File "<__array_function__ internals>", line 6, in sort
  File "C:\ProgramData\Anaconda3\envs\keras\lib\site-packages\numpy\core\fromnumeric.py", line 989, in sort
    a.sort(axis=axis, kind=kind, order=order)
ValueError: XXquicksortXX is an unrecognized kind of sort
Apply node that caused the error: SortOp{XXquicksortXX, None}(<TensorType(float64, vector)>, TensorConstant{-1})
Toposort index: 0
Inputs types: [TensorType(float64, vector), TensorType(int8, scalar)]
Inputs shapes: [(4,), ()]
Inputs strides: [(8,), ()]
Inputs values: [array([0.4135877 , 0.04881279, 0.09992856, 0.50806631]), array(-1, dtype=int8)]
Outputs clients: [['output']]

Backtrace when the node is created(use Theano flag traceback.limit=N to make it longer):
  File "C:\ProgramData\Anaconda3\envs\keras\lib\unittest\suite.py", line 122, in run
    test(result)
  File "C:\ProgramData\Anaconda3\envs\keras\lib\unittest\suite.py", line 84, in __call__
    return self.run(*args, **kwds)
  File "C:\ProgramData\Anaconda3\envs\keras\lib\unittest\suite.py", line 122, in run
    test(result)
  File "C:\ProgramData\Anaconda3\envs\keras\lib\unittest\suite.py", line 84, in __call__
    return self.run(*args, **kwds)
  File "C:\ProgramData\Anaconda3\envs\keras\lib\unittest\suite.py", line 122, in run
    test(result)
  File "C:\ProgramData\Anaconda3\envs\keras\lib\unittest\case.py", line 653, in __call__
    return self.run(*args, **kwds)
  File "C:\ProgramData\Anaconda3\envs\keras\lib\unittest\case.py", line 605, in run
    testMethod()
  File "C:\Users\mutation\Desktop\theano-testcase\tests\test_sort.py", line 50, in test3
    w2 = sort(a)

HINT: Use the Theano flag 'exception_verbosity=high' for a debugprint and storage map footprint of this apply node.

======================================================================
ERROR: test_None (test_sort.Test_sort)
----------------------------------------------------------------------
Traceback (most recent call last):
  File "C:\ProgramData\Anaconda3\envs\keras\lib\site-packages\theano\compile\function_module.py", line 903, in __call__
    self.fn() if output_subset is None else\
  File "C:\ProgramData\Anaconda3\envs\keras\lib\site-packages\theano\gof\op.py", line 892, in rval
    r = p(n, [x[0] for x in i], o)
  File "C:\ProgramData\Anaconda3\envs\keras\lib\site-packages\theano\tensor\sort.py", line 53, in perform
    z[0] = np.sort(a, axis, self.kind, self.order)
  File "<__array_function__ internals>", line 6, in sort
  File "C:\ProgramData\Anaconda3\envs\keras\lib\site-packages\numpy\core\fromnumeric.py", line 989, in sort
    a.sort(axis=axis, kind=kind, order=order)
ValueError: XXquicksortXX is an unrecognized kind of sort

During handling of the above exception, another exception occurred:

Traceback (most recent call last):
  File "C:\Users\mutation\Desktop\theano-testcase\tests\test_sort.py", line 79, in test_None
    gv = f(self.m_val)
  File "C:\ProgramData\Anaconda3\envs\keras\lib\site-packages\theano\compile\function_module.py", line 917, in __call__
    storage_map=getattr(self.fn, 'storage_map', None))
  File "C:\ProgramData\Anaconda3\envs\keras\lib\site-packages\theano\gof\link.py", line 325, in raise_with_op
    reraise(exc_type, exc_value, exc_trace)
  File "C:\ProgramData\Anaconda3\envs\keras\lib\site-packages\six.py", line 702, in reraise
    raise value.with_traceback(tb)
  File "C:\ProgramData\Anaconda3\envs\keras\lib\site-packages\theano\compile\function_module.py", line 903, in __call__
    self.fn() if output_subset is None else\
  File "C:\ProgramData\Anaconda3\envs\keras\lib\site-packages\theano\gof\op.py", line 892, in rval
    r = p(n, [x[0] for x in i], o)
  File "C:\ProgramData\Anaconda3\envs\keras\lib\site-packages\theano\tensor\sort.py", line 53, in perform
    z[0] = np.sort(a, axis, self.kind, self.order)
  File "<__array_function__ internals>", line 6, in sort
  File "C:\ProgramData\Anaconda3\envs\keras\lib\site-packages\numpy\core\fromnumeric.py", line 989, in sort
    a.sort(axis=axis, kind=kind, order=order)
ValueError: XXquicksortXX is an unrecognized kind of sort
Apply node that caused the error: SortOp{XXquicksortXX, None}(Reshape{1}.0, TensorConstant{0})
Toposort index: 1
Inputs types: [TensorType(float64, vector), TensorType(int8, scalar)]
Inputs shapes: [(6,), ()]
Inputs strides: [(8,), ()]
Inputs values: ['not shown', array(0, dtype=int8)]
Outputs clients: [['output']]

Backtrace when the node is created(use Theano flag traceback.limit=N to make it longer):
  File "C:\ProgramData\Anaconda3\envs\keras\lib\unittest\suite.py", line 122, in run
    test(result)
  File "C:\ProgramData\Anaconda3\envs\keras\lib\unittest\suite.py", line 84, in __call__
    return self.run(*args, **kwds)
  File "C:\ProgramData\Anaconda3\envs\keras\lib\unittest\suite.py", line 122, in run
    test(result)
  File "C:\ProgramData\Anaconda3\envs\keras\lib\unittest\suite.py", line 84, in __call__
    return self.run(*args, **kwds)
  File "C:\ProgramData\Anaconda3\envs\keras\lib\unittest\suite.py", line 122, in run
    test(result)
  File "C:\ProgramData\Anaconda3\envs\keras\lib\unittest\case.py", line 653, in __call__
    return self.run(*args, **kwds)
  File "C:\ProgramData\Anaconda3\envs\keras\lib\unittest\case.py", line 605, in run
    testMethod()
  File "C:\Users\mutation\Desktop\theano-testcase\tests\test_sort.py", line 77, in test_None
    l = sort(a, None)

HINT: Use the Theano flag 'exception_verbosity=high' for a debugprint and storage map footprint of this apply node.

======================================================================
ERROR: test_grad_negative_axis_2d (test_sort.Test_sort)
----------------------------------------------------------------------
Traceback (most recent call last):
  File "C:\ProgramData\Anaconda3\envs\keras\lib\site-packages\theano\compile\function_module.py", line 903, in __call__
    self.fn() if output_subset is None else\
  File "C:\ProgramData\Anaconda3\envs\keras\lib\site-packages\theano\gof\op.py", line 892, in rval
    r = p(n, [x[0] for x in i], o)
  File "C:\ProgramData\Anaconda3\envs\keras\lib\site-packages\theano\tensor\sort.py", line 53, in perform
    z[0] = np.sort(a, axis, self.kind, self.order)
  File "<__array_function__ internals>", line 6, in sort
  File "C:\ProgramData\Anaconda3\envs\keras\lib\site-packages\numpy\core\fromnumeric.py", line 989, in sort
    a.sort(axis=axis, kind=kind, order=order)
ValueError: XXquicksortXX is an unrecognized kind of sort

During handling of the above exception, another exception occurred:

Traceback (most recent call last):
  File "C:\Users\mutation\Desktop\theano-testcase\tests\test_sort.py", line 99, in test_grad_negative_axis_2d
    utt.verify_grad(lambda x: sort(x, -1), [data])
  File "C:\ProgramData\Anaconda3\envs\keras\lib\site-packages\theano\tests\unittest_tools.py", line 92, in verify_grad
    T.verify_grad(op, pt, n_tests, rng, *args, **kwargs)
  File "C:\ProgramData\Anaconda3\envs\keras\lib\site-packages\theano\gradient.py", line 1738, in verify_grad
    o_fn_out = o_fn(*[p.copy() for p in pt])
  File "C:\ProgramData\Anaconda3\envs\keras\lib\site-packages\theano\compile\function_module.py", line 917, in __call__
    storage_map=getattr(self.fn, 'storage_map', None))
  File "C:\ProgramData\Anaconda3\envs\keras\lib\site-packages\theano\gof\link.py", line 325, in raise_with_op
    reraise(exc_type, exc_value, exc_trace)
  File "C:\ProgramData\Anaconda3\envs\keras\lib\site-packages\six.py", line 702, in reraise
    raise value.with_traceback(tb)
  File "C:\ProgramData\Anaconda3\envs\keras\lib\site-packages\theano\compile\function_module.py", line 903, in __call__
    self.fn() if output_subset is None else\
  File "C:\ProgramData\Anaconda3\envs\keras\lib\site-packages\theano\gof\op.py", line 892, in rval
    r = p(n, [x[0] for x in i], o)
  File "C:\ProgramData\Anaconda3\envs\keras\lib\site-packages\theano\tensor\sort.py", line 53, in perform
    z[0] = np.sort(a, axis, self.kind, self.order)
  File "<__array_function__ internals>", line 6, in sort
  File "C:\ProgramData\Anaconda3\envs\keras\lib\site-packages\numpy\core\fromnumeric.py", line 989, in sort
    a.sort(axis=axis, kind=kind, order=order)
ValueError: XXquicksortXX is an unrecognized kind of sort
Apply node that caused the error: SortOp{XXquicksortXX, None}(input 0, TensorConstant{-1})
Toposort index: 0
Inputs types: [TensorType(float64, matrix), TensorType(int8, scalar)]
Inputs shapes: [(2, 3), ()]
Inputs strides: [(24, 8), ()]
Inputs values: ['not shown', array(-1, dtype=int8)]
Outputs clients: [['output']]

Backtrace when the node is created(use Theano flag traceback.limit=N to make it longer):
  File "C:\ProgramData\Anaconda3\envs\keras\lib\unittest\suite.py", line 84, in __call__
    return self.run(*args, **kwds)
  File "C:\ProgramData\Anaconda3\envs\keras\lib\unittest\suite.py", line 122, in run
    test(result)
  File "C:\ProgramData\Anaconda3\envs\keras\lib\unittest\case.py", line 653, in __call__
    return self.run(*args, **kwds)
  File "C:\ProgramData\Anaconda3\envs\keras\lib\unittest\case.py", line 605, in run
    testMethod()
  File "C:\Users\mutation\Desktop\theano-testcase\tests\test_sort.py", line 99, in test_grad_negative_axis_2d
    utt.verify_grad(lambda x: sort(x, -1), [data])
  File "C:\ProgramData\Anaconda3\envs\keras\lib\site-packages\theano\tests\unittest_tools.py", line 92, in verify_grad
    T.verify_grad(op, pt, n_tests, rng, *args, **kwargs)
  File "C:\ProgramData\Anaconda3\envs\keras\lib\site-packages\theano\gradient.py", line 1728, in verify_grad
    o_output = fun(*tensor_pt)
  File "C:\Users\mutation\Desktop\theano-testcase\tests\test_sort.py", line 99, in <lambda>
    utt.verify_grad(lambda x: sort(x, -1), [data])

HINT: Use the Theano flag 'exception_verbosity=high' for a debugprint and storage map footprint of this apply node.

======================================================================
ERROR: test_grad_negative_axis_3d (test_sort.Test_sort)
----------------------------------------------------------------------
Traceback (most recent call last):
  File "C:\ProgramData\Anaconda3\envs\keras\lib\site-packages\theano\compile\function_module.py", line 903, in __call__
    self.fn() if output_subset is None else\
  File "C:\ProgramData\Anaconda3\envs\keras\lib\site-packages\theano\gof\op.py", line 892, in rval
    r = p(n, [x[0] for x in i], o)
  File "C:\ProgramData\Anaconda3\envs\keras\lib\site-packages\theano\tensor\sort.py", line 53, in perform
    z[0] = np.sort(a, axis, self.kind, self.order)
  File "<__array_function__ internals>", line 6, in sort
  File "C:\ProgramData\Anaconda3\envs\keras\lib\site-packages\numpy\core\fromnumeric.py", line 989, in sort
    a.sort(axis=axis, kind=kind, order=order)
ValueError: XXquicksortXX is an unrecognized kind of sort

During handling of the above exception, another exception occurred:

Traceback (most recent call last):
  File "C:\Users\mutation\Desktop\theano-testcase\tests\test_sort.py", line 105, in test_grad_negative_axis_3d
    utt.verify_grad(lambda x: sort(x, -1), [data])
  File "C:\ProgramData\Anaconda3\envs\keras\lib\site-packages\theano\tests\unittest_tools.py", line 92, in verify_grad
    T.verify_grad(op, pt, n_tests, rng, *args, **kwargs)
  File "C:\ProgramData\Anaconda3\envs\keras\lib\site-packages\theano\gradient.py", line 1738, in verify_grad
    o_fn_out = o_fn(*[p.copy() for p in pt])
  File "C:\ProgramData\Anaconda3\envs\keras\lib\site-packages\theano\compile\function_module.py", line 917, in __call__
    storage_map=getattr(self.fn, 'storage_map', None))
  File "C:\ProgramData\Anaconda3\envs\keras\lib\site-packages\theano\gof\link.py", line 325, in raise_with_op
    reraise(exc_type, exc_value, exc_trace)
  File "C:\ProgramData\Anaconda3\envs\keras\lib\site-packages\six.py", line 702, in reraise
    raise value.with_traceback(tb)
  File "C:\ProgramData\Anaconda3\envs\keras\lib\site-packages\theano\compile\function_module.py", line 903, in __call__
    self.fn() if output_subset is None else\
  File "C:\ProgramData\Anaconda3\envs\keras\lib\site-packages\theano\gof\op.py", line 892, in rval
    r = p(n, [x[0] for x in i], o)
  File "C:\ProgramData\Anaconda3\envs\keras\lib\site-packages\theano\tensor\sort.py", line 53, in perform
    z[0] = np.sort(a, axis, self.kind, self.order)
  File "<__array_function__ internals>", line 6, in sort
  File "C:\ProgramData\Anaconda3\envs\keras\lib\site-packages\numpy\core\fromnumeric.py", line 989, in sort
    a.sort(axis=axis, kind=kind, order=order)
ValueError: XXquicksortXX is an unrecognized kind of sort
Apply node that caused the error: SortOp{XXquicksortXX, None}(input 0, TensorConstant{-1})
Toposort index: 0
Inputs types: [TensorType(float64, 3D), TensorType(int8, scalar)]
Inputs shapes: [(2, 3, 4), ()]
Inputs strides: [(96, 32, 8), ()]
Inputs values: ['not shown', array(-1, dtype=int8)]
Outputs clients: [['output']]

Backtrace when the node is created(use Theano flag traceback.limit=N to make it longer):
  File "C:\ProgramData\Anaconda3\envs\keras\lib\unittest\suite.py", line 84, in __call__
    return self.run(*args, **kwds)
  File "C:\ProgramData\Anaconda3\envs\keras\lib\unittest\suite.py", line 122, in run
    test(result)
  File "C:\ProgramData\Anaconda3\envs\keras\lib\unittest\case.py", line 653, in __call__
    return self.run(*args, **kwds)
  File "C:\ProgramData\Anaconda3\envs\keras\lib\unittest\case.py", line 605, in run
    testMethod()
  File "C:\Users\mutation\Desktop\theano-testcase\tests\test_sort.py", line 105, in test_grad_negative_axis_3d
    utt.verify_grad(lambda x: sort(x, -1), [data])
  File "C:\ProgramData\Anaconda3\envs\keras\lib\site-packages\theano\tests\unittest_tools.py", line 92, in verify_grad
    T.verify_grad(op, pt, n_tests, rng, *args, **kwargs)
  File "C:\ProgramData\Anaconda3\envs\keras\lib\site-packages\theano\gradient.py", line 1728, in verify_grad
    o_output = fun(*tensor_pt)
  File "C:\Users\mutation\Desktop\theano-testcase\tests\test_sort.py", line 105, in <lambda>
    utt.verify_grad(lambda x: sort(x, -1), [data])

HINT: Use the Theano flag 'exception_verbosity=high' for a debugprint and storage map footprint of this apply node.

======================================================================
ERROR: test_grad_negative_axis_4d (test_sort.Test_sort)
----------------------------------------------------------------------
Traceback (most recent call last):
  File "C:\ProgramData\Anaconda3\envs\keras\lib\site-packages\theano\compile\function_module.py", line 903, in __call__
    self.fn() if output_subset is None else\
  File "C:\ProgramData\Anaconda3\envs\keras\lib\site-packages\theano\gof\op.py", line 892, in rval
    r = p(n, [x[0] for x in i], o)
  File "C:\ProgramData\Anaconda3\envs\keras\lib\site-packages\theano\tensor\sort.py", line 53, in perform
    z[0] = np.sort(a, axis, self.kind, self.order)
  File "<__array_function__ internals>", line 6, in sort
  File "C:\ProgramData\Anaconda3\envs\keras\lib\site-packages\numpy\core\fromnumeric.py", line 989, in sort
    a.sort(axis=axis, kind=kind, order=order)
ValueError: XXquicksortXX is an unrecognized kind of sort

During handling of the above exception, another exception occurred:

Traceback (most recent call last):
  File "C:\Users\mutation\Desktop\theano-testcase\tests\test_sort.py", line 113, in test_grad_negative_axis_4d
    utt.verify_grad(lambda x: sort(x, -1), [data])
  File "C:\ProgramData\Anaconda3\envs\keras\lib\site-packages\theano\tests\unittest_tools.py", line 92, in verify_grad
    T.verify_grad(op, pt, n_tests, rng, *args, **kwargs)
  File "C:\ProgramData\Anaconda3\envs\keras\lib\site-packages\theano\gradient.py", line 1738, in verify_grad
    o_fn_out = o_fn(*[p.copy() for p in pt])
  File "C:\ProgramData\Anaconda3\envs\keras\lib\site-packages\theano\compile\function_module.py", line 917, in __call__
    storage_map=getattr(self.fn, 'storage_map', None))
  File "C:\ProgramData\Anaconda3\envs\keras\lib\site-packages\theano\gof\link.py", line 325, in raise_with_op
    reraise(exc_type, exc_value, exc_trace)
  File "C:\ProgramData\Anaconda3\envs\keras\lib\site-packages\six.py", line 702, in reraise
    raise value.with_traceback(tb)
  File "C:\ProgramData\Anaconda3\envs\keras\lib\site-packages\theano\compile\function_module.py", line 903, in __call__
    self.fn() if output_subset is None else\
  File "C:\ProgramData\Anaconda3\envs\keras\lib\site-packages\theano\gof\op.py", line 892, in rval
    r = p(n, [x[0] for x in i], o)
  File "C:\ProgramData\Anaconda3\envs\keras\lib\site-packages\theano\tensor\sort.py", line 53, in perform
    z[0] = np.sort(a, axis, self.kind, self.order)
  File "<__array_function__ internals>", line 6, in sort
  File "C:\ProgramData\Anaconda3\envs\keras\lib\site-packages\numpy\core\fromnumeric.py", line 989, in sort
    a.sort(axis=axis, kind=kind, order=order)
ValueError: XXquicksortXX is an unrecognized kind of sort
Apply node that caused the error: SortOp{XXquicksortXX, None}(input 0, TensorConstant{-1})
Toposort index: 0
Inputs types: [TensorType(float64, 4D), TensorType(int8, scalar)]
Inputs shapes: [(2, 3, 4, 2), ()]
Inputs strides: [(192, 64, 16, 8), ()]
Inputs values: ['not shown', array(-1, dtype=int8)]
Outputs clients: [['output']]

Backtrace when the node is created(use Theano flag traceback.limit=N to make it longer):
  File "C:\ProgramData\Anaconda3\envs\keras\lib\unittest\suite.py", line 84, in __call__
    return self.run(*args, **kwds)
  File "C:\ProgramData\Anaconda3\envs\keras\lib\unittest\suite.py", line 122, in run
    test(result)
  File "C:\ProgramData\Anaconda3\envs\keras\lib\unittest\case.py", line 653, in __call__
    return self.run(*args, **kwds)
  File "C:\ProgramData\Anaconda3\envs\keras\lib\unittest\case.py", line 605, in run
    testMethod()
  File "C:\Users\mutation\Desktop\theano-testcase\tests\test_sort.py", line 113, in test_grad_negative_axis_4d
    utt.verify_grad(lambda x: sort(x, -1), [data])
  File "C:\ProgramData\Anaconda3\envs\keras\lib\site-packages\theano\tests\unittest_tools.py", line 92, in verify_grad
    T.verify_grad(op, pt, n_tests, rng, *args, **kwargs)
  File "C:\ProgramData\Anaconda3\envs\keras\lib\site-packages\theano\gradient.py", line 1728, in verify_grad
    o_output = fun(*tensor_pt)
  File "C:\Users\mutation\Desktop\theano-testcase\tests\test_sort.py", line 113, in <lambda>
    utt.verify_grad(lambda x: sort(x, -1), [data])

HINT: Use the Theano flag 'exception_verbosity=high' for a debugprint and storage map footprint of this apply node.

======================================================================
ERROR: test_grad_none_axis (test_sort.Test_sort)
----------------------------------------------------------------------
Traceback (most recent call last):
  File "C:\ProgramData\Anaconda3\envs\keras\lib\site-packages\theano\compile\function_module.py", line 903, in __call__
    self.fn() if output_subset is None else\
  File "C:\ProgramData\Anaconda3\envs\keras\lib\site-packages\theano\gof\op.py", line 892, in rval
    r = p(n, [x[0] for x in i], o)
  File "C:\ProgramData\Anaconda3\envs\keras\lib\site-packages\theano\tensor\sort.py", line 53, in perform
    z[0] = np.sort(a, axis, self.kind, self.order)
  File "<__array_function__ internals>", line 6, in sort
  File "C:\ProgramData\Anaconda3\envs\keras\lib\site-packages\numpy\core\fromnumeric.py", line 989, in sort
    a.sort(axis=axis, kind=kind, order=order)
ValueError: XXquicksortXX is an unrecognized kind of sort

During handling of the above exception, another exception occurred:

Traceback (most recent call last):
  File "C:\Users\mutation\Desktop\theano-testcase\tests\test_sort.py", line 89, in test_grad_none_axis
    utt.verify_grad(lambda x: sort(x, None), [data])
  File "C:\ProgramData\Anaconda3\envs\keras\lib\site-packages\theano\tests\unittest_tools.py", line 92, in verify_grad
    T.verify_grad(op, pt, n_tests, rng, *args, **kwargs)
  File "C:\ProgramData\Anaconda3\envs\keras\lib\site-packages\theano\gradient.py", line 1738, in verify_grad
    o_fn_out = o_fn(*[p.copy() for p in pt])
  File "C:\ProgramData\Anaconda3\envs\keras\lib\site-packages\theano\compile\function_module.py", line 917, in __call__
    storage_map=getattr(self.fn, 'storage_map', None))
  File "C:\ProgramData\Anaconda3\envs\keras\lib\site-packages\theano\gof\link.py", line 325, in raise_with_op
    reraise(exc_type, exc_value, exc_trace)
  File "C:\ProgramData\Anaconda3\envs\keras\lib\site-packages\six.py", line 702, in reraise
    raise value.with_traceback(tb)
  File "C:\ProgramData\Anaconda3\envs\keras\lib\site-packages\theano\compile\function_module.py", line 903, in __call__
    self.fn() if output_subset is None else\
  File "C:\ProgramData\Anaconda3\envs\keras\lib\site-packages\theano\gof\op.py", line 892, in rval
    r = p(n, [x[0] for x in i], o)
  File "C:\ProgramData\Anaconda3\envs\keras\lib\site-packages\theano\tensor\sort.py", line 53, in perform
    z[0] = np.sort(a, axis, self.kind, self.order)
  File "<__array_function__ internals>", line 6, in sort
  File "C:\ProgramData\Anaconda3\envs\keras\lib\site-packages\numpy\core\fromnumeric.py", line 989, in sort
    a.sort(axis=axis, kind=kind, order=order)
ValueError: XXquicksortXX is an unrecognized kind of sort
Apply node that caused the error: SortOp{XXquicksortXX, None}(input 0, TensorConstant{0})
Toposort index: 0
Inputs types: [TensorType(float64, vector), TensorType(int8, scalar)]
Inputs shapes: [(10,), ()]
Inputs strides: [(8,), ()]
Inputs values: ['not shown', array(0, dtype=int8)]
Outputs clients: [['output']]

Backtrace when the node is created(use Theano flag traceback.limit=N to make it longer):
  File "C:\ProgramData\Anaconda3\envs\keras\lib\unittest\suite.py", line 84, in __call__
    return self.run(*args, **kwds)
  File "C:\ProgramData\Anaconda3\envs\keras\lib\unittest\suite.py", line 122, in run
    test(result)
  File "C:\ProgramData\Anaconda3\envs\keras\lib\unittest\case.py", line 653, in __call__
    return self.run(*args, **kwds)
  File "C:\ProgramData\Anaconda3\envs\keras\lib\unittest\case.py", line 605, in run
    testMethod()
  File "C:\Users\mutation\Desktop\theano-testcase\tests\test_sort.py", line 89, in test_grad_none_axis
    utt.verify_grad(lambda x: sort(x, None), [data])
  File "C:\ProgramData\Anaconda3\envs\keras\lib\site-packages\theano\tests\unittest_tools.py", line 92, in verify_grad
    T.verify_grad(op, pt, n_tests, rng, *args, **kwargs)
  File "C:\ProgramData\Anaconda3\envs\keras\lib\site-packages\theano\gradient.py", line 1728, in verify_grad
    o_output = fun(*tensor_pt)
  File "C:\Users\mutation\Desktop\theano-testcase\tests\test_sort.py", line 89, in <lambda>
    utt.verify_grad(lambda x: sort(x, None), [data])

HINT: Use the Theano flag 'exception_verbosity=high' for a debugprint and storage map footprint of this apply node.

======================================================================
ERROR: test_grad_nonnegative_axis_2d (test_sort.Test_sort)
----------------------------------------------------------------------
Traceback (most recent call last):
  File "C:\ProgramData\Anaconda3\envs\keras\lib\site-packages\theano\compile\function_module.py", line 903, in __call__
    self.fn() if output_subset is None else\
  File "C:\ProgramData\Anaconda3\envs\keras\lib\site-packages\theano\gof\op.py", line 892, in rval
    r = p(n, [x[0] for x in i], o)
  File "C:\ProgramData\Anaconda3\envs\keras\lib\site-packages\theano\tensor\sort.py", line 53, in perform
    z[0] = np.sort(a, axis, self.kind, self.order)
  File "<__array_function__ internals>", line 6, in sort
  File "C:\ProgramData\Anaconda3\envs\keras\lib\site-packages\numpy\core\fromnumeric.py", line 989, in sort
    a.sort(axis=axis, kind=kind, order=order)
ValueError: XXquicksortXX is an unrecognized kind of sort

During handling of the above exception, another exception occurred:

Traceback (most recent call last):
  File "C:\Users\mutation\Desktop\theano-testcase\tests\test_sort.py", line 123, in test_grad_nonnegative_axis_2d
    utt.verify_grad(lambda x: sort(x, 0), [data])
  File "C:\ProgramData\Anaconda3\envs\keras\lib\site-packages\theano\tests\unittest_tools.py", line 92, in verify_grad
    T.verify_grad(op, pt, n_tests, rng, *args, **kwargs)
  File "C:\ProgramData\Anaconda3\envs\keras\lib\site-packages\theano\gradient.py", line 1738, in verify_grad
    o_fn_out = o_fn(*[p.copy() for p in pt])
  File "C:\ProgramData\Anaconda3\envs\keras\lib\site-packages\theano\compile\function_module.py", line 917, in __call__
    storage_map=getattr(self.fn, 'storage_map', None))
  File "C:\ProgramData\Anaconda3\envs\keras\lib\site-packages\theano\gof\link.py", line 325, in raise_with_op
    reraise(exc_type, exc_value, exc_trace)
  File "C:\ProgramData\Anaconda3\envs\keras\lib\site-packages\six.py", line 702, in reraise
    raise value.with_traceback(tb)
  File "C:\ProgramData\Anaconda3\envs\keras\lib\site-packages\theano\compile\function_module.py", line 903, in __call__
    self.fn() if output_subset is None else\
  File "C:\ProgramData\Anaconda3\envs\keras\lib\site-packages\theano\gof\op.py", line 892, in rval
    r = p(n, [x[0] for x in i], o)
  File "C:\ProgramData\Anaconda3\envs\keras\lib\site-packages\theano\tensor\sort.py", line 53, in perform
    z[0] = np.sort(a, axis, self.kind, self.order)
  File "<__array_function__ internals>", line 6, in sort
  File "C:\ProgramData\Anaconda3\envs\keras\lib\site-packages\numpy\core\fromnumeric.py", line 989, in sort
    a.sort(axis=axis, kind=kind, order=order)
ValueError: XXquicksortXX is an unrecognized kind of sort
Apply node that caused the error: SortOp{XXquicksortXX, None}(input 0, TensorConstant{0})
Toposort index: 0
Inputs types: [TensorType(float64, matrix), TensorType(int8, scalar)]
Inputs shapes: [(2, 3), ()]
Inputs strides: [(24, 8), ()]
Inputs values: ['not shown', array(0, dtype=int8)]
Outputs clients: [['output']]

Backtrace when the node is created(use Theano flag traceback.limit=N to make it longer):
  File "C:\ProgramData\Anaconda3\envs\keras\lib\unittest\suite.py", line 84, in __call__
    return self.run(*args, **kwds)
  File "C:\ProgramData\Anaconda3\envs\keras\lib\unittest\suite.py", line 122, in run
    test(result)
  File "C:\ProgramData\Anaconda3\envs\keras\lib\unittest\case.py", line 653, in __call__
    return self.run(*args, **kwds)
  File "C:\ProgramData\Anaconda3\envs\keras\lib\unittest\case.py", line 605, in run
    testMethod()
  File "C:\Users\mutation\Desktop\theano-testcase\tests\test_sort.py", line 123, in test_grad_nonnegative_axis_2d
    utt.verify_grad(lambda x: sort(x, 0), [data])
  File "C:\ProgramData\Anaconda3\envs\keras\lib\site-packages\theano\tests\unittest_tools.py", line 92, in verify_grad
    T.verify_grad(op, pt, n_tests, rng, *args, **kwargs)
  File "C:\ProgramData\Anaconda3\envs\keras\lib\site-packages\theano\gradient.py", line 1728, in verify_grad
    o_output = fun(*tensor_pt)
  File "C:\Users\mutation\Desktop\theano-testcase\tests\test_sort.py", line 123, in <lambda>
    utt.verify_grad(lambda x: sort(x, 0), [data])

HINT: Use the Theano flag 'exception_verbosity=high' for a debugprint and storage map footprint of this apply node.

======================================================================
ERROR: test_grad_nonnegative_axis_3d (test_sort.Test_sort)
----------------------------------------------------------------------
Traceback (most recent call last):
  File "C:\ProgramData\Anaconda3\envs\keras\lib\site-packages\theano\compile\function_module.py", line 903, in __call__
    self.fn() if output_subset is None else\
  File "C:\ProgramData\Anaconda3\envs\keras\lib\site-packages\theano\gof\op.py", line 892, in rval
    r = p(n, [x[0] for x in i], o)
  File "C:\ProgramData\Anaconda3\envs\keras\lib\site-packages\theano\tensor\sort.py", line 53, in perform
    z[0] = np.sort(a, axis, self.kind, self.order)
  File "<__array_function__ internals>", line 6, in sort
  File "C:\ProgramData\Anaconda3\envs\keras\lib\site-packages\numpy\core\fromnumeric.py", line 989, in sort
    a.sort(axis=axis, kind=kind, order=order)
ValueError: XXquicksortXX is an unrecognized kind of sort

During handling of the above exception, another exception occurred:

Traceback (most recent call last):
  File "C:\Users\mutation\Desktop\theano-testcase\tests\test_sort.py", line 129, in test_grad_nonnegative_axis_3d
    utt.verify_grad(lambda x: sort(x, 0), [data])
  File "C:\ProgramData\Anaconda3\envs\keras\lib\site-packages\theano\tests\unittest_tools.py", line 92, in verify_grad
    T.verify_grad(op, pt, n_tests, rng, *args, **kwargs)
  File "C:\ProgramData\Anaconda3\envs\keras\lib\site-packages\theano\gradient.py", line 1738, in verify_grad
    o_fn_out = o_fn(*[p.copy() for p in pt])
  File "C:\ProgramData\Anaconda3\envs\keras\lib\site-packages\theano\compile\function_module.py", line 917, in __call__
    storage_map=getattr(self.fn, 'storage_map', None))
  File "C:\ProgramData\Anaconda3\envs\keras\lib\site-packages\theano\gof\link.py", line 325, in raise_with_op
    reraise(exc_type, exc_value, exc_trace)
  File "C:\ProgramData\Anaconda3\envs\keras\lib\site-packages\six.py", line 702, in reraise
    raise value.with_traceback(tb)
  File "C:\ProgramData\Anaconda3\envs\keras\lib\site-packages\theano\compile\function_module.py", line 903, in __call__
    self.fn() if output_subset is None else\
  File "C:\ProgramData\Anaconda3\envs\keras\lib\site-packages\theano\gof\op.py", line 892, in rval
    r = p(n, [x[0] for x in i], o)
  File "C:\ProgramData\Anaconda3\envs\keras\lib\site-packages\theano\tensor\sort.py", line 53, in perform
    z[0] = np.sort(a, axis, self.kind, self.order)
  File "<__array_function__ internals>", line 6, in sort
  File "C:\ProgramData\Anaconda3\envs\keras\lib\site-packages\numpy\core\fromnumeric.py", line 989, in sort
    a.sort(axis=axis, kind=kind, order=order)
ValueError: XXquicksortXX is an unrecognized kind of sort
Apply node that caused the error: SortOp{XXquicksortXX, None}(input 0, TensorConstant{0})
Toposort index: 0
Inputs types: [TensorType(float64, 3D), TensorType(int8, scalar)]
Inputs shapes: [(2, 3, 4), ()]
Inputs strides: [(96, 32, 8), ()]
Inputs values: ['not shown', array(0, dtype=int8)]
Outputs clients: [['output']]

Backtrace when the node is created(use Theano flag traceback.limit=N to make it longer):
  File "C:\ProgramData\Anaconda3\envs\keras\lib\unittest\suite.py", line 84, in __call__
    return self.run(*args, **kwds)
  File "C:\ProgramData\Anaconda3\envs\keras\lib\unittest\suite.py", line 122, in run
    test(result)
  File "C:\ProgramData\Anaconda3\envs\keras\lib\unittest\case.py", line 653, in __call__
    return self.run(*args, **kwds)
  File "C:\ProgramData\Anaconda3\envs\keras\lib\unittest\case.py", line 605, in run
    testMethod()
  File "C:\Users\mutation\Desktop\theano-testcase\tests\test_sort.py", line 129, in test_grad_nonnegative_axis_3d
    utt.verify_grad(lambda x: sort(x, 0), [data])
  File "C:\ProgramData\Anaconda3\envs\keras\lib\site-packages\theano\tests\unittest_tools.py", line 92, in verify_grad
    T.verify_grad(op, pt, n_tests, rng, *args, **kwargs)
  File "C:\ProgramData\Anaconda3\envs\keras\lib\site-packages\theano\gradient.py", line 1728, in verify_grad
    o_output = fun(*tensor_pt)
  File "C:\Users\mutation\Desktop\theano-testcase\tests\test_sort.py", line 129, in <lambda>
    utt.verify_grad(lambda x: sort(x, 0), [data])

HINT: Use the Theano flag 'exception_verbosity=high' for a debugprint and storage map footprint of this apply node.

======================================================================
ERROR: test_grad_nonnegative_axis_4d (test_sort.Test_sort)
----------------------------------------------------------------------
Traceback (most recent call last):
  File "C:\ProgramData\Anaconda3\envs\keras\lib\site-packages\theano\compile\function_module.py", line 903, in __call__
    self.fn() if output_subset is None else\
  File "C:\ProgramData\Anaconda3\envs\keras\lib\site-packages\theano\gof\op.py", line 892, in rval
    r = p(n, [x[0] for x in i], o)
  File "C:\ProgramData\Anaconda3\envs\keras\lib\site-packages\theano\tensor\sort.py", line 53, in perform
    z[0] = np.sort(a, axis, self.kind, self.order)
  File "<__array_function__ internals>", line 6, in sort
  File "C:\ProgramData\Anaconda3\envs\keras\lib\site-packages\numpy\core\fromnumeric.py", line 989, in sort
    a.sort(axis=axis, kind=kind, order=order)
ValueError: XXquicksortXX is an unrecognized kind of sort

During handling of the above exception, another exception occurred:

Traceback (most recent call last):
  File "C:\Users\mutation\Desktop\theano-testcase\tests\test_sort.py", line 137, in test_grad_nonnegative_axis_4d
    utt.verify_grad(lambda x: sort(x, 0), [data])
  File "C:\ProgramData\Anaconda3\envs\keras\lib\site-packages\theano\tests\unittest_tools.py", line 92, in verify_grad
    T.verify_grad(op, pt, n_tests, rng, *args, **kwargs)
  File "C:\ProgramData\Anaconda3\envs\keras\lib\site-packages\theano\gradient.py", line 1738, in verify_grad
    o_fn_out = o_fn(*[p.copy() for p in pt])
  File "C:\ProgramData\Anaconda3\envs\keras\lib\site-packages\theano\compile\function_module.py", line 917, in __call__
    storage_map=getattr(self.fn, 'storage_map', None))
  File "C:\ProgramData\Anaconda3\envs\keras\lib\site-packages\theano\gof\link.py", line 325, in raise_with_op
    reraise(exc_type, exc_value, exc_trace)
  File "C:\ProgramData\Anaconda3\envs\keras\lib\site-packages\six.py", line 702, in reraise
    raise value.with_traceback(tb)
  File "C:\ProgramData\Anaconda3\envs\keras\lib\site-packages\theano\compile\function_module.py", line 903, in __call__
    self.fn() if output_subset is None else\
  File "C:\ProgramData\Anaconda3\envs\keras\lib\site-packages\theano\gof\op.py", line 892, in rval
    r = p(n, [x[0] for x in i], o)
  File "C:\ProgramData\Anaconda3\envs\keras\lib\site-packages\theano\tensor\sort.py", line 53, in perform
    z[0] = np.sort(a, axis, self.kind, self.order)
  File "<__array_function__ internals>", line 6, in sort
  File "C:\ProgramData\Anaconda3\envs\keras\lib\site-packages\numpy\core\fromnumeric.py", line 989, in sort
    a.sort(axis=axis, kind=kind, order=order)
ValueError: XXquicksortXX is an unrecognized kind of sort
Apply node that caused the error: SortOp{XXquicksortXX, None}(input 0, TensorConstant{0})
Toposort index: 0
Inputs types: [TensorType(float64, 4D), TensorType(int8, scalar)]
Inputs shapes: [(2, 3, 4, 2), ()]
Inputs strides: [(192, 64, 16, 8), ()]
Inputs values: ['not shown', array(0, dtype=int8)]
Outputs clients: [['output']]

Backtrace when the node is created(use Theano flag traceback.limit=N to make it longer):
  File "C:\ProgramData\Anaconda3\envs\keras\lib\unittest\suite.py", line 84, in __call__
    return self.run(*args, **kwds)
  File "C:\ProgramData\Anaconda3\envs\keras\lib\unittest\suite.py", line 122, in run
    test(result)
  File "C:\ProgramData\Anaconda3\envs\keras\lib\unittest\case.py", line 653, in __call__
    return self.run(*args, **kwds)
  File "C:\ProgramData\Anaconda3\envs\keras\lib\unittest\case.py", line 605, in run
    testMethod()
  File "C:\Users\mutation\Desktop\theano-testcase\tests\test_sort.py", line 137, in test_grad_nonnegative_axis_4d
    utt.verify_grad(lambda x: sort(x, 0), [data])
  File "C:\ProgramData\Anaconda3\envs\keras\lib\site-packages\theano\tests\unittest_tools.py", line 92, in verify_grad
    T.verify_grad(op, pt, n_tests, rng, *args, **kwargs)
  File "C:\ProgramData\Anaconda3\envs\keras\lib\site-packages\theano\gradient.py", line 1728, in verify_grad
    o_output = fun(*tensor_pt)
  File "C:\Users\mutation\Desktop\theano-testcase\tests\test_sort.py", line 137, in <lambda>
    utt.verify_grad(lambda x: sort(x, 0), [data])

HINT: Use the Theano flag 'exception_verbosity=high' for a debugprint and storage map footprint of this apply node.

======================================================================
ERROR: test_grad_vector (test_sort.Test_sort)
----------------------------------------------------------------------
Traceback (most recent call last):
  File "C:\ProgramData\Anaconda3\envs\keras\lib\site-packages\theano\compile\function_module.py", line 903, in __call__
    self.fn() if output_subset is None else\
  File "C:\ProgramData\Anaconda3\envs\keras\lib\site-packages\theano\gof\op.py", line 892, in rval
    r = p(n, [x[0] for x in i], o)
  File "C:\ProgramData\Anaconda3\envs\keras\lib\site-packages\theano\tensor\sort.py", line 53, in perform
    z[0] = np.sort(a, axis, self.kind, self.order)
  File "<__array_function__ internals>", line 6, in sort
  File "C:\ProgramData\Anaconda3\envs\keras\lib\site-packages\numpy\core\fromnumeric.py", line 989, in sort
    a.sort(axis=axis, kind=kind, order=order)
ValueError: XXquicksortXX is an unrecognized kind of sort

During handling of the above exception, another exception occurred:

Traceback (most recent call last):
  File "C:\Users\mutation\Desktop\theano-testcase\tests\test_sort.py", line 85, in test_grad_vector
    utt.verify_grad(sort, [data])
  File "C:\ProgramData\Anaconda3\envs\keras\lib\site-packages\theano\tests\unittest_tools.py", line 92, in verify_grad
    T.verify_grad(op, pt, n_tests, rng, *args, **kwargs)
  File "C:\ProgramData\Anaconda3\envs\keras\lib\site-packages\theano\gradient.py", line 1738, in verify_grad
    o_fn_out = o_fn(*[p.copy() for p in pt])
  File "C:\ProgramData\Anaconda3\envs\keras\lib\site-packages\theano\compile\function_module.py", line 917, in __call__
    storage_map=getattr(self.fn, 'storage_map', None))
  File "C:\ProgramData\Anaconda3\envs\keras\lib\site-packages\theano\gof\link.py", line 325, in raise_with_op
    reraise(exc_type, exc_value, exc_trace)
  File "C:\ProgramData\Anaconda3\envs\keras\lib\site-packages\six.py", line 702, in reraise
    raise value.with_traceback(tb)
  File "C:\ProgramData\Anaconda3\envs\keras\lib\site-packages\theano\compile\function_module.py", line 903, in __call__
    self.fn() if output_subset is None else\
  File "C:\ProgramData\Anaconda3\envs\keras\lib\site-packages\theano\gof\op.py", line 892, in rval
    r = p(n, [x[0] for x in i], o)
  File "C:\ProgramData\Anaconda3\envs\keras\lib\site-packages\theano\tensor\sort.py", line 53, in perform
    z[0] = np.sort(a, axis, self.kind, self.order)
  File "<__array_function__ internals>", line 6, in sort
  File "C:\ProgramData\Anaconda3\envs\keras\lib\site-packages\numpy\core\fromnumeric.py", line 989, in sort
    a.sort(axis=axis, kind=kind, order=order)
ValueError: XXquicksortXX is an unrecognized kind of sort
Apply node that caused the error: SortOp{XXquicksortXX, None}(input 0, TensorConstant{-1})
Toposort index: 0
Inputs types: [TensorType(float64, vector), TensorType(int8, scalar)]
Inputs shapes: [(10,), ()]
Inputs strides: [(8,), ()]
Inputs values: ['not shown', array(-1, dtype=int8)]
Outputs clients: [['output']]

Backtrace when the node is created(use Theano flag traceback.limit=N to make it longer):
  File "C:\ProgramData\Anaconda3\envs\keras\lib\unittest\suite.py", line 122, in run
    test(result)
  File "C:\ProgramData\Anaconda3\envs\keras\lib\unittest\suite.py", line 84, in __call__
    return self.run(*args, **kwds)
  File "C:\ProgramData\Anaconda3\envs\keras\lib\unittest\suite.py", line 122, in run
    test(result)
  File "C:\ProgramData\Anaconda3\envs\keras\lib\unittest\case.py", line 653, in __call__
    return self.run(*args, **kwds)
  File "C:\ProgramData\Anaconda3\envs\keras\lib\unittest\case.py", line 605, in run
    testMethod()
  File "C:\Users\mutation\Desktop\theano-testcase\tests\test_sort.py", line 85, in test_grad_vector
    utt.verify_grad(sort, [data])
  File "C:\ProgramData\Anaconda3\envs\keras\lib\site-packages\theano\tests\unittest_tools.py", line 92, in verify_grad
    T.verify_grad(op, pt, n_tests, rng, *args, **kwargs)
  File "C:\ProgramData\Anaconda3\envs\keras\lib\site-packages\theano\gradient.py", line 1728, in verify_grad
    o_output = fun(*tensor_pt)

HINT: Use the Theano flag 'exception_verbosity=high' for a debugprint and storage map footprint of this apply node.

----------------------------------------------------------------------
Ran 918 tests in 47.026s

FAILED (errors=13)
