.........C:\ProgramData\Anaconda3\envs\keras\lib\site-packages\theano\tensor\sort.py:293: FutureWarning: Using a non-tuple sequence for multidimensional indexing is deprecated; use `arr[tuple(seq)]` instead of `arr[seq]`. In the future this will be interpreted as an array index, `arr[np.array(seq)]`, which will result either in an error or a different result.
  zi = np.argpartition(x, -k, axis=axis)[idx]
....................................................................................................................................................................................................................................................................................................................................................................................................................C:\ProgramData\Anaconda3\envs\keras\lib\site-packages\theano\tensor\sort.py:285: FutureWarning: Using a non-tuple sequence for multidimensional indexing is deprecated; use `arr[tuple(seq)]` instead of `arr[seq]`. In the future this will be interpreted as an array index, `arr[np.array(seq)]`, which will result either in an error or a different result.
  zi = np.argpartition(x, -k, axis=axis)[idx]
.........................................................................................................................................................................................................................................................................................................................................EEEEEEEEEEEEEEEEEEEEEEEEEEEEEEEEEEEEEEEEEEEEEEEEEEEEEEEEEEEEEEEEEEEEEEEEEEEEEEEEEEEEEEEEEEEEEEEEEEEEEEEEEEEEEEEEEEEEEEEEEEEEEEEEEEEEEEEEEEEEEE...............C:\ProgramData\Anaconda3\envs\keras\lib\site-packages\theano\tensor\sort.py:285: FutureWarning: Using a non-tuple sequence for multidimensional indexing is deprecated; use `arr[tuple(seq)]` instead of `arr[seq]`. In the future this will be interpreted as an array index, `arr[np.array(seq)]`, which will result either in an error or a different result.
  zi = np.argpartition(x, -k, axis=axis)[idx]
............C:\ProgramData\Anaconda3\envs\keras\lib\site-packages\theano\tensor\sort.py:285: FutureWarning: Using a non-tuple sequence for multidimensional indexing is deprecated; use `arr[tuple(seq)]` instead of `arr[seq]`. In the future this will be interpreted as an array index, `arr[np.array(seq)]`, which will result either in an error or a different result.
  zi = np.argpartition(x, -k, axis=axis)[idx]
....C:\ProgramData\Anaconda3\envs\keras\lib\site-packages\theano\tensor\sort.py:285: FutureWarning: Using a non-tuple sequence for multidimensional indexing is deprecated; use `arr[tuple(seq)]` instead of `arr[seq]`. In the future this will be interpreted as an array index, `arr[np.array(seq)]`, which will result either in an error or a different result.
  zi = np.argpartition(x, -k, axis=axis)[idx]
...
======================================================================
ERROR: test_grad_00 (test_sort.Test_TopK)
----------------------------------------------------------------------
Traceback (most recent call last):
  File "C:\ProgramData\Anaconda3\envs\keras\lib\site-packages\parameterized\parameterized.py", line 530, in standalone_func
    return func(*(a + p.args), **p.kwargs)
  File "C:\Users\mutation\Desktop\theano-testcase\tests\test_sort.py", line 442, in test_grad
    utt.verify_grad(lambda x: topk(x, k, axis=axis, sorted=sorted), [xval], eps=1e-2)
  File "C:\ProgramData\Anaconda3\envs\keras\lib\site-packages\theano\tests\unittest_tools.py", line 92, in verify_grad
    T.verify_grad(op, pt, n_tests, rng, *args, **kwargs)
  File "C:\ProgramData\Anaconda3\envs\keras\lib\site-packages\theano\gradient.py", line 1728, in verify_grad
    o_output = fun(*tensor_pt)
  File "C:\Users\mutation\Desktop\theano-testcase\tests\test_sort.py", line 442, in <lambda>
    utt.verify_grad(lambda x: topk(x, k, axis=axis, sorted=sorted), [xval], eps=1e-2)
  File "C:\ProgramData\Anaconda3\envs\keras\lib\site-packages\theano\tensor\sort.py", line 496, in topk
    idx_dtype=idx_dtype)(x, kth)[0]
  File "C:\ProgramData\Anaconda3\envs\keras\lib\site-packages\theano\tensor\sort.py", line 373, in __init__
    '"idx_dtype" parameter must be an integer dtype, got "%s"' % idx_dtype)
TypeError: "idx_dtype" parameter must be an integer dtype, got "XXint64XX"

======================================================================
ERROR: test_grad_01 (test_sort.Test_TopK)
----------------------------------------------------------------------
Traceback (most recent call last):
  File "C:\ProgramData\Anaconda3\envs\keras\lib\site-packages\parameterized\parameterized.py", line 530, in standalone_func
    return func(*(a + p.args), **p.kwargs)
  File "C:\Users\mutation\Desktop\theano-testcase\tests\test_sort.py", line 442, in test_grad
    utt.verify_grad(lambda x: topk(x, k, axis=axis, sorted=sorted), [xval], eps=1e-2)
  File "C:\ProgramData\Anaconda3\envs\keras\lib\site-packages\theano\tests\unittest_tools.py", line 92, in verify_grad
    T.verify_grad(op, pt, n_tests, rng, *args, **kwargs)
  File "C:\ProgramData\Anaconda3\envs\keras\lib\site-packages\theano\gradient.py", line 1728, in verify_grad
    o_output = fun(*tensor_pt)
  File "C:\Users\mutation\Desktop\theano-testcase\tests\test_sort.py", line 442, in <lambda>
    utt.verify_grad(lambda x: topk(x, k, axis=axis, sorted=sorted), [xval], eps=1e-2)
  File "C:\ProgramData\Anaconda3\envs\keras\lib\site-packages\theano\tensor\sort.py", line 496, in topk
    idx_dtype=idx_dtype)(x, kth)[0]
  File "C:\ProgramData\Anaconda3\envs\keras\lib\site-packages\theano\tensor\sort.py", line 373, in __init__
    '"idx_dtype" parameter must be an integer dtype, got "%s"' % idx_dtype)
TypeError: "idx_dtype" parameter must be an integer dtype, got "XXint64XX"

======================================================================
ERROR: test_grad_02 (test_sort.Test_TopK)
----------------------------------------------------------------------
Traceback (most recent call last):
  File "C:\ProgramData\Anaconda3\envs\keras\lib\site-packages\parameterized\parameterized.py", line 530, in standalone_func
    return func(*(a + p.args), **p.kwargs)
  File "C:\Users\mutation\Desktop\theano-testcase\tests\test_sort.py", line 442, in test_grad
    utt.verify_grad(lambda x: topk(x, k, axis=axis, sorted=sorted), [xval], eps=1e-2)
  File "C:\ProgramData\Anaconda3\envs\keras\lib\site-packages\theano\tests\unittest_tools.py", line 92, in verify_grad
    T.verify_grad(op, pt, n_tests, rng, *args, **kwargs)
  File "C:\ProgramData\Anaconda3\envs\keras\lib\site-packages\theano\gradient.py", line 1728, in verify_grad
    o_output = fun(*tensor_pt)
  File "C:\Users\mutation\Desktop\theano-testcase\tests\test_sort.py", line 442, in <lambda>
    utt.verify_grad(lambda x: topk(x, k, axis=axis, sorted=sorted), [xval], eps=1e-2)
  File "C:\ProgramData\Anaconda3\envs\keras\lib\site-packages\theano\tensor\sort.py", line 496, in topk
    idx_dtype=idx_dtype)(x, kth)[0]
  File "C:\ProgramData\Anaconda3\envs\keras\lib\site-packages\theano\tensor\sort.py", line 373, in __init__
    '"idx_dtype" parameter must be an integer dtype, got "%s"' % idx_dtype)
TypeError: "idx_dtype" parameter must be an integer dtype, got "XXint64XX"

======================================================================
ERROR: test_grad_03 (test_sort.Test_TopK)
----------------------------------------------------------------------
Traceback (most recent call last):
  File "C:\ProgramData\Anaconda3\envs\keras\lib\site-packages\parameterized\parameterized.py", line 530, in standalone_func
    return func(*(a + p.args), **p.kwargs)
  File "C:\Users\mutation\Desktop\theano-testcase\tests\test_sort.py", line 442, in test_grad
    utt.verify_grad(lambda x: topk(x, k, axis=axis, sorted=sorted), [xval], eps=1e-2)
  File "C:\ProgramData\Anaconda3\envs\keras\lib\site-packages\theano\tests\unittest_tools.py", line 92, in verify_grad
    T.verify_grad(op, pt, n_tests, rng, *args, **kwargs)
  File "C:\ProgramData\Anaconda3\envs\keras\lib\site-packages\theano\gradient.py", line 1728, in verify_grad
    o_output = fun(*tensor_pt)
  File "C:\Users\mutation\Desktop\theano-testcase\tests\test_sort.py", line 442, in <lambda>
    utt.verify_grad(lambda x: topk(x, k, axis=axis, sorted=sorted), [xval], eps=1e-2)
  File "C:\ProgramData\Anaconda3\envs\keras\lib\site-packages\theano\tensor\sort.py", line 496, in topk
    idx_dtype=idx_dtype)(x, kth)[0]
  File "C:\ProgramData\Anaconda3\envs\keras\lib\site-packages\theano\tensor\sort.py", line 373, in __init__
    '"idx_dtype" parameter must be an integer dtype, got "%s"' % idx_dtype)
TypeError: "idx_dtype" parameter must be an integer dtype, got "XXint64XX"

======================================================================
ERROR: test_grad_04 (test_sort.Test_TopK)
----------------------------------------------------------------------
Traceback (most recent call last):
  File "C:\ProgramData\Anaconda3\envs\keras\lib\site-packages\parameterized\parameterized.py", line 530, in standalone_func
    return func(*(a + p.args), **p.kwargs)
  File "C:\Users\mutation\Desktop\theano-testcase\tests\test_sort.py", line 442, in test_grad
    utt.verify_grad(lambda x: topk(x, k, axis=axis, sorted=sorted), [xval], eps=1e-2)
  File "C:\ProgramData\Anaconda3\envs\keras\lib\site-packages\theano\tests\unittest_tools.py", line 92, in verify_grad
    T.verify_grad(op, pt, n_tests, rng, *args, **kwargs)
  File "C:\ProgramData\Anaconda3\envs\keras\lib\site-packages\theano\gradient.py", line 1728, in verify_grad
    o_output = fun(*tensor_pt)
  File "C:\Users\mutation\Desktop\theano-testcase\tests\test_sort.py", line 442, in <lambda>
    utt.verify_grad(lambda x: topk(x, k, axis=axis, sorted=sorted), [xval], eps=1e-2)
  File "C:\ProgramData\Anaconda3\envs\keras\lib\site-packages\theano\tensor\sort.py", line 496, in topk
    idx_dtype=idx_dtype)(x, kth)[0]
  File "C:\ProgramData\Anaconda3\envs\keras\lib\site-packages\theano\tensor\sort.py", line 373, in __init__
    '"idx_dtype" parameter must be an integer dtype, got "%s"' % idx_dtype)
TypeError: "idx_dtype" parameter must be an integer dtype, got "XXint64XX"

======================================================================
ERROR: test_grad_05 (test_sort.Test_TopK)
----------------------------------------------------------------------
Traceback (most recent call last):
  File "C:\ProgramData\Anaconda3\envs\keras\lib\site-packages\parameterized\parameterized.py", line 530, in standalone_func
    return func(*(a + p.args), **p.kwargs)
  File "C:\Users\mutation\Desktop\theano-testcase\tests\test_sort.py", line 442, in test_grad
    utt.verify_grad(lambda x: topk(x, k, axis=axis, sorted=sorted), [xval], eps=1e-2)
  File "C:\ProgramData\Anaconda3\envs\keras\lib\site-packages\theano\tests\unittest_tools.py", line 92, in verify_grad
    T.verify_grad(op, pt, n_tests, rng, *args, **kwargs)
  File "C:\ProgramData\Anaconda3\envs\keras\lib\site-packages\theano\gradient.py", line 1728, in verify_grad
    o_output = fun(*tensor_pt)
  File "C:\Users\mutation\Desktop\theano-testcase\tests\test_sort.py", line 442, in <lambda>
    utt.verify_grad(lambda x: topk(x, k, axis=axis, sorted=sorted), [xval], eps=1e-2)
  File "C:\ProgramData\Anaconda3\envs\keras\lib\site-packages\theano\tensor\sort.py", line 496, in topk
    idx_dtype=idx_dtype)(x, kth)[0]
  File "C:\ProgramData\Anaconda3\envs\keras\lib\site-packages\theano\tensor\sort.py", line 373, in __init__
    '"idx_dtype" parameter must be an integer dtype, got "%s"' % idx_dtype)
TypeError: "idx_dtype" parameter must be an integer dtype, got "XXint64XX"

======================================================================
ERROR: test_grad_06 (test_sort.Test_TopK)
----------------------------------------------------------------------
Traceback (most recent call last):
  File "C:\ProgramData\Anaconda3\envs\keras\lib\site-packages\parameterized\parameterized.py", line 530, in standalone_func
    return func(*(a + p.args), **p.kwargs)
  File "C:\Users\mutation\Desktop\theano-testcase\tests\test_sort.py", line 442, in test_grad
    utt.verify_grad(lambda x: topk(x, k, axis=axis, sorted=sorted), [xval], eps=1e-2)
  File "C:\ProgramData\Anaconda3\envs\keras\lib\site-packages\theano\tests\unittest_tools.py", line 92, in verify_grad
    T.verify_grad(op, pt, n_tests, rng, *args, **kwargs)
  File "C:\ProgramData\Anaconda3\envs\keras\lib\site-packages\theano\gradient.py", line 1728, in verify_grad
    o_output = fun(*tensor_pt)
  File "C:\Users\mutation\Desktop\theano-testcase\tests\test_sort.py", line 442, in <lambda>
    utt.verify_grad(lambda x: topk(x, k, axis=axis, sorted=sorted), [xval], eps=1e-2)
  File "C:\ProgramData\Anaconda3\envs\keras\lib\site-packages\theano\tensor\sort.py", line 496, in topk
    idx_dtype=idx_dtype)(x, kth)[0]
  File "C:\ProgramData\Anaconda3\envs\keras\lib\site-packages\theano\tensor\sort.py", line 373, in __init__
    '"idx_dtype" parameter must be an integer dtype, got "%s"' % idx_dtype)
TypeError: "idx_dtype" parameter must be an integer dtype, got "XXint64XX"

======================================================================
ERROR: test_grad_07 (test_sort.Test_TopK)
----------------------------------------------------------------------
Traceback (most recent call last):
  File "C:\ProgramData\Anaconda3\envs\keras\lib\site-packages\parameterized\parameterized.py", line 530, in standalone_func
    return func(*(a + p.args), **p.kwargs)
  File "C:\Users\mutation\Desktop\theano-testcase\tests\test_sort.py", line 442, in test_grad
    utt.verify_grad(lambda x: topk(x, k, axis=axis, sorted=sorted), [xval], eps=1e-2)
  File "C:\ProgramData\Anaconda3\envs\keras\lib\site-packages\theano\tests\unittest_tools.py", line 92, in verify_grad
    T.verify_grad(op, pt, n_tests, rng, *args, **kwargs)
  File "C:\ProgramData\Anaconda3\envs\keras\lib\site-packages\theano\gradient.py", line 1728, in verify_grad
    o_output = fun(*tensor_pt)
  File "C:\Users\mutation\Desktop\theano-testcase\tests\test_sort.py", line 442, in <lambda>
    utt.verify_grad(lambda x: topk(x, k, axis=axis, sorted=sorted), [xval], eps=1e-2)
  File "C:\ProgramData\Anaconda3\envs\keras\lib\site-packages\theano\tensor\sort.py", line 496, in topk
    idx_dtype=idx_dtype)(x, kth)[0]
  File "C:\ProgramData\Anaconda3\envs\keras\lib\site-packages\theano\tensor\sort.py", line 373, in __init__
    '"idx_dtype" parameter must be an integer dtype, got "%s"' % idx_dtype)
TypeError: "idx_dtype" parameter must be an integer dtype, got "XXint64XX"

======================================================================
ERROR: test_grad_08 (test_sort.Test_TopK)
----------------------------------------------------------------------
Traceback (most recent call last):
  File "C:\ProgramData\Anaconda3\envs\keras\lib\site-packages\parameterized\parameterized.py", line 530, in standalone_func
    return func(*(a + p.args), **p.kwargs)
  File "C:\Users\mutation\Desktop\theano-testcase\tests\test_sort.py", line 442, in test_grad
    utt.verify_grad(lambda x: topk(x, k, axis=axis, sorted=sorted), [xval], eps=1e-2)
  File "C:\ProgramData\Anaconda3\envs\keras\lib\site-packages\theano\tests\unittest_tools.py", line 92, in verify_grad
    T.verify_grad(op, pt, n_tests, rng, *args, **kwargs)
  File "C:\ProgramData\Anaconda3\envs\keras\lib\site-packages\theano\gradient.py", line 1728, in verify_grad
    o_output = fun(*tensor_pt)
  File "C:\Users\mutation\Desktop\theano-testcase\tests\test_sort.py", line 442, in <lambda>
    utt.verify_grad(lambda x: topk(x, k, axis=axis, sorted=sorted), [xval], eps=1e-2)
  File "C:\ProgramData\Anaconda3\envs\keras\lib\site-packages\theano\tensor\sort.py", line 496, in topk
    idx_dtype=idx_dtype)(x, kth)[0]
  File "C:\ProgramData\Anaconda3\envs\keras\lib\site-packages\theano\tensor\sort.py", line 373, in __init__
    '"idx_dtype" parameter must be an integer dtype, got "%s"' % idx_dtype)
TypeError: "idx_dtype" parameter must be an integer dtype, got "XXint64XX"

======================================================================
ERROR: test_grad_09 (test_sort.Test_TopK)
----------------------------------------------------------------------
Traceback (most recent call last):
  File "C:\ProgramData\Anaconda3\envs\keras\lib\site-packages\parameterized\parameterized.py", line 530, in standalone_func
    return func(*(a + p.args), **p.kwargs)
  File "C:\Users\mutation\Desktop\theano-testcase\tests\test_sort.py", line 442, in test_grad
    utt.verify_grad(lambda x: topk(x, k, axis=axis, sorted=sorted), [xval], eps=1e-2)
  File "C:\ProgramData\Anaconda3\envs\keras\lib\site-packages\theano\tests\unittest_tools.py", line 92, in verify_grad
    T.verify_grad(op, pt, n_tests, rng, *args, **kwargs)
  File "C:\ProgramData\Anaconda3\envs\keras\lib\site-packages\theano\gradient.py", line 1728, in verify_grad
    o_output = fun(*tensor_pt)
  File "C:\Users\mutation\Desktop\theano-testcase\tests\test_sort.py", line 442, in <lambda>
    utt.verify_grad(lambda x: topk(x, k, axis=axis, sorted=sorted), [xval], eps=1e-2)
  File "C:\ProgramData\Anaconda3\envs\keras\lib\site-packages\theano\tensor\sort.py", line 496, in topk
    idx_dtype=idx_dtype)(x, kth)[0]
  File "C:\ProgramData\Anaconda3\envs\keras\lib\site-packages\theano\tensor\sort.py", line 373, in __init__
    '"idx_dtype" parameter must be an integer dtype, got "%s"' % idx_dtype)
TypeError: "idx_dtype" parameter must be an integer dtype, got "XXint64XX"

======================================================================
ERROR: test_grad_10 (test_sort.Test_TopK)
----------------------------------------------------------------------
Traceback (most recent call last):
  File "C:\ProgramData\Anaconda3\envs\keras\lib\site-packages\parameterized\parameterized.py", line 530, in standalone_func
    return func(*(a + p.args), **p.kwargs)
  File "C:\Users\mutation\Desktop\theano-testcase\tests\test_sort.py", line 442, in test_grad
    utt.verify_grad(lambda x: topk(x, k, axis=axis, sorted=sorted), [xval], eps=1e-2)
  File "C:\ProgramData\Anaconda3\envs\keras\lib\site-packages\theano\tests\unittest_tools.py", line 92, in verify_grad
    T.verify_grad(op, pt, n_tests, rng, *args, **kwargs)
  File "C:\ProgramData\Anaconda3\envs\keras\lib\site-packages\theano\gradient.py", line 1728, in verify_grad
    o_output = fun(*tensor_pt)
  File "C:\Users\mutation\Desktop\theano-testcase\tests\test_sort.py", line 442, in <lambda>
    utt.verify_grad(lambda x: topk(x, k, axis=axis, sorted=sorted), [xval], eps=1e-2)
  File "C:\ProgramData\Anaconda3\envs\keras\lib\site-packages\theano\tensor\sort.py", line 496, in topk
    idx_dtype=idx_dtype)(x, kth)[0]
  File "C:\ProgramData\Anaconda3\envs\keras\lib\site-packages\theano\tensor\sort.py", line 373, in __init__
    '"idx_dtype" parameter must be an integer dtype, got "%s"' % idx_dtype)
TypeError: "idx_dtype" parameter must be an integer dtype, got "XXint64XX"

======================================================================
ERROR: test_grad_11 (test_sort.Test_TopK)
----------------------------------------------------------------------
Traceback (most recent call last):
  File "C:\ProgramData\Anaconda3\envs\keras\lib\site-packages\parameterized\parameterized.py", line 530, in standalone_func
    return func(*(a + p.args), **p.kwargs)
  File "C:\Users\mutation\Desktop\theano-testcase\tests\test_sort.py", line 442, in test_grad
    utt.verify_grad(lambda x: topk(x, k, axis=axis, sorted=sorted), [xval], eps=1e-2)
  File "C:\ProgramData\Anaconda3\envs\keras\lib\site-packages\theano\tests\unittest_tools.py", line 92, in verify_grad
    T.verify_grad(op, pt, n_tests, rng, *args, **kwargs)
  File "C:\ProgramData\Anaconda3\envs\keras\lib\site-packages\theano\gradient.py", line 1728, in verify_grad
    o_output = fun(*tensor_pt)
  File "C:\Users\mutation\Desktop\theano-testcase\tests\test_sort.py", line 442, in <lambda>
    utt.verify_grad(lambda x: topk(x, k, axis=axis, sorted=sorted), [xval], eps=1e-2)
  File "C:\ProgramData\Anaconda3\envs\keras\lib\site-packages\theano\tensor\sort.py", line 496, in topk
    idx_dtype=idx_dtype)(x, kth)[0]
  File "C:\ProgramData\Anaconda3\envs\keras\lib\site-packages\theano\tensor\sort.py", line 373, in __init__
    '"idx_dtype" parameter must be an integer dtype, got "%s"' % idx_dtype)
TypeError: "idx_dtype" parameter must be an integer dtype, got "XXint64XX"

======================================================================
ERROR: test_grad_12 (test_sort.Test_TopK)
----------------------------------------------------------------------
Traceback (most recent call last):
  File "C:\ProgramData\Anaconda3\envs\keras\lib\site-packages\parameterized\parameterized.py", line 530, in standalone_func
    return func(*(a + p.args), **p.kwargs)
  File "C:\Users\mutation\Desktop\theano-testcase\tests\test_sort.py", line 442, in test_grad
    utt.verify_grad(lambda x: topk(x, k, axis=axis, sorted=sorted), [xval], eps=1e-2)
  File "C:\ProgramData\Anaconda3\envs\keras\lib\site-packages\theano\tests\unittest_tools.py", line 92, in verify_grad
    T.verify_grad(op, pt, n_tests, rng, *args, **kwargs)
  File "C:\ProgramData\Anaconda3\envs\keras\lib\site-packages\theano\gradient.py", line 1728, in verify_grad
    o_output = fun(*tensor_pt)
  File "C:\Users\mutation\Desktop\theano-testcase\tests\test_sort.py", line 442, in <lambda>
    utt.verify_grad(lambda x: topk(x, k, axis=axis, sorted=sorted), [xval], eps=1e-2)
  File "C:\ProgramData\Anaconda3\envs\keras\lib\site-packages\theano\tensor\sort.py", line 496, in topk
    idx_dtype=idx_dtype)(x, kth)[0]
  File "C:\ProgramData\Anaconda3\envs\keras\lib\site-packages\theano\tensor\sort.py", line 373, in __init__
    '"idx_dtype" parameter must be an integer dtype, got "%s"' % idx_dtype)
TypeError: "idx_dtype" parameter must be an integer dtype, got "XXint64XX"

======================================================================
ERROR: test_grad_13 (test_sort.Test_TopK)
----------------------------------------------------------------------
Traceback (most recent call last):
  File "C:\ProgramData\Anaconda3\envs\keras\lib\site-packages\parameterized\parameterized.py", line 530, in standalone_func
    return func(*(a + p.args), **p.kwargs)
  File "C:\Users\mutation\Desktop\theano-testcase\tests\test_sort.py", line 442, in test_grad
    utt.verify_grad(lambda x: topk(x, k, axis=axis, sorted=sorted), [xval], eps=1e-2)
  File "C:\ProgramData\Anaconda3\envs\keras\lib\site-packages\theano\tests\unittest_tools.py", line 92, in verify_grad
    T.verify_grad(op, pt, n_tests, rng, *args, **kwargs)
  File "C:\ProgramData\Anaconda3\envs\keras\lib\site-packages\theano\gradient.py", line 1728, in verify_grad
    o_output = fun(*tensor_pt)
  File "C:\Users\mutation\Desktop\theano-testcase\tests\test_sort.py", line 442, in <lambda>
    utt.verify_grad(lambda x: topk(x, k, axis=axis, sorted=sorted), [xval], eps=1e-2)
  File "C:\ProgramData\Anaconda3\envs\keras\lib\site-packages\theano\tensor\sort.py", line 496, in topk
    idx_dtype=idx_dtype)(x, kth)[0]
  File "C:\ProgramData\Anaconda3\envs\keras\lib\site-packages\theano\tensor\sort.py", line 373, in __init__
    '"idx_dtype" parameter must be an integer dtype, got "%s"' % idx_dtype)
TypeError: "idx_dtype" parameter must be an integer dtype, got "XXint64XX"

======================================================================
ERROR: test_grad_14 (test_sort.Test_TopK)
----------------------------------------------------------------------
Traceback (most recent call last):
  File "C:\ProgramData\Anaconda3\envs\keras\lib\site-packages\parameterized\parameterized.py", line 530, in standalone_func
    return func(*(a + p.args), **p.kwargs)
  File "C:\Users\mutation\Desktop\theano-testcase\tests\test_sort.py", line 442, in test_grad
    utt.verify_grad(lambda x: topk(x, k, axis=axis, sorted=sorted), [xval], eps=1e-2)
  File "C:\ProgramData\Anaconda3\envs\keras\lib\site-packages\theano\tests\unittest_tools.py", line 92, in verify_grad
    T.verify_grad(op, pt, n_tests, rng, *args, **kwargs)
  File "C:\ProgramData\Anaconda3\envs\keras\lib\site-packages\theano\gradient.py", line 1728, in verify_grad
    o_output = fun(*tensor_pt)
  File "C:\Users\mutation\Desktop\theano-testcase\tests\test_sort.py", line 442, in <lambda>
    utt.verify_grad(lambda x: topk(x, k, axis=axis, sorted=sorted), [xval], eps=1e-2)
  File "C:\ProgramData\Anaconda3\envs\keras\lib\site-packages\theano\tensor\sort.py", line 496, in topk
    idx_dtype=idx_dtype)(x, kth)[0]
  File "C:\ProgramData\Anaconda3\envs\keras\lib\site-packages\theano\tensor\sort.py", line 373, in __init__
    '"idx_dtype" parameter must be an integer dtype, got "%s"' % idx_dtype)
TypeError: "idx_dtype" parameter must be an integer dtype, got "XXint64XX"

======================================================================
ERROR: test_grad_15 (test_sort.Test_TopK)
----------------------------------------------------------------------
Traceback (most recent call last):
  File "C:\ProgramData\Anaconda3\envs\keras\lib\site-packages\parameterized\parameterized.py", line 530, in standalone_func
    return func(*(a + p.args), **p.kwargs)
  File "C:\Users\mutation\Desktop\theano-testcase\tests\test_sort.py", line 442, in test_grad
    utt.verify_grad(lambda x: topk(x, k, axis=axis, sorted=sorted), [xval], eps=1e-2)
  File "C:\ProgramData\Anaconda3\envs\keras\lib\site-packages\theano\tests\unittest_tools.py", line 92, in verify_grad
    T.verify_grad(op, pt, n_tests, rng, *args, **kwargs)
  File "C:\ProgramData\Anaconda3\envs\keras\lib\site-packages\theano\gradient.py", line 1728, in verify_grad
    o_output = fun(*tensor_pt)
  File "C:\Users\mutation\Desktop\theano-testcase\tests\test_sort.py", line 442, in <lambda>
    utt.verify_grad(lambda x: topk(x, k, axis=axis, sorted=sorted), [xval], eps=1e-2)
  File "C:\ProgramData\Anaconda3\envs\keras\lib\site-packages\theano\tensor\sort.py", line 496, in topk
    idx_dtype=idx_dtype)(x, kth)[0]
  File "C:\ProgramData\Anaconda3\envs\keras\lib\site-packages\theano\tensor\sort.py", line 373, in __init__
    '"idx_dtype" parameter must be an integer dtype, got "%s"' % idx_dtype)
TypeError: "idx_dtype" parameter must be an integer dtype, got "XXint64XX"

======================================================================
ERROR: test_grad_16 (test_sort.Test_TopK)
----------------------------------------------------------------------
Traceback (most recent call last):
  File "C:\ProgramData\Anaconda3\envs\keras\lib\site-packages\parameterized\parameterized.py", line 530, in standalone_func
    return func(*(a + p.args), **p.kwargs)
  File "C:\Users\mutation\Desktop\theano-testcase\tests\test_sort.py", line 442, in test_grad
    utt.verify_grad(lambda x: topk(x, k, axis=axis, sorted=sorted), [xval], eps=1e-2)
  File "C:\ProgramData\Anaconda3\envs\keras\lib\site-packages\theano\tests\unittest_tools.py", line 92, in verify_grad
    T.verify_grad(op, pt, n_tests, rng, *args, **kwargs)
  File "C:\ProgramData\Anaconda3\envs\keras\lib\site-packages\theano\gradient.py", line 1728, in verify_grad
    o_output = fun(*tensor_pt)
  File "C:\Users\mutation\Desktop\theano-testcase\tests\test_sort.py", line 442, in <lambda>
    utt.verify_grad(lambda x: topk(x, k, axis=axis, sorted=sorted), [xval], eps=1e-2)
  File "C:\ProgramData\Anaconda3\envs\keras\lib\site-packages\theano\tensor\sort.py", line 496, in topk
    idx_dtype=idx_dtype)(x, kth)[0]
  File "C:\ProgramData\Anaconda3\envs\keras\lib\site-packages\theano\tensor\sort.py", line 373, in __init__
    '"idx_dtype" parameter must be an integer dtype, got "%s"' % idx_dtype)
TypeError: "idx_dtype" parameter must be an integer dtype, got "XXint64XX"

======================================================================
ERROR: test_grad_17 (test_sort.Test_TopK)
----------------------------------------------------------------------
Traceback (most recent call last):
  File "C:\ProgramData\Anaconda3\envs\keras\lib\site-packages\parameterized\parameterized.py", line 530, in standalone_func
    return func(*(a + p.args), **p.kwargs)
  File "C:\Users\mutation\Desktop\theano-testcase\tests\test_sort.py", line 442, in test_grad
    utt.verify_grad(lambda x: topk(x, k, axis=axis, sorted=sorted), [xval], eps=1e-2)
  File "C:\ProgramData\Anaconda3\envs\keras\lib\site-packages\theano\tests\unittest_tools.py", line 92, in verify_grad
    T.verify_grad(op, pt, n_tests, rng, *args, **kwargs)
  File "C:\ProgramData\Anaconda3\envs\keras\lib\site-packages\theano\gradient.py", line 1728, in verify_grad
    o_output = fun(*tensor_pt)
  File "C:\Users\mutation\Desktop\theano-testcase\tests\test_sort.py", line 442, in <lambda>
    utt.verify_grad(lambda x: topk(x, k, axis=axis, sorted=sorted), [xval], eps=1e-2)
  File "C:\ProgramData\Anaconda3\envs\keras\lib\site-packages\theano\tensor\sort.py", line 496, in topk
    idx_dtype=idx_dtype)(x, kth)[0]
  File "C:\ProgramData\Anaconda3\envs\keras\lib\site-packages\theano\tensor\sort.py", line 373, in __init__
    '"idx_dtype" parameter must be an integer dtype, got "%s"' % idx_dtype)
TypeError: "idx_dtype" parameter must be an integer dtype, got "XXint64XX"

======================================================================
ERROR: test_grad_18 (test_sort.Test_TopK)
----------------------------------------------------------------------
Traceback (most recent call last):
  File "C:\ProgramData\Anaconda3\envs\keras\lib\site-packages\parameterized\parameterized.py", line 530, in standalone_func
    return func(*(a + p.args), **p.kwargs)
  File "C:\Users\mutation\Desktop\theano-testcase\tests\test_sort.py", line 442, in test_grad
    utt.verify_grad(lambda x: topk(x, k, axis=axis, sorted=sorted), [xval], eps=1e-2)
  File "C:\ProgramData\Anaconda3\envs\keras\lib\site-packages\theano\tests\unittest_tools.py", line 92, in verify_grad
    T.verify_grad(op, pt, n_tests, rng, *args, **kwargs)
  File "C:\ProgramData\Anaconda3\envs\keras\lib\site-packages\theano\gradient.py", line 1728, in verify_grad
    o_output = fun(*tensor_pt)
  File "C:\Users\mutation\Desktop\theano-testcase\tests\test_sort.py", line 442, in <lambda>
    utt.verify_grad(lambda x: topk(x, k, axis=axis, sorted=sorted), [xval], eps=1e-2)
  File "C:\ProgramData\Anaconda3\envs\keras\lib\site-packages\theano\tensor\sort.py", line 496, in topk
    idx_dtype=idx_dtype)(x, kth)[0]
  File "C:\ProgramData\Anaconda3\envs\keras\lib\site-packages\theano\tensor\sort.py", line 373, in __init__
    '"idx_dtype" parameter must be an integer dtype, got "%s"' % idx_dtype)
TypeError: "idx_dtype" parameter must be an integer dtype, got "XXint64XX"

======================================================================
ERROR: test_grad_19 (test_sort.Test_TopK)
----------------------------------------------------------------------
Traceback (most recent call last):
  File "C:\ProgramData\Anaconda3\envs\keras\lib\site-packages\parameterized\parameterized.py", line 530, in standalone_func
    return func(*(a + p.args), **p.kwargs)
  File "C:\Users\mutation\Desktop\theano-testcase\tests\test_sort.py", line 442, in test_grad
    utt.verify_grad(lambda x: topk(x, k, axis=axis, sorted=sorted), [xval], eps=1e-2)
  File "C:\ProgramData\Anaconda3\envs\keras\lib\site-packages\theano\tests\unittest_tools.py", line 92, in verify_grad
    T.verify_grad(op, pt, n_tests, rng, *args, **kwargs)
  File "C:\ProgramData\Anaconda3\envs\keras\lib\site-packages\theano\gradient.py", line 1728, in verify_grad
    o_output = fun(*tensor_pt)
  File "C:\Users\mutation\Desktop\theano-testcase\tests\test_sort.py", line 442, in <lambda>
    utt.verify_grad(lambda x: topk(x, k, axis=axis, sorted=sorted), [xval], eps=1e-2)
  File "C:\ProgramData\Anaconda3\envs\keras\lib\site-packages\theano\tensor\sort.py", line 496, in topk
    idx_dtype=idx_dtype)(x, kth)[0]
  File "C:\ProgramData\Anaconda3\envs\keras\lib\site-packages\theano\tensor\sort.py", line 373, in __init__
    '"idx_dtype" parameter must be an integer dtype, got "%s"' % idx_dtype)
TypeError: "idx_dtype" parameter must be an integer dtype, got "XXint64XX"

======================================================================
ERROR: test_grad_20 (test_sort.Test_TopK)
----------------------------------------------------------------------
Traceback (most recent call last):
  File "C:\ProgramData\Anaconda3\envs\keras\lib\site-packages\parameterized\parameterized.py", line 530, in standalone_func
    return func(*(a + p.args), **p.kwargs)
  File "C:\Users\mutation\Desktop\theano-testcase\tests\test_sort.py", line 442, in test_grad
    utt.verify_grad(lambda x: topk(x, k, axis=axis, sorted=sorted), [xval], eps=1e-2)
  File "C:\ProgramData\Anaconda3\envs\keras\lib\site-packages\theano\tests\unittest_tools.py", line 92, in verify_grad
    T.verify_grad(op, pt, n_tests, rng, *args, **kwargs)
  File "C:\ProgramData\Anaconda3\envs\keras\lib\site-packages\theano\gradient.py", line 1728, in verify_grad
    o_output = fun(*tensor_pt)
  File "C:\Users\mutation\Desktop\theano-testcase\tests\test_sort.py", line 442, in <lambda>
    utt.verify_grad(lambda x: topk(x, k, axis=axis, sorted=sorted), [xval], eps=1e-2)
  File "C:\ProgramData\Anaconda3\envs\keras\lib\site-packages\theano\tensor\sort.py", line 496, in topk
    idx_dtype=idx_dtype)(x, kth)[0]
  File "C:\ProgramData\Anaconda3\envs\keras\lib\site-packages\theano\tensor\sort.py", line 373, in __init__
    '"idx_dtype" parameter must be an integer dtype, got "%s"' % idx_dtype)
TypeError: "idx_dtype" parameter must be an integer dtype, got "XXint64XX"

======================================================================
ERROR: test_grad_21 (test_sort.Test_TopK)
----------------------------------------------------------------------
Traceback (most recent call last):
  File "C:\ProgramData\Anaconda3\envs\keras\lib\site-packages\parameterized\parameterized.py", line 530, in standalone_func
    return func(*(a + p.args), **p.kwargs)
  File "C:\Users\mutation\Desktop\theano-testcase\tests\test_sort.py", line 442, in test_grad
    utt.verify_grad(lambda x: topk(x, k, axis=axis, sorted=sorted), [xval], eps=1e-2)
  File "C:\ProgramData\Anaconda3\envs\keras\lib\site-packages\theano\tests\unittest_tools.py", line 92, in verify_grad
    T.verify_grad(op, pt, n_tests, rng, *args, **kwargs)
  File "C:\ProgramData\Anaconda3\envs\keras\lib\site-packages\theano\gradient.py", line 1728, in verify_grad
    o_output = fun(*tensor_pt)
  File "C:\Users\mutation\Desktop\theano-testcase\tests\test_sort.py", line 442, in <lambda>
    utt.verify_grad(lambda x: topk(x, k, axis=axis, sorted=sorted), [xval], eps=1e-2)
  File "C:\ProgramData\Anaconda3\envs\keras\lib\site-packages\theano\tensor\sort.py", line 496, in topk
    idx_dtype=idx_dtype)(x, kth)[0]
  File "C:\ProgramData\Anaconda3\envs\keras\lib\site-packages\theano\tensor\sort.py", line 373, in __init__
    '"idx_dtype" parameter must be an integer dtype, got "%s"' % idx_dtype)
TypeError: "idx_dtype" parameter must be an integer dtype, got "XXint64XX"

======================================================================
ERROR: test_grad_22 (test_sort.Test_TopK)
----------------------------------------------------------------------
Traceback (most recent call last):
  File "C:\ProgramData\Anaconda3\envs\keras\lib\site-packages\parameterized\parameterized.py", line 530, in standalone_func
    return func(*(a + p.args), **p.kwargs)
  File "C:\Users\mutation\Desktop\theano-testcase\tests\test_sort.py", line 442, in test_grad
    utt.verify_grad(lambda x: topk(x, k, axis=axis, sorted=sorted), [xval], eps=1e-2)
  File "C:\ProgramData\Anaconda3\envs\keras\lib\site-packages\theano\tests\unittest_tools.py", line 92, in verify_grad
    T.verify_grad(op, pt, n_tests, rng, *args, **kwargs)
  File "C:\ProgramData\Anaconda3\envs\keras\lib\site-packages\theano\gradient.py", line 1728, in verify_grad
    o_output = fun(*tensor_pt)
  File "C:\Users\mutation\Desktop\theano-testcase\tests\test_sort.py", line 442, in <lambda>
    utt.verify_grad(lambda x: topk(x, k, axis=axis, sorted=sorted), [xval], eps=1e-2)
  File "C:\ProgramData\Anaconda3\envs\keras\lib\site-packages\theano\tensor\sort.py", line 496, in topk
    idx_dtype=idx_dtype)(x, kth)[0]
  File "C:\ProgramData\Anaconda3\envs\keras\lib\site-packages\theano\tensor\sort.py", line 373, in __init__
    '"idx_dtype" parameter must be an integer dtype, got "%s"' % idx_dtype)
TypeError: "idx_dtype" parameter must be an integer dtype, got "XXint64XX"

======================================================================
ERROR: test_grad_23 (test_sort.Test_TopK)
----------------------------------------------------------------------
Traceback (most recent call last):
  File "C:\ProgramData\Anaconda3\envs\keras\lib\site-packages\parameterized\parameterized.py", line 530, in standalone_func
    return func(*(a + p.args), **p.kwargs)
  File "C:\Users\mutation\Desktop\theano-testcase\tests\test_sort.py", line 442, in test_grad
    utt.verify_grad(lambda x: topk(x, k, axis=axis, sorted=sorted), [xval], eps=1e-2)
  File "C:\ProgramData\Anaconda3\envs\keras\lib\site-packages\theano\tests\unittest_tools.py", line 92, in verify_grad
    T.verify_grad(op, pt, n_tests, rng, *args, **kwargs)
  File "C:\ProgramData\Anaconda3\envs\keras\lib\site-packages\theano\gradient.py", line 1728, in verify_grad
    o_output = fun(*tensor_pt)
  File "C:\Users\mutation\Desktop\theano-testcase\tests\test_sort.py", line 442, in <lambda>
    utt.verify_grad(lambda x: topk(x, k, axis=axis, sorted=sorted), [xval], eps=1e-2)
  File "C:\ProgramData\Anaconda3\envs\keras\lib\site-packages\theano\tensor\sort.py", line 496, in topk
    idx_dtype=idx_dtype)(x, kth)[0]
  File "C:\ProgramData\Anaconda3\envs\keras\lib\site-packages\theano\tensor\sort.py", line 373, in __init__
    '"idx_dtype" parameter must be an integer dtype, got "%s"' % idx_dtype)
TypeError: "idx_dtype" parameter must be an integer dtype, got "XXint64XX"

======================================================================
ERROR: test_topk_1d_00 (test_sort.Test_TopK)
----------------------------------------------------------------------
Traceback (most recent call last):
  File "C:\ProgramData\Anaconda3\envs\keras\lib\site-packages\parameterized\parameterized.py", line 530, in standalone_func
    return func(*(a + p.args), **p.kwargs)
  File "C:\Users\mutation\Desktop\theano-testcase\tests\test_sort.py", line 291, in test_topk_1d
    y = topk(x, k, sorted=sorted)
  File "C:\ProgramData\Anaconda3\envs\keras\lib\site-packages\theano\tensor\sort.py", line 496, in topk
    idx_dtype=idx_dtype)(x, kth)[0]
  File "C:\ProgramData\Anaconda3\envs\keras\lib\site-packages\theano\tensor\sort.py", line 373, in __init__
    '"idx_dtype" parameter must be an integer dtype, got "%s"' % idx_dtype)
TypeError: "idx_dtype" parameter must be an integer dtype, got "XXint64XX"

======================================================================
ERROR: test_topk_1d_01 (test_sort.Test_TopK)
----------------------------------------------------------------------
Traceback (most recent call last):
  File "C:\ProgramData\Anaconda3\envs\keras\lib\site-packages\parameterized\parameterized.py", line 530, in standalone_func
    return func(*(a + p.args), **p.kwargs)
  File "C:\Users\mutation\Desktop\theano-testcase\tests\test_sort.py", line 291, in test_topk_1d
    y = topk(x, k, sorted=sorted)
  File "C:\ProgramData\Anaconda3\envs\keras\lib\site-packages\theano\tensor\sort.py", line 496, in topk
    idx_dtype=idx_dtype)(x, kth)[0]
  File "C:\ProgramData\Anaconda3\envs\keras\lib\site-packages\theano\tensor\sort.py", line 373, in __init__
    '"idx_dtype" parameter must be an integer dtype, got "%s"' % idx_dtype)
TypeError: "idx_dtype" parameter must be an integer dtype, got "XXint64XX"

======================================================================
ERROR: test_topk_1d_02 (test_sort.Test_TopK)
----------------------------------------------------------------------
Traceback (most recent call last):
  File "C:\ProgramData\Anaconda3\envs\keras\lib\site-packages\parameterized\parameterized.py", line 530, in standalone_func
    return func(*(a + p.args), **p.kwargs)
  File "C:\Users\mutation\Desktop\theano-testcase\tests\test_sort.py", line 291, in test_topk_1d
    y = topk(x, k, sorted=sorted)
  File "C:\ProgramData\Anaconda3\envs\keras\lib\site-packages\theano\tensor\sort.py", line 496, in topk
    idx_dtype=idx_dtype)(x, kth)[0]
  File "C:\ProgramData\Anaconda3\envs\keras\lib\site-packages\theano\tensor\sort.py", line 373, in __init__
    '"idx_dtype" parameter must be an integer dtype, got "%s"' % idx_dtype)
TypeError: "idx_dtype" parameter must be an integer dtype, got "XXint64XX"

======================================================================
ERROR: test_topk_1d_03 (test_sort.Test_TopK)
----------------------------------------------------------------------
Traceback (most recent call last):
  File "C:\ProgramData\Anaconda3\envs\keras\lib\site-packages\parameterized\parameterized.py", line 530, in standalone_func
    return func(*(a + p.args), **p.kwargs)
  File "C:\Users\mutation\Desktop\theano-testcase\tests\test_sort.py", line 291, in test_topk_1d
    y = topk(x, k, sorted=sorted)
  File "C:\ProgramData\Anaconda3\envs\keras\lib\site-packages\theano\tensor\sort.py", line 496, in topk
    idx_dtype=idx_dtype)(x, kth)[0]
  File "C:\ProgramData\Anaconda3\envs\keras\lib\site-packages\theano\tensor\sort.py", line 373, in __init__
    '"idx_dtype" parameter must be an integer dtype, got "%s"' % idx_dtype)
TypeError: "idx_dtype" parameter must be an integer dtype, got "XXint64XX"

======================================================================
ERROR: test_topk_1d_04 (test_sort.Test_TopK)
----------------------------------------------------------------------
Traceback (most recent call last):
  File "C:\ProgramData\Anaconda3\envs\keras\lib\site-packages\parameterized\parameterized.py", line 530, in standalone_func
    return func(*(a + p.args), **p.kwargs)
  File "C:\Users\mutation\Desktop\theano-testcase\tests\test_sort.py", line 291, in test_topk_1d
    y = topk(x, k, sorted=sorted)
  File "C:\ProgramData\Anaconda3\envs\keras\lib\site-packages\theano\tensor\sort.py", line 496, in topk
    idx_dtype=idx_dtype)(x, kth)[0]
  File "C:\ProgramData\Anaconda3\envs\keras\lib\site-packages\theano\tensor\sort.py", line 373, in __init__
    '"idx_dtype" parameter must be an integer dtype, got "%s"' % idx_dtype)
TypeError: "idx_dtype" parameter must be an integer dtype, got "XXint64XX"

======================================================================
ERROR: test_topk_1d_05 (test_sort.Test_TopK)
----------------------------------------------------------------------
Traceback (most recent call last):
  File "C:\ProgramData\Anaconda3\envs\keras\lib\site-packages\parameterized\parameterized.py", line 530, in standalone_func
    return func(*(a + p.args), **p.kwargs)
  File "C:\Users\mutation\Desktop\theano-testcase\tests\test_sort.py", line 291, in test_topk_1d
    y = topk(x, k, sorted=sorted)
  File "C:\ProgramData\Anaconda3\envs\keras\lib\site-packages\theano\tensor\sort.py", line 496, in topk
    idx_dtype=idx_dtype)(x, kth)[0]
  File "C:\ProgramData\Anaconda3\envs\keras\lib\site-packages\theano\tensor\sort.py", line 373, in __init__
    '"idx_dtype" parameter must be an integer dtype, got "%s"' % idx_dtype)
TypeError: "idx_dtype" parameter must be an integer dtype, got "XXint64XX"

======================================================================
ERROR: test_topk_1d_06 (test_sort.Test_TopK)
----------------------------------------------------------------------
Traceback (most recent call last):
  File "C:\ProgramData\Anaconda3\envs\keras\lib\site-packages\parameterized\parameterized.py", line 530, in standalone_func
    return func(*(a + p.args), **p.kwargs)
  File "C:\Users\mutation\Desktop\theano-testcase\tests\test_sort.py", line 291, in test_topk_1d
    y = topk(x, k, sorted=sorted)
  File "C:\ProgramData\Anaconda3\envs\keras\lib\site-packages\theano\tensor\sort.py", line 496, in topk
    idx_dtype=idx_dtype)(x, kth)[0]
  File "C:\ProgramData\Anaconda3\envs\keras\lib\site-packages\theano\tensor\sort.py", line 373, in __init__
    '"idx_dtype" parameter must be an integer dtype, got "%s"' % idx_dtype)
TypeError: "idx_dtype" parameter must be an integer dtype, got "XXint64XX"

======================================================================
ERROR: test_topk_1d_07 (test_sort.Test_TopK)
----------------------------------------------------------------------
Traceback (most recent call last):
  File "C:\ProgramData\Anaconda3\envs\keras\lib\site-packages\parameterized\parameterized.py", line 530, in standalone_func
    return func(*(a + p.args), **p.kwargs)
  File "C:\Users\mutation\Desktop\theano-testcase\tests\test_sort.py", line 291, in test_topk_1d
    y = topk(x, k, sorted=sorted)
  File "C:\ProgramData\Anaconda3\envs\keras\lib\site-packages\theano\tensor\sort.py", line 496, in topk
    idx_dtype=idx_dtype)(x, kth)[0]
  File "C:\ProgramData\Anaconda3\envs\keras\lib\site-packages\theano\tensor\sort.py", line 373, in __init__
    '"idx_dtype" parameter must be an integer dtype, got "%s"' % idx_dtype)
TypeError: "idx_dtype" parameter must be an integer dtype, got "XXint64XX"

======================================================================
ERROR: test_topk_1d_08 (test_sort.Test_TopK)
----------------------------------------------------------------------
Traceback (most recent call last):
  File "C:\ProgramData\Anaconda3\envs\keras\lib\site-packages\parameterized\parameterized.py", line 530, in standalone_func
    return func(*(a + p.args), **p.kwargs)
  File "C:\Users\mutation\Desktop\theano-testcase\tests\test_sort.py", line 291, in test_topk_1d
    y = topk(x, k, sorted=sorted)
  File "C:\ProgramData\Anaconda3\envs\keras\lib\site-packages\theano\tensor\sort.py", line 496, in topk
    idx_dtype=idx_dtype)(x, kth)[0]
  File "C:\ProgramData\Anaconda3\envs\keras\lib\site-packages\theano\tensor\sort.py", line 373, in __init__
    '"idx_dtype" parameter must be an integer dtype, got "%s"' % idx_dtype)
TypeError: "idx_dtype" parameter must be an integer dtype, got "XXint64XX"

======================================================================
ERROR: test_topk_1d_09 (test_sort.Test_TopK)
----------------------------------------------------------------------
Traceback (most recent call last):
  File "C:\ProgramData\Anaconda3\envs\keras\lib\site-packages\parameterized\parameterized.py", line 530, in standalone_func
    return func(*(a + p.args), **p.kwargs)
  File "C:\Users\mutation\Desktop\theano-testcase\tests\test_sort.py", line 291, in test_topk_1d
    y = topk(x, k, sorted=sorted)
  File "C:\ProgramData\Anaconda3\envs\keras\lib\site-packages\theano\tensor\sort.py", line 496, in topk
    idx_dtype=idx_dtype)(x, kth)[0]
  File "C:\ProgramData\Anaconda3\envs\keras\lib\site-packages\theano\tensor\sort.py", line 373, in __init__
    '"idx_dtype" parameter must be an integer dtype, got "%s"' % idx_dtype)
TypeError: "idx_dtype" parameter must be an integer dtype, got "XXint64XX"

======================================================================
ERROR: test_topk_1d_10 (test_sort.Test_TopK)
----------------------------------------------------------------------
Traceback (most recent call last):
  File "C:\ProgramData\Anaconda3\envs\keras\lib\site-packages\parameterized\parameterized.py", line 530, in standalone_func
    return func(*(a + p.args), **p.kwargs)
  File "C:\Users\mutation\Desktop\theano-testcase\tests\test_sort.py", line 291, in test_topk_1d
    y = topk(x, k, sorted=sorted)
  File "C:\ProgramData\Anaconda3\envs\keras\lib\site-packages\theano\tensor\sort.py", line 496, in topk
    idx_dtype=idx_dtype)(x, kth)[0]
  File "C:\ProgramData\Anaconda3\envs\keras\lib\site-packages\theano\tensor\sort.py", line 373, in __init__
    '"idx_dtype" parameter must be an integer dtype, got "%s"' % idx_dtype)
TypeError: "idx_dtype" parameter must be an integer dtype, got "XXint64XX"

======================================================================
ERROR: test_topk_1d_11 (test_sort.Test_TopK)
----------------------------------------------------------------------
Traceback (most recent call last):
  File "C:\ProgramData\Anaconda3\envs\keras\lib\site-packages\parameterized\parameterized.py", line 530, in standalone_func
    return func(*(a + p.args), **p.kwargs)
  File "C:\Users\mutation\Desktop\theano-testcase\tests\test_sort.py", line 291, in test_topk_1d
    y = topk(x, k, sorted=sorted)
  File "C:\ProgramData\Anaconda3\envs\keras\lib\site-packages\theano\tensor\sort.py", line 496, in topk
    idx_dtype=idx_dtype)(x, kth)[0]
  File "C:\ProgramData\Anaconda3\envs\keras\lib\site-packages\theano\tensor\sort.py", line 373, in __init__
    '"idx_dtype" parameter must be an integer dtype, got "%s"' % idx_dtype)
TypeError: "idx_dtype" parameter must be an integer dtype, got "XXint64XX"

======================================================================
ERROR: test_topk_1d_12 (test_sort.Test_TopK)
----------------------------------------------------------------------
Traceback (most recent call last):
  File "C:\ProgramData\Anaconda3\envs\keras\lib\site-packages\parameterized\parameterized.py", line 530, in standalone_func
    return func(*(a + p.args), **p.kwargs)
  File "C:\Users\mutation\Desktop\theano-testcase\tests\test_sort.py", line 291, in test_topk_1d
    y = topk(x, k, sorted=sorted)
  File "C:\ProgramData\Anaconda3\envs\keras\lib\site-packages\theano\tensor\sort.py", line 496, in topk
    idx_dtype=idx_dtype)(x, kth)[0]
  File "C:\ProgramData\Anaconda3\envs\keras\lib\site-packages\theano\tensor\sort.py", line 373, in __init__
    '"idx_dtype" parameter must be an integer dtype, got "%s"' % idx_dtype)
TypeError: "idx_dtype" parameter must be an integer dtype, got "XXint64XX"

======================================================================
ERROR: test_topk_1d_13 (test_sort.Test_TopK)
----------------------------------------------------------------------
Traceback (most recent call last):
  File "C:\ProgramData\Anaconda3\envs\keras\lib\site-packages\parameterized\parameterized.py", line 530, in standalone_func
    return func(*(a + p.args), **p.kwargs)
  File "C:\Users\mutation\Desktop\theano-testcase\tests\test_sort.py", line 291, in test_topk_1d
    y = topk(x, k, sorted=sorted)
  File "C:\ProgramData\Anaconda3\envs\keras\lib\site-packages\theano\tensor\sort.py", line 496, in topk
    idx_dtype=idx_dtype)(x, kth)[0]
  File "C:\ProgramData\Anaconda3\envs\keras\lib\site-packages\theano\tensor\sort.py", line 373, in __init__
    '"idx_dtype" parameter must be an integer dtype, got "%s"' % idx_dtype)
TypeError: "idx_dtype" parameter must be an integer dtype, got "XXint64XX"

======================================================================
ERROR: test_topk_1d_14 (test_sort.Test_TopK)
----------------------------------------------------------------------
Traceback (most recent call last):
  File "C:\ProgramData\Anaconda3\envs\keras\lib\site-packages\parameterized\parameterized.py", line 530, in standalone_func
    return func(*(a + p.args), **p.kwargs)
  File "C:\Users\mutation\Desktop\theano-testcase\tests\test_sort.py", line 291, in test_topk_1d
    y = topk(x, k, sorted=sorted)
  File "C:\ProgramData\Anaconda3\envs\keras\lib\site-packages\theano\tensor\sort.py", line 496, in topk
    idx_dtype=idx_dtype)(x, kth)[0]
  File "C:\ProgramData\Anaconda3\envs\keras\lib\site-packages\theano\tensor\sort.py", line 373, in __init__
    '"idx_dtype" parameter must be an integer dtype, got "%s"' % idx_dtype)
TypeError: "idx_dtype" parameter must be an integer dtype, got "XXint64XX"

======================================================================
ERROR: test_topk_1d_15 (test_sort.Test_TopK)
----------------------------------------------------------------------
Traceback (most recent call last):
  File "C:\ProgramData\Anaconda3\envs\keras\lib\site-packages\parameterized\parameterized.py", line 530, in standalone_func
    return func(*(a + p.args), **p.kwargs)
  File "C:\Users\mutation\Desktop\theano-testcase\tests\test_sort.py", line 291, in test_topk_1d
    y = topk(x, k, sorted=sorted)
  File "C:\ProgramData\Anaconda3\envs\keras\lib\site-packages\theano\tensor\sort.py", line 496, in topk
    idx_dtype=idx_dtype)(x, kth)[0]
  File "C:\ProgramData\Anaconda3\envs\keras\lib\site-packages\theano\tensor\sort.py", line 373, in __init__
    '"idx_dtype" parameter must be an integer dtype, got "%s"' % idx_dtype)
TypeError: "idx_dtype" parameter must be an integer dtype, got "XXint64XX"

======================================================================
ERROR: test_topk_1d_16 (test_sort.Test_TopK)
----------------------------------------------------------------------
Traceback (most recent call last):
  File "C:\ProgramData\Anaconda3\envs\keras\lib\site-packages\parameterized\parameterized.py", line 530, in standalone_func
    return func(*(a + p.args), **p.kwargs)
  File "C:\Users\mutation\Desktop\theano-testcase\tests\test_sort.py", line 291, in test_topk_1d
    y = topk(x, k, sorted=sorted)
  File "C:\ProgramData\Anaconda3\envs\keras\lib\site-packages\theano\tensor\sort.py", line 496, in topk
    idx_dtype=idx_dtype)(x, kth)[0]
  File "C:\ProgramData\Anaconda3\envs\keras\lib\site-packages\theano\tensor\sort.py", line 373, in __init__
    '"idx_dtype" parameter must be an integer dtype, got "%s"' % idx_dtype)
TypeError: "idx_dtype" parameter must be an integer dtype, got "XXint64XX"

======================================================================
ERROR: test_topk_1d_17 (test_sort.Test_TopK)
----------------------------------------------------------------------
Traceback (most recent call last):
  File "C:\ProgramData\Anaconda3\envs\keras\lib\site-packages\parameterized\parameterized.py", line 530, in standalone_func
    return func(*(a + p.args), **p.kwargs)
  File "C:\Users\mutation\Desktop\theano-testcase\tests\test_sort.py", line 291, in test_topk_1d
    y = topk(x, k, sorted=sorted)
  File "C:\ProgramData\Anaconda3\envs\keras\lib\site-packages\theano\tensor\sort.py", line 496, in topk
    idx_dtype=idx_dtype)(x, kth)[0]
  File "C:\ProgramData\Anaconda3\envs\keras\lib\site-packages\theano\tensor\sort.py", line 373, in __init__
    '"idx_dtype" parameter must be an integer dtype, got "%s"' % idx_dtype)
TypeError: "idx_dtype" parameter must be an integer dtype, got "XXint64XX"

======================================================================
ERROR: test_topk_1d_18 (test_sort.Test_TopK)
----------------------------------------------------------------------
Traceback (most recent call last):
  File "C:\ProgramData\Anaconda3\envs\keras\lib\site-packages\parameterized\parameterized.py", line 530, in standalone_func
    return func(*(a + p.args), **p.kwargs)
  File "C:\Users\mutation\Desktop\theano-testcase\tests\test_sort.py", line 291, in test_topk_1d
    y = topk(x, k, sorted=sorted)
  File "C:\ProgramData\Anaconda3\envs\keras\lib\site-packages\theano\tensor\sort.py", line 496, in topk
    idx_dtype=idx_dtype)(x, kth)[0]
  File "C:\ProgramData\Anaconda3\envs\keras\lib\site-packages\theano\tensor\sort.py", line 373, in __init__
    '"idx_dtype" parameter must be an integer dtype, got "%s"' % idx_dtype)
TypeError: "idx_dtype" parameter must be an integer dtype, got "XXint64XX"

======================================================================
ERROR: test_topk_1d_19 (test_sort.Test_TopK)
----------------------------------------------------------------------
Traceback (most recent call last):
  File "C:\ProgramData\Anaconda3\envs\keras\lib\site-packages\parameterized\parameterized.py", line 530, in standalone_func
    return func(*(a + p.args), **p.kwargs)
  File "C:\Users\mutation\Desktop\theano-testcase\tests\test_sort.py", line 291, in test_topk_1d
    y = topk(x, k, sorted=sorted)
  File "C:\ProgramData\Anaconda3\envs\keras\lib\site-packages\theano\tensor\sort.py", line 496, in topk
    idx_dtype=idx_dtype)(x, kth)[0]
  File "C:\ProgramData\Anaconda3\envs\keras\lib\site-packages\theano\tensor\sort.py", line 373, in __init__
    '"idx_dtype" parameter must be an integer dtype, got "%s"' % idx_dtype)
TypeError: "idx_dtype" parameter must be an integer dtype, got "XXint64XX"

======================================================================
ERROR: test_topk_1d_20 (test_sort.Test_TopK)
----------------------------------------------------------------------
Traceback (most recent call last):
  File "C:\ProgramData\Anaconda3\envs\keras\lib\site-packages\parameterized\parameterized.py", line 530, in standalone_func
    return func(*(a + p.args), **p.kwargs)
  File "C:\Users\mutation\Desktop\theano-testcase\tests\test_sort.py", line 291, in test_topk_1d
    y = topk(x, k, sorted=sorted)
  File "C:\ProgramData\Anaconda3\envs\keras\lib\site-packages\theano\tensor\sort.py", line 496, in topk
    idx_dtype=idx_dtype)(x, kth)[0]
  File "C:\ProgramData\Anaconda3\envs\keras\lib\site-packages\theano\tensor\sort.py", line 373, in __init__
    '"idx_dtype" parameter must be an integer dtype, got "%s"' % idx_dtype)
TypeError: "idx_dtype" parameter must be an integer dtype, got "XXint64XX"

======================================================================
ERROR: test_topk_1d_21 (test_sort.Test_TopK)
----------------------------------------------------------------------
Traceback (most recent call last):
  File "C:\ProgramData\Anaconda3\envs\keras\lib\site-packages\parameterized\parameterized.py", line 530, in standalone_func
    return func(*(a + p.args), **p.kwargs)
  File "C:\Users\mutation\Desktop\theano-testcase\tests\test_sort.py", line 291, in test_topk_1d
    y = topk(x, k, sorted=sorted)
  File "C:\ProgramData\Anaconda3\envs\keras\lib\site-packages\theano\tensor\sort.py", line 496, in topk
    idx_dtype=idx_dtype)(x, kth)[0]
  File "C:\ProgramData\Anaconda3\envs\keras\lib\site-packages\theano\tensor\sort.py", line 373, in __init__
    '"idx_dtype" parameter must be an integer dtype, got "%s"' % idx_dtype)
TypeError: "idx_dtype" parameter must be an integer dtype, got "XXint64XX"

======================================================================
ERROR: test_topk_1d_22 (test_sort.Test_TopK)
----------------------------------------------------------------------
Traceback (most recent call last):
  File "C:\ProgramData\Anaconda3\envs\keras\lib\site-packages\parameterized\parameterized.py", line 530, in standalone_func
    return func(*(a + p.args), **p.kwargs)
  File "C:\Users\mutation\Desktop\theano-testcase\tests\test_sort.py", line 291, in test_topk_1d
    y = topk(x, k, sorted=sorted)
  File "C:\ProgramData\Anaconda3\envs\keras\lib\site-packages\theano\tensor\sort.py", line 496, in topk
    idx_dtype=idx_dtype)(x, kth)[0]
  File "C:\ProgramData\Anaconda3\envs\keras\lib\site-packages\theano\tensor\sort.py", line 373, in __init__
    '"idx_dtype" parameter must be an integer dtype, got "%s"' % idx_dtype)
TypeError: "idx_dtype" parameter must be an integer dtype, got "XXint64XX"

======================================================================
ERROR: test_topk_1d_23 (test_sort.Test_TopK)
----------------------------------------------------------------------
Traceback (most recent call last):
  File "C:\ProgramData\Anaconda3\envs\keras\lib\site-packages\parameterized\parameterized.py", line 530, in standalone_func
    return func(*(a + p.args), **p.kwargs)
  File "C:\Users\mutation\Desktop\theano-testcase\tests\test_sort.py", line 291, in test_topk_1d
    y = topk(x, k, sorted=sorted)
  File "C:\ProgramData\Anaconda3\envs\keras\lib\site-packages\theano\tensor\sort.py", line 496, in topk
    idx_dtype=idx_dtype)(x, kth)[0]
  File "C:\ProgramData\Anaconda3\envs\keras\lib\site-packages\theano\tensor\sort.py", line 373, in __init__
    '"idx_dtype" parameter must be an integer dtype, got "%s"' % idx_dtype)
TypeError: "idx_dtype" parameter must be an integer dtype, got "XXint64XX"

======================================================================
ERROR: test_topk_1d_24 (test_sort.Test_TopK)
----------------------------------------------------------------------
Traceback (most recent call last):
  File "C:\ProgramData\Anaconda3\envs\keras\lib\site-packages\parameterized\parameterized.py", line 530, in standalone_func
    return func(*(a + p.args), **p.kwargs)
  File "C:\Users\mutation\Desktop\theano-testcase\tests\test_sort.py", line 291, in test_topk_1d
    y = topk(x, k, sorted=sorted)
  File "C:\ProgramData\Anaconda3\envs\keras\lib\site-packages\theano\tensor\sort.py", line 496, in topk
    idx_dtype=idx_dtype)(x, kth)[0]
  File "C:\ProgramData\Anaconda3\envs\keras\lib\site-packages\theano\tensor\sort.py", line 373, in __init__
    '"idx_dtype" parameter must be an integer dtype, got "%s"' % idx_dtype)
TypeError: "idx_dtype" parameter must be an integer dtype, got "XXint64XX"

======================================================================
ERROR: test_topk_1d_25 (test_sort.Test_TopK)
----------------------------------------------------------------------
Traceback (most recent call last):
  File "C:\ProgramData\Anaconda3\envs\keras\lib\site-packages\parameterized\parameterized.py", line 530, in standalone_func
    return func(*(a + p.args), **p.kwargs)
  File "C:\Users\mutation\Desktop\theano-testcase\tests\test_sort.py", line 291, in test_topk_1d
    y = topk(x, k, sorted=sorted)
  File "C:\ProgramData\Anaconda3\envs\keras\lib\site-packages\theano\tensor\sort.py", line 496, in topk
    idx_dtype=idx_dtype)(x, kth)[0]
  File "C:\ProgramData\Anaconda3\envs\keras\lib\site-packages\theano\tensor\sort.py", line 373, in __init__
    '"idx_dtype" parameter must be an integer dtype, got "%s"' % idx_dtype)
TypeError: "idx_dtype" parameter must be an integer dtype, got "XXint64XX"

======================================================================
ERROR: test_topk_1d_26 (test_sort.Test_TopK)
----------------------------------------------------------------------
Traceback (most recent call last):
  File "C:\ProgramData\Anaconda3\envs\keras\lib\site-packages\parameterized\parameterized.py", line 530, in standalone_func
    return func(*(a + p.args), **p.kwargs)
  File "C:\Users\mutation\Desktop\theano-testcase\tests\test_sort.py", line 291, in test_topk_1d
    y = topk(x, k, sorted=sorted)
  File "C:\ProgramData\Anaconda3\envs\keras\lib\site-packages\theano\tensor\sort.py", line 496, in topk
    idx_dtype=idx_dtype)(x, kth)[0]
  File "C:\ProgramData\Anaconda3\envs\keras\lib\site-packages\theano\tensor\sort.py", line 373, in __init__
    '"idx_dtype" parameter must be an integer dtype, got "%s"' % idx_dtype)
TypeError: "idx_dtype" parameter must be an integer dtype, got "XXint64XX"

======================================================================
ERROR: test_topk_1d_27 (test_sort.Test_TopK)
----------------------------------------------------------------------
Traceback (most recent call last):
  File "C:\ProgramData\Anaconda3\envs\keras\lib\site-packages\parameterized\parameterized.py", line 530, in standalone_func
    return func(*(a + p.args), **p.kwargs)
  File "C:\Users\mutation\Desktop\theano-testcase\tests\test_sort.py", line 291, in test_topk_1d
    y = topk(x, k, sorted=sorted)
  File "C:\ProgramData\Anaconda3\envs\keras\lib\site-packages\theano\tensor\sort.py", line 496, in topk
    idx_dtype=idx_dtype)(x, kth)[0]
  File "C:\ProgramData\Anaconda3\envs\keras\lib\site-packages\theano\tensor\sort.py", line 373, in __init__
    '"idx_dtype" parameter must be an integer dtype, got "%s"' % idx_dtype)
TypeError: "idx_dtype" parameter must be an integer dtype, got "XXint64XX"

======================================================================
ERROR: test_topk_1d_28 (test_sort.Test_TopK)
----------------------------------------------------------------------
Traceback (most recent call last):
  File "C:\ProgramData\Anaconda3\envs\keras\lib\site-packages\parameterized\parameterized.py", line 530, in standalone_func
    return func(*(a + p.args), **p.kwargs)
  File "C:\Users\mutation\Desktop\theano-testcase\tests\test_sort.py", line 291, in test_topk_1d
    y = topk(x, k, sorted=sorted)
  File "C:\ProgramData\Anaconda3\envs\keras\lib\site-packages\theano\tensor\sort.py", line 496, in topk
    idx_dtype=idx_dtype)(x, kth)[0]
  File "C:\ProgramData\Anaconda3\envs\keras\lib\site-packages\theano\tensor\sort.py", line 373, in __init__
    '"idx_dtype" parameter must be an integer dtype, got "%s"' % idx_dtype)
TypeError: "idx_dtype" parameter must be an integer dtype, got "XXint64XX"

======================================================================
ERROR: test_topk_1d_29 (test_sort.Test_TopK)
----------------------------------------------------------------------
Traceback (most recent call last):
  File "C:\ProgramData\Anaconda3\envs\keras\lib\site-packages\parameterized\parameterized.py", line 530, in standalone_func
    return func(*(a + p.args), **p.kwargs)
  File "C:\Users\mutation\Desktop\theano-testcase\tests\test_sort.py", line 291, in test_topk_1d
    y = topk(x, k, sorted=sorted)
  File "C:\ProgramData\Anaconda3\envs\keras\lib\site-packages\theano\tensor\sort.py", line 496, in topk
    idx_dtype=idx_dtype)(x, kth)[0]
  File "C:\ProgramData\Anaconda3\envs\keras\lib\site-packages\theano\tensor\sort.py", line 373, in __init__
    '"idx_dtype" parameter must be an integer dtype, got "%s"' % idx_dtype)
TypeError: "idx_dtype" parameter must be an integer dtype, got "XXint64XX"

======================================================================
ERROR: test_topk_1d_30 (test_sort.Test_TopK)
----------------------------------------------------------------------
Traceback (most recent call last):
  File "C:\ProgramData\Anaconda3\envs\keras\lib\site-packages\parameterized\parameterized.py", line 530, in standalone_func
    return func(*(a + p.args), **p.kwargs)
  File "C:\Users\mutation\Desktop\theano-testcase\tests\test_sort.py", line 291, in test_topk_1d
    y = topk(x, k, sorted=sorted)
  File "C:\ProgramData\Anaconda3\envs\keras\lib\site-packages\theano\tensor\sort.py", line 496, in topk
    idx_dtype=idx_dtype)(x, kth)[0]
  File "C:\ProgramData\Anaconda3\envs\keras\lib\site-packages\theano\tensor\sort.py", line 373, in __init__
    '"idx_dtype" parameter must be an integer dtype, got "%s"' % idx_dtype)
TypeError: "idx_dtype" parameter must be an integer dtype, got "XXint64XX"

======================================================================
ERROR: test_topk_1d_31 (test_sort.Test_TopK)
----------------------------------------------------------------------
Traceback (most recent call last):
  File "C:\ProgramData\Anaconda3\envs\keras\lib\site-packages\parameterized\parameterized.py", line 530, in standalone_func
    return func(*(a + p.args), **p.kwargs)
  File "C:\Users\mutation\Desktop\theano-testcase\tests\test_sort.py", line 291, in test_topk_1d
    y = topk(x, k, sorted=sorted)
  File "C:\ProgramData\Anaconda3\envs\keras\lib\site-packages\theano\tensor\sort.py", line 496, in topk
    idx_dtype=idx_dtype)(x, kth)[0]
  File "C:\ProgramData\Anaconda3\envs\keras\lib\site-packages\theano\tensor\sort.py", line 373, in __init__
    '"idx_dtype" parameter must be an integer dtype, got "%s"' % idx_dtype)
TypeError: "idx_dtype" parameter must be an integer dtype, got "XXint64XX"

======================================================================
ERROR: test_topk_1d_32 (test_sort.Test_TopK)
----------------------------------------------------------------------
Traceback (most recent call last):
  File "C:\ProgramData\Anaconda3\envs\keras\lib\site-packages\parameterized\parameterized.py", line 530, in standalone_func
    return func(*(a + p.args), **p.kwargs)
  File "C:\Users\mutation\Desktop\theano-testcase\tests\test_sort.py", line 291, in test_topk_1d
    y = topk(x, k, sorted=sorted)
  File "C:\ProgramData\Anaconda3\envs\keras\lib\site-packages\theano\tensor\sort.py", line 496, in topk
    idx_dtype=idx_dtype)(x, kth)[0]
  File "C:\ProgramData\Anaconda3\envs\keras\lib\site-packages\theano\tensor\sort.py", line 373, in __init__
    '"idx_dtype" parameter must be an integer dtype, got "%s"' % idx_dtype)
TypeError: "idx_dtype" parameter must be an integer dtype, got "XXint64XX"

======================================================================
ERROR: test_topk_1d_33 (test_sort.Test_TopK)
----------------------------------------------------------------------
Traceback (most recent call last):
  File "C:\ProgramData\Anaconda3\envs\keras\lib\site-packages\parameterized\parameterized.py", line 530, in standalone_func
    return func(*(a + p.args), **p.kwargs)
  File "C:\Users\mutation\Desktop\theano-testcase\tests\test_sort.py", line 291, in test_topk_1d
    y = topk(x, k, sorted=sorted)
  File "C:\ProgramData\Anaconda3\envs\keras\lib\site-packages\theano\tensor\sort.py", line 496, in topk
    idx_dtype=idx_dtype)(x, kth)[0]
  File "C:\ProgramData\Anaconda3\envs\keras\lib\site-packages\theano\tensor\sort.py", line 373, in __init__
    '"idx_dtype" parameter must be an integer dtype, got "%s"' % idx_dtype)
TypeError: "idx_dtype" parameter must be an integer dtype, got "XXint64XX"

======================================================================
ERROR: test_topk_1d_34 (test_sort.Test_TopK)
----------------------------------------------------------------------
Traceback (most recent call last):
  File "C:\ProgramData\Anaconda3\envs\keras\lib\site-packages\parameterized\parameterized.py", line 530, in standalone_func
    return func(*(a + p.args), **p.kwargs)
  File "C:\Users\mutation\Desktop\theano-testcase\tests\test_sort.py", line 291, in test_topk_1d
    y = topk(x, k, sorted=sorted)
  File "C:\ProgramData\Anaconda3\envs\keras\lib\site-packages\theano\tensor\sort.py", line 496, in topk
    idx_dtype=idx_dtype)(x, kth)[0]
  File "C:\ProgramData\Anaconda3\envs\keras\lib\site-packages\theano\tensor\sort.py", line 373, in __init__
    '"idx_dtype" parameter must be an integer dtype, got "%s"' % idx_dtype)
TypeError: "idx_dtype" parameter must be an integer dtype, got "XXint64XX"

======================================================================
ERROR: test_topk_1d_35 (test_sort.Test_TopK)
----------------------------------------------------------------------
Traceback (most recent call last):
  File "C:\ProgramData\Anaconda3\envs\keras\lib\site-packages\parameterized\parameterized.py", line 530, in standalone_func
    return func(*(a + p.args), **p.kwargs)
  File "C:\Users\mutation\Desktop\theano-testcase\tests\test_sort.py", line 291, in test_topk_1d
    y = topk(x, k, sorted=sorted)
  File "C:\ProgramData\Anaconda3\envs\keras\lib\site-packages\theano\tensor\sort.py", line 496, in topk
    idx_dtype=idx_dtype)(x, kth)[0]
  File "C:\ProgramData\Anaconda3\envs\keras\lib\site-packages\theano\tensor\sort.py", line 373, in __init__
    '"idx_dtype" parameter must be an integer dtype, got "%s"' % idx_dtype)
TypeError: "idx_dtype" parameter must be an integer dtype, got "XXint64XX"

======================================================================
ERROR: test_topk_1d_36 (test_sort.Test_TopK)
----------------------------------------------------------------------
Traceback (most recent call last):
  File "C:\ProgramData\Anaconda3\envs\keras\lib\site-packages\parameterized\parameterized.py", line 530, in standalone_func
    return func(*(a + p.args), **p.kwargs)
  File "C:\Users\mutation\Desktop\theano-testcase\tests\test_sort.py", line 291, in test_topk_1d
    y = topk(x, k, sorted=sorted)
  File "C:\ProgramData\Anaconda3\envs\keras\lib\site-packages\theano\tensor\sort.py", line 496, in topk
    idx_dtype=idx_dtype)(x, kth)[0]
  File "C:\ProgramData\Anaconda3\envs\keras\lib\site-packages\theano\tensor\sort.py", line 373, in __init__
    '"idx_dtype" parameter must be an integer dtype, got "%s"' % idx_dtype)
TypeError: "idx_dtype" parameter must be an integer dtype, got "XXint64XX"

======================================================================
ERROR: test_topk_1d_37 (test_sort.Test_TopK)
----------------------------------------------------------------------
Traceback (most recent call last):
  File "C:\ProgramData\Anaconda3\envs\keras\lib\site-packages\parameterized\parameterized.py", line 530, in standalone_func
    return func(*(a + p.args), **p.kwargs)
  File "C:\Users\mutation\Desktop\theano-testcase\tests\test_sort.py", line 291, in test_topk_1d
    y = topk(x, k, sorted=sorted)
  File "C:\ProgramData\Anaconda3\envs\keras\lib\site-packages\theano\tensor\sort.py", line 496, in topk
    idx_dtype=idx_dtype)(x, kth)[0]
  File "C:\ProgramData\Anaconda3\envs\keras\lib\site-packages\theano\tensor\sort.py", line 373, in __init__
    '"idx_dtype" parameter must be an integer dtype, got "%s"' % idx_dtype)
TypeError: "idx_dtype" parameter must be an integer dtype, got "XXint64XX"

======================================================================
ERROR: test_topk_1d_38 (test_sort.Test_TopK)
----------------------------------------------------------------------
Traceback (most recent call last):
  File "C:\ProgramData\Anaconda3\envs\keras\lib\site-packages\parameterized\parameterized.py", line 530, in standalone_func
    return func(*(a + p.args), **p.kwargs)
  File "C:\Users\mutation\Desktop\theano-testcase\tests\test_sort.py", line 291, in test_topk_1d
    y = topk(x, k, sorted=sorted)
  File "C:\ProgramData\Anaconda3\envs\keras\lib\site-packages\theano\tensor\sort.py", line 496, in topk
    idx_dtype=idx_dtype)(x, kth)[0]
  File "C:\ProgramData\Anaconda3\envs\keras\lib\site-packages\theano\tensor\sort.py", line 373, in __init__
    '"idx_dtype" parameter must be an integer dtype, got "%s"' % idx_dtype)
TypeError: "idx_dtype" parameter must be an integer dtype, got "XXint64XX"

======================================================================
ERROR: test_topk_1d_39 (test_sort.Test_TopK)
----------------------------------------------------------------------
Traceback (most recent call last):
  File "C:\ProgramData\Anaconda3\envs\keras\lib\site-packages\parameterized\parameterized.py", line 530, in standalone_func
    return func(*(a + p.args), **p.kwargs)
  File "C:\Users\mutation\Desktop\theano-testcase\tests\test_sort.py", line 291, in test_topk_1d
    y = topk(x, k, sorted=sorted)
  File "C:\ProgramData\Anaconda3\envs\keras\lib\site-packages\theano\tensor\sort.py", line 496, in topk
    idx_dtype=idx_dtype)(x, kth)[0]
  File "C:\ProgramData\Anaconda3\envs\keras\lib\site-packages\theano\tensor\sort.py", line 373, in __init__
    '"idx_dtype" parameter must be an integer dtype, got "%s"' % idx_dtype)
TypeError: "idx_dtype" parameter must be an integer dtype, got "XXint64XX"

======================================================================
ERROR: test_topk_1d_40 (test_sort.Test_TopK)
----------------------------------------------------------------------
Traceback (most recent call last):
  File "C:\ProgramData\Anaconda3\envs\keras\lib\site-packages\parameterized\parameterized.py", line 530, in standalone_func
    return func(*(a + p.args), **p.kwargs)
  File "C:\Users\mutation\Desktop\theano-testcase\tests\test_sort.py", line 291, in test_topk_1d
    y = topk(x, k, sorted=sorted)
  File "C:\ProgramData\Anaconda3\envs\keras\lib\site-packages\theano\tensor\sort.py", line 496, in topk
    idx_dtype=idx_dtype)(x, kth)[0]
  File "C:\ProgramData\Anaconda3\envs\keras\lib\site-packages\theano\tensor\sort.py", line 373, in __init__
    '"idx_dtype" parameter must be an integer dtype, got "%s"' % idx_dtype)
TypeError: "idx_dtype" parameter must be an integer dtype, got "XXint64XX"

======================================================================
ERROR: test_topk_1d_41 (test_sort.Test_TopK)
----------------------------------------------------------------------
Traceback (most recent call last):
  File "C:\ProgramData\Anaconda3\envs\keras\lib\site-packages\parameterized\parameterized.py", line 530, in standalone_func
    return func(*(a + p.args), **p.kwargs)
  File "C:\Users\mutation\Desktop\theano-testcase\tests\test_sort.py", line 291, in test_topk_1d
    y = topk(x, k, sorted=sorted)
  File "C:\ProgramData\Anaconda3\envs\keras\lib\site-packages\theano\tensor\sort.py", line 496, in topk
    idx_dtype=idx_dtype)(x, kth)[0]
  File "C:\ProgramData\Anaconda3\envs\keras\lib\site-packages\theano\tensor\sort.py", line 373, in __init__
    '"idx_dtype" parameter must be an integer dtype, got "%s"' % idx_dtype)
TypeError: "idx_dtype" parameter must be an integer dtype, got "XXint64XX"

======================================================================
ERROR: test_topk_1d_42 (test_sort.Test_TopK)
----------------------------------------------------------------------
Traceback (most recent call last):
  File "C:\ProgramData\Anaconda3\envs\keras\lib\site-packages\parameterized\parameterized.py", line 530, in standalone_func
    return func(*(a + p.args), **p.kwargs)
  File "C:\Users\mutation\Desktop\theano-testcase\tests\test_sort.py", line 291, in test_topk_1d
    y = topk(x, k, sorted=sorted)
  File "C:\ProgramData\Anaconda3\envs\keras\lib\site-packages\theano\tensor\sort.py", line 496, in topk
    idx_dtype=idx_dtype)(x, kth)[0]
  File "C:\ProgramData\Anaconda3\envs\keras\lib\site-packages\theano\tensor\sort.py", line 373, in __init__
    '"idx_dtype" parameter must be an integer dtype, got "%s"' % idx_dtype)
TypeError: "idx_dtype" parameter must be an integer dtype, got "XXint64XX"

======================================================================
ERROR: test_topk_1d_43 (test_sort.Test_TopK)
----------------------------------------------------------------------
Traceback (most recent call last):
  File "C:\ProgramData\Anaconda3\envs\keras\lib\site-packages\parameterized\parameterized.py", line 530, in standalone_func
    return func(*(a + p.args), **p.kwargs)
  File "C:\Users\mutation\Desktop\theano-testcase\tests\test_sort.py", line 291, in test_topk_1d
    y = topk(x, k, sorted=sorted)
  File "C:\ProgramData\Anaconda3\envs\keras\lib\site-packages\theano\tensor\sort.py", line 496, in topk
    idx_dtype=idx_dtype)(x, kth)[0]
  File "C:\ProgramData\Anaconda3\envs\keras\lib\site-packages\theano\tensor\sort.py", line 373, in __init__
    '"idx_dtype" parameter must be an integer dtype, got "%s"' % idx_dtype)
TypeError: "idx_dtype" parameter must be an integer dtype, got "XXint64XX"

======================================================================
ERROR: test_topk_1d_44 (test_sort.Test_TopK)
----------------------------------------------------------------------
Traceback (most recent call last):
  File "C:\ProgramData\Anaconda3\envs\keras\lib\site-packages\parameterized\parameterized.py", line 530, in standalone_func
    return func(*(a + p.args), **p.kwargs)
  File "C:\Users\mutation\Desktop\theano-testcase\tests\test_sort.py", line 291, in test_topk_1d
    y = topk(x, k, sorted=sorted)
  File "C:\ProgramData\Anaconda3\envs\keras\lib\site-packages\theano\tensor\sort.py", line 496, in topk
    idx_dtype=idx_dtype)(x, kth)[0]
  File "C:\ProgramData\Anaconda3\envs\keras\lib\site-packages\theano\tensor\sort.py", line 373, in __init__
    '"idx_dtype" parameter must be an integer dtype, got "%s"' % idx_dtype)
TypeError: "idx_dtype" parameter must be an integer dtype, got "XXint64XX"

======================================================================
ERROR: test_topk_1d_45 (test_sort.Test_TopK)
----------------------------------------------------------------------
Traceback (most recent call last):
  File "C:\ProgramData\Anaconda3\envs\keras\lib\site-packages\parameterized\parameterized.py", line 530, in standalone_func
    return func(*(a + p.args), **p.kwargs)
  File "C:\Users\mutation\Desktop\theano-testcase\tests\test_sort.py", line 291, in test_topk_1d
    y = topk(x, k, sorted=sorted)
  File "C:\ProgramData\Anaconda3\envs\keras\lib\site-packages\theano\tensor\sort.py", line 496, in topk
    idx_dtype=idx_dtype)(x, kth)[0]
  File "C:\ProgramData\Anaconda3\envs\keras\lib\site-packages\theano\tensor\sort.py", line 373, in __init__
    '"idx_dtype" parameter must be an integer dtype, got "%s"' % idx_dtype)
TypeError: "idx_dtype" parameter must be an integer dtype, got "XXint64XX"

======================================================================
ERROR: test_topk_1d_46 (test_sort.Test_TopK)
----------------------------------------------------------------------
Traceback (most recent call last):
  File "C:\ProgramData\Anaconda3\envs\keras\lib\site-packages\parameterized\parameterized.py", line 530, in standalone_func
    return func(*(a + p.args), **p.kwargs)
  File "C:\Users\mutation\Desktop\theano-testcase\tests\test_sort.py", line 291, in test_topk_1d
    y = topk(x, k, sorted=sorted)
  File "C:\ProgramData\Anaconda3\envs\keras\lib\site-packages\theano\tensor\sort.py", line 496, in topk
    idx_dtype=idx_dtype)(x, kth)[0]
  File "C:\ProgramData\Anaconda3\envs\keras\lib\site-packages\theano\tensor\sort.py", line 373, in __init__
    '"idx_dtype" parameter must be an integer dtype, got "%s"' % idx_dtype)
TypeError: "idx_dtype" parameter must be an integer dtype, got "XXint64XX"

======================================================================
ERROR: test_topk_1d_47 (test_sort.Test_TopK)
----------------------------------------------------------------------
Traceback (most recent call last):
  File "C:\ProgramData\Anaconda3\envs\keras\lib\site-packages\parameterized\parameterized.py", line 530, in standalone_func
    return func(*(a + p.args), **p.kwargs)
  File "C:\Users\mutation\Desktop\theano-testcase\tests\test_sort.py", line 291, in test_topk_1d
    y = topk(x, k, sorted=sorted)
  File "C:\ProgramData\Anaconda3\envs\keras\lib\site-packages\theano\tensor\sort.py", line 496, in topk
    idx_dtype=idx_dtype)(x, kth)[0]
  File "C:\ProgramData\Anaconda3\envs\keras\lib\site-packages\theano\tensor\sort.py", line 373, in __init__
    '"idx_dtype" parameter must be an integer dtype, got "%s"' % idx_dtype)
TypeError: "idx_dtype" parameter must be an integer dtype, got "XXint64XX"

======================================================================
ERROR: test_topk_1d_48 (test_sort.Test_TopK)
----------------------------------------------------------------------
Traceback (most recent call last):
  File "C:\ProgramData\Anaconda3\envs\keras\lib\site-packages\parameterized\parameterized.py", line 530, in standalone_func
    return func(*(a + p.args), **p.kwargs)
  File "C:\Users\mutation\Desktop\theano-testcase\tests\test_sort.py", line 291, in test_topk_1d
    y = topk(x, k, sorted=sorted)
  File "C:\ProgramData\Anaconda3\envs\keras\lib\site-packages\theano\tensor\sort.py", line 496, in topk
    idx_dtype=idx_dtype)(x, kth)[0]
  File "C:\ProgramData\Anaconda3\envs\keras\lib\site-packages\theano\tensor\sort.py", line 373, in __init__
    '"idx_dtype" parameter must be an integer dtype, got "%s"' % idx_dtype)
TypeError: "idx_dtype" parameter must be an integer dtype, got "XXint64XX"

======================================================================
ERROR: test_topk_1d_49 (test_sort.Test_TopK)
----------------------------------------------------------------------
Traceback (most recent call last):
  File "C:\ProgramData\Anaconda3\envs\keras\lib\site-packages\parameterized\parameterized.py", line 530, in standalone_func
    return func(*(a + p.args), **p.kwargs)
  File "C:\Users\mutation\Desktop\theano-testcase\tests\test_sort.py", line 291, in test_topk_1d
    y = topk(x, k, sorted=sorted)
  File "C:\ProgramData\Anaconda3\envs\keras\lib\site-packages\theano\tensor\sort.py", line 496, in topk
    idx_dtype=idx_dtype)(x, kth)[0]
  File "C:\ProgramData\Anaconda3\envs\keras\lib\site-packages\theano\tensor\sort.py", line 373, in __init__
    '"idx_dtype" parameter must be an integer dtype, got "%s"' % idx_dtype)
TypeError: "idx_dtype" parameter must be an integer dtype, got "XXint64XX"

======================================================================
ERROR: test_topk_1d_50 (test_sort.Test_TopK)
----------------------------------------------------------------------
Traceback (most recent call last):
  File "C:\ProgramData\Anaconda3\envs\keras\lib\site-packages\parameterized\parameterized.py", line 530, in standalone_func
    return func(*(a + p.args), **p.kwargs)
  File "C:\Users\mutation\Desktop\theano-testcase\tests\test_sort.py", line 291, in test_topk_1d
    y = topk(x, k, sorted=sorted)
  File "C:\ProgramData\Anaconda3\envs\keras\lib\site-packages\theano\tensor\sort.py", line 496, in topk
    idx_dtype=idx_dtype)(x, kth)[0]
  File "C:\ProgramData\Anaconda3\envs\keras\lib\site-packages\theano\tensor\sort.py", line 373, in __init__
    '"idx_dtype" parameter must be an integer dtype, got "%s"' % idx_dtype)
TypeError: "idx_dtype" parameter must be an integer dtype, got "XXint64XX"

======================================================================
ERROR: test_topk_1d_51 (test_sort.Test_TopK)
----------------------------------------------------------------------
Traceback (most recent call last):
  File "C:\ProgramData\Anaconda3\envs\keras\lib\site-packages\parameterized\parameterized.py", line 530, in standalone_func
    return func(*(a + p.args), **p.kwargs)
  File "C:\Users\mutation\Desktop\theano-testcase\tests\test_sort.py", line 291, in test_topk_1d
    y = topk(x, k, sorted=sorted)
  File "C:\ProgramData\Anaconda3\envs\keras\lib\site-packages\theano\tensor\sort.py", line 496, in topk
    idx_dtype=idx_dtype)(x, kth)[0]
  File "C:\ProgramData\Anaconda3\envs\keras\lib\site-packages\theano\tensor\sort.py", line 373, in __init__
    '"idx_dtype" parameter must be an integer dtype, got "%s"' % idx_dtype)
TypeError: "idx_dtype" parameter must be an integer dtype, got "XXint64XX"

======================================================================
ERROR: test_topk_1d_52 (test_sort.Test_TopK)
----------------------------------------------------------------------
Traceback (most recent call last):
  File "C:\ProgramData\Anaconda3\envs\keras\lib\site-packages\parameterized\parameterized.py", line 530, in standalone_func
    return func(*(a + p.args), **p.kwargs)
  File "C:\Users\mutation\Desktop\theano-testcase\tests\test_sort.py", line 291, in test_topk_1d
    y = topk(x, k, sorted=sorted)
  File "C:\ProgramData\Anaconda3\envs\keras\lib\site-packages\theano\tensor\sort.py", line 496, in topk
    idx_dtype=idx_dtype)(x, kth)[0]
  File "C:\ProgramData\Anaconda3\envs\keras\lib\site-packages\theano\tensor\sort.py", line 373, in __init__
    '"idx_dtype" parameter must be an integer dtype, got "%s"' % idx_dtype)
TypeError: "idx_dtype" parameter must be an integer dtype, got "XXint64XX"

======================================================================
ERROR: test_topk_1d_53 (test_sort.Test_TopK)
----------------------------------------------------------------------
Traceback (most recent call last):
  File "C:\ProgramData\Anaconda3\envs\keras\lib\site-packages\parameterized\parameterized.py", line 530, in standalone_func
    return func(*(a + p.args), **p.kwargs)
  File "C:\Users\mutation\Desktop\theano-testcase\tests\test_sort.py", line 291, in test_topk_1d
    y = topk(x, k, sorted=sorted)
  File "C:\ProgramData\Anaconda3\envs\keras\lib\site-packages\theano\tensor\sort.py", line 496, in topk
    idx_dtype=idx_dtype)(x, kth)[0]
  File "C:\ProgramData\Anaconda3\envs\keras\lib\site-packages\theano\tensor\sort.py", line 373, in __init__
    '"idx_dtype" parameter must be an integer dtype, got "%s"' % idx_dtype)
TypeError: "idx_dtype" parameter must be an integer dtype, got "XXint64XX"

======================================================================
ERROR: test_topk_1d_54 (test_sort.Test_TopK)
----------------------------------------------------------------------
Traceback (most recent call last):
  File "C:\ProgramData\Anaconda3\envs\keras\lib\site-packages\parameterized\parameterized.py", line 530, in standalone_func
    return func(*(a + p.args), **p.kwargs)
  File "C:\Users\mutation\Desktop\theano-testcase\tests\test_sort.py", line 291, in test_topk_1d
    y = topk(x, k, sorted=sorted)
  File "C:\ProgramData\Anaconda3\envs\keras\lib\site-packages\theano\tensor\sort.py", line 496, in topk
    idx_dtype=idx_dtype)(x, kth)[0]
  File "C:\ProgramData\Anaconda3\envs\keras\lib\site-packages\theano\tensor\sort.py", line 373, in __init__
    '"idx_dtype" parameter must be an integer dtype, got "%s"' % idx_dtype)
TypeError: "idx_dtype" parameter must be an integer dtype, got "XXint64XX"

======================================================================
ERROR: test_topk_1d_55 (test_sort.Test_TopK)
----------------------------------------------------------------------
Traceback (most recent call last):
  File "C:\ProgramData\Anaconda3\envs\keras\lib\site-packages\parameterized\parameterized.py", line 530, in standalone_func
    return func(*(a + p.args), **p.kwargs)
  File "C:\Users\mutation\Desktop\theano-testcase\tests\test_sort.py", line 291, in test_topk_1d
    y = topk(x, k, sorted=sorted)
  File "C:\ProgramData\Anaconda3\envs\keras\lib\site-packages\theano\tensor\sort.py", line 496, in topk
    idx_dtype=idx_dtype)(x, kth)[0]
  File "C:\ProgramData\Anaconda3\envs\keras\lib\site-packages\theano\tensor\sort.py", line 373, in __init__
    '"idx_dtype" parameter must be an integer dtype, got "%s"' % idx_dtype)
TypeError: "idx_dtype" parameter must be an integer dtype, got "XXint64XX"

======================================================================
ERROR: test_topk_1d_56 (test_sort.Test_TopK)
----------------------------------------------------------------------
Traceback (most recent call last):
  File "C:\ProgramData\Anaconda3\envs\keras\lib\site-packages\parameterized\parameterized.py", line 530, in standalone_func
    return func(*(a + p.args), **p.kwargs)
  File "C:\Users\mutation\Desktop\theano-testcase\tests\test_sort.py", line 291, in test_topk_1d
    y = topk(x, k, sorted=sorted)
  File "C:\ProgramData\Anaconda3\envs\keras\lib\site-packages\theano\tensor\sort.py", line 496, in topk
    idx_dtype=idx_dtype)(x, kth)[0]
  File "C:\ProgramData\Anaconda3\envs\keras\lib\site-packages\theano\tensor\sort.py", line 373, in __init__
    '"idx_dtype" parameter must be an integer dtype, got "%s"' % idx_dtype)
TypeError: "idx_dtype" parameter must be an integer dtype, got "XXint64XX"

======================================================================
ERROR: test_topk_1d_57 (test_sort.Test_TopK)
----------------------------------------------------------------------
Traceback (most recent call last):
  File "C:\ProgramData\Anaconda3\envs\keras\lib\site-packages\parameterized\parameterized.py", line 530, in standalone_func
    return func(*(a + p.args), **p.kwargs)
  File "C:\Users\mutation\Desktop\theano-testcase\tests\test_sort.py", line 291, in test_topk_1d
    y = topk(x, k, sorted=sorted)
  File "C:\ProgramData\Anaconda3\envs\keras\lib\site-packages\theano\tensor\sort.py", line 496, in topk
    idx_dtype=idx_dtype)(x, kth)[0]
  File "C:\ProgramData\Anaconda3\envs\keras\lib\site-packages\theano\tensor\sort.py", line 373, in __init__
    '"idx_dtype" parameter must be an integer dtype, got "%s"' % idx_dtype)
TypeError: "idx_dtype" parameter must be an integer dtype, got "XXint64XX"

======================================================================
ERROR: test_topk_1d_58 (test_sort.Test_TopK)
----------------------------------------------------------------------
Traceback (most recent call last):
  File "C:\ProgramData\Anaconda3\envs\keras\lib\site-packages\parameterized\parameterized.py", line 530, in standalone_func
    return func(*(a + p.args), **p.kwargs)
  File "C:\Users\mutation\Desktop\theano-testcase\tests\test_sort.py", line 291, in test_topk_1d
    y = topk(x, k, sorted=sorted)
  File "C:\ProgramData\Anaconda3\envs\keras\lib\site-packages\theano\tensor\sort.py", line 496, in topk
    idx_dtype=idx_dtype)(x, kth)[0]
  File "C:\ProgramData\Anaconda3\envs\keras\lib\site-packages\theano\tensor\sort.py", line 373, in __init__
    '"idx_dtype" parameter must be an integer dtype, got "%s"' % idx_dtype)
TypeError: "idx_dtype" parameter must be an integer dtype, got "XXint64XX"

======================================================================
ERROR: test_topk_1d_59 (test_sort.Test_TopK)
----------------------------------------------------------------------
Traceback (most recent call last):
  File "C:\ProgramData\Anaconda3\envs\keras\lib\site-packages\parameterized\parameterized.py", line 530, in standalone_func
    return func(*(a + p.args), **p.kwargs)
  File "C:\Users\mutation\Desktop\theano-testcase\tests\test_sort.py", line 291, in test_topk_1d
    y = topk(x, k, sorted=sorted)
  File "C:\ProgramData\Anaconda3\envs\keras\lib\site-packages\theano\tensor\sort.py", line 496, in topk
    idx_dtype=idx_dtype)(x, kth)[0]
  File "C:\ProgramData\Anaconda3\envs\keras\lib\site-packages\theano\tensor\sort.py", line 373, in __init__
    '"idx_dtype" parameter must be an integer dtype, got "%s"' % idx_dtype)
TypeError: "idx_dtype" parameter must be an integer dtype, got "XXint64XX"

======================================================================
ERROR: test_topk_1d_60 (test_sort.Test_TopK)
----------------------------------------------------------------------
Traceback (most recent call last):
  File "C:\ProgramData\Anaconda3\envs\keras\lib\site-packages\parameterized\parameterized.py", line 530, in standalone_func
    return func(*(a + p.args), **p.kwargs)
  File "C:\Users\mutation\Desktop\theano-testcase\tests\test_sort.py", line 291, in test_topk_1d
    y = topk(x, k, sorted=sorted)
  File "C:\ProgramData\Anaconda3\envs\keras\lib\site-packages\theano\tensor\sort.py", line 496, in topk
    idx_dtype=idx_dtype)(x, kth)[0]
  File "C:\ProgramData\Anaconda3\envs\keras\lib\site-packages\theano\tensor\sort.py", line 373, in __init__
    '"idx_dtype" parameter must be an integer dtype, got "%s"' % idx_dtype)
TypeError: "idx_dtype" parameter must be an integer dtype, got "XXint64XX"

======================================================================
ERROR: test_topk_1d_61 (test_sort.Test_TopK)
----------------------------------------------------------------------
Traceback (most recent call last):
  File "C:\ProgramData\Anaconda3\envs\keras\lib\site-packages\parameterized\parameterized.py", line 530, in standalone_func
    return func(*(a + p.args), **p.kwargs)
  File "C:\Users\mutation\Desktop\theano-testcase\tests\test_sort.py", line 291, in test_topk_1d
    y = topk(x, k, sorted=sorted)
  File "C:\ProgramData\Anaconda3\envs\keras\lib\site-packages\theano\tensor\sort.py", line 496, in topk
    idx_dtype=idx_dtype)(x, kth)[0]
  File "C:\ProgramData\Anaconda3\envs\keras\lib\site-packages\theano\tensor\sort.py", line 373, in __init__
    '"idx_dtype" parameter must be an integer dtype, got "%s"' % idx_dtype)
TypeError: "idx_dtype" parameter must be an integer dtype, got "XXint64XX"

======================================================================
ERROR: test_topk_1d_62 (test_sort.Test_TopK)
----------------------------------------------------------------------
Traceback (most recent call last):
  File "C:\ProgramData\Anaconda3\envs\keras\lib\site-packages\parameterized\parameterized.py", line 530, in standalone_func
    return func(*(a + p.args), **p.kwargs)
  File "C:\Users\mutation\Desktop\theano-testcase\tests\test_sort.py", line 291, in test_topk_1d
    y = topk(x, k, sorted=sorted)
  File "C:\ProgramData\Anaconda3\envs\keras\lib\site-packages\theano\tensor\sort.py", line 496, in topk
    idx_dtype=idx_dtype)(x, kth)[0]
  File "C:\ProgramData\Anaconda3\envs\keras\lib\site-packages\theano\tensor\sort.py", line 373, in __init__
    '"idx_dtype" parameter must be an integer dtype, got "%s"' % idx_dtype)
TypeError: "idx_dtype" parameter must be an integer dtype, got "XXint64XX"

======================================================================
ERROR: test_topk_1d_63 (test_sort.Test_TopK)
----------------------------------------------------------------------
Traceback (most recent call last):
  File "C:\ProgramData\Anaconda3\envs\keras\lib\site-packages\parameterized\parameterized.py", line 530, in standalone_func
    return func(*(a + p.args), **p.kwargs)
  File "C:\Users\mutation\Desktop\theano-testcase\tests\test_sort.py", line 291, in test_topk_1d
    y = topk(x, k, sorted=sorted)
  File "C:\ProgramData\Anaconda3\envs\keras\lib\site-packages\theano\tensor\sort.py", line 496, in topk
    idx_dtype=idx_dtype)(x, kth)[0]
  File "C:\ProgramData\Anaconda3\envs\keras\lib\site-packages\theano\tensor\sort.py", line 373, in __init__
    '"idx_dtype" parameter must be an integer dtype, got "%s"' % idx_dtype)
TypeError: "idx_dtype" parameter must be an integer dtype, got "XXint64XX"

======================================================================
ERROR: test_topk_1d_64 (test_sort.Test_TopK)
----------------------------------------------------------------------
Traceback (most recent call last):
  File "C:\ProgramData\Anaconda3\envs\keras\lib\site-packages\parameterized\parameterized.py", line 530, in standalone_func
    return func(*(a + p.args), **p.kwargs)
  File "C:\Users\mutation\Desktop\theano-testcase\tests\test_sort.py", line 291, in test_topk_1d
    y = topk(x, k, sorted=sorted)
  File "C:\ProgramData\Anaconda3\envs\keras\lib\site-packages\theano\tensor\sort.py", line 496, in topk
    idx_dtype=idx_dtype)(x, kth)[0]
  File "C:\ProgramData\Anaconda3\envs\keras\lib\site-packages\theano\tensor\sort.py", line 373, in __init__
    '"idx_dtype" parameter must be an integer dtype, got "%s"' % idx_dtype)
TypeError: "idx_dtype" parameter must be an integer dtype, got "XXint64XX"

======================================================================
ERROR: test_topk_1d_65 (test_sort.Test_TopK)
----------------------------------------------------------------------
Traceback (most recent call last):
  File "C:\ProgramData\Anaconda3\envs\keras\lib\site-packages\parameterized\parameterized.py", line 530, in standalone_func
    return func(*(a + p.args), **p.kwargs)
  File "C:\Users\mutation\Desktop\theano-testcase\tests\test_sort.py", line 291, in test_topk_1d
    y = topk(x, k, sorted=sorted)
  File "C:\ProgramData\Anaconda3\envs\keras\lib\site-packages\theano\tensor\sort.py", line 496, in topk
    idx_dtype=idx_dtype)(x, kth)[0]
  File "C:\ProgramData\Anaconda3\envs\keras\lib\site-packages\theano\tensor\sort.py", line 373, in __init__
    '"idx_dtype" parameter must be an integer dtype, got "%s"' % idx_dtype)
TypeError: "idx_dtype" parameter must be an integer dtype, got "XXint64XX"

======================================================================
ERROR: test_topk_1d_66 (test_sort.Test_TopK)
----------------------------------------------------------------------
Traceback (most recent call last):
  File "C:\ProgramData\Anaconda3\envs\keras\lib\site-packages\parameterized\parameterized.py", line 530, in standalone_func
    return func(*(a + p.args), **p.kwargs)
  File "C:\Users\mutation\Desktop\theano-testcase\tests\test_sort.py", line 291, in test_topk_1d
    y = topk(x, k, sorted=sorted)
  File "C:\ProgramData\Anaconda3\envs\keras\lib\site-packages\theano\tensor\sort.py", line 496, in topk
    idx_dtype=idx_dtype)(x, kth)[0]
  File "C:\ProgramData\Anaconda3\envs\keras\lib\site-packages\theano\tensor\sort.py", line 373, in __init__
    '"idx_dtype" parameter must be an integer dtype, got "%s"' % idx_dtype)
TypeError: "idx_dtype" parameter must be an integer dtype, got "XXint64XX"

======================================================================
ERROR: test_topk_1d_67 (test_sort.Test_TopK)
----------------------------------------------------------------------
Traceback (most recent call last):
  File "C:\ProgramData\Anaconda3\envs\keras\lib\site-packages\parameterized\parameterized.py", line 530, in standalone_func
    return func(*(a + p.args), **p.kwargs)
  File "C:\Users\mutation\Desktop\theano-testcase\tests\test_sort.py", line 291, in test_topk_1d
    y = topk(x, k, sorted=sorted)
  File "C:\ProgramData\Anaconda3\envs\keras\lib\site-packages\theano\tensor\sort.py", line 496, in topk
    idx_dtype=idx_dtype)(x, kth)[0]
  File "C:\ProgramData\Anaconda3\envs\keras\lib\site-packages\theano\tensor\sort.py", line 373, in __init__
    '"idx_dtype" parameter must be an integer dtype, got "%s"' % idx_dtype)
TypeError: "idx_dtype" parameter must be an integer dtype, got "XXint64XX"

======================================================================
ERROR: test_topk_1d_68 (test_sort.Test_TopK)
----------------------------------------------------------------------
Traceback (most recent call last):
  File "C:\ProgramData\Anaconda3\envs\keras\lib\site-packages\parameterized\parameterized.py", line 530, in standalone_func
    return func(*(a + p.args), **p.kwargs)
  File "C:\Users\mutation\Desktop\theano-testcase\tests\test_sort.py", line 291, in test_topk_1d
    y = topk(x, k, sorted=sorted)
  File "C:\ProgramData\Anaconda3\envs\keras\lib\site-packages\theano\tensor\sort.py", line 496, in topk
    idx_dtype=idx_dtype)(x, kth)[0]
  File "C:\ProgramData\Anaconda3\envs\keras\lib\site-packages\theano\tensor\sort.py", line 373, in __init__
    '"idx_dtype" parameter must be an integer dtype, got "%s"' % idx_dtype)
TypeError: "idx_dtype" parameter must be an integer dtype, got "XXint64XX"

======================================================================
ERROR: test_topk_1d_69 (test_sort.Test_TopK)
----------------------------------------------------------------------
Traceback (most recent call last):
  File "C:\ProgramData\Anaconda3\envs\keras\lib\site-packages\parameterized\parameterized.py", line 530, in standalone_func
    return func(*(a + p.args), **p.kwargs)
  File "C:\Users\mutation\Desktop\theano-testcase\tests\test_sort.py", line 291, in test_topk_1d
    y = topk(x, k, sorted=sorted)
  File "C:\ProgramData\Anaconda3\envs\keras\lib\site-packages\theano\tensor\sort.py", line 496, in topk
    idx_dtype=idx_dtype)(x, kth)[0]
  File "C:\ProgramData\Anaconda3\envs\keras\lib\site-packages\theano\tensor\sort.py", line 373, in __init__
    '"idx_dtype" parameter must be an integer dtype, got "%s"' % idx_dtype)
TypeError: "idx_dtype" parameter must be an integer dtype, got "XXint64XX"

======================================================================
ERROR: test_topk_1d_70 (test_sort.Test_TopK)
----------------------------------------------------------------------
Traceback (most recent call last):
  File "C:\ProgramData\Anaconda3\envs\keras\lib\site-packages\parameterized\parameterized.py", line 530, in standalone_func
    return func(*(a + p.args), **p.kwargs)
  File "C:\Users\mutation\Desktop\theano-testcase\tests\test_sort.py", line 291, in test_topk_1d
    y = topk(x, k, sorted=sorted)
  File "C:\ProgramData\Anaconda3\envs\keras\lib\site-packages\theano\tensor\sort.py", line 496, in topk
    idx_dtype=idx_dtype)(x, kth)[0]
  File "C:\ProgramData\Anaconda3\envs\keras\lib\site-packages\theano\tensor\sort.py", line 373, in __init__
    '"idx_dtype" parameter must be an integer dtype, got "%s"' % idx_dtype)
TypeError: "idx_dtype" parameter must be an integer dtype, got "XXint64XX"

======================================================================
ERROR: test_topk_1d_71 (test_sort.Test_TopK)
----------------------------------------------------------------------
Traceback (most recent call last):
  File "C:\ProgramData\Anaconda3\envs\keras\lib\site-packages\parameterized\parameterized.py", line 530, in standalone_func
    return func(*(a + p.args), **p.kwargs)
  File "C:\Users\mutation\Desktop\theano-testcase\tests\test_sort.py", line 291, in test_topk_1d
    y = topk(x, k, sorted=sorted)
  File "C:\ProgramData\Anaconda3\envs\keras\lib\site-packages\theano\tensor\sort.py", line 496, in topk
    idx_dtype=idx_dtype)(x, kth)[0]
  File "C:\ProgramData\Anaconda3\envs\keras\lib\site-packages\theano\tensor\sort.py", line 373, in __init__
    '"idx_dtype" parameter must be an integer dtype, got "%s"' % idx_dtype)
TypeError: "idx_dtype" parameter must be an integer dtype, got "XXint64XX"

======================================================================
ERROR: test_topk_1d_72 (test_sort.Test_TopK)
----------------------------------------------------------------------
Traceback (most recent call last):
  File "C:\ProgramData\Anaconda3\envs\keras\lib\site-packages\parameterized\parameterized.py", line 530, in standalone_func
    return func(*(a + p.args), **p.kwargs)
  File "C:\Users\mutation\Desktop\theano-testcase\tests\test_sort.py", line 291, in test_topk_1d
    y = topk(x, k, sorted=sorted)
  File "C:\ProgramData\Anaconda3\envs\keras\lib\site-packages\theano\tensor\sort.py", line 496, in topk
    idx_dtype=idx_dtype)(x, kth)[0]
  File "C:\ProgramData\Anaconda3\envs\keras\lib\site-packages\theano\tensor\sort.py", line 373, in __init__
    '"idx_dtype" parameter must be an integer dtype, got "%s"' % idx_dtype)
TypeError: "idx_dtype" parameter must be an integer dtype, got "XXint64XX"

======================================================================
ERROR: test_topk_1d_73 (test_sort.Test_TopK)
----------------------------------------------------------------------
Traceback (most recent call last):
  File "C:\ProgramData\Anaconda3\envs\keras\lib\site-packages\parameterized\parameterized.py", line 530, in standalone_func
    return func(*(a + p.args), **p.kwargs)
  File "C:\Users\mutation\Desktop\theano-testcase\tests\test_sort.py", line 291, in test_topk_1d
    y = topk(x, k, sorted=sorted)
  File "C:\ProgramData\Anaconda3\envs\keras\lib\site-packages\theano\tensor\sort.py", line 496, in topk
    idx_dtype=idx_dtype)(x, kth)[0]
  File "C:\ProgramData\Anaconda3\envs\keras\lib\site-packages\theano\tensor\sort.py", line 373, in __init__
    '"idx_dtype" parameter must be an integer dtype, got "%s"' % idx_dtype)
TypeError: "idx_dtype" parameter must be an integer dtype, got "XXint64XX"

======================================================================
ERROR: test_topk_1d_74 (test_sort.Test_TopK)
----------------------------------------------------------------------
Traceback (most recent call last):
  File "C:\ProgramData\Anaconda3\envs\keras\lib\site-packages\parameterized\parameterized.py", line 530, in standalone_func
    return func(*(a + p.args), **p.kwargs)
  File "C:\Users\mutation\Desktop\theano-testcase\tests\test_sort.py", line 291, in test_topk_1d
    y = topk(x, k, sorted=sorted)
  File "C:\ProgramData\Anaconda3\envs\keras\lib\site-packages\theano\tensor\sort.py", line 496, in topk
    idx_dtype=idx_dtype)(x, kth)[0]
  File "C:\ProgramData\Anaconda3\envs\keras\lib\site-packages\theano\tensor\sort.py", line 373, in __init__
    '"idx_dtype" parameter must be an integer dtype, got "%s"' % idx_dtype)
TypeError: "idx_dtype" parameter must be an integer dtype, got "XXint64XX"

======================================================================
ERROR: test_topk_1d_75 (test_sort.Test_TopK)
----------------------------------------------------------------------
Traceback (most recent call last):
  File "C:\ProgramData\Anaconda3\envs\keras\lib\site-packages\parameterized\parameterized.py", line 530, in standalone_func
    return func(*(a + p.args), **p.kwargs)
  File "C:\Users\mutation\Desktop\theano-testcase\tests\test_sort.py", line 291, in test_topk_1d
    y = topk(x, k, sorted=sorted)
  File "C:\ProgramData\Anaconda3\envs\keras\lib\site-packages\theano\tensor\sort.py", line 496, in topk
    idx_dtype=idx_dtype)(x, kth)[0]
  File "C:\ProgramData\Anaconda3\envs\keras\lib\site-packages\theano\tensor\sort.py", line 373, in __init__
    '"idx_dtype" parameter must be an integer dtype, got "%s"' % idx_dtype)
TypeError: "idx_dtype" parameter must be an integer dtype, got "XXint64XX"

======================================================================
ERROR: test_topk_1d_76 (test_sort.Test_TopK)
----------------------------------------------------------------------
Traceback (most recent call last):
  File "C:\ProgramData\Anaconda3\envs\keras\lib\site-packages\parameterized\parameterized.py", line 530, in standalone_func
    return func(*(a + p.args), **p.kwargs)
  File "C:\Users\mutation\Desktop\theano-testcase\tests\test_sort.py", line 291, in test_topk_1d
    y = topk(x, k, sorted=sorted)
  File "C:\ProgramData\Anaconda3\envs\keras\lib\site-packages\theano\tensor\sort.py", line 496, in topk
    idx_dtype=idx_dtype)(x, kth)[0]
  File "C:\ProgramData\Anaconda3\envs\keras\lib\site-packages\theano\tensor\sort.py", line 373, in __init__
    '"idx_dtype" parameter must be an integer dtype, got "%s"' % idx_dtype)
TypeError: "idx_dtype" parameter must be an integer dtype, got "XXint64XX"

======================================================================
ERROR: test_topk_1d_77 (test_sort.Test_TopK)
----------------------------------------------------------------------
Traceback (most recent call last):
  File "C:\ProgramData\Anaconda3\envs\keras\lib\site-packages\parameterized\parameterized.py", line 530, in standalone_func
    return func(*(a + p.args), **p.kwargs)
  File "C:\Users\mutation\Desktop\theano-testcase\tests\test_sort.py", line 291, in test_topk_1d
    y = topk(x, k, sorted=sorted)
  File "C:\ProgramData\Anaconda3\envs\keras\lib\site-packages\theano\tensor\sort.py", line 496, in topk
    idx_dtype=idx_dtype)(x, kth)[0]
  File "C:\ProgramData\Anaconda3\envs\keras\lib\site-packages\theano\tensor\sort.py", line 373, in __init__
    '"idx_dtype" parameter must be an integer dtype, got "%s"' % idx_dtype)
TypeError: "idx_dtype" parameter must be an integer dtype, got "XXint64XX"

======================================================================
ERROR: test_topk_1d_78 (test_sort.Test_TopK)
----------------------------------------------------------------------
Traceback (most recent call last):
  File "C:\ProgramData\Anaconda3\envs\keras\lib\site-packages\parameterized\parameterized.py", line 530, in standalone_func
    return func(*(a + p.args), **p.kwargs)
  File "C:\Users\mutation\Desktop\theano-testcase\tests\test_sort.py", line 291, in test_topk_1d
    y = topk(x, k, sorted=sorted)
  File "C:\ProgramData\Anaconda3\envs\keras\lib\site-packages\theano\tensor\sort.py", line 496, in topk
    idx_dtype=idx_dtype)(x, kth)[0]
  File "C:\ProgramData\Anaconda3\envs\keras\lib\site-packages\theano\tensor\sort.py", line 373, in __init__
    '"idx_dtype" parameter must be an integer dtype, got "%s"' % idx_dtype)
TypeError: "idx_dtype" parameter must be an integer dtype, got "XXint64XX"

======================================================================
ERROR: test_topk_1d_79 (test_sort.Test_TopK)
----------------------------------------------------------------------
Traceback (most recent call last):
  File "C:\ProgramData\Anaconda3\envs\keras\lib\site-packages\parameterized\parameterized.py", line 530, in standalone_func
    return func(*(a + p.args), **p.kwargs)
  File "C:\Users\mutation\Desktop\theano-testcase\tests\test_sort.py", line 291, in test_topk_1d
    y = topk(x, k, sorted=sorted)
  File "C:\ProgramData\Anaconda3\envs\keras\lib\site-packages\theano\tensor\sort.py", line 496, in topk
    idx_dtype=idx_dtype)(x, kth)[0]
  File "C:\ProgramData\Anaconda3\envs\keras\lib\site-packages\theano\tensor\sort.py", line 373, in __init__
    '"idx_dtype" parameter must be an integer dtype, got "%s"' % idx_dtype)
TypeError: "idx_dtype" parameter must be an integer dtype, got "XXint64XX"

======================================================================
ERROR: test_topk_1d_80 (test_sort.Test_TopK)
----------------------------------------------------------------------
Traceback (most recent call last):
  File "C:\ProgramData\Anaconda3\envs\keras\lib\site-packages\parameterized\parameterized.py", line 530, in standalone_func
    return func(*(a + p.args), **p.kwargs)
  File "C:\Users\mutation\Desktop\theano-testcase\tests\test_sort.py", line 291, in test_topk_1d
    y = topk(x, k, sorted=sorted)
  File "C:\ProgramData\Anaconda3\envs\keras\lib\site-packages\theano\tensor\sort.py", line 496, in topk
    idx_dtype=idx_dtype)(x, kth)[0]
  File "C:\ProgramData\Anaconda3\envs\keras\lib\site-packages\theano\tensor\sort.py", line 373, in __init__
    '"idx_dtype" parameter must be an integer dtype, got "%s"' % idx_dtype)
TypeError: "idx_dtype" parameter must be an integer dtype, got "XXint64XX"

======================================================================
ERROR: test_topk_1d_81 (test_sort.Test_TopK)
----------------------------------------------------------------------
Traceback (most recent call last):
  File "C:\ProgramData\Anaconda3\envs\keras\lib\site-packages\parameterized\parameterized.py", line 530, in standalone_func
    return func(*(a + p.args), **p.kwargs)
  File "C:\Users\mutation\Desktop\theano-testcase\tests\test_sort.py", line 291, in test_topk_1d
    y = topk(x, k, sorted=sorted)
  File "C:\ProgramData\Anaconda3\envs\keras\lib\site-packages\theano\tensor\sort.py", line 496, in topk
    idx_dtype=idx_dtype)(x, kth)[0]
  File "C:\ProgramData\Anaconda3\envs\keras\lib\site-packages\theano\tensor\sort.py", line 373, in __init__
    '"idx_dtype" parameter must be an integer dtype, got "%s"' % idx_dtype)
TypeError: "idx_dtype" parameter must be an integer dtype, got "XXint64XX"

======================================================================
ERROR: test_topk_1d_82 (test_sort.Test_TopK)
----------------------------------------------------------------------
Traceback (most recent call last):
  File "C:\ProgramData\Anaconda3\envs\keras\lib\site-packages\parameterized\parameterized.py", line 530, in standalone_func
    return func(*(a + p.args), **p.kwargs)
  File "C:\Users\mutation\Desktop\theano-testcase\tests\test_sort.py", line 291, in test_topk_1d
    y = topk(x, k, sorted=sorted)
  File "C:\ProgramData\Anaconda3\envs\keras\lib\site-packages\theano\tensor\sort.py", line 496, in topk
    idx_dtype=idx_dtype)(x, kth)[0]
  File "C:\ProgramData\Anaconda3\envs\keras\lib\site-packages\theano\tensor\sort.py", line 373, in __init__
    '"idx_dtype" parameter must be an integer dtype, got "%s"' % idx_dtype)
TypeError: "idx_dtype" parameter must be an integer dtype, got "XXint64XX"

======================================================================
ERROR: test_topk_1d_83 (test_sort.Test_TopK)
----------------------------------------------------------------------
Traceback (most recent call last):
  File "C:\ProgramData\Anaconda3\envs\keras\lib\site-packages\parameterized\parameterized.py", line 530, in standalone_func
    return func(*(a + p.args), **p.kwargs)
  File "C:\Users\mutation\Desktop\theano-testcase\tests\test_sort.py", line 291, in test_topk_1d
    y = topk(x, k, sorted=sorted)
  File "C:\ProgramData\Anaconda3\envs\keras\lib\site-packages\theano\tensor\sort.py", line 496, in topk
    idx_dtype=idx_dtype)(x, kth)[0]
  File "C:\ProgramData\Anaconda3\envs\keras\lib\site-packages\theano\tensor\sort.py", line 373, in __init__
    '"idx_dtype" parameter must be an integer dtype, got "%s"' % idx_dtype)
TypeError: "idx_dtype" parameter must be an integer dtype, got "XXint64XX"

======================================================================
ERROR: test_topk_1d_84 (test_sort.Test_TopK)
----------------------------------------------------------------------
Traceback (most recent call last):
  File "C:\ProgramData\Anaconda3\envs\keras\lib\site-packages\parameterized\parameterized.py", line 530, in standalone_func
    return func(*(a + p.args), **p.kwargs)
  File "C:\Users\mutation\Desktop\theano-testcase\tests\test_sort.py", line 291, in test_topk_1d
    y = topk(x, k, sorted=sorted)
  File "C:\ProgramData\Anaconda3\envs\keras\lib\site-packages\theano\tensor\sort.py", line 496, in topk
    idx_dtype=idx_dtype)(x, kth)[0]
  File "C:\ProgramData\Anaconda3\envs\keras\lib\site-packages\theano\tensor\sort.py", line 373, in __init__
    '"idx_dtype" parameter must be an integer dtype, got "%s"' % idx_dtype)
TypeError: "idx_dtype" parameter must be an integer dtype, got "XXint64XX"

======================================================================
ERROR: test_topk_sanity_00_int8 (test_sort.Test_TopK)
----------------------------------------------------------------------
Traceback (most recent call last):
  File "C:\ProgramData\Anaconda3\envs\keras\lib\site-packages\parameterized\parameterized.py", line 530, in standalone_func
    return func(*(a + p.args), **p.kwargs)
  File "C:\Users\mutation\Desktop\theano-testcase\tests\test_sort.py", line 258, in test_topk_sanity
    fn = theano.function([x], topk(x, 1, axis=axis, sorted=sorted), mode=self.mode)
  File "C:\ProgramData\Anaconda3\envs\keras\lib\site-packages\theano\tensor\sort.py", line 496, in topk
    idx_dtype=idx_dtype)(x, kth)[0]
  File "C:\ProgramData\Anaconda3\envs\keras\lib\site-packages\theano\tensor\sort.py", line 373, in __init__
    '"idx_dtype" parameter must be an integer dtype, got "%s"' % idx_dtype)
TypeError: "idx_dtype" parameter must be an integer dtype, got "XXint64XX"

======================================================================
ERROR: test_topk_sanity_01_int8 (test_sort.Test_TopK)
----------------------------------------------------------------------
Traceback (most recent call last):
  File "C:\ProgramData\Anaconda3\envs\keras\lib\site-packages\parameterized\parameterized.py", line 530, in standalone_func
    return func(*(a + p.args), **p.kwargs)
  File "C:\Users\mutation\Desktop\theano-testcase\tests\test_sort.py", line 258, in test_topk_sanity
    fn = theano.function([x], topk(x, 1, axis=axis, sorted=sorted), mode=self.mode)
  File "C:\ProgramData\Anaconda3\envs\keras\lib\site-packages\theano\tensor\sort.py", line 496, in topk
    idx_dtype=idx_dtype)(x, kth)[0]
  File "C:\ProgramData\Anaconda3\envs\keras\lib\site-packages\theano\tensor\sort.py", line 373, in __init__
    '"idx_dtype" parameter must be an integer dtype, got "%s"' % idx_dtype)
TypeError: "idx_dtype" parameter must be an integer dtype, got "XXint64XX"

======================================================================
ERROR: test_topk_sanity_02_int8 (test_sort.Test_TopK)
----------------------------------------------------------------------
Traceback (most recent call last):
  File "C:\ProgramData\Anaconda3\envs\keras\lib\site-packages\parameterized\parameterized.py", line 530, in standalone_func
    return func(*(a + p.args), **p.kwargs)
  File "C:\Users\mutation\Desktop\theano-testcase\tests\test_sort.py", line 258, in test_topk_sanity
    fn = theano.function([x], topk(x, 1, axis=axis, sorted=sorted), mode=self.mode)
  File "C:\ProgramData\Anaconda3\envs\keras\lib\site-packages\theano\tensor\sort.py", line 496, in topk
    idx_dtype=idx_dtype)(x, kth)[0]
  File "C:\ProgramData\Anaconda3\envs\keras\lib\site-packages\theano\tensor\sort.py", line 373, in __init__
    '"idx_dtype" parameter must be an integer dtype, got "%s"' % idx_dtype)
TypeError: "idx_dtype" parameter must be an integer dtype, got "XXint64XX"

======================================================================
ERROR: test_topk_sanity_03_int16 (test_sort.Test_TopK)
----------------------------------------------------------------------
Traceback (most recent call last):
  File "C:\ProgramData\Anaconda3\envs\keras\lib\site-packages\parameterized\parameterized.py", line 530, in standalone_func
    return func(*(a + p.args), **p.kwargs)
  File "C:\Users\mutation\Desktop\theano-testcase\tests\test_sort.py", line 258, in test_topk_sanity
    fn = theano.function([x], topk(x, 1, axis=axis, sorted=sorted), mode=self.mode)
  File "C:\ProgramData\Anaconda3\envs\keras\lib\site-packages\theano\tensor\sort.py", line 496, in topk
    idx_dtype=idx_dtype)(x, kth)[0]
  File "C:\ProgramData\Anaconda3\envs\keras\lib\site-packages\theano\tensor\sort.py", line 373, in __init__
    '"idx_dtype" parameter must be an integer dtype, got "%s"' % idx_dtype)
TypeError: "idx_dtype" parameter must be an integer dtype, got "XXint64XX"

======================================================================
ERROR: test_topk_sanity_04_int16 (test_sort.Test_TopK)
----------------------------------------------------------------------
Traceback (most recent call last):
  File "C:\ProgramData\Anaconda3\envs\keras\lib\site-packages\parameterized\parameterized.py", line 530, in standalone_func
    return func(*(a + p.args), **p.kwargs)
  File "C:\Users\mutation\Desktop\theano-testcase\tests\test_sort.py", line 258, in test_topk_sanity
    fn = theano.function([x], topk(x, 1, axis=axis, sorted=sorted), mode=self.mode)
  File "C:\ProgramData\Anaconda3\envs\keras\lib\site-packages\theano\tensor\sort.py", line 496, in topk
    idx_dtype=idx_dtype)(x, kth)[0]
  File "C:\ProgramData\Anaconda3\envs\keras\lib\site-packages\theano\tensor\sort.py", line 373, in __init__
    '"idx_dtype" parameter must be an integer dtype, got "%s"' % idx_dtype)
TypeError: "idx_dtype" parameter must be an integer dtype, got "XXint64XX"

======================================================================
ERROR: test_topk_sanity_05_int16 (test_sort.Test_TopK)
----------------------------------------------------------------------
Traceback (most recent call last):
  File "C:\ProgramData\Anaconda3\envs\keras\lib\site-packages\parameterized\parameterized.py", line 530, in standalone_func
    return func(*(a + p.args), **p.kwargs)
  File "C:\Users\mutation\Desktop\theano-testcase\tests\test_sort.py", line 258, in test_topk_sanity
    fn = theano.function([x], topk(x, 1, axis=axis, sorted=sorted), mode=self.mode)
  File "C:\ProgramData\Anaconda3\envs\keras\lib\site-packages\theano\tensor\sort.py", line 496, in topk
    idx_dtype=idx_dtype)(x, kth)[0]
  File "C:\ProgramData\Anaconda3\envs\keras\lib\site-packages\theano\tensor\sort.py", line 373, in __init__
    '"idx_dtype" parameter must be an integer dtype, got "%s"' % idx_dtype)
TypeError: "idx_dtype" parameter must be an integer dtype, got "XXint64XX"

======================================================================
ERROR: test_topk_sanity_06_int32 (test_sort.Test_TopK)
----------------------------------------------------------------------
Traceback (most recent call last):
  File "C:\ProgramData\Anaconda3\envs\keras\lib\site-packages\parameterized\parameterized.py", line 530, in standalone_func
    return func(*(a + p.args), **p.kwargs)
  File "C:\Users\mutation\Desktop\theano-testcase\tests\test_sort.py", line 258, in test_topk_sanity
    fn = theano.function([x], topk(x, 1, axis=axis, sorted=sorted), mode=self.mode)
  File "C:\ProgramData\Anaconda3\envs\keras\lib\site-packages\theano\tensor\sort.py", line 496, in topk
    idx_dtype=idx_dtype)(x, kth)[0]
  File "C:\ProgramData\Anaconda3\envs\keras\lib\site-packages\theano\tensor\sort.py", line 373, in __init__
    '"idx_dtype" parameter must be an integer dtype, got "%s"' % idx_dtype)
TypeError: "idx_dtype" parameter must be an integer dtype, got "XXint64XX"

======================================================================
ERROR: test_topk_sanity_07_int32 (test_sort.Test_TopK)
----------------------------------------------------------------------
Traceback (most recent call last):
  File "C:\ProgramData\Anaconda3\envs\keras\lib\site-packages\parameterized\parameterized.py", line 530, in standalone_func
    return func(*(a + p.args), **p.kwargs)
  File "C:\Users\mutation\Desktop\theano-testcase\tests\test_sort.py", line 258, in test_topk_sanity
    fn = theano.function([x], topk(x, 1, axis=axis, sorted=sorted), mode=self.mode)
  File "C:\ProgramData\Anaconda3\envs\keras\lib\site-packages\theano\tensor\sort.py", line 496, in topk
    idx_dtype=idx_dtype)(x, kth)[0]
  File "C:\ProgramData\Anaconda3\envs\keras\lib\site-packages\theano\tensor\sort.py", line 373, in __init__
    '"idx_dtype" parameter must be an integer dtype, got "%s"' % idx_dtype)
TypeError: "idx_dtype" parameter must be an integer dtype, got "XXint64XX"

======================================================================
ERROR: test_topk_sanity_08_int32 (test_sort.Test_TopK)
----------------------------------------------------------------------
Traceback (most recent call last):
  File "C:\ProgramData\Anaconda3\envs\keras\lib\site-packages\parameterized\parameterized.py", line 530, in standalone_func
    return func(*(a + p.args), **p.kwargs)
  File "C:\Users\mutation\Desktop\theano-testcase\tests\test_sort.py", line 258, in test_topk_sanity
    fn = theano.function([x], topk(x, 1, axis=axis, sorted=sorted), mode=self.mode)
  File "C:\ProgramData\Anaconda3\envs\keras\lib\site-packages\theano\tensor\sort.py", line 496, in topk
    idx_dtype=idx_dtype)(x, kth)[0]
  File "C:\ProgramData\Anaconda3\envs\keras\lib\site-packages\theano\tensor\sort.py", line 373, in __init__
    '"idx_dtype" parameter must be an integer dtype, got "%s"' % idx_dtype)
TypeError: "idx_dtype" parameter must be an integer dtype, got "XXint64XX"

======================================================================
ERROR: test_topk_sanity_09_int64 (test_sort.Test_TopK)
----------------------------------------------------------------------
Traceback (most recent call last):
  File "C:\ProgramData\Anaconda3\envs\keras\lib\site-packages\parameterized\parameterized.py", line 530, in standalone_func
    return func(*(a + p.args), **p.kwargs)
  File "C:\Users\mutation\Desktop\theano-testcase\tests\test_sort.py", line 258, in test_topk_sanity
    fn = theano.function([x], topk(x, 1, axis=axis, sorted=sorted), mode=self.mode)
  File "C:\ProgramData\Anaconda3\envs\keras\lib\site-packages\theano\tensor\sort.py", line 496, in topk
    idx_dtype=idx_dtype)(x, kth)[0]
  File "C:\ProgramData\Anaconda3\envs\keras\lib\site-packages\theano\tensor\sort.py", line 373, in __init__
    '"idx_dtype" parameter must be an integer dtype, got "%s"' % idx_dtype)
TypeError: "idx_dtype" parameter must be an integer dtype, got "XXint64XX"

======================================================================
ERROR: test_topk_sanity_10_int64 (test_sort.Test_TopK)
----------------------------------------------------------------------
Traceback (most recent call last):
  File "C:\ProgramData\Anaconda3\envs\keras\lib\site-packages\parameterized\parameterized.py", line 530, in standalone_func
    return func(*(a + p.args), **p.kwargs)
  File "C:\Users\mutation\Desktop\theano-testcase\tests\test_sort.py", line 258, in test_topk_sanity
    fn = theano.function([x], topk(x, 1, axis=axis, sorted=sorted), mode=self.mode)
  File "C:\ProgramData\Anaconda3\envs\keras\lib\site-packages\theano\tensor\sort.py", line 496, in topk
    idx_dtype=idx_dtype)(x, kth)[0]
  File "C:\ProgramData\Anaconda3\envs\keras\lib\site-packages\theano\tensor\sort.py", line 373, in __init__
    '"idx_dtype" parameter must be an integer dtype, got "%s"' % idx_dtype)
TypeError: "idx_dtype" parameter must be an integer dtype, got "XXint64XX"

======================================================================
ERROR: test_topk_sanity_11_int64 (test_sort.Test_TopK)
----------------------------------------------------------------------
Traceback (most recent call last):
  File "C:\ProgramData\Anaconda3\envs\keras\lib\site-packages\parameterized\parameterized.py", line 530, in standalone_func
    return func(*(a + p.args), **p.kwargs)
  File "C:\Users\mutation\Desktop\theano-testcase\tests\test_sort.py", line 258, in test_topk_sanity
    fn = theano.function([x], topk(x, 1, axis=axis, sorted=sorted), mode=self.mode)
  File "C:\ProgramData\Anaconda3\envs\keras\lib\site-packages\theano\tensor\sort.py", line 496, in topk
    idx_dtype=idx_dtype)(x, kth)[0]
  File "C:\ProgramData\Anaconda3\envs\keras\lib\site-packages\theano\tensor\sort.py", line 373, in __init__
    '"idx_dtype" parameter must be an integer dtype, got "%s"' % idx_dtype)
TypeError: "idx_dtype" parameter must be an integer dtype, got "XXint64XX"

======================================================================
ERROR: test_topk_sanity_12_uint8 (test_sort.Test_TopK)
----------------------------------------------------------------------
Traceback (most recent call last):
  File "C:\ProgramData\Anaconda3\envs\keras\lib\site-packages\parameterized\parameterized.py", line 530, in standalone_func
    return func(*(a + p.args), **p.kwargs)
  File "C:\Users\mutation\Desktop\theano-testcase\tests\test_sort.py", line 258, in test_topk_sanity
    fn = theano.function([x], topk(x, 1, axis=axis, sorted=sorted), mode=self.mode)
  File "C:\ProgramData\Anaconda3\envs\keras\lib\site-packages\theano\tensor\sort.py", line 496, in topk
    idx_dtype=idx_dtype)(x, kth)[0]
  File "C:\ProgramData\Anaconda3\envs\keras\lib\site-packages\theano\tensor\sort.py", line 373, in __init__
    '"idx_dtype" parameter must be an integer dtype, got "%s"' % idx_dtype)
TypeError: "idx_dtype" parameter must be an integer dtype, got "XXint64XX"

======================================================================
ERROR: test_topk_sanity_13_uint8 (test_sort.Test_TopK)
----------------------------------------------------------------------
Traceback (most recent call last):
  File "C:\ProgramData\Anaconda3\envs\keras\lib\site-packages\parameterized\parameterized.py", line 530, in standalone_func
    return func(*(a + p.args), **p.kwargs)
  File "C:\Users\mutation\Desktop\theano-testcase\tests\test_sort.py", line 258, in test_topk_sanity
    fn = theano.function([x], topk(x, 1, axis=axis, sorted=sorted), mode=self.mode)
  File "C:\ProgramData\Anaconda3\envs\keras\lib\site-packages\theano\tensor\sort.py", line 496, in topk
    idx_dtype=idx_dtype)(x, kth)[0]
  File "C:\ProgramData\Anaconda3\envs\keras\lib\site-packages\theano\tensor\sort.py", line 373, in __init__
    '"idx_dtype" parameter must be an integer dtype, got "%s"' % idx_dtype)
TypeError: "idx_dtype" parameter must be an integer dtype, got "XXint64XX"

======================================================================
ERROR: test_topk_sanity_14_uint8 (test_sort.Test_TopK)
----------------------------------------------------------------------
Traceback (most recent call last):
  File "C:\ProgramData\Anaconda3\envs\keras\lib\site-packages\parameterized\parameterized.py", line 530, in standalone_func
    return func(*(a + p.args), **p.kwargs)
  File "C:\Users\mutation\Desktop\theano-testcase\tests\test_sort.py", line 258, in test_topk_sanity
    fn = theano.function([x], topk(x, 1, axis=axis, sorted=sorted), mode=self.mode)
  File "C:\ProgramData\Anaconda3\envs\keras\lib\site-packages\theano\tensor\sort.py", line 496, in topk
    idx_dtype=idx_dtype)(x, kth)[0]
  File "C:\ProgramData\Anaconda3\envs\keras\lib\site-packages\theano\tensor\sort.py", line 373, in __init__
    '"idx_dtype" parameter must be an integer dtype, got "%s"' % idx_dtype)
TypeError: "idx_dtype" parameter must be an integer dtype, got "XXint64XX"

======================================================================
ERROR: test_topk_sanity_15_uint16 (test_sort.Test_TopK)
----------------------------------------------------------------------
Traceback (most recent call last):
  File "C:\ProgramData\Anaconda3\envs\keras\lib\site-packages\parameterized\parameterized.py", line 530, in standalone_func
    return func(*(a + p.args), **p.kwargs)
  File "C:\Users\mutation\Desktop\theano-testcase\tests\test_sort.py", line 258, in test_topk_sanity
    fn = theano.function([x], topk(x, 1, axis=axis, sorted=sorted), mode=self.mode)
  File "C:\ProgramData\Anaconda3\envs\keras\lib\site-packages\theano\tensor\sort.py", line 496, in topk
    idx_dtype=idx_dtype)(x, kth)[0]
  File "C:\ProgramData\Anaconda3\envs\keras\lib\site-packages\theano\tensor\sort.py", line 373, in __init__
    '"idx_dtype" parameter must be an integer dtype, got "%s"' % idx_dtype)
TypeError: "idx_dtype" parameter must be an integer dtype, got "XXint64XX"

======================================================================
ERROR: test_topk_sanity_16_uint16 (test_sort.Test_TopK)
----------------------------------------------------------------------
Traceback (most recent call last):
  File "C:\ProgramData\Anaconda3\envs\keras\lib\site-packages\parameterized\parameterized.py", line 530, in standalone_func
    return func(*(a + p.args), **p.kwargs)
  File "C:\Users\mutation\Desktop\theano-testcase\tests\test_sort.py", line 258, in test_topk_sanity
    fn = theano.function([x], topk(x, 1, axis=axis, sorted=sorted), mode=self.mode)
  File "C:\ProgramData\Anaconda3\envs\keras\lib\site-packages\theano\tensor\sort.py", line 496, in topk
    idx_dtype=idx_dtype)(x, kth)[0]
  File "C:\ProgramData\Anaconda3\envs\keras\lib\site-packages\theano\tensor\sort.py", line 373, in __init__
    '"idx_dtype" parameter must be an integer dtype, got "%s"' % idx_dtype)
TypeError: "idx_dtype" parameter must be an integer dtype, got "XXint64XX"

======================================================================
ERROR: test_topk_sanity_17_uint16 (test_sort.Test_TopK)
----------------------------------------------------------------------
Traceback (most recent call last):
  File "C:\ProgramData\Anaconda3\envs\keras\lib\site-packages\parameterized\parameterized.py", line 530, in standalone_func
    return func(*(a + p.args), **p.kwargs)
  File "C:\Users\mutation\Desktop\theano-testcase\tests\test_sort.py", line 258, in test_topk_sanity
    fn = theano.function([x], topk(x, 1, axis=axis, sorted=sorted), mode=self.mode)
  File "C:\ProgramData\Anaconda3\envs\keras\lib\site-packages\theano\tensor\sort.py", line 496, in topk
    idx_dtype=idx_dtype)(x, kth)[0]
  File "C:\ProgramData\Anaconda3\envs\keras\lib\site-packages\theano\tensor\sort.py", line 373, in __init__
    '"idx_dtype" parameter must be an integer dtype, got "%s"' % idx_dtype)
TypeError: "idx_dtype" parameter must be an integer dtype, got "XXint64XX"

======================================================================
ERROR: test_topk_sanity_18_uint32 (test_sort.Test_TopK)
----------------------------------------------------------------------
Traceback (most recent call last):
  File "C:\ProgramData\Anaconda3\envs\keras\lib\site-packages\parameterized\parameterized.py", line 530, in standalone_func
    return func(*(a + p.args), **p.kwargs)
  File "C:\Users\mutation\Desktop\theano-testcase\tests\test_sort.py", line 258, in test_topk_sanity
    fn = theano.function([x], topk(x, 1, axis=axis, sorted=sorted), mode=self.mode)
  File "C:\ProgramData\Anaconda3\envs\keras\lib\site-packages\theano\tensor\sort.py", line 496, in topk
    idx_dtype=idx_dtype)(x, kth)[0]
  File "C:\ProgramData\Anaconda3\envs\keras\lib\site-packages\theano\tensor\sort.py", line 373, in __init__
    '"idx_dtype" parameter must be an integer dtype, got "%s"' % idx_dtype)
TypeError: "idx_dtype" parameter must be an integer dtype, got "XXint64XX"

======================================================================
ERROR: test_topk_sanity_19_uint32 (test_sort.Test_TopK)
----------------------------------------------------------------------
Traceback (most recent call last):
  File "C:\ProgramData\Anaconda3\envs\keras\lib\site-packages\parameterized\parameterized.py", line 530, in standalone_func
    return func(*(a + p.args), **p.kwargs)
  File "C:\Users\mutation\Desktop\theano-testcase\tests\test_sort.py", line 258, in test_topk_sanity
    fn = theano.function([x], topk(x, 1, axis=axis, sorted=sorted), mode=self.mode)
  File "C:\ProgramData\Anaconda3\envs\keras\lib\site-packages\theano\tensor\sort.py", line 496, in topk
    idx_dtype=idx_dtype)(x, kth)[0]
  File "C:\ProgramData\Anaconda3\envs\keras\lib\site-packages\theano\tensor\sort.py", line 373, in __init__
    '"idx_dtype" parameter must be an integer dtype, got "%s"' % idx_dtype)
TypeError: "idx_dtype" parameter must be an integer dtype, got "XXint64XX"

======================================================================
ERROR: test_topk_sanity_20_uint32 (test_sort.Test_TopK)
----------------------------------------------------------------------
Traceback (most recent call last):
  File "C:\ProgramData\Anaconda3\envs\keras\lib\site-packages\parameterized\parameterized.py", line 530, in standalone_func
    return func(*(a + p.args), **p.kwargs)
  File "C:\Users\mutation\Desktop\theano-testcase\tests\test_sort.py", line 258, in test_topk_sanity
    fn = theano.function([x], topk(x, 1, axis=axis, sorted=sorted), mode=self.mode)
  File "C:\ProgramData\Anaconda3\envs\keras\lib\site-packages\theano\tensor\sort.py", line 496, in topk
    idx_dtype=idx_dtype)(x, kth)[0]
  File "C:\ProgramData\Anaconda3\envs\keras\lib\site-packages\theano\tensor\sort.py", line 373, in __init__
    '"idx_dtype" parameter must be an integer dtype, got "%s"' % idx_dtype)
TypeError: "idx_dtype" parameter must be an integer dtype, got "XXint64XX"

======================================================================
ERROR: test_topk_sanity_21_uint64 (test_sort.Test_TopK)
----------------------------------------------------------------------
Traceback (most recent call last):
  File "C:\ProgramData\Anaconda3\envs\keras\lib\site-packages\parameterized\parameterized.py", line 530, in standalone_func
    return func(*(a + p.args), **p.kwargs)
  File "C:\Users\mutation\Desktop\theano-testcase\tests\test_sort.py", line 258, in test_topk_sanity
    fn = theano.function([x], topk(x, 1, axis=axis, sorted=sorted), mode=self.mode)
  File "C:\ProgramData\Anaconda3\envs\keras\lib\site-packages\theano\tensor\sort.py", line 496, in topk
    idx_dtype=idx_dtype)(x, kth)[0]
  File "C:\ProgramData\Anaconda3\envs\keras\lib\site-packages\theano\tensor\sort.py", line 373, in __init__
    '"idx_dtype" parameter must be an integer dtype, got "%s"' % idx_dtype)
TypeError: "idx_dtype" parameter must be an integer dtype, got "XXint64XX"

======================================================================
ERROR: test_topk_sanity_22_uint64 (test_sort.Test_TopK)
----------------------------------------------------------------------
Traceback (most recent call last):
  File "C:\ProgramData\Anaconda3\envs\keras\lib\site-packages\parameterized\parameterized.py", line 530, in standalone_func
    return func(*(a + p.args), **p.kwargs)
  File "C:\Users\mutation\Desktop\theano-testcase\tests\test_sort.py", line 258, in test_topk_sanity
    fn = theano.function([x], topk(x, 1, axis=axis, sorted=sorted), mode=self.mode)
  File "C:\ProgramData\Anaconda3\envs\keras\lib\site-packages\theano\tensor\sort.py", line 496, in topk
    idx_dtype=idx_dtype)(x, kth)[0]
  File "C:\ProgramData\Anaconda3\envs\keras\lib\site-packages\theano\tensor\sort.py", line 373, in __init__
    '"idx_dtype" parameter must be an integer dtype, got "%s"' % idx_dtype)
TypeError: "idx_dtype" parameter must be an integer dtype, got "XXint64XX"

======================================================================
ERROR: test_topk_sanity_23_uint64 (test_sort.Test_TopK)
----------------------------------------------------------------------
Traceback (most recent call last):
  File "C:\ProgramData\Anaconda3\envs\keras\lib\site-packages\parameterized\parameterized.py", line 530, in standalone_func
    return func(*(a + p.args), **p.kwargs)
  File "C:\Users\mutation\Desktop\theano-testcase\tests\test_sort.py", line 258, in test_topk_sanity
    fn = theano.function([x], topk(x, 1, axis=axis, sorted=sorted), mode=self.mode)
  File "C:\ProgramData\Anaconda3\envs\keras\lib\site-packages\theano\tensor\sort.py", line 496, in topk
    idx_dtype=idx_dtype)(x, kth)[0]
  File "C:\ProgramData\Anaconda3\envs\keras\lib\site-packages\theano\tensor\sort.py", line 373, in __init__
    '"idx_dtype" parameter must be an integer dtype, got "%s"' % idx_dtype)
TypeError: "idx_dtype" parameter must be an integer dtype, got "XXint64XX"

======================================================================
ERROR: test_topk_sanity_24_float16 (test_sort.Test_TopK)
----------------------------------------------------------------------
Traceback (most recent call last):
  File "C:\ProgramData\Anaconda3\envs\keras\lib\site-packages\parameterized\parameterized.py", line 530, in standalone_func
    return func(*(a + p.args), **p.kwargs)
  File "C:\Users\mutation\Desktop\theano-testcase\tests\test_sort.py", line 258, in test_topk_sanity
    fn = theano.function([x], topk(x, 1, axis=axis, sorted=sorted), mode=self.mode)
  File "C:\ProgramData\Anaconda3\envs\keras\lib\site-packages\theano\tensor\sort.py", line 496, in topk
    idx_dtype=idx_dtype)(x, kth)[0]
  File "C:\ProgramData\Anaconda3\envs\keras\lib\site-packages\theano\tensor\sort.py", line 373, in __init__
    '"idx_dtype" parameter must be an integer dtype, got "%s"' % idx_dtype)
TypeError: "idx_dtype" parameter must be an integer dtype, got "XXint64XX"

======================================================================
ERROR: test_topk_sanity_25_float16 (test_sort.Test_TopK)
----------------------------------------------------------------------
Traceback (most recent call last):
  File "C:\ProgramData\Anaconda3\envs\keras\lib\site-packages\parameterized\parameterized.py", line 530, in standalone_func
    return func(*(a + p.args), **p.kwargs)
  File "C:\Users\mutation\Desktop\theano-testcase\tests\test_sort.py", line 258, in test_topk_sanity
    fn = theano.function([x], topk(x, 1, axis=axis, sorted=sorted), mode=self.mode)
  File "C:\ProgramData\Anaconda3\envs\keras\lib\site-packages\theano\tensor\sort.py", line 496, in topk
    idx_dtype=idx_dtype)(x, kth)[0]
  File "C:\ProgramData\Anaconda3\envs\keras\lib\site-packages\theano\tensor\sort.py", line 373, in __init__
    '"idx_dtype" parameter must be an integer dtype, got "%s"' % idx_dtype)
TypeError: "idx_dtype" parameter must be an integer dtype, got "XXint64XX"

======================================================================
ERROR: test_topk_sanity_26_float16 (test_sort.Test_TopK)
----------------------------------------------------------------------
Traceback (most recent call last):
  File "C:\ProgramData\Anaconda3\envs\keras\lib\site-packages\parameterized\parameterized.py", line 530, in standalone_func
    return func(*(a + p.args), **p.kwargs)
  File "C:\Users\mutation\Desktop\theano-testcase\tests\test_sort.py", line 258, in test_topk_sanity
    fn = theano.function([x], topk(x, 1, axis=axis, sorted=sorted), mode=self.mode)
  File "C:\ProgramData\Anaconda3\envs\keras\lib\site-packages\theano\tensor\sort.py", line 496, in topk
    idx_dtype=idx_dtype)(x, kth)[0]
  File "C:\ProgramData\Anaconda3\envs\keras\lib\site-packages\theano\tensor\sort.py", line 373, in __init__
    '"idx_dtype" parameter must be an integer dtype, got "%s"' % idx_dtype)
TypeError: "idx_dtype" parameter must be an integer dtype, got "XXint64XX"

======================================================================
ERROR: test_topk_sanity_27_float32 (test_sort.Test_TopK)
----------------------------------------------------------------------
Traceback (most recent call last):
  File "C:\ProgramData\Anaconda3\envs\keras\lib\site-packages\parameterized\parameterized.py", line 530, in standalone_func
    return func(*(a + p.args), **p.kwargs)
  File "C:\Users\mutation\Desktop\theano-testcase\tests\test_sort.py", line 258, in test_topk_sanity
    fn = theano.function([x], topk(x, 1, axis=axis, sorted=sorted), mode=self.mode)
  File "C:\ProgramData\Anaconda3\envs\keras\lib\site-packages\theano\tensor\sort.py", line 496, in topk
    idx_dtype=idx_dtype)(x, kth)[0]
  File "C:\ProgramData\Anaconda3\envs\keras\lib\site-packages\theano\tensor\sort.py", line 373, in __init__
    '"idx_dtype" parameter must be an integer dtype, got "%s"' % idx_dtype)
TypeError: "idx_dtype" parameter must be an integer dtype, got "XXint64XX"

======================================================================
ERROR: test_topk_sanity_28_float32 (test_sort.Test_TopK)
----------------------------------------------------------------------
Traceback (most recent call last):
  File "C:\ProgramData\Anaconda3\envs\keras\lib\site-packages\parameterized\parameterized.py", line 530, in standalone_func
    return func(*(a + p.args), **p.kwargs)
  File "C:\Users\mutation\Desktop\theano-testcase\tests\test_sort.py", line 258, in test_topk_sanity
    fn = theano.function([x], topk(x, 1, axis=axis, sorted=sorted), mode=self.mode)
  File "C:\ProgramData\Anaconda3\envs\keras\lib\site-packages\theano\tensor\sort.py", line 496, in topk
    idx_dtype=idx_dtype)(x, kth)[0]
  File "C:\ProgramData\Anaconda3\envs\keras\lib\site-packages\theano\tensor\sort.py", line 373, in __init__
    '"idx_dtype" parameter must be an integer dtype, got "%s"' % idx_dtype)
TypeError: "idx_dtype" parameter must be an integer dtype, got "XXint64XX"

======================================================================
ERROR: test_topk_sanity_29_float32 (test_sort.Test_TopK)
----------------------------------------------------------------------
Traceback (most recent call last):
  File "C:\ProgramData\Anaconda3\envs\keras\lib\site-packages\parameterized\parameterized.py", line 530, in standalone_func
    return func(*(a + p.args), **p.kwargs)
  File "C:\Users\mutation\Desktop\theano-testcase\tests\test_sort.py", line 258, in test_topk_sanity
    fn = theano.function([x], topk(x, 1, axis=axis, sorted=sorted), mode=self.mode)
  File "C:\ProgramData\Anaconda3\envs\keras\lib\site-packages\theano\tensor\sort.py", line 496, in topk
    idx_dtype=idx_dtype)(x, kth)[0]
  File "C:\ProgramData\Anaconda3\envs\keras\lib\site-packages\theano\tensor\sort.py", line 373, in __init__
    '"idx_dtype" parameter must be an integer dtype, got "%s"' % idx_dtype)
TypeError: "idx_dtype" parameter must be an integer dtype, got "XXint64XX"

======================================================================
ERROR: test_topk_sanity_30_float64 (test_sort.Test_TopK)
----------------------------------------------------------------------
Traceback (most recent call last):
  File "C:\ProgramData\Anaconda3\envs\keras\lib\site-packages\parameterized\parameterized.py", line 530, in standalone_func
    return func(*(a + p.args), **p.kwargs)
  File "C:\Users\mutation\Desktop\theano-testcase\tests\test_sort.py", line 258, in test_topk_sanity
    fn = theano.function([x], topk(x, 1, axis=axis, sorted=sorted), mode=self.mode)
  File "C:\ProgramData\Anaconda3\envs\keras\lib\site-packages\theano\tensor\sort.py", line 496, in topk
    idx_dtype=idx_dtype)(x, kth)[0]
  File "C:\ProgramData\Anaconda3\envs\keras\lib\site-packages\theano\tensor\sort.py", line 373, in __init__
    '"idx_dtype" parameter must be an integer dtype, got "%s"' % idx_dtype)
TypeError: "idx_dtype" parameter must be an integer dtype, got "XXint64XX"

======================================================================
ERROR: test_topk_sanity_31_float64 (test_sort.Test_TopK)
----------------------------------------------------------------------
Traceback (most recent call last):
  File "C:\ProgramData\Anaconda3\envs\keras\lib\site-packages\parameterized\parameterized.py", line 530, in standalone_func
    return func(*(a + p.args), **p.kwargs)
  File "C:\Users\mutation\Desktop\theano-testcase\tests\test_sort.py", line 258, in test_topk_sanity
    fn = theano.function([x], topk(x, 1, axis=axis, sorted=sorted), mode=self.mode)
  File "C:\ProgramData\Anaconda3\envs\keras\lib\site-packages\theano\tensor\sort.py", line 496, in topk
    idx_dtype=idx_dtype)(x, kth)[0]
  File "C:\ProgramData\Anaconda3\envs\keras\lib\site-packages\theano\tensor\sort.py", line 373, in __init__
    '"idx_dtype" parameter must be an integer dtype, got "%s"' % idx_dtype)
TypeError: "idx_dtype" parameter must be an integer dtype, got "XXint64XX"

======================================================================
ERROR: test_topk_sanity_32_float64 (test_sort.Test_TopK)
----------------------------------------------------------------------
Traceback (most recent call last):
  File "C:\ProgramData\Anaconda3\envs\keras\lib\site-packages\parameterized\parameterized.py", line 530, in standalone_func
    return func(*(a + p.args), **p.kwargs)
  File "C:\Users\mutation\Desktop\theano-testcase\tests\test_sort.py", line 258, in test_topk_sanity
    fn = theano.function([x], topk(x, 1, axis=axis, sorted=sorted), mode=self.mode)
  File "C:\ProgramData\Anaconda3\envs\keras\lib\site-packages\theano\tensor\sort.py", line 496, in topk
    idx_dtype=idx_dtype)(x, kth)[0]
  File "C:\ProgramData\Anaconda3\envs\keras\lib\site-packages\theano\tensor\sort.py", line 373, in __init__
    '"idx_dtype" parameter must be an integer dtype, got "%s"' % idx_dtype)
TypeError: "idx_dtype" parameter must be an integer dtype, got "XXint64XX"

----------------------------------------------------------------------
Ran 918 tests in 17.856s

FAILED (errors=142)
