.........C:\ProgramData\Anaconda3\envs\keras\lib\site-packages\theano\tensor\sort.py:293: FutureWarning: Using a non-tuple sequence for multidimensional indexing is deprecated; use `arr[tuple(seq)]` instead of `arr[seq]`. In the future this will be interpreted as an array index, `arr[np.array(seq)]`, which will result either in an error or a different result.
  zi = np.argpartition(x, -k, axis=axis)[idx]
....................................................................................EEEEEEEEEEEEEEEEEEEEEEEEEEEEEEEEEEEEEEEEEEEEEEEE..E..E..E..E..E..E..E..E..E..E..E..E..E..E..E..E..E..E..E..E..E..E..E..E..E..E..E..E..E..E..E..E..E..E..E..E..E..E..E..E..E..E..E..E..E..E..E..E..E..E..E..E..E..E..E..E..E..E..E..E..E..E..E..E..E..E..E..E..E..E..E..E..E..E..E..E..E..E..E..E..E..E..E..E..E..E..E..E........C:\ProgramData\Anaconda3\envs\keras\lib\site-packages\theano\tensor\sort.py:285: FutureWarning: Using a non-tuple sequence for multidimensional indexing is deprecated; use `arr[tuple(seq)]` instead of `arr[seq]`. In the future this will be interpreted as an array index, `arr[np.array(seq)]`, which will result either in an error or a different result.
  zi = np.argpartition(x, -k, axis=axis)[idx]
...........................................................................................................................................................................................................................................................................................................................................C:\ProgramData\Anaconda3\envs\keras\lib\site-packages\theano\tensor\sort.py:282: FutureWarning: Using a non-tuple sequence for multidimensional indexing is deprecated; use `arr[tuple(seq)]` instead of `arr[seq]`. In the future this will be interpreted as an array index, `arr[np.array(seq)]`, which will result either in an error or a different result.
  zv = np.partition(x, -k, axis=axis)[idx]
C:\ProgramData\Anaconda3\envs\keras\lib\site-packages\theano\tensor\sort.py:285: FutureWarning: Using a non-tuple sequence for multidimensional indexing is deprecated; use `arr[tuple(seq)]` instead of `arr[seq]`. In the future this will be interpreted as an array index, `arr[np.array(seq)]`, which will result either in an error or a different result.
  zi = np.argpartition(x, -k, axis=axis)[idx]
......C:\ProgramData\Anaconda3\envs\keras\lib\site-packages\theano\tensor\sort.py:282: FutureWarning: Using a non-tuple sequence for multidimensional indexing is deprecated; use `arr[tuple(seq)]` instead of `arr[seq]`. In the future this will be interpreted as an array index, `arr[np.array(seq)]`, which will result either in an error or a different result.
  zv = np.partition(x, -k, axis=axis)[idx]
C:\ProgramData\Anaconda3\envs\keras\lib\site-packages\theano\tensor\sort.py:285: FutureWarning: Using a non-tuple sequence for multidimensional indexing is deprecated; use `arr[tuple(seq)]` instead of `arr[seq]`. In the future this will be interpreted as an array index, `arr[np.array(seq)]`, which will result either in an error or a different result.
  zi = np.argpartition(x, -k, axis=axis)[idx]
......C:\ProgramData\Anaconda3\envs\keras\lib\site-packages\theano\tensor\sort.py:282: FutureWarning: Using a non-tuple sequence for multidimensional indexing is deprecated; use `arr[tuple(seq)]` instead of `arr[seq]`. In the future this will be interpreted as an array index, `arr[np.array(seq)]`, which will result either in an error or a different result.
  zv = np.partition(x, -k, axis=axis)[idx]
C:\ProgramData\Anaconda3\envs\keras\lib\site-packages\theano\tensor\sort.py:285: FutureWarning: Using a non-tuple sequence for multidimensional indexing is deprecated; use `arr[tuple(seq)]` instead of `arr[seq]`. In the future this will be interpreted as an array index, `arr[np.array(seq)]`, which will result either in an error or a different result.
  zi = np.argpartition(x, -k, axis=axis)[idx]
......C:\ProgramData\Anaconda3\envs\keras\lib\site-packages\theano\tensor\sort.py:282: FutureWarning: Using a non-tuple sequence for multidimensional indexing is deprecated; use `arr[tuple(seq)]` instead of `arr[seq]`. In the future this will be interpreted as an array index, `arr[np.array(seq)]`, which will result either in an error or a different result.
  zv = np.partition(x, -k, axis=axis)[idx]
C:\ProgramData\Anaconda3\envs\keras\lib\site-packages\theano\tensor\sort.py:285: FutureWarning: Using a non-tuple sequence for multidimensional indexing is deprecated; use `arr[tuple(seq)]` instead of `arr[seq]`. In the future this will be interpreted as an array index, `arr[np.array(seq)]`, which will result either in an error or a different result.
  zi = np.argpartition(x, -k, axis=axis)[idx]
.........................................................................................................................................C:\ProgramData\Anaconda3\envs\keras\lib\site-packages\theano\tensor\sort.py:285: FutureWarning: Using a non-tuple sequence for multidimensional indexing is deprecated; use `arr[tuple(seq)]` instead of `arr[seq]`. In the future this will be interpreted as an array index, `arr[np.array(seq)]`, which will result either in an error or a different result.
  zi = np.argpartition(x, -k, axis=axis)[idx]
............C:\ProgramData\Anaconda3\envs\keras\lib\site-packages\theano\tensor\sort.py:285: FutureWarning: Using a non-tuple sequence for multidimensional indexing is deprecated; use `arr[tuple(seq)]` instead of `arr[seq]`. In the future this will be interpreted as an array index, `arr[np.array(seq)]`, which will result either in an error or a different result.
  zi = np.argpartition(x, -k, axis=axis)[idx]
....C:\ProgramData\Anaconda3\envs\keras\lib\site-packages\theano\tensor\sort.py:285: FutureWarning: Using a non-tuple sequence for multidimensional indexing is deprecated; use `arr[tuple(seq)]` instead of `arr[seq]`. In the future this will be interpreted as an array index, `arr[np.array(seq)]`, which will result either in an error or a different result.
  zi = np.argpartition(x, -k, axis=axis)[idx]
...
======================================================================
ERROR: test_argtopk_nd_00 (test_sort.Test_TopK)
----------------------------------------------------------------------
Traceback (most recent call last):
  File "C:\ProgramData\Anaconda3\envs\keras\lib\site-packages\parameterized\parameterized.py", line 530, in standalone_func
    return func(*(a + p.args), **p.kwargs)
  File "C:\Users\mutation\Desktop\theano-testcase\tests\test_sort.py", line 421, in test_argtopk_nd
    assert np.all(np.sort(yval, axis=axis) == np.sort(goal, axis=axis))
  File "<__array_function__ internals>", line 6, in sort
  File "C:\ProgramData\Anaconda3\envs\keras\lib\site-packages\numpy\core\fromnumeric.py", line 989, in sort
    a.sort(axis=axis, kind=kind, order=order)
numpy.AxisError: axis -2 is out of bounds for array of dimension 1

======================================================================
ERROR: test_argtopk_nd_01 (test_sort.Test_TopK)
----------------------------------------------------------------------
Traceback (most recent call last):
  File "C:\ProgramData\Anaconda3\envs\keras\lib\site-packages\parameterized\parameterized.py", line 530, in standalone_func
    return func(*(a + p.args), **p.kwargs)
  File "C:\Users\mutation\Desktop\theano-testcase\tests\test_sort.py", line 421, in test_argtopk_nd
    assert np.all(np.sort(yval, axis=axis) == np.sort(goal, axis=axis))
  File "<__array_function__ internals>", line 6, in sort
  File "C:\ProgramData\Anaconda3\envs\keras\lib\site-packages\numpy\core\fromnumeric.py", line 989, in sort
    a.sort(axis=axis, kind=kind, order=order)
numpy.AxisError: axis -2 is out of bounds for array of dimension 1

======================================================================
ERROR: test_argtopk_nd_02 (test_sort.Test_TopK)
----------------------------------------------------------------------
Traceback (most recent call last):
  File "C:\ProgramData\Anaconda3\envs\keras\lib\site-packages\parameterized\parameterized.py", line 530, in standalone_func
    return func(*(a + p.args), **p.kwargs)
  File "C:\Users\mutation\Desktop\theano-testcase\tests\test_sort.py", line 421, in test_argtopk_nd
    assert np.all(np.sort(yval, axis=axis) == np.sort(goal, axis=axis))
  File "<__array_function__ internals>", line 6, in sort
  File "C:\ProgramData\Anaconda3\envs\keras\lib\site-packages\numpy\core\fromnumeric.py", line 989, in sort
    a.sort(axis=axis, kind=kind, order=order)
numpy.AxisError: axis -2 is out of bounds for array of dimension 1

======================================================================
ERROR: test_argtopk_nd_03 (test_sort.Test_TopK)
----------------------------------------------------------------------
Traceback (most recent call last):
  File "C:\ProgramData\Anaconda3\envs\keras\lib\site-packages\parameterized\parameterized.py", line 530, in standalone_func
    return func(*(a + p.args), **p.kwargs)
  File "C:\Users\mutation\Desktop\theano-testcase\tests\test_sort.py", line 421, in test_argtopk_nd
    assert np.all(np.sort(yval, axis=axis) == np.sort(goal, axis=axis))
  File "<__array_function__ internals>", line 6, in sort
  File "C:\ProgramData\Anaconda3\envs\keras\lib\site-packages\numpy\core\fromnumeric.py", line 989, in sort
    a.sort(axis=axis, kind=kind, order=order)
numpy.AxisError: axis -2 is out of bounds for array of dimension 1

======================================================================
ERROR: test_argtopk_nd_04 (test_sort.Test_TopK)
----------------------------------------------------------------------
Traceback (most recent call last):
  File "C:\ProgramData\Anaconda3\envs\keras\lib\site-packages\parameterized\parameterized.py", line 530, in standalone_func
    return func(*(a + p.args), **p.kwargs)
  File "C:\Users\mutation\Desktop\theano-testcase\tests\test_sort.py", line 421, in test_argtopk_nd
    assert np.all(np.sort(yval, axis=axis) == np.sort(goal, axis=axis))
  File "<__array_function__ internals>", line 6, in sort
  File "C:\ProgramData\Anaconda3\envs\keras\lib\site-packages\numpy\core\fromnumeric.py", line 989, in sort
    a.sort(axis=axis, kind=kind, order=order)
numpy.AxisError: axis -2 is out of bounds for array of dimension 1

======================================================================
ERROR: test_argtopk_nd_05 (test_sort.Test_TopK)
----------------------------------------------------------------------
Traceback (most recent call last):
  File "C:\ProgramData\Anaconda3\envs\keras\lib\site-packages\parameterized\parameterized.py", line 530, in standalone_func
    return func(*(a + p.args), **p.kwargs)
  File "C:\Users\mutation\Desktop\theano-testcase\tests\test_sort.py", line 421, in test_argtopk_nd
    assert np.all(np.sort(yval, axis=axis) == np.sort(goal, axis=axis))
  File "<__array_function__ internals>", line 6, in sort
  File "C:\ProgramData\Anaconda3\envs\keras\lib\site-packages\numpy\core\fromnumeric.py", line 989, in sort
    a.sort(axis=axis, kind=kind, order=order)
numpy.AxisError: axis -2 is out of bounds for array of dimension 1

======================================================================
ERROR: test_argtopk_nd_06 (test_sort.Test_TopK)
----------------------------------------------------------------------
Traceback (most recent call last):
  File "C:\ProgramData\Anaconda3\envs\keras\lib\site-packages\parameterized\parameterized.py", line 530, in standalone_func
    return func(*(a + p.args), **p.kwargs)
  File "C:\Users\mutation\Desktop\theano-testcase\tests\test_sort.py", line 421, in test_argtopk_nd
    assert np.all(np.sort(yval, axis=axis) == np.sort(goal, axis=axis))
  File "<__array_function__ internals>", line 6, in sort
  File "C:\ProgramData\Anaconda3\envs\keras\lib\site-packages\numpy\core\fromnumeric.py", line 989, in sort
    a.sort(axis=axis, kind=kind, order=order)
numpy.AxisError: axis -2 is out of bounds for array of dimension 1

======================================================================
ERROR: test_argtopk_nd_07 (test_sort.Test_TopK)
----------------------------------------------------------------------
Traceback (most recent call last):
  File "C:\ProgramData\Anaconda3\envs\keras\lib\site-packages\parameterized\parameterized.py", line 530, in standalone_func
    return func(*(a + p.args), **p.kwargs)
  File "C:\Users\mutation\Desktop\theano-testcase\tests\test_sort.py", line 421, in test_argtopk_nd
    assert np.all(np.sort(yval, axis=axis) == np.sort(goal, axis=axis))
  File "<__array_function__ internals>", line 6, in sort
  File "C:\ProgramData\Anaconda3\envs\keras\lib\site-packages\numpy\core\fromnumeric.py", line 989, in sort
    a.sort(axis=axis, kind=kind, order=order)
numpy.AxisError: axis -2 is out of bounds for array of dimension 1

======================================================================
ERROR: test_argtopk_nd_08 (test_sort.Test_TopK)
----------------------------------------------------------------------
Traceback (most recent call last):
  File "C:\ProgramData\Anaconda3\envs\keras\lib\site-packages\parameterized\parameterized.py", line 530, in standalone_func
    return func(*(a + p.args), **p.kwargs)
  File "C:\Users\mutation\Desktop\theano-testcase\tests\test_sort.py", line 421, in test_argtopk_nd
    assert np.all(np.sort(yval, axis=axis) == np.sort(goal, axis=axis))
  File "<__array_function__ internals>", line 6, in sort
  File "C:\ProgramData\Anaconda3\envs\keras\lib\site-packages\numpy\core\fromnumeric.py", line 989, in sort
    a.sort(axis=axis, kind=kind, order=order)
numpy.AxisError: axis -2 is out of bounds for array of dimension 1

======================================================================
ERROR: test_argtopk_nd_09 (test_sort.Test_TopK)
----------------------------------------------------------------------
Traceback (most recent call last):
  File "C:\ProgramData\Anaconda3\envs\keras\lib\site-packages\parameterized\parameterized.py", line 530, in standalone_func
    return func(*(a + p.args), **p.kwargs)
  File "C:\Users\mutation\Desktop\theano-testcase\tests\test_sort.py", line 421, in test_argtopk_nd
    assert np.all(np.sort(yval, axis=axis) == np.sort(goal, axis=axis))
  File "<__array_function__ internals>", line 6, in sort
  File "C:\ProgramData\Anaconda3\envs\keras\lib\site-packages\numpy\core\fromnumeric.py", line 989, in sort
    a.sort(axis=axis, kind=kind, order=order)
numpy.AxisError: axis -2 is out of bounds for array of dimension 1

======================================================================
ERROR: test_argtopk_nd_10 (test_sort.Test_TopK)
----------------------------------------------------------------------
Traceback (most recent call last):
  File "C:\ProgramData\Anaconda3\envs\keras\lib\site-packages\parameterized\parameterized.py", line 530, in standalone_func
    return func(*(a + p.args), **p.kwargs)
  File "C:\Users\mutation\Desktop\theano-testcase\tests\test_sort.py", line 421, in test_argtopk_nd
    assert np.all(np.sort(yval, axis=axis) == np.sort(goal, axis=axis))
  File "<__array_function__ internals>", line 6, in sort
  File "C:\ProgramData\Anaconda3\envs\keras\lib\site-packages\numpy\core\fromnumeric.py", line 989, in sort
    a.sort(axis=axis, kind=kind, order=order)
numpy.AxisError: axis -2 is out of bounds for array of dimension 1

======================================================================
ERROR: test_argtopk_nd_11 (test_sort.Test_TopK)
----------------------------------------------------------------------
Traceback (most recent call last):
  File "C:\ProgramData\Anaconda3\envs\keras\lib\site-packages\parameterized\parameterized.py", line 530, in standalone_func
    return func(*(a + p.args), **p.kwargs)
  File "C:\Users\mutation\Desktop\theano-testcase\tests\test_sort.py", line 421, in test_argtopk_nd
    assert np.all(np.sort(yval, axis=axis) == np.sort(goal, axis=axis))
  File "<__array_function__ internals>", line 6, in sort
  File "C:\ProgramData\Anaconda3\envs\keras\lib\site-packages\numpy\core\fromnumeric.py", line 989, in sort
    a.sort(axis=axis, kind=kind, order=order)
numpy.AxisError: axis -2 is out of bounds for array of dimension 1

======================================================================
ERROR: test_argtopk_nd_12 (test_sort.Test_TopK)
----------------------------------------------------------------------
Traceback (most recent call last):
  File "C:\ProgramData\Anaconda3\envs\keras\lib\site-packages\parameterized\parameterized.py", line 530, in standalone_func
    return func(*(a + p.args), **p.kwargs)
  File "C:\Users\mutation\Desktop\theano-testcase\tests\test_sort.py", line 421, in test_argtopk_nd
    assert np.all(np.sort(yval, axis=axis) == np.sort(goal, axis=axis))
  File "<__array_function__ internals>", line 6, in sort
  File "C:\ProgramData\Anaconda3\envs\keras\lib\site-packages\numpy\core\fromnumeric.py", line 989, in sort
    a.sort(axis=axis, kind=kind, order=order)
numpy.AxisError: axis -2 is out of bounds for array of dimension 1

======================================================================
ERROR: test_argtopk_nd_13 (test_sort.Test_TopK)
----------------------------------------------------------------------
Traceback (most recent call last):
  File "C:\ProgramData\Anaconda3\envs\keras\lib\site-packages\parameterized\parameterized.py", line 530, in standalone_func
    return func(*(a + p.args), **p.kwargs)
  File "C:\Users\mutation\Desktop\theano-testcase\tests\test_sort.py", line 421, in test_argtopk_nd
    assert np.all(np.sort(yval, axis=axis) == np.sort(goal, axis=axis))
  File "<__array_function__ internals>", line 6, in sort
  File "C:\ProgramData\Anaconda3\envs\keras\lib\site-packages\numpy\core\fromnumeric.py", line 989, in sort
    a.sort(axis=axis, kind=kind, order=order)
numpy.AxisError: axis -2 is out of bounds for array of dimension 1

======================================================================
ERROR: test_argtopk_nd_14 (test_sort.Test_TopK)
----------------------------------------------------------------------
Traceback (most recent call last):
  File "C:\ProgramData\Anaconda3\envs\keras\lib\site-packages\parameterized\parameterized.py", line 530, in standalone_func
    return func(*(a + p.args), **p.kwargs)
  File "C:\Users\mutation\Desktop\theano-testcase\tests\test_sort.py", line 421, in test_argtopk_nd
    assert np.all(np.sort(yval, axis=axis) == np.sort(goal, axis=axis))
  File "<__array_function__ internals>", line 6, in sort
  File "C:\ProgramData\Anaconda3\envs\keras\lib\site-packages\numpy\core\fromnumeric.py", line 989, in sort
    a.sort(axis=axis, kind=kind, order=order)
numpy.AxisError: axis -2 is out of bounds for array of dimension 1

======================================================================
ERROR: test_argtopk_nd_15 (test_sort.Test_TopK)
----------------------------------------------------------------------
Traceback (most recent call last):
  File "C:\ProgramData\Anaconda3\envs\keras\lib\site-packages\parameterized\parameterized.py", line 530, in standalone_func
    return func(*(a + p.args), **p.kwargs)
  File "C:\Users\mutation\Desktop\theano-testcase\tests\test_sort.py", line 421, in test_argtopk_nd
    assert np.all(np.sort(yval, axis=axis) == np.sort(goal, axis=axis))
  File "<__array_function__ internals>", line 6, in sort
  File "C:\ProgramData\Anaconda3\envs\keras\lib\site-packages\numpy\core\fromnumeric.py", line 989, in sort
    a.sort(axis=axis, kind=kind, order=order)
numpy.AxisError: axis -2 is out of bounds for array of dimension 1

======================================================================
ERROR: test_argtopk_nd_16 (test_sort.Test_TopK)
----------------------------------------------------------------------
Traceback (most recent call last):
  File "C:\ProgramData\Anaconda3\envs\keras\lib\site-packages\parameterized\parameterized.py", line 530, in standalone_func
    return func(*(a + p.args), **p.kwargs)
  File "C:\Users\mutation\Desktop\theano-testcase\tests\test_sort.py", line 421, in test_argtopk_nd
    assert np.all(np.sort(yval, axis=axis) == np.sort(goal, axis=axis))
  File "<__array_function__ internals>", line 6, in sort
  File "C:\ProgramData\Anaconda3\envs\keras\lib\site-packages\numpy\core\fromnumeric.py", line 989, in sort
    a.sort(axis=axis, kind=kind, order=order)
numpy.AxisError: axis -5 is out of bounds for array of dimension 1

======================================================================
ERROR: test_argtopk_nd_17 (test_sort.Test_TopK)
----------------------------------------------------------------------
Traceback (most recent call last):
  File "C:\ProgramData\Anaconda3\envs\keras\lib\site-packages\parameterized\parameterized.py", line 530, in standalone_func
    return func(*(a + p.args), **p.kwargs)
  File "C:\Users\mutation\Desktop\theano-testcase\tests\test_sort.py", line 421, in test_argtopk_nd
    assert np.all(np.sort(yval, axis=axis) == np.sort(goal, axis=axis))
  File "<__array_function__ internals>", line 6, in sort
  File "C:\ProgramData\Anaconda3\envs\keras\lib\site-packages\numpy\core\fromnumeric.py", line 989, in sort
    a.sort(axis=axis, kind=kind, order=order)
numpy.AxisError: axis -5 is out of bounds for array of dimension 1

======================================================================
ERROR: test_argtopk_nd_18 (test_sort.Test_TopK)
----------------------------------------------------------------------
Traceback (most recent call last):
  File "C:\ProgramData\Anaconda3\envs\keras\lib\site-packages\parameterized\parameterized.py", line 530, in standalone_func
    return func(*(a + p.args), **p.kwargs)
  File "C:\Users\mutation\Desktop\theano-testcase\tests\test_sort.py", line 421, in test_argtopk_nd
    assert np.all(np.sort(yval, axis=axis) == np.sort(goal, axis=axis))
  File "<__array_function__ internals>", line 6, in sort
  File "C:\ProgramData\Anaconda3\envs\keras\lib\site-packages\numpy\core\fromnumeric.py", line 989, in sort
    a.sort(axis=axis, kind=kind, order=order)
numpy.AxisError: axis -5 is out of bounds for array of dimension 1

======================================================================
ERROR: test_argtopk_nd_19 (test_sort.Test_TopK)
----------------------------------------------------------------------
Traceback (most recent call last):
  File "C:\ProgramData\Anaconda3\envs\keras\lib\site-packages\parameterized\parameterized.py", line 530, in standalone_func
    return func(*(a + p.args), **p.kwargs)
  File "C:\Users\mutation\Desktop\theano-testcase\tests\test_sort.py", line 421, in test_argtopk_nd
    assert np.all(np.sort(yval, axis=axis) == np.sort(goal, axis=axis))
  File "<__array_function__ internals>", line 6, in sort
  File "C:\ProgramData\Anaconda3\envs\keras\lib\site-packages\numpy\core\fromnumeric.py", line 989, in sort
    a.sort(axis=axis, kind=kind, order=order)
numpy.AxisError: axis -5 is out of bounds for array of dimension 1

======================================================================
ERROR: test_argtopk_nd_20 (test_sort.Test_TopK)
----------------------------------------------------------------------
Traceback (most recent call last):
  File "C:\ProgramData\Anaconda3\envs\keras\lib\site-packages\parameterized\parameterized.py", line 530, in standalone_func
    return func(*(a + p.args), **p.kwargs)
  File "C:\Users\mutation\Desktop\theano-testcase\tests\test_sort.py", line 421, in test_argtopk_nd
    assert np.all(np.sort(yval, axis=axis) == np.sort(goal, axis=axis))
  File "<__array_function__ internals>", line 6, in sort
  File "C:\ProgramData\Anaconda3\envs\keras\lib\site-packages\numpy\core\fromnumeric.py", line 989, in sort
    a.sort(axis=axis, kind=kind, order=order)
numpy.AxisError: axis -5 is out of bounds for array of dimension 1

======================================================================
ERROR: test_argtopk_nd_21 (test_sort.Test_TopK)
----------------------------------------------------------------------
Traceback (most recent call last):
  File "C:\ProgramData\Anaconda3\envs\keras\lib\site-packages\parameterized\parameterized.py", line 530, in standalone_func
    return func(*(a + p.args), **p.kwargs)
  File "C:\Users\mutation\Desktop\theano-testcase\tests\test_sort.py", line 421, in test_argtopk_nd
    assert np.all(np.sort(yval, axis=axis) == np.sort(goal, axis=axis))
  File "<__array_function__ internals>", line 6, in sort
  File "C:\ProgramData\Anaconda3\envs\keras\lib\site-packages\numpy\core\fromnumeric.py", line 989, in sort
    a.sort(axis=axis, kind=kind, order=order)
numpy.AxisError: axis -5 is out of bounds for array of dimension 1

======================================================================
ERROR: test_argtopk_nd_22 (test_sort.Test_TopK)
----------------------------------------------------------------------
Traceback (most recent call last):
  File "C:\ProgramData\Anaconda3\envs\keras\lib\site-packages\parameterized\parameterized.py", line 530, in standalone_func
    return func(*(a + p.args), **p.kwargs)
  File "C:\Users\mutation\Desktop\theano-testcase\tests\test_sort.py", line 421, in test_argtopk_nd
    assert np.all(np.sort(yval, axis=axis) == np.sort(goal, axis=axis))
  File "<__array_function__ internals>", line 6, in sort
  File "C:\ProgramData\Anaconda3\envs\keras\lib\site-packages\numpy\core\fromnumeric.py", line 989, in sort
    a.sort(axis=axis, kind=kind, order=order)
numpy.AxisError: axis -5 is out of bounds for array of dimension 1

======================================================================
ERROR: test_argtopk_nd_23 (test_sort.Test_TopK)
----------------------------------------------------------------------
Traceback (most recent call last):
  File "C:\ProgramData\Anaconda3\envs\keras\lib\site-packages\parameterized\parameterized.py", line 530, in standalone_func
    return func(*(a + p.args), **p.kwargs)
  File "C:\Users\mutation\Desktop\theano-testcase\tests\test_sort.py", line 421, in test_argtopk_nd
    assert np.all(np.sort(yval, axis=axis) == np.sort(goal, axis=axis))
  File "<__array_function__ internals>", line 6, in sort
  File "C:\ProgramData\Anaconda3\envs\keras\lib\site-packages\numpy\core\fromnumeric.py", line 989, in sort
    a.sort(axis=axis, kind=kind, order=order)
numpy.AxisError: axis -5 is out of bounds for array of dimension 1

======================================================================
ERROR: test_argtopk_nd_24 (test_sort.Test_TopK)
----------------------------------------------------------------------
Traceback (most recent call last):
  File "C:\ProgramData\Anaconda3\envs\keras\lib\site-packages\parameterized\parameterized.py", line 530, in standalone_func
    return func(*(a + p.args), **p.kwargs)
  File "C:\Users\mutation\Desktop\theano-testcase\tests\test_sort.py", line 421, in test_argtopk_nd
    assert np.all(np.sort(yval, axis=axis) == np.sort(goal, axis=axis))
  File "<__array_function__ internals>", line 6, in sort
  File "C:\ProgramData\Anaconda3\envs\keras\lib\site-packages\numpy\core\fromnumeric.py", line 989, in sort
    a.sort(axis=axis, kind=kind, order=order)
numpy.AxisError: axis -5 is out of bounds for array of dimension 1

======================================================================
ERROR: test_argtopk_nd_25 (test_sort.Test_TopK)
----------------------------------------------------------------------
Traceback (most recent call last):
  File "C:\ProgramData\Anaconda3\envs\keras\lib\site-packages\parameterized\parameterized.py", line 530, in standalone_func
    return func(*(a + p.args), **p.kwargs)
  File "C:\Users\mutation\Desktop\theano-testcase\tests\test_sort.py", line 421, in test_argtopk_nd
    assert np.all(np.sort(yval, axis=axis) == np.sort(goal, axis=axis))
  File "<__array_function__ internals>", line 6, in sort
  File "C:\ProgramData\Anaconda3\envs\keras\lib\site-packages\numpy\core\fromnumeric.py", line 989, in sort
    a.sort(axis=axis, kind=kind, order=order)
numpy.AxisError: axis -5 is out of bounds for array of dimension 1

======================================================================
ERROR: test_argtopk_nd_26 (test_sort.Test_TopK)
----------------------------------------------------------------------
Traceback (most recent call last):
  File "C:\ProgramData\Anaconda3\envs\keras\lib\site-packages\parameterized\parameterized.py", line 530, in standalone_func
    return func(*(a + p.args), **p.kwargs)
  File "C:\Users\mutation\Desktop\theano-testcase\tests\test_sort.py", line 421, in test_argtopk_nd
    assert np.all(np.sort(yval, axis=axis) == np.sort(goal, axis=axis))
  File "<__array_function__ internals>", line 6, in sort
  File "C:\ProgramData\Anaconda3\envs\keras\lib\site-packages\numpy\core\fromnumeric.py", line 989, in sort
    a.sort(axis=axis, kind=kind, order=order)
numpy.AxisError: axis -5 is out of bounds for array of dimension 1

======================================================================
ERROR: test_argtopk_nd_27 (test_sort.Test_TopK)
----------------------------------------------------------------------
Traceback (most recent call last):
  File "C:\ProgramData\Anaconda3\envs\keras\lib\site-packages\parameterized\parameterized.py", line 530, in standalone_func
    return func(*(a + p.args), **p.kwargs)
  File "C:\Users\mutation\Desktop\theano-testcase\tests\test_sort.py", line 421, in test_argtopk_nd
    assert np.all(np.sort(yval, axis=axis) == np.sort(goal, axis=axis))
  File "<__array_function__ internals>", line 6, in sort
  File "C:\ProgramData\Anaconda3\envs\keras\lib\site-packages\numpy\core\fromnumeric.py", line 989, in sort
    a.sort(axis=axis, kind=kind, order=order)
numpy.AxisError: axis -5 is out of bounds for array of dimension 1

======================================================================
ERROR: test_argtopk_nd_28 (test_sort.Test_TopK)
----------------------------------------------------------------------
Traceback (most recent call last):
  File "C:\ProgramData\Anaconda3\envs\keras\lib\site-packages\parameterized\parameterized.py", line 530, in standalone_func
    return func(*(a + p.args), **p.kwargs)
  File "C:\Users\mutation\Desktop\theano-testcase\tests\test_sort.py", line 421, in test_argtopk_nd
    assert np.all(np.sort(yval, axis=axis) == np.sort(goal, axis=axis))
  File "<__array_function__ internals>", line 6, in sort
  File "C:\ProgramData\Anaconda3\envs\keras\lib\site-packages\numpy\core\fromnumeric.py", line 989, in sort
    a.sort(axis=axis, kind=kind, order=order)
numpy.AxisError: axis -5 is out of bounds for array of dimension 1

======================================================================
ERROR: test_argtopk_nd_29 (test_sort.Test_TopK)
----------------------------------------------------------------------
Traceback (most recent call last):
  File "C:\ProgramData\Anaconda3\envs\keras\lib\site-packages\parameterized\parameterized.py", line 530, in standalone_func
    return func(*(a + p.args), **p.kwargs)
  File "C:\Users\mutation\Desktop\theano-testcase\tests\test_sort.py", line 421, in test_argtopk_nd
    assert np.all(np.sort(yval, axis=axis) == np.sort(goal, axis=axis))
  File "<__array_function__ internals>", line 6, in sort
  File "C:\ProgramData\Anaconda3\envs\keras\lib\site-packages\numpy\core\fromnumeric.py", line 989, in sort
    a.sort(axis=axis, kind=kind, order=order)
numpy.AxisError: axis -5 is out of bounds for array of dimension 1

======================================================================
ERROR: test_argtopk_nd_30 (test_sort.Test_TopK)
----------------------------------------------------------------------
Traceback (most recent call last):
  File "C:\ProgramData\Anaconda3\envs\keras\lib\site-packages\parameterized\parameterized.py", line 530, in standalone_func
    return func(*(a + p.args), **p.kwargs)
  File "C:\Users\mutation\Desktop\theano-testcase\tests\test_sort.py", line 421, in test_argtopk_nd
    assert np.all(np.sort(yval, axis=axis) == np.sort(goal, axis=axis))
  File "<__array_function__ internals>", line 6, in sort
  File "C:\ProgramData\Anaconda3\envs\keras\lib\site-packages\numpy\core\fromnumeric.py", line 989, in sort
    a.sort(axis=axis, kind=kind, order=order)
numpy.AxisError: axis -5 is out of bounds for array of dimension 1

======================================================================
ERROR: test_argtopk_nd_31 (test_sort.Test_TopK)
----------------------------------------------------------------------
Traceback (most recent call last):
  File "C:\ProgramData\Anaconda3\envs\keras\lib\site-packages\parameterized\parameterized.py", line 530, in standalone_func
    return func(*(a + p.args), **p.kwargs)
  File "C:\Users\mutation\Desktop\theano-testcase\tests\test_sort.py", line 421, in test_argtopk_nd
    assert np.all(np.sort(yval, axis=axis) == np.sort(goal, axis=axis))
  File "<__array_function__ internals>", line 6, in sort
  File "C:\ProgramData\Anaconda3\envs\keras\lib\site-packages\numpy\core\fromnumeric.py", line 989, in sort
    a.sort(axis=axis, kind=kind, order=order)
numpy.AxisError: axis -5 is out of bounds for array of dimension 1

======================================================================
ERROR: test_argtopk_nd_32 (test_sort.Test_TopK)
----------------------------------------------------------------------
Traceback (most recent call last):
  File "C:\ProgramData\Anaconda3\envs\keras\lib\site-packages\parameterized\parameterized.py", line 530, in standalone_func
    return func(*(a + p.args), **p.kwargs)
  File "C:\Users\mutation\Desktop\theano-testcase\tests\test_sort.py", line 421, in test_argtopk_nd
    assert np.all(np.sort(yval, axis=axis) == np.sort(goal, axis=axis))
  File "<__array_function__ internals>", line 6, in sort
  File "C:\ProgramData\Anaconda3\envs\keras\lib\site-packages\numpy\core\fromnumeric.py", line 989, in sort
    a.sort(axis=axis, kind=kind, order=order)
numpy.AxisError: axis -3 is out of bounds for array of dimension 1

======================================================================
ERROR: test_argtopk_nd_33 (test_sort.Test_TopK)
----------------------------------------------------------------------
Traceback (most recent call last):
  File "C:\ProgramData\Anaconda3\envs\keras\lib\site-packages\parameterized\parameterized.py", line 530, in standalone_func
    return func(*(a + p.args), **p.kwargs)
  File "C:\Users\mutation\Desktop\theano-testcase\tests\test_sort.py", line 421, in test_argtopk_nd
    assert np.all(np.sort(yval, axis=axis) == np.sort(goal, axis=axis))
  File "<__array_function__ internals>", line 6, in sort
  File "C:\ProgramData\Anaconda3\envs\keras\lib\site-packages\numpy\core\fromnumeric.py", line 989, in sort
    a.sort(axis=axis, kind=kind, order=order)
numpy.AxisError: axis -3 is out of bounds for array of dimension 1

======================================================================
ERROR: test_argtopk_nd_34 (test_sort.Test_TopK)
----------------------------------------------------------------------
Traceback (most recent call last):
  File "C:\ProgramData\Anaconda3\envs\keras\lib\site-packages\parameterized\parameterized.py", line 530, in standalone_func
    return func(*(a + p.args), **p.kwargs)
  File "C:\Users\mutation\Desktop\theano-testcase\tests\test_sort.py", line 421, in test_argtopk_nd
    assert np.all(np.sort(yval, axis=axis) == np.sort(goal, axis=axis))
  File "<__array_function__ internals>", line 6, in sort
  File "C:\ProgramData\Anaconda3\envs\keras\lib\site-packages\numpy\core\fromnumeric.py", line 989, in sort
    a.sort(axis=axis, kind=kind, order=order)
numpy.AxisError: axis -3 is out of bounds for array of dimension 1

======================================================================
ERROR: test_argtopk_nd_35 (test_sort.Test_TopK)
----------------------------------------------------------------------
Traceback (most recent call last):
  File "C:\ProgramData\Anaconda3\envs\keras\lib\site-packages\parameterized\parameterized.py", line 530, in standalone_func
    return func(*(a + p.args), **p.kwargs)
  File "C:\Users\mutation\Desktop\theano-testcase\tests\test_sort.py", line 421, in test_argtopk_nd
    assert np.all(np.sort(yval, axis=axis) == np.sort(goal, axis=axis))
  File "<__array_function__ internals>", line 6, in sort
  File "C:\ProgramData\Anaconda3\envs\keras\lib\site-packages\numpy\core\fromnumeric.py", line 989, in sort
    a.sort(axis=axis, kind=kind, order=order)
numpy.AxisError: axis -3 is out of bounds for array of dimension 1

======================================================================
ERROR: test_argtopk_nd_36 (test_sort.Test_TopK)
----------------------------------------------------------------------
Traceback (most recent call last):
  File "C:\ProgramData\Anaconda3\envs\keras\lib\site-packages\parameterized\parameterized.py", line 530, in standalone_func
    return func(*(a + p.args), **p.kwargs)
  File "C:\Users\mutation\Desktop\theano-testcase\tests\test_sort.py", line 421, in test_argtopk_nd
    assert np.all(np.sort(yval, axis=axis) == np.sort(goal, axis=axis))
  File "<__array_function__ internals>", line 6, in sort
  File "C:\ProgramData\Anaconda3\envs\keras\lib\site-packages\numpy\core\fromnumeric.py", line 989, in sort
    a.sort(axis=axis, kind=kind, order=order)
numpy.AxisError: axis -3 is out of bounds for array of dimension 1

======================================================================
ERROR: test_argtopk_nd_37 (test_sort.Test_TopK)
----------------------------------------------------------------------
Traceback (most recent call last):
  File "C:\ProgramData\Anaconda3\envs\keras\lib\site-packages\parameterized\parameterized.py", line 530, in standalone_func
    return func(*(a + p.args), **p.kwargs)
  File "C:\Users\mutation\Desktop\theano-testcase\tests\test_sort.py", line 421, in test_argtopk_nd
    assert np.all(np.sort(yval, axis=axis) == np.sort(goal, axis=axis))
  File "<__array_function__ internals>", line 6, in sort
  File "C:\ProgramData\Anaconda3\envs\keras\lib\site-packages\numpy\core\fromnumeric.py", line 989, in sort
    a.sort(axis=axis, kind=kind, order=order)
numpy.AxisError: axis -3 is out of bounds for array of dimension 1

======================================================================
ERROR: test_argtopk_nd_38 (test_sort.Test_TopK)
----------------------------------------------------------------------
Traceback (most recent call last):
  File "C:\ProgramData\Anaconda3\envs\keras\lib\site-packages\parameterized\parameterized.py", line 530, in standalone_func
    return func(*(a + p.args), **p.kwargs)
  File "C:\Users\mutation\Desktop\theano-testcase\tests\test_sort.py", line 421, in test_argtopk_nd
    assert np.all(np.sort(yval, axis=axis) == np.sort(goal, axis=axis))
  File "<__array_function__ internals>", line 6, in sort
  File "C:\ProgramData\Anaconda3\envs\keras\lib\site-packages\numpy\core\fromnumeric.py", line 989, in sort
    a.sort(axis=axis, kind=kind, order=order)
numpy.AxisError: axis -3 is out of bounds for array of dimension 1

======================================================================
ERROR: test_argtopk_nd_39 (test_sort.Test_TopK)
----------------------------------------------------------------------
Traceback (most recent call last):
  File "C:\ProgramData\Anaconda3\envs\keras\lib\site-packages\parameterized\parameterized.py", line 530, in standalone_func
    return func(*(a + p.args), **p.kwargs)
  File "C:\Users\mutation\Desktop\theano-testcase\tests\test_sort.py", line 421, in test_argtopk_nd
    assert np.all(np.sort(yval, axis=axis) == np.sort(goal, axis=axis))
  File "<__array_function__ internals>", line 6, in sort
  File "C:\ProgramData\Anaconda3\envs\keras\lib\site-packages\numpy\core\fromnumeric.py", line 989, in sort
    a.sort(axis=axis, kind=kind, order=order)
numpy.AxisError: axis -3 is out of bounds for array of dimension 1

======================================================================
ERROR: test_argtopk_nd_40 (test_sort.Test_TopK)
----------------------------------------------------------------------
Traceback (most recent call last):
  File "C:\ProgramData\Anaconda3\envs\keras\lib\site-packages\parameterized\parameterized.py", line 530, in standalone_func
    return func(*(a + p.args), **p.kwargs)
  File "C:\Users\mutation\Desktop\theano-testcase\tests\test_sort.py", line 421, in test_argtopk_nd
    assert np.all(np.sort(yval, axis=axis) == np.sort(goal, axis=axis))
  File "<__array_function__ internals>", line 6, in sort
  File "C:\ProgramData\Anaconda3\envs\keras\lib\site-packages\numpy\core\fromnumeric.py", line 989, in sort
    a.sort(axis=axis, kind=kind, order=order)
numpy.AxisError: axis -3 is out of bounds for array of dimension 1

======================================================================
ERROR: test_argtopk_nd_41 (test_sort.Test_TopK)
----------------------------------------------------------------------
Traceback (most recent call last):
  File "C:\ProgramData\Anaconda3\envs\keras\lib\site-packages\parameterized\parameterized.py", line 530, in standalone_func
    return func(*(a + p.args), **p.kwargs)
  File "C:\Users\mutation\Desktop\theano-testcase\tests\test_sort.py", line 421, in test_argtopk_nd
    assert np.all(np.sort(yval, axis=axis) == np.sort(goal, axis=axis))
  File "<__array_function__ internals>", line 6, in sort
  File "C:\ProgramData\Anaconda3\envs\keras\lib\site-packages\numpy\core\fromnumeric.py", line 989, in sort
    a.sort(axis=axis, kind=kind, order=order)
numpy.AxisError: axis -3 is out of bounds for array of dimension 1

======================================================================
ERROR: test_argtopk_nd_42 (test_sort.Test_TopK)
----------------------------------------------------------------------
Traceback (most recent call last):
  File "C:\ProgramData\Anaconda3\envs\keras\lib\site-packages\parameterized\parameterized.py", line 530, in standalone_func
    return func(*(a + p.args), **p.kwargs)
  File "C:\Users\mutation\Desktop\theano-testcase\tests\test_sort.py", line 421, in test_argtopk_nd
    assert np.all(np.sort(yval, axis=axis) == np.sort(goal, axis=axis))
  File "<__array_function__ internals>", line 6, in sort
  File "C:\ProgramData\Anaconda3\envs\keras\lib\site-packages\numpy\core\fromnumeric.py", line 989, in sort
    a.sort(axis=axis, kind=kind, order=order)
numpy.AxisError: axis -3 is out of bounds for array of dimension 1

======================================================================
ERROR: test_argtopk_nd_43 (test_sort.Test_TopK)
----------------------------------------------------------------------
Traceback (most recent call last):
  File "C:\ProgramData\Anaconda3\envs\keras\lib\site-packages\parameterized\parameterized.py", line 530, in standalone_func
    return func(*(a + p.args), **p.kwargs)
  File "C:\Users\mutation\Desktop\theano-testcase\tests\test_sort.py", line 421, in test_argtopk_nd
    assert np.all(np.sort(yval, axis=axis) == np.sort(goal, axis=axis))
  File "<__array_function__ internals>", line 6, in sort
  File "C:\ProgramData\Anaconda3\envs\keras\lib\site-packages\numpy\core\fromnumeric.py", line 989, in sort
    a.sort(axis=axis, kind=kind, order=order)
numpy.AxisError: axis -3 is out of bounds for array of dimension 1

======================================================================
ERROR: test_argtopk_nd_44 (test_sort.Test_TopK)
----------------------------------------------------------------------
Traceback (most recent call last):
  File "C:\ProgramData\Anaconda3\envs\keras\lib\site-packages\parameterized\parameterized.py", line 530, in standalone_func
    return func(*(a + p.args), **p.kwargs)
  File "C:\Users\mutation\Desktop\theano-testcase\tests\test_sort.py", line 421, in test_argtopk_nd
    assert np.all(np.sort(yval, axis=axis) == np.sort(goal, axis=axis))
  File "<__array_function__ internals>", line 6, in sort
  File "C:\ProgramData\Anaconda3\envs\keras\lib\site-packages\numpy\core\fromnumeric.py", line 989, in sort
    a.sort(axis=axis, kind=kind, order=order)
numpy.AxisError: axis -3 is out of bounds for array of dimension 1

======================================================================
ERROR: test_argtopk_nd_45 (test_sort.Test_TopK)
----------------------------------------------------------------------
Traceback (most recent call last):
  File "C:\ProgramData\Anaconda3\envs\keras\lib\site-packages\parameterized\parameterized.py", line 530, in standalone_func
    return func(*(a + p.args), **p.kwargs)
  File "C:\Users\mutation\Desktop\theano-testcase\tests\test_sort.py", line 421, in test_argtopk_nd
    assert np.all(np.sort(yval, axis=axis) == np.sort(goal, axis=axis))
  File "<__array_function__ internals>", line 6, in sort
  File "C:\ProgramData\Anaconda3\envs\keras\lib\site-packages\numpy\core\fromnumeric.py", line 989, in sort
    a.sort(axis=axis, kind=kind, order=order)
numpy.AxisError: axis -3 is out of bounds for array of dimension 1

======================================================================
ERROR: test_argtopk_nd_46 (test_sort.Test_TopK)
----------------------------------------------------------------------
Traceback (most recent call last):
  File "C:\ProgramData\Anaconda3\envs\keras\lib\site-packages\parameterized\parameterized.py", line 530, in standalone_func
    return func(*(a + p.args), **p.kwargs)
  File "C:\Users\mutation\Desktop\theano-testcase\tests\test_sort.py", line 421, in test_argtopk_nd
    assert np.all(np.sort(yval, axis=axis) == np.sort(goal, axis=axis))
  File "<__array_function__ internals>", line 6, in sort
  File "C:\ProgramData\Anaconda3\envs\keras\lib\site-packages\numpy\core\fromnumeric.py", line 989, in sort
    a.sort(axis=axis, kind=kind, order=order)
numpy.AxisError: axis -3 is out of bounds for array of dimension 1

======================================================================
ERROR: test_argtopk_nd_47 (test_sort.Test_TopK)
----------------------------------------------------------------------
Traceback (most recent call last):
  File "C:\ProgramData\Anaconda3\envs\keras\lib\site-packages\parameterized\parameterized.py", line 530, in standalone_func
    return func(*(a + p.args), **p.kwargs)
  File "C:\Users\mutation\Desktop\theano-testcase\tests\test_sort.py", line 421, in test_argtopk_nd
    assert np.all(np.sort(yval, axis=axis) == np.sort(goal, axis=axis))
  File "<__array_function__ internals>", line 6, in sort
  File "C:\ProgramData\Anaconda3\envs\keras\lib\site-packages\numpy\core\fromnumeric.py", line 989, in sort
    a.sort(axis=axis, kind=kind, order=order)
numpy.AxisError: axis -3 is out of bounds for array of dimension 1

======================================================================
ERROR: test_argtopk_sanity_002_int8 (test_sort.Test_TopK)
----------------------------------------------------------------------
Traceback (most recent call last):
  File "C:\ProgramData\Anaconda3\envs\keras\lib\site-packages\parameterized\parameterized.py", line 530, in standalone_func
    return func(*(a + p.args), **p.kwargs)
  File "C:\Users\mutation\Desktop\theano-testcase\tests\test_sort.py", line 246, in test_argtopk_sanity
    argtopk(x, 1, axis=axis, sorted=sorted, idx_dtype=idx_dtype),
  File "C:\ProgramData\Anaconda3\envs\keras\lib\site-packages\theano\tensor\sort.py", line 543, in argtopk
    idx_dtype=idx_dtype)(x, kth)[1]
  File "C:\ProgramData\Anaconda3\envs\keras\lib\site-packages\theano\tensor\sort.py", line 367, in __init__
    '"axis" parameter must be integer, got "%s"' % type(axis))
TypeError: "axis" parameter must be integer, got "<class 'NoneType'>"

======================================================================
ERROR: test_argtopk_sanity_005_int8 (test_sort.Test_TopK)
----------------------------------------------------------------------
Traceback (most recent call last):
  File "C:\ProgramData\Anaconda3\envs\keras\lib\site-packages\parameterized\parameterized.py", line 530, in standalone_func
    return func(*(a + p.args), **p.kwargs)
  File "C:\Users\mutation\Desktop\theano-testcase\tests\test_sort.py", line 246, in test_argtopk_sanity
    argtopk(x, 1, axis=axis, sorted=sorted, idx_dtype=idx_dtype),
  File "C:\ProgramData\Anaconda3\envs\keras\lib\site-packages\theano\tensor\sort.py", line 543, in argtopk
    idx_dtype=idx_dtype)(x, kth)[1]
  File "C:\ProgramData\Anaconda3\envs\keras\lib\site-packages\theano\tensor\sort.py", line 367, in __init__
    '"axis" parameter must be integer, got "%s"' % type(axis))
TypeError: "axis" parameter must be integer, got "<class 'NoneType'>"

======================================================================
ERROR: test_argtopk_sanity_008_int8 (test_sort.Test_TopK)
----------------------------------------------------------------------
Traceback (most recent call last):
  File "C:\ProgramData\Anaconda3\envs\keras\lib\site-packages\parameterized\parameterized.py", line 530, in standalone_func
    return func(*(a + p.args), **p.kwargs)
  File "C:\Users\mutation\Desktop\theano-testcase\tests\test_sort.py", line 246, in test_argtopk_sanity
    argtopk(x, 1, axis=axis, sorted=sorted, idx_dtype=idx_dtype),
  File "C:\ProgramData\Anaconda3\envs\keras\lib\site-packages\theano\tensor\sort.py", line 543, in argtopk
    idx_dtype=idx_dtype)(x, kth)[1]
  File "C:\ProgramData\Anaconda3\envs\keras\lib\site-packages\theano\tensor\sort.py", line 367, in __init__
    '"axis" parameter must be integer, got "%s"' % type(axis))
TypeError: "axis" parameter must be integer, got "<class 'NoneType'>"

======================================================================
ERROR: test_argtopk_sanity_011_int8 (test_sort.Test_TopK)
----------------------------------------------------------------------
Traceback (most recent call last):
  File "C:\ProgramData\Anaconda3\envs\keras\lib\site-packages\parameterized\parameterized.py", line 530, in standalone_func
    return func(*(a + p.args), **p.kwargs)
  File "C:\Users\mutation\Desktop\theano-testcase\tests\test_sort.py", line 246, in test_argtopk_sanity
    argtopk(x, 1, axis=axis, sorted=sorted, idx_dtype=idx_dtype),
  File "C:\ProgramData\Anaconda3\envs\keras\lib\site-packages\theano\tensor\sort.py", line 543, in argtopk
    idx_dtype=idx_dtype)(x, kth)[1]
  File "C:\ProgramData\Anaconda3\envs\keras\lib\site-packages\theano\tensor\sort.py", line 367, in __init__
    '"axis" parameter must be integer, got "%s"' % type(axis))
TypeError: "axis" parameter must be integer, got "<class 'NoneType'>"

======================================================================
ERROR: test_argtopk_sanity_014_int8 (test_sort.Test_TopK)
----------------------------------------------------------------------
Traceback (most recent call last):
  File "C:\ProgramData\Anaconda3\envs\keras\lib\site-packages\parameterized\parameterized.py", line 530, in standalone_func
    return func(*(a + p.args), **p.kwargs)
  File "C:\Users\mutation\Desktop\theano-testcase\tests\test_sort.py", line 246, in test_argtopk_sanity
    argtopk(x, 1, axis=axis, sorted=sorted, idx_dtype=idx_dtype),
  File "C:\ProgramData\Anaconda3\envs\keras\lib\site-packages\theano\tensor\sort.py", line 543, in argtopk
    idx_dtype=idx_dtype)(x, kth)[1]
  File "C:\ProgramData\Anaconda3\envs\keras\lib\site-packages\theano\tensor\sort.py", line 367, in __init__
    '"axis" parameter must be integer, got "%s"' % type(axis))
TypeError: "axis" parameter must be integer, got "<class 'NoneType'>"

======================================================================
ERROR: test_argtopk_sanity_017_int8 (test_sort.Test_TopK)
----------------------------------------------------------------------
Traceback (most recent call last):
  File "C:\ProgramData\Anaconda3\envs\keras\lib\site-packages\parameterized\parameterized.py", line 530, in standalone_func
    return func(*(a + p.args), **p.kwargs)
  File "C:\Users\mutation\Desktop\theano-testcase\tests\test_sort.py", line 246, in test_argtopk_sanity
    argtopk(x, 1, axis=axis, sorted=sorted, idx_dtype=idx_dtype),
  File "C:\ProgramData\Anaconda3\envs\keras\lib\site-packages\theano\tensor\sort.py", line 543, in argtopk
    idx_dtype=idx_dtype)(x, kth)[1]
  File "C:\ProgramData\Anaconda3\envs\keras\lib\site-packages\theano\tensor\sort.py", line 367, in __init__
    '"axis" parameter must be integer, got "%s"' % type(axis))
TypeError: "axis" parameter must be integer, got "<class 'NoneType'>"

======================================================================
ERROR: test_argtopk_sanity_020_int8 (test_sort.Test_TopK)
----------------------------------------------------------------------
Traceback (most recent call last):
  File "C:\ProgramData\Anaconda3\envs\keras\lib\site-packages\parameterized\parameterized.py", line 530, in standalone_func
    return func(*(a + p.args), **p.kwargs)
  File "C:\Users\mutation\Desktop\theano-testcase\tests\test_sort.py", line 246, in test_argtopk_sanity
    argtopk(x, 1, axis=axis, sorted=sorted, idx_dtype=idx_dtype),
  File "C:\ProgramData\Anaconda3\envs\keras\lib\site-packages\theano\tensor\sort.py", line 543, in argtopk
    idx_dtype=idx_dtype)(x, kth)[1]
  File "C:\ProgramData\Anaconda3\envs\keras\lib\site-packages\theano\tensor\sort.py", line 367, in __init__
    '"axis" parameter must be integer, got "%s"' % type(axis))
TypeError: "axis" parameter must be integer, got "<class 'NoneType'>"

======================================================================
ERROR: test_argtopk_sanity_023_int8 (test_sort.Test_TopK)
----------------------------------------------------------------------
Traceback (most recent call last):
  File "C:\ProgramData\Anaconda3\envs\keras\lib\site-packages\parameterized\parameterized.py", line 530, in standalone_func
    return func(*(a + p.args), **p.kwargs)
  File "C:\Users\mutation\Desktop\theano-testcase\tests\test_sort.py", line 246, in test_argtopk_sanity
    argtopk(x, 1, axis=axis, sorted=sorted, idx_dtype=idx_dtype),
  File "C:\ProgramData\Anaconda3\envs\keras\lib\site-packages\theano\tensor\sort.py", line 543, in argtopk
    idx_dtype=idx_dtype)(x, kth)[1]
  File "C:\ProgramData\Anaconda3\envs\keras\lib\site-packages\theano\tensor\sort.py", line 367, in __init__
    '"axis" parameter must be integer, got "%s"' % type(axis))
TypeError: "axis" parameter must be integer, got "<class 'NoneType'>"

======================================================================
ERROR: test_argtopk_sanity_026_int16 (test_sort.Test_TopK)
----------------------------------------------------------------------
Traceback (most recent call last):
  File "C:\ProgramData\Anaconda3\envs\keras\lib\site-packages\parameterized\parameterized.py", line 530, in standalone_func
    return func(*(a + p.args), **p.kwargs)
  File "C:\Users\mutation\Desktop\theano-testcase\tests\test_sort.py", line 246, in test_argtopk_sanity
    argtopk(x, 1, axis=axis, sorted=sorted, idx_dtype=idx_dtype),
  File "C:\ProgramData\Anaconda3\envs\keras\lib\site-packages\theano\tensor\sort.py", line 543, in argtopk
    idx_dtype=idx_dtype)(x, kth)[1]
  File "C:\ProgramData\Anaconda3\envs\keras\lib\site-packages\theano\tensor\sort.py", line 367, in __init__
    '"axis" parameter must be integer, got "%s"' % type(axis))
TypeError: "axis" parameter must be integer, got "<class 'NoneType'>"

======================================================================
ERROR: test_argtopk_sanity_029_int16 (test_sort.Test_TopK)
----------------------------------------------------------------------
Traceback (most recent call last):
  File "C:\ProgramData\Anaconda3\envs\keras\lib\site-packages\parameterized\parameterized.py", line 530, in standalone_func
    return func(*(a + p.args), **p.kwargs)
  File "C:\Users\mutation\Desktop\theano-testcase\tests\test_sort.py", line 246, in test_argtopk_sanity
    argtopk(x, 1, axis=axis, sorted=sorted, idx_dtype=idx_dtype),
  File "C:\ProgramData\Anaconda3\envs\keras\lib\site-packages\theano\tensor\sort.py", line 543, in argtopk
    idx_dtype=idx_dtype)(x, kth)[1]
  File "C:\ProgramData\Anaconda3\envs\keras\lib\site-packages\theano\tensor\sort.py", line 367, in __init__
    '"axis" parameter must be integer, got "%s"' % type(axis))
TypeError: "axis" parameter must be integer, got "<class 'NoneType'>"

======================================================================
ERROR: test_argtopk_sanity_032_int16 (test_sort.Test_TopK)
----------------------------------------------------------------------
Traceback (most recent call last):
  File "C:\ProgramData\Anaconda3\envs\keras\lib\site-packages\parameterized\parameterized.py", line 530, in standalone_func
    return func(*(a + p.args), **p.kwargs)
  File "C:\Users\mutation\Desktop\theano-testcase\tests\test_sort.py", line 246, in test_argtopk_sanity
    argtopk(x, 1, axis=axis, sorted=sorted, idx_dtype=idx_dtype),
  File "C:\ProgramData\Anaconda3\envs\keras\lib\site-packages\theano\tensor\sort.py", line 543, in argtopk
    idx_dtype=idx_dtype)(x, kth)[1]
  File "C:\ProgramData\Anaconda3\envs\keras\lib\site-packages\theano\tensor\sort.py", line 367, in __init__
    '"axis" parameter must be integer, got "%s"' % type(axis))
TypeError: "axis" parameter must be integer, got "<class 'NoneType'>"

======================================================================
ERROR: test_argtopk_sanity_035_int16 (test_sort.Test_TopK)
----------------------------------------------------------------------
Traceback (most recent call last):
  File "C:\ProgramData\Anaconda3\envs\keras\lib\site-packages\parameterized\parameterized.py", line 530, in standalone_func
    return func(*(a + p.args), **p.kwargs)
  File "C:\Users\mutation\Desktop\theano-testcase\tests\test_sort.py", line 246, in test_argtopk_sanity
    argtopk(x, 1, axis=axis, sorted=sorted, idx_dtype=idx_dtype),
  File "C:\ProgramData\Anaconda3\envs\keras\lib\site-packages\theano\tensor\sort.py", line 543, in argtopk
    idx_dtype=idx_dtype)(x, kth)[1]
  File "C:\ProgramData\Anaconda3\envs\keras\lib\site-packages\theano\tensor\sort.py", line 367, in __init__
    '"axis" parameter must be integer, got "%s"' % type(axis))
TypeError: "axis" parameter must be integer, got "<class 'NoneType'>"

======================================================================
ERROR: test_argtopk_sanity_038_int16 (test_sort.Test_TopK)
----------------------------------------------------------------------
Traceback (most recent call last):
  File "C:\ProgramData\Anaconda3\envs\keras\lib\site-packages\parameterized\parameterized.py", line 530, in standalone_func
    return func(*(a + p.args), **p.kwargs)
  File "C:\Users\mutation\Desktop\theano-testcase\tests\test_sort.py", line 246, in test_argtopk_sanity
    argtopk(x, 1, axis=axis, sorted=sorted, idx_dtype=idx_dtype),
  File "C:\ProgramData\Anaconda3\envs\keras\lib\site-packages\theano\tensor\sort.py", line 543, in argtopk
    idx_dtype=idx_dtype)(x, kth)[1]
  File "C:\ProgramData\Anaconda3\envs\keras\lib\site-packages\theano\tensor\sort.py", line 367, in __init__
    '"axis" parameter must be integer, got "%s"' % type(axis))
TypeError: "axis" parameter must be integer, got "<class 'NoneType'>"

======================================================================
ERROR: test_argtopk_sanity_041_int16 (test_sort.Test_TopK)
----------------------------------------------------------------------
Traceback (most recent call last):
  File "C:\ProgramData\Anaconda3\envs\keras\lib\site-packages\parameterized\parameterized.py", line 530, in standalone_func
    return func(*(a + p.args), **p.kwargs)
  File "C:\Users\mutation\Desktop\theano-testcase\tests\test_sort.py", line 246, in test_argtopk_sanity
    argtopk(x, 1, axis=axis, sorted=sorted, idx_dtype=idx_dtype),
  File "C:\ProgramData\Anaconda3\envs\keras\lib\site-packages\theano\tensor\sort.py", line 543, in argtopk
    idx_dtype=idx_dtype)(x, kth)[1]
  File "C:\ProgramData\Anaconda3\envs\keras\lib\site-packages\theano\tensor\sort.py", line 367, in __init__
    '"axis" parameter must be integer, got "%s"' % type(axis))
TypeError: "axis" parameter must be integer, got "<class 'NoneType'>"

======================================================================
ERROR: test_argtopk_sanity_044_int16 (test_sort.Test_TopK)
----------------------------------------------------------------------
Traceback (most recent call last):
  File "C:\ProgramData\Anaconda3\envs\keras\lib\site-packages\parameterized\parameterized.py", line 530, in standalone_func
    return func(*(a + p.args), **p.kwargs)
  File "C:\Users\mutation\Desktop\theano-testcase\tests\test_sort.py", line 246, in test_argtopk_sanity
    argtopk(x, 1, axis=axis, sorted=sorted, idx_dtype=idx_dtype),
  File "C:\ProgramData\Anaconda3\envs\keras\lib\site-packages\theano\tensor\sort.py", line 543, in argtopk
    idx_dtype=idx_dtype)(x, kth)[1]
  File "C:\ProgramData\Anaconda3\envs\keras\lib\site-packages\theano\tensor\sort.py", line 367, in __init__
    '"axis" parameter must be integer, got "%s"' % type(axis))
TypeError: "axis" parameter must be integer, got "<class 'NoneType'>"

======================================================================
ERROR: test_argtopk_sanity_047_int16 (test_sort.Test_TopK)
----------------------------------------------------------------------
Traceback (most recent call last):
  File "C:\ProgramData\Anaconda3\envs\keras\lib\site-packages\parameterized\parameterized.py", line 530, in standalone_func
    return func(*(a + p.args), **p.kwargs)
  File "C:\Users\mutation\Desktop\theano-testcase\tests\test_sort.py", line 246, in test_argtopk_sanity
    argtopk(x, 1, axis=axis, sorted=sorted, idx_dtype=idx_dtype),
  File "C:\ProgramData\Anaconda3\envs\keras\lib\site-packages\theano\tensor\sort.py", line 543, in argtopk
    idx_dtype=idx_dtype)(x, kth)[1]
  File "C:\ProgramData\Anaconda3\envs\keras\lib\site-packages\theano\tensor\sort.py", line 367, in __init__
    '"axis" parameter must be integer, got "%s"' % type(axis))
TypeError: "axis" parameter must be integer, got "<class 'NoneType'>"

======================================================================
ERROR: test_argtopk_sanity_050_int32 (test_sort.Test_TopK)
----------------------------------------------------------------------
Traceback (most recent call last):
  File "C:\ProgramData\Anaconda3\envs\keras\lib\site-packages\parameterized\parameterized.py", line 530, in standalone_func
    return func(*(a + p.args), **p.kwargs)
  File "C:\Users\mutation\Desktop\theano-testcase\tests\test_sort.py", line 246, in test_argtopk_sanity
    argtopk(x, 1, axis=axis, sorted=sorted, idx_dtype=idx_dtype),
  File "C:\ProgramData\Anaconda3\envs\keras\lib\site-packages\theano\tensor\sort.py", line 543, in argtopk
    idx_dtype=idx_dtype)(x, kth)[1]
  File "C:\ProgramData\Anaconda3\envs\keras\lib\site-packages\theano\tensor\sort.py", line 367, in __init__
    '"axis" parameter must be integer, got "%s"' % type(axis))
TypeError: "axis" parameter must be integer, got "<class 'NoneType'>"

======================================================================
ERROR: test_argtopk_sanity_053_int32 (test_sort.Test_TopK)
----------------------------------------------------------------------
Traceback (most recent call last):
  File "C:\ProgramData\Anaconda3\envs\keras\lib\site-packages\parameterized\parameterized.py", line 530, in standalone_func
    return func(*(a + p.args), **p.kwargs)
  File "C:\Users\mutation\Desktop\theano-testcase\tests\test_sort.py", line 246, in test_argtopk_sanity
    argtopk(x, 1, axis=axis, sorted=sorted, idx_dtype=idx_dtype),
  File "C:\ProgramData\Anaconda3\envs\keras\lib\site-packages\theano\tensor\sort.py", line 543, in argtopk
    idx_dtype=idx_dtype)(x, kth)[1]
  File "C:\ProgramData\Anaconda3\envs\keras\lib\site-packages\theano\tensor\sort.py", line 367, in __init__
    '"axis" parameter must be integer, got "%s"' % type(axis))
TypeError: "axis" parameter must be integer, got "<class 'NoneType'>"

======================================================================
ERROR: test_argtopk_sanity_056_int32 (test_sort.Test_TopK)
----------------------------------------------------------------------
Traceback (most recent call last):
  File "C:\ProgramData\Anaconda3\envs\keras\lib\site-packages\parameterized\parameterized.py", line 530, in standalone_func
    return func(*(a + p.args), **p.kwargs)
  File "C:\Users\mutation\Desktop\theano-testcase\tests\test_sort.py", line 246, in test_argtopk_sanity
    argtopk(x, 1, axis=axis, sorted=sorted, idx_dtype=idx_dtype),
  File "C:\ProgramData\Anaconda3\envs\keras\lib\site-packages\theano\tensor\sort.py", line 543, in argtopk
    idx_dtype=idx_dtype)(x, kth)[1]
  File "C:\ProgramData\Anaconda3\envs\keras\lib\site-packages\theano\tensor\sort.py", line 367, in __init__
    '"axis" parameter must be integer, got "%s"' % type(axis))
TypeError: "axis" parameter must be integer, got "<class 'NoneType'>"

======================================================================
ERROR: test_argtopk_sanity_059_int32 (test_sort.Test_TopK)
----------------------------------------------------------------------
Traceback (most recent call last):
  File "C:\ProgramData\Anaconda3\envs\keras\lib\site-packages\parameterized\parameterized.py", line 530, in standalone_func
    return func(*(a + p.args), **p.kwargs)
  File "C:\Users\mutation\Desktop\theano-testcase\tests\test_sort.py", line 246, in test_argtopk_sanity
    argtopk(x, 1, axis=axis, sorted=sorted, idx_dtype=idx_dtype),
  File "C:\ProgramData\Anaconda3\envs\keras\lib\site-packages\theano\tensor\sort.py", line 543, in argtopk
    idx_dtype=idx_dtype)(x, kth)[1]
  File "C:\ProgramData\Anaconda3\envs\keras\lib\site-packages\theano\tensor\sort.py", line 367, in __init__
    '"axis" parameter must be integer, got "%s"' % type(axis))
TypeError: "axis" parameter must be integer, got "<class 'NoneType'>"

======================================================================
ERROR: test_argtopk_sanity_062_int32 (test_sort.Test_TopK)
----------------------------------------------------------------------
Traceback (most recent call last):
  File "C:\ProgramData\Anaconda3\envs\keras\lib\site-packages\parameterized\parameterized.py", line 530, in standalone_func
    return func(*(a + p.args), **p.kwargs)
  File "C:\Users\mutation\Desktop\theano-testcase\tests\test_sort.py", line 246, in test_argtopk_sanity
    argtopk(x, 1, axis=axis, sorted=sorted, idx_dtype=idx_dtype),
  File "C:\ProgramData\Anaconda3\envs\keras\lib\site-packages\theano\tensor\sort.py", line 543, in argtopk
    idx_dtype=idx_dtype)(x, kth)[1]
  File "C:\ProgramData\Anaconda3\envs\keras\lib\site-packages\theano\tensor\sort.py", line 367, in __init__
    '"axis" parameter must be integer, got "%s"' % type(axis))
TypeError: "axis" parameter must be integer, got "<class 'NoneType'>"

======================================================================
ERROR: test_argtopk_sanity_065_int32 (test_sort.Test_TopK)
----------------------------------------------------------------------
Traceback (most recent call last):
  File "C:\ProgramData\Anaconda3\envs\keras\lib\site-packages\parameterized\parameterized.py", line 530, in standalone_func
    return func(*(a + p.args), **p.kwargs)
  File "C:\Users\mutation\Desktop\theano-testcase\tests\test_sort.py", line 246, in test_argtopk_sanity
    argtopk(x, 1, axis=axis, sorted=sorted, idx_dtype=idx_dtype),
  File "C:\ProgramData\Anaconda3\envs\keras\lib\site-packages\theano\tensor\sort.py", line 543, in argtopk
    idx_dtype=idx_dtype)(x, kth)[1]
  File "C:\ProgramData\Anaconda3\envs\keras\lib\site-packages\theano\tensor\sort.py", line 367, in __init__
    '"axis" parameter must be integer, got "%s"' % type(axis))
TypeError: "axis" parameter must be integer, got "<class 'NoneType'>"

======================================================================
ERROR: test_argtopk_sanity_068_int32 (test_sort.Test_TopK)
----------------------------------------------------------------------
Traceback (most recent call last):
  File "C:\ProgramData\Anaconda3\envs\keras\lib\site-packages\parameterized\parameterized.py", line 530, in standalone_func
    return func(*(a + p.args), **p.kwargs)
  File "C:\Users\mutation\Desktop\theano-testcase\tests\test_sort.py", line 246, in test_argtopk_sanity
    argtopk(x, 1, axis=axis, sorted=sorted, idx_dtype=idx_dtype),
  File "C:\ProgramData\Anaconda3\envs\keras\lib\site-packages\theano\tensor\sort.py", line 543, in argtopk
    idx_dtype=idx_dtype)(x, kth)[1]
  File "C:\ProgramData\Anaconda3\envs\keras\lib\site-packages\theano\tensor\sort.py", line 367, in __init__
    '"axis" parameter must be integer, got "%s"' % type(axis))
TypeError: "axis" parameter must be integer, got "<class 'NoneType'>"

======================================================================
ERROR: test_argtopk_sanity_071_int32 (test_sort.Test_TopK)
----------------------------------------------------------------------
Traceback (most recent call last):
  File "C:\ProgramData\Anaconda3\envs\keras\lib\site-packages\parameterized\parameterized.py", line 530, in standalone_func
    return func(*(a + p.args), **p.kwargs)
  File "C:\Users\mutation\Desktop\theano-testcase\tests\test_sort.py", line 246, in test_argtopk_sanity
    argtopk(x, 1, axis=axis, sorted=sorted, idx_dtype=idx_dtype),
  File "C:\ProgramData\Anaconda3\envs\keras\lib\site-packages\theano\tensor\sort.py", line 543, in argtopk
    idx_dtype=idx_dtype)(x, kth)[1]
  File "C:\ProgramData\Anaconda3\envs\keras\lib\site-packages\theano\tensor\sort.py", line 367, in __init__
    '"axis" parameter must be integer, got "%s"' % type(axis))
TypeError: "axis" parameter must be integer, got "<class 'NoneType'>"

======================================================================
ERROR: test_argtopk_sanity_074_int64 (test_sort.Test_TopK)
----------------------------------------------------------------------
Traceback (most recent call last):
  File "C:\ProgramData\Anaconda3\envs\keras\lib\site-packages\parameterized\parameterized.py", line 530, in standalone_func
    return func(*(a + p.args), **p.kwargs)
  File "C:\Users\mutation\Desktop\theano-testcase\tests\test_sort.py", line 246, in test_argtopk_sanity
    argtopk(x, 1, axis=axis, sorted=sorted, idx_dtype=idx_dtype),
  File "C:\ProgramData\Anaconda3\envs\keras\lib\site-packages\theano\tensor\sort.py", line 543, in argtopk
    idx_dtype=idx_dtype)(x, kth)[1]
  File "C:\ProgramData\Anaconda3\envs\keras\lib\site-packages\theano\tensor\sort.py", line 367, in __init__
    '"axis" parameter must be integer, got "%s"' % type(axis))
TypeError: "axis" parameter must be integer, got "<class 'NoneType'>"

======================================================================
ERROR: test_argtopk_sanity_077_int64 (test_sort.Test_TopK)
----------------------------------------------------------------------
Traceback (most recent call last):
  File "C:\ProgramData\Anaconda3\envs\keras\lib\site-packages\parameterized\parameterized.py", line 530, in standalone_func
    return func(*(a + p.args), **p.kwargs)
  File "C:\Users\mutation\Desktop\theano-testcase\tests\test_sort.py", line 246, in test_argtopk_sanity
    argtopk(x, 1, axis=axis, sorted=sorted, idx_dtype=idx_dtype),
  File "C:\ProgramData\Anaconda3\envs\keras\lib\site-packages\theano\tensor\sort.py", line 543, in argtopk
    idx_dtype=idx_dtype)(x, kth)[1]
  File "C:\ProgramData\Anaconda3\envs\keras\lib\site-packages\theano\tensor\sort.py", line 367, in __init__
    '"axis" parameter must be integer, got "%s"' % type(axis))
TypeError: "axis" parameter must be integer, got "<class 'NoneType'>"

======================================================================
ERROR: test_argtopk_sanity_080_int64 (test_sort.Test_TopK)
----------------------------------------------------------------------
Traceback (most recent call last):
  File "C:\ProgramData\Anaconda3\envs\keras\lib\site-packages\parameterized\parameterized.py", line 530, in standalone_func
    return func(*(a + p.args), **p.kwargs)
  File "C:\Users\mutation\Desktop\theano-testcase\tests\test_sort.py", line 246, in test_argtopk_sanity
    argtopk(x, 1, axis=axis, sorted=sorted, idx_dtype=idx_dtype),
  File "C:\ProgramData\Anaconda3\envs\keras\lib\site-packages\theano\tensor\sort.py", line 543, in argtopk
    idx_dtype=idx_dtype)(x, kth)[1]
  File "C:\ProgramData\Anaconda3\envs\keras\lib\site-packages\theano\tensor\sort.py", line 367, in __init__
    '"axis" parameter must be integer, got "%s"' % type(axis))
TypeError: "axis" parameter must be integer, got "<class 'NoneType'>"

======================================================================
ERROR: test_argtopk_sanity_083_int64 (test_sort.Test_TopK)
----------------------------------------------------------------------
Traceback (most recent call last):
  File "C:\ProgramData\Anaconda3\envs\keras\lib\site-packages\parameterized\parameterized.py", line 530, in standalone_func
    return func(*(a + p.args), **p.kwargs)
  File "C:\Users\mutation\Desktop\theano-testcase\tests\test_sort.py", line 246, in test_argtopk_sanity
    argtopk(x, 1, axis=axis, sorted=sorted, idx_dtype=idx_dtype),
  File "C:\ProgramData\Anaconda3\envs\keras\lib\site-packages\theano\tensor\sort.py", line 543, in argtopk
    idx_dtype=idx_dtype)(x, kth)[1]
  File "C:\ProgramData\Anaconda3\envs\keras\lib\site-packages\theano\tensor\sort.py", line 367, in __init__
    '"axis" parameter must be integer, got "%s"' % type(axis))
TypeError: "axis" parameter must be integer, got "<class 'NoneType'>"

======================================================================
ERROR: test_argtopk_sanity_086_int64 (test_sort.Test_TopK)
----------------------------------------------------------------------
Traceback (most recent call last):
  File "C:\ProgramData\Anaconda3\envs\keras\lib\site-packages\parameterized\parameterized.py", line 530, in standalone_func
    return func(*(a + p.args), **p.kwargs)
  File "C:\Users\mutation\Desktop\theano-testcase\tests\test_sort.py", line 246, in test_argtopk_sanity
    argtopk(x, 1, axis=axis, sorted=sorted, idx_dtype=idx_dtype),
  File "C:\ProgramData\Anaconda3\envs\keras\lib\site-packages\theano\tensor\sort.py", line 543, in argtopk
    idx_dtype=idx_dtype)(x, kth)[1]
  File "C:\ProgramData\Anaconda3\envs\keras\lib\site-packages\theano\tensor\sort.py", line 367, in __init__
    '"axis" parameter must be integer, got "%s"' % type(axis))
TypeError: "axis" parameter must be integer, got "<class 'NoneType'>"

======================================================================
ERROR: test_argtopk_sanity_089_int64 (test_sort.Test_TopK)
----------------------------------------------------------------------
Traceback (most recent call last):
  File "C:\ProgramData\Anaconda3\envs\keras\lib\site-packages\parameterized\parameterized.py", line 530, in standalone_func
    return func(*(a + p.args), **p.kwargs)
  File "C:\Users\mutation\Desktop\theano-testcase\tests\test_sort.py", line 246, in test_argtopk_sanity
    argtopk(x, 1, axis=axis, sorted=sorted, idx_dtype=idx_dtype),
  File "C:\ProgramData\Anaconda3\envs\keras\lib\site-packages\theano\tensor\sort.py", line 543, in argtopk
    idx_dtype=idx_dtype)(x, kth)[1]
  File "C:\ProgramData\Anaconda3\envs\keras\lib\site-packages\theano\tensor\sort.py", line 367, in __init__
    '"axis" parameter must be integer, got "%s"' % type(axis))
TypeError: "axis" parameter must be integer, got "<class 'NoneType'>"

======================================================================
ERROR: test_argtopk_sanity_092_int64 (test_sort.Test_TopK)
----------------------------------------------------------------------
Traceback (most recent call last):
  File "C:\ProgramData\Anaconda3\envs\keras\lib\site-packages\parameterized\parameterized.py", line 530, in standalone_func
    return func(*(a + p.args), **p.kwargs)
  File "C:\Users\mutation\Desktop\theano-testcase\tests\test_sort.py", line 246, in test_argtopk_sanity
    argtopk(x, 1, axis=axis, sorted=sorted, idx_dtype=idx_dtype),
  File "C:\ProgramData\Anaconda3\envs\keras\lib\site-packages\theano\tensor\sort.py", line 543, in argtopk
    idx_dtype=idx_dtype)(x, kth)[1]
  File "C:\ProgramData\Anaconda3\envs\keras\lib\site-packages\theano\tensor\sort.py", line 367, in __init__
    '"axis" parameter must be integer, got "%s"' % type(axis))
TypeError: "axis" parameter must be integer, got "<class 'NoneType'>"

======================================================================
ERROR: test_argtopk_sanity_095_int64 (test_sort.Test_TopK)
----------------------------------------------------------------------
Traceback (most recent call last):
  File "C:\ProgramData\Anaconda3\envs\keras\lib\site-packages\parameterized\parameterized.py", line 530, in standalone_func
    return func(*(a + p.args), **p.kwargs)
  File "C:\Users\mutation\Desktop\theano-testcase\tests\test_sort.py", line 246, in test_argtopk_sanity
    argtopk(x, 1, axis=axis, sorted=sorted, idx_dtype=idx_dtype),
  File "C:\ProgramData\Anaconda3\envs\keras\lib\site-packages\theano\tensor\sort.py", line 543, in argtopk
    idx_dtype=idx_dtype)(x, kth)[1]
  File "C:\ProgramData\Anaconda3\envs\keras\lib\site-packages\theano\tensor\sort.py", line 367, in __init__
    '"axis" parameter must be integer, got "%s"' % type(axis))
TypeError: "axis" parameter must be integer, got "<class 'NoneType'>"

======================================================================
ERROR: test_argtopk_sanity_098_uint8 (test_sort.Test_TopK)
----------------------------------------------------------------------
Traceback (most recent call last):
  File "C:\ProgramData\Anaconda3\envs\keras\lib\site-packages\parameterized\parameterized.py", line 530, in standalone_func
    return func(*(a + p.args), **p.kwargs)
  File "C:\Users\mutation\Desktop\theano-testcase\tests\test_sort.py", line 246, in test_argtopk_sanity
    argtopk(x, 1, axis=axis, sorted=sorted, idx_dtype=idx_dtype),
  File "C:\ProgramData\Anaconda3\envs\keras\lib\site-packages\theano\tensor\sort.py", line 543, in argtopk
    idx_dtype=idx_dtype)(x, kth)[1]
  File "C:\ProgramData\Anaconda3\envs\keras\lib\site-packages\theano\tensor\sort.py", line 367, in __init__
    '"axis" parameter must be integer, got "%s"' % type(axis))
TypeError: "axis" parameter must be integer, got "<class 'NoneType'>"

======================================================================
ERROR: test_argtopk_sanity_101_uint8 (test_sort.Test_TopK)
----------------------------------------------------------------------
Traceback (most recent call last):
  File "C:\ProgramData\Anaconda3\envs\keras\lib\site-packages\parameterized\parameterized.py", line 530, in standalone_func
    return func(*(a + p.args), **p.kwargs)
  File "C:\Users\mutation\Desktop\theano-testcase\tests\test_sort.py", line 246, in test_argtopk_sanity
    argtopk(x, 1, axis=axis, sorted=sorted, idx_dtype=idx_dtype),
  File "C:\ProgramData\Anaconda3\envs\keras\lib\site-packages\theano\tensor\sort.py", line 543, in argtopk
    idx_dtype=idx_dtype)(x, kth)[1]
  File "C:\ProgramData\Anaconda3\envs\keras\lib\site-packages\theano\tensor\sort.py", line 367, in __init__
    '"axis" parameter must be integer, got "%s"' % type(axis))
TypeError: "axis" parameter must be integer, got "<class 'NoneType'>"

======================================================================
ERROR: test_argtopk_sanity_104_uint8 (test_sort.Test_TopK)
----------------------------------------------------------------------
Traceback (most recent call last):
  File "C:\ProgramData\Anaconda3\envs\keras\lib\site-packages\parameterized\parameterized.py", line 530, in standalone_func
    return func(*(a + p.args), **p.kwargs)
  File "C:\Users\mutation\Desktop\theano-testcase\tests\test_sort.py", line 246, in test_argtopk_sanity
    argtopk(x, 1, axis=axis, sorted=sorted, idx_dtype=idx_dtype),
  File "C:\ProgramData\Anaconda3\envs\keras\lib\site-packages\theano\tensor\sort.py", line 543, in argtopk
    idx_dtype=idx_dtype)(x, kth)[1]
  File "C:\ProgramData\Anaconda3\envs\keras\lib\site-packages\theano\tensor\sort.py", line 367, in __init__
    '"axis" parameter must be integer, got "%s"' % type(axis))
TypeError: "axis" parameter must be integer, got "<class 'NoneType'>"

======================================================================
ERROR: test_argtopk_sanity_107_uint8 (test_sort.Test_TopK)
----------------------------------------------------------------------
Traceback (most recent call last):
  File "C:\ProgramData\Anaconda3\envs\keras\lib\site-packages\parameterized\parameterized.py", line 530, in standalone_func
    return func(*(a + p.args), **p.kwargs)
  File "C:\Users\mutation\Desktop\theano-testcase\tests\test_sort.py", line 246, in test_argtopk_sanity
    argtopk(x, 1, axis=axis, sorted=sorted, idx_dtype=idx_dtype),
  File "C:\ProgramData\Anaconda3\envs\keras\lib\site-packages\theano\tensor\sort.py", line 543, in argtopk
    idx_dtype=idx_dtype)(x, kth)[1]
  File "C:\ProgramData\Anaconda3\envs\keras\lib\site-packages\theano\tensor\sort.py", line 367, in __init__
    '"axis" parameter must be integer, got "%s"' % type(axis))
TypeError: "axis" parameter must be integer, got "<class 'NoneType'>"

======================================================================
ERROR: test_argtopk_sanity_110_uint8 (test_sort.Test_TopK)
----------------------------------------------------------------------
Traceback (most recent call last):
  File "C:\ProgramData\Anaconda3\envs\keras\lib\site-packages\parameterized\parameterized.py", line 530, in standalone_func
    return func(*(a + p.args), **p.kwargs)
  File "C:\Users\mutation\Desktop\theano-testcase\tests\test_sort.py", line 246, in test_argtopk_sanity
    argtopk(x, 1, axis=axis, sorted=sorted, idx_dtype=idx_dtype),
  File "C:\ProgramData\Anaconda3\envs\keras\lib\site-packages\theano\tensor\sort.py", line 543, in argtopk
    idx_dtype=idx_dtype)(x, kth)[1]
  File "C:\ProgramData\Anaconda3\envs\keras\lib\site-packages\theano\tensor\sort.py", line 367, in __init__
    '"axis" parameter must be integer, got "%s"' % type(axis))
TypeError: "axis" parameter must be integer, got "<class 'NoneType'>"

======================================================================
ERROR: test_argtopk_sanity_113_uint8 (test_sort.Test_TopK)
----------------------------------------------------------------------
Traceback (most recent call last):
  File "C:\ProgramData\Anaconda3\envs\keras\lib\site-packages\parameterized\parameterized.py", line 530, in standalone_func
    return func(*(a + p.args), **p.kwargs)
  File "C:\Users\mutation\Desktop\theano-testcase\tests\test_sort.py", line 246, in test_argtopk_sanity
    argtopk(x, 1, axis=axis, sorted=sorted, idx_dtype=idx_dtype),
  File "C:\ProgramData\Anaconda3\envs\keras\lib\site-packages\theano\tensor\sort.py", line 543, in argtopk
    idx_dtype=idx_dtype)(x, kth)[1]
  File "C:\ProgramData\Anaconda3\envs\keras\lib\site-packages\theano\tensor\sort.py", line 367, in __init__
    '"axis" parameter must be integer, got "%s"' % type(axis))
TypeError: "axis" parameter must be integer, got "<class 'NoneType'>"

======================================================================
ERROR: test_argtopk_sanity_116_uint8 (test_sort.Test_TopK)
----------------------------------------------------------------------
Traceback (most recent call last):
  File "C:\ProgramData\Anaconda3\envs\keras\lib\site-packages\parameterized\parameterized.py", line 530, in standalone_func
    return func(*(a + p.args), **p.kwargs)
  File "C:\Users\mutation\Desktop\theano-testcase\tests\test_sort.py", line 246, in test_argtopk_sanity
    argtopk(x, 1, axis=axis, sorted=sorted, idx_dtype=idx_dtype),
  File "C:\ProgramData\Anaconda3\envs\keras\lib\site-packages\theano\tensor\sort.py", line 543, in argtopk
    idx_dtype=idx_dtype)(x, kth)[1]
  File "C:\ProgramData\Anaconda3\envs\keras\lib\site-packages\theano\tensor\sort.py", line 367, in __init__
    '"axis" parameter must be integer, got "%s"' % type(axis))
TypeError: "axis" parameter must be integer, got "<class 'NoneType'>"

======================================================================
ERROR: test_argtopk_sanity_119_uint8 (test_sort.Test_TopK)
----------------------------------------------------------------------
Traceback (most recent call last):
  File "C:\ProgramData\Anaconda3\envs\keras\lib\site-packages\parameterized\parameterized.py", line 530, in standalone_func
    return func(*(a + p.args), **p.kwargs)
  File "C:\Users\mutation\Desktop\theano-testcase\tests\test_sort.py", line 246, in test_argtopk_sanity
    argtopk(x, 1, axis=axis, sorted=sorted, idx_dtype=idx_dtype),
  File "C:\ProgramData\Anaconda3\envs\keras\lib\site-packages\theano\tensor\sort.py", line 543, in argtopk
    idx_dtype=idx_dtype)(x, kth)[1]
  File "C:\ProgramData\Anaconda3\envs\keras\lib\site-packages\theano\tensor\sort.py", line 367, in __init__
    '"axis" parameter must be integer, got "%s"' % type(axis))
TypeError: "axis" parameter must be integer, got "<class 'NoneType'>"

======================================================================
ERROR: test_argtopk_sanity_122_uint16 (test_sort.Test_TopK)
----------------------------------------------------------------------
Traceback (most recent call last):
  File "C:\ProgramData\Anaconda3\envs\keras\lib\site-packages\parameterized\parameterized.py", line 530, in standalone_func
    return func(*(a + p.args), **p.kwargs)
  File "C:\Users\mutation\Desktop\theano-testcase\tests\test_sort.py", line 246, in test_argtopk_sanity
    argtopk(x, 1, axis=axis, sorted=sorted, idx_dtype=idx_dtype),
  File "C:\ProgramData\Anaconda3\envs\keras\lib\site-packages\theano\tensor\sort.py", line 543, in argtopk
    idx_dtype=idx_dtype)(x, kth)[1]
  File "C:\ProgramData\Anaconda3\envs\keras\lib\site-packages\theano\tensor\sort.py", line 367, in __init__
    '"axis" parameter must be integer, got "%s"' % type(axis))
TypeError: "axis" parameter must be integer, got "<class 'NoneType'>"

======================================================================
ERROR: test_argtopk_sanity_125_uint16 (test_sort.Test_TopK)
----------------------------------------------------------------------
Traceback (most recent call last):
  File "C:\ProgramData\Anaconda3\envs\keras\lib\site-packages\parameterized\parameterized.py", line 530, in standalone_func
    return func(*(a + p.args), **p.kwargs)
  File "C:\Users\mutation\Desktop\theano-testcase\tests\test_sort.py", line 246, in test_argtopk_sanity
    argtopk(x, 1, axis=axis, sorted=sorted, idx_dtype=idx_dtype),
  File "C:\ProgramData\Anaconda3\envs\keras\lib\site-packages\theano\tensor\sort.py", line 543, in argtopk
    idx_dtype=idx_dtype)(x, kth)[1]
  File "C:\ProgramData\Anaconda3\envs\keras\lib\site-packages\theano\tensor\sort.py", line 367, in __init__
    '"axis" parameter must be integer, got "%s"' % type(axis))
TypeError: "axis" parameter must be integer, got "<class 'NoneType'>"

======================================================================
ERROR: test_argtopk_sanity_128_uint16 (test_sort.Test_TopK)
----------------------------------------------------------------------
Traceback (most recent call last):
  File "C:\ProgramData\Anaconda3\envs\keras\lib\site-packages\parameterized\parameterized.py", line 530, in standalone_func
    return func(*(a + p.args), **p.kwargs)
  File "C:\Users\mutation\Desktop\theano-testcase\tests\test_sort.py", line 246, in test_argtopk_sanity
    argtopk(x, 1, axis=axis, sorted=sorted, idx_dtype=idx_dtype),
  File "C:\ProgramData\Anaconda3\envs\keras\lib\site-packages\theano\tensor\sort.py", line 543, in argtopk
    idx_dtype=idx_dtype)(x, kth)[1]
  File "C:\ProgramData\Anaconda3\envs\keras\lib\site-packages\theano\tensor\sort.py", line 367, in __init__
    '"axis" parameter must be integer, got "%s"' % type(axis))
TypeError: "axis" parameter must be integer, got "<class 'NoneType'>"

======================================================================
ERROR: test_argtopk_sanity_131_uint16 (test_sort.Test_TopK)
----------------------------------------------------------------------
Traceback (most recent call last):
  File "C:\ProgramData\Anaconda3\envs\keras\lib\site-packages\parameterized\parameterized.py", line 530, in standalone_func
    return func(*(a + p.args), **p.kwargs)
  File "C:\Users\mutation\Desktop\theano-testcase\tests\test_sort.py", line 246, in test_argtopk_sanity
    argtopk(x, 1, axis=axis, sorted=sorted, idx_dtype=idx_dtype),
  File "C:\ProgramData\Anaconda3\envs\keras\lib\site-packages\theano\tensor\sort.py", line 543, in argtopk
    idx_dtype=idx_dtype)(x, kth)[1]
  File "C:\ProgramData\Anaconda3\envs\keras\lib\site-packages\theano\tensor\sort.py", line 367, in __init__
    '"axis" parameter must be integer, got "%s"' % type(axis))
TypeError: "axis" parameter must be integer, got "<class 'NoneType'>"

======================================================================
ERROR: test_argtopk_sanity_134_uint16 (test_sort.Test_TopK)
----------------------------------------------------------------------
Traceback (most recent call last):
  File "C:\ProgramData\Anaconda3\envs\keras\lib\site-packages\parameterized\parameterized.py", line 530, in standalone_func
    return func(*(a + p.args), **p.kwargs)
  File "C:\Users\mutation\Desktop\theano-testcase\tests\test_sort.py", line 246, in test_argtopk_sanity
    argtopk(x, 1, axis=axis, sorted=sorted, idx_dtype=idx_dtype),
  File "C:\ProgramData\Anaconda3\envs\keras\lib\site-packages\theano\tensor\sort.py", line 543, in argtopk
    idx_dtype=idx_dtype)(x, kth)[1]
  File "C:\ProgramData\Anaconda3\envs\keras\lib\site-packages\theano\tensor\sort.py", line 367, in __init__
    '"axis" parameter must be integer, got "%s"' % type(axis))
TypeError: "axis" parameter must be integer, got "<class 'NoneType'>"

======================================================================
ERROR: test_argtopk_sanity_137_uint16 (test_sort.Test_TopK)
----------------------------------------------------------------------
Traceback (most recent call last):
  File "C:\ProgramData\Anaconda3\envs\keras\lib\site-packages\parameterized\parameterized.py", line 530, in standalone_func
    return func(*(a + p.args), **p.kwargs)
  File "C:\Users\mutation\Desktop\theano-testcase\tests\test_sort.py", line 246, in test_argtopk_sanity
    argtopk(x, 1, axis=axis, sorted=sorted, idx_dtype=idx_dtype),
  File "C:\ProgramData\Anaconda3\envs\keras\lib\site-packages\theano\tensor\sort.py", line 543, in argtopk
    idx_dtype=idx_dtype)(x, kth)[1]
  File "C:\ProgramData\Anaconda3\envs\keras\lib\site-packages\theano\tensor\sort.py", line 367, in __init__
    '"axis" parameter must be integer, got "%s"' % type(axis))
TypeError: "axis" parameter must be integer, got "<class 'NoneType'>"

======================================================================
ERROR: test_argtopk_sanity_140_uint16 (test_sort.Test_TopK)
----------------------------------------------------------------------
Traceback (most recent call last):
  File "C:\ProgramData\Anaconda3\envs\keras\lib\site-packages\parameterized\parameterized.py", line 530, in standalone_func
    return func(*(a + p.args), **p.kwargs)
  File "C:\Users\mutation\Desktop\theano-testcase\tests\test_sort.py", line 246, in test_argtopk_sanity
    argtopk(x, 1, axis=axis, sorted=sorted, idx_dtype=idx_dtype),
  File "C:\ProgramData\Anaconda3\envs\keras\lib\site-packages\theano\tensor\sort.py", line 543, in argtopk
    idx_dtype=idx_dtype)(x, kth)[1]
  File "C:\ProgramData\Anaconda3\envs\keras\lib\site-packages\theano\tensor\sort.py", line 367, in __init__
    '"axis" parameter must be integer, got "%s"' % type(axis))
TypeError: "axis" parameter must be integer, got "<class 'NoneType'>"

======================================================================
ERROR: test_argtopk_sanity_143_uint16 (test_sort.Test_TopK)
----------------------------------------------------------------------
Traceback (most recent call last):
  File "C:\ProgramData\Anaconda3\envs\keras\lib\site-packages\parameterized\parameterized.py", line 530, in standalone_func
    return func(*(a + p.args), **p.kwargs)
  File "C:\Users\mutation\Desktop\theano-testcase\tests\test_sort.py", line 246, in test_argtopk_sanity
    argtopk(x, 1, axis=axis, sorted=sorted, idx_dtype=idx_dtype),
  File "C:\ProgramData\Anaconda3\envs\keras\lib\site-packages\theano\tensor\sort.py", line 543, in argtopk
    idx_dtype=idx_dtype)(x, kth)[1]
  File "C:\ProgramData\Anaconda3\envs\keras\lib\site-packages\theano\tensor\sort.py", line 367, in __init__
    '"axis" parameter must be integer, got "%s"' % type(axis))
TypeError: "axis" parameter must be integer, got "<class 'NoneType'>"

======================================================================
ERROR: test_argtopk_sanity_146_uint32 (test_sort.Test_TopK)
----------------------------------------------------------------------
Traceback (most recent call last):
  File "C:\ProgramData\Anaconda3\envs\keras\lib\site-packages\parameterized\parameterized.py", line 530, in standalone_func
    return func(*(a + p.args), **p.kwargs)
  File "C:\Users\mutation\Desktop\theano-testcase\tests\test_sort.py", line 246, in test_argtopk_sanity
    argtopk(x, 1, axis=axis, sorted=sorted, idx_dtype=idx_dtype),
  File "C:\ProgramData\Anaconda3\envs\keras\lib\site-packages\theano\tensor\sort.py", line 543, in argtopk
    idx_dtype=idx_dtype)(x, kth)[1]
  File "C:\ProgramData\Anaconda3\envs\keras\lib\site-packages\theano\tensor\sort.py", line 367, in __init__
    '"axis" parameter must be integer, got "%s"' % type(axis))
TypeError: "axis" parameter must be integer, got "<class 'NoneType'>"

======================================================================
ERROR: test_argtopk_sanity_149_uint32 (test_sort.Test_TopK)
----------------------------------------------------------------------
Traceback (most recent call last):
  File "C:\ProgramData\Anaconda3\envs\keras\lib\site-packages\parameterized\parameterized.py", line 530, in standalone_func
    return func(*(a + p.args), **p.kwargs)
  File "C:\Users\mutation\Desktop\theano-testcase\tests\test_sort.py", line 246, in test_argtopk_sanity
    argtopk(x, 1, axis=axis, sorted=sorted, idx_dtype=idx_dtype),
  File "C:\ProgramData\Anaconda3\envs\keras\lib\site-packages\theano\tensor\sort.py", line 543, in argtopk
    idx_dtype=idx_dtype)(x, kth)[1]
  File "C:\ProgramData\Anaconda3\envs\keras\lib\site-packages\theano\tensor\sort.py", line 367, in __init__
    '"axis" parameter must be integer, got "%s"' % type(axis))
TypeError: "axis" parameter must be integer, got "<class 'NoneType'>"

======================================================================
ERROR: test_argtopk_sanity_152_uint32 (test_sort.Test_TopK)
----------------------------------------------------------------------
Traceback (most recent call last):
  File "C:\ProgramData\Anaconda3\envs\keras\lib\site-packages\parameterized\parameterized.py", line 530, in standalone_func
    return func(*(a + p.args), **p.kwargs)
  File "C:\Users\mutation\Desktop\theano-testcase\tests\test_sort.py", line 246, in test_argtopk_sanity
    argtopk(x, 1, axis=axis, sorted=sorted, idx_dtype=idx_dtype),
  File "C:\ProgramData\Anaconda3\envs\keras\lib\site-packages\theano\tensor\sort.py", line 543, in argtopk
    idx_dtype=idx_dtype)(x, kth)[1]
  File "C:\ProgramData\Anaconda3\envs\keras\lib\site-packages\theano\tensor\sort.py", line 367, in __init__
    '"axis" parameter must be integer, got "%s"' % type(axis))
TypeError: "axis" parameter must be integer, got "<class 'NoneType'>"

======================================================================
ERROR: test_argtopk_sanity_155_uint32 (test_sort.Test_TopK)
----------------------------------------------------------------------
Traceback (most recent call last):
  File "C:\ProgramData\Anaconda3\envs\keras\lib\site-packages\parameterized\parameterized.py", line 530, in standalone_func
    return func(*(a + p.args), **p.kwargs)
  File "C:\Users\mutation\Desktop\theano-testcase\tests\test_sort.py", line 246, in test_argtopk_sanity
    argtopk(x, 1, axis=axis, sorted=sorted, idx_dtype=idx_dtype),
  File "C:\ProgramData\Anaconda3\envs\keras\lib\site-packages\theano\tensor\sort.py", line 543, in argtopk
    idx_dtype=idx_dtype)(x, kth)[1]
  File "C:\ProgramData\Anaconda3\envs\keras\lib\site-packages\theano\tensor\sort.py", line 367, in __init__
    '"axis" parameter must be integer, got "%s"' % type(axis))
TypeError: "axis" parameter must be integer, got "<class 'NoneType'>"

======================================================================
ERROR: test_argtopk_sanity_158_uint32 (test_sort.Test_TopK)
----------------------------------------------------------------------
Traceback (most recent call last):
  File "C:\ProgramData\Anaconda3\envs\keras\lib\site-packages\parameterized\parameterized.py", line 530, in standalone_func
    return func(*(a + p.args), **p.kwargs)
  File "C:\Users\mutation\Desktop\theano-testcase\tests\test_sort.py", line 246, in test_argtopk_sanity
    argtopk(x, 1, axis=axis, sorted=sorted, idx_dtype=idx_dtype),
  File "C:\ProgramData\Anaconda3\envs\keras\lib\site-packages\theano\tensor\sort.py", line 543, in argtopk
    idx_dtype=idx_dtype)(x, kth)[1]
  File "C:\ProgramData\Anaconda3\envs\keras\lib\site-packages\theano\tensor\sort.py", line 367, in __init__
    '"axis" parameter must be integer, got "%s"' % type(axis))
TypeError: "axis" parameter must be integer, got "<class 'NoneType'>"

======================================================================
ERROR: test_argtopk_sanity_161_uint32 (test_sort.Test_TopK)
----------------------------------------------------------------------
Traceback (most recent call last):
  File "C:\ProgramData\Anaconda3\envs\keras\lib\site-packages\parameterized\parameterized.py", line 530, in standalone_func
    return func(*(a + p.args), **p.kwargs)
  File "C:\Users\mutation\Desktop\theano-testcase\tests\test_sort.py", line 246, in test_argtopk_sanity
    argtopk(x, 1, axis=axis, sorted=sorted, idx_dtype=idx_dtype),
  File "C:\ProgramData\Anaconda3\envs\keras\lib\site-packages\theano\tensor\sort.py", line 543, in argtopk
    idx_dtype=idx_dtype)(x, kth)[1]
  File "C:\ProgramData\Anaconda3\envs\keras\lib\site-packages\theano\tensor\sort.py", line 367, in __init__
    '"axis" parameter must be integer, got "%s"' % type(axis))
TypeError: "axis" parameter must be integer, got "<class 'NoneType'>"

======================================================================
ERROR: test_argtopk_sanity_164_uint32 (test_sort.Test_TopK)
----------------------------------------------------------------------
Traceback (most recent call last):
  File "C:\ProgramData\Anaconda3\envs\keras\lib\site-packages\parameterized\parameterized.py", line 530, in standalone_func
    return func(*(a + p.args), **p.kwargs)
  File "C:\Users\mutation\Desktop\theano-testcase\tests\test_sort.py", line 246, in test_argtopk_sanity
    argtopk(x, 1, axis=axis, sorted=sorted, idx_dtype=idx_dtype),
  File "C:\ProgramData\Anaconda3\envs\keras\lib\site-packages\theano\tensor\sort.py", line 543, in argtopk
    idx_dtype=idx_dtype)(x, kth)[1]
  File "C:\ProgramData\Anaconda3\envs\keras\lib\site-packages\theano\tensor\sort.py", line 367, in __init__
    '"axis" parameter must be integer, got "%s"' % type(axis))
TypeError: "axis" parameter must be integer, got "<class 'NoneType'>"

======================================================================
ERROR: test_argtopk_sanity_167_uint32 (test_sort.Test_TopK)
----------------------------------------------------------------------
Traceback (most recent call last):
  File "C:\ProgramData\Anaconda3\envs\keras\lib\site-packages\parameterized\parameterized.py", line 530, in standalone_func
    return func(*(a + p.args), **p.kwargs)
  File "C:\Users\mutation\Desktop\theano-testcase\tests\test_sort.py", line 246, in test_argtopk_sanity
    argtopk(x, 1, axis=axis, sorted=sorted, idx_dtype=idx_dtype),
  File "C:\ProgramData\Anaconda3\envs\keras\lib\site-packages\theano\tensor\sort.py", line 543, in argtopk
    idx_dtype=idx_dtype)(x, kth)[1]
  File "C:\ProgramData\Anaconda3\envs\keras\lib\site-packages\theano\tensor\sort.py", line 367, in __init__
    '"axis" parameter must be integer, got "%s"' % type(axis))
TypeError: "axis" parameter must be integer, got "<class 'NoneType'>"

======================================================================
ERROR: test_argtopk_sanity_170_uint64 (test_sort.Test_TopK)
----------------------------------------------------------------------
Traceback (most recent call last):
  File "C:\ProgramData\Anaconda3\envs\keras\lib\site-packages\parameterized\parameterized.py", line 530, in standalone_func
    return func(*(a + p.args), **p.kwargs)
  File "C:\Users\mutation\Desktop\theano-testcase\tests\test_sort.py", line 246, in test_argtopk_sanity
    argtopk(x, 1, axis=axis, sorted=sorted, idx_dtype=idx_dtype),
  File "C:\ProgramData\Anaconda3\envs\keras\lib\site-packages\theano\tensor\sort.py", line 543, in argtopk
    idx_dtype=idx_dtype)(x, kth)[1]
  File "C:\ProgramData\Anaconda3\envs\keras\lib\site-packages\theano\tensor\sort.py", line 367, in __init__
    '"axis" parameter must be integer, got "%s"' % type(axis))
TypeError: "axis" parameter must be integer, got "<class 'NoneType'>"

======================================================================
ERROR: test_argtopk_sanity_173_uint64 (test_sort.Test_TopK)
----------------------------------------------------------------------
Traceback (most recent call last):
  File "C:\ProgramData\Anaconda3\envs\keras\lib\site-packages\parameterized\parameterized.py", line 530, in standalone_func
    return func(*(a + p.args), **p.kwargs)
  File "C:\Users\mutation\Desktop\theano-testcase\tests\test_sort.py", line 246, in test_argtopk_sanity
    argtopk(x, 1, axis=axis, sorted=sorted, idx_dtype=idx_dtype),
  File "C:\ProgramData\Anaconda3\envs\keras\lib\site-packages\theano\tensor\sort.py", line 543, in argtopk
    idx_dtype=idx_dtype)(x, kth)[1]
  File "C:\ProgramData\Anaconda3\envs\keras\lib\site-packages\theano\tensor\sort.py", line 367, in __init__
    '"axis" parameter must be integer, got "%s"' % type(axis))
TypeError: "axis" parameter must be integer, got "<class 'NoneType'>"

======================================================================
ERROR: test_argtopk_sanity_176_uint64 (test_sort.Test_TopK)
----------------------------------------------------------------------
Traceback (most recent call last):
  File "C:\ProgramData\Anaconda3\envs\keras\lib\site-packages\parameterized\parameterized.py", line 530, in standalone_func
    return func(*(a + p.args), **p.kwargs)
  File "C:\Users\mutation\Desktop\theano-testcase\tests\test_sort.py", line 246, in test_argtopk_sanity
    argtopk(x, 1, axis=axis, sorted=sorted, idx_dtype=idx_dtype),
  File "C:\ProgramData\Anaconda3\envs\keras\lib\site-packages\theano\tensor\sort.py", line 543, in argtopk
    idx_dtype=idx_dtype)(x, kth)[1]
  File "C:\ProgramData\Anaconda3\envs\keras\lib\site-packages\theano\tensor\sort.py", line 367, in __init__
    '"axis" parameter must be integer, got "%s"' % type(axis))
TypeError: "axis" parameter must be integer, got "<class 'NoneType'>"

======================================================================
ERROR: test_argtopk_sanity_179_uint64 (test_sort.Test_TopK)
----------------------------------------------------------------------
Traceback (most recent call last):
  File "C:\ProgramData\Anaconda3\envs\keras\lib\site-packages\parameterized\parameterized.py", line 530, in standalone_func
    return func(*(a + p.args), **p.kwargs)
  File "C:\Users\mutation\Desktop\theano-testcase\tests\test_sort.py", line 246, in test_argtopk_sanity
    argtopk(x, 1, axis=axis, sorted=sorted, idx_dtype=idx_dtype),
  File "C:\ProgramData\Anaconda3\envs\keras\lib\site-packages\theano\tensor\sort.py", line 543, in argtopk
    idx_dtype=idx_dtype)(x, kth)[1]
  File "C:\ProgramData\Anaconda3\envs\keras\lib\site-packages\theano\tensor\sort.py", line 367, in __init__
    '"axis" parameter must be integer, got "%s"' % type(axis))
TypeError: "axis" parameter must be integer, got "<class 'NoneType'>"

======================================================================
ERROR: test_argtopk_sanity_182_uint64 (test_sort.Test_TopK)
----------------------------------------------------------------------
Traceback (most recent call last):
  File "C:\ProgramData\Anaconda3\envs\keras\lib\site-packages\parameterized\parameterized.py", line 530, in standalone_func
    return func(*(a + p.args), **p.kwargs)
  File "C:\Users\mutation\Desktop\theano-testcase\tests\test_sort.py", line 246, in test_argtopk_sanity
    argtopk(x, 1, axis=axis, sorted=sorted, idx_dtype=idx_dtype),
  File "C:\ProgramData\Anaconda3\envs\keras\lib\site-packages\theano\tensor\sort.py", line 543, in argtopk
    idx_dtype=idx_dtype)(x, kth)[1]
  File "C:\ProgramData\Anaconda3\envs\keras\lib\site-packages\theano\tensor\sort.py", line 367, in __init__
    '"axis" parameter must be integer, got "%s"' % type(axis))
TypeError: "axis" parameter must be integer, got "<class 'NoneType'>"

======================================================================
ERROR: test_argtopk_sanity_185_uint64 (test_sort.Test_TopK)
----------------------------------------------------------------------
Traceback (most recent call last):
  File "C:\ProgramData\Anaconda3\envs\keras\lib\site-packages\parameterized\parameterized.py", line 530, in standalone_func
    return func(*(a + p.args), **p.kwargs)
  File "C:\Users\mutation\Desktop\theano-testcase\tests\test_sort.py", line 246, in test_argtopk_sanity
    argtopk(x, 1, axis=axis, sorted=sorted, idx_dtype=idx_dtype),
  File "C:\ProgramData\Anaconda3\envs\keras\lib\site-packages\theano\tensor\sort.py", line 543, in argtopk
    idx_dtype=idx_dtype)(x, kth)[1]
  File "C:\ProgramData\Anaconda3\envs\keras\lib\site-packages\theano\tensor\sort.py", line 367, in __init__
    '"axis" parameter must be integer, got "%s"' % type(axis))
TypeError: "axis" parameter must be integer, got "<class 'NoneType'>"

======================================================================
ERROR: test_argtopk_sanity_188_uint64 (test_sort.Test_TopK)
----------------------------------------------------------------------
Traceback (most recent call last):
  File "C:\ProgramData\Anaconda3\envs\keras\lib\site-packages\parameterized\parameterized.py", line 530, in standalone_func
    return func(*(a + p.args), **p.kwargs)
  File "C:\Users\mutation\Desktop\theano-testcase\tests\test_sort.py", line 246, in test_argtopk_sanity
    argtopk(x, 1, axis=axis, sorted=sorted, idx_dtype=idx_dtype),
  File "C:\ProgramData\Anaconda3\envs\keras\lib\site-packages\theano\tensor\sort.py", line 543, in argtopk
    idx_dtype=idx_dtype)(x, kth)[1]
  File "C:\ProgramData\Anaconda3\envs\keras\lib\site-packages\theano\tensor\sort.py", line 367, in __init__
    '"axis" parameter must be integer, got "%s"' % type(axis))
TypeError: "axis" parameter must be integer, got "<class 'NoneType'>"

======================================================================
ERROR: test_argtopk_sanity_191_uint64 (test_sort.Test_TopK)
----------------------------------------------------------------------
Traceback (most recent call last):
  File "C:\ProgramData\Anaconda3\envs\keras\lib\site-packages\parameterized\parameterized.py", line 530, in standalone_func
    return func(*(a + p.args), **p.kwargs)
  File "C:\Users\mutation\Desktop\theano-testcase\tests\test_sort.py", line 246, in test_argtopk_sanity
    argtopk(x, 1, axis=axis, sorted=sorted, idx_dtype=idx_dtype),
  File "C:\ProgramData\Anaconda3\envs\keras\lib\site-packages\theano\tensor\sort.py", line 543, in argtopk
    idx_dtype=idx_dtype)(x, kth)[1]
  File "C:\ProgramData\Anaconda3\envs\keras\lib\site-packages\theano\tensor\sort.py", line 367, in __init__
    '"axis" parameter must be integer, got "%s"' % type(axis))
TypeError: "axis" parameter must be integer, got "<class 'NoneType'>"

======================================================================
ERROR: test_argtopk_sanity_194_float16 (test_sort.Test_TopK)
----------------------------------------------------------------------
Traceback (most recent call last):
  File "C:\ProgramData\Anaconda3\envs\keras\lib\site-packages\parameterized\parameterized.py", line 530, in standalone_func
    return func(*(a + p.args), **p.kwargs)
  File "C:\Users\mutation\Desktop\theano-testcase\tests\test_sort.py", line 246, in test_argtopk_sanity
    argtopk(x, 1, axis=axis, sorted=sorted, idx_dtype=idx_dtype),
  File "C:\ProgramData\Anaconda3\envs\keras\lib\site-packages\theano\tensor\sort.py", line 543, in argtopk
    idx_dtype=idx_dtype)(x, kth)[1]
  File "C:\ProgramData\Anaconda3\envs\keras\lib\site-packages\theano\tensor\sort.py", line 367, in __init__
    '"axis" parameter must be integer, got "%s"' % type(axis))
TypeError: "axis" parameter must be integer, got "<class 'NoneType'>"

======================================================================
ERROR: test_argtopk_sanity_197_float16 (test_sort.Test_TopK)
----------------------------------------------------------------------
Traceback (most recent call last):
  File "C:\ProgramData\Anaconda3\envs\keras\lib\site-packages\parameterized\parameterized.py", line 530, in standalone_func
    return func(*(a + p.args), **p.kwargs)
  File "C:\Users\mutation\Desktop\theano-testcase\tests\test_sort.py", line 246, in test_argtopk_sanity
    argtopk(x, 1, axis=axis, sorted=sorted, idx_dtype=idx_dtype),
  File "C:\ProgramData\Anaconda3\envs\keras\lib\site-packages\theano\tensor\sort.py", line 543, in argtopk
    idx_dtype=idx_dtype)(x, kth)[1]
  File "C:\ProgramData\Anaconda3\envs\keras\lib\site-packages\theano\tensor\sort.py", line 367, in __init__
    '"axis" parameter must be integer, got "%s"' % type(axis))
TypeError: "axis" parameter must be integer, got "<class 'NoneType'>"

======================================================================
ERROR: test_argtopk_sanity_200_float16 (test_sort.Test_TopK)
----------------------------------------------------------------------
Traceback (most recent call last):
  File "C:\ProgramData\Anaconda3\envs\keras\lib\site-packages\parameterized\parameterized.py", line 530, in standalone_func
    return func(*(a + p.args), **p.kwargs)
  File "C:\Users\mutation\Desktop\theano-testcase\tests\test_sort.py", line 246, in test_argtopk_sanity
    argtopk(x, 1, axis=axis, sorted=sorted, idx_dtype=idx_dtype),
  File "C:\ProgramData\Anaconda3\envs\keras\lib\site-packages\theano\tensor\sort.py", line 543, in argtopk
    idx_dtype=idx_dtype)(x, kth)[1]
  File "C:\ProgramData\Anaconda3\envs\keras\lib\site-packages\theano\tensor\sort.py", line 367, in __init__
    '"axis" parameter must be integer, got "%s"' % type(axis))
TypeError: "axis" parameter must be integer, got "<class 'NoneType'>"

======================================================================
ERROR: test_argtopk_sanity_203_float16 (test_sort.Test_TopK)
----------------------------------------------------------------------
Traceback (most recent call last):
  File "C:\ProgramData\Anaconda3\envs\keras\lib\site-packages\parameterized\parameterized.py", line 530, in standalone_func
    return func(*(a + p.args), **p.kwargs)
  File "C:\Users\mutation\Desktop\theano-testcase\tests\test_sort.py", line 246, in test_argtopk_sanity
    argtopk(x, 1, axis=axis, sorted=sorted, idx_dtype=idx_dtype),
  File "C:\ProgramData\Anaconda3\envs\keras\lib\site-packages\theano\tensor\sort.py", line 543, in argtopk
    idx_dtype=idx_dtype)(x, kth)[1]
  File "C:\ProgramData\Anaconda3\envs\keras\lib\site-packages\theano\tensor\sort.py", line 367, in __init__
    '"axis" parameter must be integer, got "%s"' % type(axis))
TypeError: "axis" parameter must be integer, got "<class 'NoneType'>"

======================================================================
ERROR: test_argtopk_sanity_206_float16 (test_sort.Test_TopK)
----------------------------------------------------------------------
Traceback (most recent call last):
  File "C:\ProgramData\Anaconda3\envs\keras\lib\site-packages\parameterized\parameterized.py", line 530, in standalone_func
    return func(*(a + p.args), **p.kwargs)
  File "C:\Users\mutation\Desktop\theano-testcase\tests\test_sort.py", line 246, in test_argtopk_sanity
    argtopk(x, 1, axis=axis, sorted=sorted, idx_dtype=idx_dtype),
  File "C:\ProgramData\Anaconda3\envs\keras\lib\site-packages\theano\tensor\sort.py", line 543, in argtopk
    idx_dtype=idx_dtype)(x, kth)[1]
  File "C:\ProgramData\Anaconda3\envs\keras\lib\site-packages\theano\tensor\sort.py", line 367, in __init__
    '"axis" parameter must be integer, got "%s"' % type(axis))
TypeError: "axis" parameter must be integer, got "<class 'NoneType'>"

======================================================================
ERROR: test_argtopk_sanity_209_float16 (test_sort.Test_TopK)
----------------------------------------------------------------------
Traceback (most recent call last):
  File "C:\ProgramData\Anaconda3\envs\keras\lib\site-packages\parameterized\parameterized.py", line 530, in standalone_func
    return func(*(a + p.args), **p.kwargs)
  File "C:\Users\mutation\Desktop\theano-testcase\tests\test_sort.py", line 246, in test_argtopk_sanity
    argtopk(x, 1, axis=axis, sorted=sorted, idx_dtype=idx_dtype),
  File "C:\ProgramData\Anaconda3\envs\keras\lib\site-packages\theano\tensor\sort.py", line 543, in argtopk
    idx_dtype=idx_dtype)(x, kth)[1]
  File "C:\ProgramData\Anaconda3\envs\keras\lib\site-packages\theano\tensor\sort.py", line 367, in __init__
    '"axis" parameter must be integer, got "%s"' % type(axis))
TypeError: "axis" parameter must be integer, got "<class 'NoneType'>"

======================================================================
ERROR: test_argtopk_sanity_212_float16 (test_sort.Test_TopK)
----------------------------------------------------------------------
Traceback (most recent call last):
  File "C:\ProgramData\Anaconda3\envs\keras\lib\site-packages\parameterized\parameterized.py", line 530, in standalone_func
    return func(*(a + p.args), **p.kwargs)
  File "C:\Users\mutation\Desktop\theano-testcase\tests\test_sort.py", line 246, in test_argtopk_sanity
    argtopk(x, 1, axis=axis, sorted=sorted, idx_dtype=idx_dtype),
  File "C:\ProgramData\Anaconda3\envs\keras\lib\site-packages\theano\tensor\sort.py", line 543, in argtopk
    idx_dtype=idx_dtype)(x, kth)[1]
  File "C:\ProgramData\Anaconda3\envs\keras\lib\site-packages\theano\tensor\sort.py", line 367, in __init__
    '"axis" parameter must be integer, got "%s"' % type(axis))
TypeError: "axis" parameter must be integer, got "<class 'NoneType'>"

======================================================================
ERROR: test_argtopk_sanity_215_float16 (test_sort.Test_TopK)
----------------------------------------------------------------------
Traceback (most recent call last):
  File "C:\ProgramData\Anaconda3\envs\keras\lib\site-packages\parameterized\parameterized.py", line 530, in standalone_func
    return func(*(a + p.args), **p.kwargs)
  File "C:\Users\mutation\Desktop\theano-testcase\tests\test_sort.py", line 246, in test_argtopk_sanity
    argtopk(x, 1, axis=axis, sorted=sorted, idx_dtype=idx_dtype),
  File "C:\ProgramData\Anaconda3\envs\keras\lib\site-packages\theano\tensor\sort.py", line 543, in argtopk
    idx_dtype=idx_dtype)(x, kth)[1]
  File "C:\ProgramData\Anaconda3\envs\keras\lib\site-packages\theano\tensor\sort.py", line 367, in __init__
    '"axis" parameter must be integer, got "%s"' % type(axis))
TypeError: "axis" parameter must be integer, got "<class 'NoneType'>"

======================================================================
ERROR: test_argtopk_sanity_218_float32 (test_sort.Test_TopK)
----------------------------------------------------------------------
Traceback (most recent call last):
  File "C:\ProgramData\Anaconda3\envs\keras\lib\site-packages\parameterized\parameterized.py", line 530, in standalone_func
    return func(*(a + p.args), **p.kwargs)
  File "C:\Users\mutation\Desktop\theano-testcase\tests\test_sort.py", line 246, in test_argtopk_sanity
    argtopk(x, 1, axis=axis, sorted=sorted, idx_dtype=idx_dtype),
  File "C:\ProgramData\Anaconda3\envs\keras\lib\site-packages\theano\tensor\sort.py", line 543, in argtopk
    idx_dtype=idx_dtype)(x, kth)[1]
  File "C:\ProgramData\Anaconda3\envs\keras\lib\site-packages\theano\tensor\sort.py", line 367, in __init__
    '"axis" parameter must be integer, got "%s"' % type(axis))
TypeError: "axis" parameter must be integer, got "<class 'NoneType'>"

======================================================================
ERROR: test_argtopk_sanity_221_float32 (test_sort.Test_TopK)
----------------------------------------------------------------------
Traceback (most recent call last):
  File "C:\ProgramData\Anaconda3\envs\keras\lib\site-packages\parameterized\parameterized.py", line 530, in standalone_func
    return func(*(a + p.args), **p.kwargs)
  File "C:\Users\mutation\Desktop\theano-testcase\tests\test_sort.py", line 246, in test_argtopk_sanity
    argtopk(x, 1, axis=axis, sorted=sorted, idx_dtype=idx_dtype),
  File "C:\ProgramData\Anaconda3\envs\keras\lib\site-packages\theano\tensor\sort.py", line 543, in argtopk
    idx_dtype=idx_dtype)(x, kth)[1]
  File "C:\ProgramData\Anaconda3\envs\keras\lib\site-packages\theano\tensor\sort.py", line 367, in __init__
    '"axis" parameter must be integer, got "%s"' % type(axis))
TypeError: "axis" parameter must be integer, got "<class 'NoneType'>"

======================================================================
ERROR: test_argtopk_sanity_224_float32 (test_sort.Test_TopK)
----------------------------------------------------------------------
Traceback (most recent call last):
  File "C:\ProgramData\Anaconda3\envs\keras\lib\site-packages\parameterized\parameterized.py", line 530, in standalone_func
    return func(*(a + p.args), **p.kwargs)
  File "C:\Users\mutation\Desktop\theano-testcase\tests\test_sort.py", line 246, in test_argtopk_sanity
    argtopk(x, 1, axis=axis, sorted=sorted, idx_dtype=idx_dtype),
  File "C:\ProgramData\Anaconda3\envs\keras\lib\site-packages\theano\tensor\sort.py", line 543, in argtopk
    idx_dtype=idx_dtype)(x, kth)[1]
  File "C:\ProgramData\Anaconda3\envs\keras\lib\site-packages\theano\tensor\sort.py", line 367, in __init__
    '"axis" parameter must be integer, got "%s"' % type(axis))
TypeError: "axis" parameter must be integer, got "<class 'NoneType'>"

======================================================================
ERROR: test_argtopk_sanity_227_float32 (test_sort.Test_TopK)
----------------------------------------------------------------------
Traceback (most recent call last):
  File "C:\ProgramData\Anaconda3\envs\keras\lib\site-packages\parameterized\parameterized.py", line 530, in standalone_func
    return func(*(a + p.args), **p.kwargs)
  File "C:\Users\mutation\Desktop\theano-testcase\tests\test_sort.py", line 246, in test_argtopk_sanity
    argtopk(x, 1, axis=axis, sorted=sorted, idx_dtype=idx_dtype),
  File "C:\ProgramData\Anaconda3\envs\keras\lib\site-packages\theano\tensor\sort.py", line 543, in argtopk
    idx_dtype=idx_dtype)(x, kth)[1]
  File "C:\ProgramData\Anaconda3\envs\keras\lib\site-packages\theano\tensor\sort.py", line 367, in __init__
    '"axis" parameter must be integer, got "%s"' % type(axis))
TypeError: "axis" parameter must be integer, got "<class 'NoneType'>"

======================================================================
ERROR: test_argtopk_sanity_230_float32 (test_sort.Test_TopK)
----------------------------------------------------------------------
Traceback (most recent call last):
  File "C:\ProgramData\Anaconda3\envs\keras\lib\site-packages\parameterized\parameterized.py", line 530, in standalone_func
    return func(*(a + p.args), **p.kwargs)
  File "C:\Users\mutation\Desktop\theano-testcase\tests\test_sort.py", line 246, in test_argtopk_sanity
    argtopk(x, 1, axis=axis, sorted=sorted, idx_dtype=idx_dtype),
  File "C:\ProgramData\Anaconda3\envs\keras\lib\site-packages\theano\tensor\sort.py", line 543, in argtopk
    idx_dtype=idx_dtype)(x, kth)[1]
  File "C:\ProgramData\Anaconda3\envs\keras\lib\site-packages\theano\tensor\sort.py", line 367, in __init__
    '"axis" parameter must be integer, got "%s"' % type(axis))
TypeError: "axis" parameter must be integer, got "<class 'NoneType'>"

======================================================================
ERROR: test_argtopk_sanity_233_float32 (test_sort.Test_TopK)
----------------------------------------------------------------------
Traceback (most recent call last):
  File "C:\ProgramData\Anaconda3\envs\keras\lib\site-packages\parameterized\parameterized.py", line 530, in standalone_func
    return func(*(a + p.args), **p.kwargs)
  File "C:\Users\mutation\Desktop\theano-testcase\tests\test_sort.py", line 246, in test_argtopk_sanity
    argtopk(x, 1, axis=axis, sorted=sorted, idx_dtype=idx_dtype),
  File "C:\ProgramData\Anaconda3\envs\keras\lib\site-packages\theano\tensor\sort.py", line 543, in argtopk
    idx_dtype=idx_dtype)(x, kth)[1]
  File "C:\ProgramData\Anaconda3\envs\keras\lib\site-packages\theano\tensor\sort.py", line 367, in __init__
    '"axis" parameter must be integer, got "%s"' % type(axis))
TypeError: "axis" parameter must be integer, got "<class 'NoneType'>"

======================================================================
ERROR: test_argtopk_sanity_236_float32 (test_sort.Test_TopK)
----------------------------------------------------------------------
Traceback (most recent call last):
  File "C:\ProgramData\Anaconda3\envs\keras\lib\site-packages\parameterized\parameterized.py", line 530, in standalone_func
    return func(*(a + p.args), **p.kwargs)
  File "C:\Users\mutation\Desktop\theano-testcase\tests\test_sort.py", line 246, in test_argtopk_sanity
    argtopk(x, 1, axis=axis, sorted=sorted, idx_dtype=idx_dtype),
  File "C:\ProgramData\Anaconda3\envs\keras\lib\site-packages\theano\tensor\sort.py", line 543, in argtopk
    idx_dtype=idx_dtype)(x, kth)[1]
  File "C:\ProgramData\Anaconda3\envs\keras\lib\site-packages\theano\tensor\sort.py", line 367, in __init__
    '"axis" parameter must be integer, got "%s"' % type(axis))
TypeError: "axis" parameter must be integer, got "<class 'NoneType'>"

======================================================================
ERROR: test_argtopk_sanity_239_float32 (test_sort.Test_TopK)
----------------------------------------------------------------------
Traceback (most recent call last):
  File "C:\ProgramData\Anaconda3\envs\keras\lib\site-packages\parameterized\parameterized.py", line 530, in standalone_func
    return func(*(a + p.args), **p.kwargs)
  File "C:\Users\mutation\Desktop\theano-testcase\tests\test_sort.py", line 246, in test_argtopk_sanity
    argtopk(x, 1, axis=axis, sorted=sorted, idx_dtype=idx_dtype),
  File "C:\ProgramData\Anaconda3\envs\keras\lib\site-packages\theano\tensor\sort.py", line 543, in argtopk
    idx_dtype=idx_dtype)(x, kth)[1]
  File "C:\ProgramData\Anaconda3\envs\keras\lib\site-packages\theano\tensor\sort.py", line 367, in __init__
    '"axis" parameter must be integer, got "%s"' % type(axis))
TypeError: "axis" parameter must be integer, got "<class 'NoneType'>"

======================================================================
ERROR: test_argtopk_sanity_242_float64 (test_sort.Test_TopK)
----------------------------------------------------------------------
Traceback (most recent call last):
  File "C:\ProgramData\Anaconda3\envs\keras\lib\site-packages\parameterized\parameterized.py", line 530, in standalone_func
    return func(*(a + p.args), **p.kwargs)
  File "C:\Users\mutation\Desktop\theano-testcase\tests\test_sort.py", line 246, in test_argtopk_sanity
    argtopk(x, 1, axis=axis, sorted=sorted, idx_dtype=idx_dtype),
  File "C:\ProgramData\Anaconda3\envs\keras\lib\site-packages\theano\tensor\sort.py", line 543, in argtopk
    idx_dtype=idx_dtype)(x, kth)[1]
  File "C:\ProgramData\Anaconda3\envs\keras\lib\site-packages\theano\tensor\sort.py", line 367, in __init__
    '"axis" parameter must be integer, got "%s"' % type(axis))
TypeError: "axis" parameter must be integer, got "<class 'NoneType'>"

======================================================================
ERROR: test_argtopk_sanity_245_float64 (test_sort.Test_TopK)
----------------------------------------------------------------------
Traceback (most recent call last):
  File "C:\ProgramData\Anaconda3\envs\keras\lib\site-packages\parameterized\parameterized.py", line 530, in standalone_func
    return func(*(a + p.args), **p.kwargs)
  File "C:\Users\mutation\Desktop\theano-testcase\tests\test_sort.py", line 246, in test_argtopk_sanity
    argtopk(x, 1, axis=axis, sorted=sorted, idx_dtype=idx_dtype),
  File "C:\ProgramData\Anaconda3\envs\keras\lib\site-packages\theano\tensor\sort.py", line 543, in argtopk
    idx_dtype=idx_dtype)(x, kth)[1]
  File "C:\ProgramData\Anaconda3\envs\keras\lib\site-packages\theano\tensor\sort.py", line 367, in __init__
    '"axis" parameter must be integer, got "%s"' % type(axis))
TypeError: "axis" parameter must be integer, got "<class 'NoneType'>"

======================================================================
ERROR: test_argtopk_sanity_248_float64 (test_sort.Test_TopK)
----------------------------------------------------------------------
Traceback (most recent call last):
  File "C:\ProgramData\Anaconda3\envs\keras\lib\site-packages\parameterized\parameterized.py", line 530, in standalone_func
    return func(*(a + p.args), **p.kwargs)
  File "C:\Users\mutation\Desktop\theano-testcase\tests\test_sort.py", line 246, in test_argtopk_sanity
    argtopk(x, 1, axis=axis, sorted=sorted, idx_dtype=idx_dtype),
  File "C:\ProgramData\Anaconda3\envs\keras\lib\site-packages\theano\tensor\sort.py", line 543, in argtopk
    idx_dtype=idx_dtype)(x, kth)[1]
  File "C:\ProgramData\Anaconda3\envs\keras\lib\site-packages\theano\tensor\sort.py", line 367, in __init__
    '"axis" parameter must be integer, got "%s"' % type(axis))
TypeError: "axis" parameter must be integer, got "<class 'NoneType'>"

======================================================================
ERROR: test_argtopk_sanity_251_float64 (test_sort.Test_TopK)
----------------------------------------------------------------------
Traceback (most recent call last):
  File "C:\ProgramData\Anaconda3\envs\keras\lib\site-packages\parameterized\parameterized.py", line 530, in standalone_func
    return func(*(a + p.args), **p.kwargs)
  File "C:\Users\mutation\Desktop\theano-testcase\tests\test_sort.py", line 246, in test_argtopk_sanity
    argtopk(x, 1, axis=axis, sorted=sorted, idx_dtype=idx_dtype),
  File "C:\ProgramData\Anaconda3\envs\keras\lib\site-packages\theano\tensor\sort.py", line 543, in argtopk
    idx_dtype=idx_dtype)(x, kth)[1]
  File "C:\ProgramData\Anaconda3\envs\keras\lib\site-packages\theano\tensor\sort.py", line 367, in __init__
    '"axis" parameter must be integer, got "%s"' % type(axis))
TypeError: "axis" parameter must be integer, got "<class 'NoneType'>"

======================================================================
ERROR: test_argtopk_sanity_254_float64 (test_sort.Test_TopK)
----------------------------------------------------------------------
Traceback (most recent call last):
  File "C:\ProgramData\Anaconda3\envs\keras\lib\site-packages\parameterized\parameterized.py", line 530, in standalone_func
    return func(*(a + p.args), **p.kwargs)
  File "C:\Users\mutation\Desktop\theano-testcase\tests\test_sort.py", line 246, in test_argtopk_sanity
    argtopk(x, 1, axis=axis, sorted=sorted, idx_dtype=idx_dtype),
  File "C:\ProgramData\Anaconda3\envs\keras\lib\site-packages\theano\tensor\sort.py", line 543, in argtopk
    idx_dtype=idx_dtype)(x, kth)[1]
  File "C:\ProgramData\Anaconda3\envs\keras\lib\site-packages\theano\tensor\sort.py", line 367, in __init__
    '"axis" parameter must be integer, got "%s"' % type(axis))
TypeError: "axis" parameter must be integer, got "<class 'NoneType'>"

======================================================================
ERROR: test_argtopk_sanity_257_float64 (test_sort.Test_TopK)
----------------------------------------------------------------------
Traceback (most recent call last):
  File "C:\ProgramData\Anaconda3\envs\keras\lib\site-packages\parameterized\parameterized.py", line 530, in standalone_func
    return func(*(a + p.args), **p.kwargs)
  File "C:\Users\mutation\Desktop\theano-testcase\tests\test_sort.py", line 246, in test_argtopk_sanity
    argtopk(x, 1, axis=axis, sorted=sorted, idx_dtype=idx_dtype),
  File "C:\ProgramData\Anaconda3\envs\keras\lib\site-packages\theano\tensor\sort.py", line 543, in argtopk
    idx_dtype=idx_dtype)(x, kth)[1]
  File "C:\ProgramData\Anaconda3\envs\keras\lib\site-packages\theano\tensor\sort.py", line 367, in __init__
    '"axis" parameter must be integer, got "%s"' % type(axis))
TypeError: "axis" parameter must be integer, got "<class 'NoneType'>"

======================================================================
ERROR: test_argtopk_sanity_260_float64 (test_sort.Test_TopK)
----------------------------------------------------------------------
Traceback (most recent call last):
  File "C:\ProgramData\Anaconda3\envs\keras\lib\site-packages\parameterized\parameterized.py", line 530, in standalone_func
    return func(*(a + p.args), **p.kwargs)
  File "C:\Users\mutation\Desktop\theano-testcase\tests\test_sort.py", line 246, in test_argtopk_sanity
    argtopk(x, 1, axis=axis, sorted=sorted, idx_dtype=idx_dtype),
  File "C:\ProgramData\Anaconda3\envs\keras\lib\site-packages\theano\tensor\sort.py", line 543, in argtopk
    idx_dtype=idx_dtype)(x, kth)[1]
  File "C:\ProgramData\Anaconda3\envs\keras\lib\site-packages\theano\tensor\sort.py", line 367, in __init__
    '"axis" parameter must be integer, got "%s"' % type(axis))
TypeError: "axis" parameter must be integer, got "<class 'NoneType'>"

======================================================================
ERROR: test_argtopk_sanity_263_float64 (test_sort.Test_TopK)
----------------------------------------------------------------------
Traceback (most recent call last):
  File "C:\ProgramData\Anaconda3\envs\keras\lib\site-packages\parameterized\parameterized.py", line 530, in standalone_func
    return func(*(a + p.args), **p.kwargs)
  File "C:\Users\mutation\Desktop\theano-testcase\tests\test_sort.py", line 246, in test_argtopk_sanity
    argtopk(x, 1, axis=axis, sorted=sorted, idx_dtype=idx_dtype),
  File "C:\ProgramData\Anaconda3\envs\keras\lib\site-packages\theano\tensor\sort.py", line 543, in argtopk
    idx_dtype=idx_dtype)(x, kth)[1]
  File "C:\ProgramData\Anaconda3\envs\keras\lib\site-packages\theano\tensor\sort.py", line 367, in __init__
    '"axis" parameter must be integer, got "%s"' % type(axis))
TypeError: "axis" parameter must be integer, got "<class 'NoneType'>"

----------------------------------------------------------------------
Ran 918 tests in 52.207s

FAILED (errors=136)
