.C:\ProgramData\Anaconda3\envs\keras\lib\site-packages\theano\tensor\sort.py:293: FutureWarning: Using a non-tuple sequence for multidimensional indexing is deprecated; use `arr[tuple(seq)]` instead of `arr[seq]`. In the future this will be interpreted as an array index, `arr[np.array(seq)]`, which will result either in an error or a different result.
  zi = np.argpartition(x, -k, axis=axis)[idx]
................................................................................................................FFFFFFFFFFFF....FFFF....FFFF........................................................................................................................................................................................................................................................................C:\ProgramData\Anaconda3\envs\keras\lib\site-packages\theano\tensor\sort.py:285: FutureWarning: Using a non-tuple sequence for multidimensional indexing is deprecated; use `arr[tuple(seq)]` instead of `arr[seq]`. In the future this will be interpreted as an array index, `arr[np.array(seq)]`, which will result either in an error or a different result.
  zi = np.argpartition(x, -k, axis=axis)[idx]
.................................................................................................................................................................................................................................................................................................................................................C:\ProgramData\Anaconda3\envs\keras\lib\site-packages\theano\tensor\sort.py:282: FutureWarning: Using a non-tuple sequence for multidimensional indexing is deprecated; use `arr[tuple(seq)]` instead of `arr[seq]`. In the future this will be interpreted as an array index, `arr[np.array(seq)]`, which will result either in an error or a different result.
  zv = np.partition(x, -k, axis=axis)[idx]
C:\ProgramData\Anaconda3\envs\keras\lib\site-packages\theano\tensor\sort.py:282: FutureWarning: Using a non-tuple sequence for multidimensional indexing is deprecated; use `arr[tuple(seq)]` instead of `arr[seq]`. In the future this will be interpreted as an array index, `arr[np.array(seq)]`, which will result either in an error or a different result.
  zv = np.partition(x, -k, axis=axis)[idx]
C:\ProgramData\Anaconda3\envs\keras\lib\site-packages\theano\tensor\sort.py:285: FutureWarning: Using a non-tuple sequence for multidimensional indexing is deprecated; use `arr[tuple(seq)]` instead of `arr[seq]`. In the future this will be interpreted as an array index, `arr[np.array(seq)]`, which will result either in an error or a different result.
  zi = np.argpartition(x, -k, axis=axis)[idx]
......C:\ProgramData\Anaconda3\envs\keras\lib\site-packages\theano\tensor\sort.py:282: FutureWarning: Using a non-tuple sequence for multidimensional indexing is deprecated; use `arr[tuple(seq)]` instead of `arr[seq]`. In the future this will be interpreted as an array index, `arr[np.array(seq)]`, which will result either in an error or a different result.
  zv = np.partition(x, -k, axis=axis)[idx]
C:\ProgramData\Anaconda3\envs\keras\lib\site-packages\theano\tensor\sort.py:285: FutureWarning: Using a non-tuple sequence for multidimensional indexing is deprecated; use `arr[tuple(seq)]` instead of `arr[seq]`. In the future this will be interpreted as an array index, `arr[np.array(seq)]`, which will result either in an error or a different result.
  zi = np.argpartition(x, -k, axis=axis)[idx]
......C:\ProgramData\Anaconda3\envs\keras\lib\site-packages\theano\tensor\sort.py:282: FutureWarning: Using a non-tuple sequence for multidimensional indexing is deprecated; use `arr[tuple(seq)]` instead of `arr[seq]`. In the future this will be interpreted as an array index, `arr[np.array(seq)]`, which will result either in an error or a different result.
  zv = np.partition(x, -k, axis=axis)[idx]
C:\ProgramData\Anaconda3\envs\keras\lib\site-packages\theano\tensor\sort.py:285: FutureWarning: Using a non-tuple sequence for multidimensional indexing is deprecated; use `arr[tuple(seq)]` instead of `arr[seq]`. In the future this will be interpreted as an array index, `arr[np.array(seq)]`, which will result either in an error or a different result.
  zi = np.argpartition(x, -k, axis=axis)[idx]
......C:\ProgramData\Anaconda3\envs\keras\lib\site-packages\theano\tensor\sort.py:282: FutureWarning: Using a non-tuple sequence for multidimensional indexing is deprecated; use `arr[tuple(seq)]` instead of `arr[seq]`. In the future this will be interpreted as an array index, `arr[np.array(seq)]`, which will result either in an error or a different result.
  zv = np.partition(x, -k, axis=axis)[idx]
C:\ProgramData\Anaconda3\envs\keras\lib\site-packages\theano\tensor\sort.py:285: FutureWarning: Using a non-tuple sequence for multidimensional indexing is deprecated; use `arr[tuple(seq)]` instead of `arr[seq]`. In the future this will be interpreted as an array index, `arr[np.array(seq)]`, which will result either in an error or a different result.
  zi = np.argpartition(x, -k, axis=axis)[idx]
..........................................................................................................................................C:\ProgramData\Anaconda3\envs\keras\lib\site-packages\theano\tensor\sort.py:285: FutureWarning: Using a non-tuple sequence for multidimensional indexing is deprecated; use `arr[tuple(seq)]` instead of `arr[seq]`. In the future this will be interpreted as an array index, `arr[np.array(seq)]`, which will result either in an error or a different result.
  zi = np.argpartition(x, -k, axis=axis)[idx]
.FFF........C:\ProgramData\Anaconda3\envs\keras\lib\site-packages\theano\tensor\sort.py:285: FutureWarning: Using a non-tuple sequence for multidimensional indexing is deprecated; use `arr[tuple(seq)]` instead of `arr[seq]`. In the future this will be interpreted as an array index, `arr[np.array(seq)]`, which will result either in an error or a different result.
  zi = np.argpartition(x, -k, axis=axis)[idx]
.FFFC:\ProgramData\Anaconda3\envs\keras\lib\site-packages\theano\tensor\sort.py:285: FutureWarning: Using a non-tuple sequence for multidimensional indexing is deprecated; use `arr[tuple(seq)]` instead of `arr[seq]`. In the future this will be interpreted as an array index, `arr[np.array(seq)]`, which will result either in an error or a different result.
  zi = np.argpartition(x, -k, axis=axis)[idx]
.FFF
======================================================================
FAIL: test_argtopk_nd_20 (test_sort.Test_TopK)
----------------------------------------------------------------------
Traceback (most recent call last):
  File "C:\ProgramData\Anaconda3\envs\keras\lib\site-packages\parameterized\parameterized.py", line 530, in standalone_func
    return func(*(a + p.args), **p.kwargs)
  File "C:\Users\mutation\Desktop\theano-testcase\tests\test_sort.py", line 421, in test_argtopk_nd
    assert np.all(np.sort(yval, axis=axis) == np.sort(goal, axis=axis))
AssertionError

======================================================================
FAIL: test_argtopk_nd_21 (test_sort.Test_TopK)
----------------------------------------------------------------------
Traceback (most recent call last):
  File "C:\ProgramData\Anaconda3\envs\keras\lib\site-packages\parameterized\parameterized.py", line 530, in standalone_func
    return func(*(a + p.args), **p.kwargs)
  File "C:\Users\mutation\Desktop\theano-testcase\tests\test_sort.py", line 421, in test_argtopk_nd
    assert np.all(np.sort(yval, axis=axis) == np.sort(goal, axis=axis))
AssertionError

======================================================================
FAIL: test_argtopk_nd_22 (test_sort.Test_TopK)
----------------------------------------------------------------------
Traceback (most recent call last):
  File "C:\ProgramData\Anaconda3\envs\keras\lib\site-packages\parameterized\parameterized.py", line 530, in standalone_func
    return func(*(a + p.args), **p.kwargs)
  File "C:\Users\mutation\Desktop\theano-testcase\tests\test_sort.py", line 421, in test_argtopk_nd
    assert np.all(np.sort(yval, axis=axis) == np.sort(goal, axis=axis))
AssertionError

======================================================================
FAIL: test_argtopk_nd_23 (test_sort.Test_TopK)
----------------------------------------------------------------------
Traceback (most recent call last):
  File "C:\ProgramData\Anaconda3\envs\keras\lib\site-packages\parameterized\parameterized.py", line 530, in standalone_func
    return func(*(a + p.args), **p.kwargs)
  File "C:\Users\mutation\Desktop\theano-testcase\tests\test_sort.py", line 421, in test_argtopk_nd
    assert np.all(np.sort(yval, axis=axis) == np.sort(goal, axis=axis))
AssertionError

======================================================================
FAIL: test_argtopk_nd_24 (test_sort.Test_TopK)
----------------------------------------------------------------------
Traceback (most recent call last):
  File "C:\ProgramData\Anaconda3\envs\keras\lib\site-packages\parameterized\parameterized.py", line 530, in standalone_func
    return func(*(a + p.args), **p.kwargs)
  File "C:\Users\mutation\Desktop\theano-testcase\tests\test_sort.py", line 421, in test_argtopk_nd
    assert np.all(np.sort(yval, axis=axis) == np.sort(goal, axis=axis))
AssertionError

======================================================================
FAIL: test_argtopk_nd_25 (test_sort.Test_TopK)
----------------------------------------------------------------------
Traceback (most recent call last):
  File "C:\ProgramData\Anaconda3\envs\keras\lib\site-packages\parameterized\parameterized.py", line 530, in standalone_func
    return func(*(a + p.args), **p.kwargs)
  File "C:\Users\mutation\Desktop\theano-testcase\tests\test_sort.py", line 421, in test_argtopk_nd
    assert np.all(np.sort(yval, axis=axis) == np.sort(goal, axis=axis))
AssertionError

======================================================================
FAIL: test_argtopk_nd_26 (test_sort.Test_TopK)
----------------------------------------------------------------------
Traceback (most recent call last):
  File "C:\ProgramData\Anaconda3\envs\keras\lib\site-packages\parameterized\parameterized.py", line 530, in standalone_func
    return func(*(a + p.args), **p.kwargs)
  File "C:\Users\mutation\Desktop\theano-testcase\tests\test_sort.py", line 421, in test_argtopk_nd
    assert np.all(np.sort(yval, axis=axis) == np.sort(goal, axis=axis))
AssertionError

======================================================================
FAIL: test_argtopk_nd_27 (test_sort.Test_TopK)
----------------------------------------------------------------------
Traceback (most recent call last):
  File "C:\ProgramData\Anaconda3\envs\keras\lib\site-packages\parameterized\parameterized.py", line 530, in standalone_func
    return func(*(a + p.args), **p.kwargs)
  File "C:\Users\mutation\Desktop\theano-testcase\tests\test_sort.py", line 421, in test_argtopk_nd
    assert np.all(np.sort(yval, axis=axis) == np.sort(goal, axis=axis))
AssertionError

======================================================================
FAIL: test_argtopk_nd_28 (test_sort.Test_TopK)
----------------------------------------------------------------------
Traceback (most recent call last):
  File "C:\ProgramData\Anaconda3\envs\keras\lib\site-packages\parameterized\parameterized.py", line 530, in standalone_func
    return func(*(a + p.args), **p.kwargs)
  File "C:\Users\mutation\Desktop\theano-testcase\tests\test_sort.py", line 421, in test_argtopk_nd
    assert np.all(np.sort(yval, axis=axis) == np.sort(goal, axis=axis))
AssertionError

======================================================================
FAIL: test_argtopk_nd_29 (test_sort.Test_TopK)
----------------------------------------------------------------------
Traceback (most recent call last):
  File "C:\ProgramData\Anaconda3\envs\keras\lib\site-packages\parameterized\parameterized.py", line 530, in standalone_func
    return func(*(a + p.args), **p.kwargs)
  File "C:\Users\mutation\Desktop\theano-testcase\tests\test_sort.py", line 421, in test_argtopk_nd
    assert np.all(np.sort(yval, axis=axis) == np.sort(goal, axis=axis))
AssertionError

======================================================================
FAIL: test_argtopk_nd_30 (test_sort.Test_TopK)
----------------------------------------------------------------------
Traceback (most recent call last):
  File "C:\ProgramData\Anaconda3\envs\keras\lib\site-packages\parameterized\parameterized.py", line 530, in standalone_func
    return func(*(a + p.args), **p.kwargs)
  File "C:\Users\mutation\Desktop\theano-testcase\tests\test_sort.py", line 421, in test_argtopk_nd
    assert np.all(np.sort(yval, axis=axis) == np.sort(goal, axis=axis))
AssertionError

======================================================================
FAIL: test_argtopk_nd_31 (test_sort.Test_TopK)
----------------------------------------------------------------------
Traceback (most recent call last):
  File "C:\ProgramData\Anaconda3\envs\keras\lib\site-packages\parameterized\parameterized.py", line 530, in standalone_func
    return func(*(a + p.args), **p.kwargs)
  File "C:\Users\mutation\Desktop\theano-testcase\tests\test_sort.py", line 421, in test_argtopk_nd
    assert np.all(np.sort(yval, axis=axis) == np.sort(goal, axis=axis))
AssertionError

======================================================================
FAIL: test_argtopk_nd_36 (test_sort.Test_TopK)
----------------------------------------------------------------------
Traceback (most recent call last):
  File "C:\ProgramData\Anaconda3\envs\keras\lib\site-packages\parameterized\parameterized.py", line 530, in standalone_func
    return func(*(a + p.args), **p.kwargs)
  File "C:\Users\mutation\Desktop\theano-testcase\tests\test_sort.py", line 421, in test_argtopk_nd
    assert np.all(np.sort(yval, axis=axis) == np.sort(goal, axis=axis))
AssertionError

======================================================================
FAIL: test_argtopk_nd_37 (test_sort.Test_TopK)
----------------------------------------------------------------------
Traceback (most recent call last):
  File "C:\ProgramData\Anaconda3\envs\keras\lib\site-packages\parameterized\parameterized.py", line 530, in standalone_func
    return func(*(a + p.args), **p.kwargs)
  File "C:\Users\mutation\Desktop\theano-testcase\tests\test_sort.py", line 421, in test_argtopk_nd
    assert np.all(np.sort(yval, axis=axis) == np.sort(goal, axis=axis))
AssertionError

======================================================================
FAIL: test_argtopk_nd_38 (test_sort.Test_TopK)
----------------------------------------------------------------------
Traceback (most recent call last):
  File "C:\ProgramData\Anaconda3\envs\keras\lib\site-packages\parameterized\parameterized.py", line 530, in standalone_func
    return func(*(a + p.args), **p.kwargs)
  File "C:\Users\mutation\Desktop\theano-testcase\tests\test_sort.py", line 421, in test_argtopk_nd
    assert np.all(np.sort(yval, axis=axis) == np.sort(goal, axis=axis))
AssertionError

======================================================================
FAIL: test_argtopk_nd_39 (test_sort.Test_TopK)
----------------------------------------------------------------------
Traceback (most recent call last):
  File "C:\ProgramData\Anaconda3\envs\keras\lib\site-packages\parameterized\parameterized.py", line 530, in standalone_func
    return func(*(a + p.args), **p.kwargs)
  File "C:\Users\mutation\Desktop\theano-testcase\tests\test_sort.py", line 421, in test_argtopk_nd
    assert np.all(np.sort(yval, axis=axis) == np.sort(goal, axis=axis))
AssertionError

======================================================================
FAIL: test_argtopk_nd_44 (test_sort.Test_TopK)
----------------------------------------------------------------------
Traceback (most recent call last):
  File "C:\ProgramData\Anaconda3\envs\keras\lib\site-packages\parameterized\parameterized.py", line 530, in standalone_func
    return func(*(a + p.args), **p.kwargs)
  File "C:\Users\mutation\Desktop\theano-testcase\tests\test_sort.py", line 421, in test_argtopk_nd
    assert np.all(np.sort(yval, axis=axis) == np.sort(goal, axis=axis))
AssertionError

======================================================================
FAIL: test_argtopk_nd_45 (test_sort.Test_TopK)
----------------------------------------------------------------------
Traceback (most recent call last):
  File "C:\ProgramData\Anaconda3\envs\keras\lib\site-packages\parameterized\parameterized.py", line 530, in standalone_func
    return func(*(a + p.args), **p.kwargs)
  File "C:\Users\mutation\Desktop\theano-testcase\tests\test_sort.py", line 421, in test_argtopk_nd
    assert np.all(np.sort(yval, axis=axis) == np.sort(goal, axis=axis))
AssertionError

======================================================================
FAIL: test_argtopk_nd_46 (test_sort.Test_TopK)
----------------------------------------------------------------------
Traceback (most recent call last):
  File "C:\ProgramData\Anaconda3\envs\keras\lib\site-packages\parameterized\parameterized.py", line 530, in standalone_func
    return func(*(a + p.args), **p.kwargs)
  File "C:\Users\mutation\Desktop\theano-testcase\tests\test_sort.py", line 421, in test_argtopk_nd
    assert np.all(np.sort(yval, axis=axis) == np.sort(goal, axis=axis))
AssertionError

======================================================================
FAIL: test_argtopk_nd_47 (test_sort.Test_TopK)
----------------------------------------------------------------------
Traceback (most recent call last):
  File "C:\ProgramData\Anaconda3\envs\keras\lib\site-packages\parameterized\parameterized.py", line 530, in standalone_func
    return func(*(a + p.args), **p.kwargs)
  File "C:\Users\mutation\Desktop\theano-testcase\tests\test_sort.py", line 421, in test_argtopk_nd
    assert np.all(np.sort(yval, axis=axis) == np.sort(goal, axis=axis))
AssertionError

======================================================================
FAIL: test_combined_infer_shape_01 (test_sort.TopKInferShapeTester)
----------------------------------------------------------------------
Traceback (most recent call last):
  File "C:\ProgramData\Anaconda3\envs\keras\lib\site-packages\parameterized\parameterized.py", line 530, in standalone_func
    return func(*(a + p.args), **p.kwargs)
  File "C:\Users\mutation\Desktop\theano-testcase\tests\test_sort.py", line 467, in test_combined_infer_shape
    [x], [yv, yi], [xval], TopKOp)
  File "C:\ProgramData\Anaconda3\envs\keras\lib\site-packages\theano\tests\unittest_tools.py", line 274, in _compile_and_check
    assert np.all(out.shape == shape), (out.shape, shape)
AssertionError: ((2, 1), array([2, 2], dtype=int64))

======================================================================
FAIL: test_combined_infer_shape_02 (test_sort.TopKInferShapeTester)
----------------------------------------------------------------------
Traceback (most recent call last):
  File "C:\ProgramData\Anaconda3\envs\keras\lib\site-packages\parameterized\parameterized.py", line 530, in standalone_func
    return func(*(a + p.args), **p.kwargs)
  File "C:\Users\mutation\Desktop\theano-testcase\tests\test_sort.py", line 467, in test_combined_infer_shape
    [x], [yv, yi], [xval], TopKOp)
  File "C:\ProgramData\Anaconda3\envs\keras\lib\site-packages\theano\tests\unittest_tools.py", line 274, in _compile_and_check
    assert np.all(out.shape == shape), (out.shape, shape)
AssertionError: ((2, 1), array([2, 2], dtype=int64))

======================================================================
FAIL: test_combined_infer_shape_03 (test_sort.TopKInferShapeTester)
----------------------------------------------------------------------
Traceback (most recent call last):
  File "C:\ProgramData\Anaconda3\envs\keras\lib\site-packages\parameterized\parameterized.py", line 530, in standalone_func
    return func(*(a + p.args), **p.kwargs)
  File "C:\Users\mutation\Desktop\theano-testcase\tests\test_sort.py", line 467, in test_combined_infer_shape
    [x], [yv, yi], [xval], TopKOp)
  File "C:\ProgramData\Anaconda3\envs\keras\lib\site-packages\theano\tests\unittest_tools.py", line 274, in _compile_and_check
    assert np.all(out.shape == shape), (out.shape, shape)
AssertionError: ((1, 3), array([2, 3], dtype=int64))

======================================================================
FAIL: test_combined_infer_shape_13 (test_sort.TopKInferShapeTester)
----------------------------------------------------------------------
Traceback (most recent call last):
  File "C:\ProgramData\Anaconda3\envs\keras\lib\site-packages\parameterized\parameterized.py", line 530, in standalone_func
    return func(*(a + p.args), **p.kwargs)
  File "C:\Users\mutation\Desktop\theano-testcase\tests\test_sort.py", line 467, in test_combined_infer_shape
    [x], [yv, yi], [xval], TopKOp)
  File "C:\ProgramData\Anaconda3\envs\keras\lib\site-packages\theano\tests\unittest_tools.py", line 274, in _compile_and_check
    assert np.all(out.shape == shape), (out.shape, shape)
AssertionError: ((2, 1, 5, 7, 11), array([ 2,  2,  5,  7, 11], dtype=int64))

======================================================================
FAIL: test_combined_infer_shape_14 (test_sort.TopKInferShapeTester)
----------------------------------------------------------------------
Traceback (most recent call last):
  File "C:\ProgramData\Anaconda3\envs\keras\lib\site-packages\parameterized\parameterized.py", line 530, in standalone_func
    return func(*(a + p.args), **p.kwargs)
  File "C:\Users\mutation\Desktop\theano-testcase\tests\test_sort.py", line 467, in test_combined_infer_shape
    [x], [yv, yi], [xval], TopKOp)
  File "C:\ProgramData\Anaconda3\envs\keras\lib\site-packages\theano\tests\unittest_tools.py", line 274, in _compile_and_check
    assert np.all(out.shape == shape), (out.shape, shape)
AssertionError: ((2, 1, 5, 7, 11), array([ 2,  2,  5,  7, 11], dtype=int64))

======================================================================
FAIL: test_combined_infer_shape_15 (test_sort.TopKInferShapeTester)
----------------------------------------------------------------------
Traceback (most recent call last):
  File "C:\ProgramData\Anaconda3\envs\keras\lib\site-packages\parameterized\parameterized.py", line 530, in standalone_func
    return func(*(a + p.args), **p.kwargs)
  File "C:\Users\mutation\Desktop\theano-testcase\tests\test_sort.py", line 467, in test_combined_infer_shape
    [x], [yv, yi], [xval], TopKOp)
  File "C:\ProgramData\Anaconda3\envs\keras\lib\site-packages\theano\tests\unittest_tools.py", line 274, in _compile_and_check
    assert np.all(out.shape == shape), (out.shape, shape)
AssertionError: ((1, 3, 5, 7, 11), array([ 2,  3,  5,  7, 11], dtype=int64))

======================================================================
FAIL: test_combined_infer_shape_17 (test_sort.TopKInferShapeTester)
----------------------------------------------------------------------
Traceback (most recent call last):
  File "C:\ProgramData\Anaconda3\envs\keras\lib\site-packages\parameterized\parameterized.py", line 530, in standalone_func
    return func(*(a + p.args), **p.kwargs)
  File "C:\Users\mutation\Desktop\theano-testcase\tests\test_sort.py", line 467, in test_combined_infer_shape
    [x], [yv, yi], [xval], TopKOp)
  File "C:\ProgramData\Anaconda3\envs\keras\lib\site-packages\theano\tests\unittest_tools.py", line 274, in _compile_and_check
    assert np.all(out.shape == shape), (out.shape, shape)
AssertionError: ((2, 1, 3, 1), array([2, 2, 3, 1], dtype=int64))

======================================================================
FAIL: test_combined_infer_shape_18 (test_sort.TopKInferShapeTester)
----------------------------------------------------------------------
Traceback (most recent call last):
  File "C:\ProgramData\Anaconda3\envs\keras\lib\site-packages\parameterized\parameterized.py", line 530, in standalone_func
    return func(*(a + p.args), **p.kwargs)
  File "C:\Users\mutation\Desktop\theano-testcase\tests\test_sort.py", line 467, in test_combined_infer_shape
    [x], [yv, yi], [xval], TopKOp)
  File "C:\ProgramData\Anaconda3\envs\keras\lib\site-packages\theano\tests\unittest_tools.py", line 274, in _compile_and_check
    assert np.all(out.shape == shape), (out.shape, shape)
AssertionError: ((2, 4, 1, 1), array([2, 4, 2, 1], dtype=int64))

======================================================================
FAIL: test_combined_infer_shape_19 (test_sort.TopKInferShapeTester)
----------------------------------------------------------------------
Traceback (most recent call last):
  File "C:\ProgramData\Anaconda3\envs\keras\lib\site-packages\parameterized\parameterized.py", line 530, in standalone_func
    return func(*(a + p.args), **p.kwargs)
  File "C:\Users\mutation\Desktop\theano-testcase\tests\test_sort.py", line 467, in test_combined_infer_shape
    [x], [yv, yi], [xval], TopKOp)
  File "C:\ProgramData\Anaconda3\envs\keras\lib\site-packages\theano\tests\unittest_tools.py", line 274, in _compile_and_check
    assert np.all(out.shape == shape), (out.shape, shape)
AssertionError: ((1, 4, 3, 1), array([2, 4, 3, 1], dtype=int64))

----------------------------------------------------------------------
Ran 918 tests in 52.322s

FAILED (failures=29)
