.........C:\ProgramData\Anaconda3\envs\keras\lib\site-packages\theano\tensor\sort.py:293: FutureWarning: Using a non-tuple sequence for multidimensional indexing is deprecated; use `arr[tuple(seq)]` instead of `arr[seq]`. In the future this will be interpreted as an array index, `arr[np.array(seq)]`, which will result either in an error or a different result.
  zi = np.argpartition(x, -k, axis=axis)[idx]
............EEEE....................EEEE....................EEEE............................FFFF............FFFF............FFFF....................................................................................................................................................................................................................................................................................C:\ProgramData\Anaconda3\envs\keras\lib\site-packages\theano\tensor\sort.py:285: FutureWarning: Using a non-tuple sequence for multidimensional indexing is deprecated; use `arr[tuple(seq)]` instead of `arr[seq]`. In the future this will be interpreted as an array index, `arr[np.array(seq)]`, which will result either in an error or a different result.
  zi = np.argpartition(x, -k, axis=axis)[idx]
...........................................................................................................................................................................................................................................................................................................................................C:\ProgramData\Anaconda3\envs\keras\lib\site-packages\theano\tensor\sort.py:282: FutureWarning: Using a non-tuple sequence for multidimensional indexing is deprecated; use `arr[tuple(seq)]` instead of `arr[seq]`. In the future this will be interpreted as an array index, `arr[np.array(seq)]`, which will result either in an error or a different result.
  zv = np.partition(x, -k, axis=axis)[idx]
C:\ProgramData\Anaconda3\envs\keras\lib\site-packages\theano\tensor\sort.py:285: FutureWarning: Using a non-tuple sequence for multidimensional indexing is deprecated; use `arr[tuple(seq)]` instead of `arr[seq]`. In the future this will be interpreted as an array index, `arr[np.array(seq)]`, which will result either in an error or a different result.
  zi = np.argpartition(x, -k, axis=axis)[idx]
..E...C:\ProgramData\Anaconda3\envs\keras\lib\site-packages\theano\tensor\sort.py:282: FutureWarning: Using a non-tuple sequence for multidimensional indexing is deprecated; use `arr[tuple(seq)]` instead of `arr[seq]`. In the future this will be interpreted as an array index, `arr[np.array(seq)]`, which will result either in an error or a different result.
  zv = np.partition(x, -k, axis=axis)[idx]
C:\ProgramData\Anaconda3\envs\keras\lib\site-packages\theano\tensor\sort.py:285: FutureWarning: Using a non-tuple sequence for multidimensional indexing is deprecated; use `arr[tuple(seq)]` instead of `arr[seq]`. In the future this will be interpreted as an array index, `arr[np.array(seq)]`, which will result either in an error or a different result.
  zi = np.argpartition(x, -k, axis=axis)[idx]
..E...C:\ProgramData\Anaconda3\envs\keras\lib\site-packages\theano\tensor\sort.py:282: FutureWarning: Using a non-tuple sequence for multidimensional indexing is deprecated; use `arr[tuple(seq)]` instead of `arr[seq]`. In the future this will be interpreted as an array index, `arr[np.array(seq)]`, which will result either in an error or a different result.
  zv = np.partition(x, -k, axis=axis)[idx]
C:\ProgramData\Anaconda3\envs\keras\lib\site-packages\theano\tensor\sort.py:285: FutureWarning: Using a non-tuple sequence for multidimensional indexing is deprecated; use `arr[tuple(seq)]` instead of `arr[seq]`. In the future this will be interpreted as an array index, `arr[np.array(seq)]`, which will result either in an error or a different result.
  zi = np.argpartition(x, -k, axis=axis)[idx]
..E...C:\ProgramData\Anaconda3\envs\keras\lib\site-packages\theano\tensor\sort.py:282: FutureWarning: Using a non-tuple sequence for multidimensional indexing is deprecated; use `arr[tuple(seq)]` instead of `arr[seq]`. In the future this will be interpreted as an array index, `arr[np.array(seq)]`, which will result either in an error or a different result.
  zv = np.partition(x, -k, axis=axis)[idx]
C:\ProgramData\Anaconda3\envs\keras\lib\site-packages\theano\tensor\sort.py:285: FutureWarning: Using a non-tuple sequence for multidimensional indexing is deprecated; use `arr[tuple(seq)]` instead of `arr[seq]`. In the future this will be interpreted as an array index, `arr[np.array(seq)]`, which will result either in an error or a different result.
  zi = np.argpartition(x, -k, axis=axis)[idx]
..E.....................EEEE........................EEEE........................EEEE.....................................................C:\ProgramData\Anaconda3\envs\keras\lib\site-packages\theano\tensor\sort.py:285: FutureWarning: Using a non-tuple sequence for multidimensional indexing is deprecated; use `arr[tuple(seq)]` instead of `arr[seq]`. In the future this will be interpreted as an array index, `arr[np.array(seq)]`, which will result either in an error or a different result.
  zi = np.argpartition(x, -k, axis=axis)[idx]
..F...E...E.C:\ProgramData\Anaconda3\envs\keras\lib\site-packages\theano\tensor\sort.py:285: FutureWarning: Using a non-tuple sequence for multidimensional indexing is deprecated; use `arr[tuple(seq)]` instead of `arr[seq]`. In the future this will be interpreted as an array index, `arr[np.array(seq)]`, which will result either in an error or a different result.
  zi = np.argpartition(x, -k, axis=axis)[idx]
..C:\ProgramData\Anaconda3\envs\keras\lib\site-packages\theano\tests\unittest_tools.py:274: DeprecationWarning: elementwise comparison failed; this will raise an error in the future.
  assert np.all(out.shape == shape), (out.shape, shape)
F.C:\ProgramData\Anaconda3\envs\keras\lib\site-packages\theano\tensor\sort.py:285: FutureWarning: Using a non-tuple sequence for multidimensional indexing is deprecated; use `arr[tuple(seq)]` instead of `arr[seq]`. In the future this will be interpreted as an array index, `arr[np.array(seq)]`, which will result either in an error or a different result.
  zi = np.argpartition(x, -k, axis=axis)[idx]
..C:\ProgramData\Anaconda3\envs\keras\lib\site-packages\theano\tests\unittest_tools.py:274: DeprecationWarning: elementwise comparison failed; this will raise an error in the future.
  assert np.all(out.shape == shape), (out.shape, shape)
F
======================================================================
ERROR: test_argtopk_1d_20 (test_sort.Test_TopK)
----------------------------------------------------------------------
Traceback (most recent call last):
  File "C:\ProgramData\Anaconda3\envs\keras\lib\site-packages\parameterized\parameterized.py", line 530, in standalone_func
    return func(*(a + p.args), **p.kwargs)
  File "C:\Users\mutation\Desktop\theano-testcase\tests\test_sort.py", line 333, in test_argtopk_1d
    assert np.all(xval[np.sort(yval)] == xval[np.sort(goal)])
IndexError: arrays used as indices must be of integer (or boolean) type

======================================================================
ERROR: test_argtopk_1d_21 (test_sort.Test_TopK)
----------------------------------------------------------------------
Traceback (most recent call last):
  File "C:\ProgramData\Anaconda3\envs\keras\lib\site-packages\parameterized\parameterized.py", line 530, in standalone_func
    return func(*(a + p.args), **p.kwargs)
  File "C:\Users\mutation\Desktop\theano-testcase\tests\test_sort.py", line 333, in test_argtopk_1d
    assert np.all(xval[np.sort(yval)] == xval[np.sort(goal)])
IndexError: arrays used as indices must be of integer (or boolean) type

======================================================================
ERROR: test_argtopk_1d_22 (test_sort.Test_TopK)
----------------------------------------------------------------------
Traceback (most recent call last):
  File "C:\ProgramData\Anaconda3\envs\keras\lib\site-packages\parameterized\parameterized.py", line 530, in standalone_func
    return func(*(a + p.args), **p.kwargs)
  File "C:\Users\mutation\Desktop\theano-testcase\tests\test_sort.py", line 333, in test_argtopk_1d
    assert np.all(xval[np.sort(yval)] == xval[np.sort(goal)])
IndexError: index -24 is out of bounds for axis 0 with size 16

======================================================================
ERROR: test_argtopk_1d_23 (test_sort.Test_TopK)
----------------------------------------------------------------------
Traceback (most recent call last):
  File "C:\ProgramData\Anaconda3\envs\keras\lib\site-packages\parameterized\parameterized.py", line 530, in standalone_func
    return func(*(a + p.args), **p.kwargs)
  File "C:\Users\mutation\Desktop\theano-testcase\tests\test_sort.py", line 333, in test_argtopk_1d
    assert np.all(xval[np.sort(yval)] == xval[np.sort(goal)])
IndexError: index -23 is out of bounds for axis 0 with size 16

======================================================================
ERROR: test_argtopk_1d_44 (test_sort.Test_TopK)
----------------------------------------------------------------------
Traceback (most recent call last):
  File "C:\ProgramData\Anaconda3\envs\keras\lib\site-packages\parameterized\parameterized.py", line 530, in standalone_func
    return func(*(a + p.args), **p.kwargs)
  File "C:\Users\mutation\Desktop\theano-testcase\tests\test_sort.py", line 333, in test_argtopk_1d
    assert np.all(xval[np.sort(yval)] == xval[np.sort(goal)])
IndexError: arrays used as indices must be of integer (or boolean) type

======================================================================
ERROR: test_argtopk_1d_45 (test_sort.Test_TopK)
----------------------------------------------------------------------
Traceback (most recent call last):
  File "C:\ProgramData\Anaconda3\envs\keras\lib\site-packages\parameterized\parameterized.py", line 530, in standalone_func
    return func(*(a + p.args), **p.kwargs)
  File "C:\Users\mutation\Desktop\theano-testcase\tests\test_sort.py", line 333, in test_argtopk_1d
    assert np.all(xval[np.sort(yval)] == xval[np.sort(goal)])
IndexError: arrays used as indices must be of integer (or boolean) type

======================================================================
ERROR: test_argtopk_1d_46 (test_sort.Test_TopK)
----------------------------------------------------------------------
Traceback (most recent call last):
  File "C:\ProgramData\Anaconda3\envs\keras\lib\site-packages\parameterized\parameterized.py", line 530, in standalone_func
    return func(*(a + p.args), **p.kwargs)
  File "C:\Users\mutation\Desktop\theano-testcase\tests\test_sort.py", line 333, in test_argtopk_1d
    assert np.all(xval[np.sort(yval)] == xval[np.sort(goal)])
IndexError: index -92 is out of bounds for axis 0 with size 61

======================================================================
ERROR: test_argtopk_1d_47 (test_sort.Test_TopK)
----------------------------------------------------------------------
Traceback (most recent call last):
  File "C:\ProgramData\Anaconda3\envs\keras\lib\site-packages\parameterized\parameterized.py", line 530, in standalone_func
    return func(*(a + p.args), **p.kwargs)
  File "C:\Users\mutation\Desktop\theano-testcase\tests\test_sort.py", line 333, in test_argtopk_1d
    assert np.all(xval[np.sort(yval)] == xval[np.sort(goal)])
IndexError: index -92 is out of bounds for axis 0 with size 61

======================================================================
ERROR: test_argtopk_1d_68 (test_sort.Test_TopK)
----------------------------------------------------------------------
Traceback (most recent call last):
  File "C:\ProgramData\Anaconda3\envs\keras\lib\site-packages\parameterized\parameterized.py", line 530, in standalone_func
    return func(*(a + p.args), **p.kwargs)
  File "C:\Users\mutation\Desktop\theano-testcase\tests\test_sort.py", line 333, in test_argtopk_1d
    assert np.all(xval[np.sort(yval)] == xval[np.sort(goal)])
IndexError: arrays used as indices must be of integer (or boolean) type

======================================================================
ERROR: test_argtopk_1d_69 (test_sort.Test_TopK)
----------------------------------------------------------------------
Traceback (most recent call last):
  File "C:\ProgramData\Anaconda3\envs\keras\lib\site-packages\parameterized\parameterized.py", line 530, in standalone_func
    return func(*(a + p.args), **p.kwargs)
  File "C:\Users\mutation\Desktop\theano-testcase\tests\test_sort.py", line 333, in test_argtopk_1d
    assert np.all(xval[np.sort(yval)] == xval[np.sort(goal)])
IndexError: arrays used as indices must be of integer (or boolean) type

======================================================================
ERROR: test_argtopk_1d_70 (test_sort.Test_TopK)
----------------------------------------------------------------------
Traceback (most recent call last):
  File "C:\ProgramData\Anaconda3\envs\keras\lib\site-packages\parameterized\parameterized.py", line 530, in standalone_func
    return func(*(a + p.args), **p.kwargs)
  File "C:\Users\mutation\Desktop\theano-testcase\tests\test_sort.py", line 333, in test_argtopk_1d
    assert np.all(xval[np.sort(yval)] == xval[np.sort(goal)])
IndexError: index -384 is out of bounds for axis 0 with size 257

======================================================================
ERROR: test_argtopk_1d_71 (test_sort.Test_TopK)
----------------------------------------------------------------------
Traceback (most recent call last):
  File "C:\ProgramData\Anaconda3\envs\keras\lib\site-packages\parameterized\parameterized.py", line 530, in standalone_func
    return func(*(a + p.args), **p.kwargs)
  File "C:\Users\mutation\Desktop\theano-testcase\tests\test_sort.py", line 333, in test_argtopk_1d
    assert np.all(xval[np.sort(yval)] == xval[np.sort(goal)])
IndexError: index -384 is out of bounds for axis 0 with size 257

======================================================================
ERROR: test_grad_04 (test_sort.Test_TopK)
----------------------------------------------------------------------
Traceback (most recent call last):
  File "C:\ProgramData\Anaconda3\envs\keras\lib\site-packages\parameterized\parameterized.py", line 530, in standalone_func
    return func(*(a + p.args), **p.kwargs)
  File "C:\Users\mutation\Desktop\theano-testcase\tests\test_sort.py", line 442, in test_grad
    utt.verify_grad(lambda x: topk(x, k, axis=axis, sorted=sorted), [xval], eps=1e-2)
  File "C:\ProgramData\Anaconda3\envs\keras\lib\site-packages\theano\tests\unittest_tools.py", line 92, in verify_grad
    T.verify_grad(op, pt, n_tests, rng, *args, **kwargs)
  File "C:\ProgramData\Anaconda3\envs\keras\lib\site-packages\theano\gradient.py", line 1742, in verify_grad
    'It seems like you are trying to use verify_grad '
TypeError: It seems like you are trying to use verify_grad on an op or a function which outputs a list: there should be a single (array-like) output instead

======================================================================
ERROR: test_grad_10 (test_sort.Test_TopK)
----------------------------------------------------------------------
Traceback (most recent call last):
  File "C:\ProgramData\Anaconda3\envs\keras\lib\site-packages\parameterized\parameterized.py", line 530, in standalone_func
    return func(*(a + p.args), **p.kwargs)
  File "C:\Users\mutation\Desktop\theano-testcase\tests\test_sort.py", line 442, in test_grad
    utt.verify_grad(lambda x: topk(x, k, axis=axis, sorted=sorted), [xval], eps=1e-2)
  File "C:\ProgramData\Anaconda3\envs\keras\lib\site-packages\theano\tests\unittest_tools.py", line 92, in verify_grad
    T.verify_grad(op, pt, n_tests, rng, *args, **kwargs)
  File "C:\ProgramData\Anaconda3\envs\keras\lib\site-packages\theano\gradient.py", line 1742, in verify_grad
    'It seems like you are trying to use verify_grad '
TypeError: It seems like you are trying to use verify_grad on an op or a function which outputs a list: there should be a single (array-like) output instead

======================================================================
ERROR: test_grad_16 (test_sort.Test_TopK)
----------------------------------------------------------------------
Traceback (most recent call last):
  File "C:\ProgramData\Anaconda3\envs\keras\lib\site-packages\parameterized\parameterized.py", line 530, in standalone_func
    return func(*(a + p.args), **p.kwargs)
  File "C:\Users\mutation\Desktop\theano-testcase\tests\test_sort.py", line 442, in test_grad
    utt.verify_grad(lambda x: topk(x, k, axis=axis, sorted=sorted), [xval], eps=1e-2)
  File "C:\ProgramData\Anaconda3\envs\keras\lib\site-packages\theano\tests\unittest_tools.py", line 92, in verify_grad
    T.verify_grad(op, pt, n_tests, rng, *args, **kwargs)
  File "C:\ProgramData\Anaconda3\envs\keras\lib\site-packages\theano\gradient.py", line 1742, in verify_grad
    'It seems like you are trying to use verify_grad '
TypeError: It seems like you are trying to use verify_grad on an op or a function which outputs a list: there should be a single (array-like) output instead

======================================================================
ERROR: test_grad_22 (test_sort.Test_TopK)
----------------------------------------------------------------------
Traceback (most recent call last):
  File "C:\ProgramData\Anaconda3\envs\keras\lib\site-packages\parameterized\parameterized.py", line 530, in standalone_func
    return func(*(a + p.args), **p.kwargs)
  File "C:\Users\mutation\Desktop\theano-testcase\tests\test_sort.py", line 442, in test_grad
    utt.verify_grad(lambda x: topk(x, k, axis=axis, sorted=sorted), [xval], eps=1e-2)
  File "C:\ProgramData\Anaconda3\envs\keras\lib\site-packages\theano\tests\unittest_tools.py", line 92, in verify_grad
    T.verify_grad(op, pt, n_tests, rng, *args, **kwargs)
  File "C:\ProgramData\Anaconda3\envs\keras\lib\site-packages\theano\gradient.py", line 1742, in verify_grad
    'It seems like you are trying to use verify_grad '
TypeError: It seems like you are trying to use verify_grad on an op or a function which outputs a list: there should be a single (array-like) output instead

======================================================================
ERROR: test_topk_1d_20 (test_sort.Test_TopK)
----------------------------------------------------------------------
Traceback (most recent call last):
  File "C:\ProgramData\Anaconda3\envs\keras\lib\site-packages\parameterized\parameterized.py", line 530, in standalone_func
    return func(*(a + p.args), **p.kwargs)
  File "C:\Users\mutation\Desktop\theano-testcase\tests\test_sort.py", line 303, in test_topk_1d
    assert yval.dtype == goal.dtype
AttributeError: 'tuple' object has no attribute 'dtype'

======================================================================
ERROR: test_topk_1d_21 (test_sort.Test_TopK)
----------------------------------------------------------------------
Traceback (most recent call last):
  File "C:\ProgramData\Anaconda3\envs\keras\lib\site-packages\parameterized\parameterized.py", line 530, in standalone_func
    return func(*(a + p.args), **p.kwargs)
  File "C:\Users\mutation\Desktop\theano-testcase\tests\test_sort.py", line 303, in test_topk_1d
    assert yval.dtype == goal.dtype
AttributeError: 'tuple' object has no attribute 'dtype'

======================================================================
ERROR: test_topk_1d_22 (test_sort.Test_TopK)
----------------------------------------------------------------------
Traceback (most recent call last):
  File "C:\ProgramData\Anaconda3\envs\keras\lib\site-packages\parameterized\parameterized.py", line 530, in standalone_func
    return func(*(a + p.args), **p.kwargs)
  File "C:\Users\mutation\Desktop\theano-testcase\tests\test_sort.py", line 303, in test_topk_1d
    assert yval.dtype == goal.dtype
AttributeError: 'tuple' object has no attribute 'dtype'

======================================================================
ERROR: test_topk_1d_23 (test_sort.Test_TopK)
----------------------------------------------------------------------
Traceback (most recent call last):
  File "C:\ProgramData\Anaconda3\envs\keras\lib\site-packages\parameterized\parameterized.py", line 530, in standalone_func
    return func(*(a + p.args), **p.kwargs)
  File "C:\Users\mutation\Desktop\theano-testcase\tests\test_sort.py", line 303, in test_topk_1d
    assert yval.dtype == goal.dtype
AttributeError: 'tuple' object has no attribute 'dtype'

======================================================================
ERROR: test_topk_1d_48 (test_sort.Test_TopK)
----------------------------------------------------------------------
Traceback (most recent call last):
  File "C:\ProgramData\Anaconda3\envs\keras\lib\site-packages\parameterized\parameterized.py", line 530, in standalone_func
    return func(*(a + p.args), **p.kwargs)
  File "C:\Users\mutation\Desktop\theano-testcase\tests\test_sort.py", line 303, in test_topk_1d
    assert yval.dtype == goal.dtype
AttributeError: 'tuple' object has no attribute 'dtype'

======================================================================
ERROR: test_topk_1d_49 (test_sort.Test_TopK)
----------------------------------------------------------------------
Traceback (most recent call last):
  File "C:\ProgramData\Anaconda3\envs\keras\lib\site-packages\parameterized\parameterized.py", line 530, in standalone_func
    return func(*(a + p.args), **p.kwargs)
  File "C:\Users\mutation\Desktop\theano-testcase\tests\test_sort.py", line 303, in test_topk_1d
    assert yval.dtype == goal.dtype
AttributeError: 'tuple' object has no attribute 'dtype'

======================================================================
ERROR: test_topk_1d_50 (test_sort.Test_TopK)
----------------------------------------------------------------------
Traceback (most recent call last):
  File "C:\ProgramData\Anaconda3\envs\keras\lib\site-packages\parameterized\parameterized.py", line 530, in standalone_func
    return func(*(a + p.args), **p.kwargs)
  File "C:\Users\mutation\Desktop\theano-testcase\tests\test_sort.py", line 303, in test_topk_1d
    assert yval.dtype == goal.dtype
AttributeError: 'tuple' object has no attribute 'dtype'

======================================================================
ERROR: test_topk_1d_51 (test_sort.Test_TopK)
----------------------------------------------------------------------
Traceback (most recent call last):
  File "C:\ProgramData\Anaconda3\envs\keras\lib\site-packages\parameterized\parameterized.py", line 530, in standalone_func
    return func(*(a + p.args), **p.kwargs)
  File "C:\Users\mutation\Desktop\theano-testcase\tests\test_sort.py", line 303, in test_topk_1d
    assert yval.dtype == goal.dtype
AttributeError: 'tuple' object has no attribute 'dtype'

======================================================================
ERROR: test_topk_1d_76 (test_sort.Test_TopK)
----------------------------------------------------------------------
Traceback (most recent call last):
  File "C:\ProgramData\Anaconda3\envs\keras\lib\site-packages\parameterized\parameterized.py", line 530, in standalone_func
    return func(*(a + p.args), **p.kwargs)
  File "C:\Users\mutation\Desktop\theano-testcase\tests\test_sort.py", line 303, in test_topk_1d
    assert yval.dtype == goal.dtype
AttributeError: 'tuple' object has no attribute 'dtype'

======================================================================
ERROR: test_topk_1d_77 (test_sort.Test_TopK)
----------------------------------------------------------------------
Traceback (most recent call last):
  File "C:\ProgramData\Anaconda3\envs\keras\lib\site-packages\parameterized\parameterized.py", line 530, in standalone_func
    return func(*(a + p.args), **p.kwargs)
  File "C:\Users\mutation\Desktop\theano-testcase\tests\test_sort.py", line 303, in test_topk_1d
    assert yval.dtype == goal.dtype
AttributeError: 'tuple' object has no attribute 'dtype'

======================================================================
ERROR: test_topk_1d_78 (test_sort.Test_TopK)
----------------------------------------------------------------------
Traceback (most recent call last):
  File "C:\ProgramData\Anaconda3\envs\keras\lib\site-packages\parameterized\parameterized.py", line 530, in standalone_func
    return func(*(a + p.args), **p.kwargs)
  File "C:\Users\mutation\Desktop\theano-testcase\tests\test_sort.py", line 303, in test_topk_1d
    assert yval.dtype == goal.dtype
AttributeError: 'tuple' object has no attribute 'dtype'

======================================================================
ERROR: test_topk_1d_79 (test_sort.Test_TopK)
----------------------------------------------------------------------
Traceback (most recent call last):
  File "C:\ProgramData\Anaconda3\envs\keras\lib\site-packages\parameterized\parameterized.py", line 530, in standalone_func
    return func(*(a + p.args), **p.kwargs)
  File "C:\Users\mutation\Desktop\theano-testcase\tests\test_sort.py", line 303, in test_topk_1d
    assert yval.dtype == goal.dtype
AttributeError: 'tuple' object has no attribute 'dtype'

======================================================================
ERROR: test_combined_infer_shape_07 (test_sort.TopKInferShapeTester)
----------------------------------------------------------------------
Traceback (most recent call last):
  File "C:\ProgramData\Anaconda3\envs\keras\lib\site-packages\theano\compile\function_module.py", line 903, in __call__
    self.fn() if output_subset is None else\
  File "C:\ProgramData\Anaconda3\envs\keras\lib\site-packages\theano\gof\op.py", line 892, in rval
    r = p(n, [x[0] for x in i], o)
  File "C:\ProgramData\Anaconda3\envs\keras\lib\site-packages\theano\tensor\sort.py", line 422, in perform
    self, x, k, axis, node.outputs[1].dtype)
ValueError: too many values to unpack (expected 2)

During handling of the above exception, another exception occurred:

Traceback (most recent call last):
  File "C:\ProgramData\Anaconda3\envs\keras\lib\site-packages\parameterized\parameterized.py", line 530, in standalone_func
    return func(*(a + p.args), **p.kwargs)
  File "C:\Users\mutation\Desktop\theano-testcase\tests\test_sort.py", line 467, in test_combined_infer_shape
    [x], [yv, yi], [xval], TopKOp)
  File "C:\ProgramData\Anaconda3\envs\keras\lib\site-packages\theano\tests\unittest_tools.py", line 271, in _compile_and_check
    numeric_outputs = outputs_function(*numeric_inputs)
  File "C:\ProgramData\Anaconda3\envs\keras\lib\site-packages\theano\compile\function_module.py", line 917, in __call__
    storage_map=getattr(self.fn, 'storage_map', None))
  File "C:\ProgramData\Anaconda3\envs\keras\lib\site-packages\theano\gof\link.py", line 325, in raise_with_op
    reraise(exc_type, exc_value, exc_trace)
  File "C:\ProgramData\Anaconda3\envs\keras\lib\site-packages\six.py", line 702, in reraise
    raise value.with_traceback(tb)
  File "C:\ProgramData\Anaconda3\envs\keras\lib\site-packages\theano\compile\function_module.py", line 903, in __call__
    self.fn() if output_subset is None else\
  File "C:\ProgramData\Anaconda3\envs\keras\lib\site-packages\theano\gof\op.py", line 892, in rval
    r = p(n, [x[0] for x in i], o)
  File "C:\ProgramData\Anaconda3\envs\keras\lib\site-packages\theano\tensor\sort.py", line 422, in perform
    self, x, k, axis, node.outputs[1].dtype)
ValueError: too many values to unpack (expected 2)
Apply node that caused the error: TopKOp{axis=-2, sorted=False}(x, TensorConstant{15})
Toposort index: 0
Inputs types: [TensorType(float64, matrix), TensorType(int8, scalar)]
Inputs shapes: [(15, 17), ()]
Inputs strides: [(136, 8), ()]
Inputs values: ['not shown', array(15, dtype=int8)]
Outputs clients: [['output'], ['output']]

Backtrace when the node is created(use Theano flag traceback.limit=N to make it longer):
  File "C:\ProgramData\Anaconda3\envs\keras\lib\unittest\suite.py", line 84, in __call__
    return self.run(*args, **kwds)
  File "C:\ProgramData\Anaconda3\envs\keras\lib\unittest\suite.py", line 122, in run
    test(result)
  File "C:\ProgramData\Anaconda3\envs\keras\lib\unittest\suite.py", line 84, in __call__
    return self.run(*args, **kwds)
  File "C:\ProgramData\Anaconda3\envs\keras\lib\unittest\suite.py", line 122, in run
    test(result)
  File "C:\ProgramData\Anaconda3\envs\keras\lib\unittest\case.py", line 653, in __call__
    return self.run(*args, **kwds)
  File "C:\ProgramData\Anaconda3\envs\keras\lib\unittest\case.py", line 605, in run
    testMethod()
  File "C:\ProgramData\Anaconda3\envs\keras\lib\site-packages\parameterized\parameterized.py", line 530, in standalone_func
    return func(*(a + p.args), **p.kwargs)
  File "C:\Users\mutation\Desktop\theano-testcase\tests\test_sort.py", line 463, in test_combined_infer_shape
    yv, yi = topk_and_argtopk(x, k, axis=axis, sorted=False, idx_dtype='int32')

HINT: Use the Theano flag 'exception_verbosity=high' for a debugprint and storage map footprint of this apply node.

======================================================================
ERROR: test_combined_infer_shape_11 (test_sort.TopKInferShapeTester)
----------------------------------------------------------------------
Traceback (most recent call last):
  File "C:\ProgramData\Anaconda3\envs\keras\lib\site-packages\theano\compile\function_module.py", line 903, in __call__
    self.fn() if output_subset is None else\
  File "C:\ProgramData\Anaconda3\envs\keras\lib\site-packages\theano\gof\op.py", line 892, in rval
    r = p(n, [x[0] for x in i], o)
  File "C:\ProgramData\Anaconda3\envs\keras\lib\site-packages\theano\tensor\sort.py", line 422, in perform
    self, x, k, axis, node.outputs[1].dtype)
ValueError: too many values to unpack (expected 2)

During handling of the above exception, another exception occurred:

Traceback (most recent call last):
  File "C:\ProgramData\Anaconda3\envs\keras\lib\site-packages\parameterized\parameterized.py", line 530, in standalone_func
    return func(*(a + p.args), **p.kwargs)
  File "C:\Users\mutation\Desktop\theano-testcase\tests\test_sort.py", line 467, in test_combined_infer_shape
    [x], [yv, yi], [xval], TopKOp)
  File "C:\ProgramData\Anaconda3\envs\keras\lib\site-packages\theano\tests\unittest_tools.py", line 271, in _compile_and_check
    numeric_outputs = outputs_function(*numeric_inputs)
  File "C:\ProgramData\Anaconda3\envs\keras\lib\site-packages\theano\compile\function_module.py", line 917, in __call__
    storage_map=getattr(self.fn, 'storage_map', None))
  File "C:\ProgramData\Anaconda3\envs\keras\lib\site-packages\theano\gof\link.py", line 325, in raise_with_op
    reraise(exc_type, exc_value, exc_trace)
  File "C:\ProgramData\Anaconda3\envs\keras\lib\site-packages\six.py", line 702, in reraise
    raise value.with_traceback(tb)
  File "C:\ProgramData\Anaconda3\envs\keras\lib\site-packages\theano\compile\function_module.py", line 903, in __call__
    self.fn() if output_subset is None else\
  File "C:\ProgramData\Anaconda3\envs\keras\lib\site-packages\theano\gof\op.py", line 892, in rval
    r = p(n, [x[0] for x in i], o)
  File "C:\ProgramData\Anaconda3\envs\keras\lib\site-packages\theano\tensor\sort.py", line 422, in perform
    self, x, k, axis, node.outputs[1].dtype)
ValueError: too many values to unpack (expected 2)
Apply node that caused the error: TopKOp{axis=-3, sorted=False}(x, TensorConstant{11})
Toposort index: 0
Inputs types: [TensorType(float64, 3D), TensorType(int8, scalar)]
Inputs shapes: [(11, 7, 5), ()]
Inputs strides: [(280, 40, 8), ()]
Inputs values: ['not shown', array(11, dtype=int8)]
Outputs clients: [['output'], ['output']]

Backtrace when the node is created(use Theano flag traceback.limit=N to make it longer):
  File "C:\ProgramData\Anaconda3\envs\keras\lib\unittest\suite.py", line 84, in __call__
    return self.run(*args, **kwds)
  File "C:\ProgramData\Anaconda3\envs\keras\lib\unittest\suite.py", line 122, in run
    test(result)
  File "C:\ProgramData\Anaconda3\envs\keras\lib\unittest\suite.py", line 84, in __call__
    return self.run(*args, **kwds)
  File "C:\ProgramData\Anaconda3\envs\keras\lib\unittest\suite.py", line 122, in run
    test(result)
  File "C:\ProgramData\Anaconda3\envs\keras\lib\unittest\case.py", line 653, in __call__
    return self.run(*args, **kwds)
  File "C:\ProgramData\Anaconda3\envs\keras\lib\unittest\case.py", line 605, in run
    testMethod()
  File "C:\ProgramData\Anaconda3\envs\keras\lib\site-packages\parameterized\parameterized.py", line 530, in standalone_func
    return func(*(a + p.args), **p.kwargs)
  File "C:\Users\mutation\Desktop\theano-testcase\tests\test_sort.py", line 463, in test_combined_infer_shape
    yv, yi = topk_and_argtopk(x, k, axis=axis, sorted=False, idx_dtype='int32')

HINT: Use the Theano flag 'exception_verbosity=high' for a debugprint and storage map footprint of this apply node.

======================================================================
FAIL: test_argtopk_nd_08 (test_sort.Test_TopK)
----------------------------------------------------------------------
Traceback (most recent call last):
  File "C:\ProgramData\Anaconda3\envs\keras\lib\site-packages\parameterized\parameterized.py", line 530, in standalone_func
    return func(*(a + p.args), **p.kwargs)
  File "C:\Users\mutation\Desktop\theano-testcase\tests\test_sort.py", line 421, in test_argtopk_nd
    assert np.all(np.sort(yval, axis=axis) == np.sort(goal, axis=axis))
AssertionError

======================================================================
FAIL: test_argtopk_nd_09 (test_sort.Test_TopK)
----------------------------------------------------------------------
Traceback (most recent call last):
  File "C:\ProgramData\Anaconda3\envs\keras\lib\site-packages\parameterized\parameterized.py", line 530, in standalone_func
    return func(*(a + p.args), **p.kwargs)
  File "C:\Users\mutation\Desktop\theano-testcase\tests\test_sort.py", line 421, in test_argtopk_nd
    assert np.all(np.sort(yval, axis=axis) == np.sort(goal, axis=axis))
AssertionError

======================================================================
FAIL: test_argtopk_nd_10 (test_sort.Test_TopK)
----------------------------------------------------------------------
Traceback (most recent call last):
  File "C:\ProgramData\Anaconda3\envs\keras\lib\site-packages\parameterized\parameterized.py", line 530, in standalone_func
    return func(*(a + p.args), **p.kwargs)
  File "C:\Users\mutation\Desktop\theano-testcase\tests\test_sort.py", line 421, in test_argtopk_nd
    assert np.all(np.sort(yval, axis=axis) == np.sort(goal, axis=axis))
AssertionError

======================================================================
FAIL: test_argtopk_nd_11 (test_sort.Test_TopK)
----------------------------------------------------------------------
Traceback (most recent call last):
  File "C:\ProgramData\Anaconda3\envs\keras\lib\site-packages\parameterized\parameterized.py", line 530, in standalone_func
    return func(*(a + p.args), **p.kwargs)
  File "C:\Users\mutation\Desktop\theano-testcase\tests\test_sort.py", line 421, in test_argtopk_nd
    assert np.all(np.sort(yval, axis=axis) == np.sort(goal, axis=axis))
AssertionError

======================================================================
FAIL: test_argtopk_nd_24 (test_sort.Test_TopK)
----------------------------------------------------------------------
Traceback (most recent call last):
  File "C:\ProgramData\Anaconda3\envs\keras\lib\site-packages\parameterized\parameterized.py", line 530, in standalone_func
    return func(*(a + p.args), **p.kwargs)
  File "C:\Users\mutation\Desktop\theano-testcase\tests\test_sort.py", line 421, in test_argtopk_nd
    assert np.all(np.sort(yval, axis=axis) == np.sort(goal, axis=axis))
AssertionError

======================================================================
FAIL: test_argtopk_nd_25 (test_sort.Test_TopK)
----------------------------------------------------------------------
Traceback (most recent call last):
  File "C:\ProgramData\Anaconda3\envs\keras\lib\site-packages\parameterized\parameterized.py", line 530, in standalone_func
    return func(*(a + p.args), **p.kwargs)
  File "C:\Users\mutation\Desktop\theano-testcase\tests\test_sort.py", line 421, in test_argtopk_nd
    assert np.all(np.sort(yval, axis=axis) == np.sort(goal, axis=axis))
AssertionError

======================================================================
FAIL: test_argtopk_nd_26 (test_sort.Test_TopK)
----------------------------------------------------------------------
Traceback (most recent call last):
  File "C:\ProgramData\Anaconda3\envs\keras\lib\site-packages\parameterized\parameterized.py", line 530, in standalone_func
    return func(*(a + p.args), **p.kwargs)
  File "C:\Users\mutation\Desktop\theano-testcase\tests\test_sort.py", line 421, in test_argtopk_nd
    assert np.all(np.sort(yval, axis=axis) == np.sort(goal, axis=axis))
AssertionError

======================================================================
FAIL: test_argtopk_nd_27 (test_sort.Test_TopK)
----------------------------------------------------------------------
Traceback (most recent call last):
  File "C:\ProgramData\Anaconda3\envs\keras\lib\site-packages\parameterized\parameterized.py", line 530, in standalone_func
    return func(*(a + p.args), **p.kwargs)
  File "C:\Users\mutation\Desktop\theano-testcase\tests\test_sort.py", line 421, in test_argtopk_nd
    assert np.all(np.sort(yval, axis=axis) == np.sort(goal, axis=axis))
AssertionError

======================================================================
FAIL: test_argtopk_nd_40 (test_sort.Test_TopK)
----------------------------------------------------------------------
Traceback (most recent call last):
  File "C:\ProgramData\Anaconda3\envs\keras\lib\site-packages\parameterized\parameterized.py", line 530, in standalone_func
    return func(*(a + p.args), **p.kwargs)
  File "C:\Users\mutation\Desktop\theano-testcase\tests\test_sort.py", line 421, in test_argtopk_nd
    assert np.all(np.sort(yval, axis=axis) == np.sort(goal, axis=axis))
AssertionError

======================================================================
FAIL: test_argtopk_nd_41 (test_sort.Test_TopK)
----------------------------------------------------------------------
Traceback (most recent call last):
  File "C:\ProgramData\Anaconda3\envs\keras\lib\site-packages\parameterized\parameterized.py", line 530, in standalone_func
    return func(*(a + p.args), **p.kwargs)
  File "C:\Users\mutation\Desktop\theano-testcase\tests\test_sort.py", line 421, in test_argtopk_nd
    assert np.all(np.sort(yval, axis=axis) == np.sort(goal, axis=axis))
AssertionError

======================================================================
FAIL: test_argtopk_nd_42 (test_sort.Test_TopK)
----------------------------------------------------------------------
Traceback (most recent call last):
  File "C:\ProgramData\Anaconda3\envs\keras\lib\site-packages\parameterized\parameterized.py", line 530, in standalone_func
    return func(*(a + p.args), **p.kwargs)
  File "C:\Users\mutation\Desktop\theano-testcase\tests\test_sort.py", line 421, in test_argtopk_nd
    assert np.all(np.sort(yval, axis=axis) == np.sort(goal, axis=axis))
AssertionError

======================================================================
FAIL: test_argtopk_nd_43 (test_sort.Test_TopK)
----------------------------------------------------------------------
Traceback (most recent call last):
  File "C:\ProgramData\Anaconda3\envs\keras\lib\site-packages\parameterized\parameterized.py", line 530, in standalone_func
    return func(*(a + p.args), **p.kwargs)
  File "C:\Users\mutation\Desktop\theano-testcase\tests\test_sort.py", line 421, in test_argtopk_nd
    assert np.all(np.sort(yval, axis=axis) == np.sort(goal, axis=axis))
AssertionError

======================================================================
FAIL: test_combined_infer_shape_03 (test_sort.TopKInferShapeTester)
----------------------------------------------------------------------
Traceback (most recent call last):
  File "C:\ProgramData\Anaconda3\envs\keras\lib\site-packages\parameterized\parameterized.py", line 530, in standalone_func
    return func(*(a + p.args), **p.kwargs)
  File "C:\Users\mutation\Desktop\theano-testcase\tests\test_sort.py", line 467, in test_combined_infer_shape
    [x], [yv, yi], [xval], TopKOp)
  File "C:\ProgramData\Anaconda3\envs\keras\lib\site-packages\theano\tests\unittest_tools.py", line 274, in _compile_and_check
    assert np.all(out.shape == shape), (out.shape, shape)
AssertionError: ((3,), array([2, 3], dtype=int64))

======================================================================
FAIL: test_combined_infer_shape_15 (test_sort.TopKInferShapeTester)
----------------------------------------------------------------------
Traceback (most recent call last):
  File "C:\ProgramData\Anaconda3\envs\keras\lib\site-packages\parameterized\parameterized.py", line 530, in standalone_func
    return func(*(a + p.args), **p.kwargs)
  File "C:\Users\mutation\Desktop\theano-testcase\tests\test_sort.py", line 467, in test_combined_infer_shape
    [x], [yv, yi], [xval], TopKOp)
  File "C:\ProgramData\Anaconda3\envs\keras\lib\site-packages\theano\tests\unittest_tools.py", line 274, in _compile_and_check
    assert np.all(out.shape == shape), (out.shape, shape)
AssertionError: ((3, 5, 7, 11), array([ 2,  3,  5,  7, 11], dtype=int64))

======================================================================
FAIL: test_combined_infer_shape_19 (test_sort.TopKInferShapeTester)
----------------------------------------------------------------------
Traceback (most recent call last):
  File "C:\ProgramData\Anaconda3\envs\keras\lib\site-packages\parameterized\parameterized.py", line 530, in standalone_func
    return func(*(a + p.args), **p.kwargs)
  File "C:\Users\mutation\Desktop\theano-testcase\tests\test_sort.py", line 467, in test_combined_infer_shape
    [x], [yv, yi], [xval], TopKOp)
  File "C:\ProgramData\Anaconda3\envs\keras\lib\site-packages\theano\tests\unittest_tools.py", line 274, in _compile_and_check
    assert np.all(out.shape == shape), (out.shape, shape)
AssertionError: ((4, 3, 1), array([2, 4, 3, 1], dtype=int64))

----------------------------------------------------------------------
Ran 918 tests in 47.628s

FAILED (failures=15, errors=30)
