2020-10-06 14:00:51.037968: I tensorflow/stream_executor/platform/default/dso_loader.cc:44] Successfully opened dynamic library cudart64_100.dll
Running tests under Python 3.6.12: C:\ProgramData\Anaconda3\envs\keras\python.exe
[ RUN      ] CustomGradientTest.testCustomGradient
2020-10-06 14:00:54.766345: I tensorflow/stream_executor/platform/default/dso_loader.cc:44] Successfully opened dynamic library nvcuda.dll
2020-10-06 14:00:54.893618: I tensorflow/core/common_runtime/gpu/gpu_device.cc:1618] Found device 0 with properties: 
name: GeForce RTX 2080 Ti major: 7 minor: 5 memoryClockRate(GHz): 1.65
pciBusID: 0000:73:00.0
2020-10-06 14:00:54.895757: I tensorflow/stream_executor/platform/default/dso_loader.cc:44] Successfully opened dynamic library cudart64_100.dll
2020-10-06 14:00:54.900514: I tensorflow/stream_executor/platform/default/dso_loader.cc:44] Successfully opened dynamic library cublas64_100.dll
2020-10-06 14:00:54.903942: I tensorflow/stream_executor/platform/default/dso_loader.cc:44] Successfully opened dynamic library cufft64_100.dll
2020-10-06 14:00:54.905628: I tensorflow/stream_executor/platform/default/dso_loader.cc:44] Successfully opened dynamic library curand64_100.dll
2020-10-06 14:00:54.910460: I tensorflow/stream_executor/platform/default/dso_loader.cc:44] Successfully opened dynamic library cusolver64_100.dll
2020-10-06 14:00:54.913666: I tensorflow/stream_executor/platform/default/dso_loader.cc:44] Successfully opened dynamic library cusparse64_100.dll
2020-10-06 14:00:54.922783: I tensorflow/stream_executor/platform/default/dso_loader.cc:44] Successfully opened dynamic library cudnn64_7.dll
2020-10-06 14:00:54.923716: I tensorflow/core/common_runtime/gpu/gpu_device.cc:1746] Adding visible gpu devices: 0
2020-10-06 14:00:54.924292: I tensorflow/core/platform/cpu_feature_guard.cc:142] Your CPU supports instructions that this TensorFlow binary was not compiled to use: AVX2
2020-10-06 14:00:54.937600: I tensorflow/core/common_runtime/gpu/gpu_device.cc:1618] Found device 0 with properties: 
name: GeForce RTX 2080 Ti major: 7 minor: 5 memoryClockRate(GHz): 1.65
pciBusID: 0000:73:00.0
2020-10-06 14:00:54.938146: I tensorflow/stream_executor/platform/default/dso_loader.cc:44] Successfully opened dynamic library cudart64_100.dll
2020-10-06 14:00:54.938502: I tensorflow/stream_executor/platform/default/dso_loader.cc:44] Successfully opened dynamic library cublas64_100.dll
2020-10-06 14:00:54.938845: I tensorflow/stream_executor/platform/default/dso_loader.cc:44] Successfully opened dynamic library cufft64_100.dll
2020-10-06 14:00:54.939183: I tensorflow/stream_executor/platform/default/dso_loader.cc:44] Successfully opened dynamic library curand64_100.dll
2020-10-06 14:00:54.939531: I tensorflow/stream_executor/platform/default/dso_loader.cc:44] Successfully opened dynamic library cusolver64_100.dll
2020-10-06 14:00:54.939876: I tensorflow/stream_executor/platform/default/dso_loader.cc:44] Successfully opened dynamic library cusparse64_100.dll
2020-10-06 14:00:54.940220: I tensorflow/stream_executor/platform/default/dso_loader.cc:44] Successfully opened dynamic library cudnn64_7.dll
2020-10-06 14:00:54.941052: I tensorflow/core/common_runtime/gpu/gpu_device.cc:1746] Adding visible gpu devices: 0
2020-10-06 14:00:55.891058: I tensorflow/core/common_runtime/gpu/gpu_device.cc:1159] Device interconnect StreamExecutor with strength 1 edge matrix:
2020-10-06 14:00:55.891473: I tensorflow/core/common_runtime/gpu/gpu_device.cc:1165]      0 
2020-10-06 14:00:55.891713: I tensorflow/core/common_runtime/gpu/gpu_device.cc:1178] 0:   N 
2020-10-06 14:00:55.892471: I tensorflow/core/common_runtime/gpu/gpu_device.cc:1304] Created TensorFlow device (/job:localhost/replica:0/task:0/device:GPU:0 with 8686 MB memory) -> physical GPU (device: 0, name: GeForce RTX 2080 Ti, pci bus id: 0000:73:00.0, compute capability: 7.5)
[       OK ] CustomGradientTest.testCustomGradient
[ RUN      ] CustomGradientTest.testCustomGradientErrors
[       OK ] CustomGradientTest.testCustomGradientErrors
[ RUN      ] CustomGradientTest.testCustomGradientErrorsWithNonResourceVariables
WARNING:tensorflow:From gradients_test.py:2337: dense (from tensorflow.python.layers.core) is deprecated and will be removed in a future version.
Instructions for updating:
Use keras.layers.Dense instead.
W1006 14:00:56.342436 19204 deprecation.py:323] From gradients_test.py:2337: dense (from tensorflow.python.layers.core) is deprecated and will be removed in a future version.
Instructions for updating:
Use keras.layers.Dense instead.
WARNING:tensorflow:From C:\ProgramData\Anaconda3\envs\keras\lib\site-packages\tensorflow_core\python\layers\core.py:187: Layer.apply (from tensorflow.python.keras.engine.base_layer) is deprecated and will be removed in a future version.
Instructions for updating:
Please use `layer.__call__` method instead.
W1006 14:00:56.342436 19204 deprecation.py:323] From C:\ProgramData\Anaconda3\envs\keras\lib\site-packages\tensorflow_core\python\layers\core.py:187: Layer.apply (from tensorflow.python.keras.engine.base_layer) is deprecated and will be removed in a future version.
Instructions for updating:
Please use `layer.__call__` method instead.
INFO:tensorflow:Searching within error strings: 'must be `ResourceVariable`s' within 'All variables used by a function wrapped with @custom_gradient must be `ResourceVariable`s. Ensure that no `variable_scope` is created with `use_resource=False`.'
I1006 14:00:56.358058 19204 test_util.py:2746] Searching within error strings: 'must be `ResourceVariable`s' within 'All variables used by a function wrapped with @custom_gradient must be `ResourceVariable`s. Ensure that no `variable_scope` is created with `use_resource=False`.'
WARNING:tensorflow:From C:\ProgramData\Anaconda3\envs\keras\lib\site-packages\tensorflow_core\python\ops\resource_variable_ops.py:1630: calling BaseResourceVariable.__init__ (from tensorflow.python.ops.resource_variable_ops) with constraint is deprecated and will be removed in a future version.
Instructions for updating:
If using Keras pass *_constraint arguments to layers.
W1006 14:00:56.420547 19204 deprecation.py:506] From C:\ProgramData\Anaconda3\envs\keras\lib\site-packages\tensorflow_core\python\ops\resource_variable_ops.py:1630: calling BaseResourceVariable.__init__ (from tensorflow.python.ops.resource_variable_ops) with constraint is deprecated and will be removed in a future version.
Instructions for updating:
If using Keras pass *_constraint arguments to layers.
[       OK ] CustomGradientTest.testCustomGradientErrorsWithNonResourceVariables
[ RUN      ] CustomGradientTest.testCustomGradientTrivial
2020-10-06 14:00:56.435844: I tensorflow/core/common_runtime/gpu/gpu_device.cc:1618] Found device 0 with properties: 
name: GeForce RTX 2080 Ti major: 7 minor: 5 memoryClockRate(GHz): 1.65
pciBusID: 0000:73:00.0
2020-10-06 14:00:56.436415: I tensorflow/stream_executor/platform/default/dso_loader.cc:44] Successfully opened dynamic library cudart64_100.dll
2020-10-06 14:00:56.436847: I tensorflow/stream_executor/platform/default/dso_loader.cc:44] Successfully opened dynamic library cublas64_100.dll
2020-10-06 14:00:56.437279: I tensorflow/stream_executor/platform/default/dso_loader.cc:44] Successfully opened dynamic library cufft64_100.dll
2020-10-06 14:00:56.437693: I tensorflow/stream_executor/platform/default/dso_loader.cc:44] Successfully opened dynamic library curand64_100.dll
2020-10-06 14:00:56.438037: I tensorflow/stream_executor/platform/default/dso_loader.cc:44] Successfully opened dynamic library cusolver64_100.dll
2020-10-06 14:00:56.438385: I tensorflow/stream_executor/platform/default/dso_loader.cc:44] Successfully opened dynamic library cusparse64_100.dll
2020-10-06 14:00:56.438740: I tensorflow/stream_executor/platform/default/dso_loader.cc:44] Successfully opened dynamic library cudnn64_7.dll
2020-10-06 14:00:56.439300: I tensorflow/core/common_runtime/gpu/gpu_device.cc:1746] Adding visible gpu devices: 0
2020-10-06 14:00:56.439609: I tensorflow/core/common_runtime/gpu/gpu_device.cc:1159] Device interconnect StreamExecutor with strength 1 edge matrix:
2020-10-06 14:00:56.439955: I tensorflow/core/common_runtime/gpu/gpu_device.cc:1165]      0 
2020-10-06 14:00:56.440223: I tensorflow/core/common_runtime/gpu/gpu_device.cc:1178] 0:   N 
2020-10-06 14:00:56.440720: I tensorflow/core/common_runtime/gpu/gpu_device.cc:1304] Created TensorFlow device (/job:localhost/replica:0/task:0/device:GPU:0 with 8686 MB memory) -> physical GPU (device: 0, name: GeForce RTX 2080 Ti, pci bus id: 0000:73:00.0, compute capability: 7.5)
[       OK ] CustomGradientTest.testCustomGradientTrivial
[ RUN      ] CustomGradientTest.testCustomGradientWithVariables
2020-10-06 14:00:56.488230: I tensorflow/core/common_runtime/gpu/gpu_device.cc:1618] Found device 0 with properties: 
name: GeForce RTX 2080 Ti major: 7 minor: 5 memoryClockRate(GHz): 1.65
pciBusID: 0000:73:00.0
2020-10-06 14:00:56.488778: I tensorflow/stream_executor/platform/default/dso_loader.cc:44] Successfully opened dynamic library cudart64_100.dll
2020-10-06 14:00:56.489148: I tensorflow/stream_executor/platform/default/dso_loader.cc:44] Successfully opened dynamic library cublas64_100.dll
2020-10-06 14:00:56.489513: I tensorflow/stream_executor/platform/default/dso_loader.cc:44] Successfully opened dynamic library cufft64_100.dll
2020-10-06 14:00:56.489874: I tensorflow/stream_executor/platform/default/dso_loader.cc:44] Successfully opened dynamic library curand64_100.dll
2020-10-06 14:00:56.490224: I tensorflow/stream_executor/platform/default/dso_loader.cc:44] Successfully opened dynamic library cusolver64_100.dll
2020-10-06 14:00:56.490567: I tensorflow/stream_executor/platform/default/dso_loader.cc:44] Successfully opened dynamic library cusparse64_100.dll
2020-10-06 14:00:56.490910: I tensorflow/stream_executor/platform/default/dso_loader.cc:44] Successfully opened dynamic library cudnn64_7.dll
2020-10-06 14:00:56.491467: I tensorflow/core/common_runtime/gpu/gpu_device.cc:1746] Adding visible gpu devices: 0
2020-10-06 14:00:56.491803: I tensorflow/core/common_runtime/gpu/gpu_device.cc:1159] Device interconnect StreamExecutor with strength 1 edge matrix:
2020-10-06 14:00:56.492178: I tensorflow/core/common_runtime/gpu/gpu_device.cc:1165]      0 
2020-10-06 14:00:56.492411: I tensorflow/core/common_runtime/gpu/gpu_device.cc:1178] 0:   N 
2020-10-06 14:00:56.492926: I tensorflow/core/common_runtime/gpu/gpu_device.cc:1304] Created TensorFlow device (/job:localhost/replica:0/task:0/device:GPU:0 with 8686 MB memory) -> physical GPU (device: 0, name: GeForce RTX 2080 Ti, pci bus id: 0000:73:00.0, compute capability: 7.5)
[       OK ] CustomGradientTest.testCustomGradientWithVariables
[ RUN      ] CustomGradientTest.testCustomGradientWithVariablesEager
2020-10-06 14:00:56.511701: I tensorflow/core/common_runtime/gpu/gpu_device.cc:1618] Found device 0 with properties: 
name: GeForce RTX 2080 Ti major: 7 minor: 5 memoryClockRate(GHz): 1.65
pciBusID: 0000:73:00.0
2020-10-06 14:00:56.513082: I tensorflow/stream_executor/platform/default/dso_loader.cc:44] Successfully opened dynamic library cudart64_100.dll
2020-10-06 14:00:56.514010: I tensorflow/stream_executor/platform/default/dso_loader.cc:44] Successfully opened dynamic library cublas64_100.dll
2020-10-06 14:00:56.514945: I tensorflow/stream_executor/platform/default/dso_loader.cc:44] Successfully opened dynamic library cufft64_100.dll
2020-10-06 14:00:56.515857: I tensorflow/stream_executor/platform/default/dso_loader.cc:44] Successfully opened dynamic library curand64_100.dll
2020-10-06 14:00:56.516775: I tensorflow/stream_executor/platform/default/dso_loader.cc:44] Successfully opened dynamic library cusolver64_100.dll
2020-10-06 14:00:56.517703: I tensorflow/stream_executor/platform/default/dso_loader.cc:44] Successfully opened dynamic library cusparse64_100.dll
2020-10-06 14:00:56.518564: I tensorflow/stream_executor/platform/default/dso_loader.cc:44] Successfully opened dynamic library cudnn64_7.dll
2020-10-06 14:00:56.519682: I tensorflow/core/common_runtime/gpu/gpu_device.cc:1746] Adding visible gpu devices: 0
2020-10-06 14:00:56.520313: I tensorflow/core/common_runtime/gpu/gpu_device.cc:1159] Device interconnect StreamExecutor with strength 1 edge matrix:
2020-10-06 14:00:56.521065: I tensorflow/core/common_runtime/gpu/gpu_device.cc:1165]      0 
2020-10-06 14:00:56.521532: I tensorflow/core/common_runtime/gpu/gpu_device.cc:1178] 0:   N 
2020-10-06 14:00:56.522477: I tensorflow/core/common_runtime/gpu/gpu_device.cc:1304] Created TensorFlow device (/job:localhost/replica:0/task:0/device:GPU:0 with 8686 MB memory) -> physical GPU (device: 0, name: GeForce RTX 2080 Ti, pci bus id: 0000:73:00.0, compute capability: 7.5)
2020-10-06 14:00:56.550974: I tensorflow/stream_executor/platform/default/dso_loader.cc:44] Successfully opened dynamic library cublas64_100.dll
[       OK ] CustomGradientTest.testCustomGradientWithVariablesEager
[ RUN      ] CustomGradientTest.testCustomGradientWithVariablesNoFalsePositives
2020-10-06 14:00:57.072612: I tensorflow/core/common_runtime/gpu/gpu_device.cc:1618] Found device 0 with properties: 
name: GeForce RTX 2080 Ti major: 7 minor: 5 memoryClockRate(GHz): 1.65
pciBusID: 0000:73:00.0
2020-10-06 14:00:57.073193: I tensorflow/stream_executor/platform/default/dso_loader.cc:44] Successfully opened dynamic library cudart64_100.dll
2020-10-06 14:00:57.073565: I tensorflow/stream_executor/platform/default/dso_loader.cc:44] Successfully opened dynamic library cublas64_100.dll
2020-10-06 14:00:57.073935: I tensorflow/stream_executor/platform/default/dso_loader.cc:44] Successfully opened dynamic library cufft64_100.dll
2020-10-06 14:00:57.074302: I tensorflow/stream_executor/platform/default/dso_loader.cc:44] Successfully opened dynamic library curand64_100.dll
2020-10-06 14:00:57.074647: I tensorflow/stream_executor/platform/default/dso_loader.cc:44] Successfully opened dynamic library cusolver64_100.dll
2020-10-06 14:00:57.074990: I tensorflow/stream_executor/platform/default/dso_loader.cc:44] Successfully opened dynamic library cusparse64_100.dll
2020-10-06 14:00:57.075359: I tensorflow/stream_executor/platform/default/dso_loader.cc:44] Successfully opened dynamic library cudnn64_7.dll
2020-10-06 14:00:57.075952: I tensorflow/core/common_runtime/gpu/gpu_device.cc:1746] Adding visible gpu devices: 0
2020-10-06 14:00:57.076279: I tensorflow/core/common_runtime/gpu/gpu_device.cc:1159] Device interconnect StreamExecutor with strength 1 edge matrix:
2020-10-06 14:00:57.076650: I tensorflow/core/common_runtime/gpu/gpu_device.cc:1165]      0 
2020-10-06 14:00:57.076912: I tensorflow/core/common_runtime/gpu/gpu_device.cc:1178] 0:   N 
2020-10-06 14:00:57.077507: I tensorflow/core/common_runtime/gpu/gpu_device.cc:1304] Created TensorFlow device (/job:localhost/replica:0/task:0/device:GPU:0 with 8686 MB memory) -> physical GPU (device: 0, name: GeForce RTX 2080 Ti, pci bus id: 0000:73:00.0, compute capability: 7.5)
[       OK ] CustomGradientTest.testCustomGradientWithVariablesNoFalsePositives
[ RUN      ] CustomGradientTest.testRVGradientsDynamicCond
2020-10-06 14:00:57.110773: I tensorflow/core/common_runtime/gpu/gpu_device.cc:1618] Found device 0 with properties: 
name: GeForce RTX 2080 Ti major: 7 minor: 5 memoryClockRate(GHz): 1.65
pciBusID: 0000:73:00.0
2020-10-06 14:00:57.112667: I tensorflow/stream_executor/platform/default/dso_loader.cc:44] Successfully opened dynamic library cudart64_100.dll
2020-10-06 14:00:57.113942: I tensorflow/stream_executor/platform/default/dso_loader.cc:44] Successfully opened dynamic library cublas64_100.dll
2020-10-06 14:00:57.115209: I tensorflow/stream_executor/platform/default/dso_loader.cc:44] Successfully opened dynamic library cufft64_100.dll
2020-10-06 14:00:57.116461: I tensorflow/stream_executor/platform/default/dso_loader.cc:44] Successfully opened dynamic library curand64_100.dll
2020-10-06 14:00:57.117723: I tensorflow/stream_executor/platform/default/dso_loader.cc:44] Successfully opened dynamic library cusolver64_100.dll
2020-10-06 14:00:57.119002: I tensorflow/stream_executor/platform/default/dso_loader.cc:44] Successfully opened dynamic library cusparse64_100.dll
2020-10-06 14:00:57.120279: I tensorflow/stream_executor/platform/default/dso_loader.cc:44] Successfully opened dynamic library cudnn64_7.dll
2020-10-06 14:00:57.122349: I tensorflow/core/common_runtime/gpu/gpu_device.cc:1746] Adding visible gpu devices: 0
2020-10-06 14:00:57.123454: I tensorflow/core/common_runtime/gpu/gpu_device.cc:1159] Device interconnect StreamExecutor with strength 1 edge matrix:
2020-10-06 14:00:57.124771: I tensorflow/core/common_runtime/gpu/gpu_device.cc:1165]      0 
2020-10-06 14:00:57.125586: I tensorflow/core/common_runtime/gpu/gpu_device.cc:1178] 0:   N 
2020-10-06 14:00:57.127187: I tensorflow/core/common_runtime/gpu/gpu_device.cc:1304] Created TensorFlow device (/job:localhost/replica:0/task:0/device:GPU:0 with 8686 MB memory) -> physical GPU (device: 0, name: GeForce RTX 2080 Ti, pci bus id: 0000:73:00.0, compute capability: 7.5)
[       OK ] CustomGradientTest.testRVGradientsDynamicCond
[ RUN      ] CustomGradientTest.testRecursiveCustomGradient
2020-10-06 14:00:57.246959: I tensorflow/core/common_runtime/gpu/gpu_device.cc:1618] Found device 0 with properties: 
name: GeForce RTX 2080 Ti major: 7 minor: 5 memoryClockRate(GHz): 1.65
pciBusID: 0000:73:00.0
2020-10-06 14:00:57.247498: I tensorflow/stream_executor/platform/default/dso_loader.cc:44] Successfully opened dynamic library cudart64_100.dll
2020-10-06 14:00:57.247846: I tensorflow/stream_executor/platform/default/dso_loader.cc:44] Successfully opened dynamic library cublas64_100.dll
2020-10-06 14:00:57.248193: I tensorflow/stream_executor/platform/default/dso_loader.cc:44] Successfully opened dynamic library cufft64_100.dll
2020-10-06 14:00:57.248605: I tensorflow/stream_executor/platform/default/dso_loader.cc:44] Successfully opened dynamic library curand64_100.dll
2020-10-06 14:00:57.249036: I tensorflow/stream_executor/platform/default/dso_loader.cc:44] Successfully opened dynamic library cusolver64_100.dll
2020-10-06 14:00:57.249467: I tensorflow/stream_executor/platform/default/dso_loader.cc:44] Successfully opened dynamic library cusparse64_100.dll
2020-10-06 14:00:57.249898: I tensorflow/stream_executor/platform/default/dso_loader.cc:44] Successfully opened dynamic library cudnn64_7.dll
2020-10-06 14:00:57.250460: I tensorflow/core/common_runtime/gpu/gpu_device.cc:1746] Adding visible gpu devices: 0
2020-10-06 14:00:57.250769: I tensorflow/core/common_runtime/gpu/gpu_device.cc:1159] Device interconnect StreamExecutor with strength 1 edge matrix:
2020-10-06 14:00:57.251115: I tensorflow/core/common_runtime/gpu/gpu_device.cc:1165]      0 
2020-10-06 14:00:57.251330: I tensorflow/core/common_runtime/gpu/gpu_device.cc:1178] 0:   N 
2020-10-06 14:00:57.251828: I tensorflow/core/common_runtime/gpu/gpu_device.cc:1304] Created TensorFlow device (/job:localhost/replica:0/task:0/device:GPU:0 with 8686 MB memory) -> physical GPU (device: 0, name: GeForce RTX 2080 Ti, pci bus id: 0000:73:00.0, compute capability: 7.5)
[       OK ] CustomGradientTest.testRecursiveCustomGradient
[ RUN      ] CustomGradientTest.testWithNumpyInputs
[       OK ] CustomGradientTest.testWithNumpyInputs
[ RUN      ] CustomGradientTest.test_session
[  SKIPPED ] CustomGradientTest.test_session
[ RUN      ] FunctionGradientsTest.testCapturedEagerTensors
WARNING:tensorflow:Entity <function FunctionGradientsTest.testCapturedEagerTensors.<locals>.Foo at 0x000001EF25E222F0> could not be transformed and will be executed as-is. Please report this to the AutoGraph team. When filing the bug, set the verbosity to 10 (on Linux, `export AUTOGRAPH_VERBOSITY=10`) and attach the full output. Cause: 'NoneType' object has no attribute '_fields'
W1006 14:00:58.388646 19204 ag_logging.py:146] Entity <function FunctionGradientsTest.testCapturedEagerTensors.<locals>.Foo at 0x000001EF25E222F0> could not be transformed and will be executed as-is. Please report this to the AutoGraph team. When filing the bug, set the verbosity to 10 (on Linux, `export AUTOGRAPH_VERBOSITY=10`) and attach the full output. Cause: 'NoneType' object has no attribute '_fields'
[       OK ] FunctionGradientsTest.testCapturedEagerTensors
[ RUN      ] FunctionGradientsTest.testCapturedFromFunction
WARNING:tensorflow:Entity <function FunctionGradientsTest.testCapturedFromFunction.<locals>.Outer at 0x000001EF25E26A60> could not be transformed and will be executed as-is. Please report this to the AutoGraph team. When filing the bug, set the verbosity to 10 (on Linux, `export AUTOGRAPH_VERBOSITY=10`) and attach the full output. Cause: 'NoneType' object has no attribute '_fields'
W1006 14:00:58.497963 19204 ag_logging.py:146] Entity <function FunctionGradientsTest.testCapturedFromFunction.<locals>.Outer at 0x000001EF25E26A60> could not be transformed and will be executed as-is. Please report this to the AutoGraph team. When filing the bug, set the verbosity to 10 (on Linux, `export AUTOGRAPH_VERBOSITY=10`) and attach the full output. Cause: 'NoneType' object has no attribute '_fields'
WARNING:tensorflow:Entity <function FunctionGradientsTest.testCapturedFromFunction.<locals>.Outer.<locals>.Inner at 0x000001EF26188400> could not be transformed and will be executed as-is. Please report this to the AutoGraph team. When filing the bug, set the verbosity to 10 (on Linux, `export AUTOGRAPH_VERBOSITY=10`) and attach the full output. Cause: 'NoneType' object has no attribute '_fields'
W1006 14:00:58.544863 19204 ag_logging.py:146] Entity <function FunctionGradientsTest.testCapturedFromFunction.<locals>.Outer.<locals>.Inner at 0x000001EF26188400> could not be transformed and will be executed as-is. Please report this to the AutoGraph team. When filing the bug, set the verbosity to 10 (on Linux, `export AUTOGRAPH_VERBOSITY=10`) and attach the full output. Cause: 'NoneType' object has no attribute '_fields'
2020-10-06 14:00:58.564573: I tensorflow/core/common_runtime/gpu/gpu_device.cc:1618] Found device 0 with properties: 
name: GeForce RTX 2080 Ti major: 7 minor: 5 memoryClockRate(GHz): 1.65
pciBusID: 0000:73:00.0
2020-10-06 14:00:58.565102: I tensorflow/stream_executor/platform/default/dso_loader.cc:44] Successfully opened dynamic library cudart64_100.dll
2020-10-06 14:00:58.565447: I tensorflow/stream_executor/platform/default/dso_loader.cc:44] Successfully opened dynamic library cublas64_100.dll
2020-10-06 14:00:58.565790: I tensorflow/stream_executor/platform/default/dso_loader.cc:44] Successfully opened dynamic library cufft64_100.dll
2020-10-06 14:00:58.566131: I tensorflow/stream_executor/platform/default/dso_loader.cc:44] Successfully opened dynamic library curand64_100.dll
2020-10-06 14:00:58.566468: I tensorflow/stream_executor/platform/default/dso_loader.cc:44] Successfully opened dynamic library cusolver64_100.dll
2020-10-06 14:00:58.566811: I tensorflow/stream_executor/platform/default/dso_loader.cc:44] Successfully opened dynamic library cusparse64_100.dll
2020-10-06 14:00:58.567162: I tensorflow/stream_executor/platform/default/dso_loader.cc:44] Successfully opened dynamic library cudnn64_7.dll
2020-10-06 14:00:58.567723: I tensorflow/core/common_runtime/gpu/gpu_device.cc:1746] Adding visible gpu devices: 0
2020-10-06 14:00:58.568037: I tensorflow/core/common_runtime/gpu/gpu_device.cc:1159] Device interconnect StreamExecutor with strength 1 edge matrix:
2020-10-06 14:00:58.568385: I tensorflow/core/common_runtime/gpu/gpu_device.cc:1165]      0 
2020-10-06 14:00:58.568601: I tensorflow/core/common_runtime/gpu/gpu_device.cc:1178] 0:   N 
2020-10-06 14:00:58.569087: I tensorflow/core/common_runtime/gpu/gpu_device.cc:1304] Created TensorFlow device (/job:localhost/replica:0/task:0/device:GPU:0 with 8686 MB memory) -> physical GPU (device: 0, name: GeForce RTX 2080 Ti, pci bus id: 0000:73:00.0, compute capability: 7.5)
[       OK ] FunctionGradientsTest.testCapturedFromFunction
[ RUN      ] FunctionGradientsTest.testCapturedNested
WARNING:tensorflow:Entity <function FunctionGradientsTest.testCapturedNested.<locals>.Outer at 0x000001EF25E26BF8> could not be transformed and will be executed as-is. Please report this to the AutoGraph team. When filing the bug, set the verbosity to 10 (on Linux, `export AUTOGRAPH_VERBOSITY=10`) and attach the full output. Cause: 'NoneType' object has no attribute '_fields'
W1006 14:00:58.701086 19204 ag_logging.py:146] Entity <function FunctionGradientsTest.testCapturedNested.<locals>.Outer at 0x000001EF25E26BF8> could not be transformed and will be executed as-is. Please report this to the AutoGraph team. When filing the bug, set the verbosity to 10 (on Linux, `export AUTOGRAPH_VERBOSITY=10`) and attach the full output. Cause: 'NoneType' object has no attribute '_fields'
WARNING:tensorflow:Entity <function FunctionGradientsTest.testCapturedNested.<locals>.Outer.<locals>.Inner at 0x000001F1AFB48400> could not be transformed and will be executed as-is. Please report this to the AutoGraph team. When filing the bug, set the verbosity to 10 (on Linux, `export AUTOGRAPH_VERBOSITY=10`) and attach the full output. Cause: 'NoneType' object has no attribute '_fields'
W1006 14:00:58.779192 19204 ag_logging.py:146] Entity <function FunctionGradientsTest.testCapturedNested.<locals>.Outer.<locals>.Inner at 0x000001F1AFB48400> could not be transformed and will be executed as-is. Please report this to the AutoGraph team. When filing the bug, set the verbosity to 10 (on Linux, `export AUTOGRAPH_VERBOSITY=10`) and attach the full output. Cause: 'NoneType' object has no attribute '_fields'
2020-10-06 14:00:58.796350: I tensorflow/core/common_runtime/gpu/gpu_device.cc:1618] Found device 0 with properties: 
name: GeForce RTX 2080 Ti major: 7 minor: 5 memoryClockRate(GHz): 1.65
pciBusID: 0000:73:00.0
2020-10-06 14:00:58.796880: I tensorflow/stream_executor/platform/default/dso_loader.cc:44] Successfully opened dynamic library cudart64_100.dll
2020-10-06 14:00:58.797228: I tensorflow/stream_executor/platform/default/dso_loader.cc:44] Successfully opened dynamic library cublas64_100.dll
2020-10-06 14:00:58.797570: I tensorflow/stream_executor/platform/default/dso_loader.cc:44] Successfully opened dynamic library cufft64_100.dll
2020-10-06 14:00:58.797911: I tensorflow/stream_executor/platform/default/dso_loader.cc:44] Successfully opened dynamic library curand64_100.dll
2020-10-06 14:00:58.798254: I tensorflow/stream_executor/platform/default/dso_loader.cc:44] Successfully opened dynamic library cusolver64_100.dll
2020-10-06 14:00:58.798596: I tensorflow/stream_executor/platform/default/dso_loader.cc:44] Successfully opened dynamic library cusparse64_100.dll
2020-10-06 14:00:58.798973: I tensorflow/stream_executor/platform/default/dso_loader.cc:44] Successfully opened dynamic library cudnn64_7.dll
2020-10-06 14:00:58.799568: I tensorflow/core/common_runtime/gpu/gpu_device.cc:1746] Adding visible gpu devices: 0
2020-10-06 14:00:58.799899: I tensorflow/core/common_runtime/gpu/gpu_device.cc:1159] Device interconnect StreamExecutor with strength 1 edge matrix:
2020-10-06 14:00:58.800271: I tensorflow/core/common_runtime/gpu/gpu_device.cc:1165]      0 
2020-10-06 14:00:58.800487: I tensorflow/core/common_runtime/gpu/gpu_device.cc:1178] 0:   N 
2020-10-06 14:00:58.800977: I tensorflow/core/common_runtime/gpu/gpu_device.cc:1304] Created TensorFlow device (/job:localhost/replica:0/task:0/device:GPU:0 with 8686 MB memory) -> physical GPU (device: 0, name: GeForce RTX 2080 Ti, pci bus id: 0000:73:00.0, compute capability: 7.5)
[       OK ] FunctionGradientsTest.testCapturedNested
[ RUN      ] FunctionGradientsTest.testCapturedResourceVariable
WARNING:tensorflow:Entity <function FunctionGradientsTest.testCapturedResourceVariable.<locals>.Foo at 0x000001EF26014378> could not be transformed and will be executed as-is. Please report this to the AutoGraph team. When filing the bug, set the verbosity to 10 (on Linux, `export AUTOGRAPH_VERBOSITY=10`) and attach the full output. Cause: 'NoneType' object has no attribute '_fields'
W1006 14:00:58.904167 19204 ag_logging.py:146] Entity <function FunctionGradientsTest.testCapturedResourceVariable.<locals>.Foo at 0x000001EF26014378> could not be transformed and will be executed as-is. Please report this to the AutoGraph team. When filing the bug, set the verbosity to 10 (on Linux, `export AUTOGRAPH_VERBOSITY=10`) and attach the full output. Cause: 'NoneType' object has no attribute '_fields'
2020-10-06 14:00:58.914042: I tensorflow/core/common_runtime/gpu/gpu_device.cc:1618] Found device 0 with properties: 
name: GeForce RTX 2080 Ti major: 7 minor: 5 memoryClockRate(GHz): 1.65
pciBusID: 0000:73:00.0
2020-10-06 14:00:58.914572: I tensorflow/stream_executor/platform/default/dso_loader.cc:44] Successfully opened dynamic library cudart64_100.dll
2020-10-06 14:00:58.914923: I tensorflow/stream_executor/platform/default/dso_loader.cc:44] Successfully opened dynamic library cublas64_100.dll
2020-10-06 14:00:58.915264: I tensorflow/stream_executor/platform/default/dso_loader.cc:44] Successfully opened dynamic library cufft64_100.dll
2020-10-06 14:00:58.915600: I tensorflow/stream_executor/platform/default/dso_loader.cc:44] Successfully opened dynamic library curand64_100.dll
2020-10-06 14:00:58.915939: I tensorflow/stream_executor/platform/default/dso_loader.cc:44] Successfully opened dynamic library cusolver64_100.dll
2020-10-06 14:00:58.916282: I tensorflow/stream_executor/platform/default/dso_loader.cc:44] Successfully opened dynamic library cusparse64_100.dll
2020-10-06 14:00:58.916623: I tensorflow/stream_executor/platform/default/dso_loader.cc:44] Successfully opened dynamic library cudnn64_7.dll
2020-10-06 14:00:58.917183: I tensorflow/core/common_runtime/gpu/gpu_device.cc:1746] Adding visible gpu devices: 0
2020-10-06 14:00:58.917492: I tensorflow/core/common_runtime/gpu/gpu_device.cc:1159] Device interconnect StreamExecutor with strength 1 edge matrix:
2020-10-06 14:00:58.917841: I tensorflow/core/common_runtime/gpu/gpu_device.cc:1165]      0 
2020-10-06 14:00:58.918064: I tensorflow/core/common_runtime/gpu/gpu_device.cc:1178] 0:   N 
2020-10-06 14:00:58.918554: I tensorflow/core/common_runtime/gpu/gpu_device.cc:1304] Created TensorFlow device (/job:localhost/replica:0/task:0/device:GPU:0 with 8686 MB memory) -> physical GPU (device: 0, name: GeForce RTX 2080 Ti, pci bus id: 0000:73:00.0, compute capability: 7.5)
[       OK ] FunctionGradientsTest.testCapturedResourceVariable
[ RUN      ] FunctionGradientsTest.testFunctionGradientWithGradFuncAndRegistration
[       OK ] FunctionGradientsTest.testFunctionGradientWithGradFuncAndRegistration
[ RUN      ] FunctionGradientsTest.testFunctionGradientWithRegistration
2020-10-06 14:00:58.978607: I tensorflow/core/common_runtime/gpu/gpu_device.cc:1618] Found device 0 with properties: 
name: GeForce RTX 2080 Ti major: 7 minor: 5 memoryClockRate(GHz): 1.65
pciBusID: 0000:73:00.0
2020-10-06 14:00:58.979348: I tensorflow/stream_executor/platform/default/dso_loader.cc:44] Successfully opened dynamic library cudart64_100.dll
2020-10-06 14:00:58.979836: I tensorflow/stream_executor/platform/default/dso_loader.cc:44] Successfully opened dynamic library cublas64_100.dll
2020-10-06 14:00:58.980323: I tensorflow/stream_executor/platform/default/dso_loader.cc:44] Successfully opened dynamic library cufft64_100.dll
2020-10-06 14:00:58.980802: I tensorflow/stream_executor/platform/default/dso_loader.cc:44] Successfully opened dynamic library curand64_100.dll
2020-10-06 14:00:58.981297: I tensorflow/stream_executor/platform/default/dso_loader.cc:44] Successfully opened dynamic library cusolver64_100.dll
2020-10-06 14:00:58.981787: I tensorflow/stream_executor/platform/default/dso_loader.cc:44] Successfully opened dynamic library cusparse64_100.dll
2020-10-06 14:00:58.982282: I tensorflow/stream_executor/platform/default/dso_loader.cc:44] Successfully opened dynamic library cudnn64_7.dll
2020-10-06 14:00:58.983054: I tensorflow/core/common_runtime/gpu/gpu_device.cc:1746] Adding visible gpu devices: 0
2020-10-06 14:00:58.983478: I tensorflow/core/common_runtime/gpu/gpu_device.cc:1159] Device interconnect StreamExecutor with strength 1 edge matrix:
2020-10-06 14:00:58.983871: I tensorflow/core/common_runtime/gpu/gpu_device.cc:1165]      0 
2020-10-06 14:00:58.984090: I tensorflow/core/common_runtime/gpu/gpu_device.cc:1178] 0:   N 
2020-10-06 14:00:58.984578: I tensorflow/core/common_runtime/gpu/gpu_device.cc:1304] Created TensorFlow device (/job:localhost/replica:0/task:0/device:GPU:0 with 8686 MB memory) -> physical GPU (device: 0, name: GeForce RTX 2080 Ti, pci bus id: 0000:73:00.0, compute capability: 7.5)
[       OK ] FunctionGradientsTest.testFunctionGradientWithRegistration
[ RUN      ] FunctionGradientsTest.testFunctionGradientsBasic
2020-10-06 14:00:59.015917: I tensorflow/core/common_runtime/gpu/gpu_device.cc:1618] Found device 0 with properties: 
name: GeForce RTX 2080 Ti major: 7 minor: 5 memoryClockRate(GHz): 1.65
pciBusID: 0000:73:00.0
2020-10-06 14:00:59.017315: I tensorflow/stream_executor/platform/default/dso_loader.cc:44] Successfully opened dynamic library cudart64_100.dll
2020-10-06 14:00:59.018245: I tensorflow/stream_executor/platform/default/dso_loader.cc:44] Successfully opened dynamic library cublas64_100.dll
2020-10-06 14:00:59.019176: I tensorflow/stream_executor/platform/default/dso_loader.cc:44] Successfully opened dynamic library cufft64_100.dll
2020-10-06 14:00:59.020097: I tensorflow/stream_executor/platform/default/dso_loader.cc:44] Successfully opened dynamic library curand64_100.dll
2020-10-06 14:00:59.021022: I tensorflow/stream_executor/platform/default/dso_loader.cc:44] Successfully opened dynamic library cusolver64_100.dll
2020-10-06 14:00:59.021969: I tensorflow/stream_executor/platform/default/dso_loader.cc:44] Successfully opened dynamic library cusparse64_100.dll
2020-10-06 14:00:59.022911: I tensorflow/stream_executor/platform/default/dso_loader.cc:44] Successfully opened dynamic library cudnn64_7.dll
2020-10-06 14:00:59.023931: I tensorflow/core/common_runtime/gpu/gpu_device.cc:1746] Adding visible gpu devices: 0
2020-10-06 14:00:59.024402: I tensorflow/core/common_runtime/gpu/gpu_device.cc:1159] Device interconnect StreamExecutor with strength 1 edge matrix:
2020-10-06 14:00:59.024951: I tensorflow/core/common_runtime/gpu/gpu_device.cc:1165]      0 
2020-10-06 14:00:59.025294: I tensorflow/core/common_runtime/gpu/gpu_device.cc:1178] 0:   N 
2020-10-06 14:00:59.026011: I tensorflow/core/common_runtime/gpu/gpu_device.cc:1304] Created TensorFlow device (/job:localhost/replica:0/task:0/device:GPU:0 with 8686 MB memory) -> physical GPU (device: 0, name: GeForce RTX 2080 Ti, pci bus id: 0000:73:00.0, compute capability: 7.5)
[       OK ] FunctionGradientsTest.testFunctionGradientsBasic
[ RUN      ] FunctionGradientsTest.testFunctionGradientsComposition
2020-10-06 14:00:59.069178: I tensorflow/core/common_runtime/gpu/gpu_device.cc:1618] Found device 0 with properties: 
name: GeForce RTX 2080 Ti major: 7 minor: 5 memoryClockRate(GHz): 1.65
pciBusID: 0000:73:00.0
2020-10-06 14:00:59.070582: I tensorflow/stream_executor/platform/default/dso_loader.cc:44] Successfully opened dynamic library cudart64_100.dll
2020-10-06 14:00:59.071506: I tensorflow/stream_executor/platform/default/dso_loader.cc:44] Successfully opened dynamic library cublas64_100.dll
2020-10-06 14:00:59.072429: I tensorflow/stream_executor/platform/default/dso_loader.cc:44] Successfully opened dynamic library cufft64_100.dll
2020-10-06 14:00:59.073328: I tensorflow/stream_executor/platform/default/dso_loader.cc:44] Successfully opened dynamic library curand64_100.dll
2020-10-06 14:00:59.073862: I tensorflow/stream_executor/platform/default/dso_loader.cc:44] Successfully opened dynamic library cusolver64_100.dll
2020-10-06 14:00:59.074401: I tensorflow/stream_executor/platform/default/dso_loader.cc:44] Successfully opened dynamic library cusparse64_100.dll
2020-10-06 14:00:59.074941: I tensorflow/stream_executor/platform/default/dso_loader.cc:44] Successfully opened dynamic library cudnn64_7.dll
2020-10-06 14:00:59.075806: I tensorflow/core/common_runtime/gpu/gpu_device.cc:1746] Adding visible gpu devices: 0
2020-10-06 14:00:59.076285: I tensorflow/core/common_runtime/gpu/gpu_device.cc:1159] Device interconnect StreamExecutor with strength 1 edge matrix:
2020-10-06 14:00:59.076831: I tensorflow/core/common_runtime/gpu/gpu_device.cc:1165]      0 
2020-10-06 14:00:59.077173: I tensorflow/core/common_runtime/gpu/gpu_device.cc:1178] 0:   N 
2020-10-06 14:00:59.077905: I tensorflow/core/common_runtime/gpu/gpu_device.cc:1304] Created TensorFlow device (/job:localhost/replica:0/task:0/device:GPU:0 with 8686 MB memory) -> physical GPU (device: 0, name: GeForce RTX 2080 Ti, pci bus id: 0000:73:00.0, compute capability: 7.5)
[       OK ] FunctionGradientsTest.testFunctionGradientsComposition
[ RUN      ] FunctionGradientsTest.testFunctionGradientsWithGradFunc
2020-10-06 14:00:59.131881: I tensorflow/core/common_runtime/gpu/gpu_device.cc:1618] Found device 0 with properties: 
name: GeForce RTX 2080 Ti major: 7 minor: 5 memoryClockRate(GHz): 1.65
pciBusID: 0000:73:00.0
2020-10-06 14:00:59.132986: I tensorflow/stream_executor/platform/default/dso_loader.cc:44] Successfully opened dynamic library cudart64_100.dll
2020-10-06 14:00:59.133728: I tensorflow/stream_executor/platform/default/dso_loader.cc:44] Successfully opened dynamic library cublas64_100.dll
2020-10-06 14:00:59.134455: I tensorflow/stream_executor/platform/default/dso_loader.cc:44] Successfully opened dynamic library cufft64_100.dll
2020-10-06 14:00:59.135026: I tensorflow/stream_executor/platform/default/dso_loader.cc:44] Successfully opened dynamic library curand64_100.dll
2020-10-06 14:00:59.135432: I tensorflow/stream_executor/platform/default/dso_loader.cc:44] Successfully opened dynamic library cusolver64_100.dll
2020-10-06 14:00:59.135843: I tensorflow/stream_executor/platform/default/dso_loader.cc:44] Successfully opened dynamic library cusparse64_100.dll
2020-10-06 14:00:59.136254: I tensorflow/stream_executor/platform/default/dso_loader.cc:44] Successfully opened dynamic library cudnn64_7.dll
2020-10-06 14:00:59.136914: I tensorflow/core/common_runtime/gpu/gpu_device.cc:1746] Adding visible gpu devices: 0
2020-10-06 14:00:59.137273: I tensorflow/core/common_runtime/gpu/gpu_device.cc:1159] Device interconnect StreamExecutor with strength 1 edge matrix:
2020-10-06 14:00:59.137698: I tensorflow/core/common_runtime/gpu/gpu_device.cc:1165]      0 
2020-10-06 14:00:59.137959: I tensorflow/core/common_runtime/gpu/gpu_device.cc:1178] 0:   N 
2020-10-06 14:00:59.138537: I tensorflow/core/common_runtime/gpu/gpu_device.cc:1304] Created TensorFlow device (/job:localhost/replica:0/task:0/device:GPU:0 with 8686 MB memory) -> physical GPU (device: 0, name: GeForce RTX 2080 Ti, pci bus id: 0000:73:00.0, compute capability: 7.5)
[       OK ] FunctionGradientsTest.testFunctionGradientsWithGradFunc
[ RUN      ] FunctionGradientsTest.testGradientOfCaptured
2020-10-06 14:00:59.155482: I tensorflow/core/common_runtime/gpu/gpu_device.cc:1618] Found device 0 with properties: 
name: GeForce RTX 2080 Ti major: 7 minor: 5 memoryClockRate(GHz): 1.65
pciBusID: 0000:73:00.0
2020-10-06 14:00:59.156047: I tensorflow/stream_executor/platform/default/dso_loader.cc:44] Successfully opened dynamic library cudart64_100.dll
2020-10-06 14:00:59.156413: I tensorflow/stream_executor/platform/default/dso_loader.cc:44] Successfully opened dynamic library cublas64_100.dll
2020-10-06 14:00:59.156755: I tensorflow/stream_executor/platform/default/dso_loader.cc:44] Successfully opened dynamic library cufft64_100.dll
2020-10-06 14:00:59.157102: I tensorflow/stream_executor/platform/default/dso_loader.cc:44] Successfully opened dynamic library curand64_100.dll
2020-10-06 14:00:59.157445: I tensorflow/stream_executor/platform/default/dso_loader.cc:44] Successfully opened dynamic library cusolver64_100.dll
2020-10-06 14:00:59.157807: I tensorflow/stream_executor/platform/default/dso_loader.cc:44] Successfully opened dynamic library cusparse64_100.dll
2020-10-06 14:00:59.158149: I tensorflow/stream_executor/platform/default/dso_loader.cc:44] Successfully opened dynamic library cudnn64_7.dll
2020-10-06 14:00:59.158712: I tensorflow/core/common_runtime/gpu/gpu_device.cc:1746] Adding visible gpu devices: 0
2020-10-06 14:00:59.159010: I tensorflow/core/common_runtime/gpu/gpu_device.cc:1159] Device interconnect StreamExecutor with strength 1 edge matrix:
2020-10-06 14:00:59.159358: I tensorflow/core/common_runtime/gpu/gpu_device.cc:1165]      0 
2020-10-06 14:00:59.159575: I tensorflow/core/common_runtime/gpu/gpu_device.cc:1178] 0:   N 
2020-10-06 14:00:59.160137: I tensorflow/core/common_runtime/gpu/gpu_device.cc:1304] Created TensorFlow device (/job:localhost/replica:0/task:0/device:GPU:0 with 8686 MB memory) -> physical GPU (device: 0, name: GeForce RTX 2080 Ti, pci bus id: 0000:73:00.0, compute capability: 7.5)
[       OK ] FunctionGradientsTest.testGradientOfCaptured
[ RUN      ] FunctionGradientsTest.testGradientWrtCaptured
WARNING:tensorflow:Entity <function FunctionGradientsTest.testGradientWrtCaptured.<locals>.Foo at 0x000001F1AFB487B8> could not be transformed and will be executed as-is. Please report this to the AutoGraph team. When filing the bug, set the verbosity to 10 (on Linux, `export AUTOGRAPH_VERBOSITY=10`) and attach the full output. Cause: 'NoneType' object has no attribute '_fields'
W1006 14:00:59.232187 19204 ag_logging.py:146] Entity <function FunctionGradientsTest.testGradientWrtCaptured.<locals>.Foo at 0x000001F1AFB487B8> could not be transformed and will be executed as-is. Please report this to the AutoGraph team. When filing the bug, set the verbosity to 10 (on Linux, `export AUTOGRAPH_VERBOSITY=10`) and attach the full output. Cause: 'NoneType' object has no attribute '_fields'
2020-10-06 14:00:59.244946: I tensorflow/core/common_runtime/gpu/gpu_device.cc:1618] Found device 0 with properties: 
name: GeForce RTX 2080 Ti major: 7 minor: 5 memoryClockRate(GHz): 1.65
pciBusID: 0000:73:00.0
2020-10-06 14:00:59.245479: I tensorflow/stream_executor/platform/default/dso_loader.cc:44] Successfully opened dynamic library cudart64_100.dll
2020-10-06 14:00:59.245826: I tensorflow/stream_executor/platform/default/dso_loader.cc:44] Successfully opened dynamic library cublas64_100.dll
2020-10-06 14:00:59.246176: I tensorflow/stream_executor/platform/default/dso_loader.cc:44] Successfully opened dynamic library cufft64_100.dll
2020-10-06 14:00:59.246521: I tensorflow/stream_executor/platform/default/dso_loader.cc:44] Successfully opened dynamic library curand64_100.dll
2020-10-06 14:00:59.246862: I tensorflow/stream_executor/platform/default/dso_loader.cc:44] Successfully opened dynamic library cusolver64_100.dll
2020-10-06 14:00:59.247216: I tensorflow/stream_executor/platform/default/dso_loader.cc:44] Successfully opened dynamic library cusparse64_100.dll
2020-10-06 14:00:59.247562: I tensorflow/stream_executor/platform/default/dso_loader.cc:44] Successfully opened dynamic library cudnn64_7.dll
2020-10-06 14:00:59.248362: I tensorflow/core/common_runtime/gpu/gpu_device.cc:1746] Adding visible gpu devices: 0
2020-10-06 14:00:59.248829: I tensorflow/core/common_runtime/gpu/gpu_device.cc:1159] Device interconnect StreamExecutor with strength 1 edge matrix:
2020-10-06 14:00:59.249326: I tensorflow/core/common_runtime/gpu/gpu_device.cc:1165]      0 
2020-10-06 14:00:59.249635: I tensorflow/core/common_runtime/gpu/gpu_device.cc:1178] 0:   N 
2020-10-06 14:00:59.250358: I tensorflow/core/common_runtime/gpu/gpu_device.cc:1304] Created TensorFlow device (/job:localhost/replica:0/task:0/device:GPU:0 with 8686 MB memory) -> physical GPU (device: 0, name: GeForce RTX 2080 Ti, pci bus id: 0000:73:00.0, compute capability: 7.5)
[       OK ] FunctionGradientsTest.testGradientWrtCaptured
[ RUN      ] FunctionGradientsTest.test_session
[  SKIPPED ] FunctionGradientsTest.test_session
[ RUN      ] GetDependentVariablesTest.testNesting
[       OK ] GetDependentVariablesTest.testNesting
[ RUN      ] GetDependentVariablesTest.testNoVariables
[       OK ] GetDependentVariablesTest.testNoVariables
[ RUN      ] GetDependentVariablesTest.testVariableSamePrefix
[       OK ] GetDependentVariablesTest.testVariableSamePrefix
[ RUN      ] GetDependentVariablesTest.testVariablesOutside
[       OK ] GetDependentVariablesTest.testVariablesOutside
[ RUN      ] GetDependentVariablesTest.testVariablesOutsideAndCustomGradient
[       OK ] GetDependentVariablesTest.testVariablesOutsideAndCustomGradient
[ RUN      ] GetDependentVariablesTest.testVariablesOutsideAndNonDifferentiable
[       OK ] GetDependentVariablesTest.testVariablesOutsideAndNonDifferentiable
[ RUN      ] GetDependentVariablesTest.testVariablesOutsideAndNonTrainable
[       OK ] GetDependentVariablesTest.testVariablesOutsideAndNonTrainable
[ RUN      ] GetDependentVariablesTest.testVariablesOutsideButDSeparated
[       OK ] GetDependentVariablesTest.testVariablesOutsideButDSeparated
[ RUN      ] GetDependentVariablesTest.test_session
[  SKIPPED ] GetDependentVariablesTest.test_session
[ RUN      ] GradPassThroughTest.test_gradients_v1
WARNING:tensorflow:From C:\ProgramData\Anaconda3\envs\keras\lib\site-packages\tensorflow_core\python\ops\math_grad.py:1375: where (from tensorflow.python.ops.array_ops) is deprecated and will be removed in a future version.
Instructions for updating:
Use tf.where in 2.0, which has the same broadcast rule as np.where
W1006 14:00:59.372825 19204 deprecation.py:323] From C:\ProgramData\Anaconda3\envs\keras\lib\site-packages\tensorflow_core\python\ops\math_grad.py:1375: where (from tensorflow.python.ops.array_ops) is deprecated and will be removed in a future version.
Instructions for updating:
Use tf.where in 2.0, which has the same broadcast rule as np.where
2020-10-06 14:00:59.381166: I tensorflow/core/common_runtime/gpu/gpu_device.cc:1618] Found device 0 with properties: 
name: GeForce RTX 2080 Ti major: 7 minor: 5 memoryClockRate(GHz): 1.65
pciBusID: 0000:73:00.0
2020-10-06 14:00:59.381692: I tensorflow/stream_executor/platform/default/dso_loader.cc:44] Successfully opened dynamic library cudart64_100.dll
2020-10-06 14:00:59.382038: I tensorflow/stream_executor/platform/default/dso_loader.cc:44] Successfully opened dynamic library cublas64_100.dll
2020-10-06 14:00:59.382381: I tensorflow/stream_executor/platform/default/dso_loader.cc:44] Successfully opened dynamic library cufft64_100.dll
2020-10-06 14:00:59.382719: I tensorflow/stream_executor/platform/default/dso_loader.cc:44] Successfully opened dynamic library curand64_100.dll
2020-10-06 14:00:59.383063: I tensorflow/stream_executor/platform/default/dso_loader.cc:44] Successfully opened dynamic library cusolver64_100.dll
2020-10-06 14:00:59.383411: I tensorflow/stream_executor/platform/default/dso_loader.cc:44] Successfully opened dynamic library cusparse64_100.dll
2020-10-06 14:00:59.383759: I tensorflow/stream_executor/platform/default/dso_loader.cc:44] Successfully opened dynamic library cudnn64_7.dll
2020-10-06 14:00:59.384315: I tensorflow/core/common_runtime/gpu/gpu_device.cc:1746] Adding visible gpu devices: 0
2020-10-06 14:00:59.384624: I tensorflow/core/common_runtime/gpu/gpu_device.cc:1159] Device interconnect StreamExecutor with strength 1 edge matrix:
2020-10-06 14:00:59.384998: I tensorflow/core/common_runtime/gpu/gpu_device.cc:1165]      0 
2020-10-06 14:00:59.385231: I tensorflow/core/common_runtime/gpu/gpu_device.cc:1178] 0:   N 
2020-10-06 14:00:59.385756: I tensorflow/core/common_runtime/gpu/gpu_device.cc:1304] Created TensorFlow device (/job:localhost/replica:0/task:0/device:GPU:0 with 8686 MB memory) -> physical GPU (device: 0, name: GeForce RTX 2080 Ti, pci bus id: 0000:73:00.0, compute capability: 7.5)
[       OK ] GradPassThroughTest.test_gradients_v1
[ RUN      ] GradPassThroughTest.test_gradients_v2
[  SKIPPED ] GradPassThroughTest.test_gradients_v2
[ RUN      ] GradPassThroughTest.test_session
[  SKIPPED ] GradPassThroughTest.test_session
[ RUN      ] GradientsTest.testAggregationMethodAccumulateN
2020-10-06 14:00:59.430577: I tensorflow/core/common_runtime/gpu/gpu_device.cc:1618] Found device 0 with properties: 
name: GeForce RTX 2080 Ti major: 7 minor: 5 memoryClockRate(GHz): 1.65
pciBusID: 0000:73:00.0
2020-10-06 14:00:59.431852: I tensorflow/stream_executor/platform/default/dso_loader.cc:44] Successfully opened dynamic library cudart64_100.dll
2020-10-06 14:00:59.432700: I tensorflow/stream_executor/platform/default/dso_loader.cc:44] Successfully opened dynamic library cublas64_100.dll
2020-10-06 14:00:59.433546: I tensorflow/stream_executor/platform/default/dso_loader.cc:44] Successfully opened dynamic library cufft64_100.dll
2020-10-06 14:00:59.434393: I tensorflow/stream_executor/platform/default/dso_loader.cc:44] Successfully opened dynamic library curand64_100.dll
2020-10-06 14:00:59.435236: I tensorflow/stream_executor/platform/default/dso_loader.cc:44] Successfully opened dynamic library cusolver64_100.dll
2020-10-06 14:00:59.435965: I tensorflow/stream_executor/platform/default/dso_loader.cc:44] Successfully opened dynamic library cusparse64_100.dll
2020-10-06 14:00:59.436456: I tensorflow/stream_executor/platform/default/dso_loader.cc:44] Successfully opened dynamic library cudnn64_7.dll
2020-10-06 14:00:59.437295: I tensorflow/core/common_runtime/gpu/gpu_device.cc:1746] Adding visible gpu devices: 0
2020-10-06 14:00:59.437727: I tensorflow/core/common_runtime/gpu/gpu_device.cc:1159] Device interconnect StreamExecutor with strength 1 edge matrix:
2020-10-06 14:00:59.438222: I tensorflow/core/common_runtime/gpu/gpu_device.cc:1165]      0 
2020-10-06 14:00:59.438532: I tensorflow/core/common_runtime/gpu/gpu_device.cc:1178] 0:   N 
2020-10-06 14:00:59.439193: I tensorflow/core/common_runtime/gpu/gpu_device.cc:1304] Created TensorFlow device (/job:localhost/replica:0/task:0/device:GPU:0 with 8686 MB memory) -> physical GPU (device: 0, name: GeForce RTX 2080 Ti, pci bus id: 0000:73:00.0, compute capability: 7.5)
[       OK ] GradientsTest.testAggregationMethodAccumulateN
[ RUN      ] GradientsTest.testAggregationMethodAddN
2020-10-06 14:00:59.463884: I tensorflow/core/common_runtime/gpu/gpu_device.cc:1618] Found device 0 with properties: 
name: GeForce RTX 2080 Ti major: 7 minor: 5 memoryClockRate(GHz): 1.65
pciBusID: 0000:73:00.0
2020-10-06 14:00:59.464424: I tensorflow/stream_executor/platform/default/dso_loader.cc:44] Successfully opened dynamic library cudart64_100.dll
2020-10-06 14:00:59.464766: I tensorflow/stream_executor/platform/default/dso_loader.cc:44] Successfully opened dynamic library cublas64_100.dll
2020-10-06 14:00:59.465153: I tensorflow/stream_executor/platform/default/dso_loader.cc:44] Successfully opened dynamic library cufft64_100.dll
2020-10-06 14:00:59.465516: I tensorflow/stream_executor/platform/default/dso_loader.cc:44] Successfully opened dynamic library curand64_100.dll
2020-10-06 14:00:59.465879: I tensorflow/stream_executor/platform/default/dso_loader.cc:44] Successfully opened dynamic library cusolver64_100.dll
2020-10-06 14:00:59.466245: I tensorflow/stream_executor/platform/default/dso_loader.cc:44] Successfully opened dynamic library cusparse64_100.dll
2020-10-06 14:00:59.466614: I tensorflow/stream_executor/platform/default/dso_loader.cc:44] Successfully opened dynamic library cudnn64_7.dll
2020-10-06 14:00:59.467289: I tensorflow/core/common_runtime/gpu/gpu_device.cc:1746] Adding visible gpu devices: 0
2020-10-06 14:00:59.467663: I tensorflow/core/common_runtime/gpu/gpu_device.cc:1159] Device interconnect StreamExecutor with strength 1 edge matrix:
2020-10-06 14:00:59.468075: I tensorflow/core/common_runtime/gpu/gpu_device.cc:1165]      0 
2020-10-06 14:00:59.468298: I tensorflow/core/common_runtime/gpu/gpu_device.cc:1178] 0:   N 
2020-10-06 14:00:59.468777: I tensorflow/core/common_runtime/gpu/gpu_device.cc:1304] Created TensorFlow device (/job:localhost/replica:0/task:0/device:GPU:0 with 8686 MB memory) -> physical GPU (device: 0, name: GeForce RTX 2080 Ti, pci bus id: 0000:73:00.0, compute capability: 7.5)
[       OK ] GradientsTest.testAggregationMethodAddN
[ RUN      ] GradientsTest.testAggregationMethodTree
2020-10-06 14:00:59.485573: I tensorflow/core/common_runtime/gpu/gpu_device.cc:1618] Found device 0 with properties: 
name: GeForce RTX 2080 Ti major: 7 minor: 5 memoryClockRate(GHz): 1.65
pciBusID: 0000:73:00.0
2020-10-06 14:00:59.486117: I tensorflow/stream_executor/platform/default/dso_loader.cc:44] Successfully opened dynamic library cudart64_100.dll
2020-10-06 14:00:59.486458: I tensorflow/stream_executor/platform/default/dso_loader.cc:44] Successfully opened dynamic library cublas64_100.dll
2020-10-06 14:00:59.486797: I tensorflow/stream_executor/platform/default/dso_loader.cc:44] Successfully opened dynamic library cufft64_100.dll
2020-10-06 14:00:59.487143: I tensorflow/stream_executor/platform/default/dso_loader.cc:44] Successfully opened dynamic library curand64_100.dll
2020-10-06 14:00:59.487488: I tensorflow/stream_executor/platform/default/dso_loader.cc:44] Successfully opened dynamic library cusolver64_100.dll
2020-10-06 14:00:59.487831: I tensorflow/stream_executor/platform/default/dso_loader.cc:44] Successfully opened dynamic library cusparse64_100.dll
2020-10-06 14:00:59.488174: I tensorflow/stream_executor/platform/default/dso_loader.cc:44] Successfully opened dynamic library cudnn64_7.dll
2020-10-06 14:00:59.488723: I tensorflow/core/common_runtime/gpu/gpu_device.cc:1746] Adding visible gpu devices: 0
2020-10-06 14:00:59.489025: I tensorflow/core/common_runtime/gpu/gpu_device.cc:1159] Device interconnect StreamExecutor with strength 1 edge matrix:
2020-10-06 14:00:59.489371: I tensorflow/core/common_runtime/gpu/gpu_device.cc:1165]      0 
2020-10-06 14:00:59.489587: I tensorflow/core/common_runtime/gpu/gpu_device.cc:1178] 0:   N 
2020-10-06 14:00:59.490059: I tensorflow/core/common_runtime/gpu/gpu_device.cc:1304] Created TensorFlow device (/job:localhost/replica:0/task:0/device:GPU:0 with 8686 MB memory) -> physical GPU (device: 0, name: GeForce RTX 2080 Ti, pci bus id: 0000:73:00.0, compute capability: 7.5)
[       OK ] GradientsTest.testAggregationMethodTree
[ RUN      ] GradientsTest.testBoundaryContinue
2020-10-06 14:00:59.510646: I tensorflow/core/common_runtime/gpu/gpu_device.cc:1618] Found device 0 with properties: 
name: GeForce RTX 2080 Ti major: 7 minor: 5 memoryClockRate(GHz): 1.65
pciBusID: 0000:73:00.0
2020-10-06 14:00:59.511192: I tensorflow/stream_executor/platform/default/dso_loader.cc:44] Successfully opened dynamic library cudart64_100.dll
2020-10-06 14:00:59.511533: I tensorflow/stream_executor/platform/default/dso_loader.cc:44] Successfully opened dynamic library cublas64_100.dll
2020-10-06 14:00:59.511871: I tensorflow/stream_executor/platform/default/dso_loader.cc:44] Successfully opened dynamic library cufft64_100.dll
2020-10-06 14:00:59.512206: I tensorflow/stream_executor/platform/default/dso_loader.cc:44] Successfully opened dynamic library curand64_100.dll
2020-10-06 14:00:59.512544: I tensorflow/stream_executor/platform/default/dso_loader.cc:44] Successfully opened dynamic library cusolver64_100.dll
2020-10-06 14:00:59.512916: I tensorflow/stream_executor/platform/default/dso_loader.cc:44] Successfully opened dynamic library cusparse64_100.dll
2020-10-06 14:00:59.513286: I tensorflow/stream_executor/platform/default/dso_loader.cc:44] Successfully opened dynamic library cudnn64_7.dll
2020-10-06 14:00:59.513944: I tensorflow/core/common_runtime/gpu/gpu_device.cc:1746] Adding visible gpu devices: 0
2020-10-06 14:00:59.514316: I tensorflow/core/common_runtime/gpu/gpu_device.cc:1159] Device interconnect StreamExecutor with strength 1 edge matrix:
2020-10-06 14:00:59.514748: I tensorflow/core/common_runtime/gpu/gpu_device.cc:1165]      0 
2020-10-06 14:00:59.514991: I tensorflow/core/common_runtime/gpu/gpu_device.cc:1178] 0:   N 
2020-10-06 14:00:59.515478: I tensorflow/core/common_runtime/gpu/gpu_device.cc:1304] Created TensorFlow device (/job:localhost/replica:0/task:0/device:GPU:0 with 8686 MB memory) -> physical GPU (device: 0, name: GeForce RTX 2080 Ti, pci bus id: 0000:73:00.0, compute capability: 7.5)
[       OK ] GradientsTest.testBoundaryContinue
[ RUN      ] GradientsTest.testBoundaryStop
[       OK ] GradientsTest.testBoundaryStop
[ RUN      ] GradientsTest.testColocateGradients
[       OK ] GradientsTest.testColocateGradients
[ RUN      ] GradientsTest.testColocateGradientsWithAggregation
[       OK ] GradientsTest.testColocateGradientsWithAggregation
[ RUN      ] GradientsTest.testColocateGradientsWithAggregationInMultipleDevices
[       OK ] GradientsTest.testColocateGradientsWithAggregationInMultipleDevices
[ RUN      ] GradientsTest.testColocateGradientsWithGateGradients
2020-10-06 14:00:59.559591: I tensorflow/core/common_runtime/gpu/gpu_device.cc:1618] Found device 0 with properties: 
name: GeForce RTX 2080 Ti major: 7 minor: 5 memoryClockRate(GHz): 1.65
pciBusID: 0000:73:00.0
2020-10-06 14:00:59.560112: I tensorflow/stream_executor/platform/default/dso_loader.cc:44] Successfully opened dynamic library cudart64_100.dll
2020-10-06 14:00:59.560528: I tensorflow/stream_executor/platform/default/dso_loader.cc:44] Successfully opened dynamic library cublas64_100.dll
2020-10-06 14:00:59.560893: I tensorflow/stream_executor/platform/default/dso_loader.cc:44] Successfully opened dynamic library cufft64_100.dll
2020-10-06 14:00:59.561253: I tensorflow/stream_executor/platform/default/dso_loader.cc:44] Successfully opened dynamic library curand64_100.dll
2020-10-06 14:00:59.561623: I tensorflow/stream_executor/platform/default/dso_loader.cc:44] Successfully opened dynamic library cusolver64_100.dll
2020-10-06 14:00:59.562001: I tensorflow/stream_executor/platform/default/dso_loader.cc:44] Successfully opened dynamic library cusparse64_100.dll
2020-10-06 14:00:59.562367: I tensorflow/stream_executor/platform/default/dso_loader.cc:44] Successfully opened dynamic library cudnn64_7.dll
2020-10-06 14:00:59.562962: I tensorflow/core/common_runtime/gpu/gpu_device.cc:1746] Adding visible gpu devices: 0
2020-10-06 14:00:59.563265: I tensorflow/core/common_runtime/gpu/gpu_device.cc:1159] Device interconnect StreamExecutor with strength 1 edge matrix:
2020-10-06 14:00:59.563616: I tensorflow/core/common_runtime/gpu/gpu_device.cc:1165]      0 
2020-10-06 14:00:59.563835: I tensorflow/core/common_runtime/gpu/gpu_device.cc:1178] 0:   N 
2020-10-06 14:00:59.564474: I tensorflow/core/common_runtime/gpu/gpu_device.cc:1304] Created TensorFlow device (/device:GPU:0 with 8686 MB memory) -> physical GPU (device: 0, name: GeForce RTX 2080 Ti, pci bus id: 0000:73:00.0, compute capability: 7.5)
2020-10-06 14:00:59.573585: I tensorflow/core/common_runtime/gpu/gpu_device.cc:1618] Found device 0 with properties: 
name: GeForce RTX 2080 Ti major: 7 minor: 5 memoryClockRate(GHz): 1.65
pciBusID: 0000:73:00.0
2020-10-06 14:00:59.574093: I tensorflow/stream_executor/platform/default/dso_loader.cc:44] Successfully opened dynamic library cudart64_100.dll
2020-10-06 14:00:59.574434: I tensorflow/stream_executor/platform/default/dso_loader.cc:44] Successfully opened dynamic library cublas64_100.dll
2020-10-06 14:00:59.574775: I tensorflow/stream_executor/platform/default/dso_loader.cc:44] Successfully opened dynamic library cufft64_100.dll
2020-10-06 14:00:59.575120: I tensorflow/stream_executor/platform/default/dso_loader.cc:44] Successfully opened dynamic library curand64_100.dll
2020-10-06 14:00:59.575461: I tensorflow/stream_executor/platform/default/dso_loader.cc:44] Successfully opened dynamic library cusolver64_100.dll
2020-10-06 14:00:59.575807: I tensorflow/stream_executor/platform/default/dso_loader.cc:44] Successfully opened dynamic library cusparse64_100.dll
2020-10-06 14:00:59.576178: I tensorflow/stream_executor/platform/default/dso_loader.cc:44] Successfully opened dynamic library cudnn64_7.dll
2020-10-06 14:00:59.576875: I tensorflow/core/common_runtime/gpu/gpu_device.cc:1746] Adding visible gpu devices: 0
2020-10-06 14:00:59.577259: I tensorflow/core/common_runtime/gpu/gpu_device.cc:1159] Device interconnect StreamExecutor with strength 1 edge matrix:
2020-10-06 14:00:59.577696: I tensorflow/core/common_runtime/gpu/gpu_device.cc:1165]      0 
2020-10-06 14:00:59.577969: I tensorflow/core/common_runtime/gpu/gpu_device.cc:1178] 0:   N 
2020-10-06 14:00:59.578531: I tensorflow/core/common_runtime/gpu/gpu_device.cc:1304] Created TensorFlow device (/job:localhost/replica:0/task:0/device:GPU:0 with 8686 MB memory) -> physical GPU (device: 0, name: GeForce RTX 2080 Ti, pci bus id: 0000:73:00.0, compute capability: 7.5)
[       OK ] GradientsTest.testColocateGradientsWithGateGradients
[ RUN      ] GradientsTest.testDependentYs
2020-10-06 14:00:59.584752: I tensorflow/core/common_runtime/gpu/gpu_device.cc:1618] Found device 0 with properties: 
name: GeForce RTX 2080 Ti major: 7 minor: 5 memoryClockRate(GHz): 1.65
pciBusID: 0000:73:00.0
2020-10-06 14:00:59.586666: I tensorflow/stream_executor/platform/default/dso_loader.cc:44] Successfully opened dynamic library cudart64_100.dll
2020-10-06 14:00:59.587943: I tensorflow/stream_executor/platform/default/dso_loader.cc:44] Successfully opened dynamic library cublas64_100.dll
2020-10-06 14:00:59.589220: I tensorflow/stream_executor/platform/default/dso_loader.cc:44] Successfully opened dynamic library cufft64_100.dll
2020-10-06 14:00:59.590483: I tensorflow/stream_executor/platform/default/dso_loader.cc:44] Successfully opened dynamic library curand64_100.dll
2020-10-06 14:00:59.591848: I tensorflow/stream_executor/platform/default/dso_loader.cc:44] Successfully opened dynamic library cusolver64_100.dll
2020-10-06 14:00:59.593164: I tensorflow/stream_executor/platform/default/dso_loader.cc:44] Successfully opened dynamic library cusparse64_100.dll
2020-10-06 14:00:59.594451: I tensorflow/stream_executor/platform/default/dso_loader.cc:44] Successfully opened dynamic library cudnn64_7.dll
2020-10-06 14:00:59.596370: I tensorflow/core/common_runtime/gpu/gpu_device.cc:1746] Adding visible gpu devices: 0
2020-10-06 14:00:59.597467: I tensorflow/core/common_runtime/gpu/gpu_device.cc:1159] Device interconnect StreamExecutor with strength 1 edge matrix:
2020-10-06 14:00:59.598762: I tensorflow/core/common_runtime/gpu/gpu_device.cc:1165]      0 
2020-10-06 14:00:59.599575: I tensorflow/core/common_runtime/gpu/gpu_device.cc:1178] 0:   N 
2020-10-06 14:00:59.601159: I tensorflow/core/common_runtime/gpu/gpu_device.cc:1304] Created TensorFlow device (/job:localhost/replica:0/task:0/device:GPU:0 with 8686 MB memory) -> physical GPU (device: 0, name: GeForce RTX 2080 Ti, pci bus id: 0000:73:00.0, compute capability: 7.5)
[       OK ] GradientsTest.testDependentYs
[ RUN      ] GradientsTest.testGradients
gradients_test.py:147: DeprecationWarning: Please use assertEqual instead.
  self.assertEquals("MatMul", w_grad.op.type)
[       OK ] GradientsTest.testGradients
[ RUN      ] GradientsTest.testNoGradientForStringOutputs
[       OK ] GradientsTest.testNoGradientForStringOutputs
[ RUN      ] GradientsTest.testNonDifferentiableSwitchInWhileLoop
[       OK ] GradientsTest.testNonDifferentiableSwitchInWhileLoop
[ RUN      ] GradientsTest.testPartialDerivatives
2020-10-06 14:00:59.785460: I tensorflow/core/common_runtime/gpu/gpu_device.cc:1618] Found device 0 with properties: 
name: GeForce RTX 2080 Ti major: 7 minor: 5 memoryClockRate(GHz): 1.65
pciBusID: 0000:73:00.0
2020-10-06 14:00:59.786028: I tensorflow/stream_executor/platform/default/dso_loader.cc:44] Successfully opened dynamic library cudart64_100.dll
2020-10-06 14:00:59.786397: I tensorflow/stream_executor/platform/default/dso_loader.cc:44] Successfully opened dynamic library cublas64_100.dll
2020-10-06 14:00:59.786763: I tensorflow/stream_executor/platform/default/dso_loader.cc:44] Successfully opened dynamic library cufft64_100.dll
2020-10-06 14:00:59.787125: I tensorflow/stream_executor/platform/default/dso_loader.cc:44] Successfully opened dynamic library curand64_100.dll
2020-10-06 14:00:59.787494: I tensorflow/stream_executor/platform/default/dso_loader.cc:44] Successfully opened dynamic library cusolver64_100.dll
2020-10-06 14:00:59.787837: I tensorflow/stream_executor/platform/default/dso_loader.cc:44] Successfully opened dynamic library cusparse64_100.dll
2020-10-06 14:00:59.788211: I tensorflow/stream_executor/platform/default/dso_loader.cc:44] Successfully opened dynamic library cudnn64_7.dll
2020-10-06 14:00:59.788782: I tensorflow/core/common_runtime/gpu/gpu_device.cc:1746] Adding visible gpu devices: 0
2020-10-06 14:00:59.789094: I tensorflow/core/common_runtime/gpu/gpu_device.cc:1159] Device interconnect StreamExecutor with strength 1 edge matrix:
2020-10-06 14:00:59.789442: I tensorflow/core/common_runtime/gpu/gpu_device.cc:1165]      0 
2020-10-06 14:00:59.789657: I tensorflow/core/common_runtime/gpu/gpu_device.cc:1178] 0:   N 
2020-10-06 14:00:59.790143: I tensorflow/core/common_runtime/gpu/gpu_device.cc:1304] Created TensorFlow device (/job:localhost/replica:0/task:0/device:GPU:0 with 8686 MB memory) -> physical GPU (device: 0, name: GeForce RTX 2080 Ti, pci bus id: 0000:73:00.0, compute capability: 7.5)
[       OK ] GradientsTest.testPartialDerivatives
[ RUN      ] GradientsTest.testSingletonIndexedSlices
2020-10-06 14:00:59.807202: I tensorflow/core/common_runtime/gpu/gpu_device.cc:1618] Found device 0 with properties: 
name: GeForce RTX 2080 Ti major: 7 minor: 5 memoryClockRate(GHz): 1.65
pciBusID: 0000:73:00.0
2020-10-06 14:00:59.807723: I tensorflow/stream_executor/platform/default/dso_loader.cc:44] Successfully opened dynamic library cudart64_100.dll
2020-10-06 14:00:59.808072: I tensorflow/stream_executor/platform/default/dso_loader.cc:44] Successfully opened dynamic library cublas64_100.dll
2020-10-06 14:00:59.808413: I tensorflow/stream_executor/platform/default/dso_loader.cc:44] Successfully opened dynamic library cufft64_100.dll
2020-10-06 14:00:59.808749: I tensorflow/stream_executor/platform/default/dso_loader.cc:44] Successfully opened dynamic library curand64_100.dll
2020-10-06 14:00:59.809129: I tensorflow/stream_executor/platform/default/dso_loader.cc:44] Successfully opened dynamic library cusolver64_100.dll
2020-10-06 14:00:59.809505: I tensorflow/stream_executor/platform/default/dso_loader.cc:44] Successfully opened dynamic library cusparse64_100.dll
2020-10-06 14:00:59.809871: I tensorflow/stream_executor/platform/default/dso_loader.cc:44] Successfully opened dynamic library cudnn64_7.dll
2020-10-06 14:00:59.810462: I tensorflow/core/common_runtime/gpu/gpu_device.cc:1746] Adding visible gpu devices: 0
2020-10-06 14:00:59.810787: I tensorflow/core/common_runtime/gpu/gpu_device.cc:1159] Device interconnect StreamExecutor with strength 1 edge matrix:
2020-10-06 14:00:59.811167: I tensorflow/core/common_runtime/gpu/gpu_device.cc:1165]      0 
2020-10-06 14:00:59.811400: I tensorflow/core/common_runtime/gpu/gpu_device.cc:1178] 0:   N 
2020-10-06 14:00:59.811904: I tensorflow/core/common_runtime/gpu/gpu_device.cc:1304] Created TensorFlow device (/job:localhost/replica:0/task:0/device:GPU:0 with 8686 MB memory) -> physical GPU (device: 0, name: GeForce RTX 2080 Ti, pci bus id: 0000:73:00.0, compute capability: 7.5)
[       OK ] GradientsTest.testSingletonIndexedSlices
[ RUN      ] GradientsTest.testStopGradients
2020-10-06 14:01:03.144570: I tensorflow/core/common_runtime/gpu/gpu_device.cc:1618] Found device 0 with properties: 
name: GeForce RTX 2080 Ti major: 7 minor: 5 memoryClockRate(GHz): 1.65
pciBusID: 0000:73:00.0
2020-10-06 14:01:03.145106: I tensorflow/stream_executor/platform/default/dso_loader.cc:44] Successfully opened dynamic library cudart64_100.dll
2020-10-06 14:01:03.145446: I tensorflow/stream_executor/platform/default/dso_loader.cc:44] Successfully opened dynamic library cublas64_100.dll
2020-10-06 14:01:03.145785: I tensorflow/stream_executor/platform/default/dso_loader.cc:44] Successfully opened dynamic library cufft64_100.dll
2020-10-06 14:01:03.146131: I tensorflow/stream_executor/platform/default/dso_loader.cc:44] Successfully opened dynamic library curand64_100.dll
2020-10-06 14:01:03.146517: I tensorflow/stream_executor/platform/default/dso_loader.cc:44] Successfully opened dynamic library cusolver64_100.dll
2020-10-06 14:01:03.146945: I tensorflow/stream_executor/platform/default/dso_loader.cc:44] Successfully opened dynamic library cusparse64_100.dll
2020-10-06 14:01:03.147382: I tensorflow/stream_executor/platform/default/dso_loader.cc:44] Successfully opened dynamic library cudnn64_7.dll
2020-10-06 14:01:03.148035: I tensorflow/core/common_runtime/gpu/gpu_device.cc:1746] Adding visible gpu devices: 0
2020-10-06 14:01:03.148347: I tensorflow/core/common_runtime/gpu/gpu_device.cc:1159] Device interconnect StreamExecutor with strength 1 edge matrix:
2020-10-06 14:01:03.148692: I tensorflow/core/common_runtime/gpu/gpu_device.cc:1165]      0 
2020-10-06 14:01:03.148908: I tensorflow/core/common_runtime/gpu/gpu_device.cc:1178] 0:   N 
2020-10-06 14:01:03.149411: I tensorflow/core/common_runtime/gpu/gpu_device.cc:1304] Created TensorFlow device (/job:localhost/replica:0/task:0/device:GPU:0 with 8686 MB memory) -> physical GPU (device: 0, name: GeForce RTX 2080 Ti, pci bus id: 0000:73:00.0, compute capability: 7.5)
[       OK ] GradientsTest.testStopGradients
[ RUN      ] GradientsTest.testUnconnectedGradientsNoneUnconnectedGradients
[       OK ] GradientsTest.testUnconnectedGradientsNoneUnconnectedGradients
[ RUN      ] GradientsTest.testUnconnectedGradientsZeroConnectedGradients
2020-10-06 14:01:03.990062: I tensorflow/core/common_runtime/gpu/gpu_device.cc:1618] Found device 0 with properties: 
name: GeForce RTX 2080 Ti major: 7 minor: 5 memoryClockRate(GHz): 1.65
pciBusID: 0000:73:00.0
2020-10-06 14:01:03.990591: I tensorflow/stream_executor/platform/default/dso_loader.cc:44] Successfully opened dynamic library cudart64_100.dll
2020-10-06 14:01:03.990939: I tensorflow/stream_executor/platform/default/dso_loader.cc:44] Successfully opened dynamic library cublas64_100.dll
2020-10-06 14:01:03.991284: I tensorflow/stream_executor/platform/default/dso_loader.cc:44] Successfully opened dynamic library cufft64_100.dll
2020-10-06 14:01:03.991647: I tensorflow/stream_executor/platform/default/dso_loader.cc:44] Successfully opened dynamic library curand64_100.dll
2020-10-06 14:01:03.992071: I tensorflow/stream_executor/platform/default/dso_loader.cc:44] Successfully opened dynamic library cusolver64_100.dll
2020-10-06 14:01:03.992506: I tensorflow/stream_executor/platform/default/dso_loader.cc:44] Successfully opened dynamic library cusparse64_100.dll
2020-10-06 14:01:03.992945: I tensorflow/stream_executor/platform/default/dso_loader.cc:44] Successfully opened dynamic library cudnn64_7.dll
2020-10-06 14:01:03.993537: I tensorflow/core/common_runtime/gpu/gpu_device.cc:1746] Adding visible gpu devices: 0
2020-10-06 14:01:03.993848: I tensorflow/core/common_runtime/gpu/gpu_device.cc:1159] Device interconnect StreamExecutor with strength 1 edge matrix:
2020-10-06 14:01:03.994195: I tensorflow/core/common_runtime/gpu/gpu_device.cc:1165]      0 
2020-10-06 14:01:03.994412: I tensorflow/core/common_runtime/gpu/gpu_device.cc:1178] 0:   N 
2020-10-06 14:01:03.994900: I tensorflow/core/common_runtime/gpu/gpu_device.cc:1304] Created TensorFlow device (/job:localhost/replica:0/task:0/device:GPU:0 with 8686 MB memory) -> physical GPU (device: 0, name: GeForce RTX 2080 Ti, pci bus id: 0000:73:00.0, compute capability: 7.5)
[       OK ] GradientsTest.testUnconnectedGradientsZeroConnectedGradients
[ RUN      ] GradientsTest.testUnconnectedGradientsZerosUnconnectedGradients
2020-10-06 14:01:04.003297: I tensorflow/core/common_runtime/gpu/gpu_device.cc:1618] Found device 0 with properties: 
name: GeForce RTX 2080 Ti major: 7 minor: 5 memoryClockRate(GHz): 1.65
pciBusID: 0000:73:00.0
2020-10-06 14:01:04.003812: I tensorflow/stream_executor/platform/default/dso_loader.cc:44] Successfully opened dynamic library cudart64_100.dll
2020-10-06 14:01:04.004155: I tensorflow/stream_executor/platform/default/dso_loader.cc:44] Successfully opened dynamic library cublas64_100.dll
2020-10-06 14:01:04.004499: I tensorflow/stream_executor/platform/default/dso_loader.cc:44] Successfully opened dynamic library cufft64_100.dll
2020-10-06 14:01:04.004836: I tensorflow/stream_executor/platform/default/dso_loader.cc:44] Successfully opened dynamic library curand64_100.dll
2020-10-06 14:01:04.005178: I tensorflow/stream_executor/platform/default/dso_loader.cc:44] Successfully opened dynamic library cusolver64_100.dll
2020-10-06 14:01:04.005519: I tensorflow/stream_executor/platform/default/dso_loader.cc:44] Successfully opened dynamic library cusparse64_100.dll
2020-10-06 14:01:04.005860: I tensorflow/stream_executor/platform/default/dso_loader.cc:44] Successfully opened dynamic library cudnn64_7.dll
2020-10-06 14:01:04.006403: I tensorflow/core/common_runtime/gpu/gpu_device.cc:1746] Adding visible gpu devices: 0
2020-10-06 14:01:04.006700: I tensorflow/core/common_runtime/gpu/gpu_device.cc:1159] Device interconnect StreamExecutor with strength 1 edge matrix:
2020-10-06 14:01:04.007065: I tensorflow/core/common_runtime/gpu/gpu_device.cc:1165]      0 
2020-10-06 14:01:04.007314: I tensorflow/core/common_runtime/gpu/gpu_device.cc:1178] 0:   N 
2020-10-06 14:01:04.007896: I tensorflow/core/common_runtime/gpu/gpu_device.cc:1304] Created TensorFlow device (/job:localhost/replica:0/task:0/device:GPU:0 with 8686 MB memory) -> physical GPU (device: 0, name: GeForce RTX 2080 Ti, pci bus id: 0000:73:00.0, compute capability: 7.5)
[       OK ] GradientsTest.testUnconnectedGradientsZerosUnconnectedGradients
[ RUN      ] GradientsTest.testUnknownUnconnectedGradientsValueGiven
[       OK ] GradientsTest.testUnknownUnconnectedGradientsValueGiven
[ RUN      ] GradientsTest.testUnusedOutput
[       OK ] GradientsTest.testUnusedOutput
[ RUN      ] GradientsTest.testVariableAsGraphElementGradient
[       OK ] GradientsTest.testVariableAsGraphElementGradient
[ RUN      ] GradientsTest.testVariableDefaultGrad0 (tf.float32)
[       OK ] GradientsTest.testVariableDefaultGrad0 (tf.float32)
[ RUN      ] GradientsTest.testVariableDefaultGrad1 (tf.float64)
[       OK ] GradientsTest.testVariableDefaultGrad1 (tf.float64)
[ RUN      ] GradientsTest.testVariableReadValueGradient
[       OK ] GradientsTest.testVariableReadValueGradient
[ RUN      ] GradientsTest.testVariableRefGradient
[       OK ] GradientsTest.testVariableRefGradient
[ RUN      ] GradientsTest.test_session
[  SKIPPED ] GradientsTest.test_session
[ RUN      ] HessianTest.testHessian1D
2020-10-06 14:01:04.162755: I tensorflow/core/common_runtime/gpu/gpu_device.cc:1618] Found device 0 with properties: 
name: GeForce RTX 2080 Ti major: 7 minor: 5 memoryClockRate(GHz): 1.65
pciBusID: 0000:73:00.0
2020-10-06 14:01:04.163285: I tensorflow/stream_executor/platform/default/dso_loader.cc:44] Successfully opened dynamic library cudart64_100.dll
2020-10-06 14:01:04.163695: I tensorflow/stream_executor/platform/default/dso_loader.cc:44] Successfully opened dynamic library cublas64_100.dll
2020-10-06 14:01:04.164122: I tensorflow/stream_executor/platform/default/dso_loader.cc:44] Successfully opened dynamic library cufft64_100.dll
2020-10-06 14:01:04.164556: I tensorflow/stream_executor/platform/default/dso_loader.cc:44] Successfully opened dynamic library curand64_100.dll
2020-10-06 14:01:04.164955: I tensorflow/stream_executor/platform/default/dso_loader.cc:44] Successfully opened dynamic library cusolver64_100.dll
2020-10-06 14:01:04.165300: I tensorflow/stream_executor/platform/default/dso_loader.cc:44] Successfully opened dynamic library cusparse64_100.dll
2020-10-06 14:01:04.165644: I tensorflow/stream_executor/platform/default/dso_loader.cc:44] Successfully opened dynamic library cudnn64_7.dll
2020-10-06 14:01:04.166196: I tensorflow/core/common_runtime/gpu/gpu_device.cc:1746] Adding visible gpu devices: 0
2020-10-06 14:01:04.166505: I tensorflow/core/common_runtime/gpu/gpu_device.cc:1159] Device interconnect StreamExecutor with strength 1 edge matrix:
2020-10-06 14:01:04.166852: I tensorflow/core/common_runtime/gpu/gpu_device.cc:1165]      0 
2020-10-06 14:01:04.167070: I tensorflow/core/common_runtime/gpu/gpu_device.cc:1178] 0:   N 
2020-10-06 14:01:04.167553: I tensorflow/core/common_runtime/gpu/gpu_device.cc:1304] Created TensorFlow device (/job:localhost/replica:0/task:0/device:GPU:0 with 8686 MB memory) -> physical GPU (device: 0, name: GeForce RTX 2080 Ti, pci bus id: 0000:73:00.0, compute capability: 7.5)
[  FAILED  ] HessianTest.testHessian1D
[ RUN      ] HessianTest.testHessian1D_multi
2020-10-06 14:01:04.210145: I tensorflow/core/common_runtime/gpu/gpu_device.cc:1618] Found device 0 with properties: 
name: GeForce RTX 2080 Ti major: 7 minor: 5 memoryClockRate(GHz): 1.65
pciBusID: 0000:73:00.0
2020-10-06 14:01:04.211047: I tensorflow/stream_executor/platform/default/dso_loader.cc:44] Successfully opened dynamic library cudart64_100.dll
2020-10-06 14:01:04.211617: I tensorflow/stream_executor/platform/default/dso_loader.cc:44] Successfully opened dynamic library cublas64_100.dll
2020-10-06 14:01:04.212203: I tensorflow/stream_executor/platform/default/dso_loader.cc:44] Successfully opened dynamic library cufft64_100.dll
2020-10-06 14:01:04.212776: I tensorflow/stream_executor/platform/default/dso_loader.cc:44] Successfully opened dynamic library curand64_100.dll
2020-10-06 14:01:04.213349: I tensorflow/stream_executor/platform/default/dso_loader.cc:44] Successfully opened dynamic library cusolver64_100.dll
2020-10-06 14:01:04.213918: I tensorflow/stream_executor/platform/default/dso_loader.cc:44] Successfully opened dynamic library cusparse64_100.dll
2020-10-06 14:01:04.214285: I tensorflow/stream_executor/platform/default/dso_loader.cc:44] Successfully opened dynamic library cudnn64_7.dll
2020-10-06 14:01:04.214890: I tensorflow/core/common_runtime/gpu/gpu_device.cc:1746] Adding visible gpu devices: 0
2020-10-06 14:01:04.215219: I tensorflow/core/common_runtime/gpu/gpu_device.cc:1159] Device interconnect StreamExecutor with strength 1 edge matrix:
2020-10-06 14:01:04.215597: I tensorflow/core/common_runtime/gpu/gpu_device.cc:1165]      0 
2020-10-06 14:01:04.215815: I tensorflow/core/common_runtime/gpu/gpu_device.cc:1178] 0:   N 
2020-10-06 14:01:04.216297: I tensorflow/core/common_runtime/gpu/gpu_device.cc:1304] Created TensorFlow device (/job:localhost/replica:0/task:0/device:GPU:0 with 8686 MB memory) -> physical GPU (device: 0, name: GeForce RTX 2080 Ti, pci bus id: 0000:73:00.0, compute capability: 7.5)
[  FAILED  ] HessianTest.testHessian1D_multi
[ RUN      ] HessianTest.testHessian2D_non_square_matrix
2020-10-06 14:01:04.275521: I tensorflow/core/common_runtime/gpu/gpu_device.cc:1618] Found device 0 with properties: 
name: GeForce RTX 2080 Ti major: 7 minor: 5 memoryClockRate(GHz): 1.65
pciBusID: 0000:73:00.0
2020-10-06 14:01:04.276045: I tensorflow/stream_executor/platform/default/dso_loader.cc:44] Successfully opened dynamic library cudart64_100.dll
2020-10-06 14:01:04.276389: I tensorflow/stream_executor/platform/default/dso_loader.cc:44] Successfully opened dynamic library cublas64_100.dll
2020-10-06 14:01:04.276731: I tensorflow/stream_executor/platform/default/dso_loader.cc:44] Successfully opened dynamic library cufft64_100.dll
2020-10-06 14:01:04.277067: I tensorflow/stream_executor/platform/default/dso_loader.cc:44] Successfully opened dynamic library curand64_100.dll
2020-10-06 14:01:04.277411: I tensorflow/stream_executor/platform/default/dso_loader.cc:44] Successfully opened dynamic library cusolver64_100.dll
2020-10-06 14:01:04.277752: I tensorflow/stream_executor/platform/default/dso_loader.cc:44] Successfully opened dynamic library cusparse64_100.dll
2020-10-06 14:01:04.278102: I tensorflow/stream_executor/platform/default/dso_loader.cc:44] Successfully opened dynamic library cudnn64_7.dll
2020-10-06 14:01:04.278646: I tensorflow/core/common_runtime/gpu/gpu_device.cc:1746] Adding visible gpu devices: 0
2020-10-06 14:01:04.278951: I tensorflow/core/common_runtime/gpu/gpu_device.cc:1159] Device interconnect StreamExecutor with strength 1 edge matrix:
2020-10-06 14:01:04.279298: I tensorflow/core/common_runtime/gpu/gpu_device.cc:1165]      0 
2020-10-06 14:01:04.279514: I tensorflow/core/common_runtime/gpu/gpu_device.cc:1178] 0:   N 
2020-10-06 14:01:04.279990: I tensorflow/core/common_runtime/gpu/gpu_device.cc:1304] Created TensorFlow device (/job:localhost/replica:0/task:0/device:GPU:0 with 8686 MB memory) -> physical GPU (device: 0, name: GeForce RTX 2080 Ti, pci bus id: 0000:73:00.0, compute capability: 7.5)
[  FAILED  ] HessianTest.testHessian2D_non_square_matrix
[ RUN      ] HessianTest.testHessian2D_square_matrix
2020-10-06 14:01:04.297291: I tensorflow/core/common_runtime/gpu/gpu_device.cc:1618] Found device 0 with properties: 
name: GeForce RTX 2080 Ti major: 7 minor: 5 memoryClockRate(GHz): 1.65
pciBusID: 0000:73:00.0
2020-10-06 14:01:04.297809: I tensorflow/stream_executor/platform/default/dso_loader.cc:44] Successfully opened dynamic library cudart64_100.dll
2020-10-06 14:01:04.298149: I tensorflow/stream_executor/platform/default/dso_loader.cc:44] Successfully opened dynamic library cublas64_100.dll
2020-10-06 14:01:04.298495: I tensorflow/stream_executor/platform/default/dso_loader.cc:44] Successfully opened dynamic library cufft64_100.dll
2020-10-06 14:01:04.298832: I tensorflow/stream_executor/platform/default/dso_loader.cc:44] Successfully opened dynamic library curand64_100.dll
2020-10-06 14:01:04.299169: I tensorflow/stream_executor/platform/default/dso_loader.cc:44] Successfully opened dynamic library cusolver64_100.dll
2020-10-06 14:01:04.299511: I tensorflow/stream_executor/platform/default/dso_loader.cc:44] Successfully opened dynamic library cusparse64_100.dll
2020-10-06 14:01:04.299851: I tensorflow/stream_executor/platform/default/dso_loader.cc:44] Successfully opened dynamic library cudnn64_7.dll
2020-10-06 14:01:04.300397: I tensorflow/core/common_runtime/gpu/gpu_device.cc:1746] Adding visible gpu devices: 0
2020-10-06 14:01:04.300704: I tensorflow/core/common_runtime/gpu/gpu_device.cc:1159] Device interconnect StreamExecutor with strength 1 edge matrix:
2020-10-06 14:01:04.301053: I tensorflow/core/common_runtime/gpu/gpu_device.cc:1165]      0 
2020-10-06 14:01:04.301272: I tensorflow/core/common_runtime/gpu/gpu_device.cc:1178] 0:   N 
2020-10-06 14:01:04.301745: I tensorflow/core/common_runtime/gpu/gpu_device.cc:1304] Created TensorFlow device (/job:localhost/replica:0/task:0/device:GPU:0 with 8686 MB memory) -> physical GPU (device: 0, name: GeForce RTX 2080 Ti, pci bus id: 0000:73:00.0, compute capability: 7.5)
[  FAILED  ] HessianTest.testHessian2D_square_matrix
[ RUN      ] HessianTest.testHessianInvalidDimension
2020-10-06 14:01:04.318369: I tensorflow/core/common_runtime/gpu/gpu_device.cc:1618] Found device 0 with properties: 
name: GeForce RTX 2080 Ti major: 7 minor: 5 memoryClockRate(GHz): 1.65
pciBusID: 0000:73:00.0
2020-10-06 14:01:04.318902: I tensorflow/stream_executor/platform/default/dso_loader.cc:44] Successfully opened dynamic library cudart64_100.dll
2020-10-06 14:01:04.319241: I tensorflow/stream_executor/platform/default/dso_loader.cc:44] Successfully opened dynamic library cublas64_100.dll
2020-10-06 14:01:04.319588: I tensorflow/stream_executor/platform/default/dso_loader.cc:44] Successfully opened dynamic library cufft64_100.dll
2020-10-06 14:01:04.320005: I tensorflow/stream_executor/platform/default/dso_loader.cc:44] Successfully opened dynamic library curand64_100.dll
2020-10-06 14:01:04.320431: I tensorflow/stream_executor/platform/default/dso_loader.cc:44] Successfully opened dynamic library cusolver64_100.dll
2020-10-06 14:01:04.320860: I tensorflow/stream_executor/platform/default/dso_loader.cc:44] Successfully opened dynamic library cusparse64_100.dll
2020-10-06 14:01:04.321288: I tensorflow/stream_executor/platform/default/dso_loader.cc:44] Successfully opened dynamic library cudnn64_7.dll
2020-10-06 14:01:04.321864: I tensorflow/core/common_runtime/gpu/gpu_device.cc:1746] Adding visible gpu devices: 0
2020-10-06 14:01:04.322181: I tensorflow/core/common_runtime/gpu/gpu_device.cc:1159] Device interconnect StreamExecutor with strength 1 edge matrix:
2020-10-06 14:01:04.322551: I tensorflow/core/common_runtime/gpu/gpu_device.cc:1165]      0 
2020-10-06 14:01:04.322783: I tensorflow/core/common_runtime/gpu/gpu_device.cc:1178] 0:   N 
2020-10-06 14:01:04.323275: I tensorflow/core/common_runtime/gpu/gpu_device.cc:1304] Created TensorFlow device (/job:localhost/replica:0/task:0/device:GPU:0 with 8686 MB memory) -> physical GPU (device: 0, name: GeForce RTX 2080 Ti, pci bus id: 0000:73:00.0, compute capability: 7.5)
[       OK ] HessianTest.testHessianInvalidDimension
[ RUN      ] HessianTest.test_session
[  SKIPPED ] HessianTest.test_session
[ RUN      ] HessianVectorProductTest.testHessianVectorProduct
2020-10-06 14:01:04.330549: I tensorflow/core/common_runtime/gpu/gpu_device.cc:1618] Found device 0 with properties: 
name: GeForce RTX 2080 Ti major: 7 minor: 5 memoryClockRate(GHz): 1.65
pciBusID: 0000:73:00.0
2020-10-06 14:01:04.331057: I tensorflow/stream_executor/platform/default/dso_loader.cc:44] Successfully opened dynamic library cudart64_100.dll
2020-10-06 14:01:04.331403: I tensorflow/stream_executor/platform/default/dso_loader.cc:44] Successfully opened dynamic library cublas64_100.dll
2020-10-06 14:01:04.331741: I tensorflow/stream_executor/platform/default/dso_loader.cc:44] Successfully opened dynamic library cufft64_100.dll
2020-10-06 14:01:04.332077: I tensorflow/stream_executor/platform/default/dso_loader.cc:44] Successfully opened dynamic library curand64_100.dll
2020-10-06 14:01:04.332414: I tensorflow/stream_executor/platform/default/dso_loader.cc:44] Successfully opened dynamic library cusolver64_100.dll
2020-10-06 14:01:04.332764: I tensorflow/stream_executor/platform/default/dso_loader.cc:44] Successfully opened dynamic library cusparse64_100.dll
2020-10-06 14:01:04.333108: I tensorflow/stream_executor/platform/default/dso_loader.cc:44] Successfully opened dynamic library cudnn64_7.dll
2020-10-06 14:01:04.333654: I tensorflow/core/common_runtime/gpu/gpu_device.cc:1746] Adding visible gpu devices: 0
2020-10-06 14:01:04.333949: I tensorflow/core/common_runtime/gpu/gpu_device.cc:1159] Device interconnect StreamExecutor with strength 1 edge matrix:
2020-10-06 14:01:04.334294: I tensorflow/core/common_runtime/gpu/gpu_device.cc:1165]      0 
2020-10-06 14:01:04.334509: I tensorflow/core/common_runtime/gpu/gpu_device.cc:1178] 0:   N 
2020-10-06 14:01:04.334970: I tensorflow/core/common_runtime/gpu/gpu_device.cc:1304] Created TensorFlow device (/job:localhost/replica:0/task:0/device:GPU:0 with 8686 MB memory) -> physical GPU (device: 0, name: GeForce RTX 2080 Ti, pci bus id: 0000:73:00.0, compute capability: 7.5)
[       OK ] HessianVectorProductTest.testHessianVectorProduct
[ RUN      ] HessianVectorProductTest.test_session
[  SKIPPED ] HessianVectorProductTest.test_session
[ RUN      ] IndexedSlicesToTensorTest.testIndexedSlicesToTensor
2020-10-06 14:01:04.389933: I tensorflow/core/common_runtime/gpu/gpu_device.cc:1618] Found device 0 with properties: 
name: GeForce RTX 2080 Ti major: 7 minor: 5 memoryClockRate(GHz): 1.65
pciBusID: 0000:73:00.0
2020-10-06 14:01:04.390455: I tensorflow/stream_executor/platform/default/dso_loader.cc:44] Successfully opened dynamic library cudart64_100.dll
2020-10-06 14:01:04.390802: I tensorflow/stream_executor/platform/default/dso_loader.cc:44] Successfully opened dynamic library cublas64_100.dll
2020-10-06 14:01:04.391145: I tensorflow/stream_executor/platform/default/dso_loader.cc:44] Successfully opened dynamic library cufft64_100.dll
2020-10-06 14:01:04.391484: I tensorflow/stream_executor/platform/default/dso_loader.cc:44] Successfully opened dynamic library curand64_100.dll
2020-10-06 14:01:04.391822: I tensorflow/stream_executor/platform/default/dso_loader.cc:44] Successfully opened dynamic library cusolver64_100.dll
2020-10-06 14:01:04.392164: I tensorflow/stream_executor/platform/default/dso_loader.cc:44] Successfully opened dynamic library cusparse64_100.dll
2020-10-06 14:01:04.392541: I tensorflow/stream_executor/platform/default/dso_loader.cc:44] Successfully opened dynamic library cudnn64_7.dll
2020-10-06 14:01:04.393122: I tensorflow/core/common_runtime/gpu/gpu_device.cc:1746] Adding visible gpu devices: 0
2020-10-06 14:01:04.393440: I tensorflow/core/common_runtime/gpu/gpu_device.cc:1159] Device interconnect StreamExecutor with strength 1 edge matrix:
2020-10-06 14:01:04.393799: I tensorflow/core/common_runtime/gpu/gpu_device.cc:1165]      0 
2020-10-06 14:01:04.394015: I tensorflow/core/common_runtime/gpu/gpu_device.cc:1178] 0:   N 
2020-10-06 14:01:04.394480: I tensorflow/core/common_runtime/gpu/gpu_device.cc:1304] Created TensorFlow device (/job:localhost/replica:0/task:0/device:GPU:0 with 8686 MB memory) -> physical GPU (device: 0, name: GeForce RTX 2080 Ti, pci bus id: 0000:73:00.0, compute capability: 7.5)
[       OK ] IndexedSlicesToTensorTest.testIndexedSlicesToTensor
[ RUN      ] IndexedSlicesToTensorTest.testIndexedSlicesToTensorList
2020-10-06 14:01:04.409389: I tensorflow/core/common_runtime/gpu/gpu_device.cc:1618] Found device 0 with properties: 
name: GeForce RTX 2080 Ti major: 7 minor: 5 memoryClockRate(GHz): 1.65
pciBusID: 0000:73:00.0
2020-10-06 14:01:04.409937: I tensorflow/stream_executor/platform/default/dso_loader.cc:44] Successfully opened dynamic library cudart64_100.dll
2020-10-06 14:01:04.410286: I tensorflow/stream_executor/platform/default/dso_loader.cc:44] Successfully opened dynamic library cublas64_100.dll
2020-10-06 14:01:04.410627: I tensorflow/stream_executor/platform/default/dso_loader.cc:44] Successfully opened dynamic library cufft64_100.dll
2020-10-06 14:01:04.410963: I tensorflow/stream_executor/platform/default/dso_loader.cc:44] Successfully opened dynamic library curand64_100.dll
2020-10-06 14:01:04.411302: I tensorflow/stream_executor/platform/default/dso_loader.cc:44] Successfully opened dynamic library cusolver64_100.dll
2020-10-06 14:01:04.411643: I tensorflow/stream_executor/platform/default/dso_loader.cc:44] Successfully opened dynamic library cusparse64_100.dll
2020-10-06 14:01:04.411984: I tensorflow/stream_executor/platform/default/dso_loader.cc:44] Successfully opened dynamic library cudnn64_7.dll
2020-10-06 14:01:04.412526: I tensorflow/core/common_runtime/gpu/gpu_device.cc:1746] Adding visible gpu devices: 0
2020-10-06 14:01:04.412823: I tensorflow/core/common_runtime/gpu/gpu_device.cc:1159] Device interconnect StreamExecutor with strength 1 edge matrix:
2020-10-06 14:01:04.413171: I tensorflow/core/common_runtime/gpu/gpu_device.cc:1165]      0 
2020-10-06 14:01:04.413398: I tensorflow/core/common_runtime/gpu/gpu_device.cc:1178] 0:   N 
2020-10-06 14:01:04.413910: I tensorflow/core/common_runtime/gpu/gpu_device.cc:1304] Created TensorFlow device (/job:localhost/replica:0/task:0/device:GPU:0 with 8686 MB memory) -> physical GPU (device: 0, name: GeForce RTX 2080 Ti, pci bus id: 0000:73:00.0, compute capability: 7.5)
[       OK ] IndexedSlicesToTensorTest.testIndexedSlicesToTensorList
[ RUN      ] IndexedSlicesToTensorTest.testInt64Indices
2020-10-06 14:01:04.447840: I tensorflow/core/common_runtime/gpu/gpu_device.cc:1618] Found device 0 with properties: 
name: GeForce RTX 2080 Ti major: 7 minor: 5 memoryClockRate(GHz): 1.65
pciBusID: 0000:73:00.0
2020-10-06 14:01:04.448355: I tensorflow/stream_executor/platform/default/dso_loader.cc:44] Successfully opened dynamic library cudart64_100.dll
2020-10-06 14:01:04.448693: I tensorflow/stream_executor/platform/default/dso_loader.cc:44] Successfully opened dynamic library cublas64_100.dll
2020-10-06 14:01:04.449033: I tensorflow/stream_executor/platform/default/dso_loader.cc:44] Successfully opened dynamic library cufft64_100.dll
2020-10-06 14:01:04.449370: I tensorflow/stream_executor/platform/default/dso_loader.cc:44] Successfully opened dynamic library curand64_100.dll
2020-10-06 14:01:04.449716: I tensorflow/stream_executor/platform/default/dso_loader.cc:44] Successfully opened dynamic library cusolver64_100.dll
2020-10-06 14:01:04.450059: I tensorflow/stream_executor/platform/default/dso_loader.cc:44] Successfully opened dynamic library cusparse64_100.dll
2020-10-06 14:01:04.450401: I tensorflow/stream_executor/platform/default/dso_loader.cc:44] Successfully opened dynamic library cudnn64_7.dll
2020-10-06 14:01:04.450942: I tensorflow/core/common_runtime/gpu/gpu_device.cc:1746] Adding visible gpu devices: 0
2020-10-06 14:01:04.451240: I tensorflow/core/common_runtime/gpu/gpu_device.cc:1159] Device interconnect StreamExecutor with strength 1 edge matrix:
2020-10-06 14:01:04.451585: I tensorflow/core/common_runtime/gpu/gpu_device.cc:1165]      0 
2020-10-06 14:01:04.451801: I tensorflow/core/common_runtime/gpu/gpu_device.cc:1178] 0:   N 
2020-10-06 14:01:04.452266: I tensorflow/core/common_runtime/gpu/gpu_device.cc:1304] Created TensorFlow device (/job:localhost/replica:0/task:0/device:GPU:0 with 8686 MB memory) -> physical GPU (device: 0, name: GeForce RTX 2080 Ti, pci bus id: 0000:73:00.0, compute capability: 7.5)
[       OK ] IndexedSlicesToTensorTest.testInt64Indices
[ RUN      ] IndexedSlicesToTensorTest.testWarnings
[  SKIPPED ] IndexedSlicesToTensorTest.testWarnings
[ RUN      ] IndexedSlicesToTensorTest.test_session
[  SKIPPED ] IndexedSlicesToTensorTest.test_session
[ RUN      ] OnlyRealGradientsTest.testRealOnly
[       OK ] OnlyRealGradientsTest.testRealOnly
[ RUN      ] OnlyRealGradientsTest.test_session
[  SKIPPED ] OnlyRealGradientsTest.test_session
[ RUN      ] PreventGradientTest.testPreventGradient
[       OK ] PreventGradientTest.testPreventGradient
[ RUN      ] PreventGradientTest.test_session
[  SKIPPED ] PreventGradientTest.test_session
[ RUN      ] ResourceCondTest.testBasic
[       OK ] ResourceCondTest.testBasic
[ RUN      ] ResourceCondTest.test_session
[  SKIPPED ] ResourceCondTest.test_session
[ RUN      ] StopGradientTest.testStopGradient
[       OK ] StopGradientTest.testStopGradient
[ RUN      ] StopGradientTest.test_session
[  SKIPPED ] StopGradientTest.test_session
[ RUN      ] TensorListGradientsTest.testDefaultGradYs
2020-10-06 14:01:04.500896: I tensorflow/core/common_runtime/gpu/gpu_device.cc:1618] Found device 0 with properties: 
name: GeForce RTX 2080 Ti major: 7 minor: 5 memoryClockRate(GHz): 1.65
pciBusID: 0000:73:00.0
2020-10-06 14:01:04.501421: I tensorflow/stream_executor/platform/default/dso_loader.cc:44] Successfully opened dynamic library cudart64_100.dll
2020-10-06 14:01:04.501764: I tensorflow/stream_executor/platform/default/dso_loader.cc:44] Successfully opened dynamic library cublas64_100.dll
2020-10-06 14:01:04.502107: I tensorflow/stream_executor/platform/default/dso_loader.cc:44] Successfully opened dynamic library cufft64_100.dll
2020-10-06 14:01:04.502442: I tensorflow/stream_executor/platform/default/dso_loader.cc:44] Successfully opened dynamic library curand64_100.dll
2020-10-06 14:01:04.502779: I tensorflow/stream_executor/platform/default/dso_loader.cc:44] Successfully opened dynamic library cusolver64_100.dll
2020-10-06 14:01:04.503121: I tensorflow/stream_executor/platform/default/dso_loader.cc:44] Successfully opened dynamic library cusparse64_100.dll
2020-10-06 14:01:04.503470: I tensorflow/stream_executor/platform/default/dso_loader.cc:44] Successfully opened dynamic library cudnn64_7.dll
2020-10-06 14:01:04.504016: I tensorflow/core/common_runtime/gpu/gpu_device.cc:1746] Adding visible gpu devices: 0
2020-10-06 14:01:04.504324: I tensorflow/core/common_runtime/gpu/gpu_device.cc:1159] Device interconnect StreamExecutor with strength 1 edge matrix:
2020-10-06 14:01:04.504671: I tensorflow/core/common_runtime/gpu/gpu_device.cc:1165]      0 
2020-10-06 14:01:04.504888: I tensorflow/core/common_runtime/gpu/gpu_device.cc:1178] 0:   N 
2020-10-06 14:01:04.505370: I tensorflow/core/common_runtime/gpu/gpu_device.cc:1304] Created TensorFlow device (/job:localhost/replica:0/task:0/device:GPU:0 with 8686 MB memory) -> physical GPU (device: 0, name: GeForce RTX 2080 Ti, pci bus id: 0000:73:00.0, compute capability: 7.5)
[       OK ] TensorListGradientsTest.testDefaultGradYs
[ RUN      ] TensorListGradientsTest.test_session
[  SKIPPED ] TensorListGradientsTest.test_session
[ RUN      ] VariablesGradientTest.testFnRecompute
WARNING:tensorflow:From C:\ProgramData\Anaconda3\envs\keras\lib\contextlib.py:60: TensorFlowTestCase.test_session (from tensorflow.python.framework.test_util) is deprecated and will be removed in a future version.
Instructions for updating:
Use `self.session()` or `self.cached_session()` instead.
W1006 14:01:04.507090 19204 deprecation.py:323] From C:\ProgramData\Anaconda3\envs\keras\lib\contextlib.py:60: TensorFlowTestCase.test_session (from tensorflow.python.framework.test_util) is deprecated and will be removed in a future version.
Instructions for updating:
Use `self.session()` or `self.cached_session()` instead.
2020-10-06 14:01:04.513878: I tensorflow/core/common_runtime/gpu/gpu_device.cc:1618] Found device 0 with properties: 
name: GeForce RTX 2080 Ti major: 7 minor: 5 memoryClockRate(GHz): 1.65
pciBusID: 0000:73:00.0
2020-10-06 14:01:04.515753: I tensorflow/stream_executor/platform/default/dso_loader.cc:44] Successfully opened dynamic library cudart64_100.dll
2020-10-06 14:01:04.517029: I tensorflow/stream_executor/platform/default/dso_loader.cc:44] Successfully opened dynamic library cublas64_100.dll
2020-10-06 14:01:04.518309: I tensorflow/stream_executor/platform/default/dso_loader.cc:44] Successfully opened dynamic library cufft64_100.dll
2020-10-06 14:01:04.519563: I tensorflow/stream_executor/platform/default/dso_loader.cc:44] Successfully opened dynamic library curand64_100.dll
2020-10-06 14:01:04.520822: I tensorflow/stream_executor/platform/default/dso_loader.cc:44] Successfully opened dynamic library cusolver64_100.dll
2020-10-06 14:01:04.522098: I tensorflow/stream_executor/platform/default/dso_loader.cc:44] Successfully opened dynamic library cusparse64_100.dll
2020-10-06 14:01:04.523510: I tensorflow/stream_executor/platform/default/dso_loader.cc:44] Successfully opened dynamic library cudnn64_7.dll
2020-10-06 14:01:04.525434: I tensorflow/core/common_runtime/gpu/gpu_device.cc:1746] Adding visible gpu devices: 0
2020-10-06 14:01:04.526499: I tensorflow/core/common_runtime/gpu/gpu_device.cc:1159] Device interconnect StreamExecutor with strength 1 edge matrix:
2020-10-06 14:01:04.527658: I tensorflow/core/common_runtime/gpu/gpu_device.cc:1165]      0 
2020-10-06 14:01:04.528380: I tensorflow/core/common_runtime/gpu/gpu_device.cc:1178] 0:   N 
2020-10-06 14:01:04.529795: I tensorflow/core/common_runtime/gpu/gpu_device.cc:1304] Created TensorFlow device (/job:localhost/replica:0/task:0/device:GPU:0 with 8686 MB memory) -> physical GPU (device: 0, name: GeForce RTX 2080 Ti, pci bus id: 0000:73:00.0, compute capability: 7.5)
WARNING:tensorflow:@custom_gradient grad_fn has 'variables' in signature, but no ResourceVariables were used on the forward pass.
W1006 14:01:04.538336 19204 custom_gradient.py:268] @custom_gradient grad_fn has 'variables' in signature, but no ResourceVariables were used on the forward pass.
WARNING:tensorflow:@custom_gradient grad_fn has 'variables' in signature, but no ResourceVariables were used on the forward pass.
W1006 14:01:04.569577 19204 custom_gradient.py:268] @custom_gradient grad_fn has 'variables' in signature, but no ResourceVariables were used on the forward pass.
[       OK ] VariablesGradientTest.testFnRecompute
[ RUN      ] VariablesGradientTest.testKerasRecompute
2020-10-06 14:01:04.652803: I tensorflow/core/common_runtime/gpu/gpu_device.cc:1618] Found device 0 with properties: 
name: GeForce RTX 2080 Ti major: 7 minor: 5 memoryClockRate(GHz): 1.65
pciBusID: 0000:73:00.0
2020-10-06 14:01:04.654070: I tensorflow/stream_executor/platform/default/dso_loader.cc:44] Successfully opened dynamic library cudart64_100.dll
2020-10-06 14:01:04.654919: I tensorflow/stream_executor/platform/default/dso_loader.cc:44] Successfully opened dynamic library cublas64_100.dll
2020-10-06 14:01:04.655766: I tensorflow/stream_executor/platform/default/dso_loader.cc:44] Successfully opened dynamic library cufft64_100.dll
2020-10-06 14:01:04.656600: I tensorflow/stream_executor/platform/default/dso_loader.cc:44] Successfully opened dynamic library curand64_100.dll
2020-10-06 14:01:04.657405: I tensorflow/stream_executor/platform/default/dso_loader.cc:44] Successfully opened dynamic library cusolver64_100.dll
2020-10-06 14:01:04.657918: I tensorflow/stream_executor/platform/default/dso_loader.cc:44] Successfully opened dynamic library cusparse64_100.dll
2020-10-06 14:01:04.658438: I tensorflow/stream_executor/platform/default/dso_loader.cc:44] Successfully opened dynamic library cudnn64_7.dll
2020-10-06 14:01:04.659234: I tensorflow/core/common_runtime/gpu/gpu_device.cc:1746] Adding visible gpu devices: 0
2020-10-06 14:01:04.659693: I tensorflow/core/common_runtime/gpu/gpu_device.cc:1159] Device interconnect StreamExecutor with strength 1 edge matrix:
2020-10-06 14:01:04.660212: I tensorflow/core/common_runtime/gpu/gpu_device.cc:1165]      0 
2020-10-06 14:01:04.660537: I tensorflow/core/common_runtime/gpu/gpu_device.cc:1178] 0:   N 
2020-10-06 14:01:04.661211: I tensorflow/core/common_runtime/gpu/gpu_device.cc:1304] Created TensorFlow device (/job:localhost/replica:0/task:0/device:GPU:0 with 8686 MB memory) -> physical GPU (device: 0, name: GeForce RTX 2080 Ti, pci bus id: 0000:73:00.0, compute capability: 7.5)
WARNING:tensorflow:Entity <bound method TestKerasModelClass.call of <__main__.TestKerasModelClass object at 0x000001F1B24DA588>> could not be transformed and will be executed as-is. Please report this to the AutoGraph team. When filing the bug, set the verbosity to 10 (on Linux, `export AUTOGRAPH_VERBOSITY=10`) and attach the full output. Cause: 'NoneType' object has no attribute '_fields'
W1006 14:01:04.725802 19204 ag_logging.py:146] Entity <bound method TestKerasModelClass.call of <__main__.TestKerasModelClass object at 0x000001F1B24DA588>> could not be transformed and will be executed as-is. Please report this to the AutoGraph team. When filing the bug, set the verbosity to 10 (on Linux, `export AUTOGRAPH_VERBOSITY=10`) and attach the full output. Cause: 'NoneType' object has no attribute '_fields'
WARNING:tensorflow:Entity <bound method TestKerasModelClass.call of <__main__.TestKerasModelClass object at 0x000001F1B24DA588>> could not be transformed and will be executed as-is. Please report this to the AutoGraph team. When filing the bug, set the verbosity to 10 (on Linux, `export AUTOGRAPH_VERBOSITY=10`) and attach the full output. Cause: 'NoneType' object has no attribute '_fields'
W1006 14:01:04.757044 19204 ag_logging.py:146] Entity <bound method TestKerasModelClass.call of <__main__.TestKerasModelClass object at 0x000001F1B24DA588>> could not be transformed and will be executed as-is. Please report this to the AutoGraph team. When filing the bug, set the verbosity to 10 (on Linux, `export AUTOGRAPH_VERBOSITY=10`) and attach the full output. Cause: 'NoneType' object has no attribute '_fields'
WARNING:tensorflow:Entity <bound method TestKerasModelClass.call of <__main__.TestKerasModelClass object at 0x000001F1B24DA588>> could not be transformed and will be executed as-is. Please report this to the AutoGraph team. When filing the bug, set the verbosity to 10 (on Linux, `export AUTOGRAPH_VERBOSITY=10`) and attach the full output. Cause: 'NoneType' object has no attribute '_fields'
W1006 14:01:04.788288 19204 ag_logging.py:146] Entity <bound method TestKerasModelClass.call of <__main__.TestKerasModelClass object at 0x000001F1B24DA588>> could not be transformed and will be executed as-is. Please report this to the AutoGraph team. When filing the bug, set the verbosity to 10 (on Linux, `export AUTOGRAPH_VERBOSITY=10`) and attach the full output. Cause: 'NoneType' object has no attribute '_fields'
WARNING:tensorflow:Entity <bound method TestKerasModelClass.call of <__main__.TestKerasModelClass object at 0x000001F1B24DA588>> could not be transformed and will be executed as-is. Please report this to the AutoGraph team. When filing the bug, set the verbosity to 10 (on Linux, `export AUTOGRAPH_VERBOSITY=10`) and attach the full output. Cause: 'NoneType' object has no attribute '_fields'
W1006 14:01:04.803912 19204 ag_logging.py:146] Entity <bound method TestKerasModelClass.call of <__main__.TestKerasModelClass object at 0x000001F1B24DA588>> could not be transformed and will be executed as-is. Please report this to the AutoGraph team. When filing the bug, set the verbosity to 10 (on Linux, `export AUTOGRAPH_VERBOSITY=10`) and attach the full output. Cause: 'NoneType' object has no attribute '_fields'
WARNING:tensorflow:Entity <bound method TestKerasModelClass.call of <__main__.TestKerasModelClass object at 0x000001F1B24DA588>> could not be transformed and will be executed as-is. Please report this to the AutoGraph team. When filing the bug, set the verbosity to 10 (on Linux, `export AUTOGRAPH_VERBOSITY=10`) and attach the full output. Cause: 'NoneType' object has no attribute '_fields'
W1006 14:01:04.882019 19204 ag_logging.py:146] Entity <bound method TestKerasModelClass.call of <__main__.TestKerasModelClass object at 0x000001F1B24DA588>> could not be transformed and will be executed as-is. Please report this to the AutoGraph team. When filing the bug, set the verbosity to 10 (on Linux, `export AUTOGRAPH_VERBOSITY=10`) and attach the full output. Cause: 'NoneType' object has no attribute '_fields'
WARNING:tensorflow:Entity <bound method TestKerasModelClass.call of <__main__.TestKerasModelClass object at 0x000001F1B24DA588>> could not be transformed and will be executed as-is. Please report this to the AutoGraph team. When filing the bug, set the verbosity to 10 (on Linux, `export AUTOGRAPH_VERBOSITY=10`) and attach the full output. Cause: 'NoneType' object has no attribute '_fields'
W1006 14:01:04.913264 19204 ag_logging.py:146] Entity <bound method TestKerasModelClass.call of <__main__.TestKerasModelClass object at 0x000001F1B24DA588>> could not be transformed and will be executed as-is. Please report this to the AutoGraph team. When filing the bug, set the verbosity to 10 (on Linux, `export AUTOGRAPH_VERBOSITY=10`) and attach the full output. Cause: 'NoneType' object has no attribute '_fields'
WARNING:tensorflow:Entity <bound method TestKerasModelClass.call of <__main__.TestKerasModelClass object at 0x000001F1B24DA588>> could not be transformed and will be executed as-is. Please report this to the AutoGraph team. When filing the bug, set the verbosity to 10 (on Linux, `export AUTOGRAPH_VERBOSITY=10`) and attach the full output. Cause: 'NoneType' object has no attribute '_fields'
W1006 14:01:04.944506 19204 ag_logging.py:146] Entity <bound method TestKerasModelClass.call of <__main__.TestKerasModelClass object at 0x000001F1B24DA588>> could not be transformed and will be executed as-is. Please report this to the AutoGraph team. When filing the bug, set the verbosity to 10 (on Linux, `export AUTOGRAPH_VERBOSITY=10`) and attach the full output. Cause: 'NoneType' object has no attribute '_fields'
[       OK ] VariablesGradientTest.testKerasRecompute
[ RUN      ] VariablesGradientTest.test_session
[  SKIPPED ] VariablesGradientTest.test_session
======================================================================
ERROR: testHessian1D (__main__.HessianTest)
HessianTest.testHessian1D
----------------------------------------------------------------------
Traceback (most recent call last):
  File "C:\ProgramData\Anaconda3\envs\keras\lib\site-packages\tensorflow_core\python\framework\ops.py", line 1607, in _create_c_op
    c_op = c_api.TF_FinishOperation(op_desc)
tensorflow.python.framework.errors_impl.InvalidArgumentError: Invalid value in tensor used for shape: -2

During handling of the above exception, another exception occurred:

Traceback (most recent call last):
  File "C:\ProgramData\Anaconda3\envs\keras\lib\site-packages\tensorflow_core\python\framework\test_util.py", line 1272, in decorated
    return f(self, *args, **kwargs)
  File "gradients_test.py", line 1355, in testHessian1D
    hess = gradients.hessians(x_mat_x, x)[0]
  File "C:\ProgramData\Anaconda3\envs\keras\lib\site-packages\tensorflow_core\python\ops\gradients_impl.py", line 375, in hessians
    gradient = array_ops.reshape(gradient, [-2])
  File "C:\ProgramData\Anaconda3\envs\keras\lib\site-packages\tensorflow_core\python\ops\array_ops.py", line 131, in reshape
    result = gen_array_ops.reshape(tensor, shape, name)
  File "C:\ProgramData\Anaconda3\envs\keras\lib\site-packages\tensorflow_core\python\ops\gen_array_ops.py", line 8115, in reshape
    "Reshape", tensor=tensor, shape=shape, name=name)
  File "C:\ProgramData\Anaconda3\envs\keras\lib\site-packages\tensorflow_core\python\framework\op_def_library.py", line 794, in _apply_op_helper
    op_def=op_def)
  File "C:\ProgramData\Anaconda3\envs\keras\lib\site-packages\tensorflow_core\python\util\deprecation.py", line 507, in new_func
    return func(*args, **kwargs)
  File "C:\ProgramData\Anaconda3\envs\keras\lib\site-packages\tensorflow_core\python\framework\ops.py", line 3357, in create_op
    attrs, op_def, compute_device)
  File "C:\ProgramData\Anaconda3\envs\keras\lib\site-packages\tensorflow_core\python\framework\ops.py", line 3426, in _create_op_internal
    op_def=op_def)
  File "C:\ProgramData\Anaconda3\envs\keras\lib\site-packages\tensorflow_core\python\framework\ops.py", line 1770, in __init__
    control_input_ops)
  File "C:\ProgramData\Anaconda3\envs\keras\lib\site-packages\tensorflow_core\python\framework\ops.py", line 1610, in _create_c_op
    raise ValueError(str(e))
ValueError: Invalid value in tensor used for shape: -2

======================================================================
ERROR: testHessian1D_multi (__main__.HessianTest)
HessianTest.testHessian1D_multi
----------------------------------------------------------------------
Traceback (most recent call last):
  File "C:\ProgramData\Anaconda3\envs\keras\lib\site-packages\tensorflow_core\python\framework\ops.py", line 1607, in _create_c_op
    c_op = c_api.TF_FinishOperation(op_desc)
tensorflow.python.framework.errors_impl.InvalidArgumentError: Invalid value in tensor used for shape: -2

During handling of the above exception, another exception occurred:

Traceback (most recent call last):
  File "C:\ProgramData\Anaconda3\envs\keras\lib\site-packages\tensorflow_core\python\framework\test_util.py", line 1272, in decorated
    return f(self, *args, **kwargs)
  File "gradients_test.py", line 1395, in testHessian1D_multi
    hessians = gradients.hessians(xs_mats_xs, xs)
  File "C:\ProgramData\Anaconda3\envs\keras\lib\site-packages\tensorflow_core\python\ops\gradients_impl.py", line 375, in hessians
    gradient = array_ops.reshape(gradient, [-2])
  File "C:\ProgramData\Anaconda3\envs\keras\lib\site-packages\tensorflow_core\python\ops\array_ops.py", line 131, in reshape
    result = gen_array_ops.reshape(tensor, shape, name)
  File "C:\ProgramData\Anaconda3\envs\keras\lib\site-packages\tensorflow_core\python\ops\gen_array_ops.py", line 8115, in reshape
    "Reshape", tensor=tensor, shape=shape, name=name)
  File "C:\ProgramData\Anaconda3\envs\keras\lib\site-packages\tensorflow_core\python\framework\op_def_library.py", line 794, in _apply_op_helper
    op_def=op_def)
  File "C:\ProgramData\Anaconda3\envs\keras\lib\site-packages\tensorflow_core\python\util\deprecation.py", line 507, in new_func
    return func(*args, **kwargs)
  File "C:\ProgramData\Anaconda3\envs\keras\lib\site-packages\tensorflow_core\python\framework\ops.py", line 3357, in create_op
    attrs, op_def, compute_device)
  File "C:\ProgramData\Anaconda3\envs\keras\lib\site-packages\tensorflow_core\python\framework\ops.py", line 3426, in _create_op_internal
    op_def=op_def)
  File "C:\ProgramData\Anaconda3\envs\keras\lib\site-packages\tensorflow_core\python\framework\ops.py", line 1770, in __init__
    control_input_ops)
  File "C:\ProgramData\Anaconda3\envs\keras\lib\site-packages\tensorflow_core\python\framework\ops.py", line 1610, in _create_c_op
    raise ValueError(str(e))
ValueError: Invalid value in tensor used for shape: -2

======================================================================
ERROR: testHessian2D_non_square_matrix (__main__.HessianTest)
HessianTest.testHessian2D_non_square_matrix
----------------------------------------------------------------------
Traceback (most recent call last):
  File "C:\ProgramData\Anaconda3\envs\keras\lib\site-packages\tensorflow_core\python\framework\ops.py", line 1607, in _create_c_op
    c_op = c_api.TF_FinishOperation(op_desc)
tensorflow.python.framework.errors_impl.InvalidArgumentError: Invalid value in tensor used for shape: -2

During handling of the above exception, another exception occurred:

Traceback (most recent call last):
  File "C:\ProgramData\Anaconda3\envs\keras\lib\site-packages\tensorflow_core\python\framework\test_util.py", line 1272, in decorated
    return f(self, *args, **kwargs)
  File "gradients_test.py", line 1489, in testHessian2D_non_square_matrix
    hess = gradients.hessians(x_square, x)[0]
  File "C:\ProgramData\Anaconda3\envs\keras\lib\site-packages\tensorflow_core\python\ops\gradients_impl.py", line 375, in hessians
    gradient = array_ops.reshape(gradient, [-2])
  File "C:\ProgramData\Anaconda3\envs\keras\lib\site-packages\tensorflow_core\python\ops\array_ops.py", line 131, in reshape
    result = gen_array_ops.reshape(tensor, shape, name)
  File "C:\ProgramData\Anaconda3\envs\keras\lib\site-packages\tensorflow_core\python\ops\gen_array_ops.py", line 8115, in reshape
    "Reshape", tensor=tensor, shape=shape, name=name)
  File "C:\ProgramData\Anaconda3\envs\keras\lib\site-packages\tensorflow_core\python\framework\op_def_library.py", line 794, in _apply_op_helper
    op_def=op_def)
  File "C:\ProgramData\Anaconda3\envs\keras\lib\site-packages\tensorflow_core\python\util\deprecation.py", line 507, in new_func
    return func(*args, **kwargs)
  File "C:\ProgramData\Anaconda3\envs\keras\lib\site-packages\tensorflow_core\python\framework\ops.py", line 3357, in create_op
    attrs, op_def, compute_device)
  File "C:\ProgramData\Anaconda3\envs\keras\lib\site-packages\tensorflow_core\python\framework\ops.py", line 3426, in _create_op_internal
    op_def=op_def)
  File "C:\ProgramData\Anaconda3\envs\keras\lib\site-packages\tensorflow_core\python\framework\ops.py", line 1770, in __init__
    control_input_ops)
  File "C:\ProgramData\Anaconda3\envs\keras\lib\site-packages\tensorflow_core\python\framework\ops.py", line 1610, in _create_c_op
    raise ValueError(str(e))
ValueError: Invalid value in tensor used for shape: -2

======================================================================
ERROR: testHessian2D_square_matrix (__main__.HessianTest)
HessianTest.testHessian2D_square_matrix
----------------------------------------------------------------------
Traceback (most recent call last):
  File "C:\ProgramData\Anaconda3\envs\keras\lib\site-packages\tensorflow_core\python\framework\ops.py", line 1607, in _create_c_op
    c_op = c_api.TF_FinishOperation(op_desc)
tensorflow.python.framework.errors_impl.InvalidArgumentError: Invalid value in tensor used for shape: -2

During handling of the above exception, another exception occurred:

Traceback (most recent call last):
  File "C:\ProgramData\Anaconda3\envs\keras\lib\site-packages\tensorflow_core\python\framework\test_util.py", line 1272, in decorated
    return f(self, *args, **kwargs)
  File "gradients_test.py", line 1449, in testHessian2D_square_matrix
    hess = gradients.hessians(x_square, x)[0]
  File "C:\ProgramData\Anaconda3\envs\keras\lib\site-packages\tensorflow_core\python\ops\gradients_impl.py", line 375, in hessians
    gradient = array_ops.reshape(gradient, [-2])
  File "C:\ProgramData\Anaconda3\envs\keras\lib\site-packages\tensorflow_core\python\ops\array_ops.py", line 131, in reshape
    result = gen_array_ops.reshape(tensor, shape, name)
  File "C:\ProgramData\Anaconda3\envs\keras\lib\site-packages\tensorflow_core\python\ops\gen_array_ops.py", line 8115, in reshape
    "Reshape", tensor=tensor, shape=shape, name=name)
  File "C:\ProgramData\Anaconda3\envs\keras\lib\site-packages\tensorflow_core\python\framework\op_def_library.py", line 794, in _apply_op_helper
    op_def=op_def)
  File "C:\ProgramData\Anaconda3\envs\keras\lib\site-packages\tensorflow_core\python\util\deprecation.py", line 507, in new_func
    return func(*args, **kwargs)
  File "C:\ProgramData\Anaconda3\envs\keras\lib\site-packages\tensorflow_core\python\framework\ops.py", line 3357, in create_op
    attrs, op_def, compute_device)
  File "C:\ProgramData\Anaconda3\envs\keras\lib\site-packages\tensorflow_core\python\framework\ops.py", line 3426, in _create_op_internal
    op_def=op_def)
  File "C:\ProgramData\Anaconda3\envs\keras\lib\site-packages\tensorflow_core\python\framework\ops.py", line 1770, in __init__
    control_input_ops)
  File "C:\ProgramData\Anaconda3\envs\keras\lib\site-packages\tensorflow_core\python\framework\ops.py", line 1610, in _create_c_op
    raise ValueError(str(e))
ValueError: Invalid value in tensor used for shape: -2

----------------------------------------------------------------------
Ran 88 tests in 10.246s

FAILED (errors=4, skipped=16)
