2020-10-06 21:01:21.408119: I tensorflow/stream_executor/platform/default/dso_loader.cc:44] Successfully opened dynamic library cudart64_100.dll
Running tests under Python 3.6.12: C:\ProgramData\Anaconda3\envs\keras\python.exe
[ RUN      ] AdagradOptimizerTest.testBasic
WARNING:tensorflow:From C:\ProgramData\Anaconda3\envs\keras\lib\site-packages\tensorflow_core\python\ops\resource_variable_ops.py:1630: calling BaseResourceVariable.__init__ (from tensorflow.python.ops.resource_variable_ops) with constraint is deprecated and will be removed in a future version.
Instructions for updating:
If using Keras pass *_constraint arguments to layers.
W1006 21:01:25.253976 16904 deprecation.py:506] From C:\ProgramData\Anaconda3\envs\keras\lib\site-packages\tensorflow_core\python\ops\resource_variable_ops.py:1630: calling BaseResourceVariable.__init__ (from tensorflow.python.ops.resource_variable_ops) with constraint is deprecated and will be removed in a future version.
Instructions for updating:
If using Keras pass *_constraint arguments to layers.
WARNING:tensorflow:From C:\ProgramData\Anaconda3\envs\keras\lib\site-packages\tensorflow_core\python\training\adagrad.py:76: calling Constant.__init__ (from tensorflow.python.ops.init_ops) with dtype is deprecated and will be removed in a future version.
Instructions for updating:
Call initializer instance with the dtype argument instead of passing it to the constructor
W1006 21:01:25.253976 16904 deprecation.py:506] From C:\ProgramData\Anaconda3\envs\keras\lib\site-packages\tensorflow_core\python\training\adagrad.py:76: calling Constant.__init__ (from tensorflow.python.ops.init_ops) with dtype is deprecated and will be removed in a future version.
Instructions for updating:
Call initializer instance with the dtype argument instead of passing it to the constructor
[  FAILED  ] AdagradOptimizerTest.testBasic
[ RUN      ] AdagradOptimizerTest.testBasicCallableParams
2020-10-06 21:01:25.280473: I tensorflow/stream_executor/platform/default/dso_loader.cc:44] Successfully opened dynamic library nvcuda.dll
2020-10-06 21:01:25.406379: I tensorflow/core/common_runtime/gpu/gpu_device.cc:1618] Found device 0 with properties: 
name: GeForce RTX 2080 Ti major: 7 minor: 5 memoryClockRate(GHz): 1.65
pciBusID: 0000:73:00.0
2020-10-06 21:01:25.407126: I tensorflow/stream_executor/platform/default/dso_loader.cc:44] Successfully opened dynamic library cudart64_100.dll
2020-10-06 21:01:25.412499: I tensorflow/stream_executor/platform/default/dso_loader.cc:44] Successfully opened dynamic library cublas64_100.dll
2020-10-06 21:01:25.417388: I tensorflow/stream_executor/platform/default/dso_loader.cc:44] Successfully opened dynamic library cufft64_100.dll
2020-10-06 21:01:25.419395: I tensorflow/stream_executor/platform/default/dso_loader.cc:44] Successfully opened dynamic library curand64_100.dll
2020-10-06 21:01:25.425709: I tensorflow/stream_executor/platform/default/dso_loader.cc:44] Successfully opened dynamic library cusolver64_100.dll
2020-10-06 21:01:25.429795: I tensorflow/stream_executor/platform/default/dso_loader.cc:44] Successfully opened dynamic library cusparse64_100.dll
2020-10-06 21:01:25.442161: I tensorflow/stream_executor/platform/default/dso_loader.cc:44] Successfully opened dynamic library cudnn64_7.dll
2020-10-06 21:01:25.443113: I tensorflow/core/common_runtime/gpu/gpu_device.cc:1746] Adding visible gpu devices: 0
2020-10-06 21:01:25.443692: I tensorflow/core/platform/cpu_feature_guard.cc:142] Your CPU supports instructions that this TensorFlow binary was not compiled to use: AVX2
2020-10-06 21:01:25.458048: I tensorflow/core/common_runtime/gpu/gpu_device.cc:1618] Found device 0 with properties: 
name: GeForce RTX 2080 Ti major: 7 minor: 5 memoryClockRate(GHz): 1.65
pciBusID: 0000:73:00.0
2020-10-06 21:01:25.458611: I tensorflow/stream_executor/platform/default/dso_loader.cc:44] Successfully opened dynamic library cudart64_100.dll
2020-10-06 21:01:25.458954: I tensorflow/stream_executor/platform/default/dso_loader.cc:44] Successfully opened dynamic library cublas64_100.dll
2020-10-06 21:01:25.459345: I tensorflow/stream_executor/platform/default/dso_loader.cc:44] Successfully opened dynamic library cufft64_100.dll
2020-10-06 21:01:25.459686: I tensorflow/stream_executor/platform/default/dso_loader.cc:44] Successfully opened dynamic library curand64_100.dll
2020-10-06 21:01:25.460034: I tensorflow/stream_executor/platform/default/dso_loader.cc:44] Successfully opened dynamic library cusolver64_100.dll
2020-10-06 21:01:25.460378: I tensorflow/stream_executor/platform/default/dso_loader.cc:44] Successfully opened dynamic library cusparse64_100.dll
2020-10-06 21:01:25.460726: I tensorflow/stream_executor/platform/default/dso_loader.cc:44] Successfully opened dynamic library cudnn64_7.dll
2020-10-06 21:01:25.461619: I tensorflow/core/common_runtime/gpu/gpu_device.cc:1746] Adding visible gpu devices: 0
2020-10-06 21:01:26.593846: I tensorflow/core/common_runtime/gpu/gpu_device.cc:1159] Device interconnect StreamExecutor with strength 1 edge matrix:
2020-10-06 21:01:26.594264: I tensorflow/core/common_runtime/gpu/gpu_device.cc:1165]      0 
2020-10-06 21:01:26.594534: I tensorflow/core/common_runtime/gpu/gpu_device.cc:1178] 0:   N 
2020-10-06 21:01:26.595513: I tensorflow/core/common_runtime/gpu/gpu_device.cc:1304] Created TensorFlow device (/job:localhost/replica:0/task:0/device:GPU:0 with 8686 MB memory) -> physical GPU (device: 0, name: GeForce RTX 2080 Ti, pci bus id: 0000:73:00.0, compute capability: 7.5)
[  FAILED  ] AdagradOptimizerTest.testBasicCallableParams
[ RUN      ] AdagradOptimizerTest.testBasicLocked
[  FAILED  ] AdagradOptimizerTest.testBasicLocked
[ RUN      ] AdagradOptimizerTest.testBasicResource
WARNING:tensorflow:From C:\ProgramData\Anaconda3\envs\keras\lib\contextlib.py:60: TensorFlowTestCase.test_session (from tensorflow.python.framework.test_util) is deprecated and will be removed in a future version.
Instructions for updating:
Use `self.session()` or `self.cached_session()` instead.
W1006 21:01:27.066114 16904 deprecation.py:323] From C:\ProgramData\Anaconda3\envs\keras\lib\contextlib.py:60: TensorFlowTestCase.test_session (from tensorflow.python.framework.test_util) is deprecated and will be removed in a future version.
Instructions for updating:
Use `self.session()` or `self.cached_session()` instead.
2020-10-06 21:01:27.068084: I tensorflow/core/common_runtime/gpu/gpu_device.cc:1618] Found device 0 with properties: 
name: GeForce RTX 2080 Ti major: 7 minor: 5 memoryClockRate(GHz): 1.65
pciBusID: 0000:73:00.0
2020-10-06 21:01:27.068610: I tensorflow/stream_executor/platform/default/dso_loader.cc:44] Successfully opened dynamic library cudart64_100.dll
2020-10-06 21:01:27.068957: I tensorflow/stream_executor/platform/default/dso_loader.cc:44] Successfully opened dynamic library cublas64_100.dll
2020-10-06 21:01:27.069305: I tensorflow/stream_executor/platform/default/dso_loader.cc:44] Successfully opened dynamic library cufft64_100.dll
2020-10-06 21:01:27.069649: I tensorflow/stream_executor/platform/default/dso_loader.cc:44] Successfully opened dynamic library curand64_100.dll
2020-10-06 21:01:27.069995: I tensorflow/stream_executor/platform/default/dso_loader.cc:44] Successfully opened dynamic library cusolver64_100.dll
2020-10-06 21:01:27.070342: I tensorflow/stream_executor/platform/default/dso_loader.cc:44] Successfully opened dynamic library cusparse64_100.dll
2020-10-06 21:01:27.070698: I tensorflow/stream_executor/platform/default/dso_loader.cc:44] Successfully opened dynamic library cudnn64_7.dll
2020-10-06 21:01:27.071260: I tensorflow/core/common_runtime/gpu/gpu_device.cc:1746] Adding visible gpu devices: 0
2020-10-06 21:01:27.071569: I tensorflow/core/common_runtime/gpu/gpu_device.cc:1159] Device interconnect StreamExecutor with strength 1 edge matrix:
2020-10-06 21:01:27.071921: I tensorflow/core/common_runtime/gpu/gpu_device.cc:1165]      0 
2020-10-06 21:01:27.072139: I tensorflow/core/common_runtime/gpu/gpu_device.cc:1178] 0:   N 
2020-10-06 21:01:27.072626: I tensorflow/core/common_runtime/gpu/gpu_device.cc:1304] Created TensorFlow device (/job:localhost/replica:0/task:0/device:GPU:0 with 8686 MB memory) -> physical GPU (device: 0, name: GeForce RTX 2080 Ti, pci bus id: 0000:73:00.0, compute capability: 7.5)
[  FAILED  ] AdagradOptimizerTest.testBasicResource
[ RUN      ] AdagradOptimizerTest.testDynamicShapeVariableWithCallableInit
WARNING:tensorflow:From C:\ProgramData\Anaconda3\envs\keras\lib\site-packages\tensorflow_core\python\ops\variables.py:2825: Variable.initialized_value (from tensorflow.python.ops.variables) is deprecated and will be removed in a future version.
Instructions for updating:
Use Variable.read_value. Variables in 2.X are initialized automatically both in eager and graph (inside tf.defun) contexts.
W1006 21:01:27.097358 16904 deprecation.py:323] From C:\ProgramData\Anaconda3\envs\keras\lib\site-packages\tensorflow_core\python\ops\variables.py:2825: Variable.initialized_value (from tensorflow.python.ops.variables) is deprecated and will be removed in a future version.
Instructions for updating:
Use Variable.read_value. Variables in 2.X are initialized automatically both in eager and graph (inside tf.defun) contexts.
[  FAILED  ] AdagradOptimizerTest.testDynamicShapeVariableWithCallableInit
[ RUN      ] AdagradOptimizerTest.testDynamicShapeVariable_Ok
2020-10-06 21:01:27.129620: I tensorflow/core/common_runtime/gpu/gpu_device.cc:1618] Found device 0 with properties: 
name: GeForce RTX 2080 Ti major: 7 minor: 5 memoryClockRate(GHz): 1.65
pciBusID: 0000:73:00.0
2020-10-06 21:01:27.130161: I tensorflow/stream_executor/platform/default/dso_loader.cc:44] Successfully opened dynamic library cudart64_100.dll
2020-10-06 21:01:27.130555: I tensorflow/stream_executor/platform/default/dso_loader.cc:44] Successfully opened dynamic library cublas64_100.dll
2020-10-06 21:01:27.130926: I tensorflow/stream_executor/platform/default/dso_loader.cc:44] Successfully opened dynamic library cufft64_100.dll
2020-10-06 21:01:27.131294: I tensorflow/stream_executor/platform/default/dso_loader.cc:44] Successfully opened dynamic library curand64_100.dll
2020-10-06 21:01:27.131668: I tensorflow/stream_executor/platform/default/dso_loader.cc:44] Successfully opened dynamic library cusolver64_100.dll
2020-10-06 21:01:27.132018: I tensorflow/stream_executor/platform/default/dso_loader.cc:44] Successfully opened dynamic library cusparse64_100.dll
2020-10-06 21:01:27.132369: I tensorflow/stream_executor/platform/default/dso_loader.cc:44] Successfully opened dynamic library cudnn64_7.dll
2020-10-06 21:01:27.132930: I tensorflow/core/common_runtime/gpu/gpu_device.cc:1746] Adding visible gpu devices: 0
2020-10-06 21:01:27.133249: I tensorflow/core/common_runtime/gpu/gpu_device.cc:1159] Device interconnect StreamExecutor with strength 1 edge matrix:
2020-10-06 21:01:27.133648: I tensorflow/core/common_runtime/gpu/gpu_device.cc:1165]      0 
2020-10-06 21:01:27.133887: I tensorflow/core/common_runtime/gpu/gpu_device.cc:1178] 0:   N 
2020-10-06 21:01:27.134408: I tensorflow/core/common_runtime/gpu/gpu_device.cc:1304] Created TensorFlow device (/job:localhost/replica:0/task:0/device:GPU:0 with 8686 MB memory) -> physical GPU (device: 0, name: GeForce RTX 2080 Ti, pci bus id: 0000:73:00.0, compute capability: 7.5)
[       OK ] AdagradOptimizerTest.testDynamicShapeVariable_Ok
[ RUN      ] AdagradOptimizerTest.testMinimizeSparseResourceVariable
2020-10-06 21:01:27.138161: I tensorflow/core/common_runtime/gpu/gpu_device.cc:1618] Found device 0 with properties: 
name: GeForce RTX 2080 Ti major: 7 minor: 5 memoryClockRate(GHz): 1.65
pciBusID: 0000:73:00.0
2020-10-06 21:01:27.138682: I tensorflow/stream_executor/platform/default/dso_loader.cc:44] Successfully opened dynamic library cudart64_100.dll
2020-10-06 21:01:27.139030: I tensorflow/stream_executor/platform/default/dso_loader.cc:44] Successfully opened dynamic library cublas64_100.dll
2020-10-06 21:01:27.139392: I tensorflow/stream_executor/platform/default/dso_loader.cc:44] Successfully opened dynamic library cufft64_100.dll
2020-10-06 21:01:27.139770: I tensorflow/stream_executor/platform/default/dso_loader.cc:44] Successfully opened dynamic library curand64_100.dll
2020-10-06 21:01:27.140144: I tensorflow/stream_executor/platform/default/dso_loader.cc:44] Successfully opened dynamic library cusolver64_100.dll
2020-10-06 21:01:27.140583: I tensorflow/stream_executor/platform/default/dso_loader.cc:44] Successfully opened dynamic library cusparse64_100.dll
2020-10-06 21:01:27.140981: I tensorflow/stream_executor/platform/default/dso_loader.cc:44] Successfully opened dynamic library cudnn64_7.dll
2020-10-06 21:01:27.141571: I tensorflow/core/common_runtime/gpu/gpu_device.cc:1746] Adding visible gpu devices: 0
2020-10-06 21:01:27.141894: I tensorflow/core/common_runtime/gpu/gpu_device.cc:1159] Device interconnect StreamExecutor with strength 1 edge matrix:
2020-10-06 21:01:27.142301: I tensorflow/core/common_runtime/gpu/gpu_device.cc:1165]      0 
2020-10-06 21:01:27.142574: I tensorflow/core/common_runtime/gpu/gpu_device.cc:1178] 0:   N 
2020-10-06 21:01:27.143217: I tensorflow/core/common_runtime/gpu/gpu_device.cc:1304] Created TensorFlow device (/job:localhost/replica:0/task:0/device:GPU:0 with 8686 MB memory) -> physical GPU (device: 0, name: GeForce RTX 2080 Ti, pci bus id: 0000:73:00.0, compute capability: 7.5)
[  FAILED  ] AdagradOptimizerTest.testMinimizeSparseResourceVariable
[ RUN      ] AdagradOptimizerTest.testSharing
2020-10-06 21:01:27.180183: I tensorflow/core/common_runtime/gpu/gpu_device.cc:1618] Found device 0 with properties: 
name: GeForce RTX 2080 Ti major: 7 minor: 5 memoryClockRate(GHz): 1.65
pciBusID: 0000:73:00.0
2020-10-06 21:01:27.180745: I tensorflow/stream_executor/platform/default/dso_loader.cc:44] Successfully opened dynamic library cudart64_100.dll
2020-10-06 21:01:27.181120: I tensorflow/stream_executor/platform/default/dso_loader.cc:44] Successfully opened dynamic library cublas64_100.dll
2020-10-06 21:01:27.181490: I tensorflow/stream_executor/platform/default/dso_loader.cc:44] Successfully opened dynamic library cufft64_100.dll
2020-10-06 21:01:27.181853: I tensorflow/stream_executor/platform/default/dso_loader.cc:44] Successfully opened dynamic library curand64_100.dll
2020-10-06 21:01:27.182225: I tensorflow/stream_executor/platform/default/dso_loader.cc:44] Successfully opened dynamic library cusolver64_100.dll
2020-10-06 21:01:27.182596: I tensorflow/stream_executor/platform/default/dso_loader.cc:44] Successfully opened dynamic library cusparse64_100.dll
2020-10-06 21:01:27.182967: I tensorflow/stream_executor/platform/default/dso_loader.cc:44] Successfully opened dynamic library cudnn64_7.dll
2020-10-06 21:01:27.183565: I tensorflow/core/common_runtime/gpu/gpu_device.cc:1746] Adding visible gpu devices: 0
2020-10-06 21:01:27.183896: I tensorflow/core/common_runtime/gpu/gpu_device.cc:1159] Device interconnect StreamExecutor with strength 1 edge matrix:
2020-10-06 21:01:27.184272: I tensorflow/core/common_runtime/gpu/gpu_device.cc:1165]      0 
2020-10-06 21:01:27.184506: I tensorflow/core/common_runtime/gpu/gpu_device.cc:1178] 0:   N 
2020-10-06 21:01:27.185022: I tensorflow/core/common_runtime/gpu/gpu_device.cc:1304] Created TensorFlow device (/job:localhost/replica:0/task:0/device:GPU:0 with 8686 MB memory) -> physical GPU (device: 0, name: GeForce RTX 2080 Ti, pci bus id: 0000:73:00.0, compute capability: 7.5)
[  FAILED  ] AdagradOptimizerTest.testSharing
[ RUN      ] AdagradOptimizerTest.testSparseBasic
2020-10-06 21:01:27.201721: I tensorflow/core/common_runtime/gpu/gpu_device.cc:1618] Found device 0 with properties: 
name: GeForce RTX 2080 Ti major: 7 minor: 5 memoryClockRate(GHz): 1.65
pciBusID: 0000:73:00.0
2020-10-06 21:01:27.202277: I tensorflow/stream_executor/platform/default/dso_loader.cc:44] Successfully opened dynamic library cudart64_100.dll
2020-10-06 21:01:27.202645: I tensorflow/stream_executor/platform/default/dso_loader.cc:44] Successfully opened dynamic library cublas64_100.dll
2020-10-06 21:01:27.203013: I tensorflow/stream_executor/platform/default/dso_loader.cc:44] Successfully opened dynamic library cufft64_100.dll
2020-10-06 21:01:27.203376: I tensorflow/stream_executor/platform/default/dso_loader.cc:44] Successfully opened dynamic library curand64_100.dll
2020-10-06 21:01:27.203800: I tensorflow/stream_executor/platform/default/dso_loader.cc:44] Successfully opened dynamic library cusolver64_100.dll
2020-10-06 21:01:27.204170: I tensorflow/stream_executor/platform/default/dso_loader.cc:44] Successfully opened dynamic library cusparse64_100.dll
2020-10-06 21:01:27.204545: I tensorflow/stream_executor/platform/default/dso_loader.cc:44] Successfully opened dynamic library cudnn64_7.dll
2020-10-06 21:01:27.205142: I tensorflow/core/common_runtime/gpu/gpu_device.cc:1746] Adding visible gpu devices: 0
2020-10-06 21:01:27.205472: I tensorflow/core/common_runtime/gpu/gpu_device.cc:1159] Device interconnect StreamExecutor with strength 1 edge matrix:
2020-10-06 21:01:27.205848: I tensorflow/core/common_runtime/gpu/gpu_device.cc:1165]      0 
2020-10-06 21:01:27.206083: I tensorflow/core/common_runtime/gpu/gpu_device.cc:1178] 0:   N 
2020-10-06 21:01:27.206596: I tensorflow/core/common_runtime/gpu/gpu_device.cc:1304] Created TensorFlow device (/job:localhost/replica:0/task:0/device:GPU:0 with 8686 MB memory) -> physical GPU (device: 0, name: GeForce RTX 2080 Ti, pci bus id: 0000:73:00.0, compute capability: 7.5)
[  FAILED  ] AdagradOptimizerTest.testSparseBasic
[ RUN      ] AdagradOptimizerTest.testSparseRepeatedIndices
2020-10-06 21:01:27.228978: I tensorflow/core/common_runtime/gpu/gpu_device.cc:1618] Found device 0 with properties: 
name: GeForce RTX 2080 Ti major: 7 minor: 5 memoryClockRate(GHz): 1.65
pciBusID: 0000:73:00.0
2020-10-06 21:01:27.229541: I tensorflow/stream_executor/platform/default/dso_loader.cc:44] Successfully opened dynamic library cudart64_100.dll
2020-10-06 21:01:27.229909: I tensorflow/stream_executor/platform/default/dso_loader.cc:44] Successfully opened dynamic library cublas64_100.dll
2020-10-06 21:01:27.230277: I tensorflow/stream_executor/platform/default/dso_loader.cc:44] Successfully opened dynamic library cufft64_100.dll
2020-10-06 21:01:27.230631: I tensorflow/stream_executor/platform/default/dso_loader.cc:44] Successfully opened dynamic library curand64_100.dll
2020-10-06 21:01:27.230972: I tensorflow/stream_executor/platform/default/dso_loader.cc:44] Successfully opened dynamic library cusolver64_100.dll
2020-10-06 21:01:27.231315: I tensorflow/stream_executor/platform/default/dso_loader.cc:44] Successfully opened dynamic library cusparse64_100.dll
2020-10-06 21:01:27.231658: I tensorflow/stream_executor/platform/default/dso_loader.cc:44] Successfully opened dynamic library cudnn64_7.dll
2020-10-06 21:01:27.232288: I tensorflow/core/common_runtime/gpu/gpu_device.cc:1746] Adding visible gpu devices: 0
2020-10-06 21:01:27.232618: I tensorflow/core/common_runtime/gpu/gpu_device.cc:1159] Device interconnect StreamExecutor with strength 1 edge matrix:
2020-10-06 21:01:27.232996: I tensorflow/core/common_runtime/gpu/gpu_device.cc:1165]      0 
2020-10-06 21:01:27.233230: I tensorflow/core/common_runtime/gpu/gpu_device.cc:1178] 0:   N 
2020-10-06 21:01:27.233716: I tensorflow/core/common_runtime/gpu/gpu_device.cc:1304] Created TensorFlow device (/job:localhost/replica:0/task:0/device:GPU:0 with 8686 MB memory) -> physical GPU (device: 0, name: GeForce RTX 2080 Ti, pci bus id: 0000:73:00.0, compute capability: 7.5)
[  FAILED  ] AdagradOptimizerTest.testSparseRepeatedIndices
[ RUN      ] AdagradOptimizerTest.testSparseRepeatedIndicesResourceVariable
2020-10-06 21:01:27.251787: I tensorflow/core/common_runtime/gpu/gpu_device.cc:1618] Found device 0 with properties: 
name: GeForce RTX 2080 Ti major: 7 minor: 5 memoryClockRate(GHz): 1.65
pciBusID: 0000:73:00.0
2020-10-06 21:01:27.252309: I tensorflow/stream_executor/platform/default/dso_loader.cc:44] Successfully opened dynamic library cudart64_100.dll
2020-10-06 21:01:27.252690: I tensorflow/stream_executor/platform/default/dso_loader.cc:44] Successfully opened dynamic library cublas64_100.dll
2020-10-06 21:01:27.253060: I tensorflow/stream_executor/platform/default/dso_loader.cc:44] Successfully opened dynamic library cufft64_100.dll
2020-10-06 21:01:27.253459: I tensorflow/stream_executor/platform/default/dso_loader.cc:44] Successfully opened dynamic library curand64_100.dll
2020-10-06 21:01:27.253831: I tensorflow/stream_executor/platform/default/dso_loader.cc:44] Successfully opened dynamic library cusolver64_100.dll
2020-10-06 21:01:27.254201: I tensorflow/stream_executor/platform/default/dso_loader.cc:44] Successfully opened dynamic library cusparse64_100.dll
2020-10-06 21:01:27.254571: I tensorflow/stream_executor/platform/default/dso_loader.cc:44] Successfully opened dynamic library cudnn64_7.dll
2020-10-06 21:01:27.255161: I tensorflow/core/common_runtime/gpu/gpu_device.cc:1746] Adding visible gpu devices: 0
2020-10-06 21:01:27.255502: I tensorflow/core/common_runtime/gpu/gpu_device.cc:1159] Device interconnect StreamExecutor with strength 1 edge matrix:
2020-10-06 21:01:27.255880: I tensorflow/core/common_runtime/gpu/gpu_device.cc:1165]      0 
2020-10-06 21:01:27.256114: I tensorflow/core/common_runtime/gpu/gpu_device.cc:1178] 0:   N 
2020-10-06 21:01:27.256631: I tensorflow/core/common_runtime/gpu/gpu_device.cc:1304] Created TensorFlow device (/job:localhost/replica:0/task:0/device:GPU:0 with 8686 MB memory) -> physical GPU (device: 0, name: GeForce RTX 2080 Ti, pci bus id: 0000:73:00.0, compute capability: 7.5)
[  FAILED  ] AdagradOptimizerTest.testSparseRepeatedIndicesResourceVariable
[ RUN      ] AdagradOptimizerTest.testSparseStability
2020-10-06 21:01:27.290372: I tensorflow/core/common_runtime/gpu/gpu_device.cc:1618] Found device 0 with properties: 
name: GeForce RTX 2080 Ti major: 7 minor: 5 memoryClockRate(GHz): 1.65
pciBusID: 0000:73:00.0
2020-10-06 21:01:27.290937: I tensorflow/stream_executor/platform/default/dso_loader.cc:44] Successfully opened dynamic library cudart64_100.dll
2020-10-06 21:01:27.291312: I tensorflow/stream_executor/platform/default/dso_loader.cc:44] Successfully opened dynamic library cublas64_100.dll
2020-10-06 21:01:27.291683: I tensorflow/stream_executor/platform/default/dso_loader.cc:44] Successfully opened dynamic library cufft64_100.dll
2020-10-06 21:01:27.292045: I tensorflow/stream_executor/platform/default/dso_loader.cc:44] Successfully opened dynamic library curand64_100.dll
2020-10-06 21:01:27.292418: I tensorflow/stream_executor/platform/default/dso_loader.cc:44] Successfully opened dynamic library cusolver64_100.dll
2020-10-06 21:01:27.292790: I tensorflow/stream_executor/platform/default/dso_loader.cc:44] Successfully opened dynamic library cusparse64_100.dll
2020-10-06 21:01:27.293165: I tensorflow/stream_executor/platform/default/dso_loader.cc:44] Successfully opened dynamic library cudnn64_7.dll
2020-10-06 21:01:27.293759: I tensorflow/core/common_runtime/gpu/gpu_device.cc:1746] Adding visible gpu devices: 0
2020-10-06 21:01:27.294092: I tensorflow/core/common_runtime/gpu/gpu_device.cc:1159] Device interconnect StreamExecutor with strength 1 edge matrix:
2020-10-06 21:01:27.294479: I tensorflow/core/common_runtime/gpu/gpu_device.cc:1165]      0 
2020-10-06 21:01:27.294721: I tensorflow/core/common_runtime/gpu/gpu_device.cc:1178] 0:   N 
2020-10-06 21:01:27.295237: I tensorflow/core/common_runtime/gpu/gpu_device.cc:1304] Created TensorFlow device (/job:localhost/replica:0/task:0/device:GPU:0 with 8686 MB memory) -> physical GPU (device: 0, name: GeForce RTX 2080 Ti, pci bus id: 0000:73:00.0, compute capability: 7.5)
[  FAILED  ] AdagradOptimizerTest.testSparseStability
[ RUN      ] AdagradOptimizerTest.testTensorLearningRate
2020-10-06 21:01:27.313000: I tensorflow/core/common_runtime/gpu/gpu_device.cc:1618] Found device 0 with properties: 
name: GeForce RTX 2080 Ti major: 7 minor: 5 memoryClockRate(GHz): 1.65
pciBusID: 0000:73:00.0
2020-10-06 21:01:27.313570: I tensorflow/stream_executor/platform/default/dso_loader.cc:44] Successfully opened dynamic library cudart64_100.dll
2020-10-06 21:01:27.313944: I tensorflow/stream_executor/platform/default/dso_loader.cc:44] Successfully opened dynamic library cublas64_100.dll
2020-10-06 21:01:27.314309: I tensorflow/stream_executor/platform/default/dso_loader.cc:44] Successfully opened dynamic library cufft64_100.dll
2020-10-06 21:01:27.314688: I tensorflow/stream_executor/platform/default/dso_loader.cc:44] Successfully opened dynamic library curand64_100.dll
2020-10-06 21:01:27.315056: I tensorflow/stream_executor/platform/default/dso_loader.cc:44] Successfully opened dynamic library cusolver64_100.dll
2020-10-06 21:01:27.315429: I tensorflow/stream_executor/platform/default/dso_loader.cc:44] Successfully opened dynamic library cusparse64_100.dll
2020-10-06 21:01:27.315810: I tensorflow/stream_executor/platform/default/dso_loader.cc:44] Successfully opened dynamic library cudnn64_7.dll
2020-10-06 21:01:27.316430: I tensorflow/core/common_runtime/gpu/gpu_device.cc:1746] Adding visible gpu devices: 0
2020-10-06 21:01:27.316765: I tensorflow/core/common_runtime/gpu/gpu_device.cc:1159] Device interconnect StreamExecutor with strength 1 edge matrix:
2020-10-06 21:01:27.317141: I tensorflow/core/common_runtime/gpu/gpu_device.cc:1165]      0 
2020-10-06 21:01:27.317377: I tensorflow/core/common_runtime/gpu/gpu_device.cc:1178] 0:   N 
2020-10-06 21:01:27.317892: I tensorflow/core/common_runtime/gpu/gpu_device.cc:1304] Created TensorFlow device (/job:localhost/replica:0/task:0/device:GPU:0 with 8686 MB memory) -> physical GPU (device: 0, name: GeForce RTX 2080 Ti, pci bus id: 0000:73:00.0, compute capability: 7.5)
[  FAILED  ] AdagradOptimizerTest.testTensorLearningRate
[ RUN      ] AdagradOptimizerTest.test_session
[  SKIPPED ] AdagradOptimizerTest.test_session
======================================================================
ERROR: testBasic (__main__.AdagradOptimizerTest)
AdagradOptimizerTest.testBasic
----------------------------------------------------------------------
Traceback (most recent call last):
  File "adagrad_test.py", line 171, in testBasic
    self.doTestBasic(use_locking=False)
  File "adagrad_test.py", line 125, in doTestBasic
    zip([grads0, grads1], [var0, var1]))
  File "C:\ProgramData\Anaconda3\envs\keras\lib\site-packages\tensorflow_core\python\training\optimizer.py", line 614, in apply_gradients
    update_ops.append(processor.update_op(self, grad))
  File "C:\ProgramData\Anaconda3\envs\keras\lib\site-packages\tensorflow_core\python\training\optimizer.py", line 171, in update_op
    update_op = optimizer._resource_apply_dense(g, self._v)
  File "C:\ProgramData\Anaconda3\envs\keras\lib\site-packages\tensorflow_core\python\training\adagrad.py", line 109, in _resource_apply_dense
    acc.handle,
AttributeError: 'NoneType' object has no attribute 'handle'

======================================================================
ERROR: testBasicCallableParams (__main__.AdagradOptimizerTest)
AdagradOptimizerTest.testBasicCallableParams
----------------------------------------------------------------------
Traceback (most recent call last):
  File "adagrad_test.py", line 189, in testBasicCallableParams
    use_locking=False, use_resource=True, use_callable_params=True)
  File "adagrad_test.py", line 151, in doTestBasic
    ada_opt.apply_gradients(zip([grads0, grads1], [var0, var1]))
  File "C:\ProgramData\Anaconda3\envs\keras\lib\site-packages\tensorflow_core\python\training\optimizer.py", line 614, in apply_gradients
    update_ops.append(processor.update_op(self, grad))
  File "C:\ProgramData\Anaconda3\envs\keras\lib\site-packages\tensorflow_core\python\training\optimizer.py", line 171, in update_op
    update_op = optimizer._resource_apply_dense(g, self._v)
  File "C:\ProgramData\Anaconda3\envs\keras\lib\site-packages\tensorflow_core\python\training\adagrad.py", line 109, in _resource_apply_dense
    acc.handle,
AttributeError: 'NoneType' object has no attribute 'handle'

======================================================================
ERROR: testBasicLocked (__main__.AdagradOptimizerTest)
AdagradOptimizerTest.testBasicLocked
----------------------------------------------------------------------
Traceback (most recent call last):
  File "adagrad_test.py", line 195, in testBasicLocked
    self.doTestBasic(use_locking=True)
  File "adagrad_test.py", line 125, in doTestBasic
    zip([grads0, grads1], [var0, var1]))
  File "C:\ProgramData\Anaconda3\envs\keras\lib\site-packages\tensorflow_core\python\training\optimizer.py", line 614, in apply_gradients
    update_ops.append(processor.update_op(self, grad))
  File "C:\ProgramData\Anaconda3\envs\keras\lib\site-packages\tensorflow_core\python\training\optimizer.py", line 171, in update_op
    update_op = optimizer._resource_apply_dense(g, self._v)
  File "C:\ProgramData\Anaconda3\envs\keras\lib\site-packages\tensorflow_core\python\training\adagrad.py", line 109, in _resource_apply_dense
    acc.handle,
AttributeError: 'NoneType' object has no attribute 'handle'

======================================================================
ERROR: testBasicResource (__main__.AdagradOptimizerTest)
AdagradOptimizerTest.testBasicResource
----------------------------------------------------------------------
Traceback (most recent call last):
  File "C:\ProgramData\Anaconda3\envs\keras\lib\site-packages\tensorflow_core\python\framework\test_util.py", line 1080, in decorated
    f(self, *args, **kwargs)
  File "adagrad_test.py", line 179, in testBasicResource
    self.doTestBasic(use_locking=False, use_resource=True)
  File "adagrad_test.py", line 125, in doTestBasic
    zip([grads0, grads1], [var0, var1]))
  File "C:\ProgramData\Anaconda3\envs\keras\lib\site-packages\tensorflow_core\python\training\optimizer.py", line 614, in apply_gradients
    update_ops.append(processor.update_op(self, grad))
  File "C:\ProgramData\Anaconda3\envs\keras\lib\site-packages\tensorflow_core\python\training\optimizer.py", line 171, in update_op
    update_op = optimizer._resource_apply_dense(g, self._v)
  File "C:\ProgramData\Anaconda3\envs\keras\lib\site-packages\tensorflow_core\python\training\adagrad.py", line 109, in _resource_apply_dense
    acc.handle,
AttributeError: 'NoneType' object has no attribute 'handle'

======================================================================
ERROR: testDynamicShapeVariableWithCallableInit (__main__.AdagradOptimizerTest)
AdagradOptimizerTest.testDynamicShapeVariableWithCallableInit
----------------------------------------------------------------------
Traceback (most recent call last):
  File "C:\ProgramData\Anaconda3\envs\keras\lib\site-packages\tensorflow_core\python\framework\op_def_library.py", line 528, in _apply_op_helper
    preferred_dtype=default_dtype)
  File "C:\ProgramData\Anaconda3\envs\keras\lib\site-packages\tensorflow_core\python\framework\ops.py", line 1297, in internal_convert_to_tensor
    ret = conversion_func(value, dtype=dtype, name=name, as_ref=as_ref)
  File "C:\ProgramData\Anaconda3\envs\keras\lib\site-packages\tensorflow_core\python\framework\constant_op.py", line 286, in _constant_tensor_conversion_function
    return constant(v, dtype=dtype, name=name)
  File "C:\ProgramData\Anaconda3\envs\keras\lib\site-packages\tensorflow_core\python\framework\constant_op.py", line 227, in constant
    allow_broadcast=True)
  File "C:\ProgramData\Anaconda3\envs\keras\lib\site-packages\tensorflow_core\python\framework\constant_op.py", line 265, in _constant_impl
    allow_broadcast=allow_broadcast))
  File "C:\ProgramData\Anaconda3\envs\keras\lib\site-packages\tensorflow_core\python\framework\tensor_util.py", line 437, in make_tensor_proto
    raise ValueError("None values not supported.")
ValueError: None values not supported.

During handling of the above exception, another exception occurred:

Traceback (most recent call last):
  File "C:\ProgramData\Anaconda3\envs\keras\lib\site-packages\tensorflow_core\python\framework\op_def_library.py", line 542, in _apply_op_helper
    values, as_ref=input_arg.is_ref).dtype.name
  File "C:\ProgramData\Anaconda3\envs\keras\lib\site-packages\tensorflow_core\python\framework\ops.py", line 1297, in internal_convert_to_tensor
    ret = conversion_func(value, dtype=dtype, name=name, as_ref=as_ref)
  File "C:\ProgramData\Anaconda3\envs\keras\lib\site-packages\tensorflow_core\python\framework\constant_op.py", line 286, in _constant_tensor_conversion_function
    return constant(v, dtype=dtype, name=name)
  File "C:\ProgramData\Anaconda3\envs\keras\lib\site-packages\tensorflow_core\python\framework\constant_op.py", line 227, in constant
    allow_broadcast=True)
  File "C:\ProgramData\Anaconda3\envs\keras\lib\site-packages\tensorflow_core\python\framework\constant_op.py", line 265, in _constant_impl
    allow_broadcast=allow_broadcast))
  File "C:\ProgramData\Anaconda3\envs\keras\lib\site-packages\tensorflow_core\python\framework\tensor_util.py", line 437, in make_tensor_proto
    raise ValueError("None values not supported.")
ValueError: None values not supported.

During handling of the above exception, another exception occurred:

Traceback (most recent call last):
  File "C:\ProgramData\Anaconda3\envs\keras\lib\site-packages\tensorflow_core\python\framework\test_util.py", line 1272, in decorated
    return f(self, *args, **kwargs)
  File "adagrad_test.py", line 667, in testDynamicShapeVariableWithCallableInit
    zip([grads0], [var0]))
  File "C:\ProgramData\Anaconda3\envs\keras\lib\site-packages\tensorflow_core\python\training\optimizer.py", line 614, in apply_gradients
    update_ops.append(processor.update_op(self, grad))
  File "C:\ProgramData\Anaconda3\envs\keras\lib\site-packages\tensorflow_core\python\training\optimizer.py", line 119, in update_op
    update_op = optimizer._apply_dense(g, self._v)  # pylint: disable=protected-access
  File "C:\ProgramData\Anaconda3\envs\keras\lib\site-packages\tensorflow_core\python\training\adagrad.py", line 103, in _apply_dense
    use_locking=self._use_locking)
  File "C:\ProgramData\Anaconda3\envs\keras\lib\site-packages\tensorflow_core\python\training\gen_training_ops.py", line 192, in apply_adagrad
    name=name)
  File "C:\ProgramData\Anaconda3\envs\keras\lib\site-packages\tensorflow_core\python\framework\op_def_library.py", line 546, in _apply_op_helper
    (input_name, err))
ValueError: Tried to convert 'accum' to a tensor and failed. Error: None values not supported.

======================================================================
ERROR: testMinimizeSparseResourceVariable (__main__.AdagradOptimizerTest)
AdagradOptimizerTest.testMinimizeSparseResourceVariable
----------------------------------------------------------------------
Traceback (most recent call last):
  File "C:\ProgramData\Anaconda3\envs\keras\lib\site-packages\tensorflow_core\python\framework\test_util.py", line 1216, in decorated
    return f(self, *args, **kwargs)
  File "adagrad_test.py", line 217, in testMinimizeSparseResourceVariable
    sgd_op = adagrad.AdagradOptimizer(1.0).minimize(loss)
  File "C:\ProgramData\Anaconda3\envs\keras\lib\site-packages\tensorflow_core\python\training\optimizer.py", line 413, in minimize
    name=name)
  File "C:\ProgramData\Anaconda3\envs\keras\lib\site-packages\tensorflow_core\python\training\optimizer.py", line 614, in apply_gradients
    update_ops.append(processor.update_op(self, grad))
  File "C:\ProgramData\Anaconda3\envs\keras\lib\site-packages\tensorflow_core\python\training\optimizer.py", line 170, in update_op
    g.values, self._v, g.indices)
  File "C:\ProgramData\Anaconda3\envs\keras\lib\site-packages\tensorflow_core\python\training\optimizer.py", line 980, in _resource_apply_sparse_duplicate_indices
    return self._resource_apply_sparse(summed_grad, handle, unique_indices)
  File "C:\ProgramData\Anaconda3\envs\keras\lib\site-packages\tensorflow_core\python\training\adagrad.py", line 128, in _resource_apply_sparse
    acc.handle,
AttributeError: 'NoneType' object has no attribute 'handle'

======================================================================
ERROR: testSharing (__main__.AdagradOptimizerTest)
AdagradOptimizerTest.testSharing
----------------------------------------------------------------------
Traceback (most recent call last):
  File "C:\ProgramData\Anaconda3\envs\keras\lib\site-packages\tensorflow_core\python\framework\test_util.py", line 1216, in decorated
    return f(self, *args, **kwargs)
  File "adagrad_test.py", line 569, in testSharing
    zip([grads0, grads1], [var0, var1]))
  File "C:\ProgramData\Anaconda3\envs\keras\lib\site-packages\tensorflow_core\python\training\optimizer.py", line 614, in apply_gradients
    update_ops.append(processor.update_op(self, grad))
  File "C:\ProgramData\Anaconda3\envs\keras\lib\site-packages\tensorflow_core\python\training\optimizer.py", line 171, in update_op
    update_op = optimizer._resource_apply_dense(g, self._v)
  File "C:\ProgramData\Anaconda3\envs\keras\lib\site-packages\tensorflow_core\python\training\adagrad.py", line 109, in _resource_apply_dense
    acc.handle,
AttributeError: 'NoneType' object has no attribute 'handle'

======================================================================
ERROR: testSparseBasic (__main__.AdagradOptimizerTest)
AdagradOptimizerTest.testSparseBasic
----------------------------------------------------------------------
Traceback (most recent call last):
  File "C:\ProgramData\Anaconda3\envs\keras\lib\site-packages\tensorflow_core\python\framework\test_util.py", line 1216, in decorated
    return f(self, *args, **kwargs)
  File "adagrad_test.py", line 331, in testSparseBasic
    zip([grads0, grads1], [var0, var1]))
  File "C:\ProgramData\Anaconda3\envs\keras\lib\site-packages\tensorflow_core\python\training\optimizer.py", line 614, in apply_gradients
    update_ops.append(processor.update_op(self, grad))
  File "C:\ProgramData\Anaconda3\envs\keras\lib\site-packages\tensorflow_core\python\training\optimizer.py", line 170, in update_op
    g.values, self._v, g.indices)
  File "C:\ProgramData\Anaconda3\envs\keras\lib\site-packages\tensorflow_core\python\training\optimizer.py", line 980, in _resource_apply_sparse_duplicate_indices
    return self._resource_apply_sparse(summed_grad, handle, unique_indices)
  File "C:\ProgramData\Anaconda3\envs\keras\lib\site-packages\tensorflow_core\python\training\adagrad.py", line 128, in _resource_apply_sparse
    acc.handle,
AttributeError: 'NoneType' object has no attribute 'handle'

======================================================================
ERROR: testSparseRepeatedIndices (__main__.AdagradOptimizerTest)
AdagradOptimizerTest.testSparseRepeatedIndices
----------------------------------------------------------------------
Traceback (most recent call last):
  File "C:\ProgramData\Anaconda3\envs\keras\lib\site-packages\tensorflow_core\python\framework\test_util.py", line 1216, in decorated
    return f(self, *args, **kwargs)
  File "adagrad_test.py", line 397, in testSparseRepeatedIndices
    [(grad_repeated_index, repeated_index_update_var)])
  File "C:\ProgramData\Anaconda3\envs\keras\lib\site-packages\tensorflow_core\python\training\optimizer.py", line 614, in apply_gradients
    update_ops.append(processor.update_op(self, grad))
  File "C:\ProgramData\Anaconda3\envs\keras\lib\site-packages\tensorflow_core\python\training\optimizer.py", line 170, in update_op
    g.values, self._v, g.indices)
  File "C:\ProgramData\Anaconda3\envs\keras\lib\site-packages\tensorflow_core\python\training\optimizer.py", line 980, in _resource_apply_sparse_duplicate_indices
    return self._resource_apply_sparse(summed_grad, handle, unique_indices)
  File "C:\ProgramData\Anaconda3\envs\keras\lib\site-packages\tensorflow_core\python\training\adagrad.py", line 128, in _resource_apply_sparse
    acc.handle,
AttributeError: 'NoneType' object has no attribute 'handle'

======================================================================
ERROR: testSparseRepeatedIndicesResourceVariable (__main__.AdagradOptimizerTest)
AdagradOptimizerTest.testSparseRepeatedIndicesResourceVariable
----------------------------------------------------------------------
Traceback (most recent call last):
  File "C:\ProgramData\Anaconda3\envs\keras\lib\site-packages\tensorflow_core\python\framework\test_util.py", line 1216, in decorated
    return f(self, *args, **kwargs)
  File "adagrad_test.py", line 447, in testSparseRepeatedIndicesResourceVariable
    2.0).minimize(loss_repeated)
  File "C:\ProgramData\Anaconda3\envs\keras\lib\site-packages\tensorflow_core\python\training\optimizer.py", line 413, in minimize
    name=name)
  File "C:\ProgramData\Anaconda3\envs\keras\lib\site-packages\tensorflow_core\python\training\optimizer.py", line 614, in apply_gradients
    update_ops.append(processor.update_op(self, grad))
  File "C:\ProgramData\Anaconda3\envs\keras\lib\site-packages\tensorflow_core\python\training\optimizer.py", line 170, in update_op
    g.values, self._v, g.indices)
  File "C:\ProgramData\Anaconda3\envs\keras\lib\site-packages\tensorflow_core\python\training\optimizer.py", line 980, in _resource_apply_sparse_duplicate_indices
    return self._resource_apply_sparse(summed_grad, handle, unique_indices)
  File "C:\ProgramData\Anaconda3\envs\keras\lib\site-packages\tensorflow_core\python\training\adagrad.py", line 128, in _resource_apply_sparse
    acc.handle,
AttributeError: 'NoneType' object has no attribute 'handle'

======================================================================
ERROR: testSparseStability (__main__.AdagradOptimizerTest)
AdagradOptimizerTest.testSparseStability
----------------------------------------------------------------------
Traceback (most recent call last):
  File "C:\ProgramData\Anaconda3\envs\keras\lib\site-packages\tensorflow_core\python\framework\test_util.py", line 1216, in decorated
    return f(self, *args, **kwargs)
  File "adagrad_test.py", line 515, in testSparseStability
    ada_update = ada_opt.apply_gradients(zip([grads0], [var0]))
  File "C:\ProgramData\Anaconda3\envs\keras\lib\site-packages\tensorflow_core\python\training\optimizer.py", line 614, in apply_gradients
    update_ops.append(processor.update_op(self, grad))
  File "C:\ProgramData\Anaconda3\envs\keras\lib\site-packages\tensorflow_core\python\training\optimizer.py", line 170, in update_op
    g.values, self._v, g.indices)
  File "C:\ProgramData\Anaconda3\envs\keras\lib\site-packages\tensorflow_core\python\training\optimizer.py", line 980, in _resource_apply_sparse_duplicate_indices
    return self._resource_apply_sparse(summed_grad, handle, unique_indices)
  File "C:\ProgramData\Anaconda3\envs\keras\lib\site-packages\tensorflow_core\python\training\adagrad.py", line 128, in _resource_apply_sparse
    acc.handle,
AttributeError: 'NoneType' object has no attribute 'handle'

======================================================================
ERROR: testTensorLearningRate (__main__.AdagradOptimizerTest)
AdagradOptimizerTest.testTensorLearningRate
----------------------------------------------------------------------
Traceback (most recent call last):
  File "C:\ProgramData\Anaconda3\envs\keras\lib\site-packages\tensorflow_core\python\framework\test_util.py", line 1216, in decorated
    return f(self, *args, **kwargs)
  File "adagrad_test.py", line 263, in testTensorLearningRate
    zip([grads0, grads1], [var0, var1]))
  File "C:\ProgramData\Anaconda3\envs\keras\lib\site-packages\tensorflow_core\python\training\optimizer.py", line 614, in apply_gradients
    update_ops.append(processor.update_op(self, grad))
  File "C:\ProgramData\Anaconda3\envs\keras\lib\site-packages\tensorflow_core\python\training\optimizer.py", line 171, in update_op
    update_op = optimizer._resource_apply_dense(g, self._v)
  File "C:\ProgramData\Anaconda3\envs\keras\lib\site-packages\tensorflow_core\python\training\adagrad.py", line 109, in _resource_apply_dense
    acc.handle,
AttributeError: 'NoneType' object has no attribute 'handle'

----------------------------------------------------------------------
Ran 14 tests in 2.078s

FAILED (errors=12, skipped=1)
