2020-10-07 16:22:36.568061: I tensorflow/stream_executor/platform/default/dso_loader.cc:44] Successfully opened dynamic library cudart64_100.dll
Running tests under Python 3.6.12: C:\ProgramData\Anaconda3\envs\keras\python.exe
[ RUN      ] AbsOpTest.testComplexAbs
2020-10-07 16:22:40.298136: I tensorflow/stream_executor/platform/default/dso_loader.cc:44] Successfully opened dynamic library nvcuda.dll
2020-10-07 16:22:40.425418: I tensorflow/core/common_runtime/gpu/gpu_device.cc:1618] Found device 0 with properties: 
name: GeForce RTX 2080 Ti major: 7 minor: 5 memoryClockRate(GHz): 1.65
pciBusID: 0000:73:00.0
2020-10-07 16:22:40.427134: I tensorflow/stream_executor/platform/default/dso_loader.cc:44] Successfully opened dynamic library cudart64_100.dll
2020-10-07 16:22:40.432983: I tensorflow/stream_executor/platform/default/dso_loader.cc:44] Successfully opened dynamic library cublas64_100.dll
2020-10-07 16:22:40.437531: I tensorflow/stream_executor/platform/default/dso_loader.cc:44] Successfully opened dynamic library cufft64_100.dll
2020-10-07 16:22:40.439344: I tensorflow/stream_executor/platform/default/dso_loader.cc:44] Successfully opened dynamic library curand64_100.dll
2020-10-07 16:22:40.445846: I tensorflow/stream_executor/platform/default/dso_loader.cc:44] Successfully opened dynamic library cusolver64_100.dll
2020-10-07 16:22:40.450234: I tensorflow/stream_executor/platform/default/dso_loader.cc:44] Successfully opened dynamic library cusparse64_100.dll
2020-10-07 16:22:40.462349: I tensorflow/stream_executor/platform/default/dso_loader.cc:44] Successfully opened dynamic library cudnn64_7.dll
2020-10-07 16:22:40.463337: I tensorflow/core/common_runtime/gpu/gpu_device.cc:1746] Adding visible gpu devices: 0
2020-10-07 16:22:40.464058: I tensorflow/core/platform/cpu_feature_guard.cc:142] Your CPU supports instructions that this TensorFlow binary was not compiled to use: AVX2
2020-10-07 16:22:40.477833: I tensorflow/core/common_runtime/gpu/gpu_device.cc:1618] Found device 0 with properties: 
name: GeForce RTX 2080 Ti major: 7 minor: 5 memoryClockRate(GHz): 1.65
pciBusID: 0000:73:00.0
2020-10-07 16:22:40.478435: I tensorflow/stream_executor/platform/default/dso_loader.cc:44] Successfully opened dynamic library cudart64_100.dll
2020-10-07 16:22:40.478776: I tensorflow/stream_executor/platform/default/dso_loader.cc:44] Successfully opened dynamic library cublas64_100.dll
2020-10-07 16:22:40.479123: I tensorflow/stream_executor/platform/default/dso_loader.cc:44] Successfully opened dynamic library cufft64_100.dll
2020-10-07 16:22:40.479470: I tensorflow/stream_executor/platform/default/dso_loader.cc:44] Successfully opened dynamic library curand64_100.dll
2020-10-07 16:22:40.479813: I tensorflow/stream_executor/platform/default/dso_loader.cc:44] Successfully opened dynamic library cusolver64_100.dll
2020-10-07 16:22:40.480164: I tensorflow/stream_executor/platform/default/dso_loader.cc:44] Successfully opened dynamic library cusparse64_100.dll
2020-10-07 16:22:40.480510: I tensorflow/stream_executor/platform/default/dso_loader.cc:44] Successfully opened dynamic library cudnn64_7.dll
2020-10-07 16:22:40.481362: I tensorflow/core/common_runtime/gpu/gpu_device.cc:1746] Adding visible gpu devices: 0
2020-10-07 16:22:41.619538: I tensorflow/core/common_runtime/gpu/gpu_device.cc:1159] Device interconnect StreamExecutor with strength 1 edge matrix:
2020-10-07 16:22:41.619981: I tensorflow/core/common_runtime/gpu/gpu_device.cc:1165]      0 
2020-10-07 16:22:41.620226: I tensorflow/core/common_runtime/gpu/gpu_device.cc:1178] 0:   N 
2020-10-07 16:22:41.621032: I tensorflow/core/common_runtime/gpu/gpu_device.cc:1304] Created TensorFlow device (/job:localhost/replica:0/task:0/device:GPU:0 with 8686 MB memory) -> physical GPU (device: 0, name: GeForce RTX 2080 Ti, pci bus id: 0000:73:00.0, compute capability: 7.5)
WARNING:tensorflow:From math_grad_test.py:183: compute_gradient_error (from tensorflow.python.ops.gradient_checker) is deprecated and will be removed in a future version.
Instructions for updating:
Use tf.test.compute_gradient in 2.0, which has better support for functions. Note that the two versions have different usage, so code change is needed.
W1007 16:22:41.631797 21392 deprecation.py:323] From math_grad_test.py:183: compute_gradient_error (from tensorflow.python.ops.gradient_checker) is deprecated and will be removed in a future version.
Instructions for updating:
Use tf.test.compute_gradient in 2.0, which has better support for functions. Note that the two versions have different usage, so code change is needed.
WARNING:tensorflow:From C:\ProgramData\Anaconda3\envs\keras\lib\site-packages\tensorflow_core\python\ops\gradient_checker.py:394: compute_gradient (from tensorflow.python.ops.gradient_checker) is deprecated and will be removed in a future version.
Instructions for updating:
Use tf.test.compute_gradient in 2.0, which has better support for functions. Note that the two versions have different usage, so code change is needed.
W1007 16:22:41.631797 21392 deprecation.py:323] From C:\ProgramData\Anaconda3\envs\keras\lib\site-packages\tensorflow_core\python\ops\gradient_checker.py:394: compute_gradient (from tensorflow.python.ops.gradient_checker) is deprecated and will be removed in a future version.
Instructions for updating:
Use tf.test.compute_gradient in 2.0, which has better support for functions. Note that the two versions have different usage, so code change is needed.
[       OK ] AbsOpTest.testComplexAbs
[ RUN      ] AbsOpTest.test_session
[  SKIPPED ] AbsOpTest.test_session
[ RUN      ] DivNoNanGradientTest.testBasicGradient
2020-10-07 16:22:42.372077: I tensorflow/core/common_runtime/gpu/gpu_device.cc:1618] Found device 0 with properties: 
name: GeForce RTX 2080 Ti major: 7 minor: 5 memoryClockRate(GHz): 1.65
pciBusID: 0000:73:00.0
2020-10-07 16:22:42.373784: I tensorflow/stream_executor/platform/default/dso_loader.cc:44] Successfully opened dynamic library cudart64_100.dll
2020-10-07 16:22:42.374923: I tensorflow/stream_executor/platform/default/dso_loader.cc:44] Successfully opened dynamic library cublas64_100.dll
2020-10-07 16:22:42.376053: I tensorflow/stream_executor/platform/default/dso_loader.cc:44] Successfully opened dynamic library cufft64_100.dll
2020-10-07 16:22:42.377174: I tensorflow/stream_executor/platform/default/dso_loader.cc:44] Successfully opened dynamic library curand64_100.dll
2020-10-07 16:22:42.378304: I tensorflow/stream_executor/platform/default/dso_loader.cc:44] Successfully opened dynamic library cusolver64_100.dll
2020-10-07 16:22:42.379447: I tensorflow/stream_executor/platform/default/dso_loader.cc:44] Successfully opened dynamic library cusparse64_100.dll
2020-10-07 16:22:42.380605: I tensorflow/stream_executor/platform/default/dso_loader.cc:44] Successfully opened dynamic library cudnn64_7.dll
2020-10-07 16:22:42.382095: I tensorflow/core/common_runtime/gpu/gpu_device.cc:1746] Adding visible gpu devices: 0
2020-10-07 16:22:42.382747: I tensorflow/core/common_runtime/gpu/gpu_device.cc:1159] Device interconnect StreamExecutor with strength 1 edge matrix:
2020-10-07 16:22:42.383498: I tensorflow/core/common_runtime/gpu/gpu_device.cc:1165]      0 
2020-10-07 16:22:42.383968: I tensorflow/core/common_runtime/gpu/gpu_device.cc:1178] 0:   N 
2020-10-07 16:22:42.385681: I tensorflow/core/common_runtime/gpu/gpu_device.cc:1304] Created TensorFlow device (/job:localhost/replica:0/task:0/device:GPU:0 with 8686 MB memory) -> physical GPU (device: 0, name: GeForce RTX 2080 Ti, pci bus id: 0000:73:00.0, compute capability: 7.5)
[       OK ] DivNoNanGradientTest.testBasicGradient
[ RUN      ] DivNoNanGradientTest.testGradientWithDenominatorIsZero
2020-10-07 16:22:42.464342: I tensorflow/core/common_runtime/gpu/gpu_device.cc:1618] Found device 0 with properties: 
name: GeForce RTX 2080 Ti major: 7 minor: 5 memoryClockRate(GHz): 1.65
pciBusID: 0000:73:00.0
2020-10-07 16:22:42.466279: I tensorflow/stream_executor/platform/default/dso_loader.cc:44] Successfully opened dynamic library cudart64_100.dll
2020-10-07 16:22:42.467581: I tensorflow/stream_executor/platform/default/dso_loader.cc:44] Successfully opened dynamic library cublas64_100.dll
2020-10-07 16:22:42.468987: I tensorflow/stream_executor/platform/default/dso_loader.cc:44] Successfully opened dynamic library cufft64_100.dll
2020-10-07 16:22:42.470255: I tensorflow/stream_executor/platform/default/dso_loader.cc:44] Successfully opened dynamic library curand64_100.dll
2020-10-07 16:22:42.471538: I tensorflow/stream_executor/platform/default/dso_loader.cc:44] Successfully opened dynamic library cusolver64_100.dll
2020-10-07 16:22:42.472611: I tensorflow/stream_executor/platform/default/dso_loader.cc:44] Successfully opened dynamic library cusparse64_100.dll
2020-10-07 16:22:42.473550: I tensorflow/stream_executor/platform/default/dso_loader.cc:44] Successfully opened dynamic library cudnn64_7.dll
2020-10-07 16:22:42.475026: I tensorflow/core/common_runtime/gpu/gpu_device.cc:1746] Adding visible gpu devices: 0
2020-10-07 16:22:42.475855: I tensorflow/core/common_runtime/gpu/gpu_device.cc:1159] Device interconnect StreamExecutor with strength 1 edge matrix:
2020-10-07 16:22:42.476815: I tensorflow/core/common_runtime/gpu/gpu_device.cc:1165]      0 
2020-10-07 16:22:42.477415: I tensorflow/core/common_runtime/gpu/gpu_device.cc:1178] 0:   N 
2020-10-07 16:22:42.478625: I tensorflow/core/common_runtime/gpu/gpu_device.cc:1304] Created TensorFlow device (/job:localhost/replica:0/task:0/device:GPU:0 with 8686 MB memory) -> physical GPU (device: 0, name: GeForce RTX 2080 Ti, pci bus id: 0000:73:00.0, compute capability: 7.5)
[       OK ] DivNoNanGradientTest.testGradientWithDenominatorIsZero
[ RUN      ] DivNoNanGradientTest.test_session
[  SKIPPED ] DivNoNanGradientTest.test_session
[ RUN      ] FloorModGradientTest.testFloorModGradient
2020-10-07 16:22:42.509855: I tensorflow/core/common_runtime/gpu/gpu_device.cc:1618] Found device 0 with properties: 
name: GeForce RTX 2080 Ti major: 7 minor: 5 memoryClockRate(GHz): 1.65
pciBusID: 0000:73:00.0
2020-10-07 16:22:42.511761: I tensorflow/stream_executor/platform/default/dso_loader.cc:44] Successfully opened dynamic library cudart64_100.dll
2020-10-07 16:22:42.513041: I tensorflow/stream_executor/platform/default/dso_loader.cc:44] Successfully opened dynamic library cublas64_100.dll
2020-10-07 16:22:42.514339: I tensorflow/stream_executor/platform/default/dso_loader.cc:44] Successfully opened dynamic library cufft64_100.dll
2020-10-07 16:22:42.515625: I tensorflow/stream_executor/platform/default/dso_loader.cc:44] Successfully opened dynamic library curand64_100.dll
2020-10-07 16:22:42.516903: I tensorflow/stream_executor/platform/default/dso_loader.cc:44] Successfully opened dynamic library cusolver64_100.dll
2020-10-07 16:22:42.518193: I tensorflow/stream_executor/platform/default/dso_loader.cc:44] Successfully opened dynamic library cusparse64_100.dll
2020-10-07 16:22:42.519481: I tensorflow/stream_executor/platform/default/dso_loader.cc:44] Successfully opened dynamic library cudnn64_7.dll
2020-10-07 16:22:42.521429: I tensorflow/core/common_runtime/gpu/gpu_device.cc:1746] Adding visible gpu devices: 0
2020-10-07 16:22:42.522430: I tensorflow/core/common_runtime/gpu/gpu_device.cc:1159] Device interconnect StreamExecutor with strength 1 edge matrix:
2020-10-07 16:22:42.523306: I tensorflow/core/common_runtime/gpu/gpu_device.cc:1165]      0 
2020-10-07 16:22:42.523861: I tensorflow/core/common_runtime/gpu/gpu_device.cc:1178] 0:   N 
2020-10-07 16:22:42.524971: I tensorflow/core/common_runtime/gpu/gpu_device.cc:1304] Created TensorFlow device (/job:localhost/replica:0/task:0/device:GPU:0 with 8686 MB memory) -> physical GPU (device: 0, name: GeForce RTX 2080 Ti, pci bus id: 0000:73:00.0, compute capability: 7.5)
[       OK ] FloorModGradientTest.testFloorModGradient
[ RUN      ] FloorModGradientTest.test_session
[  SKIPPED ] FloorModGradientTest.test_session
[ RUN      ] MaximumOrMinimumGradientTest.testMaximumGradient
2020-10-07 16:22:42.546462: I tensorflow/core/common_runtime/gpu/gpu_device.cc:1618] Found device 0 with properties: 
name: GeForce RTX 2080 Ti major: 7 minor: 5 memoryClockRate(GHz): 1.65
pciBusID: 0000:73:00.0
2020-10-07 16:22:42.546994: I tensorflow/stream_executor/platform/default/dso_loader.cc:44] Successfully opened dynamic library cudart64_100.dll
2020-10-07 16:22:42.547342: I tensorflow/stream_executor/platform/default/dso_loader.cc:44] Successfully opened dynamic library cublas64_100.dll
2020-10-07 16:22:42.547690: I tensorflow/stream_executor/platform/default/dso_loader.cc:44] Successfully opened dynamic library cufft64_100.dll
2020-10-07 16:22:42.548034: I tensorflow/stream_executor/platform/default/dso_loader.cc:44] Successfully opened dynamic library curand64_100.dll
2020-10-07 16:22:42.548397: I tensorflow/stream_executor/platform/default/dso_loader.cc:44] Successfully opened dynamic library cusolver64_100.dll
2020-10-07 16:22:42.548782: I tensorflow/stream_executor/platform/default/dso_loader.cc:44] Successfully opened dynamic library cusparse64_100.dll
2020-10-07 16:22:42.549162: I tensorflow/stream_executor/platform/default/dso_loader.cc:44] Successfully opened dynamic library cudnn64_7.dll
2020-10-07 16:22:42.549767: I tensorflow/core/common_runtime/gpu/gpu_device.cc:1746] Adding visible gpu devices: 0
2020-10-07 16:22:42.550092: I tensorflow/core/common_runtime/gpu/gpu_device.cc:1159] Device interconnect StreamExecutor with strength 1 edge matrix:
2020-10-07 16:22:42.550476: I tensorflow/core/common_runtime/gpu/gpu_device.cc:1165]      0 
2020-10-07 16:22:42.550722: I tensorflow/core/common_runtime/gpu/gpu_device.cc:1178] 0:   N 
2020-10-07 16:22:42.551236: I tensorflow/core/common_runtime/gpu/gpu_device.cc:1304] Created TensorFlow device (/job:localhost/replica:0/task:0/device:GPU:0 with 8686 MB memory) -> physical GPU (device: 0, name: GeForce RTX 2080 Ti, pci bus id: 0000:73:00.0, compute capability: 7.5)
WARNING:tensorflow:From C:\ProgramData\Anaconda3\envs\keras\lib\site-packages\tensorflow_core\python\ops\math_grad.py:1424: where (from tensorflow.python.ops.array_ops) is deprecated and will be removed in a future version.
Instructions for updating:
Use tf.where in 2.0, which has the same broadcast rule as np.where
W1007 16:22:42.553536 21392 deprecation.py:323] From C:\ProgramData\Anaconda3\envs\keras\lib\site-packages\tensorflow_core\python\ops\math_grad.py:1424: where (from tensorflow.python.ops.array_ops) is deprecated and will be removed in a future version.
Instructions for updating:
Use tf.where in 2.0, which has the same broadcast rule as np.where
[       OK ] MaximumOrMinimumGradientTest.testMaximumGradient
[ RUN      ] MaximumOrMinimumGradientTest.testMinimumGradient
2020-10-07 16:22:42.589585: I tensorflow/core/common_runtime/gpu/gpu_device.cc:1618] Found device 0 with properties: 
name: GeForce RTX 2080 Ti major: 7 minor: 5 memoryClockRate(GHz): 1.65
pciBusID: 0000:73:00.0
2020-10-07 16:22:42.591487: I tensorflow/stream_executor/platform/default/dso_loader.cc:44] Successfully opened dynamic library cudart64_100.dll
2020-10-07 16:22:42.592764: I tensorflow/stream_executor/platform/default/dso_loader.cc:44] Successfully opened dynamic library cublas64_100.dll
2020-10-07 16:22:42.594040: I tensorflow/stream_executor/platform/default/dso_loader.cc:44] Successfully opened dynamic library cufft64_100.dll
2020-10-07 16:22:42.595306: I tensorflow/stream_executor/platform/default/dso_loader.cc:44] Successfully opened dynamic library curand64_100.dll
2020-10-07 16:22:42.596579: I tensorflow/stream_executor/platform/default/dso_loader.cc:44] Successfully opened dynamic library cusolver64_100.dll
2020-10-07 16:22:42.597870: I tensorflow/stream_executor/platform/default/dso_loader.cc:44] Successfully opened dynamic library cusparse64_100.dll
2020-10-07 16:22:42.599184: I tensorflow/stream_executor/platform/default/dso_loader.cc:44] Successfully opened dynamic library cudnn64_7.dll
2020-10-07 16:22:42.601203: I tensorflow/core/common_runtime/gpu/gpu_device.cc:1746] Adding visible gpu devices: 0
2020-10-07 16:22:42.602331: I tensorflow/core/common_runtime/gpu/gpu_device.cc:1159] Device interconnect StreamExecutor with strength 1 edge matrix:
2020-10-07 16:22:42.603607: I tensorflow/core/common_runtime/gpu/gpu_device.cc:1165]      0 
2020-10-07 16:22:42.604300: I tensorflow/core/common_runtime/gpu/gpu_device.cc:1178] 0:   N 
2020-10-07 16:22:42.605530: I tensorflow/core/common_runtime/gpu/gpu_device.cc:1304] Created TensorFlow device (/job:localhost/replica:0/task:0/device:GPU:0 with 8686 MB memory) -> physical GPU (device: 0, name: GeForce RTX 2080 Ti, pci bus id: 0000:73:00.0, compute capability: 7.5)
[       OK ] MaximumOrMinimumGradientTest.testMinimumGradient
[ RUN      ] MaximumOrMinimumGradientTest.test_session
[  SKIPPED ] MaximumOrMinimumGradientTest.test_session
[ RUN      ] MinOrMaxGradientTest.testMaxGradient
2020-10-07 16:22:42.650513: I tensorflow/core/common_runtime/gpu/gpu_device.cc:1618] Found device 0 with properties: 
name: GeForce RTX 2080 Ti major: 7 minor: 5 memoryClockRate(GHz): 1.65
pciBusID: 0000:73:00.0
2020-10-07 16:22:42.651053: I tensorflow/stream_executor/platform/default/dso_loader.cc:44] Successfully opened dynamic library cudart64_100.dll
2020-10-07 16:22:42.651467: I tensorflow/stream_executor/platform/default/dso_loader.cc:44] Successfully opened dynamic library cublas64_100.dll
2020-10-07 16:22:42.651901: I tensorflow/stream_executor/platform/default/dso_loader.cc:44] Successfully opened dynamic library cufft64_100.dll
2020-10-07 16:22:42.652324: I tensorflow/stream_executor/platform/default/dso_loader.cc:44] Successfully opened dynamic library curand64_100.dll
2020-10-07 16:22:42.652730: I tensorflow/stream_executor/platform/default/dso_loader.cc:44] Successfully opened dynamic library cusolver64_100.dll
2020-10-07 16:22:42.653115: I tensorflow/stream_executor/platform/default/dso_loader.cc:44] Successfully opened dynamic library cusparse64_100.dll
2020-10-07 16:22:42.653460: I tensorflow/stream_executor/platform/default/dso_loader.cc:44] Successfully opened dynamic library cudnn64_7.dll
2020-10-07 16:22:42.654032: I tensorflow/core/common_runtime/gpu/gpu_device.cc:1746] Adding visible gpu devices: 0
2020-10-07 16:22:42.654350: I tensorflow/core/common_runtime/gpu/gpu_device.cc:1159] Device interconnect StreamExecutor with strength 1 edge matrix:
2020-10-07 16:22:42.654710: I tensorflow/core/common_runtime/gpu/gpu_device.cc:1165]      0 
2020-10-07 16:22:42.654965: I tensorflow/core/common_runtime/gpu/gpu_device.cc:1178] 0:   N 
2020-10-07 16:22:42.655493: I tensorflow/core/common_runtime/gpu/gpu_device.cc:1304] Created TensorFlow device (/job:localhost/replica:0/task:0/device:GPU:0 with 8686 MB memory) -> physical GPU (device: 0, name: GeForce RTX 2080 Ti, pci bus id: 0000:73:00.0, compute capability: 7.5)
[  FAILED  ] MinOrMaxGradientTest.testMaxGradient
[ RUN      ] MinOrMaxGradientTest.testMinGradient
2020-10-07 16:22:42.695739: I tensorflow/core/common_runtime/gpu/gpu_device.cc:1618] Found device 0 with properties: 
name: GeForce RTX 2080 Ti major: 7 minor: 5 memoryClockRate(GHz): 1.65
pciBusID: 0000:73:00.0
2020-10-07 16:22:42.697279: I tensorflow/stream_executor/platform/default/dso_loader.cc:44] Successfully opened dynamic library cudart64_100.dll
2020-10-07 16:22:42.698307: I tensorflow/stream_executor/platform/default/dso_loader.cc:44] Successfully opened dynamic library cublas64_100.dll
2020-10-07 16:22:42.699331: I tensorflow/stream_executor/platform/default/dso_loader.cc:44] Successfully opened dynamic library cufft64_100.dll
2020-10-07 16:22:42.700358: I tensorflow/stream_executor/platform/default/dso_loader.cc:44] Successfully opened dynamic library curand64_100.dll
2020-10-07 16:22:42.701380: I tensorflow/stream_executor/platform/default/dso_loader.cc:44] Successfully opened dynamic library cusolver64_100.dll
2020-10-07 16:22:42.702419: I tensorflow/stream_executor/platform/default/dso_loader.cc:44] Successfully opened dynamic library cusparse64_100.dll
2020-10-07 16:22:42.703450: I tensorflow/stream_executor/platform/default/dso_loader.cc:44] Successfully opened dynamic library cudnn64_7.dll
2020-10-07 16:22:42.704463: I tensorflow/core/common_runtime/gpu/gpu_device.cc:1746] Adding visible gpu devices: 0
2020-10-07 16:22:42.704992: I tensorflow/core/common_runtime/gpu/gpu_device.cc:1159] Device interconnect StreamExecutor with strength 1 edge matrix:
2020-10-07 16:22:42.705690: I tensorflow/core/common_runtime/gpu/gpu_device.cc:1165]      0 
2020-10-07 16:22:42.706081: I tensorflow/core/common_runtime/gpu/gpu_device.cc:1178] 0:   N 
2020-10-07 16:22:42.706917: I tensorflow/core/common_runtime/gpu/gpu_device.cc:1304] Created TensorFlow device (/job:localhost/replica:0/task:0/device:GPU:0 with 8686 MB memory) -> physical GPU (device: 0, name: GeForce RTX 2080 Ti, pci bus id: 0000:73:00.0, compute capability: 7.5)
[  FAILED  ] MinOrMaxGradientTest.testMinGradient
[ RUN      ] MinOrMaxGradientTest.test_session
[  SKIPPED ] MinOrMaxGradientTest.test_session
[ RUN      ] MulNoNanGradientTest.testBasicGradient
2020-10-07 16:22:42.725962: I tensorflow/core/common_runtime/gpu/gpu_device.cc:1618] Found device 0 with properties: 
name: GeForce RTX 2080 Ti major: 7 minor: 5 memoryClockRate(GHz): 1.65
pciBusID: 0000:73:00.0
2020-10-07 16:22:42.726489: I tensorflow/stream_executor/platform/default/dso_loader.cc:44] Successfully opened dynamic library cudart64_100.dll
2020-10-07 16:22:42.726833: I tensorflow/stream_executor/platform/default/dso_loader.cc:44] Successfully opened dynamic library cublas64_100.dll
2020-10-07 16:22:42.727178: I tensorflow/stream_executor/platform/default/dso_loader.cc:44] Successfully opened dynamic library cufft64_100.dll
2020-10-07 16:22:42.727524: I tensorflow/stream_executor/platform/default/dso_loader.cc:44] Successfully opened dynamic library curand64_100.dll
2020-10-07 16:22:42.727884: I tensorflow/stream_executor/platform/default/dso_loader.cc:44] Successfully opened dynamic library cusolver64_100.dll
2020-10-07 16:22:42.728234: I tensorflow/stream_executor/platform/default/dso_loader.cc:44] Successfully opened dynamic library cusparse64_100.dll
2020-10-07 16:22:42.728588: I tensorflow/stream_executor/platform/default/dso_loader.cc:44] Successfully opened dynamic library cudnn64_7.dll
2020-10-07 16:22:42.729157: I tensorflow/core/common_runtime/gpu/gpu_device.cc:1746] Adding visible gpu devices: 0
2020-10-07 16:22:42.729463: I tensorflow/core/common_runtime/gpu/gpu_device.cc:1159] Device interconnect StreamExecutor with strength 1 edge matrix:
2020-10-07 16:22:42.729818: I tensorflow/core/common_runtime/gpu/gpu_device.cc:1165]      0 
2020-10-07 16:22:42.730040: I tensorflow/core/common_runtime/gpu/gpu_device.cc:1178] 0:   N 
2020-10-07 16:22:42.730537: I tensorflow/core/common_runtime/gpu/gpu_device.cc:1304] Created TensorFlow device (/job:localhost/replica:0/task:0/device:GPU:0 with 8686 MB memory) -> physical GPU (device: 0, name: GeForce RTX 2080 Ti, pci bus id: 0000:73:00.0, compute capability: 7.5)
[       OK ] MulNoNanGradientTest.testBasicGradient
[ RUN      ] MulNoNanGradientTest.testGradientWithRhsIsZero
2020-10-07 16:22:42.775226: I tensorflow/core/common_runtime/gpu/gpu_device.cc:1618] Found device 0 with properties: 
name: GeForce RTX 2080 Ti major: 7 minor: 5 memoryClockRate(GHz): 1.65
pciBusID: 0000:73:00.0
2020-10-07 16:22:42.777135: I tensorflow/stream_executor/platform/default/dso_loader.cc:44] Successfully opened dynamic library cudart64_100.dll
2020-10-07 16:22:42.778418: I tensorflow/stream_executor/platform/default/dso_loader.cc:44] Successfully opened dynamic library cublas64_100.dll
2020-10-07 16:22:42.779701: I tensorflow/stream_executor/platform/default/dso_loader.cc:44] Successfully opened dynamic library cufft64_100.dll
2020-10-07 16:22:42.780978: I tensorflow/stream_executor/platform/default/dso_loader.cc:44] Successfully opened dynamic library curand64_100.dll
2020-10-07 16:22:42.782257: I tensorflow/stream_executor/platform/default/dso_loader.cc:44] Successfully opened dynamic library cusolver64_100.dll
2020-10-07 16:22:42.783549: I tensorflow/stream_executor/platform/default/dso_loader.cc:44] Successfully opened dynamic library cusparse64_100.dll
2020-10-07 16:22:42.784654: I tensorflow/stream_executor/platform/default/dso_loader.cc:44] Successfully opened dynamic library cudnn64_7.dll
2020-10-07 16:22:42.786245: I tensorflow/core/common_runtime/gpu/gpu_device.cc:1746] Adding visible gpu devices: 0
2020-10-07 16:22:42.787146: I tensorflow/core/common_runtime/gpu/gpu_device.cc:1159] Device interconnect StreamExecutor with strength 1 edge matrix:
2020-10-07 16:22:42.788279: I tensorflow/core/common_runtime/gpu/gpu_device.cc:1165]      0 
2020-10-07 16:22:42.788940: I tensorflow/core/common_runtime/gpu/gpu_device.cc:1178] 0:   N 
2020-10-07 16:22:42.790267: I tensorflow/core/common_runtime/gpu/gpu_device.cc:1304] Created TensorFlow device (/job:localhost/replica:0/task:0/device:GPU:0 with 8686 MB memory) -> physical GPU (device: 0, name: GeForce RTX 2080 Ti, pci bus id: 0000:73:00.0, compute capability: 7.5)
C:\ProgramData\Anaconda3\envs\keras\lib\site-packages\tensorflow_core\python\framework\test_util.py:2295: RuntimeWarning: invalid value encountered in subtract
  np.abs(a - b) > atol + rtol * np.abs(b),
C:\ProgramData\Anaconda3\envs\keras\lib\site-packages\tensorflow_core\python\framework\test_util.py:2295: RuntimeWarning: invalid value encountered in greater
  np.abs(a - b) > atol + rtol * np.abs(b),
[       OK ] MulNoNanGradientTest.testGradientWithRhsIsZero
[ RUN      ] MulNoNanGradientTest.test_session
[  SKIPPED ] MulNoNanGradientTest.test_session
[ RUN      ] NextAfterTest.testBasic
WARNING:tensorflow:From C:\ProgramData\Anaconda3\envs\keras\lib\contextlib.py:60: TensorFlowTestCase.test_session (from tensorflow.python.framework.test_util) is deprecated and will be removed in a future version.
Instructions for updating:
Use `self.session()` or `self.cached_session()` instead.
W1007 16:22:42.803437 21392 deprecation.py:323] From C:\ProgramData\Anaconda3\envs\keras\lib\contextlib.py:60: TensorFlowTestCase.test_session (from tensorflow.python.framework.test_util) is deprecated and will be removed in a future version.
Instructions for updating:
Use `self.session()` or `self.cached_session()` instead.
2020-10-07 16:22:42.811816: I tensorflow/core/common_runtime/gpu/gpu_device.cc:1618] Found device 0 with properties: 
name: GeForce RTX 2080 Ti major: 7 minor: 5 memoryClockRate(GHz): 1.65
pciBusID: 0000:73:00.0
2020-10-07 16:22:42.813734: I tensorflow/stream_executor/platform/default/dso_loader.cc:44] Successfully opened dynamic library cudart64_100.dll
2020-10-07 16:22:42.815016: I tensorflow/stream_executor/platform/default/dso_loader.cc:44] Successfully opened dynamic library cublas64_100.dll
2020-10-07 16:22:42.816286: I tensorflow/stream_executor/platform/default/dso_loader.cc:44] Successfully opened dynamic library cufft64_100.dll
2020-10-07 16:22:42.817548: I tensorflow/stream_executor/platform/default/dso_loader.cc:44] Successfully opened dynamic library curand64_100.dll
2020-10-07 16:22:42.818827: I tensorflow/stream_executor/platform/default/dso_loader.cc:44] Successfully opened dynamic library cusolver64_100.dll
2020-10-07 16:22:42.820197: I tensorflow/stream_executor/platform/default/dso_loader.cc:44] Successfully opened dynamic library cusparse64_100.dll
2020-10-07 16:22:42.821488: I tensorflow/stream_executor/platform/default/dso_loader.cc:44] Successfully opened dynamic library cudnn64_7.dll
2020-10-07 16:22:42.823434: I tensorflow/core/common_runtime/gpu/gpu_device.cc:1746] Adding visible gpu devices: 0
2020-10-07 16:22:42.824482: I tensorflow/core/common_runtime/gpu/gpu_device.cc:1159] Device interconnect StreamExecutor with strength 1 edge matrix:
2020-10-07 16:22:42.825531: I tensorflow/core/common_runtime/gpu/gpu_device.cc:1165]      0 
2020-10-07 16:22:42.826190: I tensorflow/core/common_runtime/gpu/gpu_device.cc:1178] 0:   N 
2020-10-07 16:22:42.827496: I tensorflow/core/common_runtime/gpu/gpu_device.cc:1304] Created TensorFlow device (/job:localhost/replica:0/task:0/device:GPU:0 with 8686 MB memory) -> physical GPU (device: 0, name: GeForce RTX 2080 Ti, pci bus id: 0000:73:00.0, compute capability: 7.5)
2020-10-07 16:22:42.930021: I tensorflow/core/common_runtime/gpu/gpu_device.cc:1618] Found device 0 with properties: 
name: GeForce RTX 2080 Ti major: 7 minor: 5 memoryClockRate(GHz): 1.65
pciBusID: 0000:73:00.0
2020-10-07 16:22:42.931949: I tensorflow/stream_executor/platform/default/dso_loader.cc:44] Successfully opened dynamic library cudart64_100.dll
2020-10-07 16:22:42.933236: I tensorflow/stream_executor/platform/default/dso_loader.cc:44] Successfully opened dynamic library cublas64_100.dll
2020-10-07 16:22:42.934527: I tensorflow/stream_executor/platform/default/dso_loader.cc:44] Successfully opened dynamic library cufft64_100.dll
2020-10-07 16:22:42.935712: I tensorflow/stream_executor/platform/default/dso_loader.cc:44] Successfully opened dynamic library curand64_100.dll
2020-10-07 16:22:42.936755: I tensorflow/stream_executor/platform/default/dso_loader.cc:44] Successfully opened dynamic library cusolver64_100.dll
2020-10-07 16:22:42.937784: I tensorflow/stream_executor/platform/default/dso_loader.cc:44] Successfully opened dynamic library cusparse64_100.dll
2020-10-07 16:22:42.938814: I tensorflow/stream_executor/platform/default/dso_loader.cc:44] Successfully opened dynamic library cudnn64_7.dll
2020-10-07 16:22:42.940380: I tensorflow/core/common_runtime/gpu/gpu_device.cc:1746] Adding visible gpu devices: 0
2020-10-07 16:22:42.941264: I tensorflow/core/common_runtime/gpu/gpu_device.cc:1159] Device interconnect StreamExecutor with strength 1 edge matrix:
2020-10-07 16:22:42.942323: I tensorflow/core/common_runtime/gpu/gpu_device.cc:1165]      0 
2020-10-07 16:22:42.942980: I tensorflow/core/common_runtime/gpu/gpu_device.cc:1178] 0:   N 
2020-10-07 16:22:42.944291: I tensorflow/core/common_runtime/gpu/gpu_device.cc:1304] Created TensorFlow device (/job:localhost/replica:0/task:0/device:GPU:0 with 8686 MB memory) -> physical GPU (device: 0, name: GeForce RTX 2080 Ti, pci bus id: 0000:73:00.0, compute capability: 7.5)
[       OK ] NextAfterTest.testBasic
[ RUN      ] NextAfterTest.testBroadcastingWithGradientChecker
2020-10-07 16:22:42.976303: I tensorflow/core/common_runtime/gpu/gpu_device.cc:1618] Found device 0 with properties: 
name: GeForce RTX 2080 Ti major: 7 minor: 5 memoryClockRate(GHz): 1.65
pciBusID: 0000:73:00.0
2020-10-07 16:22:42.977841: I tensorflow/stream_executor/platform/default/dso_loader.cc:44] Successfully opened dynamic library cudart64_100.dll
2020-10-07 16:22:42.978868: I tensorflow/stream_executor/platform/default/dso_loader.cc:44] Successfully opened dynamic library cublas64_100.dll
2020-10-07 16:22:42.979892: I tensorflow/stream_executor/platform/default/dso_loader.cc:44] Successfully opened dynamic library cufft64_100.dll
2020-10-07 16:22:42.980918: I tensorflow/stream_executor/platform/default/dso_loader.cc:44] Successfully opened dynamic library curand64_100.dll
2020-10-07 16:22:42.981945: I tensorflow/stream_executor/platform/default/dso_loader.cc:44] Successfully opened dynamic library cusolver64_100.dll
2020-10-07 16:22:42.982978: I tensorflow/stream_executor/platform/default/dso_loader.cc:44] Successfully opened dynamic library cusparse64_100.dll
2020-10-07 16:22:42.984006: I tensorflow/stream_executor/platform/default/dso_loader.cc:44] Successfully opened dynamic library cudnn64_7.dll
2020-10-07 16:22:42.985566: I tensorflow/core/common_runtime/gpu/gpu_device.cc:1746] Adding visible gpu devices: 0
2020-10-07 16:22:42.986131: I tensorflow/core/common_runtime/gpu/gpu_device.cc:1159] Device interconnect StreamExecutor with strength 1 edge matrix:
2020-10-07 16:22:42.986809: I tensorflow/core/common_runtime/gpu/gpu_device.cc:1165]      0 
2020-10-07 16:22:42.987220: I tensorflow/core/common_runtime/gpu/gpu_device.cc:1178] 0:   N 
2020-10-07 16:22:42.988079: I tensorflow/core/common_runtime/gpu/gpu_device.cc:1304] Created TensorFlow device (/job:localhost/replica:0/task:0/device:GPU:0 with 8686 MB memory) -> physical GPU (device: 0, name: GeForce RTX 2080 Ti, pci bus id: 0000:73:00.0, compute capability: 7.5)
[       OK ] NextAfterTest.testBroadcastingWithGradientChecker
[ RUN      ] NextAfterTest.testDynamicShapes
2020-10-07 16:22:43.122033: I tensorflow/core/common_runtime/gpu/gpu_device.cc:1618] Found device 0 with properties: 
name: GeForce RTX 2080 Ti major: 7 minor: 5 memoryClockRate(GHz): 1.65
pciBusID: 0000:73:00.0
2020-10-07 16:22:43.122703: I tensorflow/stream_executor/platform/default/dso_loader.cc:44] Successfully opened dynamic library cudart64_100.dll
2020-10-07 16:22:43.123137: I tensorflow/stream_executor/platform/default/dso_loader.cc:44] Successfully opened dynamic library cublas64_100.dll
2020-10-07 16:22:43.123568: I tensorflow/stream_executor/platform/default/dso_loader.cc:44] Successfully opened dynamic library cufft64_100.dll
2020-10-07 16:22:43.123982: I tensorflow/stream_executor/platform/default/dso_loader.cc:44] Successfully opened dynamic library curand64_100.dll
2020-10-07 16:22:43.124348: I tensorflow/stream_executor/platform/default/dso_loader.cc:44] Successfully opened dynamic library cusolver64_100.dll
2020-10-07 16:22:43.124740: I tensorflow/stream_executor/platform/default/dso_loader.cc:44] Successfully opened dynamic library cusparse64_100.dll
2020-10-07 16:22:43.125121: I tensorflow/stream_executor/platform/default/dso_loader.cc:44] Successfully opened dynamic library cudnn64_7.dll
2020-10-07 16:22:43.125775: I tensorflow/core/common_runtime/gpu/gpu_device.cc:1746] Adding visible gpu devices: 0
2020-10-07 16:22:43.126150: I tensorflow/core/common_runtime/gpu/gpu_device.cc:1159] Device interconnect StreamExecutor with strength 1 edge matrix:
2020-10-07 16:22:43.126581: I tensorflow/core/common_runtime/gpu/gpu_device.cc:1165]      0 
2020-10-07 16:22:43.126821: I tensorflow/core/common_runtime/gpu/gpu_device.cc:1178] 0:   N 
2020-10-07 16:22:43.127433: I tensorflow/core/common_runtime/gpu/gpu_device.cc:1304] Created TensorFlow device (/job:localhost/replica:0/task:0/device:GPU:0 with 8686 MB memory) -> physical GPU (device: 0, name: GeForce RTX 2080 Ti, pci bus id: 0000:73:00.0, compute capability: 7.5)
[       OK ] NextAfterTest.testDynamicShapes
[ RUN      ] NextAfterTest.testWithGradientChecker
2020-10-07 16:22:43.294914: I tensorflow/core/common_runtime/gpu/gpu_device.cc:1618] Found device 0 with properties: 
name: GeForce RTX 2080 Ti major: 7 minor: 5 memoryClockRate(GHz): 1.65
pciBusID: 0000:73:00.0
2020-10-07 16:22:43.295510: I tensorflow/stream_executor/platform/default/dso_loader.cc:44] Successfully opened dynamic library cudart64_100.dll
2020-10-07 16:22:43.295858: I tensorflow/stream_executor/platform/default/dso_loader.cc:44] Successfully opened dynamic library cublas64_100.dll
2020-10-07 16:22:43.296203: I tensorflow/stream_executor/platform/default/dso_loader.cc:44] Successfully opened dynamic library cufft64_100.dll
2020-10-07 16:22:43.296549: I tensorflow/stream_executor/platform/default/dso_loader.cc:44] Successfully opened dynamic library curand64_100.dll
2020-10-07 16:22:43.296897: I tensorflow/stream_executor/platform/default/dso_loader.cc:44] Successfully opened dynamic library cusolver64_100.dll
2020-10-07 16:22:43.297249: I tensorflow/stream_executor/platform/default/dso_loader.cc:44] Successfully opened dynamic library cusparse64_100.dll
2020-10-07 16:22:43.297599: I tensorflow/stream_executor/platform/default/dso_loader.cc:44] Successfully opened dynamic library cudnn64_7.dll
2020-10-07 16:22:43.298191: I tensorflow/core/common_runtime/gpu/gpu_device.cc:1746] Adding visible gpu devices: 0
2020-10-07 16:22:43.298534: I tensorflow/core/common_runtime/gpu/gpu_device.cc:1159] Device interconnect StreamExecutor with strength 1 edge matrix:
2020-10-07 16:22:43.298919: I tensorflow/core/common_runtime/gpu/gpu_device.cc:1165]      0 
2020-10-07 16:22:43.299159: I tensorflow/core/common_runtime/gpu/gpu_device.cc:1178] 0:   N 
2020-10-07 16:22:43.299688: I tensorflow/core/common_runtime/gpu/gpu_device.cc:1304] Created TensorFlow device (/job:localhost/replica:0/task:0/device:GPU:0 with 8686 MB memory) -> physical GPU (device: 0, name: GeForce RTX 2080 Ti, pci bus id: 0000:73:00.0, compute capability: 7.5)
[       OK ] NextAfterTest.testWithGradientChecker
[ RUN      ] NextAfterTest.test_session
[  SKIPPED ] NextAfterTest.test_session
[ RUN      ] PowGradTest.test_session
[  SKIPPED ] PowGradTest.test_session
[ RUN      ] PowGradTest.test_zero_grad_tape
2020-10-07 16:22:43.409554: I tensorflow/core/common_runtime/gpu/gpu_device.cc:1618] Found device 0 with properties: 
name: GeForce RTX 2080 Ti major: 7 minor: 5 memoryClockRate(GHz): 1.65
pciBusID: 0000:73:00.0
2020-10-07 16:22:43.410167: I tensorflow/stream_executor/platform/default/dso_loader.cc:44] Successfully opened dynamic library cudart64_100.dll
2020-10-07 16:22:43.410605: I tensorflow/stream_executor/platform/default/dso_loader.cc:44] Successfully opened dynamic library cublas64_100.dll
2020-10-07 16:22:43.411049: I tensorflow/stream_executor/platform/default/dso_loader.cc:44] Successfully opened dynamic library cufft64_100.dll
2020-10-07 16:22:43.411480: I tensorflow/stream_executor/platform/default/dso_loader.cc:44] Successfully opened dynamic library curand64_100.dll
2020-10-07 16:22:43.411912: I tensorflow/stream_executor/platform/default/dso_loader.cc:44] Successfully opened dynamic library cusolver64_100.dll
2020-10-07 16:22:43.412345: I tensorflow/stream_executor/platform/default/dso_loader.cc:44] Successfully opened dynamic library cusparse64_100.dll
2020-10-07 16:22:43.412810: I tensorflow/stream_executor/platform/default/dso_loader.cc:44] Successfully opened dynamic library cudnn64_7.dll
2020-10-07 16:22:43.413522: I tensorflow/core/common_runtime/gpu/gpu_device.cc:1746] Adding visible gpu devices: 0
2020-10-07 16:22:43.413902: I tensorflow/core/common_runtime/gpu/gpu_device.cc:1159] Device interconnect StreamExecutor with strength 1 edge matrix:
2020-10-07 16:22:43.414345: I tensorflow/core/common_runtime/gpu/gpu_device.cc:1165]      0 
2020-10-07 16:22:43.414586: I tensorflow/core/common_runtime/gpu/gpu_device.cc:1178] 0:   N 
2020-10-07 16:22:43.415108: I tensorflow/core/common_runtime/gpu/gpu_device.cc:1304] Created TensorFlow device (/job:localhost/replica:0/task:0/device:GPU:0 with 8686 MB memory) -> physical GPU (device: 0, name: GeForce RTX 2080 Ti, pci bus id: 0000:73:00.0, compute capability: 7.5)
[       OK ] PowGradTest.test_zero_grad_tape
[ RUN      ] PowGradTest.test_zero_grad_tf_gradients
2020-10-07 16:22:43.431170: I tensorflow/core/common_runtime/gpu/gpu_device.cc:1618] Found device 0 with properties: 
name: GeForce RTX 2080 Ti major: 7 minor: 5 memoryClockRate(GHz): 1.65
pciBusID: 0000:73:00.0
2020-10-07 16:22:43.432210: I tensorflow/stream_executor/platform/default/dso_loader.cc:44] Successfully opened dynamic library cudart64_100.dll
2020-10-07 16:22:43.432895: I tensorflow/stream_executor/platform/default/dso_loader.cc:44] Successfully opened dynamic library cublas64_100.dll
2020-10-07 16:22:43.433580: I tensorflow/stream_executor/platform/default/dso_loader.cc:44] Successfully opened dynamic library cufft64_100.dll
2020-10-07 16:22:43.434276: I tensorflow/stream_executor/platform/default/dso_loader.cc:44] Successfully opened dynamic library curand64_100.dll
2020-10-07 16:22:43.434964: I tensorflow/stream_executor/platform/default/dso_loader.cc:44] Successfully opened dynamic library cusolver64_100.dll
2020-10-07 16:22:43.435659: I tensorflow/stream_executor/platform/default/dso_loader.cc:44] Successfully opened dynamic library cusparse64_100.dll
2020-10-07 16:22:43.436348: I tensorflow/stream_executor/platform/default/dso_loader.cc:44] Successfully opened dynamic library cudnn64_7.dll
2020-10-07 16:22:43.437420: I tensorflow/core/common_runtime/gpu/gpu_device.cc:1746] Adding visible gpu devices: 0
2020-10-07 16:22:43.438014: I tensorflow/core/common_runtime/gpu/gpu_device.cc:1159] Device interconnect StreamExecutor with strength 1 edge matrix:
2020-10-07 16:22:43.438665: I tensorflow/core/common_runtime/gpu/gpu_device.cc:1165]      0 
2020-10-07 16:22:43.439031: I tensorflow/core/common_runtime/gpu/gpu_device.cc:1178] 0:   N 
2020-10-07 16:22:43.439884: I tensorflow/core/common_runtime/gpu/gpu_device.cc:1304] Created TensorFlow device (/job:localhost/replica:0/task:0/device:GPU:0 with 8686 MB memory) -> physical GPU (device: 0, name: GeForce RTX 2080 Ti, pci bus id: 0000:73:00.0, compute capability: 7.5)
[  SKIPPED ] PowGradTest.test_zero_grad_tf_gradients
[ RUN      ] ProdGradientTest.testProdGradient
2020-10-07 16:22:43.470803: I tensorflow/core/common_runtime/gpu/gpu_device.cc:1618] Found device 0 with properties: 
name: GeForce RTX 2080 Ti major: 7 minor: 5 memoryClockRate(GHz): 1.65
pciBusID: 0000:73:00.0
2020-10-07 16:22:43.472721: I tensorflow/stream_executor/platform/default/dso_loader.cc:44] Successfully opened dynamic library cudart64_100.dll
2020-10-07 16:22:43.474012: I tensorflow/stream_executor/platform/default/dso_loader.cc:44] Successfully opened dynamic library cublas64_100.dll
2020-10-07 16:22:43.475396: I tensorflow/stream_executor/platform/default/dso_loader.cc:44] Successfully opened dynamic library cufft64_100.dll
2020-10-07 16:22:43.476664: I tensorflow/stream_executor/platform/default/dso_loader.cc:44] Successfully opened dynamic library curand64_100.dll
2020-10-07 16:22:43.477949: I tensorflow/stream_executor/platform/default/dso_loader.cc:44] Successfully opened dynamic library cusolver64_100.dll
2020-10-07 16:22:43.479243: I tensorflow/stream_executor/platform/default/dso_loader.cc:44] Successfully opened dynamic library cusparse64_100.dll
2020-10-07 16:22:43.480420: I tensorflow/stream_executor/platform/default/dso_loader.cc:44] Successfully opened dynamic library cudnn64_7.dll
2020-10-07 16:22:43.482163: I tensorflow/core/common_runtime/gpu/gpu_device.cc:1746] Adding visible gpu devices: 0
2020-10-07 16:22:43.483155: I tensorflow/core/common_runtime/gpu/gpu_device.cc:1159] Device interconnect StreamExecutor with strength 1 edge matrix:
2020-10-07 16:22:43.484319: I tensorflow/core/common_runtime/gpu/gpu_device.cc:1165]      0 
2020-10-07 16:22:43.485049: I tensorflow/core/common_runtime/gpu/gpu_device.cc:1178] 0:   N 
2020-10-07 16:22:43.486611: I tensorflow/core/common_runtime/gpu/gpu_device.cc:1304] Created TensorFlow device (/job:localhost/replica:0/task:0/device:GPU:0 with 8686 MB memory) -> physical GPU (device: 0, name: GeForce RTX 2080 Ti, pci bus id: 0000:73:00.0, compute capability: 7.5)
WARNING:tensorflow:From C:\ProgramData\Anaconda3\envs\keras\lib\site-packages\tensorflow_core\python\ops\math_grad.py:281: setdiff1d (from tensorflow.python.ops.array_ops) is deprecated and will be removed after 2018-11-30.
Instructions for updating:
This op will be removed after the deprecation date. Please switch to tf.sets.difference().
W1007 16:22:43.506423 21392 deprecation.py:323] From C:\ProgramData\Anaconda3\envs\keras\lib\site-packages\tensorflow_core\python\ops\math_grad.py:281: setdiff1d (from tensorflow.python.ops.array_ops) is deprecated and will be removed after 2018-11-30.
Instructions for updating:
This op will be removed after the deprecation date. Please switch to tf.sets.difference().
[       OK ] ProdGradientTest.testProdGradient
[ RUN      ] ProdGradientTest.testProdGradientComplex
2020-10-07 16:22:43.551177: I tensorflow/core/common_runtime/gpu/gpu_device.cc:1618] Found device 0 with properties: 
name: GeForce RTX 2080 Ti major: 7 minor: 5 memoryClockRate(GHz): 1.65
pciBusID: 0000:73:00.0
2020-10-07 16:22:43.551846: I tensorflow/stream_executor/platform/default/dso_loader.cc:44] Successfully opened dynamic library cudart64_100.dll
2020-10-07 16:22:43.552283: I tensorflow/stream_executor/platform/default/dso_loader.cc:44] Successfully opened dynamic library cublas64_100.dll
2020-10-07 16:22:43.552715: I tensorflow/stream_executor/platform/default/dso_loader.cc:44] Successfully opened dynamic library cufft64_100.dll
2020-10-07 16:22:43.553140: I tensorflow/stream_executor/platform/default/dso_loader.cc:44] Successfully opened dynamic library curand64_100.dll
2020-10-07 16:22:43.553609: I tensorflow/stream_executor/platform/default/dso_loader.cc:44] Successfully opened dynamic library cusolver64_100.dll
2020-10-07 16:22:43.554047: I tensorflow/stream_executor/platform/default/dso_loader.cc:44] Successfully opened dynamic library cusparse64_100.dll
2020-10-07 16:22:43.554499: I tensorflow/stream_executor/platform/default/dso_loader.cc:44] Successfully opened dynamic library cudnn64_7.dll
2020-10-07 16:22:43.555224: I tensorflow/core/common_runtime/gpu/gpu_device.cc:1746] Adding visible gpu devices: 0
2020-10-07 16:22:43.555558: I tensorflow/core/common_runtime/gpu/gpu_device.cc:1159] Device interconnect StreamExecutor with strength 1 edge matrix:
2020-10-07 16:22:43.555919: I tensorflow/core/common_runtime/gpu/gpu_device.cc:1165]      0 
2020-10-07 16:22:43.556141: I tensorflow/core/common_runtime/gpu/gpu_device.cc:1178] 0:   N 
2020-10-07 16:22:43.556644: I tensorflow/core/common_runtime/gpu/gpu_device.cc:1304] Created TensorFlow device (/job:localhost/replica:0/task:0/device:GPU:0 with 8686 MB memory) -> physical GPU (device: 0, name: GeForce RTX 2080 Ti, pci bus id: 0000:73:00.0, compute capability: 7.5)
[       OK ] ProdGradientTest.testProdGradientComplex
[ RUN      ] ProdGradientTest.testProdGradientForNegativeAxis
2020-10-07 16:22:43.703703: I tensorflow/core/common_runtime/gpu/gpu_device.cc:1618] Found device 0 with properties: 
name: GeForce RTX 2080 Ti major: 7 minor: 5 memoryClockRate(GHz): 1.65
pciBusID: 0000:73:00.0
2020-10-07 16:22:43.705407: I tensorflow/stream_executor/platform/default/dso_loader.cc:44] Successfully opened dynamic library cudart64_100.dll
2020-10-07 16:22:43.706547: I tensorflow/stream_executor/platform/default/dso_loader.cc:44] Successfully opened dynamic library cublas64_100.dll
2020-10-07 16:22:43.707684: I tensorflow/stream_executor/platform/default/dso_loader.cc:44] Successfully opened dynamic library cufft64_100.dll
2020-10-07 16:22:43.708812: I tensorflow/stream_executor/platform/default/dso_loader.cc:44] Successfully opened dynamic library curand64_100.dll
2020-10-07 16:22:43.709961: I tensorflow/stream_executor/platform/default/dso_loader.cc:44] Successfully opened dynamic library cusolver64_100.dll
2020-10-07 16:22:43.710714: I tensorflow/stream_executor/platform/default/dso_loader.cc:44] Successfully opened dynamic library cusparse64_100.dll
2020-10-07 16:22:43.711464: I tensorflow/stream_executor/platform/default/dso_loader.cc:44] Successfully opened dynamic library cudnn64_7.dll
2020-10-07 16:22:43.712623: I tensorflow/core/common_runtime/gpu/gpu_device.cc:1746] Adding visible gpu devices: 0
2020-10-07 16:22:43.713350: I tensorflow/core/common_runtime/gpu/gpu_device.cc:1159] Device interconnect StreamExecutor with strength 1 edge matrix:
2020-10-07 16:22:43.714104: I tensorflow/core/common_runtime/gpu/gpu_device.cc:1165]      0 
2020-10-07 16:22:43.714575: I tensorflow/core/common_runtime/gpu/gpu_device.cc:1178] 0:   N 
2020-10-07 16:22:43.715537: I tensorflow/core/common_runtime/gpu/gpu_device.cc:1304] Created TensorFlow device (/job:localhost/replica:0/task:0/device:GPU:0 with 8686 MB memory) -> physical GPU (device: 0, name: GeForce RTX 2080 Ti, pci bus id: 0000:73:00.0, compute capability: 7.5)
[       OK ] ProdGradientTest.testProdGradientForNegativeAxis
[ RUN      ] ProdGradientTest.testProdGradientForNegativeAxisComplex
2020-10-07 16:22:43.777468: I tensorflow/core/common_runtime/gpu/gpu_device.cc:1618] Found device 0 with properties: 
name: GeForce RTX 2080 Ti major: 7 minor: 5 memoryClockRate(GHz): 1.65
pciBusID: 0000:73:00.0
2020-10-07 16:22:43.778138: I tensorflow/stream_executor/platform/default/dso_loader.cc:44] Successfully opened dynamic library cudart64_100.dll
2020-10-07 16:22:43.778580: I tensorflow/stream_executor/platform/default/dso_loader.cc:44] Successfully opened dynamic library cublas64_100.dll
2020-10-07 16:22:43.779012: I tensorflow/stream_executor/platform/default/dso_loader.cc:44] Successfully opened dynamic library cufft64_100.dll
2020-10-07 16:22:43.779448: I tensorflow/stream_executor/platform/default/dso_loader.cc:44] Successfully opened dynamic library curand64_100.dll
2020-10-07 16:22:43.779876: I tensorflow/stream_executor/platform/default/dso_loader.cc:44] Successfully opened dynamic library cusolver64_100.dll
2020-10-07 16:22:43.780318: I tensorflow/stream_executor/platform/default/dso_loader.cc:44] Successfully opened dynamic library cusparse64_100.dll
2020-10-07 16:22:43.780753: I tensorflow/stream_executor/platform/default/dso_loader.cc:44] Successfully opened dynamic library cudnn64_7.dll
2020-10-07 16:22:43.781419: I tensorflow/core/common_runtime/gpu/gpu_device.cc:1746] Adding visible gpu devices: 0
2020-10-07 16:22:43.781745: I tensorflow/core/common_runtime/gpu/gpu_device.cc:1159] Device interconnect StreamExecutor with strength 1 edge matrix:
2020-10-07 16:22:43.782147: I tensorflow/core/common_runtime/gpu/gpu_device.cc:1165]      0 
2020-10-07 16:22:43.782394: I tensorflow/core/common_runtime/gpu/gpu_device.cc:1178] 0:   N 
2020-10-07 16:22:43.782895: I tensorflow/core/common_runtime/gpu/gpu_device.cc:1304] Created TensorFlow device (/job:localhost/replica:0/task:0/device:GPU:0 with 8686 MB memory) -> physical GPU (device: 0, name: GeForce RTX 2080 Ti, pci bus id: 0000:73:00.0, compute capability: 7.5)
[       OK ] ProdGradientTest.testProdGradientForNegativeAxisComplex
[ RUN      ] ProdGradientTest.test_session
[  SKIPPED ] ProdGradientTest.test_session
[ RUN      ] SegmentMinOrMaxGradientTest.testSegmentMaxGradient
2020-10-07 16:22:43.948830: I tensorflow/core/common_runtime/gpu/gpu_device.cc:1618] Found device 0 with properties: 
name: GeForce RTX 2080 Ti major: 7 minor: 5 memoryClockRate(GHz): 1.65
pciBusID: 0000:73:00.0
2020-10-07 16:22:43.950237: I tensorflow/stream_executor/platform/default/dso_loader.cc:44] Successfully opened dynamic library cudart64_100.dll
2020-10-07 16:22:43.951173: I tensorflow/stream_executor/platform/default/dso_loader.cc:44] Successfully opened dynamic library cublas64_100.dll
2020-10-07 16:22:43.951909: I tensorflow/stream_executor/platform/default/dso_loader.cc:44] Successfully opened dynamic library cufft64_100.dll
2020-10-07 16:22:43.952522: I tensorflow/stream_executor/platform/default/dso_loader.cc:44] Successfully opened dynamic library curand64_100.dll
2020-10-07 16:22:43.953131: I tensorflow/stream_executor/platform/default/dso_loader.cc:44] Successfully opened dynamic library cusolver64_100.dll
2020-10-07 16:22:43.953739: I tensorflow/stream_executor/platform/default/dso_loader.cc:44] Successfully opened dynamic library cusparse64_100.dll
2020-10-07 16:22:43.954354: I tensorflow/stream_executor/platform/default/dso_loader.cc:44] Successfully opened dynamic library cudnn64_7.dll
2020-10-07 16:22:43.955308: I tensorflow/core/common_runtime/gpu/gpu_device.cc:1746] Adding visible gpu devices: 0
2020-10-07 16:22:43.955834: I tensorflow/core/common_runtime/gpu/gpu_device.cc:1159] Device interconnect StreamExecutor with strength 1 edge matrix:
2020-10-07 16:22:43.956456: I tensorflow/core/common_runtime/gpu/gpu_device.cc:1165]      0 
2020-10-07 16:22:43.956843: I tensorflow/core/common_runtime/gpu/gpu_device.cc:1178] 0:   N 
2020-10-07 16:22:43.957662: I tensorflow/core/common_runtime/gpu/gpu_device.cc:1304] Created TensorFlow device (/job:localhost/replica:0/task:0/device:GPU:0 with 8686 MB memory) -> physical GPU (device: 0, name: GeForce RTX 2080 Ti, pci bus id: 0000:73:00.0, compute capability: 7.5)
[       OK ] SegmentMinOrMaxGradientTest.testSegmentMaxGradient
[ RUN      ] SegmentMinOrMaxGradientTest.testSegmentMaxGradientWithTies
2020-10-07 16:22:43.978938: I tensorflow/core/common_runtime/gpu/gpu_device.cc:1618] Found device 0 with properties: 
name: GeForce RTX 2080 Ti major: 7 minor: 5 memoryClockRate(GHz): 1.65
pciBusID: 0000:73:00.0
2020-10-07 16:22:43.979468: I tensorflow/stream_executor/platform/default/dso_loader.cc:44] Successfully opened dynamic library cudart64_100.dll
2020-10-07 16:22:43.979816: I tensorflow/stream_executor/platform/default/dso_loader.cc:44] Successfully opened dynamic library cublas64_100.dll
2020-10-07 16:22:43.980160: I tensorflow/stream_executor/platform/default/dso_loader.cc:44] Successfully opened dynamic library cufft64_100.dll
2020-10-07 16:22:43.980499: I tensorflow/stream_executor/platform/default/dso_loader.cc:44] Successfully opened dynamic library curand64_100.dll
2020-10-07 16:22:43.980851: I tensorflow/stream_executor/platform/default/dso_loader.cc:44] Successfully opened dynamic library cusolver64_100.dll
2020-10-07 16:22:43.981233: I tensorflow/stream_executor/platform/default/dso_loader.cc:44] Successfully opened dynamic library cusparse64_100.dll
2020-10-07 16:22:43.981694: I tensorflow/stream_executor/platform/default/dso_loader.cc:44] Successfully opened dynamic library cudnn64_7.dll
2020-10-07 16:22:43.982401: I tensorflow/core/common_runtime/gpu/gpu_device.cc:1746] Adding visible gpu devices: 0
2020-10-07 16:22:43.982778: I tensorflow/core/common_runtime/gpu/gpu_device.cc:1159] Device interconnect StreamExecutor with strength 1 edge matrix:
2020-10-07 16:22:43.983191: I tensorflow/core/common_runtime/gpu/gpu_device.cc:1165]      0 
2020-10-07 16:22:43.983428: I tensorflow/core/common_runtime/gpu/gpu_device.cc:1178] 0:   N 
2020-10-07 16:22:43.983974: I tensorflow/core/common_runtime/gpu/gpu_device.cc:1304] Created TensorFlow device (/job:localhost/replica:0/task:0/device:GPU:0 with 8686 MB memory) -> physical GPU (device: 0, name: GeForce RTX 2080 Ti, pci bus id: 0000:73:00.0, compute capability: 7.5)
[  FAILED  ] SegmentMinOrMaxGradientTest.testSegmentMaxGradientWithTies
[ RUN      ] SegmentMinOrMaxGradientTest.testSegmentMinGradient
2020-10-07 16:22:43.994553: I tensorflow/core/common_runtime/gpu/gpu_device.cc:1618] Found device 0 with properties: 
name: GeForce RTX 2080 Ti major: 7 minor: 5 memoryClockRate(GHz): 1.65
pciBusID: 0000:73:00.0
2020-10-07 16:22:43.995086: I tensorflow/stream_executor/platform/default/dso_loader.cc:44] Successfully opened dynamic library cudart64_100.dll
2020-10-07 16:22:43.995438: I tensorflow/stream_executor/platform/default/dso_loader.cc:44] Successfully opened dynamic library cublas64_100.dll
2020-10-07 16:22:43.995786: I tensorflow/stream_executor/platform/default/dso_loader.cc:44] Successfully opened dynamic library cufft64_100.dll
2020-10-07 16:22:43.996126: I tensorflow/stream_executor/platform/default/dso_loader.cc:44] Successfully opened dynamic library curand64_100.dll
2020-10-07 16:22:43.996474: I tensorflow/stream_executor/platform/default/dso_loader.cc:44] Successfully opened dynamic library cusolver64_100.dll
2020-10-07 16:22:43.996819: I tensorflow/stream_executor/platform/default/dso_loader.cc:44] Successfully opened dynamic library cusparse64_100.dll
2020-10-07 16:22:43.997170: I tensorflow/stream_executor/platform/default/dso_loader.cc:44] Successfully opened dynamic library cudnn64_7.dll
2020-10-07 16:22:43.997808: I tensorflow/core/common_runtime/gpu/gpu_device.cc:1746] Adding visible gpu devices: 0
2020-10-07 16:22:43.998135: I tensorflow/core/common_runtime/gpu/gpu_device.cc:1159] Device interconnect StreamExecutor with strength 1 edge matrix:
2020-10-07 16:22:43.998521: I tensorflow/core/common_runtime/gpu/gpu_device.cc:1165]      0 
2020-10-07 16:22:43.998746: I tensorflow/core/common_runtime/gpu/gpu_device.cc:1178] 0:   N 
2020-10-07 16:22:43.999238: I tensorflow/core/common_runtime/gpu/gpu_device.cc:1304] Created TensorFlow device (/job:localhost/replica:0/task:0/device:GPU:0 with 8686 MB memory) -> physical GPU (device: 0, name: GeForce RTX 2080 Ti, pci bus id: 0000:73:00.0, compute capability: 7.5)
[       OK ] SegmentMinOrMaxGradientTest.testSegmentMinGradient
[ RUN      ] SegmentMinOrMaxGradientTest.testSegmentMinGradientWithTies
2020-10-07 16:22:44.020749: I tensorflow/core/common_runtime/gpu/gpu_device.cc:1618] Found device 0 with properties: 
name: GeForce RTX 2080 Ti major: 7 minor: 5 memoryClockRate(GHz): 1.65
pciBusID: 0000:73:00.0
2020-10-07 16:22:44.021305: I tensorflow/stream_executor/platform/default/dso_loader.cc:44] Successfully opened dynamic library cudart64_100.dll
2020-10-07 16:22:44.021696: I tensorflow/stream_executor/platform/default/dso_loader.cc:44] Successfully opened dynamic library cublas64_100.dll
2020-10-07 16:22:44.022120: I tensorflow/stream_executor/platform/default/dso_loader.cc:44] Successfully opened dynamic library cufft64_100.dll
2020-10-07 16:22:44.022553: I tensorflow/stream_executor/platform/default/dso_loader.cc:44] Successfully opened dynamic library curand64_100.dll
2020-10-07 16:22:44.022986: I tensorflow/stream_executor/platform/default/dso_loader.cc:44] Successfully opened dynamic library cusolver64_100.dll
2020-10-07 16:22:44.023434: I tensorflow/stream_executor/platform/default/dso_loader.cc:44] Successfully opened dynamic library cusparse64_100.dll
2020-10-07 16:22:44.023873: I tensorflow/stream_executor/platform/default/dso_loader.cc:44] Successfully opened dynamic library cudnn64_7.dll
2020-10-07 16:22:44.024487: I tensorflow/core/common_runtime/gpu/gpu_device.cc:1746] Adding visible gpu devices: 0
2020-10-07 16:22:44.024801: I tensorflow/core/common_runtime/gpu/gpu_device.cc:1159] Device interconnect StreamExecutor with strength 1 edge matrix:
2020-10-07 16:22:44.025169: I tensorflow/core/common_runtime/gpu/gpu_device.cc:1165]      0 
2020-10-07 16:22:44.025395: I tensorflow/core/common_runtime/gpu/gpu_device.cc:1178] 0:   N 
2020-10-07 16:22:44.025894: I tensorflow/core/common_runtime/gpu/gpu_device.cc:1304] Created TensorFlow device (/job:localhost/replica:0/task:0/device:GPU:0 with 8686 MB memory) -> physical GPU (device: 0, name: GeForce RTX 2080 Ti, pci bus id: 0000:73:00.0, compute capability: 7.5)
[  FAILED  ] SegmentMinOrMaxGradientTest.testSegmentMinGradientWithTies
[ RUN      ] SegmentMinOrMaxGradientTest.test_session
[  SKIPPED ] SegmentMinOrMaxGradientTest.test_session
[ RUN      ] SquaredDifferenceOpTest.testGrad
2020-10-07 16:22:44.034354: I tensorflow/core/common_runtime/gpu/gpu_device.cc:1618] Found device 0 with properties: 
name: GeForce RTX 2080 Ti major: 7 minor: 5 memoryClockRate(GHz): 1.65
pciBusID: 0000:73:00.0
2020-10-07 16:22:44.034957: I tensorflow/stream_executor/platform/default/dso_loader.cc:44] Successfully opened dynamic library cudart64_100.dll
2020-10-07 16:22:44.035392: I tensorflow/stream_executor/platform/default/dso_loader.cc:44] Successfully opened dynamic library cublas64_100.dll
2020-10-07 16:22:44.035847: I tensorflow/stream_executor/platform/default/dso_loader.cc:44] Successfully opened dynamic library cufft64_100.dll
2020-10-07 16:22:44.036231: I tensorflow/stream_executor/platform/default/dso_loader.cc:44] Successfully opened dynamic library curand64_100.dll
2020-10-07 16:22:44.036581: I tensorflow/stream_executor/platform/default/dso_loader.cc:44] Successfully opened dynamic library cusolver64_100.dll
2020-10-07 16:22:44.036930: I tensorflow/stream_executor/platform/default/dso_loader.cc:44] Successfully opened dynamic library cusparse64_100.dll
2020-10-07 16:22:44.037293: I tensorflow/stream_executor/platform/default/dso_loader.cc:44] Successfully opened dynamic library cudnn64_7.dll
2020-10-07 16:22:44.037964: I tensorflow/core/common_runtime/gpu/gpu_device.cc:1746] Adding visible gpu devices: 0
2020-10-07 16:22:44.038341: I tensorflow/core/common_runtime/gpu/gpu_device.cc:1159] Device interconnect StreamExecutor with strength 1 edge matrix:
2020-10-07 16:22:44.038786: I tensorflow/core/common_runtime/gpu/gpu_device.cc:1165]      0 
2020-10-07 16:22:44.039069: I tensorflow/core/common_runtime/gpu/gpu_device.cc:1178] 0:   N 
2020-10-07 16:22:44.039614: I tensorflow/core/common_runtime/gpu/gpu_device.cc:1304] Created TensorFlow device (/job:localhost/replica:0/task:0/device:GPU:0 with 8686 MB memory) -> physical GPU (device: 0, name: GeForce RTX 2080 Ti, pci bus id: 0000:73:00.0, compute capability: 7.5)
[       OK ] SquaredDifferenceOpTest.testGrad
[ RUN      ] SquaredDifferenceOpTest.test_session
[  SKIPPED ] SquaredDifferenceOpTest.test_session
[ RUN      ] XdivyTest.testNonZeroValuesGrad
2020-10-07 16:22:44.275088: I tensorflow/core/common_runtime/gpu/gpu_device.cc:1618] Found device 0 with properties: 
name: GeForce RTX 2080 Ti major: 7 minor: 5 memoryClockRate(GHz): 1.65
pciBusID: 0000:73:00.0
2020-10-07 16:22:44.275625: I tensorflow/stream_executor/platform/default/dso_loader.cc:44] Successfully opened dynamic library cudart64_100.dll
2020-10-07 16:22:44.275977: I tensorflow/stream_executor/platform/default/dso_loader.cc:44] Successfully opened dynamic library cublas64_100.dll
2020-10-07 16:22:44.276327: I tensorflow/stream_executor/platform/default/dso_loader.cc:44] Successfully opened dynamic library cufft64_100.dll
2020-10-07 16:22:44.276681: I tensorflow/stream_executor/platform/default/dso_loader.cc:44] Successfully opened dynamic library curand64_100.dll
2020-10-07 16:22:44.277026: I tensorflow/stream_executor/platform/default/dso_loader.cc:44] Successfully opened dynamic library cusolver64_100.dll
2020-10-07 16:22:44.277397: I tensorflow/stream_executor/platform/default/dso_loader.cc:44] Successfully opened dynamic library cusparse64_100.dll
2020-10-07 16:22:44.277776: I tensorflow/stream_executor/platform/default/dso_loader.cc:44] Successfully opened dynamic library cudnn64_7.dll
2020-10-07 16:22:44.278396: I tensorflow/core/common_runtime/gpu/gpu_device.cc:1746] Adding visible gpu devices: 0
2020-10-07 16:22:44.278750: I tensorflow/core/common_runtime/gpu/gpu_device.cc:1159] Device interconnect StreamExecutor with strength 1 edge matrix:
2020-10-07 16:22:44.279136: I tensorflow/core/common_runtime/gpu/gpu_device.cc:1165]      0 
2020-10-07 16:22:44.279376: I tensorflow/core/common_runtime/gpu/gpu_device.cc:1178] 0:   N 
2020-10-07 16:22:44.279872: I tensorflow/core/common_runtime/gpu/gpu_device.cc:1304] Created TensorFlow device (/job:localhost/replica:0/task:0/device:GPU:0 with 8686 MB memory) -> physical GPU (device: 0, name: GeForce RTX 2080 Ti, pci bus id: 0000:73:00.0, compute capability: 7.5)
[       OK ] XdivyTest.testNonZeroValuesGrad
[ RUN      ] XdivyTest.testZeroXGrad
2020-10-07 16:22:44.462080: I tensorflow/core/common_runtime/gpu/gpu_device.cc:1618] Found device 0 with properties: 
name: GeForce RTX 2080 Ti major: 7 minor: 5 memoryClockRate(GHz): 1.65
pciBusID: 0000:73:00.0
2020-10-07 16:22:44.462657: I tensorflow/stream_executor/platform/default/dso_loader.cc:44] Successfully opened dynamic library cudart64_100.dll
2020-10-07 16:22:44.463009: I tensorflow/stream_executor/platform/default/dso_loader.cc:44] Successfully opened dynamic library cublas64_100.dll
2020-10-07 16:22:44.463377: I tensorflow/stream_executor/platform/default/dso_loader.cc:44] Successfully opened dynamic library cufft64_100.dll
2020-10-07 16:22:44.463724: I tensorflow/stream_executor/platform/default/dso_loader.cc:44] Successfully opened dynamic library curand64_100.dll
2020-10-07 16:22:44.464078: I tensorflow/stream_executor/platform/default/dso_loader.cc:44] Successfully opened dynamic library cusolver64_100.dll
2020-10-07 16:22:44.464428: I tensorflow/stream_executor/platform/default/dso_loader.cc:44] Successfully opened dynamic library cusparse64_100.dll
2020-10-07 16:22:44.464775: I tensorflow/stream_executor/platform/default/dso_loader.cc:44] Successfully opened dynamic library cudnn64_7.dll
2020-10-07 16:22:44.465344: I tensorflow/core/common_runtime/gpu/gpu_device.cc:1746] Adding visible gpu devices: 0
2020-10-07 16:22:44.465649: I tensorflow/core/common_runtime/gpu/gpu_device.cc:1159] Device interconnect StreamExecutor with strength 1 edge matrix:
2020-10-07 16:22:44.466004: I tensorflow/core/common_runtime/gpu/gpu_device.cc:1165]      0 
2020-10-07 16:22:44.466244: I tensorflow/core/common_runtime/gpu/gpu_device.cc:1178] 0:   N 
2020-10-07 16:22:44.466737: I tensorflow/core/common_runtime/gpu/gpu_device.cc:1304] Created TensorFlow device (/job:localhost/replica:0/task:0/device:GPU:0 with 8686 MB memory) -> physical GPU (device: 0, name: GeForce RTX 2080 Ti, pci bus id: 0000:73:00.0, compute capability: 7.5)
[       OK ] XdivyTest.testZeroXGrad
[ RUN      ] XdivyTest.testZeroXYGrad
2020-10-07 16:22:44.581369: I tensorflow/core/common_runtime/gpu/gpu_device.cc:1618] Found device 0 with properties: 
name: GeForce RTX 2080 Ti major: 7 minor: 5 memoryClockRate(GHz): 1.65
pciBusID: 0000:73:00.0
2020-10-07 16:22:44.581908: I tensorflow/stream_executor/platform/default/dso_loader.cc:44] Successfully opened dynamic library cudart64_100.dll
2020-10-07 16:22:44.582254: I tensorflow/stream_executor/platform/default/dso_loader.cc:44] Successfully opened dynamic library cublas64_100.dll
2020-10-07 16:22:44.582601: I tensorflow/stream_executor/platform/default/dso_loader.cc:44] Successfully opened dynamic library cufft64_100.dll
2020-10-07 16:22:44.583020: I tensorflow/stream_executor/platform/default/dso_loader.cc:44] Successfully opened dynamic library curand64_100.dll
2020-10-07 16:22:44.583389: I tensorflow/stream_executor/platform/default/dso_loader.cc:44] Successfully opened dynamic library cusolver64_100.dll
2020-10-07 16:22:44.583746: I tensorflow/stream_executor/platform/default/dso_loader.cc:44] Successfully opened dynamic library cusparse64_100.dll
2020-10-07 16:22:44.584093: I tensorflow/stream_executor/platform/default/dso_loader.cc:44] Successfully opened dynamic library cudnn64_7.dll
2020-10-07 16:22:44.584923: I tensorflow/core/common_runtime/gpu/gpu_device.cc:1746] Adding visible gpu devices: 0
2020-10-07 16:22:44.585307: I tensorflow/core/common_runtime/gpu/gpu_device.cc:1159] Device interconnect StreamExecutor with strength 1 edge matrix:
2020-10-07 16:22:44.585754: I tensorflow/core/common_runtime/gpu/gpu_device.cc:1165]      0 
2020-10-07 16:22:44.585989: I tensorflow/core/common_runtime/gpu/gpu_device.cc:1178] 0:   N 
2020-10-07 16:22:44.586487: I tensorflow/core/common_runtime/gpu/gpu_device.cc:1304] Created TensorFlow device (/job:localhost/replica:0/task:0/device:GPU:0 with 8686 MB memory) -> physical GPU (device: 0, name: GeForce RTX 2080 Ti, pci bus id: 0000:73:00.0, compute capability: 7.5)
[       OK ] XdivyTest.testZeroXYGrad
[ RUN      ] XdivyTest.testZeroYGrad
2020-10-07 16:22:44.705807: I tensorflow/core/common_runtime/gpu/gpu_device.cc:1618] Found device 0 with properties: 
name: GeForce RTX 2080 Ti major: 7 minor: 5 memoryClockRate(GHz): 1.65
pciBusID: 0000:73:00.0
2020-10-07 16:22:44.706341: I tensorflow/stream_executor/platform/default/dso_loader.cc:44] Successfully opened dynamic library cudart64_100.dll
2020-10-07 16:22:44.706692: I tensorflow/stream_executor/platform/default/dso_loader.cc:44] Successfully opened dynamic library cublas64_100.dll
2020-10-07 16:22:44.707036: I tensorflow/stream_executor/platform/default/dso_loader.cc:44] Successfully opened dynamic library cufft64_100.dll
2020-10-07 16:22:44.707377: I tensorflow/stream_executor/platform/default/dso_loader.cc:44] Successfully opened dynamic library curand64_100.dll
2020-10-07 16:22:44.707721: I tensorflow/stream_executor/platform/default/dso_loader.cc:44] Successfully opened dynamic library cusolver64_100.dll
2020-10-07 16:22:44.708067: I tensorflow/stream_executor/platform/default/dso_loader.cc:44] Successfully opened dynamic library cusparse64_100.dll
2020-10-07 16:22:44.708419: I tensorflow/stream_executor/platform/default/dso_loader.cc:44] Successfully opened dynamic library cudnn64_7.dll
2020-10-07 16:22:44.709008: I tensorflow/core/common_runtime/gpu/gpu_device.cc:1746] Adding visible gpu devices: 0
2020-10-07 16:22:44.709311: I tensorflow/core/common_runtime/gpu/gpu_device.cc:1159] Device interconnect StreamExecutor with strength 1 edge matrix:
2020-10-07 16:22:44.709811: I tensorflow/core/common_runtime/gpu/gpu_device.cc:1165]      0 
2020-10-07 16:22:44.710090: I tensorflow/core/common_runtime/gpu/gpu_device.cc:1178] 0:   N 
2020-10-07 16:22:44.710683: I tensorflow/core/common_runtime/gpu/gpu_device.cc:1304] Created TensorFlow device (/job:localhost/replica:0/task:0/device:GPU:0 with 8686 MB memory) -> physical GPU (device: 0, name: GeForce RTX 2080 Ti, pci bus id: 0000:73:00.0, compute capability: 7.5)
[       OK ] XdivyTest.testZeroYGrad
[ RUN      ] XdivyTest.test_session
[  SKIPPED ] XdivyTest.test_session
[ RUN      ] XlogyTest.testNonZeroValuesGrad
2020-10-07 16:22:44.818222: I tensorflow/core/common_runtime/gpu/gpu_device.cc:1618] Found device 0 with properties: 
name: GeForce RTX 2080 Ti major: 7 minor: 5 memoryClockRate(GHz): 1.65
pciBusID: 0000:73:00.0
2020-10-07 16:22:44.818799: I tensorflow/stream_executor/platform/default/dso_loader.cc:44] Successfully opened dynamic library cudart64_100.dll
2020-10-07 16:22:44.819250: I tensorflow/stream_executor/platform/default/dso_loader.cc:44] Successfully opened dynamic library cublas64_100.dll
2020-10-07 16:22:44.819684: I tensorflow/stream_executor/platform/default/dso_loader.cc:44] Successfully opened dynamic library cufft64_100.dll
2020-10-07 16:22:44.820110: I tensorflow/stream_executor/platform/default/dso_loader.cc:44] Successfully opened dynamic library curand64_100.dll
2020-10-07 16:22:44.820461: I tensorflow/stream_executor/platform/default/dso_loader.cc:44] Successfully opened dynamic library cusolver64_100.dll
2020-10-07 16:22:44.820808: I tensorflow/stream_executor/platform/default/dso_loader.cc:44] Successfully opened dynamic library cusparse64_100.dll
2020-10-07 16:22:44.821154: I tensorflow/stream_executor/platform/default/dso_loader.cc:44] Successfully opened dynamic library cudnn64_7.dll
2020-10-07 16:22:44.821727: I tensorflow/core/common_runtime/gpu/gpu_device.cc:1746] Adding visible gpu devices: 0
2020-10-07 16:22:44.822035: I tensorflow/core/common_runtime/gpu/gpu_device.cc:1159] Device interconnect StreamExecutor with strength 1 edge matrix:
2020-10-07 16:22:44.822402: I tensorflow/core/common_runtime/gpu/gpu_device.cc:1165]      0 
2020-10-07 16:22:44.822624: I tensorflow/core/common_runtime/gpu/gpu_device.cc:1178] 0:   N 
2020-10-07 16:22:44.823120: I tensorflow/core/common_runtime/gpu/gpu_device.cc:1304] Created TensorFlow device (/job:localhost/replica:0/task:0/device:GPU:0 with 8686 MB memory) -> physical GPU (device: 0, name: GeForce RTX 2080 Ti, pci bus id: 0000:73:00.0, compute capability: 7.5)
[       OK ] XlogyTest.testNonZeroValuesGrad
[ RUN      ] XlogyTest.testZeroXGrad
2020-10-07 16:22:44.949652: I tensorflow/core/common_runtime/gpu/gpu_device.cc:1618] Found device 0 with properties: 
name: GeForce RTX 2080 Ti major: 7 minor: 5 memoryClockRate(GHz): 1.65
pciBusID: 0000:73:00.0
2020-10-07 16:22:44.950187: I tensorflow/stream_executor/platform/default/dso_loader.cc:44] Successfully opened dynamic library cudart64_100.dll
2020-10-07 16:22:44.950536: I tensorflow/stream_executor/platform/default/dso_loader.cc:44] Successfully opened dynamic library cublas64_100.dll
2020-10-07 16:22:44.950890: I tensorflow/stream_executor/platform/default/dso_loader.cc:44] Successfully opened dynamic library cufft64_100.dll
2020-10-07 16:22:44.951245: I tensorflow/stream_executor/platform/default/dso_loader.cc:44] Successfully opened dynamic library curand64_100.dll
2020-10-07 16:22:44.951592: I tensorflow/stream_executor/platform/default/dso_loader.cc:44] Successfully opened dynamic library cusolver64_100.dll
2020-10-07 16:22:44.951939: I tensorflow/stream_executor/platform/default/dso_loader.cc:44] Successfully opened dynamic library cusparse64_100.dll
2020-10-07 16:22:44.952286: I tensorflow/stream_executor/platform/default/dso_loader.cc:44] Successfully opened dynamic library cudnn64_7.dll
2020-10-07 16:22:44.952853: I tensorflow/core/common_runtime/gpu/gpu_device.cc:1746] Adding visible gpu devices: 0
2020-10-07 16:22:44.953155: I tensorflow/core/common_runtime/gpu/gpu_device.cc:1159] Device interconnect StreamExecutor with strength 1 edge matrix:
2020-10-07 16:22:44.953509: I tensorflow/core/common_runtime/gpu/gpu_device.cc:1165]      0 
2020-10-07 16:22:44.953731: I tensorflow/core/common_runtime/gpu/gpu_device.cc:1178] 0:   N 
2020-10-07 16:22:44.954240: I tensorflow/core/common_runtime/gpu/gpu_device.cc:1304] Created TensorFlow device (/job:localhost/replica:0/task:0/device:GPU:0 with 8686 MB memory) -> physical GPU (device: 0, name: GeForce RTX 2080 Ti, pci bus id: 0000:73:00.0, compute capability: 7.5)
[       OK ] XlogyTest.testZeroXGrad
[ RUN      ] XlogyTest.testZeroXYGrad
2020-10-07 16:22:45.086625: I tensorflow/core/common_runtime/gpu/gpu_device.cc:1618] Found device 0 with properties: 
name: GeForce RTX 2080 Ti major: 7 minor: 5 memoryClockRate(GHz): 1.65
pciBusID: 0000:73:00.0
2020-10-07 16:22:45.087288: I tensorflow/stream_executor/platform/default/dso_loader.cc:44] Successfully opened dynamic library cudart64_100.dll
2020-10-07 16:22:45.087725: I tensorflow/stream_executor/platform/default/dso_loader.cc:44] Successfully opened dynamic library cublas64_100.dll
2020-10-07 16:22:45.088161: I tensorflow/stream_executor/platform/default/dso_loader.cc:44] Successfully opened dynamic library cufft64_100.dll
2020-10-07 16:22:45.088601: I tensorflow/stream_executor/platform/default/dso_loader.cc:44] Successfully opened dynamic library curand64_100.dll
2020-10-07 16:22:45.089029: I tensorflow/stream_executor/platform/default/dso_loader.cc:44] Successfully opened dynamic library cusolver64_100.dll
2020-10-07 16:22:45.089459: I tensorflow/stream_executor/platform/default/dso_loader.cc:44] Successfully opened dynamic library cusparse64_100.dll
2020-10-07 16:22:45.089811: I tensorflow/stream_executor/platform/default/dso_loader.cc:44] Successfully opened dynamic library cudnn64_7.dll
2020-10-07 16:22:45.090381: I tensorflow/core/common_runtime/gpu/gpu_device.cc:1746] Adding visible gpu devices: 0
2020-10-07 16:22:45.090686: I tensorflow/core/common_runtime/gpu/gpu_device.cc:1159] Device interconnect StreamExecutor with strength 1 edge matrix:
2020-10-07 16:22:45.091044: I tensorflow/core/common_runtime/gpu/gpu_device.cc:1165]      0 
2020-10-07 16:22:45.091267: I tensorflow/core/common_runtime/gpu/gpu_device.cc:1178] 0:   N 
2020-10-07 16:22:45.091762: I tensorflow/core/common_runtime/gpu/gpu_device.cc:1304] Created TensorFlow device (/job:localhost/replica:0/task:0/device:GPU:0 with 8686 MB memory) -> physical GPU (device: 0, name: GeForce RTX 2080 Ti, pci bus id: 0000:73:00.0, compute capability: 7.5)
[       OK ] XlogyTest.testZeroXYGrad
[ RUN      ] XlogyTest.testZeroYGrad
2020-10-07 16:22:45.234097: I tensorflow/core/common_runtime/gpu/gpu_device.cc:1618] Found device 0 with properties: 
name: GeForce RTX 2080 Ti major: 7 minor: 5 memoryClockRate(GHz): 1.65
pciBusID: 0000:73:00.0
2020-10-07 16:22:45.234630: I tensorflow/stream_executor/platform/default/dso_loader.cc:44] Successfully opened dynamic library cudart64_100.dll
2020-10-07 16:22:45.235018: I tensorflow/stream_executor/platform/default/dso_loader.cc:44] Successfully opened dynamic library cublas64_100.dll
2020-10-07 16:22:45.235391: I tensorflow/stream_executor/platform/default/dso_loader.cc:44] Successfully opened dynamic library cufft64_100.dll
2020-10-07 16:22:45.235756: I tensorflow/stream_executor/platform/default/dso_loader.cc:44] Successfully opened dynamic library curand64_100.dll
2020-10-07 16:22:45.236124: I tensorflow/stream_executor/platform/default/dso_loader.cc:44] Successfully opened dynamic library cusolver64_100.dll
2020-10-07 16:22:45.236474: I tensorflow/stream_executor/platform/default/dso_loader.cc:44] Successfully opened dynamic library cusparse64_100.dll
2020-10-07 16:22:45.236826: I tensorflow/stream_executor/platform/default/dso_loader.cc:44] Successfully opened dynamic library cudnn64_7.dll
2020-10-07 16:22:45.237440: I tensorflow/core/common_runtime/gpu/gpu_device.cc:1746] Adding visible gpu devices: 0
2020-10-07 16:22:45.237768: I tensorflow/core/common_runtime/gpu/gpu_device.cc:1159] Device interconnect StreamExecutor with strength 1 edge matrix:
2020-10-07 16:22:45.238149: I tensorflow/core/common_runtime/gpu/gpu_device.cc:1165]      0 
2020-10-07 16:22:45.238386: I tensorflow/core/common_runtime/gpu/gpu_device.cc:1178] 0:   N 
2020-10-07 16:22:45.238900: I tensorflow/core/common_runtime/gpu/gpu_device.cc:1304] Created TensorFlow device (/job:localhost/replica:0/task:0/device:GPU:0 with 8686 MB memory) -> physical GPU (device: 0, name: GeForce RTX 2080 Ti, pci bus id: 0000:73:00.0, compute capability: 7.5)
[       OK ] XlogyTest.testZeroYGrad
[ RUN      ] XlogyTest.test_session
[  SKIPPED ] XlogyTest.test_session
======================================================================
ERROR: testMaxGradient (__main__.MinOrMaxGradientTest)
MinOrMaxGradientTest.testMaxGradient
----------------------------------------------------------------------
Traceback (most recent call last):
  File "C:\ProgramData\Anaconda3\envs\keras\lib\site-packages\tensorflow_core\python\framework\ops.py", line 2380, in get_attr
    c_api.TF_OperationGetAttrValueProto(self._c_op, name, buf)
tensorflow.python.framework.errors_impl.InvalidArgumentError: Operation 'concat' has no attr named '_XlaCompile'.

During handling of the above exception, another exception occurred:

Traceback (most recent call last):
  File "C:\ProgramData\Anaconda3\envs\keras\lib\site-packages\tensorflow_core\python\ops\gradients_util.py", line 345, in _MaybeCompile
    xla_compile = op.get_attr("_XlaCompile")
  File "C:\ProgramData\Anaconda3\envs\keras\lib\site-packages\tensorflow_core\python\framework\ops.py", line 2384, in get_attr
    raise ValueError(str(e))
ValueError: Operation 'concat' has no attr named '_XlaCompile'.

During handling of the above exception, another exception occurred:

Traceback (most recent call last):
  File "C:\ProgramData\Anaconda3\envs\keras\lib\site-packages\tensorflow_core\python\framework\test_util.py", line 1216, in decorated
    return f(self, *args, **kwargs)
  File "math_grad_test.py", line 249, in testMaxGradient
    error = gradient_checker.compute_gradient_error(inputs, [1], outputs, [])
  File "C:\ProgramData\Anaconda3\envs\keras\lib\site-packages\tensorflow_core\python\util\deprecation.py", line 324, in new_func
    return func(*args, **kwargs)
  File "C:\ProgramData\Anaconda3\envs\keras\lib\site-packages\tensorflow_core\python\ops\gradient_checker.py", line 394, in compute_gradient_error
    init_targets, extra_feed_dict=extra_feed_dict)
  File "C:\ProgramData\Anaconda3\envs\keras\lib\site-packages\tensorflow_core\python\util\deprecation.py", line 324, in new_func
    return func(*args, **kwargs)
  File "C:\ProgramData\Anaconda3\envs\keras\lib\site-packages\tensorflow_core\python\ops\gradient_checker.py", line 332, in compute_gradient
    dx, dy = _compute_dx_and_dy(x, y, y_shape)
  File "C:\ProgramData\Anaconda3\envs\keras\lib\site-packages\tensorflow_core\python\ops\gradient_checker.py", line 206, in _compute_dx_and_dy
    grads = gradients.gradients(y, x, dy)
  File "C:\ProgramData\Anaconda3\envs\keras\lib\site-packages\tensorflow_core\python\ops\gradients_impl.py", line 158, in gradients
    unconnected_gradients)
  File "C:\ProgramData\Anaconda3\envs\keras\lib\site-packages\tensorflow_core\python\ops\gradients_util.py", line 679, in _GradientsHelper
    lambda: grad_fn(op, *out_grads))
  File "C:\ProgramData\Anaconda3\envs\keras\lib\site-packages\tensorflow_core\python\ops\gradients_util.py", line 350, in _MaybeCompile
    return grad_fn()  # Exit early
  File "C:\ProgramData\Anaconda3\envs\keras\lib\site-packages\tensorflow_core\python\ops\gradients_util.py", line 679, in <lambda>
    lambda: grad_fn(op, *out_grads))
  File "C:\ProgramData\Anaconda3\envs\keras\lib\site-packages\tensorflow_core\python\ops\array_grad.py", line 228, in _ConcatGradV2
    op, grad, start_value_index=0, end_value_index=-1, dim_index=-1)
  File "C:\ProgramData\Anaconda3\envs\keras\lib\site-packages\tensorflow_core\python\ops\array_grad.py", line 138, in _ConcatGradHelper
    non_neg_concat_dim = concat_dim % array_ops.rank(input_values[0])
TypeError: 'NoneType' object is not subscriptable

======================================================================
ERROR: testMinGradient (__main__.MinOrMaxGradientTest)
MinOrMaxGradientTest.testMinGradient
----------------------------------------------------------------------
Traceback (most recent call last):
  File "C:\ProgramData\Anaconda3\envs\keras\lib\site-packages\tensorflow_core\python\framework\ops.py", line 2380, in get_attr
    c_api.TF_OperationGetAttrValueProto(self._c_op, name, buf)
tensorflow.python.framework.errors_impl.InvalidArgumentError: Operation 'concat' has no attr named '_XlaCompile'.

During handling of the above exception, another exception occurred:

Traceback (most recent call last):
  File "C:\ProgramData\Anaconda3\envs\keras\lib\site-packages\tensorflow_core\python\ops\gradients_util.py", line 345, in _MaybeCompile
    xla_compile = op.get_attr("_XlaCompile")
  File "C:\ProgramData\Anaconda3\envs\keras\lib\site-packages\tensorflow_core\python\framework\ops.py", line 2384, in get_attr
    raise ValueError(str(e))
ValueError: Operation 'concat' has no attr named '_XlaCompile'.

During handling of the above exception, another exception occurred:

Traceback (most recent call last):
  File "C:\ProgramData\Anaconda3\envs\keras\lib\site-packages\tensorflow_core\python\framework\test_util.py", line 1216, in decorated
    return f(self, *args, **kwargs)
  File "math_grad_test.py", line 233, in testMinGradient
    error = gradient_checker.compute_gradient_error(inputs, [1], outputs, [])
  File "C:\ProgramData\Anaconda3\envs\keras\lib\site-packages\tensorflow_core\python\util\deprecation.py", line 324, in new_func
    return func(*args, **kwargs)
  File "C:\ProgramData\Anaconda3\envs\keras\lib\site-packages\tensorflow_core\python\ops\gradient_checker.py", line 394, in compute_gradient_error
    init_targets, extra_feed_dict=extra_feed_dict)
  File "C:\ProgramData\Anaconda3\envs\keras\lib\site-packages\tensorflow_core\python\util\deprecation.py", line 324, in new_func
    return func(*args, **kwargs)
  File "C:\ProgramData\Anaconda3\envs\keras\lib\site-packages\tensorflow_core\python\ops\gradient_checker.py", line 332, in compute_gradient
    dx, dy = _compute_dx_and_dy(x, y, y_shape)
  File "C:\ProgramData\Anaconda3\envs\keras\lib\site-packages\tensorflow_core\python\ops\gradient_checker.py", line 206, in _compute_dx_and_dy
    grads = gradients.gradients(y, x, dy)
  File "C:\ProgramData\Anaconda3\envs\keras\lib\site-packages\tensorflow_core\python\ops\gradients_impl.py", line 158, in gradients
    unconnected_gradients)
  File "C:\ProgramData\Anaconda3\envs\keras\lib\site-packages\tensorflow_core\python\ops\gradients_util.py", line 679, in _GradientsHelper
    lambda: grad_fn(op, *out_grads))
  File "C:\ProgramData\Anaconda3\envs\keras\lib\site-packages\tensorflow_core\python\ops\gradients_util.py", line 350, in _MaybeCompile
    return grad_fn()  # Exit early
  File "C:\ProgramData\Anaconda3\envs\keras\lib\site-packages\tensorflow_core\python\ops\gradients_util.py", line 679, in <lambda>
    lambda: grad_fn(op, *out_grads))
  File "C:\ProgramData\Anaconda3\envs\keras\lib\site-packages\tensorflow_core\python\ops\array_grad.py", line 228, in _ConcatGradV2
    op, grad, start_value_index=0, end_value_index=-1, dim_index=-1)
  File "C:\ProgramData\Anaconda3\envs\keras\lib\site-packages\tensorflow_core\python\ops\array_grad.py", line 138, in _ConcatGradHelper
    non_neg_concat_dim = concat_dim % array_ops.rank(input_values[0])
TypeError: 'NoneType' object is not subscriptable

======================================================================
ERROR: testSegmentMaxGradientWithTies (__main__.SegmentMinOrMaxGradientTest)
SegmentMinOrMaxGradientTest.testSegmentMaxGradientWithTies
----------------------------------------------------------------------
Traceback (most recent call last):
  File "C:\ProgramData\Anaconda3\envs\keras\lib\site-packages\tensorflow_core\python\framework\ops.py", line 2380, in get_attr
    c_api.TF_OperationGetAttrValueProto(self._c_op, name, buf)
tensorflow.python.framework.errors_impl.InvalidArgumentError: Operation 'concat' has no attr named '_XlaCompile'.

During handling of the above exception, another exception occurred:

Traceback (most recent call last):
  File "C:\ProgramData\Anaconda3\envs\keras\lib\site-packages\tensorflow_core\python\ops\gradients_util.py", line 345, in _MaybeCompile
    xla_compile = op.get_attr("_XlaCompile")
  File "C:\ProgramData\Anaconda3\envs\keras\lib\site-packages\tensorflow_core\python\framework\ops.py", line 2384, in get_attr
    raise ValueError(str(e))
ValueError: Operation 'concat' has no attr named '_XlaCompile'.

During handling of the above exception, another exception occurred:

Traceback (most recent call last):
  File "C:\ProgramData\Anaconda3\envs\keras\lib\site-packages\tensorflow_core\python\framework\test_util.py", line 1216, in decorated
    return f(self, *args, **kwargs)
  File "math_grad_test.py", line 475, in testSegmentMaxGradientWithTies
    [1])
  File "C:\ProgramData\Anaconda3\envs\keras\lib\site-packages\tensorflow_core\python\util\deprecation.py", line 324, in new_func
    return func(*args, **kwargs)
  File "C:\ProgramData\Anaconda3\envs\keras\lib\site-packages\tensorflow_core\python\ops\gradient_checker.py", line 394, in compute_gradient_error
    init_targets, extra_feed_dict=extra_feed_dict)
  File "C:\ProgramData\Anaconda3\envs\keras\lib\site-packages\tensorflow_core\python\util\deprecation.py", line 324, in new_func
    return func(*args, **kwargs)
  File "C:\ProgramData\Anaconda3\envs\keras\lib\site-packages\tensorflow_core\python\ops\gradient_checker.py", line 332, in compute_gradient
    dx, dy = _compute_dx_and_dy(x, y, y_shape)
  File "C:\ProgramData\Anaconda3\envs\keras\lib\site-packages\tensorflow_core\python\ops\gradient_checker.py", line 206, in _compute_dx_and_dy
    grads = gradients.gradients(y, x, dy)
  File "C:\ProgramData\Anaconda3\envs\keras\lib\site-packages\tensorflow_core\python\ops\gradients_impl.py", line 158, in gradients
    unconnected_gradients)
  File "C:\ProgramData\Anaconda3\envs\keras\lib\site-packages\tensorflow_core\python\ops\gradients_util.py", line 679, in _GradientsHelper
    lambda: grad_fn(op, *out_grads))
  File "C:\ProgramData\Anaconda3\envs\keras\lib\site-packages\tensorflow_core\python\ops\gradients_util.py", line 350, in _MaybeCompile
    return grad_fn()  # Exit early
  File "C:\ProgramData\Anaconda3\envs\keras\lib\site-packages\tensorflow_core\python\ops\gradients_util.py", line 679, in <lambda>
    lambda: grad_fn(op, *out_grads))
  File "C:\ProgramData\Anaconda3\envs\keras\lib\site-packages\tensorflow_core\python\ops\array_grad.py", line 228, in _ConcatGradV2
    op, grad, start_value_index=0, end_value_index=-1, dim_index=-1)
  File "C:\ProgramData\Anaconda3\envs\keras\lib\site-packages\tensorflow_core\python\ops\array_grad.py", line 138, in _ConcatGradHelper
    non_neg_concat_dim = concat_dim % array_ops.rank(input_values[0])
TypeError: 'NoneType' object is not subscriptable

======================================================================
ERROR: testSegmentMinGradientWithTies (__main__.SegmentMinOrMaxGradientTest)
SegmentMinOrMaxGradientTest.testSegmentMinGradientWithTies
----------------------------------------------------------------------
Traceback (most recent call last):
  File "C:\ProgramData\Anaconda3\envs\keras\lib\site-packages\tensorflow_core\python\framework\ops.py", line 2380, in get_attr
    c_api.TF_OperationGetAttrValueProto(self._c_op, name, buf)
tensorflow.python.framework.errors_impl.InvalidArgumentError: Operation 'concat' has no attr named '_XlaCompile'.

During handling of the above exception, another exception occurred:

Traceback (most recent call last):
  File "C:\ProgramData\Anaconda3\envs\keras\lib\site-packages\tensorflow_core\python\ops\gradients_util.py", line 345, in _MaybeCompile
    xla_compile = op.get_attr("_XlaCompile")
  File "C:\ProgramData\Anaconda3\envs\keras\lib\site-packages\tensorflow_core\python\framework\ops.py", line 2384, in get_attr
    raise ValueError(str(e))
ValueError: Operation 'concat' has no attr named '_XlaCompile'.

During handling of the above exception, another exception occurred:

Traceback (most recent call last):
  File "C:\ProgramData\Anaconda3\envs\keras\lib\site-packages\tensorflow_core\python\framework\test_util.py", line 1216, in decorated
    return f(self, *args, **kwargs)
  File "math_grad_test.py", line 453, in testSegmentMinGradientWithTies
    [1])
  File "C:\ProgramData\Anaconda3\envs\keras\lib\site-packages\tensorflow_core\python\util\deprecation.py", line 324, in new_func
    return func(*args, **kwargs)
  File "C:\ProgramData\Anaconda3\envs\keras\lib\site-packages\tensorflow_core\python\ops\gradient_checker.py", line 394, in compute_gradient_error
    init_targets, extra_feed_dict=extra_feed_dict)
  File "C:\ProgramData\Anaconda3\envs\keras\lib\site-packages\tensorflow_core\python\util\deprecation.py", line 324, in new_func
    return func(*args, **kwargs)
  File "C:\ProgramData\Anaconda3\envs\keras\lib\site-packages\tensorflow_core\python\ops\gradient_checker.py", line 332, in compute_gradient
    dx, dy = _compute_dx_and_dy(x, y, y_shape)
  File "C:\ProgramData\Anaconda3\envs\keras\lib\site-packages\tensorflow_core\python\ops\gradient_checker.py", line 206, in _compute_dx_and_dy
    grads = gradients.gradients(y, x, dy)
  File "C:\ProgramData\Anaconda3\envs\keras\lib\site-packages\tensorflow_core\python\ops\gradients_impl.py", line 158, in gradients
    unconnected_gradients)
  File "C:\ProgramData\Anaconda3\envs\keras\lib\site-packages\tensorflow_core\python\ops\gradients_util.py", line 679, in _GradientsHelper
    lambda: grad_fn(op, *out_grads))
  File "C:\ProgramData\Anaconda3\envs\keras\lib\site-packages\tensorflow_core\python\ops\gradients_util.py", line 350, in _MaybeCompile
    return grad_fn()  # Exit early
  File "C:\ProgramData\Anaconda3\envs\keras\lib\site-packages\tensorflow_core\python\ops\gradients_util.py", line 679, in <lambda>
    lambda: grad_fn(op, *out_grads))
  File "C:\ProgramData\Anaconda3\envs\keras\lib\site-packages\tensorflow_core\python\ops\array_grad.py", line 228, in _ConcatGradV2
    op, grad, start_value_index=0, end_value_index=-1, dim_index=-1)
  File "C:\ProgramData\Anaconda3\envs\keras\lib\site-packages\tensorflow_core\python\ops\array_grad.py", line 138, in _ConcatGradHelper
    non_neg_concat_dim = concat_dim % array_ops.rank(input_values[0])
TypeError: 'NoneType' object is not subscriptable

----------------------------------------------------------------------
Ran 46 tests in 5.029s

FAILED (errors=4, skipped=14)
