2020-10-07 16:23:15.952296: I tensorflow/stream_executor/platform/default/dso_loader.cc:44] Successfully opened dynamic library cudart64_100.dll
Running tests under Python 3.6.12: C:\ProgramData\Anaconda3\envs\keras\python.exe
[ RUN      ] AbsOpTest.testComplexAbs
2020-10-07 16:23:18.712691: I tensorflow/stream_executor/platform/default/dso_loader.cc:44] Successfully opened dynamic library nvcuda.dll
2020-10-07 16:23:18.826468: I tensorflow/core/common_runtime/gpu/gpu_device.cc:1618] Found device 0 with properties: 
name: GeForce RTX 2080 Ti major: 7 minor: 5 memoryClockRate(GHz): 1.65
pciBusID: 0000:73:00.0
2020-10-07 16:23:18.828166: I tensorflow/stream_executor/platform/default/dso_loader.cc:44] Successfully opened dynamic library cudart64_100.dll
2020-10-07 16:23:18.832741: I tensorflow/stream_executor/platform/default/dso_loader.cc:44] Successfully opened dynamic library cublas64_100.dll
2020-10-07 16:23:18.836202: I tensorflow/stream_executor/platform/default/dso_loader.cc:44] Successfully opened dynamic library cufft64_100.dll
2020-10-07 16:23:18.837938: I tensorflow/stream_executor/platform/default/dso_loader.cc:44] Successfully opened dynamic library curand64_100.dll
2020-10-07 16:23:18.842895: I tensorflow/stream_executor/platform/default/dso_loader.cc:44] Successfully opened dynamic library cusolver64_100.dll
2020-10-07 16:23:18.846108: I tensorflow/stream_executor/platform/default/dso_loader.cc:44] Successfully opened dynamic library cusparse64_100.dll
2020-10-07 16:23:18.855472: I tensorflow/stream_executor/platform/default/dso_loader.cc:44] Successfully opened dynamic library cudnn64_7.dll
2020-10-07 16:23:18.856537: I tensorflow/core/common_runtime/gpu/gpu_device.cc:1746] Adding visible gpu devices: 0
2020-10-07 16:23:18.857182: I tensorflow/core/platform/cpu_feature_guard.cc:142] Your CPU supports instructions that this TensorFlow binary was not compiled to use: AVX2
2020-10-07 16:23:18.871421: I tensorflow/core/common_runtime/gpu/gpu_device.cc:1618] Found device 0 with properties: 
name: GeForce RTX 2080 Ti major: 7 minor: 5 memoryClockRate(GHz): 1.65
pciBusID: 0000:73:00.0
2020-10-07 16:23:18.872035: I tensorflow/stream_executor/platform/default/dso_loader.cc:44] Successfully opened dynamic library cudart64_100.dll
2020-10-07 16:23:18.872386: I tensorflow/stream_executor/platform/default/dso_loader.cc:44] Successfully opened dynamic library cublas64_100.dll
2020-10-07 16:23:18.872734: I tensorflow/stream_executor/platform/default/dso_loader.cc:44] Successfully opened dynamic library cufft64_100.dll
2020-10-07 16:23:18.873075: I tensorflow/stream_executor/platform/default/dso_loader.cc:44] Successfully opened dynamic library curand64_100.dll
2020-10-07 16:23:18.873416: I tensorflow/stream_executor/platform/default/dso_loader.cc:44] Successfully opened dynamic library cusolver64_100.dll
2020-10-07 16:23:18.873761: I tensorflow/stream_executor/platform/default/dso_loader.cc:44] Successfully opened dynamic library cusparse64_100.dll
2020-10-07 16:23:18.874105: I tensorflow/stream_executor/platform/default/dso_loader.cc:44] Successfully opened dynamic library cudnn64_7.dll
2020-10-07 16:23:18.874946: I tensorflow/core/common_runtime/gpu/gpu_device.cc:1746] Adding visible gpu devices: 0
2020-10-07 16:23:19.882309: I tensorflow/core/common_runtime/gpu/gpu_device.cc:1159] Device interconnect StreamExecutor with strength 1 edge matrix:
2020-10-07 16:23:19.882725: I tensorflow/core/common_runtime/gpu/gpu_device.cc:1165]      0 
2020-10-07 16:23:19.882971: I tensorflow/core/common_runtime/gpu/gpu_device.cc:1178] 0:   N 
2020-10-07 16:23:19.883717: I tensorflow/core/common_runtime/gpu/gpu_device.cc:1304] Created TensorFlow device (/job:localhost/replica:0/task:0/device:GPU:0 with 8686 MB memory) -> physical GPU (device: 0, name: GeForce RTX 2080 Ti, pci bus id: 0000:73:00.0, compute capability: 7.5)
WARNING:tensorflow:From math_grad_test.py:183: compute_gradient_error (from tensorflow.python.ops.gradient_checker) is deprecated and will be removed in a future version.
Instructions for updating:
Use tf.test.compute_gradient in 2.0, which has better support for functions. Note that the two versions have different usage, so code change is needed.
W1007 16:23:19.893682 16568 deprecation.py:323] From math_grad_test.py:183: compute_gradient_error (from tensorflow.python.ops.gradient_checker) is deprecated and will be removed in a future version.
Instructions for updating:
Use tf.test.compute_gradient in 2.0, which has better support for functions. Note that the two versions have different usage, so code change is needed.
WARNING:tensorflow:From C:\ProgramData\Anaconda3\envs\keras\lib\site-packages\tensorflow_core\python\ops\gradient_checker.py:394: compute_gradient (from tensorflow.python.ops.gradient_checker) is deprecated and will be removed in a future version.
Instructions for updating:
Use tf.test.compute_gradient in 2.0, which has better support for functions. Note that the two versions have different usage, so code change is needed.
W1007 16:23:19.893682 16568 deprecation.py:323] From C:\ProgramData\Anaconda3\envs\keras\lib\site-packages\tensorflow_core\python\ops\gradient_checker.py:394: compute_gradient (from tensorflow.python.ops.gradient_checker) is deprecated and will be removed in a future version.
Instructions for updating:
Use tf.test.compute_gradient in 2.0, which has better support for functions. Note that the two versions have different usage, so code change is needed.
[       OK ] AbsOpTest.testComplexAbs
[ RUN      ] AbsOpTest.test_session
[  SKIPPED ] AbsOpTest.test_session
[ RUN      ] DivNoNanGradientTest.testBasicGradient
2020-10-07 16:23:20.649045: I tensorflow/core/common_runtime/gpu/gpu_device.cc:1618] Found device 0 with properties: 
name: GeForce RTX 2080 Ti major: 7 minor: 5 memoryClockRate(GHz): 1.65
pciBusID: 0000:73:00.0
2020-10-07 16:23:20.650338: I tensorflow/stream_executor/platform/default/dso_loader.cc:44] Successfully opened dynamic library cudart64_100.dll
2020-10-07 16:23:20.651198: I tensorflow/stream_executor/platform/default/dso_loader.cc:44] Successfully opened dynamic library cublas64_100.dll
2020-10-07 16:23:20.652051: I tensorflow/stream_executor/platform/default/dso_loader.cc:44] Successfully opened dynamic library cufft64_100.dll
2020-10-07 16:23:20.652895: I tensorflow/stream_executor/platform/default/dso_loader.cc:44] Successfully opened dynamic library curand64_100.dll
2020-10-07 16:23:20.653752: I tensorflow/stream_executor/platform/default/dso_loader.cc:44] Successfully opened dynamic library cusolver64_100.dll
2020-10-07 16:23:20.654614: I tensorflow/stream_executor/platform/default/dso_loader.cc:44] Successfully opened dynamic library cusparse64_100.dll
2020-10-07 16:23:20.655481: I tensorflow/stream_executor/platform/default/dso_loader.cc:44] Successfully opened dynamic library cudnn64_7.dll
2020-10-07 16:23:20.656804: I tensorflow/core/common_runtime/gpu/gpu_device.cc:1746] Adding visible gpu devices: 0
2020-10-07 16:23:20.657291: I tensorflow/core/common_runtime/gpu/gpu_device.cc:1159] Device interconnect StreamExecutor with strength 1 edge matrix:
2020-10-07 16:23:20.657814: I tensorflow/core/common_runtime/gpu/gpu_device.cc:1165]      0 
2020-10-07 16:23:20.658140: I tensorflow/core/common_runtime/gpu/gpu_device.cc:1178] 0:   N 
2020-10-07 16:23:20.658855: I tensorflow/core/common_runtime/gpu/gpu_device.cc:1304] Created TensorFlow device (/job:localhost/replica:0/task:0/device:GPU:0 with 8686 MB memory) -> physical GPU (device: 0, name: GeForce RTX 2080 Ti, pci bus id: 0000:73:00.0, compute capability: 7.5)
[       OK ] DivNoNanGradientTest.testBasicGradient
[ RUN      ] DivNoNanGradientTest.testGradientWithDenominatorIsZero
2020-10-07 16:23:20.725170: I tensorflow/core/common_runtime/gpu/gpu_device.cc:1618] Found device 0 with properties: 
name: GeForce RTX 2080 Ti major: 7 minor: 5 memoryClockRate(GHz): 1.65
pciBusID: 0000:73:00.0
2020-10-07 16:23:20.726880: I tensorflow/stream_executor/platform/default/dso_loader.cc:44] Successfully opened dynamic library cudart64_100.dll
2020-10-07 16:23:20.727799: I tensorflow/stream_executor/platform/default/dso_loader.cc:44] Successfully opened dynamic library cublas64_100.dll
2020-10-07 16:23:20.728750: I tensorflow/stream_executor/platform/default/dso_loader.cc:44] Successfully opened dynamic library cufft64_100.dll
2020-10-07 16:23:20.729597: I tensorflow/stream_executor/platform/default/dso_loader.cc:44] Successfully opened dynamic library curand64_100.dll
2020-10-07 16:23:20.730448: I tensorflow/stream_executor/platform/default/dso_loader.cc:44] Successfully opened dynamic library cusolver64_100.dll
2020-10-07 16:23:20.731311: I tensorflow/stream_executor/platform/default/dso_loader.cc:44] Successfully opened dynamic library cusparse64_100.dll
2020-10-07 16:23:20.732177: I tensorflow/stream_executor/platform/default/dso_loader.cc:44] Successfully opened dynamic library cudnn64_7.dll
2020-10-07 16:23:20.733503: I tensorflow/core/common_runtime/gpu/gpu_device.cc:1746] Adding visible gpu devices: 0
2020-10-07 16:23:20.734247: I tensorflow/core/common_runtime/gpu/gpu_device.cc:1159] Device interconnect StreamExecutor with strength 1 edge matrix:
2020-10-07 16:23:20.735115: I tensorflow/core/common_runtime/gpu/gpu_device.cc:1165]      0 
2020-10-07 16:23:20.735659: I tensorflow/core/common_runtime/gpu/gpu_device.cc:1178] 0:   N 
2020-10-07 16:23:20.736770: I tensorflow/core/common_runtime/gpu/gpu_device.cc:1304] Created TensorFlow device (/job:localhost/replica:0/task:0/device:GPU:0 with 8686 MB memory) -> physical GPU (device: 0, name: GeForce RTX 2080 Ti, pci bus id: 0000:73:00.0, compute capability: 7.5)
[       OK ] DivNoNanGradientTest.testGradientWithDenominatorIsZero
[ RUN      ] DivNoNanGradientTest.test_session
[  SKIPPED ] DivNoNanGradientTest.test_session
[ RUN      ] FloorModGradientTest.testFloorModGradient
2020-10-07 16:23:20.760504: I tensorflow/core/common_runtime/gpu/gpu_device.cc:1618] Found device 0 with properties: 
name: GeForce RTX 2080 Ti major: 7 minor: 5 memoryClockRate(GHz): 1.65
pciBusID: 0000:73:00.0
2020-10-07 16:23:20.761057: I tensorflow/stream_executor/platform/default/dso_loader.cc:44] Successfully opened dynamic library cudart64_100.dll
2020-10-07 16:23:20.761429: I tensorflow/stream_executor/platform/default/dso_loader.cc:44] Successfully opened dynamic library cublas64_100.dll
2020-10-07 16:23:20.761797: I tensorflow/stream_executor/platform/default/dso_loader.cc:44] Successfully opened dynamic library cufft64_100.dll
2020-10-07 16:23:20.762169: I tensorflow/stream_executor/platform/default/dso_loader.cc:44] Successfully opened dynamic library curand64_100.dll
2020-10-07 16:23:20.762509: I tensorflow/stream_executor/platform/default/dso_loader.cc:44] Successfully opened dynamic library cusolver64_100.dll
2020-10-07 16:23:20.762852: I tensorflow/stream_executor/platform/default/dso_loader.cc:44] Successfully opened dynamic library cusparse64_100.dll
2020-10-07 16:23:20.763197: I tensorflow/stream_executor/platform/default/dso_loader.cc:44] Successfully opened dynamic library cudnn64_7.dll
2020-10-07 16:23:20.763749: I tensorflow/core/common_runtime/gpu/gpu_device.cc:1746] Adding visible gpu devices: 0
2020-10-07 16:23:20.764087: I tensorflow/core/common_runtime/gpu/gpu_device.cc:1159] Device interconnect StreamExecutor with strength 1 edge matrix:
2020-10-07 16:23:20.764465: I tensorflow/core/common_runtime/gpu/gpu_device.cc:1165]      0 
2020-10-07 16:23:20.764700: I tensorflow/core/common_runtime/gpu/gpu_device.cc:1178] 0:   N 
2020-10-07 16:23:20.765212: I tensorflow/core/common_runtime/gpu/gpu_device.cc:1304] Created TensorFlow device (/job:localhost/replica:0/task:0/device:GPU:0 with 8686 MB memory) -> physical GPU (device: 0, name: GeForce RTX 2080 Ti, pci bus id: 0000:73:00.0, compute capability: 7.5)
[       OK ] FloorModGradientTest.testFloorModGradient
[ RUN      ] FloorModGradientTest.test_session
[  SKIPPED ] FloorModGradientTest.test_session
[ RUN      ] MaximumOrMinimumGradientTest.testMaximumGradient
2020-10-07 16:23:20.779843: I tensorflow/core/common_runtime/gpu/gpu_device.cc:1618] Found device 0 with properties: 
name: GeForce RTX 2080 Ti major: 7 minor: 5 memoryClockRate(GHz): 1.65
pciBusID: 0000:73:00.0
2020-10-07 16:23:20.780378: I tensorflow/stream_executor/platform/default/dso_loader.cc:44] Successfully opened dynamic library cudart64_100.dll
2020-10-07 16:23:20.780723: I tensorflow/stream_executor/platform/default/dso_loader.cc:44] Successfully opened dynamic library cublas64_100.dll
2020-10-07 16:23:20.781077: I tensorflow/stream_executor/platform/default/dso_loader.cc:44] Successfully opened dynamic library cufft64_100.dll
2020-10-07 16:23:20.781416: I tensorflow/stream_executor/platform/default/dso_loader.cc:44] Successfully opened dynamic library curand64_100.dll
2020-10-07 16:23:20.781760: I tensorflow/stream_executor/platform/default/dso_loader.cc:44] Successfully opened dynamic library cusolver64_100.dll
2020-10-07 16:23:20.782107: I tensorflow/stream_executor/platform/default/dso_loader.cc:44] Successfully opened dynamic library cusparse64_100.dll
2020-10-07 16:23:20.782451: I tensorflow/stream_executor/platform/default/dso_loader.cc:44] Successfully opened dynamic library cudnn64_7.dll
2020-10-07 16:23:20.783055: I tensorflow/core/common_runtime/gpu/gpu_device.cc:1746] Adding visible gpu devices: 0
2020-10-07 16:23:20.783356: I tensorflow/core/common_runtime/gpu/gpu_device.cc:1159] Device interconnect StreamExecutor with strength 1 edge matrix:
2020-10-07 16:23:20.783704: I tensorflow/core/common_runtime/gpu/gpu_device.cc:1165]      0 
2020-10-07 16:23:20.783922: I tensorflow/core/common_runtime/gpu/gpu_device.cc:1178] 0:   N 
2020-10-07 16:23:20.784508: I tensorflow/core/common_runtime/gpu/gpu_device.cc:1304] Created TensorFlow device (/job:localhost/replica:0/task:0/device:GPU:0 with 8686 MB memory) -> physical GPU (device: 0, name: GeForce RTX 2080 Ti, pci bus id: 0000:73:00.0, compute capability: 7.5)
WARNING:tensorflow:From C:\ProgramData\Anaconda3\envs\keras\lib\site-packages\tensorflow_core\python\ops\math_grad.py:1424: where (from tensorflow.python.ops.array_ops) is deprecated and will be removed in a future version.
Instructions for updating:
Use tf.where in 2.0, which has the same broadcast rule as np.where
W1007 16:23:20.784131 16568 deprecation.py:323] From C:\ProgramData\Anaconda3\envs\keras\lib\site-packages\tensorflow_core\python\ops\math_grad.py:1424: where (from tensorflow.python.ops.array_ops) is deprecated and will be removed in a future version.
Instructions for updating:
Use tf.where in 2.0, which has the same broadcast rule as np.where
[       OK ] MaximumOrMinimumGradientTest.testMaximumGradient
[ RUN      ] MaximumOrMinimumGradientTest.testMinimumGradient
2020-10-07 16:23:20.816480: I tensorflow/core/common_runtime/gpu/gpu_device.cc:1618] Found device 0 with properties: 
name: GeForce RTX 2080 Ti major: 7 minor: 5 memoryClockRate(GHz): 1.65
pciBusID: 0000:73:00.0
2020-10-07 16:23:20.818383: I tensorflow/stream_executor/platform/default/dso_loader.cc:44] Successfully opened dynamic library cudart64_100.dll
2020-10-07 16:23:20.819656: I tensorflow/stream_executor/platform/default/dso_loader.cc:44] Successfully opened dynamic library cublas64_100.dll
2020-10-07 16:23:20.820925: I tensorflow/stream_executor/platform/default/dso_loader.cc:44] Successfully opened dynamic library cufft64_100.dll
2020-10-07 16:23:20.822188: I tensorflow/stream_executor/platform/default/dso_loader.cc:44] Successfully opened dynamic library curand64_100.dll
2020-10-07 16:23:20.823463: I tensorflow/stream_executor/platform/default/dso_loader.cc:44] Successfully opened dynamic library cusolver64_100.dll
2020-10-07 16:23:20.824758: I tensorflow/stream_executor/platform/default/dso_loader.cc:44] Successfully opened dynamic library cusparse64_100.dll
2020-10-07 16:23:20.826047: I tensorflow/stream_executor/platform/default/dso_loader.cc:44] Successfully opened dynamic library cudnn64_7.dll
2020-10-07 16:23:20.827852: I tensorflow/core/common_runtime/gpu/gpu_device.cc:1746] Adding visible gpu devices: 0
2020-10-07 16:23:20.828737: I tensorflow/core/common_runtime/gpu/gpu_device.cc:1159] Device interconnect StreamExecutor with strength 1 edge matrix:
2020-10-07 16:23:20.829779: I tensorflow/core/common_runtime/gpu/gpu_device.cc:1165]      0 
2020-10-07 16:23:20.830527: I tensorflow/core/common_runtime/gpu/gpu_device.cc:1178] 0:   N 
2020-10-07 16:23:20.831840: I tensorflow/core/common_runtime/gpu/gpu_device.cc:1304] Created TensorFlow device (/job:localhost/replica:0/task:0/device:GPU:0 with 8686 MB memory) -> physical GPU (device: 0, name: GeForce RTX 2080 Ti, pci bus id: 0000:73:00.0, compute capability: 7.5)
[       OK ] MaximumOrMinimumGradientTest.testMinimumGradient
[ RUN      ] MaximumOrMinimumGradientTest.test_session
[  SKIPPED ] MaximumOrMinimumGradientTest.test_session
[ RUN      ] MinOrMaxGradientTest.testMaxGradient
2020-10-07 16:23:20.876549: I tensorflow/core/common_runtime/gpu/gpu_device.cc:1618] Found device 0 with properties: 
name: GeForce RTX 2080 Ti major: 7 minor: 5 memoryClockRate(GHz): 1.65
pciBusID: 0000:73:00.0
2020-10-07 16:23:20.878547: I tensorflow/stream_executor/platform/default/dso_loader.cc:44] Successfully opened dynamic library cudart64_100.dll
2020-10-07 16:23:20.879840: I tensorflow/stream_executor/platform/default/dso_loader.cc:44] Successfully opened dynamic library cublas64_100.dll
2020-10-07 16:23:20.881125: I tensorflow/stream_executor/platform/default/dso_loader.cc:44] Successfully opened dynamic library cufft64_100.dll
2020-10-07 16:23:20.882394: I tensorflow/stream_executor/platform/default/dso_loader.cc:44] Successfully opened dynamic library curand64_100.dll
2020-10-07 16:23:20.883677: I tensorflow/stream_executor/platform/default/dso_loader.cc:44] Successfully opened dynamic library cusolver64_100.dll
2020-10-07 16:23:20.884968: I tensorflow/stream_executor/platform/default/dso_loader.cc:44] Successfully opened dynamic library cusparse64_100.dll
2020-10-07 16:23:20.886273: I tensorflow/stream_executor/platform/default/dso_loader.cc:44] Successfully opened dynamic library cudnn64_7.dll
2020-10-07 16:23:20.888075: I tensorflow/core/common_runtime/gpu/gpu_device.cc:1746] Adding visible gpu devices: 0
2020-10-07 16:23:20.888888: I tensorflow/core/common_runtime/gpu/gpu_device.cc:1159] Device interconnect StreamExecutor with strength 1 edge matrix:
2020-10-07 16:23:20.889842: I tensorflow/core/common_runtime/gpu/gpu_device.cc:1165]      0 
2020-10-07 16:23:20.890439: I tensorflow/core/common_runtime/gpu/gpu_device.cc:1178] 0:   N 
2020-10-07 16:23:20.891622: I tensorflow/core/common_runtime/gpu/gpu_device.cc:1304] Created TensorFlow device (/job:localhost/replica:0/task:0/device:GPU:0 with 8686 MB memory) -> physical GPU (device: 0, name: GeForce RTX 2080 Ti, pci bus id: 0000:73:00.0, compute capability: 7.5)
[  FAILED  ] MinOrMaxGradientTest.testMaxGradient
[ RUN      ] MinOrMaxGradientTest.testMinGradient
2020-10-07 16:23:20.966609: I tensorflow/core/common_runtime/gpu/gpu_device.cc:1618] Found device 0 with properties: 
name: GeForce RTX 2080 Ti major: 7 minor: 5 memoryClockRate(GHz): 1.65
pciBusID: 0000:73:00.0
2020-10-07 16:23:20.968529: I tensorflow/stream_executor/platform/default/dso_loader.cc:44] Successfully opened dynamic library cudart64_100.dll
2020-10-07 16:23:20.969807: I tensorflow/stream_executor/platform/default/dso_loader.cc:44] Successfully opened dynamic library cublas64_100.dll
2020-10-07 16:23:20.971101: I tensorflow/stream_executor/platform/default/dso_loader.cc:44] Successfully opened dynamic library cufft64_100.dll
2020-10-07 16:23:20.972417: I tensorflow/stream_executor/platform/default/dso_loader.cc:44] Successfully opened dynamic library curand64_100.dll
2020-10-07 16:23:20.973694: I tensorflow/stream_executor/platform/default/dso_loader.cc:44] Successfully opened dynamic library cusolver64_100.dll
2020-10-07 16:23:20.974986: I tensorflow/stream_executor/platform/default/dso_loader.cc:44] Successfully opened dynamic library cusparse64_100.dll
2020-10-07 16:23:20.976276: I tensorflow/stream_executor/platform/default/dso_loader.cc:44] Successfully opened dynamic library cudnn64_7.dll
2020-10-07 16:23:20.978221: I tensorflow/core/common_runtime/gpu/gpu_device.cc:1746] Adding visible gpu devices: 0
2020-10-07 16:23:20.979198: I tensorflow/core/common_runtime/gpu/gpu_device.cc:1159] Device interconnect StreamExecutor with strength 1 edge matrix:
2020-10-07 16:23:20.980236: I tensorflow/core/common_runtime/gpu/gpu_device.cc:1165]      0 
2020-10-07 16:23:20.980832: I tensorflow/core/common_runtime/gpu/gpu_device.cc:1178] 0:   N 
2020-10-07 16:23:20.982059: I tensorflow/core/common_runtime/gpu/gpu_device.cc:1304] Created TensorFlow device (/job:localhost/replica:0/task:0/device:GPU:0 with 8686 MB memory) -> physical GPU (device: 0, name: GeForce RTX 2080 Ti, pci bus id: 0000:73:00.0, compute capability: 7.5)
[  FAILED  ] MinOrMaxGradientTest.testMinGradient
[ RUN      ] MinOrMaxGradientTest.test_session
[  SKIPPED ] MinOrMaxGradientTest.test_session
[ RUN      ] MulNoNanGradientTest.testBasicGradient
2020-10-07 16:23:21.007605: I tensorflow/core/common_runtime/gpu/gpu_device.cc:1618] Found device 0 with properties: 
name: GeForce RTX 2080 Ti major: 7 minor: 5 memoryClockRate(GHz): 1.65
pciBusID: 0000:73:00.0
2020-10-07 16:23:21.008125: I tensorflow/stream_executor/platform/default/dso_loader.cc:44] Successfully opened dynamic library cudart64_100.dll
2020-10-07 16:23:21.008474: I tensorflow/stream_executor/platform/default/dso_loader.cc:44] Successfully opened dynamic library cublas64_100.dll
2020-10-07 16:23:21.008824: I tensorflow/stream_executor/platform/default/dso_loader.cc:44] Successfully opened dynamic library cufft64_100.dll
2020-10-07 16:23:21.009166: I tensorflow/stream_executor/platform/default/dso_loader.cc:44] Successfully opened dynamic library curand64_100.dll
2020-10-07 16:23:21.009508: I tensorflow/stream_executor/platform/default/dso_loader.cc:44] Successfully opened dynamic library cusolver64_100.dll
2020-10-07 16:23:21.009852: I tensorflow/stream_executor/platform/default/dso_loader.cc:44] Successfully opened dynamic library cusparse64_100.dll
2020-10-07 16:23:21.010198: I tensorflow/stream_executor/platform/default/dso_loader.cc:44] Successfully opened dynamic library cudnn64_7.dll
2020-10-07 16:23:21.010756: I tensorflow/core/common_runtime/gpu/gpu_device.cc:1746] Adding visible gpu devices: 0
2020-10-07 16:23:21.011061: I tensorflow/core/common_runtime/gpu/gpu_device.cc:1159] Device interconnect StreamExecutor with strength 1 edge matrix:
2020-10-07 16:23:21.011420: I tensorflow/core/common_runtime/gpu/gpu_device.cc:1165]      0 
2020-10-07 16:23:21.011640: I tensorflow/core/common_runtime/gpu/gpu_device.cc:1178] 0:   N 
2020-10-07 16:23:21.012126: I tensorflow/core/common_runtime/gpu/gpu_device.cc:1304] Created TensorFlow device (/job:localhost/replica:0/task:0/device:GPU:0 with 8686 MB memory) -> physical GPU (device: 0, name: GeForce RTX 2080 Ti, pci bus id: 0000:73:00.0, compute capability: 7.5)
[       OK ] MulNoNanGradientTest.testBasicGradient
[ RUN      ] MulNoNanGradientTest.testGradientWithRhsIsZero
2020-10-07 16:23:21.066715: I tensorflow/core/common_runtime/gpu/gpu_device.cc:1618] Found device 0 with properties: 
name: GeForce RTX 2080 Ti major: 7 minor: 5 memoryClockRate(GHz): 1.65
pciBusID: 0000:73:00.0
2020-10-07 16:23:21.068620: I tensorflow/stream_executor/platform/default/dso_loader.cc:44] Successfully opened dynamic library cudart64_100.dll
2020-10-07 16:23:21.069825: I tensorflow/stream_executor/platform/default/dso_loader.cc:44] Successfully opened dynamic library cublas64_100.dll
2020-10-07 16:23:21.070844: I tensorflow/stream_executor/platform/default/dso_loader.cc:44] Successfully opened dynamic library cufft64_100.dll
2020-10-07 16:23:21.071861: I tensorflow/stream_executor/platform/default/dso_loader.cc:44] Successfully opened dynamic library curand64_100.dll
2020-10-07 16:23:21.072878: I tensorflow/stream_executor/platform/default/dso_loader.cc:44] Successfully opened dynamic library cusolver64_100.dll
2020-10-07 16:23:21.073905: I tensorflow/stream_executor/platform/default/dso_loader.cc:44] Successfully opened dynamic library cusparse64_100.dll
2020-10-07 16:23:21.074935: I tensorflow/stream_executor/platform/default/dso_loader.cc:44] Successfully opened dynamic library cudnn64_7.dll
2020-10-07 16:23:21.076496: I tensorflow/core/common_runtime/gpu/gpu_device.cc:1746] Adding visible gpu devices: 0
2020-10-07 16:23:21.077383: I tensorflow/core/common_runtime/gpu/gpu_device.cc:1159] Device interconnect StreamExecutor with strength 1 edge matrix:
2020-10-07 16:23:21.078429: I tensorflow/core/common_runtime/gpu/gpu_device.cc:1165]      0 
2020-10-07 16:23:21.079083: I tensorflow/core/common_runtime/gpu/gpu_device.cc:1178] 0:   N 
2020-10-07 16:23:21.080049: I tensorflow/core/common_runtime/gpu/gpu_device.cc:1304] Created TensorFlow device (/job:localhost/replica:0/task:0/device:GPU:0 with 8686 MB memory) -> physical GPU (device: 0, name: GeForce RTX 2080 Ti, pci bus id: 0000:73:00.0, compute capability: 7.5)
C:\ProgramData\Anaconda3\envs\keras\lib\site-packages\tensorflow_core\python\framework\test_util.py:2295: RuntimeWarning: invalid value encountered in subtract
  np.abs(a - b) > atol + rtol * np.abs(b),
C:\ProgramData\Anaconda3\envs\keras\lib\site-packages\tensorflow_core\python\framework\test_util.py:2295: RuntimeWarning: invalid value encountered in greater
  np.abs(a - b) > atol + rtol * np.abs(b),
[       OK ] MulNoNanGradientTest.testGradientWithRhsIsZero
[ RUN      ] MulNoNanGradientTest.test_session
[  SKIPPED ] MulNoNanGradientTest.test_session
[ RUN      ] NextAfterTest.testBasic
WARNING:tensorflow:From C:\ProgramData\Anaconda3\envs\keras\lib\contextlib.py:60: TensorFlowTestCase.test_session (from tensorflow.python.framework.test_util) is deprecated and will be removed in a future version.
Instructions for updating:
Use `self.session()` or `self.cached_session()` instead.
W1007 16:23:21.096572 16568 deprecation.py:323] From C:\ProgramData\Anaconda3\envs\keras\lib\contextlib.py:60: TensorFlowTestCase.test_session (from tensorflow.python.framework.test_util) is deprecated and will be removed in a future version.
Instructions for updating:
Use `self.session()` or `self.cached_session()` instead.
2020-10-07 16:23:21.100887: I tensorflow/core/common_runtime/gpu/gpu_device.cc:1618] Found device 0 with properties: 
name: GeForce RTX 2080 Ti major: 7 minor: 5 memoryClockRate(GHz): 1.65
pciBusID: 0000:73:00.0
2020-10-07 16:23:21.101401: I tensorflow/stream_executor/platform/default/dso_loader.cc:44] Successfully opened dynamic library cudart64_100.dll
2020-10-07 16:23:21.101743: I tensorflow/stream_executor/platform/default/dso_loader.cc:44] Successfully opened dynamic library cublas64_100.dll
2020-10-07 16:23:21.102085: I tensorflow/stream_executor/platform/default/dso_loader.cc:44] Successfully opened dynamic library cufft64_100.dll
2020-10-07 16:23:21.102423: I tensorflow/stream_executor/platform/default/dso_loader.cc:44] Successfully opened dynamic library curand64_100.dll
2020-10-07 16:23:21.102772: I tensorflow/stream_executor/platform/default/dso_loader.cc:44] Successfully opened dynamic library cusolver64_100.dll
2020-10-07 16:23:21.103121: I tensorflow/stream_executor/platform/default/dso_loader.cc:44] Successfully opened dynamic library cusparse64_100.dll
2020-10-07 16:23:21.103468: I tensorflow/stream_executor/platform/default/dso_loader.cc:44] Successfully opened dynamic library cudnn64_7.dll
2020-10-07 16:23:21.104019: I tensorflow/core/common_runtime/gpu/gpu_device.cc:1746] Adding visible gpu devices: 0
2020-10-07 16:23:21.104317: I tensorflow/core/common_runtime/gpu/gpu_device.cc:1159] Device interconnect StreamExecutor with strength 1 edge matrix:
2020-10-07 16:23:21.104666: I tensorflow/core/common_runtime/gpu/gpu_device.cc:1165]      0 
2020-10-07 16:23:21.104885: I tensorflow/core/common_runtime/gpu/gpu_device.cc:1178] 0:   N 
2020-10-07 16:23:21.105360: I tensorflow/core/common_runtime/gpu/gpu_device.cc:1304] Created TensorFlow device (/job:localhost/replica:0/task:0/device:GPU:0 with 8686 MB memory) -> physical GPU (device: 0, name: GeForce RTX 2080 Ti, pci bus id: 0000:73:00.0, compute capability: 7.5)
2020-10-07 16:23:21.185674: I tensorflow/core/common_runtime/gpu/gpu_device.cc:1618] Found device 0 with properties: 
name: GeForce RTX 2080 Ti major: 7 minor: 5 memoryClockRate(GHz): 1.65
pciBusID: 0000:73:00.0
2020-10-07 16:23:21.186971: I tensorflow/stream_executor/platform/default/dso_loader.cc:44] Successfully opened dynamic library cudart64_100.dll
2020-10-07 16:23:21.187829: I tensorflow/stream_executor/platform/default/dso_loader.cc:44] Successfully opened dynamic library cublas64_100.dll
2020-10-07 16:23:21.188680: I tensorflow/stream_executor/platform/default/dso_loader.cc:44] Successfully opened dynamic library cufft64_100.dll
2020-10-07 16:23:21.189523: I tensorflow/stream_executor/platform/default/dso_loader.cc:44] Successfully opened dynamic library curand64_100.dll
2020-10-07 16:23:21.190192: I tensorflow/stream_executor/platform/default/dso_loader.cc:44] Successfully opened dynamic library cusolver64_100.dll
2020-10-07 16:23:21.190845: I tensorflow/stream_executor/platform/default/dso_loader.cc:44] Successfully opened dynamic library cusparse64_100.dll
2020-10-07 16:23:21.191518: I tensorflow/stream_executor/platform/default/dso_loader.cc:44] Successfully opened dynamic library cudnn64_7.dll
2020-10-07 16:23:21.192555: I tensorflow/core/common_runtime/gpu/gpu_device.cc:1746] Adding visible gpu devices: 0
2020-10-07 16:23:21.193143: I tensorflow/core/common_runtime/gpu/gpu_device.cc:1159] Device interconnect StreamExecutor with strength 1 edge matrix:
2020-10-07 16:23:21.193808: I tensorflow/core/common_runtime/gpu/gpu_device.cc:1165]      0 
2020-10-07 16:23:21.194218: I tensorflow/core/common_runtime/gpu/gpu_device.cc:1178] 0:   N 
2020-10-07 16:23:21.195050: I tensorflow/core/common_runtime/gpu/gpu_device.cc:1304] Created TensorFlow device (/job:localhost/replica:0/task:0/device:GPU:0 with 8686 MB memory) -> physical GPU (device: 0, name: GeForce RTX 2080 Ti, pci bus id: 0000:73:00.0, compute capability: 7.5)
[       OK ] NextAfterTest.testBasic
[ RUN      ] NextAfterTest.testBroadcastingWithGradientChecker
2020-10-07 16:23:21.216330: I tensorflow/core/common_runtime/gpu/gpu_device.cc:1618] Found device 0 with properties: 
name: GeForce RTX 2080 Ti major: 7 minor: 5 memoryClockRate(GHz): 1.65
pciBusID: 0000:73:00.0
2020-10-07 16:23:21.216927: I tensorflow/stream_executor/platform/default/dso_loader.cc:44] Successfully opened dynamic library cudart64_100.dll
2020-10-07 16:23:21.217299: I tensorflow/stream_executor/platform/default/dso_loader.cc:44] Successfully opened dynamic library cublas64_100.dll
2020-10-07 16:23:21.217673: I tensorflow/stream_executor/platform/default/dso_loader.cc:44] Successfully opened dynamic library cufft64_100.dll
2020-10-07 16:23:21.218049: I tensorflow/stream_executor/platform/default/dso_loader.cc:44] Successfully opened dynamic library curand64_100.dll
2020-10-07 16:23:21.218415: I tensorflow/stream_executor/platform/default/dso_loader.cc:44] Successfully opened dynamic library cusolver64_100.dll
2020-10-07 16:23:21.218794: I tensorflow/stream_executor/platform/default/dso_loader.cc:44] Successfully opened dynamic library cusparse64_100.dll
2020-10-07 16:23:21.219139: I tensorflow/stream_executor/platform/default/dso_loader.cc:44] Successfully opened dynamic library cudnn64_7.dll
2020-10-07 16:23:21.219699: I tensorflow/core/common_runtime/gpu/gpu_device.cc:1746] Adding visible gpu devices: 0
2020-10-07 16:23:21.219999: I tensorflow/core/common_runtime/gpu/gpu_device.cc:1159] Device interconnect StreamExecutor with strength 1 edge matrix:
2020-10-07 16:23:21.220380: I tensorflow/core/common_runtime/gpu/gpu_device.cc:1165]      0 
2020-10-07 16:23:21.220620: I tensorflow/core/common_runtime/gpu/gpu_device.cc:1178] 0:   N 
2020-10-07 16:23:21.221126: I tensorflow/core/common_runtime/gpu/gpu_device.cc:1304] Created TensorFlow device (/job:localhost/replica:0/task:0/device:GPU:0 with 8686 MB memory) -> physical GPU (device: 0, name: GeForce RTX 2080 Ti, pci bus id: 0000:73:00.0, compute capability: 7.5)
[       OK ] NextAfterTest.testBroadcastingWithGradientChecker
[ RUN      ] NextAfterTest.testDynamicShapes
2020-10-07 16:23:21.306424: I tensorflow/core/common_runtime/gpu/gpu_device.cc:1618] Found device 0 with properties: 
name: GeForce RTX 2080 Ti major: 7 minor: 5 memoryClockRate(GHz): 1.65
pciBusID: 0000:73:00.0
2020-10-07 16:23:21.306989: I tensorflow/stream_executor/platform/default/dso_loader.cc:44] Successfully opened dynamic library cudart64_100.dll
2020-10-07 16:23:21.307338: I tensorflow/stream_executor/platform/default/dso_loader.cc:44] Successfully opened dynamic library cublas64_100.dll
2020-10-07 16:23:21.307684: I tensorflow/stream_executor/platform/default/dso_loader.cc:44] Successfully opened dynamic library cufft64_100.dll
2020-10-07 16:23:21.308037: I tensorflow/stream_executor/platform/default/dso_loader.cc:44] Successfully opened dynamic library curand64_100.dll
2020-10-07 16:23:21.308378: I tensorflow/stream_executor/platform/default/dso_loader.cc:44] Successfully opened dynamic library cusolver64_100.dll
2020-10-07 16:23:21.308727: I tensorflow/stream_executor/platform/default/dso_loader.cc:44] Successfully opened dynamic library cusparse64_100.dll
2020-10-07 16:23:21.309072: I tensorflow/stream_executor/platform/default/dso_loader.cc:44] Successfully opened dynamic library cudnn64_7.dll
2020-10-07 16:23:21.309626: I tensorflow/core/common_runtime/gpu/gpu_device.cc:1746] Adding visible gpu devices: 0
2020-10-07 16:23:21.309926: I tensorflow/core/common_runtime/gpu/gpu_device.cc:1159] Device interconnect StreamExecutor with strength 1 edge matrix:
2020-10-07 16:23:21.310275: I tensorflow/core/common_runtime/gpu/gpu_device.cc:1165]      0 
2020-10-07 16:23:21.310494: I tensorflow/core/common_runtime/gpu/gpu_device.cc:1178] 0:   N 
2020-10-07 16:23:21.310973: I tensorflow/core/common_runtime/gpu/gpu_device.cc:1304] Created TensorFlow device (/job:localhost/replica:0/task:0/device:GPU:0 with 8686 MB memory) -> physical GPU (device: 0, name: GeForce RTX 2080 Ti, pci bus id: 0000:73:00.0, compute capability: 7.5)
[       OK ] NextAfterTest.testDynamicShapes
[ RUN      ] NextAfterTest.testWithGradientChecker
2020-10-07 16:23:21.457007: I tensorflow/core/common_runtime/gpu/gpu_device.cc:1618] Found device 0 with properties: 
name: GeForce RTX 2080 Ti major: 7 minor: 5 memoryClockRate(GHz): 1.65
pciBusID: 0000:73:00.0
2020-10-07 16:23:21.458044: I tensorflow/stream_executor/platform/default/dso_loader.cc:44] Successfully opened dynamic library cudart64_100.dll
2020-10-07 16:23:21.458730: I tensorflow/stream_executor/platform/default/dso_loader.cc:44] Successfully opened dynamic library cublas64_100.dll
2020-10-07 16:23:21.459415: I tensorflow/stream_executor/platform/default/dso_loader.cc:44] Successfully opened dynamic library cufft64_100.dll
2020-10-07 16:23:21.460088: I tensorflow/stream_executor/platform/default/dso_loader.cc:44] Successfully opened dynamic library curand64_100.dll
2020-10-07 16:23:21.460778: I tensorflow/stream_executor/platform/default/dso_loader.cc:44] Successfully opened dynamic library cusolver64_100.dll
2020-10-07 16:23:21.461475: I tensorflow/stream_executor/platform/default/dso_loader.cc:44] Successfully opened dynamic library cusparse64_100.dll
2020-10-07 16:23:21.462092: I tensorflow/stream_executor/platform/default/dso_loader.cc:44] Successfully opened dynamic library cudnn64_7.dll
2020-10-07 16:23:21.462937: I tensorflow/core/common_runtime/gpu/gpu_device.cc:1746] Adding visible gpu devices: 0
2020-10-07 16:23:21.463422: I tensorflow/core/common_runtime/gpu/gpu_device.cc:1159] Device interconnect StreamExecutor with strength 1 edge matrix:
2020-10-07 16:23:21.463974: I tensorflow/core/common_runtime/gpu/gpu_device.cc:1165]      0 
2020-10-07 16:23:21.464319: I tensorflow/core/common_runtime/gpu/gpu_device.cc:1178] 0:   N 
2020-10-07 16:23:21.465071: I tensorflow/core/common_runtime/gpu/gpu_device.cc:1304] Created TensorFlow device (/job:localhost/replica:0/task:0/device:GPU:0 with 8686 MB memory) -> physical GPU (device: 0, name: GeForce RTX 2080 Ti, pci bus id: 0000:73:00.0, compute capability: 7.5)
[       OK ] NextAfterTest.testWithGradientChecker
[ RUN      ] NextAfterTest.test_session
[  SKIPPED ] NextAfterTest.test_session
[ RUN      ] PowGradTest.test_session
[  SKIPPED ] PowGradTest.test_session
[ RUN      ] PowGradTest.test_zero_grad_tape
2020-10-07 16:23:21.551649: I tensorflow/core/common_runtime/gpu/gpu_device.cc:1618] Found device 0 with properties: 
name: GeForce RTX 2080 Ti major: 7 minor: 5 memoryClockRate(GHz): 1.65
pciBusID: 0000:73:00.0
2020-10-07 16:23:21.552185: I tensorflow/stream_executor/platform/default/dso_loader.cc:44] Successfully opened dynamic library cudart64_100.dll
2020-10-07 16:23:21.552530: I tensorflow/stream_executor/platform/default/dso_loader.cc:44] Successfully opened dynamic library cublas64_100.dll
2020-10-07 16:23:21.552871: I tensorflow/stream_executor/platform/default/dso_loader.cc:44] Successfully opened dynamic library cufft64_100.dll
2020-10-07 16:23:21.553208: I tensorflow/stream_executor/platform/default/dso_loader.cc:44] Successfully opened dynamic library curand64_100.dll
2020-10-07 16:23:21.553549: I tensorflow/stream_executor/platform/default/dso_loader.cc:44] Successfully opened dynamic library cusolver64_100.dll
2020-10-07 16:23:21.553893: I tensorflow/stream_executor/platform/default/dso_loader.cc:44] Successfully opened dynamic library cusparse64_100.dll
2020-10-07 16:23:21.554236: I tensorflow/stream_executor/platform/default/dso_loader.cc:44] Successfully opened dynamic library cudnn64_7.dll
2020-10-07 16:23:21.554820: I tensorflow/core/common_runtime/gpu/gpu_device.cc:1746] Adding visible gpu devices: 0
2020-10-07 16:23:21.555122: I tensorflow/core/common_runtime/gpu/gpu_device.cc:1159] Device interconnect StreamExecutor with strength 1 edge matrix:
2020-10-07 16:23:21.555474: I tensorflow/core/common_runtime/gpu/gpu_device.cc:1165]      0 
2020-10-07 16:23:21.555693: I tensorflow/core/common_runtime/gpu/gpu_device.cc:1178] 0:   N 
2020-10-07 16:23:21.556170: I tensorflow/core/common_runtime/gpu/gpu_device.cc:1304] Created TensorFlow device (/job:localhost/replica:0/task:0/device:GPU:0 with 8686 MB memory) -> physical GPU (device: 0, name: GeForce RTX 2080 Ti, pci bus id: 0000:73:00.0, compute capability: 7.5)
[       OK ] PowGradTest.test_zero_grad_tape
[ RUN      ] PowGradTest.test_zero_grad_tf_gradients
2020-10-07 16:23:21.569298: I tensorflow/core/common_runtime/gpu/gpu_device.cc:1618] Found device 0 with properties: 
name: GeForce RTX 2080 Ti major: 7 minor: 5 memoryClockRate(GHz): 1.65
pciBusID: 0000:73:00.0
2020-10-07 16:23:21.569838: I tensorflow/stream_executor/platform/default/dso_loader.cc:44] Successfully opened dynamic library cudart64_100.dll
2020-10-07 16:23:21.570187: I tensorflow/stream_executor/platform/default/dso_loader.cc:44] Successfully opened dynamic library cublas64_100.dll
2020-10-07 16:23:21.570546: I tensorflow/stream_executor/platform/default/dso_loader.cc:44] Successfully opened dynamic library cufft64_100.dll
2020-10-07 16:23:21.570911: I tensorflow/stream_executor/platform/default/dso_loader.cc:44] Successfully opened dynamic library curand64_100.dll
2020-10-07 16:23:21.571274: I tensorflow/stream_executor/platform/default/dso_loader.cc:44] Successfully opened dynamic library cusolver64_100.dll
2020-10-07 16:23:21.571642: I tensorflow/stream_executor/platform/default/dso_loader.cc:44] Successfully opened dynamic library cusparse64_100.dll
2020-10-07 16:23:21.572001: I tensorflow/stream_executor/platform/default/dso_loader.cc:44] Successfully opened dynamic library cudnn64_7.dll
2020-10-07 16:23:21.572550: I tensorflow/core/common_runtime/gpu/gpu_device.cc:1746] Adding visible gpu devices: 0
2020-10-07 16:23:21.572849: I tensorflow/core/common_runtime/gpu/gpu_device.cc:1159] Device interconnect StreamExecutor with strength 1 edge matrix:
2020-10-07 16:23:21.573204: I tensorflow/core/common_runtime/gpu/gpu_device.cc:1165]      0 
2020-10-07 16:23:21.573425: I tensorflow/core/common_runtime/gpu/gpu_device.cc:1178] 0:   N 
2020-10-07 16:23:21.573900: I tensorflow/core/common_runtime/gpu/gpu_device.cc:1304] Created TensorFlow device (/job:localhost/replica:0/task:0/device:GPU:0 with 8686 MB memory) -> physical GPU (device: 0, name: GeForce RTX 2080 Ti, pci bus id: 0000:73:00.0, compute capability: 7.5)
[  SKIPPED ] PowGradTest.test_zero_grad_tf_gradients
[ RUN      ] ProdGradientTest.testProdGradient
2020-10-07 16:23:21.594309: I tensorflow/core/common_runtime/gpu/gpu_device.cc:1618] Found device 0 with properties: 
name: GeForce RTX 2080 Ti major: 7 minor: 5 memoryClockRate(GHz): 1.65
pciBusID: 0000:73:00.0
2020-10-07 16:23:21.594825: I tensorflow/stream_executor/platform/default/dso_loader.cc:44] Successfully opened dynamic library cudart64_100.dll
2020-10-07 16:23:21.595168: I tensorflow/stream_executor/platform/default/dso_loader.cc:44] Successfully opened dynamic library cublas64_100.dll
2020-10-07 16:23:21.595513: I tensorflow/stream_executor/platform/default/dso_loader.cc:44] Successfully opened dynamic library cufft64_100.dll
2020-10-07 16:23:21.595858: I tensorflow/stream_executor/platform/default/dso_loader.cc:44] Successfully opened dynamic library curand64_100.dll
2020-10-07 16:23:21.596202: I tensorflow/stream_executor/platform/default/dso_loader.cc:44] Successfully opened dynamic library cusolver64_100.dll
2020-10-07 16:23:21.596602: I tensorflow/stream_executor/platform/default/dso_loader.cc:44] Successfully opened dynamic library cusparse64_100.dll
2020-10-07 16:23:21.597033: I tensorflow/stream_executor/platform/default/dso_loader.cc:44] Successfully opened dynamic library cudnn64_7.dll
2020-10-07 16:23:21.597723: I tensorflow/core/common_runtime/gpu/gpu_device.cc:1746] Adding visible gpu devices: 0
2020-10-07 16:23:21.598022: I tensorflow/core/common_runtime/gpu/gpu_device.cc:1159] Device interconnect StreamExecutor with strength 1 edge matrix:
2020-10-07 16:23:21.598370: I tensorflow/core/common_runtime/gpu/gpu_device.cc:1165]      0 
2020-10-07 16:23:21.598587: I tensorflow/core/common_runtime/gpu/gpu_device.cc:1178] 0:   N 
2020-10-07 16:23:21.599063: I tensorflow/core/common_runtime/gpu/gpu_device.cc:1304] Created TensorFlow device (/job:localhost/replica:0/task:0/device:GPU:0 with 8686 MB memory) -> physical GPU (device: 0, name: GeForce RTX 2080 Ti, pci bus id: 0000:73:00.0, compute capability: 7.5)
WARNING:tensorflow:From C:\ProgramData\Anaconda3\envs\keras\lib\site-packages\tensorflow_core\python\ops\math_grad.py:281: setdiff1d (from tensorflow.python.ops.array_ops) is deprecated and will be removed after 2018-11-30.
Instructions for updating:
This op will be removed after the deprecation date. Please switch to tf.sets.difference().
W1007 16:23:21.612093 16568 deprecation.py:323] From C:\ProgramData\Anaconda3\envs\keras\lib\site-packages\tensorflow_core\python\ops\math_grad.py:281: setdiff1d (from tensorflow.python.ops.array_ops) is deprecated and will be removed after 2018-11-30.
Instructions for updating:
This op will be removed after the deprecation date. Please switch to tf.sets.difference().
[       OK ] ProdGradientTest.testProdGradient
[ RUN      ] ProdGradientTest.testProdGradientComplex
2020-10-07 16:23:21.658348: I tensorflow/core/common_runtime/gpu/gpu_device.cc:1618] Found device 0 with properties: 
name: GeForce RTX 2080 Ti major: 7 minor: 5 memoryClockRate(GHz): 1.65
pciBusID: 0000:73:00.0
2020-10-07 16:23:21.660319: I tensorflow/stream_executor/platform/default/dso_loader.cc:44] Successfully opened dynamic library cudart64_100.dll
2020-10-07 16:23:21.661604: I tensorflow/stream_executor/platform/default/dso_loader.cc:44] Successfully opened dynamic library cublas64_100.dll
2020-10-07 16:23:21.662886: I tensorflow/stream_executor/platform/default/dso_loader.cc:44] Successfully opened dynamic library cufft64_100.dll
2020-10-07 16:23:21.664063: I tensorflow/stream_executor/platform/default/dso_loader.cc:44] Successfully opened dynamic library curand64_100.dll
2020-10-07 16:23:21.665201: I tensorflow/stream_executor/platform/default/dso_loader.cc:44] Successfully opened dynamic library cusolver64_100.dll
2020-10-07 16:23:21.666364: I tensorflow/stream_executor/platform/default/dso_loader.cc:44] Successfully opened dynamic library cusparse64_100.dll
2020-10-07 16:23:21.667519: I tensorflow/stream_executor/platform/default/dso_loader.cc:44] Successfully opened dynamic library cudnn64_7.dll
2020-10-07 16:23:21.669262: I tensorflow/core/common_runtime/gpu/gpu_device.cc:1746] Adding visible gpu devices: 0
2020-10-07 16:23:21.670261: I tensorflow/core/common_runtime/gpu/gpu_device.cc:1159] Device interconnect StreamExecutor with strength 1 edge matrix:
2020-10-07 16:23:21.671427: I tensorflow/core/common_runtime/gpu/gpu_device.cc:1165]      0 
2020-10-07 16:23:21.672156: I tensorflow/core/common_runtime/gpu/gpu_device.cc:1178] 0:   N 
2020-10-07 16:23:21.673542: I tensorflow/core/common_runtime/gpu/gpu_device.cc:1304] Created TensorFlow device (/job:localhost/replica:0/task:0/device:GPU:0 with 8686 MB memory) -> physical GPU (device: 0, name: GeForce RTX 2080 Ti, pci bus id: 0000:73:00.0, compute capability: 7.5)
[       OK ] ProdGradientTest.testProdGradientComplex
[ RUN      ] ProdGradientTest.testProdGradientForNegativeAxis
2020-10-07 16:23:21.838165: I tensorflow/core/common_runtime/gpu/gpu_device.cc:1618] Found device 0 with properties: 
name: GeForce RTX 2080 Ti major: 7 minor: 5 memoryClockRate(GHz): 1.65
pciBusID: 0000:73:00.0
2020-10-07 16:23:21.840085: I tensorflow/stream_executor/platform/default/dso_loader.cc:44] Successfully opened dynamic library cudart64_100.dll
2020-10-07 16:23:21.841366: I tensorflow/stream_executor/platform/default/dso_loader.cc:44] Successfully opened dynamic library cublas64_100.dll
2020-10-07 16:23:21.842639: I tensorflow/stream_executor/platform/default/dso_loader.cc:44] Successfully opened dynamic library cufft64_100.dll
2020-10-07 16:23:21.843900: I tensorflow/stream_executor/platform/default/dso_loader.cc:44] Successfully opened dynamic library curand64_100.dll
2020-10-07 16:23:21.844945: I tensorflow/stream_executor/platform/default/dso_loader.cc:44] Successfully opened dynamic library cusolver64_100.dll
2020-10-07 16:23:21.845973: I tensorflow/stream_executor/platform/default/dso_loader.cc:44] Successfully opened dynamic library cusparse64_100.dll
2020-10-07 16:23:21.847015: I tensorflow/stream_executor/platform/default/dso_loader.cc:44] Successfully opened dynamic library cudnn64_7.dll
2020-10-07 16:23:21.848570: I tensorflow/core/common_runtime/gpu/gpu_device.cc:1746] Adding visible gpu devices: 0
2020-10-07 16:23:21.849456: I tensorflow/core/common_runtime/gpu/gpu_device.cc:1159] Device interconnect StreamExecutor with strength 1 edge matrix:
2020-10-07 16:23:21.850496: I tensorflow/core/common_runtime/gpu/gpu_device.cc:1165]      0 
2020-10-07 16:23:21.851148: I tensorflow/core/common_runtime/gpu/gpu_device.cc:1178] 0:   N 
2020-10-07 16:23:21.852445: I tensorflow/core/common_runtime/gpu/gpu_device.cc:1304] Created TensorFlow device (/job:localhost/replica:0/task:0/device:GPU:0 with 8686 MB memory) -> physical GPU (device: 0, name: GeForce RTX 2080 Ti, pci bus id: 0000:73:00.0, compute capability: 7.5)
[       OK ] ProdGradientTest.testProdGradientForNegativeAxis
[ RUN      ] ProdGradientTest.testProdGradientForNegativeAxisComplex
2020-10-07 16:23:21.921523: I tensorflow/core/common_runtime/gpu/gpu_device.cc:1618] Found device 0 with properties: 
name: GeForce RTX 2080 Ti major: 7 minor: 5 memoryClockRate(GHz): 1.65
pciBusID: 0000:73:00.0
2020-10-07 16:23:21.923436: I tensorflow/stream_executor/platform/default/dso_loader.cc:44] Successfully opened dynamic library cudart64_100.dll
2020-10-07 16:23:21.924659: I tensorflow/stream_executor/platform/default/dso_loader.cc:44] Successfully opened dynamic library cublas64_100.dll
2020-10-07 16:23:21.925686: I tensorflow/stream_executor/platform/default/dso_loader.cc:44] Successfully opened dynamic library cufft64_100.dll
2020-10-07 16:23:21.926696: I tensorflow/stream_executor/platform/default/dso_loader.cc:44] Successfully opened dynamic library curand64_100.dll
2020-10-07 16:23:21.927712: I tensorflow/stream_executor/platform/default/dso_loader.cc:44] Successfully opened dynamic library cusolver64_100.dll
2020-10-07 16:23:21.928745: I tensorflow/stream_executor/platform/default/dso_loader.cc:44] Successfully opened dynamic library cusparse64_100.dll
2020-10-07 16:23:21.929790: I tensorflow/stream_executor/platform/default/dso_loader.cc:44] Successfully opened dynamic library cudnn64_7.dll
2020-10-07 16:23:21.931367: I tensorflow/core/common_runtime/gpu/gpu_device.cc:1746] Adding visible gpu devices: 0
2020-10-07 16:23:21.932257: I tensorflow/core/common_runtime/gpu/gpu_device.cc:1159] Device interconnect StreamExecutor with strength 1 edge matrix:
2020-10-07 16:23:21.933305: I tensorflow/core/common_runtime/gpu/gpu_device.cc:1165]      0 
2020-10-07 16:23:21.933939: I tensorflow/core/common_runtime/gpu/gpu_device.cc:1178] 0:   N 
2020-10-07 16:23:21.934972: I tensorflow/core/common_runtime/gpu/gpu_device.cc:1304] Created TensorFlow device (/job:localhost/replica:0/task:0/device:GPU:0 with 8686 MB memory) -> physical GPU (device: 0, name: GeForce RTX 2080 Ti, pci bus id: 0000:73:00.0, compute capability: 7.5)
[       OK ] ProdGradientTest.testProdGradientForNegativeAxisComplex
[ RUN      ] ProdGradientTest.test_session
[  SKIPPED ] ProdGradientTest.test_session
[ RUN      ] SegmentMinOrMaxGradientTest.testSegmentMaxGradient
2020-10-07 16:23:22.069915: I tensorflow/core/common_runtime/gpu/gpu_device.cc:1618] Found device 0 with properties: 
name: GeForce RTX 2080 Ti major: 7 minor: 5 memoryClockRate(GHz): 1.65
pciBusID: 0000:73:00.0
2020-10-07 16:23:22.071838: I tensorflow/stream_executor/platform/default/dso_loader.cc:44] Successfully opened dynamic library cudart64_100.dll
2020-10-07 16:23:22.073132: I tensorflow/stream_executor/platform/default/dso_loader.cc:44] Successfully opened dynamic library cublas64_100.dll
2020-10-07 16:23:22.074413: I tensorflow/stream_executor/platform/default/dso_loader.cc:44] Successfully opened dynamic library cufft64_100.dll
2020-10-07 16:23:22.075684: I tensorflow/stream_executor/platform/default/dso_loader.cc:44] Successfully opened dynamic library curand64_100.dll
2020-10-07 16:23:22.076707: I tensorflow/stream_executor/platform/default/dso_loader.cc:44] Successfully opened dynamic library cusolver64_100.dll
2020-10-07 16:23:22.077743: I tensorflow/stream_executor/platform/default/dso_loader.cc:44] Successfully opened dynamic library cusparse64_100.dll
2020-10-07 16:23:22.078780: I tensorflow/stream_executor/platform/default/dso_loader.cc:44] Successfully opened dynamic library cudnn64_7.dll
2020-10-07 16:23:22.080341: I tensorflow/core/common_runtime/gpu/gpu_device.cc:1746] Adding visible gpu devices: 0
2020-10-07 16:23:22.081243: I tensorflow/core/common_runtime/gpu/gpu_device.cc:1159] Device interconnect StreamExecutor with strength 1 edge matrix:
2020-10-07 16:23:22.082294: I tensorflow/core/common_runtime/gpu/gpu_device.cc:1165]      0 
2020-10-07 16:23:22.082952: I tensorflow/core/common_runtime/gpu/gpu_device.cc:1178] 0:   N 
2020-10-07 16:23:22.084258: I tensorflow/core/common_runtime/gpu/gpu_device.cc:1304] Created TensorFlow device (/job:localhost/replica:0/task:0/device:GPU:0 with 8686 MB memory) -> physical GPU (device: 0, name: GeForce RTX 2080 Ti, pci bus id: 0000:73:00.0, compute capability: 7.5)
[       OK ] SegmentMinOrMaxGradientTest.testSegmentMaxGradient
[ RUN      ] SegmentMinOrMaxGradientTest.testSegmentMaxGradientWithTies
2020-10-07 16:23:22.107950: I tensorflow/core/common_runtime/gpu/gpu_device.cc:1618] Found device 0 with properties: 
name: GeForce RTX 2080 Ti major: 7 minor: 5 memoryClockRate(GHz): 1.65
pciBusID: 0000:73:00.0
2020-10-07 16:23:22.108479: I tensorflow/stream_executor/platform/default/dso_loader.cc:44] Successfully opened dynamic library cudart64_100.dll
2020-10-07 16:23:22.108825: I tensorflow/stream_executor/platform/default/dso_loader.cc:44] Successfully opened dynamic library cublas64_100.dll
2020-10-07 16:23:22.109174: I tensorflow/stream_executor/platform/default/dso_loader.cc:44] Successfully opened dynamic library cufft64_100.dll
2020-10-07 16:23:22.109520: I tensorflow/stream_executor/platform/default/dso_loader.cc:44] Successfully opened dynamic library curand64_100.dll
2020-10-07 16:23:22.109863: I tensorflow/stream_executor/platform/default/dso_loader.cc:44] Successfully opened dynamic library cusolver64_100.dll
2020-10-07 16:23:22.110209: I tensorflow/stream_executor/platform/default/dso_loader.cc:44] Successfully opened dynamic library cusparse64_100.dll
2020-10-07 16:23:22.110563: I tensorflow/stream_executor/platform/default/dso_loader.cc:44] Successfully opened dynamic library cudnn64_7.dll
2020-10-07 16:23:22.111122: I tensorflow/core/common_runtime/gpu/gpu_device.cc:1746] Adding visible gpu devices: 0
2020-10-07 16:23:22.111427: I tensorflow/core/common_runtime/gpu/gpu_device.cc:1159] Device interconnect StreamExecutor with strength 1 edge matrix:
2020-10-07 16:23:22.111777: I tensorflow/core/common_runtime/gpu/gpu_device.cc:1165]      0 
2020-10-07 16:23:22.112016: I tensorflow/core/common_runtime/gpu/gpu_device.cc:1178] 0:   N 
2020-10-07 16:23:22.112536: I tensorflow/core/common_runtime/gpu/gpu_device.cc:1304] Created TensorFlow device (/job:localhost/replica:0/task:0/device:GPU:0 with 8686 MB memory) -> physical GPU (device: 0, name: GeForce RTX 2080 Ti, pci bus id: 0000:73:00.0, compute capability: 7.5)
[  FAILED  ] SegmentMinOrMaxGradientTest.testSegmentMaxGradientWithTies
[ RUN      ] SegmentMinOrMaxGradientTest.testSegmentMinGradient
2020-10-07 16:23:22.126172: I tensorflow/core/common_runtime/gpu/gpu_device.cc:1618] Found device 0 with properties: 
name: GeForce RTX 2080 Ti major: 7 minor: 5 memoryClockRate(GHz): 1.65
pciBusID: 0000:73:00.0
2020-10-07 16:23:22.126696: I tensorflow/stream_executor/platform/default/dso_loader.cc:44] Successfully opened dynamic library cudart64_100.dll
2020-10-07 16:23:22.127041: I tensorflow/stream_executor/platform/default/dso_loader.cc:44] Successfully opened dynamic library cublas64_100.dll
2020-10-07 16:23:22.127385: I tensorflow/stream_executor/platform/default/dso_loader.cc:44] Successfully opened dynamic library cufft64_100.dll
2020-10-07 16:23:22.127814: I tensorflow/stream_executor/platform/default/dso_loader.cc:44] Successfully opened dynamic library curand64_100.dll
2020-10-07 16:23:22.128254: I tensorflow/stream_executor/platform/default/dso_loader.cc:44] Successfully opened dynamic library cusolver64_100.dll
2020-10-07 16:23:22.128690: I tensorflow/stream_executor/platform/default/dso_loader.cc:44] Successfully opened dynamic library cusparse64_100.dll
2020-10-07 16:23:22.129088: I tensorflow/stream_executor/platform/default/dso_loader.cc:44] Successfully opened dynamic library cudnn64_7.dll
2020-10-07 16:23:22.129662: I tensorflow/core/common_runtime/gpu/gpu_device.cc:1746] Adding visible gpu devices: 0
2020-10-07 16:23:22.129967: I tensorflow/core/common_runtime/gpu/gpu_device.cc:1159] Device interconnect StreamExecutor with strength 1 edge matrix:
2020-10-07 16:23:22.130317: I tensorflow/core/common_runtime/gpu/gpu_device.cc:1165]      0 
2020-10-07 16:23:22.130536: I tensorflow/core/common_runtime/gpu/gpu_device.cc:1178] 0:   N 
2020-10-07 16:23:22.131016: I tensorflow/core/common_runtime/gpu/gpu_device.cc:1304] Created TensorFlow device (/job:localhost/replica:0/task:0/device:GPU:0 with 8686 MB memory) -> physical GPU (device: 0, name: GeForce RTX 2080 Ti, pci bus id: 0000:73:00.0, compute capability: 7.5)
[       OK ] SegmentMinOrMaxGradientTest.testSegmentMinGradient
[ RUN      ] SegmentMinOrMaxGradientTest.testSegmentMinGradientWithTies
2020-10-07 16:23:22.148768: I tensorflow/core/common_runtime/gpu/gpu_device.cc:1618] Found device 0 with properties: 
name: GeForce RTX 2080 Ti major: 7 minor: 5 memoryClockRate(GHz): 1.65
pciBusID: 0000:73:00.0
2020-10-07 16:23:22.149289: I tensorflow/stream_executor/platform/default/dso_loader.cc:44] Successfully opened dynamic library cudart64_100.dll
2020-10-07 16:23:22.149634: I tensorflow/stream_executor/platform/default/dso_loader.cc:44] Successfully opened dynamic library cublas64_100.dll
2020-10-07 16:23:22.149978: I tensorflow/stream_executor/platform/default/dso_loader.cc:44] Successfully opened dynamic library cufft64_100.dll
2020-10-07 16:23:22.150318: I tensorflow/stream_executor/platform/default/dso_loader.cc:44] Successfully opened dynamic library curand64_100.dll
2020-10-07 16:23:22.150661: I tensorflow/stream_executor/platform/default/dso_loader.cc:44] Successfully opened dynamic library cusolver64_100.dll
2020-10-07 16:23:22.151018: I tensorflow/stream_executor/platform/default/dso_loader.cc:44] Successfully opened dynamic library cusparse64_100.dll
2020-10-07 16:23:22.151378: I tensorflow/stream_executor/platform/default/dso_loader.cc:44] Successfully opened dynamic library cudnn64_7.dll
2020-10-07 16:23:22.151937: I tensorflow/core/common_runtime/gpu/gpu_device.cc:1746] Adding visible gpu devices: 0
2020-10-07 16:23:22.152242: I tensorflow/core/common_runtime/gpu/gpu_device.cc:1159] Device interconnect StreamExecutor with strength 1 edge matrix:
2020-10-07 16:23:22.152593: I tensorflow/core/common_runtime/gpu/gpu_device.cc:1165]      0 
2020-10-07 16:23:22.152813: I tensorflow/core/common_runtime/gpu/gpu_device.cc:1178] 0:   N 
2020-10-07 16:23:22.153290: I tensorflow/core/common_runtime/gpu/gpu_device.cc:1304] Created TensorFlow device (/job:localhost/replica:0/task:0/device:GPU:0 with 8686 MB memory) -> physical GPU (device: 0, name: GeForce RTX 2080 Ti, pci bus id: 0000:73:00.0, compute capability: 7.5)
[  FAILED  ] SegmentMinOrMaxGradientTest.testSegmentMinGradientWithTies
[ RUN      ] SegmentMinOrMaxGradientTest.test_session
[  SKIPPED ] SegmentMinOrMaxGradientTest.test_session
[ RUN      ] SquaredDifferenceOpTest.testGrad
2020-10-07 16:23:22.163101: I tensorflow/core/common_runtime/gpu/gpu_device.cc:1618] Found device 0 with properties: 
name: GeForce RTX 2080 Ti major: 7 minor: 5 memoryClockRate(GHz): 1.65
pciBusID: 0000:73:00.0
2020-10-07 16:23:22.163615: I tensorflow/stream_executor/platform/default/dso_loader.cc:44] Successfully opened dynamic library cudart64_100.dll
2020-10-07 16:23:22.163968: I tensorflow/stream_executor/platform/default/dso_loader.cc:44] Successfully opened dynamic library cublas64_100.dll
2020-10-07 16:23:22.164312: I tensorflow/stream_executor/platform/default/dso_loader.cc:44] Successfully opened dynamic library cufft64_100.dll
2020-10-07 16:23:22.164654: I tensorflow/stream_executor/platform/default/dso_loader.cc:44] Successfully opened dynamic library curand64_100.dll
2020-10-07 16:23:22.164998: I tensorflow/stream_executor/platform/default/dso_loader.cc:44] Successfully opened dynamic library cusolver64_100.dll
2020-10-07 16:23:22.165345: I tensorflow/stream_executor/platform/default/dso_loader.cc:44] Successfully opened dynamic library cusparse64_100.dll
2020-10-07 16:23:22.165690: I tensorflow/stream_executor/platform/default/dso_loader.cc:44] Successfully opened dynamic library cudnn64_7.dll
2020-10-07 16:23:22.166239: I tensorflow/core/common_runtime/gpu/gpu_device.cc:1746] Adding visible gpu devices: 0
2020-10-07 16:23:22.166539: I tensorflow/core/common_runtime/gpu/gpu_device.cc:1159] Device interconnect StreamExecutor with strength 1 edge matrix:
2020-10-07 16:23:22.166898: I tensorflow/core/common_runtime/gpu/gpu_device.cc:1165]      0 
2020-10-07 16:23:22.167119: I tensorflow/core/common_runtime/gpu/gpu_device.cc:1178] 0:   N 
2020-10-07 16:23:22.167591: I tensorflow/core/common_runtime/gpu/gpu_device.cc:1304] Created TensorFlow device (/job:localhost/replica:0/task:0/device:GPU:0 with 8686 MB memory) -> physical GPU (device: 0, name: GeForce RTX 2080 Ti, pci bus id: 0000:73:00.0, compute capability: 7.5)
[       OK ] SquaredDifferenceOpTest.testGrad
[ RUN      ] SquaredDifferenceOpTest.test_session
[  SKIPPED ] SquaredDifferenceOpTest.test_session
[ RUN      ] XdivyTest.testNonZeroValuesGrad
2020-10-07 16:23:22.570284: I tensorflow/core/common_runtime/gpu/gpu_device.cc:1618] Found device 0 with properties: 
name: GeForce RTX 2080 Ti major: 7 minor: 5 memoryClockRate(GHz): 1.65
pciBusID: 0000:73:00.0
2020-10-07 16:23:22.570847: I tensorflow/stream_executor/platform/default/dso_loader.cc:44] Successfully opened dynamic library cudart64_100.dll
2020-10-07 16:23:22.571209: I tensorflow/stream_executor/platform/default/dso_loader.cc:44] Successfully opened dynamic library cublas64_100.dll
2020-10-07 16:23:22.571567: I tensorflow/stream_executor/platform/default/dso_loader.cc:44] Successfully opened dynamic library cufft64_100.dll
2020-10-07 16:23:22.571932: I tensorflow/stream_executor/platform/default/dso_loader.cc:44] Successfully opened dynamic library curand64_100.dll
2020-10-07 16:23:22.572286: I tensorflow/stream_executor/platform/default/dso_loader.cc:44] Successfully opened dynamic library cusolver64_100.dll
2020-10-07 16:23:22.572652: I tensorflow/stream_executor/platform/default/dso_loader.cc:44] Successfully opened dynamic library cusparse64_100.dll
2020-10-07 16:23:22.573020: I tensorflow/stream_executor/platform/default/dso_loader.cc:44] Successfully opened dynamic library cudnn64_7.dll
2020-10-07 16:23:22.573612: I tensorflow/core/common_runtime/gpu/gpu_device.cc:1746] Adding visible gpu devices: 0
2020-10-07 16:23:22.573929: I tensorflow/core/common_runtime/gpu/gpu_device.cc:1159] Device interconnect StreamExecutor with strength 1 edge matrix:
2020-10-07 16:23:22.574295: I tensorflow/core/common_runtime/gpu/gpu_device.cc:1165]      0 
2020-10-07 16:23:22.574521: I tensorflow/core/common_runtime/gpu/gpu_device.cc:1178] 0:   N 
2020-10-07 16:23:22.575037: I tensorflow/core/common_runtime/gpu/gpu_device.cc:1304] Created TensorFlow device (/job:localhost/replica:0/task:0/device:GPU:0 with 8686 MB memory) -> physical GPU (device: 0, name: GeForce RTX 2080 Ti, pci bus id: 0000:73:00.0, compute capability: 7.5)
[       OK ] XdivyTest.testNonZeroValuesGrad
[ RUN      ] XdivyTest.testZeroXGrad
2020-10-07 16:23:22.804832: I tensorflow/core/common_runtime/gpu/gpu_device.cc:1618] Found device 0 with properties: 
name: GeForce RTX 2080 Ti major: 7 minor: 5 memoryClockRate(GHz): 1.65
pciBusID: 0000:73:00.0
2020-10-07 16:23:22.805370: I tensorflow/stream_executor/platform/default/dso_loader.cc:44] Successfully opened dynamic library cudart64_100.dll
2020-10-07 16:23:22.805722: I tensorflow/stream_executor/platform/default/dso_loader.cc:44] Successfully opened dynamic library cublas64_100.dll
2020-10-07 16:23:22.806071: I tensorflow/stream_executor/platform/default/dso_loader.cc:44] Successfully opened dynamic library cufft64_100.dll
2020-10-07 16:23:22.806412: I tensorflow/stream_executor/platform/default/dso_loader.cc:44] Successfully opened dynamic library curand64_100.dll
2020-10-07 16:23:22.806758: I tensorflow/stream_executor/platform/default/dso_loader.cc:44] Successfully opened dynamic library cusolver64_100.dll
2020-10-07 16:23:22.807104: I tensorflow/stream_executor/platform/default/dso_loader.cc:44] Successfully opened dynamic library cusparse64_100.dll
2020-10-07 16:23:22.807456: I tensorflow/stream_executor/platform/default/dso_loader.cc:44] Successfully opened dynamic library cudnn64_7.dll
2020-10-07 16:23:22.808011: I tensorflow/core/common_runtime/gpu/gpu_device.cc:1746] Adding visible gpu devices: 0
2020-10-07 16:23:22.808314: I tensorflow/core/common_runtime/gpu/gpu_device.cc:1159] Device interconnect StreamExecutor with strength 1 edge matrix:
2020-10-07 16:23:22.808668: I tensorflow/core/common_runtime/gpu/gpu_device.cc:1165]      0 
2020-10-07 16:23:22.808888: I tensorflow/core/common_runtime/gpu/gpu_device.cc:1178] 0:   N 
2020-10-07 16:23:22.809361: I tensorflow/core/common_runtime/gpu/gpu_device.cc:1304] Created TensorFlow device (/job:localhost/replica:0/task:0/device:GPU:0 with 8686 MB memory) -> physical GPU (device: 0, name: GeForce RTX 2080 Ti, pci bus id: 0000:73:00.0, compute capability: 7.5)
[       OK ] XdivyTest.testZeroXGrad
[ RUN      ] XdivyTest.testZeroXYGrad
2020-10-07 16:23:22.983687: I tensorflow/core/common_runtime/gpu/gpu_device.cc:1618] Found device 0 with properties: 
name: GeForce RTX 2080 Ti major: 7 minor: 5 memoryClockRate(GHz): 1.65
pciBusID: 0000:73:00.0
2020-10-07 16:23:22.984518: I tensorflow/stream_executor/platform/default/dso_loader.cc:44] Successfully opened dynamic library cudart64_100.dll
2020-10-07 16:23:22.985065: I tensorflow/stream_executor/platform/default/dso_loader.cc:44] Successfully opened dynamic library cublas64_100.dll
2020-10-07 16:23:22.985603: I tensorflow/stream_executor/platform/default/dso_loader.cc:44] Successfully opened dynamic library cufft64_100.dll
2020-10-07 16:23:22.986206: I tensorflow/stream_executor/platform/default/dso_loader.cc:44] Successfully opened dynamic library curand64_100.dll
2020-10-07 16:23:22.986749: I tensorflow/stream_executor/platform/default/dso_loader.cc:44] Successfully opened dynamic library cusolver64_100.dll
2020-10-07 16:23:22.987298: I tensorflow/stream_executor/platform/default/dso_loader.cc:44] Successfully opened dynamic library cusparse64_100.dll
2020-10-07 16:23:22.987843: I tensorflow/stream_executor/platform/default/dso_loader.cc:44] Successfully opened dynamic library cudnn64_7.dll
2020-10-07 16:23:22.988690: I tensorflow/core/common_runtime/gpu/gpu_device.cc:1746] Adding visible gpu devices: 0
2020-10-07 16:23:22.989169: I tensorflow/core/common_runtime/gpu/gpu_device.cc:1159] Device interconnect StreamExecutor with strength 1 edge matrix:
2020-10-07 16:23:22.989730: I tensorflow/core/common_runtime/gpu/gpu_device.cc:1165]      0 
2020-10-07 16:23:22.990076: I tensorflow/core/common_runtime/gpu/gpu_device.cc:1178] 0:   N 
2020-10-07 16:23:22.990783: I tensorflow/core/common_runtime/gpu/gpu_device.cc:1304] Created TensorFlow device (/job:localhost/replica:0/task:0/device:GPU:0 with 8686 MB memory) -> physical GPU (device: 0, name: GeForce RTX 2080 Ti, pci bus id: 0000:73:00.0, compute capability: 7.5)
[       OK ] XdivyTest.testZeroXYGrad
[ RUN      ] XdivyTest.testZeroYGrad
2020-10-07 16:23:23.231909: I tensorflow/core/common_runtime/gpu/gpu_device.cc:1618] Found device 0 with properties: 
name: GeForce RTX 2080 Ti major: 7 minor: 5 memoryClockRate(GHz): 1.65
pciBusID: 0000:73:00.0
2020-10-07 16:23:23.232726: I tensorflow/stream_executor/platform/default/dso_loader.cc:44] Successfully opened dynamic library cudart64_100.dll
2020-10-07 16:23:23.233074: I tensorflow/stream_executor/platform/default/dso_loader.cc:44] Successfully opened dynamic library cublas64_100.dll
2020-10-07 16:23:23.233418: I tensorflow/stream_executor/platform/default/dso_loader.cc:44] Successfully opened dynamic library cufft64_100.dll
2020-10-07 16:23:23.233759: I tensorflow/stream_executor/platform/default/dso_loader.cc:44] Successfully opened dynamic library curand64_100.dll
2020-10-07 16:23:23.234108: I tensorflow/stream_executor/platform/default/dso_loader.cc:44] Successfully opened dynamic library cusolver64_100.dll
2020-10-07 16:23:23.234465: I tensorflow/stream_executor/platform/default/dso_loader.cc:44] Successfully opened dynamic library cusparse64_100.dll
2020-10-07 16:23:23.234818: I tensorflow/stream_executor/platform/default/dso_loader.cc:44] Successfully opened dynamic library cudnn64_7.dll
2020-10-07 16:23:23.235396: I tensorflow/core/common_runtime/gpu/gpu_device.cc:1746] Adding visible gpu devices: 0
2020-10-07 16:23:23.235704: I tensorflow/core/common_runtime/gpu/gpu_device.cc:1159] Device interconnect StreamExecutor with strength 1 edge matrix:
2020-10-07 16:23:23.236061: I tensorflow/core/common_runtime/gpu/gpu_device.cc:1165]      0 
2020-10-07 16:23:23.236283: I tensorflow/core/common_runtime/gpu/gpu_device.cc:1178] 0:   N 
2020-10-07 16:23:23.236811: I tensorflow/core/common_runtime/gpu/gpu_device.cc:1304] Created TensorFlow device (/job:localhost/replica:0/task:0/device:GPU:0 with 8686 MB memory) -> physical GPU (device: 0, name: GeForce RTX 2080 Ti, pci bus id: 0000:73:00.0, compute capability: 7.5)
[       OK ] XdivyTest.testZeroYGrad
[ RUN      ] XdivyTest.test_session
[  SKIPPED ] XdivyTest.test_session
[ RUN      ] XlogyTest.testNonZeroValuesGrad
2020-10-07 16:23:23.351725: I tensorflow/core/common_runtime/gpu/gpu_device.cc:1618] Found device 0 with properties: 
name: GeForce RTX 2080 Ti major: 7 minor: 5 memoryClockRate(GHz): 1.65
pciBusID: 0000:73:00.0
2020-10-07 16:23:23.352262: I tensorflow/stream_executor/platform/default/dso_loader.cc:44] Successfully opened dynamic library cudart64_100.dll
2020-10-07 16:23:23.352612: I tensorflow/stream_executor/platform/default/dso_loader.cc:44] Successfully opened dynamic library cublas64_100.dll
2020-10-07 16:23:23.352972: I tensorflow/stream_executor/platform/default/dso_loader.cc:44] Successfully opened dynamic library cufft64_100.dll
2020-10-07 16:23:23.353377: I tensorflow/stream_executor/platform/default/dso_loader.cc:44] Successfully opened dynamic library curand64_100.dll
2020-10-07 16:23:23.353723: I tensorflow/stream_executor/platform/default/dso_loader.cc:44] Successfully opened dynamic library cusolver64_100.dll
2020-10-07 16:23:23.354070: I tensorflow/stream_executor/platform/default/dso_loader.cc:44] Successfully opened dynamic library cusparse64_100.dll
2020-10-07 16:23:23.354417: I tensorflow/stream_executor/platform/default/dso_loader.cc:44] Successfully opened dynamic library cudnn64_7.dll
2020-10-07 16:23:23.354976: I tensorflow/core/common_runtime/gpu/gpu_device.cc:1746] Adding visible gpu devices: 0
2020-10-07 16:23:23.355280: I tensorflow/core/common_runtime/gpu/gpu_device.cc:1159] Device interconnect StreamExecutor with strength 1 edge matrix:
2020-10-07 16:23:23.355632: I tensorflow/core/common_runtime/gpu/gpu_device.cc:1165]      0 
2020-10-07 16:23:23.355855: I tensorflow/core/common_runtime/gpu/gpu_device.cc:1178] 0:   N 
2020-10-07 16:23:23.356340: I tensorflow/core/common_runtime/gpu/gpu_device.cc:1304] Created TensorFlow device (/job:localhost/replica:0/task:0/device:GPU:0 with 8686 MB memory) -> physical GPU (device: 0, name: GeForce RTX 2080 Ti, pci bus id: 0000:73:00.0, compute capability: 7.5)
[       OK ] XlogyTest.testNonZeroValuesGrad
[ RUN      ] XlogyTest.testZeroXGrad
2020-10-07 16:23:23.566497: I tensorflow/core/common_runtime/gpu/gpu_device.cc:1618] Found device 0 with properties: 
name: GeForce RTX 2080 Ti major: 7 minor: 5 memoryClockRate(GHz): 1.65
pciBusID: 0000:73:00.0
2020-10-07 16:23:23.567073: I tensorflow/stream_executor/platform/default/dso_loader.cc:44] Successfully opened dynamic library cudart64_100.dll
2020-10-07 16:23:23.567453: I tensorflow/stream_executor/platform/default/dso_loader.cc:44] Successfully opened dynamic library cublas64_100.dll
2020-10-07 16:23:23.567802: I tensorflow/stream_executor/platform/default/dso_loader.cc:44] Successfully opened dynamic library cufft64_100.dll
2020-10-07 16:23:23.568143: I tensorflow/stream_executor/platform/default/dso_loader.cc:44] Successfully opened dynamic library curand64_100.dll
2020-10-07 16:23:23.568497: I tensorflow/stream_executor/platform/default/dso_loader.cc:44] Successfully opened dynamic library cusolver64_100.dll
2020-10-07 16:23:23.568845: I tensorflow/stream_executor/platform/default/dso_loader.cc:44] Successfully opened dynamic library cusparse64_100.dll
2020-10-07 16:23:23.569195: I tensorflow/stream_executor/platform/default/dso_loader.cc:44] Successfully opened dynamic library cudnn64_7.dll
2020-10-07 16:23:23.569747: I tensorflow/core/common_runtime/gpu/gpu_device.cc:1746] Adding visible gpu devices: 0
2020-10-07 16:23:23.570052: I tensorflow/core/common_runtime/gpu/gpu_device.cc:1159] Device interconnect StreamExecutor with strength 1 edge matrix:
2020-10-07 16:23:23.570403: I tensorflow/core/common_runtime/gpu/gpu_device.cc:1165]      0 
2020-10-07 16:23:23.570623: I tensorflow/core/common_runtime/gpu/gpu_device.cc:1178] 0:   N 
2020-10-07 16:23:23.571101: I tensorflow/core/common_runtime/gpu/gpu_device.cc:1304] Created TensorFlow device (/job:localhost/replica:0/task:0/device:GPU:0 with 8686 MB memory) -> physical GPU (device: 0, name: GeForce RTX 2080 Ti, pci bus id: 0000:73:00.0, compute capability: 7.5)
[       OK ] XlogyTest.testZeroXGrad
[ RUN      ] XlogyTest.testZeroXYGrad
2020-10-07 16:23:23.796905: I tensorflow/core/common_runtime/gpu/gpu_device.cc:1618] Found device 0 with properties: 
name: GeForce RTX 2080 Ti major: 7 minor: 5 memoryClockRate(GHz): 1.65
pciBusID: 0000:73:00.0
2020-10-07 16:23:23.797598: I tensorflow/stream_executor/platform/default/dso_loader.cc:44] Successfully opened dynamic library cudart64_100.dll
2020-10-07 16:23:23.798055: I tensorflow/stream_executor/platform/default/dso_loader.cc:44] Successfully opened dynamic library cublas64_100.dll
2020-10-07 16:23:23.798506: I tensorflow/stream_executor/platform/default/dso_loader.cc:44] Successfully opened dynamic library cufft64_100.dll
2020-10-07 16:23:23.799020: I tensorflow/stream_executor/platform/default/dso_loader.cc:44] Successfully opened dynamic library curand64_100.dll
2020-10-07 16:23:23.799512: I tensorflow/stream_executor/platform/default/dso_loader.cc:44] Successfully opened dynamic library cusolver64_100.dll
2020-10-07 16:23:23.799970: I tensorflow/stream_executor/platform/default/dso_loader.cc:44] Successfully opened dynamic library cusparse64_100.dll
2020-10-07 16:23:23.800429: I tensorflow/stream_executor/platform/default/dso_loader.cc:44] Successfully opened dynamic library cudnn64_7.dll
2020-10-07 16:23:23.801172: I tensorflow/core/common_runtime/gpu/gpu_device.cc:1746] Adding visible gpu devices: 0
2020-10-07 16:23:23.801573: I tensorflow/core/common_runtime/gpu/gpu_device.cc:1159] Device interconnect StreamExecutor with strength 1 edge matrix:
2020-10-07 16:23:23.802030: I tensorflow/core/common_runtime/gpu/gpu_device.cc:1165]      0 
2020-10-07 16:23:23.802315: I tensorflow/core/common_runtime/gpu/gpu_device.cc:1178] 0:   N 
2020-10-07 16:23:23.802933: I tensorflow/core/common_runtime/gpu/gpu_device.cc:1304] Created TensorFlow device (/job:localhost/replica:0/task:0/device:GPU:0 with 8686 MB memory) -> physical GPU (device: 0, name: GeForce RTX 2080 Ti, pci bus id: 0000:73:00.0, compute capability: 7.5)
[       OK ] XlogyTest.testZeroXYGrad
[ RUN      ] XlogyTest.testZeroYGrad
2020-10-07 16:23:23.957144: I tensorflow/core/common_runtime/gpu/gpu_device.cc:1618] Found device 0 with properties: 
name: GeForce RTX 2080 Ti major: 7 minor: 5 memoryClockRate(GHz): 1.65
pciBusID: 0000:73:00.0
2020-10-07 16:23:23.957900: I tensorflow/stream_executor/platform/default/dso_loader.cc:44] Successfully opened dynamic library cudart64_100.dll
2020-10-07 16:23:23.958392: I tensorflow/stream_executor/platform/default/dso_loader.cc:44] Successfully opened dynamic library cublas64_100.dll
2020-10-07 16:23:23.958879: I tensorflow/stream_executor/platform/default/dso_loader.cc:44] Successfully opened dynamic library cufft64_100.dll
2020-10-07 16:23:23.959361: I tensorflow/stream_executor/platform/default/dso_loader.cc:44] Successfully opened dynamic library curand64_100.dll
2020-10-07 16:23:23.959845: I tensorflow/stream_executor/platform/default/dso_loader.cc:44] Successfully opened dynamic library cusolver64_100.dll
2020-10-07 16:23:23.960336: I tensorflow/stream_executor/platform/default/dso_loader.cc:44] Successfully opened dynamic library cusparse64_100.dll
2020-10-07 16:23:23.960828: I tensorflow/stream_executor/platform/default/dso_loader.cc:44] Successfully opened dynamic library cudnn64_7.dll
2020-10-07 16:23:23.961583: I tensorflow/core/common_runtime/gpu/gpu_device.cc:1746] Adding visible gpu devices: 0
2020-10-07 16:23:23.962016: I tensorflow/core/common_runtime/gpu/gpu_device.cc:1159] Device interconnect StreamExecutor with strength 1 edge matrix:
2020-10-07 16:23:23.962518: I tensorflow/core/common_runtime/gpu/gpu_device.cc:1165]      0 
2020-10-07 16:23:23.962830: I tensorflow/core/common_runtime/gpu/gpu_device.cc:1178] 0:   N 
2020-10-07 16:23:23.963477: I tensorflow/core/common_runtime/gpu/gpu_device.cc:1304] Created TensorFlow device (/job:localhost/replica:0/task:0/device:GPU:0 with 8686 MB memory) -> physical GPU (device: 0, name: GeForce RTX 2080 Ti, pci bus id: 0000:73:00.0, compute capability: 7.5)
[       OK ] XlogyTest.testZeroYGrad
[ RUN      ] XlogyTest.test_session
[  SKIPPED ] XlogyTest.test_session
======================================================================
ERROR: testMaxGradient (__main__.MinOrMaxGradientTest)
MinOrMaxGradientTest.testMaxGradient
----------------------------------------------------------------------
Traceback (most recent call last):
  File "C:\ProgramData\Anaconda3\envs\keras\lib\site-packages\tensorflow_core\python\framework\ops.py", line 2380, in get_attr
    c_api.TF_OperationGetAttrValueProto(self._c_op, name, buf)
tensorflow.python.framework.errors_impl.InvalidArgumentError: Operation 'concat' has no attr named '_XlaCompile'.

During handling of the above exception, another exception occurred:

Traceback (most recent call last):
  File "C:\ProgramData\Anaconda3\envs\keras\lib\site-packages\tensorflow_core\python\ops\gradients_util.py", line 345, in _MaybeCompile
    xla_compile = op.get_attr("_XlaCompile")
  File "C:\ProgramData\Anaconda3\envs\keras\lib\site-packages\tensorflow_core\python\framework\ops.py", line 2384, in get_attr
    raise ValueError(str(e))
ValueError: Operation 'concat' has no attr named '_XlaCompile'.

During handling of the above exception, another exception occurred:

Traceback (most recent call last):
  File "C:\ProgramData\Anaconda3\envs\keras\lib\site-packages\tensorflow_core\python\framework\test_util.py", line 1216, in decorated
    return f(self, *args, **kwargs)
  File "math_grad_test.py", line 249, in testMaxGradient
    error = gradient_checker.compute_gradient_error(inputs, [1], outputs, [])
  File "C:\ProgramData\Anaconda3\envs\keras\lib\site-packages\tensorflow_core\python\util\deprecation.py", line 324, in new_func
    return func(*args, **kwargs)
  File "C:\ProgramData\Anaconda3\envs\keras\lib\site-packages\tensorflow_core\python\ops\gradient_checker.py", line 394, in compute_gradient_error
    init_targets, extra_feed_dict=extra_feed_dict)
  File "C:\ProgramData\Anaconda3\envs\keras\lib\site-packages\tensorflow_core\python\util\deprecation.py", line 324, in new_func
    return func(*args, **kwargs)
  File "C:\ProgramData\Anaconda3\envs\keras\lib\site-packages\tensorflow_core\python\ops\gradient_checker.py", line 332, in compute_gradient
    dx, dy = _compute_dx_and_dy(x, y, y_shape)
  File "C:\ProgramData\Anaconda3\envs\keras\lib\site-packages\tensorflow_core\python\ops\gradient_checker.py", line 206, in _compute_dx_and_dy
    grads = gradients.gradients(y, x, dy)
  File "C:\ProgramData\Anaconda3\envs\keras\lib\site-packages\tensorflow_core\python\ops\gradients_impl.py", line 158, in gradients
    unconnected_gradients)
  File "C:\ProgramData\Anaconda3\envs\keras\lib\site-packages\tensorflow_core\python\ops\gradients_util.py", line 679, in _GradientsHelper
    lambda: grad_fn(op, *out_grads))
  File "C:\ProgramData\Anaconda3\envs\keras\lib\site-packages\tensorflow_core\python\ops\gradients_util.py", line 350, in _MaybeCompile
    return grad_fn()  # Exit early
  File "C:\ProgramData\Anaconda3\envs\keras\lib\site-packages\tensorflow_core\python\ops\gradients_util.py", line 679, in <lambda>
    lambda: grad_fn(op, *out_grads))
  File "C:\ProgramData\Anaconda3\envs\keras\lib\site-packages\tensorflow_core\python\ops\array_grad.py", line 228, in _ConcatGradV2
    op, grad, start_value_index=0, end_value_index=-1, dim_index=-1)
  File "C:\ProgramData\Anaconda3\envs\keras\lib\site-packages\tensorflow_core\python\ops\array_grad.py", line 141, in _ConcatGradHelper
    sizes = _ExtractInputShapes(input_values)
  File "C:\ProgramData\Anaconda3\envs\keras\lib\site-packages\tensorflow_core\python\ops\array_grad.py", line 97, in _ExtractInputShapes
    sizes.append(input_shape)
AttributeError: 'NoneType' object has no attribute 'append'

======================================================================
ERROR: testMinGradient (__main__.MinOrMaxGradientTest)
MinOrMaxGradientTest.testMinGradient
----------------------------------------------------------------------
Traceback (most recent call last):
  File "C:\ProgramData\Anaconda3\envs\keras\lib\site-packages\tensorflow_core\python\framework\ops.py", line 2380, in get_attr
    c_api.TF_OperationGetAttrValueProto(self._c_op, name, buf)
tensorflow.python.framework.errors_impl.InvalidArgumentError: Operation 'concat' has no attr named '_XlaCompile'.

During handling of the above exception, another exception occurred:

Traceback (most recent call last):
  File "C:\ProgramData\Anaconda3\envs\keras\lib\site-packages\tensorflow_core\python\ops\gradients_util.py", line 345, in _MaybeCompile
    xla_compile = op.get_attr("_XlaCompile")
  File "C:\ProgramData\Anaconda3\envs\keras\lib\site-packages\tensorflow_core\python\framework\ops.py", line 2384, in get_attr
    raise ValueError(str(e))
ValueError: Operation 'concat' has no attr named '_XlaCompile'.

During handling of the above exception, another exception occurred:

Traceback (most recent call last):
  File "C:\ProgramData\Anaconda3\envs\keras\lib\site-packages\tensorflow_core\python\framework\test_util.py", line 1216, in decorated
    return f(self, *args, **kwargs)
  File "math_grad_test.py", line 233, in testMinGradient
    error = gradient_checker.compute_gradient_error(inputs, [1], outputs, [])
  File "C:\ProgramData\Anaconda3\envs\keras\lib\site-packages\tensorflow_core\python\util\deprecation.py", line 324, in new_func
    return func(*args, **kwargs)
  File "C:\ProgramData\Anaconda3\envs\keras\lib\site-packages\tensorflow_core\python\ops\gradient_checker.py", line 394, in compute_gradient_error
    init_targets, extra_feed_dict=extra_feed_dict)
  File "C:\ProgramData\Anaconda3\envs\keras\lib\site-packages\tensorflow_core\python\util\deprecation.py", line 324, in new_func
    return func(*args, **kwargs)
  File "C:\ProgramData\Anaconda3\envs\keras\lib\site-packages\tensorflow_core\python\ops\gradient_checker.py", line 332, in compute_gradient
    dx, dy = _compute_dx_and_dy(x, y, y_shape)
  File "C:\ProgramData\Anaconda3\envs\keras\lib\site-packages\tensorflow_core\python\ops\gradient_checker.py", line 206, in _compute_dx_and_dy
    grads = gradients.gradients(y, x, dy)
  File "C:\ProgramData\Anaconda3\envs\keras\lib\site-packages\tensorflow_core\python\ops\gradients_impl.py", line 158, in gradients
    unconnected_gradients)
  File "C:\ProgramData\Anaconda3\envs\keras\lib\site-packages\tensorflow_core\python\ops\gradients_util.py", line 679, in _GradientsHelper
    lambda: grad_fn(op, *out_grads))
  File "C:\ProgramData\Anaconda3\envs\keras\lib\site-packages\tensorflow_core\python\ops\gradients_util.py", line 350, in _MaybeCompile
    return grad_fn()  # Exit early
  File "C:\ProgramData\Anaconda3\envs\keras\lib\site-packages\tensorflow_core\python\ops\gradients_util.py", line 679, in <lambda>
    lambda: grad_fn(op, *out_grads))
  File "C:\ProgramData\Anaconda3\envs\keras\lib\site-packages\tensorflow_core\python\ops\array_grad.py", line 228, in _ConcatGradV2
    op, grad, start_value_index=0, end_value_index=-1, dim_index=-1)
  File "C:\ProgramData\Anaconda3\envs\keras\lib\site-packages\tensorflow_core\python\ops\array_grad.py", line 141, in _ConcatGradHelper
    sizes = _ExtractInputShapes(input_values)
  File "C:\ProgramData\Anaconda3\envs\keras\lib\site-packages\tensorflow_core\python\ops\array_grad.py", line 97, in _ExtractInputShapes
    sizes.append(input_shape)
AttributeError: 'NoneType' object has no attribute 'append'

======================================================================
ERROR: testSegmentMaxGradientWithTies (__main__.SegmentMinOrMaxGradientTest)
SegmentMinOrMaxGradientTest.testSegmentMaxGradientWithTies
----------------------------------------------------------------------
Traceback (most recent call last):
  File "C:\ProgramData\Anaconda3\envs\keras\lib\site-packages\tensorflow_core\python\framework\ops.py", line 2380, in get_attr
    c_api.TF_OperationGetAttrValueProto(self._c_op, name, buf)
tensorflow.python.framework.errors_impl.InvalidArgumentError: Operation 'concat' has no attr named '_XlaCompile'.

During handling of the above exception, another exception occurred:

Traceback (most recent call last):
  File "C:\ProgramData\Anaconda3\envs\keras\lib\site-packages\tensorflow_core\python\ops\gradients_util.py", line 345, in _MaybeCompile
    xla_compile = op.get_attr("_XlaCompile")
  File "C:\ProgramData\Anaconda3\envs\keras\lib\site-packages\tensorflow_core\python\framework\ops.py", line 2384, in get_attr
    raise ValueError(str(e))
ValueError: Operation 'concat' has no attr named '_XlaCompile'.

During handling of the above exception, another exception occurred:

Traceback (most recent call last):
  File "C:\ProgramData\Anaconda3\envs\keras\lib\site-packages\tensorflow_core\python\framework\test_util.py", line 1216, in decorated
    return f(self, *args, **kwargs)
  File "math_grad_test.py", line 475, in testSegmentMaxGradientWithTies
    [1])
  File "C:\ProgramData\Anaconda3\envs\keras\lib\site-packages\tensorflow_core\python\util\deprecation.py", line 324, in new_func
    return func(*args, **kwargs)
  File "C:\ProgramData\Anaconda3\envs\keras\lib\site-packages\tensorflow_core\python\ops\gradient_checker.py", line 394, in compute_gradient_error
    init_targets, extra_feed_dict=extra_feed_dict)
  File "C:\ProgramData\Anaconda3\envs\keras\lib\site-packages\tensorflow_core\python\util\deprecation.py", line 324, in new_func
    return func(*args, **kwargs)
  File "C:\ProgramData\Anaconda3\envs\keras\lib\site-packages\tensorflow_core\python\ops\gradient_checker.py", line 332, in compute_gradient
    dx, dy = _compute_dx_and_dy(x, y, y_shape)
  File "C:\ProgramData\Anaconda3\envs\keras\lib\site-packages\tensorflow_core\python\ops\gradient_checker.py", line 206, in _compute_dx_and_dy
    grads = gradients.gradients(y, x, dy)
  File "C:\ProgramData\Anaconda3\envs\keras\lib\site-packages\tensorflow_core\python\ops\gradients_impl.py", line 158, in gradients
    unconnected_gradients)
  File "C:\ProgramData\Anaconda3\envs\keras\lib\site-packages\tensorflow_core\python\ops\gradients_util.py", line 679, in _GradientsHelper
    lambda: grad_fn(op, *out_grads))
  File "C:\ProgramData\Anaconda3\envs\keras\lib\site-packages\tensorflow_core\python\ops\gradients_util.py", line 350, in _MaybeCompile
    return grad_fn()  # Exit early
  File "C:\ProgramData\Anaconda3\envs\keras\lib\site-packages\tensorflow_core\python\ops\gradients_util.py", line 679, in <lambda>
    lambda: grad_fn(op, *out_grads))
  File "C:\ProgramData\Anaconda3\envs\keras\lib\site-packages\tensorflow_core\python\ops\array_grad.py", line 228, in _ConcatGradV2
    op, grad, start_value_index=0, end_value_index=-1, dim_index=-1)
  File "C:\ProgramData\Anaconda3\envs\keras\lib\site-packages\tensorflow_core\python\ops\array_grad.py", line 141, in _ConcatGradHelper
    sizes = _ExtractInputShapes(input_values)
  File "C:\ProgramData\Anaconda3\envs\keras\lib\site-packages\tensorflow_core\python\ops\array_grad.py", line 97, in _ExtractInputShapes
    sizes.append(input_shape)
AttributeError: 'NoneType' object has no attribute 'append'

======================================================================
ERROR: testSegmentMinGradientWithTies (__main__.SegmentMinOrMaxGradientTest)
SegmentMinOrMaxGradientTest.testSegmentMinGradientWithTies
----------------------------------------------------------------------
Traceback (most recent call last):
  File "C:\ProgramData\Anaconda3\envs\keras\lib\site-packages\tensorflow_core\python\framework\ops.py", line 2380, in get_attr
    c_api.TF_OperationGetAttrValueProto(self._c_op, name, buf)
tensorflow.python.framework.errors_impl.InvalidArgumentError: Operation 'concat' has no attr named '_XlaCompile'.

During handling of the above exception, another exception occurred:

Traceback (most recent call last):
  File "C:\ProgramData\Anaconda3\envs\keras\lib\site-packages\tensorflow_core\python\ops\gradients_util.py", line 345, in _MaybeCompile
    xla_compile = op.get_attr("_XlaCompile")
  File "C:\ProgramData\Anaconda3\envs\keras\lib\site-packages\tensorflow_core\python\framework\ops.py", line 2384, in get_attr
    raise ValueError(str(e))
ValueError: Operation 'concat' has no attr named '_XlaCompile'.

During handling of the above exception, another exception occurred:

Traceback (most recent call last):
  File "C:\ProgramData\Anaconda3\envs\keras\lib\site-packages\tensorflow_core\python\framework\test_util.py", line 1216, in decorated
    return f(self, *args, **kwargs)
  File "math_grad_test.py", line 453, in testSegmentMinGradientWithTies
    [1])
  File "C:\ProgramData\Anaconda3\envs\keras\lib\site-packages\tensorflow_core\python\util\deprecation.py", line 324, in new_func
    return func(*args, **kwargs)
  File "C:\ProgramData\Anaconda3\envs\keras\lib\site-packages\tensorflow_core\python\ops\gradient_checker.py", line 394, in compute_gradient_error
    init_targets, extra_feed_dict=extra_feed_dict)
  File "C:\ProgramData\Anaconda3\envs\keras\lib\site-packages\tensorflow_core\python\util\deprecation.py", line 324, in new_func
    return func(*args, **kwargs)
  File "C:\ProgramData\Anaconda3\envs\keras\lib\site-packages\tensorflow_core\python\ops\gradient_checker.py", line 332, in compute_gradient
    dx, dy = _compute_dx_and_dy(x, y, y_shape)
  File "C:\ProgramData\Anaconda3\envs\keras\lib\site-packages\tensorflow_core\python\ops\gradient_checker.py", line 206, in _compute_dx_and_dy
    grads = gradients.gradients(y, x, dy)
  File "C:\ProgramData\Anaconda3\envs\keras\lib\site-packages\tensorflow_core\python\ops\gradients_impl.py", line 158, in gradients
    unconnected_gradients)
  File "C:\ProgramData\Anaconda3\envs\keras\lib\site-packages\tensorflow_core\python\ops\gradients_util.py", line 679, in _GradientsHelper
    lambda: grad_fn(op, *out_grads))
  File "C:\ProgramData\Anaconda3\envs\keras\lib\site-packages\tensorflow_core\python\ops\gradients_util.py", line 350, in _MaybeCompile
    return grad_fn()  # Exit early
  File "C:\ProgramData\Anaconda3\envs\keras\lib\site-packages\tensorflow_core\python\ops\gradients_util.py", line 679, in <lambda>
    lambda: grad_fn(op, *out_grads))
  File "C:\ProgramData\Anaconda3\envs\keras\lib\site-packages\tensorflow_core\python\ops\array_grad.py", line 228, in _ConcatGradV2
    op, grad, start_value_index=0, end_value_index=-1, dim_index=-1)
  File "C:\ProgramData\Anaconda3\envs\keras\lib\site-packages\tensorflow_core\python\ops\array_grad.py", line 141, in _ConcatGradHelper
    sizes = _ExtractInputShapes(input_values)
  File "C:\ProgramData\Anaconda3\envs\keras\lib\site-packages\tensorflow_core\python\ops\array_grad.py", line 97, in _ExtractInputShapes
    sizes.append(input_shape)
AttributeError: 'NoneType' object has no attribute 'append'

----------------------------------------------------------------------
Ran 46 tests in 5.366s

FAILED (errors=4, skipped=14)
