2020-10-07 16:23:06.834317: I tensorflow/stream_executor/platform/default/dso_loader.cc:44] Successfully opened dynamic library cudart64_100.dll
Running tests under Python 3.6.12: C:\ProgramData\Anaconda3\envs\keras\python.exe
[ RUN      ] AbsOpTest.testComplexAbs
2020-10-07 16:23:09.532391: I tensorflow/stream_executor/platform/default/dso_loader.cc:44] Successfully opened dynamic library nvcuda.dll
2020-10-07 16:23:09.651854: I tensorflow/core/common_runtime/gpu/gpu_device.cc:1618] Found device 0 with properties: 
name: GeForce RTX 2080 Ti major: 7 minor: 5 memoryClockRate(GHz): 1.65
pciBusID: 0000:73:00.0
2020-10-07 16:23:09.653566: I tensorflow/stream_executor/platform/default/dso_loader.cc:44] Successfully opened dynamic library cudart64_100.dll
2020-10-07 16:23:09.658095: I tensorflow/stream_executor/platform/default/dso_loader.cc:44] Successfully opened dynamic library cublas64_100.dll
2020-10-07 16:23:09.661520: I tensorflow/stream_executor/platform/default/dso_loader.cc:44] Successfully opened dynamic library cufft64_100.dll
2020-10-07 16:23:09.663211: I tensorflow/stream_executor/platform/default/dso_loader.cc:44] Successfully opened dynamic library curand64_100.dll
2020-10-07 16:23:09.668009: I tensorflow/stream_executor/platform/default/dso_loader.cc:44] Successfully opened dynamic library cusolver64_100.dll
2020-10-07 16:23:09.671246: I tensorflow/stream_executor/platform/default/dso_loader.cc:44] Successfully opened dynamic library cusparse64_100.dll
2020-10-07 16:23:09.680808: I tensorflow/stream_executor/platform/default/dso_loader.cc:44] Successfully opened dynamic library cudnn64_7.dll
2020-10-07 16:23:09.681768: I tensorflow/core/common_runtime/gpu/gpu_device.cc:1746] Adding visible gpu devices: 0
2020-10-07 16:23:09.682419: I tensorflow/core/platform/cpu_feature_guard.cc:142] Your CPU supports instructions that this TensorFlow binary was not compiled to use: AVX2
2020-10-07 16:23:09.696721: I tensorflow/core/common_runtime/gpu/gpu_device.cc:1618] Found device 0 with properties: 
name: GeForce RTX 2080 Ti major: 7 minor: 5 memoryClockRate(GHz): 1.65
pciBusID: 0000:73:00.0
2020-10-07 16:23:09.697273: I tensorflow/stream_executor/platform/default/dso_loader.cc:44] Successfully opened dynamic library cudart64_100.dll
2020-10-07 16:23:09.697616: I tensorflow/stream_executor/platform/default/dso_loader.cc:44] Successfully opened dynamic library cublas64_100.dll
2020-10-07 16:23:09.697959: I tensorflow/stream_executor/platform/default/dso_loader.cc:44] Successfully opened dynamic library cufft64_100.dll
2020-10-07 16:23:09.698303: I tensorflow/stream_executor/platform/default/dso_loader.cc:44] Successfully opened dynamic library curand64_100.dll
2020-10-07 16:23:09.698652: I tensorflow/stream_executor/platform/default/dso_loader.cc:44] Successfully opened dynamic library cusolver64_100.dll
2020-10-07 16:23:09.698995: I tensorflow/stream_executor/platform/default/dso_loader.cc:44] Successfully opened dynamic library cusparse64_100.dll
2020-10-07 16:23:09.699340: I tensorflow/stream_executor/platform/default/dso_loader.cc:44] Successfully opened dynamic library cudnn64_7.dll
2020-10-07 16:23:09.700183: I tensorflow/core/common_runtime/gpu/gpu_device.cc:1746] Adding visible gpu devices: 0
2020-10-07 16:23:10.693832: I tensorflow/core/common_runtime/gpu/gpu_device.cc:1159] Device interconnect StreamExecutor with strength 1 edge matrix:
2020-10-07 16:23:10.694248: I tensorflow/core/common_runtime/gpu/gpu_device.cc:1165]      0 
2020-10-07 16:23:10.694487: I tensorflow/core/common_runtime/gpu/gpu_device.cc:1178] 0:   N 
2020-10-07 16:23:10.695241: I tensorflow/core/common_runtime/gpu/gpu_device.cc:1304] Created TensorFlow device (/job:localhost/replica:0/task:0/device:GPU:0 with 8686 MB memory) -> physical GPU (device: 0, name: GeForce RTX 2080 Ti, pci bus id: 0000:73:00.0, compute capability: 7.5)
WARNING:tensorflow:From math_grad_test.py:183: compute_gradient_error (from tensorflow.python.ops.gradient_checker) is deprecated and will be removed in a future version.
Instructions for updating:
Use tf.test.compute_gradient in 2.0, which has better support for functions. Note that the two versions have different usage, so code change is needed.
W1007 16:23:10.700327 16004 deprecation.py:323] From math_grad_test.py:183: compute_gradient_error (from tensorflow.python.ops.gradient_checker) is deprecated and will be removed in a future version.
Instructions for updating:
Use tf.test.compute_gradient in 2.0, which has better support for functions. Note that the two versions have different usage, so code change is needed.
WARNING:tensorflow:From C:\ProgramData\Anaconda3\envs\keras\lib\site-packages\tensorflow_core\python\ops\gradient_checker.py:394: compute_gradient (from tensorflow.python.ops.gradient_checker) is deprecated and will be removed in a future version.
Instructions for updating:
Use tf.test.compute_gradient in 2.0, which has better support for functions. Note that the two versions have different usage, so code change is needed.
W1007 16:23:10.700327 16004 deprecation.py:323] From C:\ProgramData\Anaconda3\envs\keras\lib\site-packages\tensorflow_core\python\ops\gradient_checker.py:394: compute_gradient (from tensorflow.python.ops.gradient_checker) is deprecated and will be removed in a future version.
Instructions for updating:
Use tf.test.compute_gradient in 2.0, which has better support for functions. Note that the two versions have different usage, so code change is needed.
[       OK ] AbsOpTest.testComplexAbs
[ RUN      ] AbsOpTest.test_session
[  SKIPPED ] AbsOpTest.test_session
[ RUN      ] DivNoNanGradientTest.testBasicGradient
2020-10-07 16:23:11.368502: I tensorflow/core/common_runtime/gpu/gpu_device.cc:1618] Found device 0 with properties: 
name: GeForce RTX 2080 Ti major: 7 minor: 5 memoryClockRate(GHz): 1.65
pciBusID: 0000:73:00.0
2020-10-07 16:23:11.370439: I tensorflow/stream_executor/platform/default/dso_loader.cc:44] Successfully opened dynamic library cudart64_100.dll
2020-10-07 16:23:11.371725: I tensorflow/stream_executor/platform/default/dso_loader.cc:44] Successfully opened dynamic library cublas64_100.dll
2020-10-07 16:23:11.373088: I tensorflow/stream_executor/platform/default/dso_loader.cc:44] Successfully opened dynamic library cufft64_100.dll
2020-10-07 16:23:11.374361: I tensorflow/stream_executor/platform/default/dso_loader.cc:44] Successfully opened dynamic library curand64_100.dll
2020-10-07 16:23:11.375645: I tensorflow/stream_executor/platform/default/dso_loader.cc:44] Successfully opened dynamic library cusolver64_100.dll
2020-10-07 16:23:11.376936: I tensorflow/stream_executor/platform/default/dso_loader.cc:44] Successfully opened dynamic library cusparse64_100.dll
2020-10-07 16:23:11.378232: I tensorflow/stream_executor/platform/default/dso_loader.cc:44] Successfully opened dynamic library cudnn64_7.dll
2020-10-07 16:23:11.380202: I tensorflow/core/common_runtime/gpu/gpu_device.cc:1746] Adding visible gpu devices: 0
2020-10-07 16:23:11.381199: I tensorflow/core/common_runtime/gpu/gpu_device.cc:1159] Device interconnect StreamExecutor with strength 1 edge matrix:
2020-10-07 16:23:11.382152: I tensorflow/core/common_runtime/gpu/gpu_device.cc:1165]      0 
2020-10-07 16:23:11.382748: I tensorflow/core/common_runtime/gpu/gpu_device.cc:1178] 0:   N 
2020-10-07 16:23:11.383936: I tensorflow/core/common_runtime/gpu/gpu_device.cc:1304] Created TensorFlow device (/job:localhost/replica:0/task:0/device:GPU:0 with 8686 MB memory) -> physical GPU (device: 0, name: GeForce RTX 2080 Ti, pci bus id: 0000:73:00.0, compute capability: 7.5)
[       OK ] DivNoNanGradientTest.testBasicGradient
[ RUN      ] DivNoNanGradientTest.testGradientWithDenominatorIsZero
2020-10-07 16:23:11.453721: I tensorflow/core/common_runtime/gpu/gpu_device.cc:1618] Found device 0 with properties: 
name: GeForce RTX 2080 Ti major: 7 minor: 5 memoryClockRate(GHz): 1.65
pciBusID: 0000:73:00.0
2020-10-07 16:23:11.455660: I tensorflow/stream_executor/platform/default/dso_loader.cc:44] Successfully opened dynamic library cudart64_100.dll
2020-10-07 16:23:11.456956: I tensorflow/stream_executor/platform/default/dso_loader.cc:44] Successfully opened dynamic library cublas64_100.dll
2020-10-07 16:23:11.458366: I tensorflow/stream_executor/platform/default/dso_loader.cc:44] Successfully opened dynamic library cufft64_100.dll
2020-10-07 16:23:11.459660: I tensorflow/stream_executor/platform/default/dso_loader.cc:44] Successfully opened dynamic library curand64_100.dll
2020-10-07 16:23:11.460946: I tensorflow/stream_executor/platform/default/dso_loader.cc:44] Successfully opened dynamic library cusolver64_100.dll
2020-10-07 16:23:11.461958: I tensorflow/stream_executor/platform/default/dso_loader.cc:44] Successfully opened dynamic library cusparse64_100.dll
2020-10-07 16:23:11.462909: I tensorflow/stream_executor/platform/default/dso_loader.cc:44] Successfully opened dynamic library cudnn64_7.dll
2020-10-07 16:23:11.464371: I tensorflow/core/common_runtime/gpu/gpu_device.cc:1746] Adding visible gpu devices: 0
2020-10-07 16:23:11.465185: I tensorflow/core/common_runtime/gpu/gpu_device.cc:1159] Device interconnect StreamExecutor with strength 1 edge matrix:
2020-10-07 16:23:11.466151: I tensorflow/core/common_runtime/gpu/gpu_device.cc:1165]      0 
2020-10-07 16:23:11.466749: I tensorflow/core/common_runtime/gpu/gpu_device.cc:1178] 0:   N 
2020-10-07 16:23:11.468262: I tensorflow/core/common_runtime/gpu/gpu_device.cc:1304] Created TensorFlow device (/job:localhost/replica:0/task:0/device:GPU:0 with 8686 MB memory) -> physical GPU (device: 0, name: GeForce RTX 2080 Ti, pci bus id: 0000:73:00.0, compute capability: 7.5)
[       OK ] DivNoNanGradientTest.testGradientWithDenominatorIsZero
[ RUN      ] DivNoNanGradientTest.test_session
[  SKIPPED ] DivNoNanGradientTest.test_session
[ RUN      ] FloorModGradientTest.testFloorModGradient
2020-10-07 16:23:11.523304: I tensorflow/core/common_runtime/gpu/gpu_device.cc:1618] Found device 0 with properties: 
name: GeForce RTX 2080 Ti major: 7 minor: 5 memoryClockRate(GHz): 1.65
pciBusID: 0000:73:00.0
2020-10-07 16:23:11.524835: I tensorflow/stream_executor/platform/default/dso_loader.cc:44] Successfully opened dynamic library cudart64_100.dll
2020-10-07 16:23:11.525860: I tensorflow/stream_executor/platform/default/dso_loader.cc:44] Successfully opened dynamic library cublas64_100.dll
2020-10-07 16:23:11.526883: I tensorflow/stream_executor/platform/default/dso_loader.cc:44] Successfully opened dynamic library cufft64_100.dll
2020-10-07 16:23:11.527895: I tensorflow/stream_executor/platform/default/dso_loader.cc:44] Successfully opened dynamic library curand64_100.dll
2020-10-07 16:23:11.528940: I tensorflow/stream_executor/platform/default/dso_loader.cc:44] Successfully opened dynamic library cusolver64_100.dll
2020-10-07 16:23:11.529973: I tensorflow/stream_executor/platform/default/dso_loader.cc:44] Successfully opened dynamic library cusparse64_100.dll
2020-10-07 16:23:11.531022: I tensorflow/stream_executor/platform/default/dso_loader.cc:44] Successfully opened dynamic library cudnn64_7.dll
2020-10-07 16:23:11.532178: I tensorflow/core/common_runtime/gpu/gpu_device.cc:1746] Adding visible gpu devices: 0
2020-10-07 16:23:11.532737: I tensorflow/core/common_runtime/gpu/gpu_device.cc:1159] Device interconnect StreamExecutor with strength 1 edge matrix:
2020-10-07 16:23:11.533387: I tensorflow/core/common_runtime/gpu/gpu_device.cc:1165]      0 
2020-10-07 16:23:11.533794: I tensorflow/core/common_runtime/gpu/gpu_device.cc:1178] 0:   N 
2020-10-07 16:23:11.534651: I tensorflow/core/common_runtime/gpu/gpu_device.cc:1304] Created TensorFlow device (/job:localhost/replica:0/task:0/device:GPU:0 with 8686 MB memory) -> physical GPU (device: 0, name: GeForce RTX 2080 Ti, pci bus id: 0000:73:00.0, compute capability: 7.5)
[       OK ] FloorModGradientTest.testFloorModGradient
[ RUN      ] FloorModGradientTest.test_session
[  SKIPPED ] FloorModGradientTest.test_session
[ RUN      ] MaximumOrMinimumGradientTest.testMaximumGradient
2020-10-07 16:23:11.556001: I tensorflow/core/common_runtime/gpu/gpu_device.cc:1618] Found device 0 with properties: 
name: GeForce RTX 2080 Ti major: 7 minor: 5 memoryClockRate(GHz): 1.65
pciBusID: 0000:73:00.0
2020-10-07 16:23:11.557190: I tensorflow/stream_executor/platform/default/dso_loader.cc:44] Successfully opened dynamic library cudart64_100.dll
2020-10-07 16:23:11.557984: I tensorflow/stream_executor/platform/default/dso_loader.cc:44] Successfully opened dynamic library cublas64_100.dll
2020-10-07 16:23:11.558774: I tensorflow/stream_executor/platform/default/dso_loader.cc:44] Successfully opened dynamic library cufft64_100.dll
2020-10-07 16:23:11.559554: I tensorflow/stream_executor/platform/default/dso_loader.cc:44] Successfully opened dynamic library curand64_100.dll
2020-10-07 16:23:11.560357: I tensorflow/stream_executor/platform/default/dso_loader.cc:44] Successfully opened dynamic library cusolver64_100.dll
2020-10-07 16:23:11.561153: I tensorflow/stream_executor/platform/default/dso_loader.cc:44] Successfully opened dynamic library cusparse64_100.dll
2020-10-07 16:23:11.561908: I tensorflow/stream_executor/platform/default/dso_loader.cc:44] Successfully opened dynamic library cudnn64_7.dll
2020-10-07 16:23:11.562999: I tensorflow/core/common_runtime/gpu/gpu_device.cc:1746] Adding visible gpu devices: 0
2020-10-07 16:23:11.563595: I tensorflow/core/common_runtime/gpu/gpu_device.cc:1159] Device interconnect StreamExecutor with strength 1 edge matrix:
2020-10-07 16:23:11.564292: I tensorflow/core/common_runtime/gpu/gpu_device.cc:1165]      0 
2020-10-07 16:23:11.564727: I tensorflow/core/common_runtime/gpu/gpu_device.cc:1178] 0:   N 
2020-10-07 16:23:11.565627: I tensorflow/core/common_runtime/gpu/gpu_device.cc:1304] Created TensorFlow device (/job:localhost/replica:0/task:0/device:GPU:0 with 8686 MB memory) -> physical GPU (device: 0, name: GeForce RTX 2080 Ti, pci bus id: 0000:73:00.0, compute capability: 7.5)
WARNING:tensorflow:From C:\ProgramData\Anaconda3\envs\keras\lib\site-packages\tensorflow_core\python\ops\math_grad.py:1424: where (from tensorflow.python.ops.array_ops) is deprecated and will be removed in a future version.
Instructions for updating:
Use tf.where in 2.0, which has the same broadcast rule as np.where
W1007 16:23:11.559571 16004 deprecation.py:323] From C:\ProgramData\Anaconda3\envs\keras\lib\site-packages\tensorflow_core\python\ops\math_grad.py:1424: where (from tensorflow.python.ops.array_ops) is deprecated and will be removed in a future version.
Instructions for updating:
Use tf.where in 2.0, which has the same broadcast rule as np.where
[       OK ] MaximumOrMinimumGradientTest.testMaximumGradient
[ RUN      ] MaximumOrMinimumGradientTest.testMinimumGradient
2020-10-07 16:23:11.607751: I tensorflow/core/common_runtime/gpu/gpu_device.cc:1618] Found device 0 with properties: 
name: GeForce RTX 2080 Ti major: 7 minor: 5 memoryClockRate(GHz): 1.65
pciBusID: 0000:73:00.0
2020-10-07 16:23:11.609682: I tensorflow/stream_executor/platform/default/dso_loader.cc:44] Successfully opened dynamic library cudart64_100.dll
2020-10-07 16:23:11.610967: I tensorflow/stream_executor/platform/default/dso_loader.cc:44] Successfully opened dynamic library cublas64_100.dll
2020-10-07 16:23:11.612247: I tensorflow/stream_executor/platform/default/dso_loader.cc:44] Successfully opened dynamic library cufft64_100.dll
2020-10-07 16:23:11.613516: I tensorflow/stream_executor/platform/default/dso_loader.cc:44] Successfully opened dynamic library curand64_100.dll
2020-10-07 16:23:11.614792: I tensorflow/stream_executor/platform/default/dso_loader.cc:44] Successfully opened dynamic library cusolver64_100.dll
2020-10-07 16:23:11.616082: I tensorflow/stream_executor/platform/default/dso_loader.cc:44] Successfully opened dynamic library cusparse64_100.dll
2020-10-07 16:23:11.617375: I tensorflow/stream_executor/platform/default/dso_loader.cc:44] Successfully opened dynamic library cudnn64_7.dll
2020-10-07 16:23:11.619353: I tensorflow/core/common_runtime/gpu/gpu_device.cc:1746] Adding visible gpu devices: 0
2020-10-07 16:23:11.620466: I tensorflow/core/common_runtime/gpu/gpu_device.cc:1159] Device interconnect StreamExecutor with strength 1 edge matrix:
2020-10-07 16:23:11.621770: I tensorflow/core/common_runtime/gpu/gpu_device.cc:1165]      0 
2020-10-07 16:23:11.622435: I tensorflow/core/common_runtime/gpu/gpu_device.cc:1178] 0:   N 
2020-10-07 16:23:11.623544: I tensorflow/core/common_runtime/gpu/gpu_device.cc:1304] Created TensorFlow device (/job:localhost/replica:0/task:0/device:GPU:0 with 8686 MB memory) -> physical GPU (device: 0, name: GeForce RTX 2080 Ti, pci bus id: 0000:73:00.0, compute capability: 7.5)
[       OK ] MaximumOrMinimumGradientTest.testMinimumGradient
[ RUN      ] MaximumOrMinimumGradientTest.test_session
[  SKIPPED ] MaximumOrMinimumGradientTest.test_session
[ RUN      ] MinOrMaxGradientTest.testMaxGradient
2020-10-07 16:23:11.673282: I tensorflow/core/common_runtime/gpu/gpu_device.cc:1618] Found device 0 with properties: 
name: GeForce RTX 2080 Ti major: 7 minor: 5 memoryClockRate(GHz): 1.65
pciBusID: 0000:73:00.0
2020-10-07 16:23:11.675195: I tensorflow/stream_executor/platform/default/dso_loader.cc:44] Successfully opened dynamic library cudart64_100.dll
2020-10-07 16:23:11.676489: I tensorflow/stream_executor/platform/default/dso_loader.cc:44] Successfully opened dynamic library cublas64_100.dll
2020-10-07 16:23:11.677776: I tensorflow/stream_executor/platform/default/dso_loader.cc:44] Successfully opened dynamic library cufft64_100.dll
2020-10-07 16:23:11.679052: I tensorflow/stream_executor/platform/default/dso_loader.cc:44] Successfully opened dynamic library curand64_100.dll
2020-10-07 16:23:11.680338: I tensorflow/stream_executor/platform/default/dso_loader.cc:44] Successfully opened dynamic library cusolver64_100.dll
2020-10-07 16:23:11.681642: I tensorflow/stream_executor/platform/default/dso_loader.cc:44] Successfully opened dynamic library cusparse64_100.dll
2020-10-07 16:23:11.682908: I tensorflow/stream_executor/platform/default/dso_loader.cc:44] Successfully opened dynamic library cudnn64_7.dll
2020-10-07 16:23:11.684332: I tensorflow/core/common_runtime/gpu/gpu_device.cc:1746] Adding visible gpu devices: 0
2020-10-07 16:23:11.685150: I tensorflow/core/common_runtime/gpu/gpu_device.cc:1159] Device interconnect StreamExecutor with strength 1 edge matrix:
2020-10-07 16:23:11.686106: I tensorflow/core/common_runtime/gpu/gpu_device.cc:1165]      0 
2020-10-07 16:23:11.686704: I tensorflow/core/common_runtime/gpu/gpu_device.cc:1178] 0:   N 
2020-10-07 16:23:11.687886: I tensorflow/core/common_runtime/gpu/gpu_device.cc:1304] Created TensorFlow device (/job:localhost/replica:0/task:0/device:GPU:0 with 8686 MB memory) -> physical GPU (device: 0, name: GeForce RTX 2080 Ti, pci bus id: 0000:73:00.0, compute capability: 7.5)
[  FAILED  ] MinOrMaxGradientTest.testMaxGradient
[ RUN      ] MinOrMaxGradientTest.testMinGradient
2020-10-07 16:23:11.740787: I tensorflow/core/common_runtime/gpu/gpu_device.cc:1618] Found device 0 with properties: 
name: GeForce RTX 2080 Ti major: 7 minor: 5 memoryClockRate(GHz): 1.65
pciBusID: 0000:73:00.0
2020-10-07 16:23:11.742482: I tensorflow/stream_executor/platform/default/dso_loader.cc:44] Successfully opened dynamic library cudart64_100.dll
2020-10-07 16:23:11.743407: I tensorflow/stream_executor/platform/default/dso_loader.cc:44] Successfully opened dynamic library cublas64_100.dll
2020-10-07 16:23:11.744202: I tensorflow/stream_executor/platform/default/dso_loader.cc:44] Successfully opened dynamic library cufft64_100.dll
2020-10-07 16:23:11.744984: I tensorflow/stream_executor/platform/default/dso_loader.cc:44] Successfully opened dynamic library curand64_100.dll
2020-10-07 16:23:11.745767: I tensorflow/stream_executor/platform/default/dso_loader.cc:44] Successfully opened dynamic library cusolver64_100.dll
2020-10-07 16:23:11.746559: I tensorflow/stream_executor/platform/default/dso_loader.cc:44] Successfully opened dynamic library cusparse64_100.dll
2020-10-07 16:23:11.747357: I tensorflow/stream_executor/platform/default/dso_loader.cc:44] Successfully opened dynamic library cudnn64_7.dll
2020-10-07 16:23:11.748567: I tensorflow/core/common_runtime/gpu/gpu_device.cc:1746] Adding visible gpu devices: 0
2020-10-07 16:23:11.749255: I tensorflow/core/common_runtime/gpu/gpu_device.cc:1159] Device interconnect StreamExecutor with strength 1 edge matrix:
2020-10-07 16:23:11.750074: I tensorflow/core/common_runtime/gpu/gpu_device.cc:1165]      0 
2020-10-07 16:23:11.750582: I tensorflow/core/common_runtime/gpu/gpu_device.cc:1178] 0:   N 
2020-10-07 16:23:11.751663: I tensorflow/core/common_runtime/gpu/gpu_device.cc:1304] Created TensorFlow device (/job:localhost/replica:0/task:0/device:GPU:0 with 8686 MB memory) -> physical GPU (device: 0, name: GeForce RTX 2080 Ti, pci bus id: 0000:73:00.0, compute capability: 7.5)
[  FAILED  ] MinOrMaxGradientTest.testMinGradient
[ RUN      ] MinOrMaxGradientTest.test_session
[  SKIPPED ] MinOrMaxGradientTest.test_session
[ RUN      ] MulNoNanGradientTest.testBasicGradient
2020-10-07 16:23:11.771229: I tensorflow/core/common_runtime/gpu/gpu_device.cc:1618] Found device 0 with properties: 
name: GeForce RTX 2080 Ti major: 7 minor: 5 memoryClockRate(GHz): 1.65
pciBusID: 0000:73:00.0
2020-10-07 16:23:11.771745: I tensorflow/stream_executor/platform/default/dso_loader.cc:44] Successfully opened dynamic library cudart64_100.dll
2020-10-07 16:23:11.772092: I tensorflow/stream_executor/platform/default/dso_loader.cc:44] Successfully opened dynamic library cublas64_100.dll
2020-10-07 16:23:11.772433: I tensorflow/stream_executor/platform/default/dso_loader.cc:44] Successfully opened dynamic library cufft64_100.dll
2020-10-07 16:23:11.772770: I tensorflow/stream_executor/platform/default/dso_loader.cc:44] Successfully opened dynamic library curand64_100.dll
2020-10-07 16:23:11.773158: I tensorflow/stream_executor/platform/default/dso_loader.cc:44] Successfully opened dynamic library cusolver64_100.dll
2020-10-07 16:23:11.773530: I tensorflow/stream_executor/platform/default/dso_loader.cc:44] Successfully opened dynamic library cusparse64_100.dll
2020-10-07 16:23:11.773902: I tensorflow/stream_executor/platform/default/dso_loader.cc:44] Successfully opened dynamic library cudnn64_7.dll
2020-10-07 16:23:11.774471: I tensorflow/core/common_runtime/gpu/gpu_device.cc:1746] Adding visible gpu devices: 0
2020-10-07 16:23:11.774771: I tensorflow/core/common_runtime/gpu/gpu_device.cc:1159] Device interconnect StreamExecutor with strength 1 edge matrix:
2020-10-07 16:23:11.775119: I tensorflow/core/common_runtime/gpu/gpu_device.cc:1165]      0 
2020-10-07 16:23:11.775337: I tensorflow/core/common_runtime/gpu/gpu_device.cc:1178] 0:   N 
2020-10-07 16:23:11.775809: I tensorflow/core/common_runtime/gpu/gpu_device.cc:1304] Created TensorFlow device (/job:localhost/replica:0/task:0/device:GPU:0 with 8686 MB memory) -> physical GPU (device: 0, name: GeForce RTX 2080 Ti, pci bus id: 0000:73:00.0, compute capability: 7.5)
[       OK ] MulNoNanGradientTest.testBasicGradient
[ RUN      ] MulNoNanGradientTest.testGradientWithRhsIsZero
2020-10-07 16:23:11.830012: I tensorflow/core/common_runtime/gpu/gpu_device.cc:1618] Found device 0 with properties: 
name: GeForce RTX 2080 Ti major: 7 minor: 5 memoryClockRate(GHz): 1.65
pciBusID: 0000:73:00.0
2020-10-07 16:23:11.831932: I tensorflow/stream_executor/platform/default/dso_loader.cc:44] Successfully opened dynamic library cudart64_100.dll
2020-10-07 16:23:11.833226: I tensorflow/stream_executor/platform/default/dso_loader.cc:44] Successfully opened dynamic library cublas64_100.dll
2020-10-07 16:23:11.834515: I tensorflow/stream_executor/platform/default/dso_loader.cc:44] Successfully opened dynamic library cufft64_100.dll
2020-10-07 16:23:11.835798: I tensorflow/stream_executor/platform/default/dso_loader.cc:44] Successfully opened dynamic library curand64_100.dll
2020-10-07 16:23:11.837083: I tensorflow/stream_executor/platform/default/dso_loader.cc:44] Successfully opened dynamic library cusolver64_100.dll
2020-10-07 16:23:11.838392: I tensorflow/stream_executor/platform/default/dso_loader.cc:44] Successfully opened dynamic library cusparse64_100.dll
2020-10-07 16:23:11.839700: I tensorflow/stream_executor/platform/default/dso_loader.cc:44] Successfully opened dynamic library cudnn64_7.dll
2020-10-07 16:23:11.841664: I tensorflow/core/common_runtime/gpu/gpu_device.cc:1746] Adding visible gpu devices: 0
2020-10-07 16:23:11.842115: I tensorflow/core/common_runtime/gpu/gpu_device.cc:1159] Device interconnect StreamExecutor with strength 1 edge matrix:
2020-10-07 16:23:11.842614: I tensorflow/core/common_runtime/gpu/gpu_device.cc:1165]      0 
2020-10-07 16:23:11.842926: I tensorflow/core/common_runtime/gpu/gpu_device.cc:1178] 0:   N 
2020-10-07 16:23:11.843725: I tensorflow/core/common_runtime/gpu/gpu_device.cc:1304] Created TensorFlow device (/job:localhost/replica:0/task:0/device:GPU:0 with 8686 MB memory) -> physical GPU (device: 0, name: GeForce RTX 2080 Ti, pci bus id: 0000:73:00.0, compute capability: 7.5)
C:\ProgramData\Anaconda3\envs\keras\lib\site-packages\tensorflow_core\python\framework\test_util.py:2295: RuntimeWarning: invalid value encountered in subtract
  np.abs(a - b) > atol + rtol * np.abs(b),
C:\ProgramData\Anaconda3\envs\keras\lib\site-packages\tensorflow_core\python\framework\test_util.py:2295: RuntimeWarning: invalid value encountered in greater
  np.abs(a - b) > atol + rtol * np.abs(b),
[       OK ] MulNoNanGradientTest.testGradientWithRhsIsZero
[ RUN      ] MulNoNanGradientTest.test_session
[  SKIPPED ] MulNoNanGradientTest.test_session
[ RUN      ] NextAfterTest.testBasic
WARNING:tensorflow:From C:\ProgramData\Anaconda3\envs\keras\lib\contextlib.py:60: TensorFlowTestCase.test_session (from tensorflow.python.framework.test_util) is deprecated and will be removed in a future version.
Instructions for updating:
Use `self.session()` or `self.cached_session()` instead.
W1007 16:23:11.856394 16004 deprecation.py:323] From C:\ProgramData\Anaconda3\envs\keras\lib\contextlib.py:60: TensorFlowTestCase.test_session (from tensorflow.python.framework.test_util) is deprecated and will be removed in a future version.
Instructions for updating:
Use `self.session()` or `self.cached_session()` instead.
2020-10-07 16:23:11.869407: I tensorflow/core/common_runtime/gpu/gpu_device.cc:1618] Found device 0 with properties: 
name: GeForce RTX 2080 Ti major: 7 minor: 5 memoryClockRate(GHz): 1.65
pciBusID: 0000:73:00.0
2020-10-07 16:23:11.871302: I tensorflow/stream_executor/platform/default/dso_loader.cc:44] Successfully opened dynamic library cudart64_100.dll
2020-10-07 16:23:11.872597: I tensorflow/stream_executor/platform/default/dso_loader.cc:44] Successfully opened dynamic library cublas64_100.dll
2020-10-07 16:23:11.873841: I tensorflow/stream_executor/platform/default/dso_loader.cc:44] Successfully opened dynamic library cufft64_100.dll
2020-10-07 16:23:11.874849: I tensorflow/stream_executor/platform/default/dso_loader.cc:44] Successfully opened dynamic library curand64_100.dll
2020-10-07 16:23:11.875886: I tensorflow/stream_executor/platform/default/dso_loader.cc:44] Successfully opened dynamic library cusolver64_100.dll
2020-10-07 16:23:11.876913: I tensorflow/stream_executor/platform/default/dso_loader.cc:44] Successfully opened dynamic library cusparse64_100.dll
2020-10-07 16:23:11.877938: I tensorflow/stream_executor/platform/default/dso_loader.cc:44] Successfully opened dynamic library cudnn64_7.dll
2020-10-07 16:23:11.879506: I tensorflow/core/common_runtime/gpu/gpu_device.cc:1746] Adding visible gpu devices: 0
2020-10-07 16:23:11.880387: I tensorflow/core/common_runtime/gpu/gpu_device.cc:1159] Device interconnect StreamExecutor with strength 1 edge matrix:
2020-10-07 16:23:11.881422: I tensorflow/core/common_runtime/gpu/gpu_device.cc:1165]      0 
2020-10-07 16:23:11.882072: I tensorflow/core/common_runtime/gpu/gpu_device.cc:1178] 0:   N 
2020-10-07 16:23:11.883362: I tensorflow/core/common_runtime/gpu/gpu_device.cc:1304] Created TensorFlow device (/job:localhost/replica:0/task:0/device:GPU:0 with 8686 MB memory) -> physical GPU (device: 0, name: GeForce RTX 2080 Ti, pci bus id: 0000:73:00.0, compute capability: 7.5)
2020-10-07 16:23:11.956631: I tensorflow/core/common_runtime/gpu/gpu_device.cc:1618] Found device 0 with properties: 
name: GeForce RTX 2080 Ti major: 7 minor: 5 memoryClockRate(GHz): 1.65
pciBusID: 0000:73:00.0
2020-10-07 16:23:11.957195: I tensorflow/stream_executor/platform/default/dso_loader.cc:44] Successfully opened dynamic library cudart64_100.dll
2020-10-07 16:23:11.957586: I tensorflow/stream_executor/platform/default/dso_loader.cc:44] Successfully opened dynamic library cublas64_100.dll
2020-10-07 16:23:11.957955: I tensorflow/stream_executor/platform/default/dso_loader.cc:44] Successfully opened dynamic library cufft64_100.dll
2020-10-07 16:23:11.958322: I tensorflow/stream_executor/platform/default/dso_loader.cc:44] Successfully opened dynamic library curand64_100.dll
2020-10-07 16:23:11.958690: I tensorflow/stream_executor/platform/default/dso_loader.cc:44] Successfully opened dynamic library cusolver64_100.dll
2020-10-07 16:23:11.959035: I tensorflow/stream_executor/platform/default/dso_loader.cc:44] Successfully opened dynamic library cusparse64_100.dll
2020-10-07 16:23:11.959381: I tensorflow/stream_executor/platform/default/dso_loader.cc:44] Successfully opened dynamic library cudnn64_7.dll
2020-10-07 16:23:11.959941: I tensorflow/core/common_runtime/gpu/gpu_device.cc:1746] Adding visible gpu devices: 0
2020-10-07 16:23:11.960244: I tensorflow/core/common_runtime/gpu/gpu_device.cc:1159] Device interconnect StreamExecutor with strength 1 edge matrix:
2020-10-07 16:23:11.960639: I tensorflow/core/common_runtime/gpu/gpu_device.cc:1165]      0 
2020-10-07 16:23:11.960876: I tensorflow/core/common_runtime/gpu/gpu_device.cc:1178] 0:   N 
2020-10-07 16:23:11.961386: I tensorflow/core/common_runtime/gpu/gpu_device.cc:1304] Created TensorFlow device (/job:localhost/replica:0/task:0/device:GPU:0 with 8686 MB memory) -> physical GPU (device: 0, name: GeForce RTX 2080 Ti, pci bus id: 0000:73:00.0, compute capability: 7.5)
[       OK ] NextAfterTest.testBasic
[ RUN      ] NextAfterTest.testBroadcastingWithGradientChecker
2020-10-07 16:23:11.994311: I tensorflow/core/common_runtime/gpu/gpu_device.cc:1618] Found device 0 with properties: 
name: GeForce RTX 2080 Ti major: 7 minor: 5 memoryClockRate(GHz): 1.65
pciBusID: 0000:73:00.0
2020-10-07 16:23:11.995998: I tensorflow/stream_executor/platform/default/dso_loader.cc:44] Successfully opened dynamic library cudart64_100.dll
2020-10-07 16:23:11.997144: I tensorflow/stream_executor/platform/default/dso_loader.cc:44] Successfully opened dynamic library cublas64_100.dll
2020-10-07 16:23:11.998281: I tensorflow/stream_executor/platform/default/dso_loader.cc:44] Successfully opened dynamic library cufft64_100.dll
2020-10-07 16:23:11.999411: I tensorflow/stream_executor/platform/default/dso_loader.cc:44] Successfully opened dynamic library curand64_100.dll
2020-10-07 16:23:12.000542: I tensorflow/stream_executor/platform/default/dso_loader.cc:44] Successfully opened dynamic library cusolver64_100.dll
2020-10-07 16:23:12.001686: I tensorflow/stream_executor/platform/default/dso_loader.cc:44] Successfully opened dynamic library cusparse64_100.dll
2020-10-07 16:23:12.002828: I tensorflow/stream_executor/platform/default/dso_loader.cc:44] Successfully opened dynamic library cudnn64_7.dll
2020-10-07 16:23:12.004380: I tensorflow/core/common_runtime/gpu/gpu_device.cc:1746] Adding visible gpu devices: 0
2020-10-07 16:23:12.005011: I tensorflow/core/common_runtime/gpu/gpu_device.cc:1159] Device interconnect StreamExecutor with strength 1 edge matrix:
2020-10-07 16:23:12.005753: I tensorflow/core/common_runtime/gpu/gpu_device.cc:1165]      0 
2020-10-07 16:23:12.006234: I tensorflow/core/common_runtime/gpu/gpu_device.cc:1178] 0:   N 
2020-10-07 16:23:12.007185: I tensorflow/core/common_runtime/gpu/gpu_device.cc:1304] Created TensorFlow device (/job:localhost/replica:0/task:0/device:GPU:0 with 8686 MB memory) -> physical GPU (device: 0, name: GeForce RTX 2080 Ti, pci bus id: 0000:73:00.0, compute capability: 7.5)
[       OK ] NextAfterTest.testBroadcastingWithGradientChecker
[ RUN      ] NextAfterTest.testDynamicShapes
2020-10-07 16:23:12.127970: I tensorflow/core/common_runtime/gpu/gpu_device.cc:1618] Found device 0 with properties: 
name: GeForce RTX 2080 Ti major: 7 minor: 5 memoryClockRate(GHz): 1.65
pciBusID: 0000:73:00.0
2020-10-07 16:23:12.128745: I tensorflow/stream_executor/platform/default/dso_loader.cc:44] Successfully opened dynamic library cudart64_100.dll
2020-10-07 16:23:12.129218: I tensorflow/stream_executor/platform/default/dso_loader.cc:44] Successfully opened dynamic library cublas64_100.dll
2020-10-07 16:23:12.129687: I tensorflow/stream_executor/platform/default/dso_loader.cc:44] Successfully opened dynamic library cufft64_100.dll
2020-10-07 16:23:12.130151: I tensorflow/stream_executor/platform/default/dso_loader.cc:44] Successfully opened dynamic library curand64_100.dll
2020-10-07 16:23:12.130625: I tensorflow/stream_executor/platform/default/dso_loader.cc:44] Successfully opened dynamic library cusolver64_100.dll
2020-10-07 16:23:12.131095: I tensorflow/stream_executor/platform/default/dso_loader.cc:44] Successfully opened dynamic library cusparse64_100.dll
2020-10-07 16:23:12.131567: I tensorflow/stream_executor/platform/default/dso_loader.cc:44] Successfully opened dynamic library cudnn64_7.dll
2020-10-07 16:23:12.132344: I tensorflow/core/common_runtime/gpu/gpu_device.cc:1746] Adding visible gpu devices: 0
2020-10-07 16:23:12.132756: I tensorflow/core/common_runtime/gpu/gpu_device.cc:1159] Device interconnect StreamExecutor with strength 1 edge matrix:
2020-10-07 16:23:12.133244: I tensorflow/core/common_runtime/gpu/gpu_device.cc:1165]      0 
2020-10-07 16:23:12.133541: I tensorflow/core/common_runtime/gpu/gpu_device.cc:1178] 0:   N 
2020-10-07 16:23:12.134167: I tensorflow/core/common_runtime/gpu/gpu_device.cc:1304] Created TensorFlow device (/job:localhost/replica:0/task:0/device:GPU:0 with 8686 MB memory) -> physical GPU (device: 0, name: GeForce RTX 2080 Ti, pci bus id: 0000:73:00.0, compute capability: 7.5)
[       OK ] NextAfterTest.testDynamicShapes
[ RUN      ] NextAfterTest.testWithGradientChecker
2020-10-07 16:23:12.294095: I tensorflow/core/common_runtime/gpu/gpu_device.cc:1618] Found device 0 with properties: 
name: GeForce RTX 2080 Ti major: 7 minor: 5 memoryClockRate(GHz): 1.65
pciBusID: 0000:73:00.0
2020-10-07 16:23:12.296011: I tensorflow/stream_executor/platform/default/dso_loader.cc:44] Successfully opened dynamic library cudart64_100.dll
2020-10-07 16:23:12.297291: I tensorflow/stream_executor/platform/default/dso_loader.cc:44] Successfully opened dynamic library cublas64_100.dll
2020-10-07 16:23:12.298573: I tensorflow/stream_executor/platform/default/dso_loader.cc:44] Successfully opened dynamic library cufft64_100.dll
2020-10-07 16:23:12.299838: I tensorflow/stream_executor/platform/default/dso_loader.cc:44] Successfully opened dynamic library curand64_100.dll
2020-10-07 16:23:12.301118: I tensorflow/stream_executor/platform/default/dso_loader.cc:44] Successfully opened dynamic library cusolver64_100.dll
2020-10-07 16:23:12.302412: I tensorflow/stream_executor/platform/default/dso_loader.cc:44] Successfully opened dynamic library cusparse64_100.dll
2020-10-07 16:23:12.303712: I tensorflow/stream_executor/platform/default/dso_loader.cc:44] Successfully opened dynamic library cudnn64_7.dll
2020-10-07 16:23:12.305645: I tensorflow/core/common_runtime/gpu/gpu_device.cc:1746] Adding visible gpu devices: 0
2020-10-07 16:23:12.306527: I tensorflow/core/common_runtime/gpu/gpu_device.cc:1159] Device interconnect StreamExecutor with strength 1 edge matrix:
2020-10-07 16:23:12.307478: I tensorflow/core/common_runtime/gpu/gpu_device.cc:1165]      0 
2020-10-07 16:23:12.308088: I tensorflow/core/common_runtime/gpu/gpu_device.cc:1178] 0:   N 
2020-10-07 16:23:12.309284: I tensorflow/core/common_runtime/gpu/gpu_device.cc:1304] Created TensorFlow device (/job:localhost/replica:0/task:0/device:GPU:0 with 8686 MB memory) -> physical GPU (device: 0, name: GeForce RTX 2080 Ti, pci bus id: 0000:73:00.0, compute capability: 7.5)
[       OK ] NextAfterTest.testWithGradientChecker
[ RUN      ] NextAfterTest.test_session
[  SKIPPED ] NextAfterTest.test_session
[ RUN      ] PowGradTest.test_session
[  SKIPPED ] PowGradTest.test_session
[ RUN      ] PowGradTest.test_zero_grad_tape
2020-10-07 16:23:12.444585: I tensorflow/core/common_runtime/gpu/gpu_device.cc:1618] Found device 0 with properties: 
name: GeForce RTX 2080 Ti major: 7 minor: 5 memoryClockRate(GHz): 1.65
pciBusID: 0000:73:00.0
2020-10-07 16:23:12.445115: I tensorflow/stream_executor/platform/default/dso_loader.cc:44] Successfully opened dynamic library cudart64_100.dll
2020-10-07 16:23:12.445461: I tensorflow/stream_executor/platform/default/dso_loader.cc:44] Successfully opened dynamic library cublas64_100.dll
2020-10-07 16:23:12.445841: I tensorflow/stream_executor/platform/default/dso_loader.cc:44] Successfully opened dynamic library cufft64_100.dll
2020-10-07 16:23:12.446201: I tensorflow/stream_executor/platform/default/dso_loader.cc:44] Successfully opened dynamic library curand64_100.dll
2020-10-07 16:23:12.446573: I tensorflow/stream_executor/platform/default/dso_loader.cc:44] Successfully opened dynamic library cusolver64_100.dll
2020-10-07 16:23:12.446940: I tensorflow/stream_executor/platform/default/dso_loader.cc:44] Successfully opened dynamic library cusparse64_100.dll
2020-10-07 16:23:12.447316: I tensorflow/stream_executor/platform/default/dso_loader.cc:44] Successfully opened dynamic library cudnn64_7.dll
2020-10-07 16:23:12.447910: I tensorflow/core/common_runtime/gpu/gpu_device.cc:1746] Adding visible gpu devices: 0
2020-10-07 16:23:12.448233: I tensorflow/core/common_runtime/gpu/gpu_device.cc:1159] Device interconnect StreamExecutor with strength 1 edge matrix:
2020-10-07 16:23:12.448607: I tensorflow/core/common_runtime/gpu/gpu_device.cc:1165]      0 
2020-10-07 16:23:12.448825: I tensorflow/core/common_runtime/gpu/gpu_device.cc:1178] 0:   N 
2020-10-07 16:23:12.449304: I tensorflow/core/common_runtime/gpu/gpu_device.cc:1304] Created TensorFlow device (/job:localhost/replica:0/task:0/device:GPU:0 with 8686 MB memory) -> physical GPU (device: 0, name: GeForce RTX 2080 Ti, pci bus id: 0000:73:00.0, compute capability: 7.5)
[       OK ] PowGradTest.test_zero_grad_tape
[ RUN      ] PowGradTest.test_zero_grad_tf_gradients
2020-10-07 16:23:12.467007: I tensorflow/core/common_runtime/gpu/gpu_device.cc:1618] Found device 0 with properties: 
name: GeForce RTX 2080 Ti major: 7 minor: 5 memoryClockRate(GHz): 1.65
pciBusID: 0000:73:00.0
2020-10-07 16:23:12.467561: I tensorflow/stream_executor/platform/default/dso_loader.cc:44] Successfully opened dynamic library cudart64_100.dll
2020-10-07 16:23:12.467937: I tensorflow/stream_executor/platform/default/dso_loader.cc:44] Successfully opened dynamic library cublas64_100.dll
2020-10-07 16:23:12.468305: I tensorflow/stream_executor/platform/default/dso_loader.cc:44] Successfully opened dynamic library cufft64_100.dll
2020-10-07 16:23:12.468668: I tensorflow/stream_executor/platform/default/dso_loader.cc:44] Successfully opened dynamic library curand64_100.dll
2020-10-07 16:23:12.469023: I tensorflow/stream_executor/platform/default/dso_loader.cc:44] Successfully opened dynamic library cusolver64_100.dll
2020-10-07 16:23:12.469368: I tensorflow/stream_executor/platform/default/dso_loader.cc:44] Successfully opened dynamic library cusparse64_100.dll
2020-10-07 16:23:12.469713: I tensorflow/stream_executor/platform/default/dso_loader.cc:44] Successfully opened dynamic library cudnn64_7.dll
2020-10-07 16:23:12.470269: I tensorflow/core/common_runtime/gpu/gpu_device.cc:1746] Adding visible gpu devices: 0
2020-10-07 16:23:12.470595: I tensorflow/core/common_runtime/gpu/gpu_device.cc:1159] Device interconnect StreamExecutor with strength 1 edge matrix:
2020-10-07 16:23:12.470970: I tensorflow/core/common_runtime/gpu/gpu_device.cc:1165]      0 
2020-10-07 16:23:12.471205: I tensorflow/core/common_runtime/gpu/gpu_device.cc:1178] 0:   N 
2020-10-07 16:23:12.471707: I tensorflow/core/common_runtime/gpu/gpu_device.cc:1304] Created TensorFlow device (/job:localhost/replica:0/task:0/device:GPU:0 with 8686 MB memory) -> physical GPU (device: 0, name: GeForce RTX 2080 Ti, pci bus id: 0000:73:00.0, compute capability: 7.5)
[  SKIPPED ] PowGradTest.test_zero_grad_tf_gradients
[ RUN      ] ProdGradientTest.testProdGradient
2020-10-07 16:23:12.497373: I tensorflow/core/common_runtime/gpu/gpu_device.cc:1618] Found device 0 with properties: 
name: GeForce RTX 2080 Ti major: 7 minor: 5 memoryClockRate(GHz): 1.65
pciBusID: 0000:73:00.0
2020-10-07 16:23:12.499269: I tensorflow/stream_executor/platform/default/dso_loader.cc:44] Successfully opened dynamic library cudart64_100.dll
2020-10-07 16:23:12.500553: I tensorflow/stream_executor/platform/default/dso_loader.cc:44] Successfully opened dynamic library cublas64_100.dll
2020-10-07 16:23:12.501834: I tensorflow/stream_executor/platform/default/dso_loader.cc:44] Successfully opened dynamic library cufft64_100.dll
2020-10-07 16:23:12.503109: I tensorflow/stream_executor/platform/default/dso_loader.cc:44] Successfully opened dynamic library curand64_100.dll
2020-10-07 16:23:12.504388: I tensorflow/stream_executor/platform/default/dso_loader.cc:44] Successfully opened dynamic library cusolver64_100.dll
2020-10-07 16:23:12.505682: I tensorflow/stream_executor/platform/default/dso_loader.cc:44] Successfully opened dynamic library cusparse64_100.dll
2020-10-07 16:23:12.506974: I tensorflow/stream_executor/platform/default/dso_loader.cc:44] Successfully opened dynamic library cudnn64_7.dll
2020-10-07 16:23:12.508692: I tensorflow/core/common_runtime/gpu/gpu_device.cc:1746] Adding visible gpu devices: 0
2020-10-07 16:23:12.509573: I tensorflow/core/common_runtime/gpu/gpu_device.cc:1159] Device interconnect StreamExecutor with strength 1 edge matrix:
2020-10-07 16:23:12.510614: I tensorflow/core/common_runtime/gpu/gpu_device.cc:1165]      0 
2020-10-07 16:23:12.511265: I tensorflow/core/common_runtime/gpu/gpu_device.cc:1178] 0:   N 
2020-10-07 16:23:12.512558: I tensorflow/core/common_runtime/gpu/gpu_device.cc:1304] Created TensorFlow device (/job:localhost/replica:0/task:0/device:GPU:0 with 8686 MB memory) -> physical GPU (device: 0, name: GeForce RTX 2080 Ti, pci bus id: 0000:73:00.0, compute capability: 7.5)
WARNING:tensorflow:From C:\ProgramData\Anaconda3\envs\keras\lib\site-packages\tensorflow_core\python\ops\math_grad.py:281: setdiff1d (from tensorflow.python.ops.array_ops) is deprecated and will be removed after 2018-11-30.
Instructions for updating:
This op will be removed after the deprecation date. Please switch to tf.sets.difference().
W1007 16:23:12.528133 16004 deprecation.py:323] From C:\ProgramData\Anaconda3\envs\keras\lib\site-packages\tensorflow_core\python\ops\math_grad.py:281: setdiff1d (from tensorflow.python.ops.array_ops) is deprecated and will be removed after 2018-11-30.
Instructions for updating:
This op will be removed after the deprecation date. Please switch to tf.sets.difference().
[       OK ] ProdGradientTest.testProdGradient
[ RUN      ] ProdGradientTest.testProdGradientComplex
2020-10-07 16:23:12.575142: I tensorflow/core/common_runtime/gpu/gpu_device.cc:1618] Found device 0 with properties: 
name: GeForce RTX 2080 Ti major: 7 minor: 5 memoryClockRate(GHz): 1.65
pciBusID: 0000:73:00.0
2020-10-07 16:23:12.575803: I tensorflow/stream_executor/platform/default/dso_loader.cc:44] Successfully opened dynamic library cudart64_100.dll
2020-10-07 16:23:12.576236: I tensorflow/stream_executor/platform/default/dso_loader.cc:44] Successfully opened dynamic library cublas64_100.dll
2020-10-07 16:23:12.576630: I tensorflow/stream_executor/platform/default/dso_loader.cc:44] Successfully opened dynamic library cufft64_100.dll
2020-10-07 16:23:12.576977: I tensorflow/stream_executor/platform/default/dso_loader.cc:44] Successfully opened dynamic library curand64_100.dll
2020-10-07 16:23:12.577339: I tensorflow/stream_executor/platform/default/dso_loader.cc:44] Successfully opened dynamic library cusolver64_100.dll
2020-10-07 16:23:12.577717: I tensorflow/stream_executor/platform/default/dso_loader.cc:44] Successfully opened dynamic library cusparse64_100.dll
2020-10-07 16:23:12.578090: I tensorflow/stream_executor/platform/default/dso_loader.cc:44] Successfully opened dynamic library cudnn64_7.dll
2020-10-07 16:23:12.578680: I tensorflow/core/common_runtime/gpu/gpu_device.cc:1746] Adding visible gpu devices: 0
2020-10-07 16:23:12.578982: I tensorflow/core/common_runtime/gpu/gpu_device.cc:1159] Device interconnect StreamExecutor with strength 1 edge matrix:
2020-10-07 16:23:12.579330: I tensorflow/core/common_runtime/gpu/gpu_device.cc:1165]      0 
2020-10-07 16:23:12.579548: I tensorflow/core/common_runtime/gpu/gpu_device.cc:1178] 0:   N 
2020-10-07 16:23:12.580032: I tensorflow/core/common_runtime/gpu/gpu_device.cc:1304] Created TensorFlow device (/job:localhost/replica:0/task:0/device:GPU:0 with 8686 MB memory) -> physical GPU (device: 0, name: GeForce RTX 2080 Ti, pci bus id: 0000:73:00.0, compute capability: 7.5)
[       OK ] ProdGradientTest.testProdGradientComplex
[ RUN      ] ProdGradientTest.testProdGradientForNegativeAxis
2020-10-07 16:23:12.735722: I tensorflow/core/common_runtime/gpu/gpu_device.cc:1618] Found device 0 with properties: 
name: GeForce RTX 2080 Ti major: 7 minor: 5 memoryClockRate(GHz): 1.65
pciBusID: 0000:73:00.0
2020-10-07 16:23:12.736259: I tensorflow/stream_executor/platform/default/dso_loader.cc:44] Successfully opened dynamic library cudart64_100.dll
2020-10-07 16:23:12.736606: I tensorflow/stream_executor/platform/default/dso_loader.cc:44] Successfully opened dynamic library cublas64_100.dll
2020-10-07 16:23:12.736956: I tensorflow/stream_executor/platform/default/dso_loader.cc:44] Successfully opened dynamic library cufft64_100.dll
2020-10-07 16:23:12.737300: I tensorflow/stream_executor/platform/default/dso_loader.cc:44] Successfully opened dynamic library curand64_100.dll
2020-10-07 16:23:12.737646: I tensorflow/stream_executor/platform/default/dso_loader.cc:44] Successfully opened dynamic library cusolver64_100.dll
2020-10-07 16:23:12.737993: I tensorflow/stream_executor/platform/default/dso_loader.cc:44] Successfully opened dynamic library cusparse64_100.dll
2020-10-07 16:23:12.738347: I tensorflow/stream_executor/platform/default/dso_loader.cc:44] Successfully opened dynamic library cudnn64_7.dll
2020-10-07 16:23:12.738919: I tensorflow/core/common_runtime/gpu/gpu_device.cc:1746] Adding visible gpu devices: 0
2020-10-07 16:23:12.739223: I tensorflow/core/common_runtime/gpu/gpu_device.cc:1159] Device interconnect StreamExecutor with strength 1 edge matrix:
2020-10-07 16:23:12.739574: I tensorflow/core/common_runtime/gpu/gpu_device.cc:1165]      0 
2020-10-07 16:23:12.739796: I tensorflow/core/common_runtime/gpu/gpu_device.cc:1178] 0:   N 
2020-10-07 16:23:12.740280: I tensorflow/core/common_runtime/gpu/gpu_device.cc:1304] Created TensorFlow device (/job:localhost/replica:0/task:0/device:GPU:0 with 8686 MB memory) -> physical GPU (device: 0, name: GeForce RTX 2080 Ti, pci bus id: 0000:73:00.0, compute capability: 7.5)
[       OK ] ProdGradientTest.testProdGradientForNegativeAxis
[ RUN      ] ProdGradientTest.testProdGradientForNegativeAxisComplex
2020-10-07 16:23:12.812818: I tensorflow/core/common_runtime/gpu/gpu_device.cc:1618] Found device 0 with properties: 
name: GeForce RTX 2080 Ti major: 7 minor: 5 memoryClockRate(GHz): 1.65
pciBusID: 0000:73:00.0
2020-10-07 16:23:12.813734: I tensorflow/stream_executor/platform/default/dso_loader.cc:44] Successfully opened dynamic library cudart64_100.dll
2020-10-07 16:23:12.814352: I tensorflow/stream_executor/platform/default/dso_loader.cc:44] Successfully opened dynamic library cublas64_100.dll
2020-10-07 16:23:12.814958: I tensorflow/stream_executor/platform/default/dso_loader.cc:44] Successfully opened dynamic library cufft64_100.dll
2020-10-07 16:23:12.815557: I tensorflow/stream_executor/platform/default/dso_loader.cc:44] Successfully opened dynamic library curand64_100.dll
2020-10-07 16:23:12.816161: I tensorflow/stream_executor/platform/default/dso_loader.cc:44] Successfully opened dynamic library cusolver64_100.dll
2020-10-07 16:23:12.816773: I tensorflow/stream_executor/platform/default/dso_loader.cc:44] Successfully opened dynamic library cusparse64_100.dll
2020-10-07 16:23:12.817383: I tensorflow/stream_executor/platform/default/dso_loader.cc:44] Successfully opened dynamic library cudnn64_7.dll
2020-10-07 16:23:12.818936: I tensorflow/core/common_runtime/gpu/gpu_device.cc:1746] Adding visible gpu devices: 0
2020-10-07 16:23:12.819866: I tensorflow/core/common_runtime/gpu/gpu_device.cc:1159] Device interconnect StreamExecutor with strength 1 edge matrix:
2020-10-07 16:23:12.820922: I tensorflow/core/common_runtime/gpu/gpu_device.cc:1165]      0 
2020-10-07 16:23:12.821575: I tensorflow/core/common_runtime/gpu/gpu_device.cc:1178] 0:   N 
2020-10-07 16:23:12.822891: I tensorflow/core/common_runtime/gpu/gpu_device.cc:1304] Created TensorFlow device (/job:localhost/replica:0/task:0/device:GPU:0 with 8686 MB memory) -> physical GPU (device: 0, name: GeForce RTX 2080 Ti, pci bus id: 0000:73:00.0, compute capability: 7.5)
[       OK ] ProdGradientTest.testProdGradientForNegativeAxisComplex
[ RUN      ] ProdGradientTest.test_session
[  SKIPPED ] ProdGradientTest.test_session
[ RUN      ] SegmentMinOrMaxGradientTest.testSegmentMaxGradient
2020-10-07 16:23:12.983252: I tensorflow/core/common_runtime/gpu/gpu_device.cc:1618] Found device 0 with properties: 
name: GeForce RTX 2080 Ti major: 7 minor: 5 memoryClockRate(GHz): 1.65
pciBusID: 0000:73:00.0
2020-10-07 16:23:12.984787: I tensorflow/stream_executor/platform/default/dso_loader.cc:44] Successfully opened dynamic library cudart64_100.dll
2020-10-07 16:23:12.985818: I tensorflow/stream_executor/platform/default/dso_loader.cc:44] Successfully opened dynamic library cublas64_100.dll
2020-10-07 16:23:12.986846: I tensorflow/stream_executor/platform/default/dso_loader.cc:44] Successfully opened dynamic library cufft64_100.dll
2020-10-07 16:23:12.987869: I tensorflow/stream_executor/platform/default/dso_loader.cc:44] Successfully opened dynamic library curand64_100.dll
2020-10-07 16:23:12.988889: I tensorflow/stream_executor/platform/default/dso_loader.cc:44] Successfully opened dynamic library cusolver64_100.dll
2020-10-07 16:23:12.989924: I tensorflow/stream_executor/platform/default/dso_loader.cc:44] Successfully opened dynamic library cusparse64_100.dll
2020-10-07 16:23:12.990661: I tensorflow/stream_executor/platform/default/dso_loader.cc:44] Successfully opened dynamic library cudnn64_7.dll
2020-10-07 16:23:12.991659: I tensorflow/core/common_runtime/gpu/gpu_device.cc:1746] Adding visible gpu devices: 0
2020-10-07 16:23:12.992213: I tensorflow/core/common_runtime/gpu/gpu_device.cc:1159] Device interconnect StreamExecutor with strength 1 edge matrix:
2020-10-07 16:23:12.992865: I tensorflow/core/common_runtime/gpu/gpu_device.cc:1165]      0 
2020-10-07 16:23:12.993272: I tensorflow/core/common_runtime/gpu/gpu_device.cc:1178] 0:   N 
2020-10-07 16:23:12.994119: I tensorflow/core/common_runtime/gpu/gpu_device.cc:1304] Created TensorFlow device (/job:localhost/replica:0/task:0/device:GPU:0 with 8686 MB memory) -> physical GPU (device: 0, name: GeForce RTX 2080 Ti, pci bus id: 0000:73:00.0, compute capability: 7.5)
[       OK ] SegmentMinOrMaxGradientTest.testSegmentMaxGradient
[ RUN      ] SegmentMinOrMaxGradientTest.testSegmentMaxGradientWithTies
2020-10-07 16:23:13.015355: I tensorflow/core/common_runtime/gpu/gpu_device.cc:1618] Found device 0 with properties: 
name: GeForce RTX 2080 Ti major: 7 minor: 5 memoryClockRate(GHz): 1.65
pciBusID: 0000:73:00.0
2020-10-07 16:23:13.015881: I tensorflow/stream_executor/platform/default/dso_loader.cc:44] Successfully opened dynamic library cudart64_100.dll
2020-10-07 16:23:13.016229: I tensorflow/stream_executor/platform/default/dso_loader.cc:44] Successfully opened dynamic library cublas64_100.dll
2020-10-07 16:23:13.016574: I tensorflow/stream_executor/platform/default/dso_loader.cc:44] Successfully opened dynamic library cufft64_100.dll
2020-10-07 16:23:13.016913: I tensorflow/stream_executor/platform/default/dso_loader.cc:44] Successfully opened dynamic library curand64_100.dll
2020-10-07 16:23:13.017266: I tensorflow/stream_executor/platform/default/dso_loader.cc:44] Successfully opened dynamic library cusolver64_100.dll
2020-10-07 16:23:13.017613: I tensorflow/stream_executor/platform/default/dso_loader.cc:44] Successfully opened dynamic library cusparse64_100.dll
2020-10-07 16:23:13.017971: I tensorflow/stream_executor/platform/default/dso_loader.cc:44] Successfully opened dynamic library cudnn64_7.dll
2020-10-07 16:23:13.018533: I tensorflow/core/common_runtime/gpu/gpu_device.cc:1746] Adding visible gpu devices: 0
2020-10-07 16:23:13.018835: I tensorflow/core/common_runtime/gpu/gpu_device.cc:1159] Device interconnect StreamExecutor with strength 1 edge matrix:
2020-10-07 16:23:13.019184: I tensorflow/core/common_runtime/gpu/gpu_device.cc:1165]      0 
2020-10-07 16:23:13.019402: I tensorflow/core/common_runtime/gpu/gpu_device.cc:1178] 0:   N 
2020-10-07 16:23:13.019905: I tensorflow/core/common_runtime/gpu/gpu_device.cc:1304] Created TensorFlow device (/job:localhost/replica:0/task:0/device:GPU:0 with 8686 MB memory) -> physical GPU (device: 0, name: GeForce RTX 2080 Ti, pci bus id: 0000:73:00.0, compute capability: 7.5)
[  FAILED  ] SegmentMinOrMaxGradientTest.testSegmentMaxGradientWithTies
[ RUN      ] SegmentMinOrMaxGradientTest.testSegmentMinGradient
2020-10-07 16:23:13.029854: I tensorflow/core/common_runtime/gpu/gpu_device.cc:1618] Found device 0 with properties: 
name: GeForce RTX 2080 Ti major: 7 minor: 5 memoryClockRate(GHz): 1.65
pciBusID: 0000:73:00.0
2020-10-07 16:23:13.030417: I tensorflow/stream_executor/platform/default/dso_loader.cc:44] Successfully opened dynamic library cudart64_100.dll
2020-10-07 16:23:13.030791: I tensorflow/stream_executor/platform/default/dso_loader.cc:44] Successfully opened dynamic library cublas64_100.dll
2020-10-07 16:23:13.031136: I tensorflow/stream_executor/platform/default/dso_loader.cc:44] Successfully opened dynamic library cufft64_100.dll
2020-10-07 16:23:13.031476: I tensorflow/stream_executor/platform/default/dso_loader.cc:44] Successfully opened dynamic library curand64_100.dll
2020-10-07 16:23:13.031817: I tensorflow/stream_executor/platform/default/dso_loader.cc:44] Successfully opened dynamic library cusolver64_100.dll
2020-10-07 16:23:13.032162: I tensorflow/stream_executor/platform/default/dso_loader.cc:44] Successfully opened dynamic library cusparse64_100.dll
2020-10-07 16:23:13.032507: I tensorflow/stream_executor/platform/default/dso_loader.cc:44] Successfully opened dynamic library cudnn64_7.dll
2020-10-07 16:23:13.033066: I tensorflow/core/common_runtime/gpu/gpu_device.cc:1746] Adding visible gpu devices: 0
2020-10-07 16:23:13.033365: I tensorflow/core/common_runtime/gpu/gpu_device.cc:1159] Device interconnect StreamExecutor with strength 1 edge matrix:
2020-10-07 16:23:13.033716: I tensorflow/core/common_runtime/gpu/gpu_device.cc:1165]      0 
2020-10-07 16:23:13.033934: I tensorflow/core/common_runtime/gpu/gpu_device.cc:1178] 0:   N 
2020-10-07 16:23:13.034437: I tensorflow/core/common_runtime/gpu/gpu_device.cc:1304] Created TensorFlow device (/job:localhost/replica:0/task:0/device:GPU:0 with 8686 MB memory) -> physical GPU (device: 0, name: GeForce RTX 2080 Ti, pci bus id: 0000:73:00.0, compute capability: 7.5)
[       OK ] SegmentMinOrMaxGradientTest.testSegmentMinGradient
[ RUN      ] SegmentMinOrMaxGradientTest.testSegmentMinGradientWithTies
2020-10-07 16:23:13.063582: I tensorflow/core/common_runtime/gpu/gpu_device.cc:1618] Found device 0 with properties: 
name: GeForce RTX 2080 Ti major: 7 minor: 5 memoryClockRate(GHz): 1.65
pciBusID: 0000:73:00.0
2020-10-07 16:23:13.065488: I tensorflow/stream_executor/platform/default/dso_loader.cc:44] Successfully opened dynamic library cudart64_100.dll
2020-10-07 16:23:13.066778: I tensorflow/stream_executor/platform/default/dso_loader.cc:44] Successfully opened dynamic library cublas64_100.dll
2020-10-07 16:23:13.068053: I tensorflow/stream_executor/platform/default/dso_loader.cc:44] Successfully opened dynamic library cufft64_100.dll
2020-10-07 16:23:13.069319: I tensorflow/stream_executor/platform/default/dso_loader.cc:44] Successfully opened dynamic library curand64_100.dll
2020-10-07 16:23:13.070559: I tensorflow/stream_executor/platform/default/dso_loader.cc:44] Successfully opened dynamic library cusolver64_100.dll
2020-10-07 16:23:13.071603: I tensorflow/stream_executor/platform/default/dso_loader.cc:44] Successfully opened dynamic library cusparse64_100.dll
2020-10-07 16:23:13.072637: I tensorflow/stream_executor/platform/default/dso_loader.cc:44] Successfully opened dynamic library cudnn64_7.dll
2020-10-07 16:23:13.074198: I tensorflow/core/common_runtime/gpu/gpu_device.cc:1746] Adding visible gpu devices: 0
2020-10-07 16:23:13.075091: I tensorflow/core/common_runtime/gpu/gpu_device.cc:1159] Device interconnect StreamExecutor with strength 1 edge matrix:
2020-10-07 16:23:13.076135: I tensorflow/core/common_runtime/gpu/gpu_device.cc:1165]      0 
2020-10-07 16:23:13.076796: I tensorflow/core/common_runtime/gpu/gpu_device.cc:1178] 0:   N 
2020-10-07 16:23:13.078096: I tensorflow/core/common_runtime/gpu/gpu_device.cc:1304] Created TensorFlow device (/job:localhost/replica:0/task:0/device:GPU:0 with 8686 MB memory) -> physical GPU (device: 0, name: GeForce RTX 2080 Ti, pci bus id: 0000:73:00.0, compute capability: 7.5)
[  FAILED  ] SegmentMinOrMaxGradientTest.testSegmentMinGradientWithTies
[ RUN      ] SegmentMinOrMaxGradientTest.test_session
[  SKIPPED ] SegmentMinOrMaxGradientTest.test_session
[ RUN      ] SquaredDifferenceOpTest.testGrad
2020-10-07 16:23:13.092913: I tensorflow/core/common_runtime/gpu/gpu_device.cc:1618] Found device 0 with properties: 
name: GeForce RTX 2080 Ti major: 7 minor: 5 memoryClockRate(GHz): 1.65
pciBusID: 0000:73:00.0
2020-10-07 16:23:13.093467: I tensorflow/stream_executor/platform/default/dso_loader.cc:44] Successfully opened dynamic library cudart64_100.dll
2020-10-07 16:23:13.093837: I tensorflow/stream_executor/platform/default/dso_loader.cc:44] Successfully opened dynamic library cublas64_100.dll
2020-10-07 16:23:13.094207: I tensorflow/stream_executor/platform/default/dso_loader.cc:44] Successfully opened dynamic library cufft64_100.dll
2020-10-07 16:23:13.094572: I tensorflow/stream_executor/platform/default/dso_loader.cc:44] Successfully opened dynamic library curand64_100.dll
2020-10-07 16:23:13.094933: I tensorflow/stream_executor/platform/default/dso_loader.cc:44] Successfully opened dynamic library cusolver64_100.dll
2020-10-07 16:23:13.095280: I tensorflow/stream_executor/platform/default/dso_loader.cc:44] Successfully opened dynamic library cusparse64_100.dll
2020-10-07 16:23:13.095625: I tensorflow/stream_executor/platform/default/dso_loader.cc:44] Successfully opened dynamic library cudnn64_7.dll
2020-10-07 16:23:13.096178: I tensorflow/core/common_runtime/gpu/gpu_device.cc:1746] Adding visible gpu devices: 0
2020-10-07 16:23:13.096476: I tensorflow/core/common_runtime/gpu/gpu_device.cc:1159] Device interconnect StreamExecutor with strength 1 edge matrix:
2020-10-07 16:23:13.096825: I tensorflow/core/common_runtime/gpu/gpu_device.cc:1165]      0 
2020-10-07 16:23:13.097043: I tensorflow/core/common_runtime/gpu/gpu_device.cc:1178] 0:   N 
2020-10-07 16:23:13.097525: I tensorflow/core/common_runtime/gpu/gpu_device.cc:1304] Created TensorFlow device (/job:localhost/replica:0/task:0/device:GPU:0 with 8686 MB memory) -> physical GPU (device: 0, name: GeForce RTX 2080 Ti, pci bus id: 0000:73:00.0, compute capability: 7.5)
[       OK ] SquaredDifferenceOpTest.testGrad
[ RUN      ] SquaredDifferenceOpTest.test_session
[  SKIPPED ] SquaredDifferenceOpTest.test_session
[ RUN      ] XdivyTest.testNonZeroValuesGrad
2020-10-07 16:23:13.480300: I tensorflow/core/common_runtime/gpu/gpu_device.cc:1618] Found device 0 with properties: 
name: GeForce RTX 2080 Ti major: 7 minor: 5 memoryClockRate(GHz): 1.65
pciBusID: 0000:73:00.0
2020-10-07 16:23:13.480860: I tensorflow/stream_executor/platform/default/dso_loader.cc:44] Successfully opened dynamic library cudart64_100.dll
2020-10-07 16:23:13.481322: I tensorflow/stream_executor/platform/default/dso_loader.cc:44] Successfully opened dynamic library cublas64_100.dll
2020-10-07 16:23:13.481758: I tensorflow/stream_executor/platform/default/dso_loader.cc:44] Successfully opened dynamic library cufft64_100.dll
2020-10-07 16:23:13.482205: I tensorflow/stream_executor/platform/default/dso_loader.cc:44] Successfully opened dynamic library curand64_100.dll
2020-10-07 16:23:13.482580: I tensorflow/stream_executor/platform/default/dso_loader.cc:44] Successfully opened dynamic library cusolver64_100.dll
2020-10-07 16:23:13.482941: I tensorflow/stream_executor/platform/default/dso_loader.cc:44] Successfully opened dynamic library cusparse64_100.dll
2020-10-07 16:23:13.483331: I tensorflow/stream_executor/platform/default/dso_loader.cc:44] Successfully opened dynamic library cudnn64_7.dll
2020-10-07 16:23:13.483934: I tensorflow/core/common_runtime/gpu/gpu_device.cc:1746] Adding visible gpu devices: 0
2020-10-07 16:23:13.484277: I tensorflow/core/common_runtime/gpu/gpu_device.cc:1159] Device interconnect StreamExecutor with strength 1 edge matrix:
2020-10-07 16:23:13.484646: I tensorflow/core/common_runtime/gpu/gpu_device.cc:1165]      0 
2020-10-07 16:23:13.484892: I tensorflow/core/common_runtime/gpu/gpu_device.cc:1178] 0:   N 
2020-10-07 16:23:13.485498: I tensorflow/core/common_runtime/gpu/gpu_device.cc:1304] Created TensorFlow device (/job:localhost/replica:0/task:0/device:GPU:0 with 8686 MB memory) -> physical GPU (device: 0, name: GeForce RTX 2080 Ti, pci bus id: 0000:73:00.0, compute capability: 7.5)
[       OK ] XdivyTest.testNonZeroValuesGrad
[ RUN      ] XdivyTest.testZeroXGrad
2020-10-07 16:23:13.657917: I tensorflow/core/common_runtime/gpu/gpu_device.cc:1618] Found device 0 with properties: 
name: GeForce RTX 2080 Ti major: 7 minor: 5 memoryClockRate(GHz): 1.65
pciBusID: 0000:73:00.0
2020-10-07 16:23:13.658457: I tensorflow/stream_executor/platform/default/dso_loader.cc:44] Successfully opened dynamic library cudart64_100.dll
2020-10-07 16:23:13.658804: I tensorflow/stream_executor/platform/default/dso_loader.cc:44] Successfully opened dynamic library cublas64_100.dll
2020-10-07 16:23:13.659146: I tensorflow/stream_executor/platform/default/dso_loader.cc:44] Successfully opened dynamic library cufft64_100.dll
2020-10-07 16:23:13.659483: I tensorflow/stream_executor/platform/default/dso_loader.cc:44] Successfully opened dynamic library curand64_100.dll
2020-10-07 16:23:13.659824: I tensorflow/stream_executor/platform/default/dso_loader.cc:44] Successfully opened dynamic library cusolver64_100.dll
2020-10-07 16:23:13.660167: I tensorflow/stream_executor/platform/default/dso_loader.cc:44] Successfully opened dynamic library cusparse64_100.dll
2020-10-07 16:23:13.660509: I tensorflow/stream_executor/platform/default/dso_loader.cc:44] Successfully opened dynamic library cudnn64_7.dll
2020-10-07 16:23:13.661053: I tensorflow/core/common_runtime/gpu/gpu_device.cc:1746] Adding visible gpu devices: 0
2020-10-07 16:23:13.661390: I tensorflow/core/common_runtime/gpu/gpu_device.cc:1159] Device interconnect StreamExecutor with strength 1 edge matrix:
2020-10-07 16:23:13.661766: I tensorflow/core/common_runtime/gpu/gpu_device.cc:1165]      0 
2020-10-07 16:23:13.662001: I tensorflow/core/common_runtime/gpu/gpu_device.cc:1178] 0:   N 
2020-10-07 16:23:13.662511: I tensorflow/core/common_runtime/gpu/gpu_device.cc:1304] Created TensorFlow device (/job:localhost/replica:0/task:0/device:GPU:0 with 8686 MB memory) -> physical GPU (device: 0, name: GeForce RTX 2080 Ti, pci bus id: 0000:73:00.0, compute capability: 7.5)
[       OK ] XdivyTest.testZeroXGrad
[ RUN      ] XdivyTest.testZeroXYGrad
2020-10-07 16:23:13.777105: I tensorflow/core/common_runtime/gpu/gpu_device.cc:1618] Found device 0 with properties: 
name: GeForce RTX 2080 Ti major: 7 minor: 5 memoryClockRate(GHz): 1.65
pciBusID: 0000:73:00.0
2020-10-07 16:23:13.777638: I tensorflow/stream_executor/platform/default/dso_loader.cc:44] Successfully opened dynamic library cudart64_100.dll
2020-10-07 16:23:13.778014: I tensorflow/stream_executor/platform/default/dso_loader.cc:44] Successfully opened dynamic library cublas64_100.dll
2020-10-07 16:23:13.778452: I tensorflow/stream_executor/platform/default/dso_loader.cc:44] Successfully opened dynamic library cufft64_100.dll
2020-10-07 16:23:13.778948: I tensorflow/stream_executor/platform/default/dso_loader.cc:44] Successfully opened dynamic library curand64_100.dll
2020-10-07 16:23:13.779370: I tensorflow/stream_executor/platform/default/dso_loader.cc:44] Successfully opened dynamic library cusolver64_100.dll
2020-10-07 16:23:13.779728: I tensorflow/stream_executor/platform/default/dso_loader.cc:44] Successfully opened dynamic library cusparse64_100.dll
2020-10-07 16:23:13.780071: I tensorflow/stream_executor/platform/default/dso_loader.cc:44] Successfully opened dynamic library cudnn64_7.dll
2020-10-07 16:23:13.780628: I tensorflow/core/common_runtime/gpu/gpu_device.cc:1746] Adding visible gpu devices: 0
2020-10-07 16:23:13.780930: I tensorflow/core/common_runtime/gpu/gpu_device.cc:1159] Device interconnect StreamExecutor with strength 1 edge matrix:
2020-10-07 16:23:13.781277: I tensorflow/core/common_runtime/gpu/gpu_device.cc:1165]      0 
2020-10-07 16:23:13.781498: I tensorflow/core/common_runtime/gpu/gpu_device.cc:1178] 0:   N 
2020-10-07 16:23:13.781973: I tensorflow/core/common_runtime/gpu/gpu_device.cc:1304] Created TensorFlow device (/job:localhost/replica:0/task:0/device:GPU:0 with 8686 MB memory) -> physical GPU (device: 0, name: GeForce RTX 2080 Ti, pci bus id: 0000:73:00.0, compute capability: 7.5)
[       OK ] XdivyTest.testZeroXYGrad
[ RUN      ] XdivyTest.testZeroYGrad
2020-10-07 16:23:13.895528: I tensorflow/core/common_runtime/gpu/gpu_device.cc:1618] Found device 0 with properties: 
name: GeForce RTX 2080 Ti major: 7 minor: 5 memoryClockRate(GHz): 1.65
pciBusID: 0000:73:00.0
2020-10-07 16:23:13.896106: I tensorflow/stream_executor/platform/default/dso_loader.cc:44] Successfully opened dynamic library cudart64_100.dll
2020-10-07 16:23:13.896475: I tensorflow/stream_executor/platform/default/dso_loader.cc:44] Successfully opened dynamic library cublas64_100.dll
2020-10-07 16:23:13.896854: I tensorflow/stream_executor/platform/default/dso_loader.cc:44] Successfully opened dynamic library cufft64_100.dll
2020-10-07 16:23:13.897196: I tensorflow/stream_executor/platform/default/dso_loader.cc:44] Successfully opened dynamic library curand64_100.dll
2020-10-07 16:23:13.897538: I tensorflow/stream_executor/platform/default/dso_loader.cc:44] Successfully opened dynamic library cusolver64_100.dll
2020-10-07 16:23:13.897890: I tensorflow/stream_executor/platform/default/dso_loader.cc:44] Successfully opened dynamic library cusparse64_100.dll
2020-10-07 16:23:13.898236: I tensorflow/stream_executor/platform/default/dso_loader.cc:44] Successfully opened dynamic library cudnn64_7.dll
2020-10-07 16:23:13.898783: I tensorflow/core/common_runtime/gpu/gpu_device.cc:1746] Adding visible gpu devices: 0
2020-10-07 16:23:13.899084: I tensorflow/core/common_runtime/gpu/gpu_device.cc:1159] Device interconnect StreamExecutor with strength 1 edge matrix:
2020-10-07 16:23:13.899431: I tensorflow/core/common_runtime/gpu/gpu_device.cc:1165]      0 
2020-10-07 16:23:13.899648: I tensorflow/core/common_runtime/gpu/gpu_device.cc:1178] 0:   N 
2020-10-07 16:23:13.900119: I tensorflow/core/common_runtime/gpu/gpu_device.cc:1304] Created TensorFlow device (/job:localhost/replica:0/task:0/device:GPU:0 with 8686 MB memory) -> physical GPU (device: 0, name: GeForce RTX 2080 Ti, pci bus id: 0000:73:00.0, compute capability: 7.5)
[       OK ] XdivyTest.testZeroYGrad
[ RUN      ] XdivyTest.test_session
[  SKIPPED ] XdivyTest.test_session
[ RUN      ] XlogyTest.testNonZeroValuesGrad
2020-10-07 16:23:14.029335: I tensorflow/core/common_runtime/gpu/gpu_device.cc:1618] Found device 0 with properties: 
name: GeForce RTX 2080 Ti major: 7 minor: 5 memoryClockRate(GHz): 1.65
pciBusID: 0000:73:00.0
2020-10-07 16:23:14.030312: I tensorflow/stream_executor/platform/default/dso_loader.cc:44] Successfully opened dynamic library cudart64_100.dll
2020-10-07 16:23:14.030957: I tensorflow/stream_executor/platform/default/dso_loader.cc:44] Successfully opened dynamic library cublas64_100.dll
2020-10-07 16:23:14.031600: I tensorflow/stream_executor/platform/default/dso_loader.cc:44] Successfully opened dynamic library cufft64_100.dll
2020-10-07 16:23:14.032248: I tensorflow/stream_executor/platform/default/dso_loader.cc:44] Successfully opened dynamic library curand64_100.dll
2020-10-07 16:23:14.032891: I tensorflow/stream_executor/platform/default/dso_loader.cc:44] Successfully opened dynamic library cusolver64_100.dll
2020-10-07 16:23:14.033542: I tensorflow/stream_executor/platform/default/dso_loader.cc:44] Successfully opened dynamic library cusparse64_100.dll
2020-10-07 16:23:14.034196: I tensorflow/stream_executor/platform/default/dso_loader.cc:44] Successfully opened dynamic library cudnn64_7.dll
2020-10-07 16:23:14.035185: I tensorflow/core/common_runtime/gpu/gpu_device.cc:1746] Adding visible gpu devices: 0
2020-10-07 16:23:14.035744: I tensorflow/core/common_runtime/gpu/gpu_device.cc:1159] Device interconnect StreamExecutor with strength 1 edge matrix:
2020-10-07 16:23:14.036400: I tensorflow/core/common_runtime/gpu/gpu_device.cc:1165]      0 
2020-10-07 16:23:14.036809: I tensorflow/core/common_runtime/gpu/gpu_device.cc:1178] 0:   N 
2020-10-07 16:23:14.037311: I tensorflow/core/common_runtime/gpu/gpu_device.cc:1304] Created TensorFlow device (/job:localhost/replica:0/task:0/device:GPU:0 with 8686 MB memory) -> physical GPU (device: 0, name: GeForce RTX 2080 Ti, pci bus id: 0000:73:00.0, compute capability: 7.5)
[       OK ] XlogyTest.testNonZeroValuesGrad
[ RUN      ] XlogyTest.testZeroXGrad
2020-10-07 16:23:14.236380: I tensorflow/core/common_runtime/gpu/gpu_device.cc:1618] Found device 0 with properties: 
name: GeForce RTX 2080 Ti major: 7 minor: 5 memoryClockRate(GHz): 1.65
pciBusID: 0000:73:00.0
2020-10-07 16:23:14.236952: I tensorflow/stream_executor/platform/default/dso_loader.cc:44] Successfully opened dynamic library cudart64_100.dll
2020-10-07 16:23:14.237322: I tensorflow/stream_executor/platform/default/dso_loader.cc:44] Successfully opened dynamic library cublas64_100.dll
2020-10-07 16:23:14.237666: I tensorflow/stream_executor/platform/default/dso_loader.cc:44] Successfully opened dynamic library cufft64_100.dll
2020-10-07 16:23:14.238006: I tensorflow/stream_executor/platform/default/dso_loader.cc:44] Successfully opened dynamic library curand64_100.dll
2020-10-07 16:23:14.238346: I tensorflow/stream_executor/platform/default/dso_loader.cc:44] Successfully opened dynamic library cusolver64_100.dll
2020-10-07 16:23:14.238694: I tensorflow/stream_executor/platform/default/dso_loader.cc:44] Successfully opened dynamic library cusparse64_100.dll
2020-10-07 16:23:14.239042: I tensorflow/stream_executor/platform/default/dso_loader.cc:44] Successfully opened dynamic library cudnn64_7.dll
2020-10-07 16:23:14.239590: I tensorflow/core/common_runtime/gpu/gpu_device.cc:1746] Adding visible gpu devices: 0
2020-10-07 16:23:14.239892: I tensorflow/core/common_runtime/gpu/gpu_device.cc:1159] Device interconnect StreamExecutor with strength 1 edge matrix:
2020-10-07 16:23:14.240240: I tensorflow/core/common_runtime/gpu/gpu_device.cc:1165]      0 
2020-10-07 16:23:14.240459: I tensorflow/core/common_runtime/gpu/gpu_device.cc:1178] 0:   N 
2020-10-07 16:23:14.240933: I tensorflow/core/common_runtime/gpu/gpu_device.cc:1304] Created TensorFlow device (/job:localhost/replica:0/task:0/device:GPU:0 with 8686 MB memory) -> physical GPU (device: 0, name: GeForce RTX 2080 Ti, pci bus id: 0000:73:00.0, compute capability: 7.5)
[       OK ] XlogyTest.testZeroXGrad
[ RUN      ] XlogyTest.testZeroXYGrad
2020-10-07 16:23:14.345461: I tensorflow/core/common_runtime/gpu/gpu_device.cc:1618] Found device 0 with properties: 
name: GeForce RTX 2080 Ti major: 7 minor: 5 memoryClockRate(GHz): 1.65
pciBusID: 0000:73:00.0
2020-10-07 16:23:14.345997: I tensorflow/stream_executor/platform/default/dso_loader.cc:44] Successfully opened dynamic library cudart64_100.dll
2020-10-07 16:23:14.346341: I tensorflow/stream_executor/platform/default/dso_loader.cc:44] Successfully opened dynamic library cublas64_100.dll
2020-10-07 16:23:14.346686: I tensorflow/stream_executor/platform/default/dso_loader.cc:44] Successfully opened dynamic library cufft64_100.dll
2020-10-07 16:23:14.347034: I tensorflow/stream_executor/platform/default/dso_loader.cc:44] Successfully opened dynamic library curand64_100.dll
2020-10-07 16:23:14.347380: I tensorflow/stream_executor/platform/default/dso_loader.cc:44] Successfully opened dynamic library cusolver64_100.dll
2020-10-07 16:23:14.347724: I tensorflow/stream_executor/platform/default/dso_loader.cc:44] Successfully opened dynamic library cusparse64_100.dll
2020-10-07 16:23:14.348078: I tensorflow/stream_executor/platform/default/dso_loader.cc:44] Successfully opened dynamic library cudnn64_7.dll
2020-10-07 16:23:14.348654: I tensorflow/core/common_runtime/gpu/gpu_device.cc:1746] Adding visible gpu devices: 0
2020-10-07 16:23:14.348978: I tensorflow/core/common_runtime/gpu/gpu_device.cc:1159] Device interconnect StreamExecutor with strength 1 edge matrix:
2020-10-07 16:23:14.349353: I tensorflow/core/common_runtime/gpu/gpu_device.cc:1165]      0 
2020-10-07 16:23:14.349587: I tensorflow/core/common_runtime/gpu/gpu_device.cc:1178] 0:   N 
2020-10-07 16:23:14.350073: I tensorflow/core/common_runtime/gpu/gpu_device.cc:1304] Created TensorFlow device (/job:localhost/replica:0/task:0/device:GPU:0 with 8686 MB memory) -> physical GPU (device: 0, name: GeForce RTX 2080 Ti, pci bus id: 0000:73:00.0, compute capability: 7.5)
[       OK ] XlogyTest.testZeroXYGrad
[ RUN      ] XlogyTest.testZeroYGrad
2020-10-07 16:23:14.480003: I tensorflow/core/common_runtime/gpu/gpu_device.cc:1618] Found device 0 with properties: 
name: GeForce RTX 2080 Ti major: 7 minor: 5 memoryClockRate(GHz): 1.65
pciBusID: 0000:73:00.0
2020-10-07 16:23:14.480536: I tensorflow/stream_executor/platform/default/dso_loader.cc:44] Successfully opened dynamic library cudart64_100.dll
2020-10-07 16:23:14.480906: I tensorflow/stream_executor/platform/default/dso_loader.cc:44] Successfully opened dynamic library cublas64_100.dll
2020-10-07 16:23:14.481354: I tensorflow/stream_executor/platform/default/dso_loader.cc:44] Successfully opened dynamic library cufft64_100.dll
2020-10-07 16:23:14.481784: I tensorflow/stream_executor/platform/default/dso_loader.cc:44] Successfully opened dynamic library curand64_100.dll
2020-10-07 16:23:14.482220: I tensorflow/stream_executor/platform/default/dso_loader.cc:44] Successfully opened dynamic library cusolver64_100.dll
2020-10-07 16:23:14.482609: I tensorflow/stream_executor/platform/default/dso_loader.cc:44] Successfully opened dynamic library cusparse64_100.dll
2020-10-07 16:23:14.482981: I tensorflow/stream_executor/platform/default/dso_loader.cc:44] Successfully opened dynamic library cudnn64_7.dll
2020-10-07 16:23:14.483578: I tensorflow/core/common_runtime/gpu/gpu_device.cc:1746] Adding visible gpu devices: 0
2020-10-07 16:23:14.483904: I tensorflow/core/common_runtime/gpu/gpu_device.cc:1159] Device interconnect StreamExecutor with strength 1 edge matrix:
2020-10-07 16:23:14.484280: I tensorflow/core/common_runtime/gpu/gpu_device.cc:1165]      0 
2020-10-07 16:23:14.484499: I tensorflow/core/common_runtime/gpu/gpu_device.cc:1178] 0:   N 
2020-10-07 16:23:14.485030: I tensorflow/core/common_runtime/gpu/gpu_device.cc:1304] Created TensorFlow device (/job:localhost/replica:0/task:0/device:GPU:0 with 8686 MB memory) -> physical GPU (device: 0, name: GeForce RTX 2080 Ti, pci bus id: 0000:73:00.0, compute capability: 7.5)
[       OK ] XlogyTest.testZeroYGrad
[ RUN      ] XlogyTest.test_session
[  SKIPPED ] XlogyTest.test_session
======================================================================
ERROR: testMaxGradient (__main__.MinOrMaxGradientTest)
MinOrMaxGradientTest.testMaxGradient
----------------------------------------------------------------------
Traceback (most recent call last):
  File "C:\ProgramData\Anaconda3\envs\keras\lib\site-packages\tensorflow_core\python\framework\ops.py", line 2380, in get_attr
    c_api.TF_OperationGetAttrValueProto(self._c_op, name, buf)
tensorflow.python.framework.errors_impl.InvalidArgumentError: Operation 'concat' has no attr named '_XlaCompile'.

During handling of the above exception, another exception occurred:

Traceback (most recent call last):
  File "C:\ProgramData\Anaconda3\envs\keras\lib\site-packages\tensorflow_core\python\ops\gradients_util.py", line 345, in _MaybeCompile
    xla_compile = op.get_attr("_XlaCompile")
  File "C:\ProgramData\Anaconda3\envs\keras\lib\site-packages\tensorflow_core\python\framework\ops.py", line 2384, in get_attr
    raise ValueError(str(e))
ValueError: Operation 'concat' has no attr named '_XlaCompile'.

During handling of the above exception, another exception occurred:

Traceback (most recent call last):
  File "C:\ProgramData\Anaconda3\envs\keras\lib\site-packages\tensorflow_core\python\framework\tensor_util.py", line 541, in make_tensor_proto
    str_values = [compat.as_bytes(x) for x in proto_values]
  File "C:\ProgramData\Anaconda3\envs\keras\lib\site-packages\tensorflow_core\python\framework\tensor_util.py", line 541, in <listcomp>
    str_values = [compat.as_bytes(x) for x in proto_values]
  File "C:\ProgramData\Anaconda3\envs\keras\lib\site-packages\tensorflow_core\python\util\compat.py", line 71, in as_bytes
    (bytes_or_text,))
TypeError: Expected binary or unicode string, got None

During handling of the above exception, another exception occurred:

Traceback (most recent call last):
  File "C:\ProgramData\Anaconda3\envs\keras\lib\site-packages\tensorflow_core\python\framework\test_util.py", line 1216, in decorated
    return f(self, *args, **kwargs)
  File "math_grad_test.py", line 249, in testMaxGradient
    error = gradient_checker.compute_gradient_error(inputs, [1], outputs, [])
  File "C:\ProgramData\Anaconda3\envs\keras\lib\site-packages\tensorflow_core\python\util\deprecation.py", line 324, in new_func
    return func(*args, **kwargs)
  File "C:\ProgramData\Anaconda3\envs\keras\lib\site-packages\tensorflow_core\python\ops\gradient_checker.py", line 394, in compute_gradient_error
    init_targets, extra_feed_dict=extra_feed_dict)
  File "C:\ProgramData\Anaconda3\envs\keras\lib\site-packages\tensorflow_core\python\util\deprecation.py", line 324, in new_func
    return func(*args, **kwargs)
  File "C:\ProgramData\Anaconda3\envs\keras\lib\site-packages\tensorflow_core\python\ops\gradient_checker.py", line 332, in compute_gradient
    dx, dy = _compute_dx_and_dy(x, y, y_shape)
  File "C:\ProgramData\Anaconda3\envs\keras\lib\site-packages\tensorflow_core\python\ops\gradient_checker.py", line 206, in _compute_dx_and_dy
    grads = gradients.gradients(y, x, dy)
  File "C:\ProgramData\Anaconda3\envs\keras\lib\site-packages\tensorflow_core\python\ops\gradients_impl.py", line 158, in gradients
    unconnected_gradients)
  File "C:\ProgramData\Anaconda3\envs\keras\lib\site-packages\tensorflow_core\python\ops\gradients_util.py", line 679, in _GradientsHelper
    lambda: grad_fn(op, *out_grads))
  File "C:\ProgramData\Anaconda3\envs\keras\lib\site-packages\tensorflow_core\python\ops\gradients_util.py", line 350, in _MaybeCompile
    return grad_fn()  # Exit early
  File "C:\ProgramData\Anaconda3\envs\keras\lib\site-packages\tensorflow_core\python\ops\gradients_util.py", line 679, in <lambda>
    lambda: grad_fn(op, *out_grads))
  File "C:\ProgramData\Anaconda3\envs\keras\lib\site-packages\tensorflow_core\python\ops\array_grad.py", line 228, in _ConcatGradV2
    op, grad, start_value_index=0, end_value_index=-1, dim_index=-1)
  File "C:\ProgramData\Anaconda3\envs\keras\lib\site-packages\tensorflow_core\python\ops\array_grad.py", line 106, in _ConcatGradHelper
    return grad + [None] if end_value_index <= dim_index else [None] + grad
  File "C:\ProgramData\Anaconda3\envs\keras\lib\site-packages\tensorflow_core\python\ops\math_ops.py", line 903, in binary_op_wrapper
    y, dtype_hint=x.dtype.base_dtype, name="y")
  File "C:\ProgramData\Anaconda3\envs\keras\lib\site-packages\tensorflow_core\python\framework\ops.py", line 1242, in convert_to_tensor_v2
    as_ref=False)
  File "C:\ProgramData\Anaconda3\envs\keras\lib\site-packages\tensorflow_core\python\framework\ops.py", line 1297, in internal_convert_to_tensor
    ret = conversion_func(value, dtype=dtype, name=name, as_ref=as_ref)
  File "C:\ProgramData\Anaconda3\envs\keras\lib\site-packages\tensorflow_core\python\framework\constant_op.py", line 286, in _constant_tensor_conversion_function
    return constant(v, dtype=dtype, name=name)
  File "C:\ProgramData\Anaconda3\envs\keras\lib\site-packages\tensorflow_core\python\framework\constant_op.py", line 227, in constant
    allow_broadcast=True)
  File "C:\ProgramData\Anaconda3\envs\keras\lib\site-packages\tensorflow_core\python\framework\constant_op.py", line 265, in _constant_impl
    allow_broadcast=allow_broadcast))
  File "C:\ProgramData\Anaconda3\envs\keras\lib\site-packages\tensorflow_core\python\framework\tensor_util.py", line 545, in make_tensor_proto
    "supported type." % (type(values), values))
TypeError: Failed to convert object of type <class 'list'> to Tensor. Contents: [None]. Consider casting elements to a supported type.

======================================================================
ERROR: testMinGradient (__main__.MinOrMaxGradientTest)
MinOrMaxGradientTest.testMinGradient
----------------------------------------------------------------------
Traceback (most recent call last):
  File "C:\ProgramData\Anaconda3\envs\keras\lib\site-packages\tensorflow_core\python\framework\ops.py", line 2380, in get_attr
    c_api.TF_OperationGetAttrValueProto(self._c_op, name, buf)
tensorflow.python.framework.errors_impl.InvalidArgumentError: Operation 'concat' has no attr named '_XlaCompile'.

During handling of the above exception, another exception occurred:

Traceback (most recent call last):
  File "C:\ProgramData\Anaconda3\envs\keras\lib\site-packages\tensorflow_core\python\ops\gradients_util.py", line 345, in _MaybeCompile
    xla_compile = op.get_attr("_XlaCompile")
  File "C:\ProgramData\Anaconda3\envs\keras\lib\site-packages\tensorflow_core\python\framework\ops.py", line 2384, in get_attr
    raise ValueError(str(e))
ValueError: Operation 'concat' has no attr named '_XlaCompile'.

During handling of the above exception, another exception occurred:

Traceback (most recent call last):
  File "C:\ProgramData\Anaconda3\envs\keras\lib\site-packages\tensorflow_core\python\framework\tensor_util.py", line 541, in make_tensor_proto
    str_values = [compat.as_bytes(x) for x in proto_values]
  File "C:\ProgramData\Anaconda3\envs\keras\lib\site-packages\tensorflow_core\python\framework\tensor_util.py", line 541, in <listcomp>
    str_values = [compat.as_bytes(x) for x in proto_values]
  File "C:\ProgramData\Anaconda3\envs\keras\lib\site-packages\tensorflow_core\python\util\compat.py", line 71, in as_bytes
    (bytes_or_text,))
TypeError: Expected binary or unicode string, got None

During handling of the above exception, another exception occurred:

Traceback (most recent call last):
  File "C:\ProgramData\Anaconda3\envs\keras\lib\site-packages\tensorflow_core\python\framework\test_util.py", line 1216, in decorated
    return f(self, *args, **kwargs)
  File "math_grad_test.py", line 233, in testMinGradient
    error = gradient_checker.compute_gradient_error(inputs, [1], outputs, [])
  File "C:\ProgramData\Anaconda3\envs\keras\lib\site-packages\tensorflow_core\python\util\deprecation.py", line 324, in new_func
    return func(*args, **kwargs)
  File "C:\ProgramData\Anaconda3\envs\keras\lib\site-packages\tensorflow_core\python\ops\gradient_checker.py", line 394, in compute_gradient_error
    init_targets, extra_feed_dict=extra_feed_dict)
  File "C:\ProgramData\Anaconda3\envs\keras\lib\site-packages\tensorflow_core\python\util\deprecation.py", line 324, in new_func
    return func(*args, **kwargs)
  File "C:\ProgramData\Anaconda3\envs\keras\lib\site-packages\tensorflow_core\python\ops\gradient_checker.py", line 332, in compute_gradient
    dx, dy = _compute_dx_and_dy(x, y, y_shape)
  File "C:\ProgramData\Anaconda3\envs\keras\lib\site-packages\tensorflow_core\python\ops\gradient_checker.py", line 206, in _compute_dx_and_dy
    grads = gradients.gradients(y, x, dy)
  File "C:\ProgramData\Anaconda3\envs\keras\lib\site-packages\tensorflow_core\python\ops\gradients_impl.py", line 158, in gradients
    unconnected_gradients)
  File "C:\ProgramData\Anaconda3\envs\keras\lib\site-packages\tensorflow_core\python\ops\gradients_util.py", line 679, in _GradientsHelper
    lambda: grad_fn(op, *out_grads))
  File "C:\ProgramData\Anaconda3\envs\keras\lib\site-packages\tensorflow_core\python\ops\gradients_util.py", line 350, in _MaybeCompile
    return grad_fn()  # Exit early
  File "C:\ProgramData\Anaconda3\envs\keras\lib\site-packages\tensorflow_core\python\ops\gradients_util.py", line 679, in <lambda>
    lambda: grad_fn(op, *out_grads))
  File "C:\ProgramData\Anaconda3\envs\keras\lib\site-packages\tensorflow_core\python\ops\array_grad.py", line 228, in _ConcatGradV2
    op, grad, start_value_index=0, end_value_index=-1, dim_index=-1)
  File "C:\ProgramData\Anaconda3\envs\keras\lib\site-packages\tensorflow_core\python\ops\array_grad.py", line 106, in _ConcatGradHelper
    return grad + [None] if end_value_index <= dim_index else [None] + grad
  File "C:\ProgramData\Anaconda3\envs\keras\lib\site-packages\tensorflow_core\python\ops\math_ops.py", line 903, in binary_op_wrapper
    y, dtype_hint=x.dtype.base_dtype, name="y")
  File "C:\ProgramData\Anaconda3\envs\keras\lib\site-packages\tensorflow_core\python\framework\ops.py", line 1242, in convert_to_tensor_v2
    as_ref=False)
  File "C:\ProgramData\Anaconda3\envs\keras\lib\site-packages\tensorflow_core\python\framework\ops.py", line 1297, in internal_convert_to_tensor
    ret = conversion_func(value, dtype=dtype, name=name, as_ref=as_ref)
  File "C:\ProgramData\Anaconda3\envs\keras\lib\site-packages\tensorflow_core\python\framework\constant_op.py", line 286, in _constant_tensor_conversion_function
    return constant(v, dtype=dtype, name=name)
  File "C:\ProgramData\Anaconda3\envs\keras\lib\site-packages\tensorflow_core\python\framework\constant_op.py", line 227, in constant
    allow_broadcast=True)
  File "C:\ProgramData\Anaconda3\envs\keras\lib\site-packages\tensorflow_core\python\framework\constant_op.py", line 265, in _constant_impl
    allow_broadcast=allow_broadcast))
  File "C:\ProgramData\Anaconda3\envs\keras\lib\site-packages\tensorflow_core\python\framework\tensor_util.py", line 545, in make_tensor_proto
    "supported type." % (type(values), values))
TypeError: Failed to convert object of type <class 'list'> to Tensor. Contents: [None]. Consider casting elements to a supported type.

======================================================================
ERROR: testSegmentMaxGradientWithTies (__main__.SegmentMinOrMaxGradientTest)
SegmentMinOrMaxGradientTest.testSegmentMaxGradientWithTies
----------------------------------------------------------------------
Traceback (most recent call last):
  File "C:\ProgramData\Anaconda3\envs\keras\lib\site-packages\tensorflow_core\python\framework\ops.py", line 2380, in get_attr
    c_api.TF_OperationGetAttrValueProto(self._c_op, name, buf)
tensorflow.python.framework.errors_impl.InvalidArgumentError: Operation 'concat' has no attr named '_XlaCompile'.

During handling of the above exception, another exception occurred:

Traceback (most recent call last):
  File "C:\ProgramData\Anaconda3\envs\keras\lib\site-packages\tensorflow_core\python\ops\gradients_util.py", line 345, in _MaybeCompile
    xla_compile = op.get_attr("_XlaCompile")
  File "C:\ProgramData\Anaconda3\envs\keras\lib\site-packages\tensorflow_core\python\framework\ops.py", line 2384, in get_attr
    raise ValueError(str(e))
ValueError: Operation 'concat' has no attr named '_XlaCompile'.

During handling of the above exception, another exception occurred:

Traceback (most recent call last):
  File "C:\ProgramData\Anaconda3\envs\keras\lib\site-packages\tensorflow_core\python\framework\tensor_util.py", line 541, in make_tensor_proto
    str_values = [compat.as_bytes(x) for x in proto_values]
  File "C:\ProgramData\Anaconda3\envs\keras\lib\site-packages\tensorflow_core\python\framework\tensor_util.py", line 541, in <listcomp>
    str_values = [compat.as_bytes(x) for x in proto_values]
  File "C:\ProgramData\Anaconda3\envs\keras\lib\site-packages\tensorflow_core\python\util\compat.py", line 71, in as_bytes
    (bytes_or_text,))
TypeError: Expected binary or unicode string, got None

During handling of the above exception, another exception occurred:

Traceback (most recent call last):
  File "C:\ProgramData\Anaconda3\envs\keras\lib\site-packages\tensorflow_core\python\framework\test_util.py", line 1216, in decorated
    return f(self, *args, **kwargs)
  File "math_grad_test.py", line 475, in testSegmentMaxGradientWithTies
    [1])
  File "C:\ProgramData\Anaconda3\envs\keras\lib\site-packages\tensorflow_core\python\util\deprecation.py", line 324, in new_func
    return func(*args, **kwargs)
  File "C:\ProgramData\Anaconda3\envs\keras\lib\site-packages\tensorflow_core\python\ops\gradient_checker.py", line 394, in compute_gradient_error
    init_targets, extra_feed_dict=extra_feed_dict)
  File "C:\ProgramData\Anaconda3\envs\keras\lib\site-packages\tensorflow_core\python\util\deprecation.py", line 324, in new_func
    return func(*args, **kwargs)
  File "C:\ProgramData\Anaconda3\envs\keras\lib\site-packages\tensorflow_core\python\ops\gradient_checker.py", line 332, in compute_gradient
    dx, dy = _compute_dx_and_dy(x, y, y_shape)
  File "C:\ProgramData\Anaconda3\envs\keras\lib\site-packages\tensorflow_core\python\ops\gradient_checker.py", line 206, in _compute_dx_and_dy
    grads = gradients.gradients(y, x, dy)
  File "C:\ProgramData\Anaconda3\envs\keras\lib\site-packages\tensorflow_core\python\ops\gradients_impl.py", line 158, in gradients
    unconnected_gradients)
  File "C:\ProgramData\Anaconda3\envs\keras\lib\site-packages\tensorflow_core\python\ops\gradients_util.py", line 679, in _GradientsHelper
    lambda: grad_fn(op, *out_grads))
  File "C:\ProgramData\Anaconda3\envs\keras\lib\site-packages\tensorflow_core\python\ops\gradients_util.py", line 350, in _MaybeCompile
    return grad_fn()  # Exit early
  File "C:\ProgramData\Anaconda3\envs\keras\lib\site-packages\tensorflow_core\python\ops\gradients_util.py", line 679, in <lambda>
    lambda: grad_fn(op, *out_grads))
  File "C:\ProgramData\Anaconda3\envs\keras\lib\site-packages\tensorflow_core\python\ops\array_grad.py", line 228, in _ConcatGradV2
    op, grad, start_value_index=0, end_value_index=-1, dim_index=-1)
  File "C:\ProgramData\Anaconda3\envs\keras\lib\site-packages\tensorflow_core\python\ops\array_grad.py", line 106, in _ConcatGradHelper
    return grad + [None] if end_value_index <= dim_index else [None] + grad
  File "C:\ProgramData\Anaconda3\envs\keras\lib\site-packages\tensorflow_core\python\ops\math_ops.py", line 903, in binary_op_wrapper
    y, dtype_hint=x.dtype.base_dtype, name="y")
  File "C:\ProgramData\Anaconda3\envs\keras\lib\site-packages\tensorflow_core\python\framework\ops.py", line 1242, in convert_to_tensor_v2
    as_ref=False)
  File "C:\ProgramData\Anaconda3\envs\keras\lib\site-packages\tensorflow_core\python\framework\ops.py", line 1297, in internal_convert_to_tensor
    ret = conversion_func(value, dtype=dtype, name=name, as_ref=as_ref)
  File "C:\ProgramData\Anaconda3\envs\keras\lib\site-packages\tensorflow_core\python\framework\constant_op.py", line 286, in _constant_tensor_conversion_function
    return constant(v, dtype=dtype, name=name)
  File "C:\ProgramData\Anaconda3\envs\keras\lib\site-packages\tensorflow_core\python\framework\constant_op.py", line 227, in constant
    allow_broadcast=True)
  File "C:\ProgramData\Anaconda3\envs\keras\lib\site-packages\tensorflow_core\python\framework\constant_op.py", line 265, in _constant_impl
    allow_broadcast=allow_broadcast))
  File "C:\ProgramData\Anaconda3\envs\keras\lib\site-packages\tensorflow_core\python\framework\tensor_util.py", line 545, in make_tensor_proto
    "supported type." % (type(values), values))
TypeError: Failed to convert object of type <class 'list'> to Tensor. Contents: [None]. Consider casting elements to a supported type.

======================================================================
ERROR: testSegmentMinGradientWithTies (__main__.SegmentMinOrMaxGradientTest)
SegmentMinOrMaxGradientTest.testSegmentMinGradientWithTies
----------------------------------------------------------------------
Traceback (most recent call last):
  File "C:\ProgramData\Anaconda3\envs\keras\lib\site-packages\tensorflow_core\python\framework\ops.py", line 2380, in get_attr
    c_api.TF_OperationGetAttrValueProto(self._c_op, name, buf)
tensorflow.python.framework.errors_impl.InvalidArgumentError: Operation 'concat' has no attr named '_XlaCompile'.

During handling of the above exception, another exception occurred:

Traceback (most recent call last):
  File "C:\ProgramData\Anaconda3\envs\keras\lib\site-packages\tensorflow_core\python\ops\gradients_util.py", line 345, in _MaybeCompile
    xla_compile = op.get_attr("_XlaCompile")
  File "C:\ProgramData\Anaconda3\envs\keras\lib\site-packages\tensorflow_core\python\framework\ops.py", line 2384, in get_attr
    raise ValueError(str(e))
ValueError: Operation 'concat' has no attr named '_XlaCompile'.

During handling of the above exception, another exception occurred:

Traceback (most recent call last):
  File "C:\ProgramData\Anaconda3\envs\keras\lib\site-packages\tensorflow_core\python\framework\tensor_util.py", line 541, in make_tensor_proto
    str_values = [compat.as_bytes(x) for x in proto_values]
  File "C:\ProgramData\Anaconda3\envs\keras\lib\site-packages\tensorflow_core\python\framework\tensor_util.py", line 541, in <listcomp>
    str_values = [compat.as_bytes(x) for x in proto_values]
  File "C:\ProgramData\Anaconda3\envs\keras\lib\site-packages\tensorflow_core\python\util\compat.py", line 71, in as_bytes
    (bytes_or_text,))
TypeError: Expected binary or unicode string, got None

During handling of the above exception, another exception occurred:

Traceback (most recent call last):
  File "C:\ProgramData\Anaconda3\envs\keras\lib\site-packages\tensorflow_core\python\framework\test_util.py", line 1216, in decorated
    return f(self, *args, **kwargs)
  File "math_grad_test.py", line 453, in testSegmentMinGradientWithTies
    [1])
  File "C:\ProgramData\Anaconda3\envs\keras\lib\site-packages\tensorflow_core\python\util\deprecation.py", line 324, in new_func
    return func(*args, **kwargs)
  File "C:\ProgramData\Anaconda3\envs\keras\lib\site-packages\tensorflow_core\python\ops\gradient_checker.py", line 394, in compute_gradient_error
    init_targets, extra_feed_dict=extra_feed_dict)
  File "C:\ProgramData\Anaconda3\envs\keras\lib\site-packages\tensorflow_core\python\util\deprecation.py", line 324, in new_func
    return func(*args, **kwargs)
  File "C:\ProgramData\Anaconda3\envs\keras\lib\site-packages\tensorflow_core\python\ops\gradient_checker.py", line 332, in compute_gradient
    dx, dy = _compute_dx_and_dy(x, y, y_shape)
  File "C:\ProgramData\Anaconda3\envs\keras\lib\site-packages\tensorflow_core\python\ops\gradient_checker.py", line 206, in _compute_dx_and_dy
    grads = gradients.gradients(y, x, dy)
  File "C:\ProgramData\Anaconda3\envs\keras\lib\site-packages\tensorflow_core\python\ops\gradients_impl.py", line 158, in gradients
    unconnected_gradients)
  File "C:\ProgramData\Anaconda3\envs\keras\lib\site-packages\tensorflow_core\python\ops\gradients_util.py", line 679, in _GradientsHelper
    lambda: grad_fn(op, *out_grads))
  File "C:\ProgramData\Anaconda3\envs\keras\lib\site-packages\tensorflow_core\python\ops\gradients_util.py", line 350, in _MaybeCompile
    return grad_fn()  # Exit early
  File "C:\ProgramData\Anaconda3\envs\keras\lib\site-packages\tensorflow_core\python\ops\gradients_util.py", line 679, in <lambda>
    lambda: grad_fn(op, *out_grads))
  File "C:\ProgramData\Anaconda3\envs\keras\lib\site-packages\tensorflow_core\python\ops\array_grad.py", line 228, in _ConcatGradV2
    op, grad, start_value_index=0, end_value_index=-1, dim_index=-1)
  File "C:\ProgramData\Anaconda3\envs\keras\lib\site-packages\tensorflow_core\python\ops\array_grad.py", line 106, in _ConcatGradHelper
    return grad + [None] if end_value_index <= dim_index else [None] + grad
  File "C:\ProgramData\Anaconda3\envs\keras\lib\site-packages\tensorflow_core\python\ops\math_ops.py", line 903, in binary_op_wrapper
    y, dtype_hint=x.dtype.base_dtype, name="y")
  File "C:\ProgramData\Anaconda3\envs\keras\lib\site-packages\tensorflow_core\python\framework\ops.py", line 1242, in convert_to_tensor_v2
    as_ref=False)
  File "C:\ProgramData\Anaconda3\envs\keras\lib\site-packages\tensorflow_core\python\framework\ops.py", line 1297, in internal_convert_to_tensor
    ret = conversion_func(value, dtype=dtype, name=name, as_ref=as_ref)
  File "C:\ProgramData\Anaconda3\envs\keras\lib\site-packages\tensorflow_core\python\framework\constant_op.py", line 286, in _constant_tensor_conversion_function
    return constant(v, dtype=dtype, name=name)
  File "C:\ProgramData\Anaconda3\envs\keras\lib\site-packages\tensorflow_core\python\framework\constant_op.py", line 227, in constant
    allow_broadcast=True)
  File "C:\ProgramData\Anaconda3\envs\keras\lib\site-packages\tensorflow_core\python\framework\constant_op.py", line 265, in _constant_impl
    allow_broadcast=allow_broadcast))
  File "C:\ProgramData\Anaconda3\envs\keras\lib\site-packages\tensorflow_core\python\framework\tensor_util.py", line 545, in make_tensor_proto
    "supported type." % (type(values), values))
TypeError: Failed to convert object of type <class 'list'> to Tensor. Contents: [None]. Consider casting elements to a supported type.

----------------------------------------------------------------------
Ran 46 tests in 5.084s

FAILED (errors=4, skipped=14)
