2020-10-05 20:59:25.125538: I tensorflow/stream_executor/platform/default/dso_loader.cc:44] Successfully opened dynamic library cudart64_100.dll
Running tests under Python 3.6.12: C:\ProgramData\Anaconda3\envs\keras\python.exe
[ RUN      ] NestTest.testAssertSameStructure
[       OK ] NestTest.testAssertSameStructure
[ RUN      ] NestTest.testAssertShallowStructure
[  FAILED  ] NestTest.testAssertShallowStructure
[ RUN      ] NestTest.testFlattenAndPack
[       OK ] NestTest.testFlattenAndPack
[ RUN      ] NestTest.testFlattenAndPackWithDicts
[       OK ] NestTest.testFlattenAndPackWithDicts
[ RUN      ] NestTest.testFlattenDictOrder
[       OK ] NestTest.testFlattenDictOrder
[ RUN      ] NestTest.testFlattenRaggedValue
[       OK ] NestTest.testFlattenRaggedValue
[ RUN      ] NestTest.testFlattenSparseValue
[       OK ] NestTest.testFlattenSparseValue
[ RUN      ] NestTest.testFlattenUpTo
[       OK ] NestTest.testFlattenUpTo
[ RUN      ] NestTest.testIsSequence
2020-10-05 20:59:29.036032: W tensorflow/python/util/util.cc:299] Sets are not currently considered sequences, but this may change in the future, so consider avoiding using them.
[       OK ] NestTest.testIsSequence
[ RUN      ] NestTest.testMapStructure
[       OK ] NestTest.testMapStructure
[ RUN      ] NestTest.testMapStructureUpTo
[       OK ] NestTest.testMapStructureUpTo
[ RUN      ] NestTest.testPackDictOrder
[       OK ] NestTest.testPackDictOrder
[ RUN      ] NestTest.test_session
[  SKIPPED ] NestTest.test_session
======================================================================
FAIL: testAssertShallowStructure (__main__.NestTest)
NestTest.testAssertShallowStructure
----------------------------------------------------------------------
Traceback (most recent call last):
  File "nest_test.py", line 606, in testAssertShallowStructure
    nest.assert_shallow_structure(inp_ab2, inp_ab1)
AssertionError: TypeError not raised

----------------------------------------------------------------------
Ran 13 tests in 0.016s

FAILED (failures=1, skipped=1)
