2020-10-06 19:56:54.233323: I tensorflow/stream_executor/platform/default/dso_loader.cc:44] Successfully opened dynamic library cudart64_100.dll
Running tests under Python 3.6.12: C:\ProgramData\Anaconda3\envs\keras\python.exe
[ RUN      ] CommonShapesTest.testBroadcast_many_dimensions
[       OK ] CommonShapesTest.testBroadcast_many_dimensions
[ RUN      ] CommonShapesTest.testBroadcast_one_dimension
[       OK ] CommonShapesTest.testBroadcast_one_dimension
[ RUN      ] CommonShapesTest.testBroadcast_unknown_dims
[  FAILED  ] CommonShapesTest.testBroadcast_unknown_dims
[ RUN      ] CommonShapesTest.test_session
[  SKIPPED ] CommonShapesTest.test_session
======================================================================
ERROR: testBroadcast_unknown_dims (__main__.CommonShapesTest)
CommonShapesTest.testBroadcast_unknown_dims
----------------------------------------------------------------------
Traceback (most recent call last):
  File "common_shapes_test.py", line 343, in testBroadcast_unknown_dims
    expected=shape, shape1=shape, shape2=shape)
  File "common_shapes_test.py", line 267, in _assert_broadcast_with_unknown_dims
    actual_dims = common_shapes.broadcast_shape(shape1, shape2).dims
  File "C:\ProgramData\Anaconda3\envs\keras\lib\site-packages\tensorflow_core\python\framework\common_shapes.py", line 593, in broadcast_shape
    return_dims = _broadcast_shape_helper(shape_x, shape_y)
  File "C:\ProgramData\Anaconda3\envs\keras\lib\site-packages\tensorflow_core\python\framework\common_shapes.py", line 543, in _broadcast_shape_helper
    elif dim_y.value is  None and dim_y.value > 1:
TypeError: '>' not supported between instances of 'NoneType' and 'int'

----------------------------------------------------------------------
Ran 4 tests in 0.016s

FAILED (errors=1, skipped=1)
