2020-10-05 20:44:12.548064: I tensorflow/stream_executor/platform/default/dso_loader.cc:44] Successfully opened dynamic library cudart64_100.dll
Running tests under Python 3.6.12: C:\ProgramData\Anaconda3\envs\keras\python.exe
[ RUN      ] CompilationEnabledInGradientTest.testCompilationGradientScopeNames_function
2020-10-05 20:44:16.125719: I tensorflow/stream_executor/platform/default/dso_loader.cc:44] Successfully opened dynamic library nvcuda.dll
2020-10-05 20:44:16.250822: I tensorflow/core/common_runtime/gpu/gpu_device.cc:1618] Found device 0 with properties: 
name: GeForce RTX 2080 Ti major: 7 minor: 5 memoryClockRate(GHz): 1.65
pciBusID: 0000:73:00.0
2020-10-05 20:44:16.262554: I tensorflow/stream_executor/platform/default/dso_loader.cc:44] Successfully opened dynamic library cudart64_100.dll
2020-10-05 20:44:16.274849: I tensorflow/stream_executor/platform/default/dso_loader.cc:44] Successfully opened dynamic library cublas64_100.dll
2020-10-05 20:44:16.280094: I tensorflow/stream_executor/platform/default/dso_loader.cc:44] Successfully opened dynamic library cufft64_100.dll
2020-10-05 20:44:16.282941: I tensorflow/stream_executor/platform/default/dso_loader.cc:44] Successfully opened dynamic library curand64_100.dll
2020-10-05 20:44:16.290580: I tensorflow/stream_executor/platform/default/dso_loader.cc:44] Successfully opened dynamic library cusolver64_100.dll
2020-10-05 20:44:16.294642: I tensorflow/stream_executor/platform/default/dso_loader.cc:44] Successfully opened dynamic library cusparse64_100.dll
2020-10-05 20:44:16.305628: I tensorflow/stream_executor/platform/default/dso_loader.cc:44] Successfully opened dynamic library cudnn64_7.dll
2020-10-05 20:44:16.306792: I tensorflow/core/common_runtime/gpu/gpu_device.cc:1746] Adding visible gpu devices: 0
2020-10-05 20:44:16.307478: I tensorflow/core/platform/cpu_feature_guard.cc:142] Your CPU supports instructions that this TensorFlow binary was not compiled to use: AVX2
2020-10-05 20:44:16.314600: I tensorflow/core/common_runtime/gpu/gpu_device.cc:1618] Found device 0 with properties: 
name: GeForce RTX 2080 Ti major: 7 minor: 5 memoryClockRate(GHz): 1.65
pciBusID: 0000:73:00.0
2020-10-05 20:44:16.315431: I tensorflow/stream_executor/platform/default/dso_loader.cc:44] Successfully opened dynamic library cudart64_100.dll
2020-10-05 20:44:16.315902: I tensorflow/stream_executor/platform/default/dso_loader.cc:44] Successfully opened dynamic library cublas64_100.dll
2020-10-05 20:44:16.316353: I tensorflow/stream_executor/platform/default/dso_loader.cc:44] Successfully opened dynamic library cufft64_100.dll
2020-10-05 20:44:16.316877: I tensorflow/stream_executor/platform/default/dso_loader.cc:44] Successfully opened dynamic library curand64_100.dll
2020-10-05 20:44:16.317405: I tensorflow/stream_executor/platform/default/dso_loader.cc:44] Successfully opened dynamic library cusolver64_100.dll
2020-10-05 20:44:16.317880: I tensorflow/stream_executor/platform/default/dso_loader.cc:44] Successfully opened dynamic library cusparse64_100.dll
2020-10-05 20:44:16.318353: I tensorflow/stream_executor/platform/default/dso_loader.cc:44] Successfully opened dynamic library cudnn64_7.dll
2020-10-05 20:44:16.319413: I tensorflow/core/common_runtime/gpu/gpu_device.cc:1746] Adding visible gpu devices: 0
2020-10-05 20:44:17.245309: I tensorflow/core/common_runtime/gpu/gpu_device.cc:1159] Device interconnect StreamExecutor with strength 1 edge matrix:
2020-10-05 20:44:17.245726: I tensorflow/core/common_runtime/gpu/gpu_device.cc:1165]      0 
2020-10-05 20:44:17.245959: I tensorflow/core/common_runtime/gpu/gpu_device.cc:1178] 0:   N 
2020-10-05 20:44:17.246696: I tensorflow/core/common_runtime/gpu/gpu_device.cc:1304] Created TensorFlow device (/job:localhost/replica:0/task:0/device:GPU:0 with 8686 MB memory) -> physical GPU (device: 0, name: GeForce RTX 2080 Ti, pci bus id: 0000:73:00.0, compute capability: 7.5)
WARNING:tensorflow:Entity <function build_as_function_and_v1_graph.<locals>.decorator.<locals>.decorated.<locals>.function_in_eager at 0x0000021A138F7378> could not be transformed and will be executed as-is. Please report this to the AutoGraph team. When filing the bug, set the verbosity to 10 (on Linux, `export AUTOGRAPH_VERBOSITY=10`) and attach the full output. Cause: 'NoneType' object has no attribute '_fields'
W1005 20:44:18.404648 13140 ag_logging.py:146] Entity <function build_as_function_and_v1_graph.<locals>.decorator.<locals>.decorated.<locals>.function_in_eager at 0x0000021A138F7378> could not be transformed and will be executed as-is. Please report this to the AutoGraph team. When filing the bug, set the verbosity to 10 (on Linux, `export AUTOGRAPH_VERBOSITY=10`) and attach the full output. Cause: 'NoneType' object has no attribute '_fields'
2020-10-05 20:44:18.408874: I tensorflow/core/common_runtime/gpu/gpu_device.cc:1618] Found device 0 with properties: 
name: GeForce RTX 2080 Ti major: 7 minor: 5 memoryClockRate(GHz): 1.65
pciBusID: 0000:73:00.0
2020-10-05 20:44:18.409402: I tensorflow/stream_executor/platform/default/dso_loader.cc:44] Successfully opened dynamic library cudart64_100.dll
2020-10-05 20:44:18.409751: I tensorflow/stream_executor/platform/default/dso_loader.cc:44] Successfully opened dynamic library cublas64_100.dll
2020-10-05 20:44:18.410093: I tensorflow/stream_executor/platform/default/dso_loader.cc:44] Successfully opened dynamic library cufft64_100.dll
2020-10-05 20:44:18.410434: I tensorflow/stream_executor/platform/default/dso_loader.cc:44] Successfully opened dynamic library curand64_100.dll
2020-10-05 20:44:18.410772: I tensorflow/stream_executor/platform/default/dso_loader.cc:44] Successfully opened dynamic library cusolver64_100.dll
2020-10-05 20:44:18.411115: I tensorflow/stream_executor/platform/default/dso_loader.cc:44] Successfully opened dynamic library cusparse64_100.dll
2020-10-05 20:44:18.411470: I tensorflow/stream_executor/platform/default/dso_loader.cc:44] Successfully opened dynamic library cudnn64_7.dll
2020-10-05 20:44:18.412106: I tensorflow/core/common_runtime/gpu/gpu_device.cc:1746] Adding visible gpu devices: 0
2020-10-05 20:44:18.412437: I tensorflow/core/common_runtime/gpu/gpu_device.cc:1159] Device interconnect StreamExecutor with strength 1 edge matrix:
2020-10-05 20:44:18.412811: I tensorflow/core/common_runtime/gpu/gpu_device.cc:1165]      0 
2020-10-05 20:44:18.413040: I tensorflow/core/common_runtime/gpu/gpu_device.cc:1178] 0:   N 
2020-10-05 20:44:18.413530: I tensorflow/core/common_runtime/gpu/gpu_device.cc:1304] Created TensorFlow device (/job:localhost/replica:0/task:0/device:GPU:0 with 8686 MB memory) -> physical GPU (device: 0, name: GeForce RTX 2080 Ti, pci bus id: 0000:73:00.0, compute capability: 7.5)
[  FAILED  ] CompilationEnabledInGradientTest.testCompilationGradientScopeNames_function
[ RUN      ] CompilationEnabledInGradientTest.testCompilationGradientScopeNames_v1_graph
2020-10-05 20:44:18.452510: I tensorflow/core/common_runtime/gpu/gpu_device.cc:1618] Found device 0 with properties: 
name: GeForce RTX 2080 Ti major: 7 minor: 5 memoryClockRate(GHz): 1.65
pciBusID: 0000:73:00.0
2020-10-05 20:44:18.453145: I tensorflow/stream_executor/platform/default/dso_loader.cc:44] Successfully opened dynamic library cudart64_100.dll
2020-10-05 20:44:18.453499: I tensorflow/stream_executor/platform/default/dso_loader.cc:44] Successfully opened dynamic library cublas64_100.dll
2020-10-05 20:44:18.453840: I tensorflow/stream_executor/platform/default/dso_loader.cc:44] Successfully opened dynamic library cufft64_100.dll
2020-10-05 20:44:18.454178: I tensorflow/stream_executor/platform/default/dso_loader.cc:44] Successfully opened dynamic library curand64_100.dll
2020-10-05 20:44:18.454517: I tensorflow/stream_executor/platform/default/dso_loader.cc:44] Successfully opened dynamic library cusolver64_100.dll
2020-10-05 20:44:18.454858: I tensorflow/stream_executor/platform/default/dso_loader.cc:44] Successfully opened dynamic library cusparse64_100.dll
2020-10-05 20:44:18.455200: I tensorflow/stream_executor/platform/default/dso_loader.cc:44] Successfully opened dynamic library cudnn64_7.dll
2020-10-05 20:44:18.455750: I tensorflow/core/common_runtime/gpu/gpu_device.cc:1746] Adding visible gpu devices: 0
2020-10-05 20:44:18.456104: I tensorflow/core/common_runtime/gpu/gpu_device.cc:1159] Device interconnect StreamExecutor with strength 1 edge matrix:
2020-10-05 20:44:18.456461: I tensorflow/core/common_runtime/gpu/gpu_device.cc:1165]      0 
2020-10-05 20:44:18.456678: I tensorflow/core/common_runtime/gpu/gpu_device.cc:1178] 0:   N 
2020-10-05 20:44:18.457169: I tensorflow/core/common_runtime/gpu/gpu_device.cc:1304] Created TensorFlow device (/job:localhost/replica:0/task:0/device:GPU:0 with 8686 MB memory) -> physical GPU (device: 0, name: GeForce RTX 2080 Ti, pci bus id: 0000:73:00.0, compute capability: 7.5)
[  FAILED  ] CompilationEnabledInGradientTest.testCompilationGradientScopeNames_v1_graph
[ RUN      ] CompilationEnabledInGradientTest.testCompilationInGradient_function
WARNING:tensorflow:Entity <function build_as_function_and_v1_graph.<locals>.decorator.<locals>.decorated.<locals>.function_in_eager at 0x0000021A138F72F0> could not be transformed and will be executed as-is. Please report this to the AutoGraph team. When filing the bug, set the verbosity to 10 (on Linux, `export AUTOGRAPH_VERBOSITY=10`) and attach the full output. Cause: 'NoneType' object has no attribute '_fields'
W1005 20:44:18.482757 13140 ag_logging.py:146] Entity <function build_as_function_and_v1_graph.<locals>.decorator.<locals>.decorated.<locals>.function_in_eager at 0x0000021A138F72F0> could not be transformed and will be executed as-is. Please report this to the AutoGraph team. When filing the bug, set the verbosity to 10 (on Linux, `export AUTOGRAPH_VERBOSITY=10`) and attach the full output. Cause: 'NoneType' object has no attribute '_fields'
2020-10-05 20:44:18.491393: I tensorflow/core/common_runtime/gpu/gpu_device.cc:1618] Found device 0 with properties: 
name: GeForce RTX 2080 Ti major: 7 minor: 5 memoryClockRate(GHz): 1.65
pciBusID: 0000:73:00.0
2020-10-05 20:44:18.491908: I tensorflow/stream_executor/platform/default/dso_loader.cc:44] Successfully opened dynamic library cudart64_100.dll
2020-10-05 20:44:18.492250: I tensorflow/stream_executor/platform/default/dso_loader.cc:44] Successfully opened dynamic library cublas64_100.dll
2020-10-05 20:44:18.492591: I tensorflow/stream_executor/platform/default/dso_loader.cc:44] Successfully opened dynamic library cufft64_100.dll
2020-10-05 20:44:18.492926: I tensorflow/stream_executor/platform/default/dso_loader.cc:44] Successfully opened dynamic library curand64_100.dll
2020-10-05 20:44:18.493273: I tensorflow/stream_executor/platform/default/dso_loader.cc:44] Successfully opened dynamic library cusolver64_100.dll
2020-10-05 20:44:18.493617: I tensorflow/stream_executor/platform/default/dso_loader.cc:44] Successfully opened dynamic library cusparse64_100.dll
2020-10-05 20:44:18.493961: I tensorflow/stream_executor/platform/default/dso_loader.cc:44] Successfully opened dynamic library cudnn64_7.dll
2020-10-05 20:44:18.494513: I tensorflow/core/common_runtime/gpu/gpu_device.cc:1746] Adding visible gpu devices: 0
2020-10-05 20:44:18.494817: I tensorflow/core/common_runtime/gpu/gpu_device.cc:1159] Device interconnect StreamExecutor with strength 1 edge matrix:
2020-10-05 20:44:18.495163: I tensorflow/core/common_runtime/gpu/gpu_device.cc:1165]      0 
2020-10-05 20:44:18.495381: I tensorflow/core/common_runtime/gpu/gpu_device.cc:1178] 0:   N 
2020-10-05 20:44:18.495862: I tensorflow/core/common_runtime/gpu/gpu_device.cc:1304] Created TensorFlow device (/job:localhost/replica:0/task:0/device:GPU:0 with 8686 MB memory) -> physical GPU (device: 0, name: GeForce RTX 2080 Ti, pci bus id: 0000:73:00.0, compute capability: 7.5)
[  FAILED  ] CompilationEnabledInGradientTest.testCompilationInGradient_function
[ RUN      ] CompilationEnabledInGradientTest.testCompilationInGradient_v1_graph
2020-10-05 20:44:18.504964: I tensorflow/core/common_runtime/gpu/gpu_device.cc:1618] Found device 0 with properties: 
name: GeForce RTX 2080 Ti major: 7 minor: 5 memoryClockRate(GHz): 1.65
pciBusID: 0000:73:00.0
2020-10-05 20:44:18.505471: I tensorflow/stream_executor/platform/default/dso_loader.cc:44] Successfully opened dynamic library cudart64_100.dll
2020-10-05 20:44:18.505816: I tensorflow/stream_executor/platform/default/dso_loader.cc:44] Successfully opened dynamic library cublas64_100.dll
2020-10-05 20:44:18.506152: I tensorflow/stream_executor/platform/default/dso_loader.cc:44] Successfully opened dynamic library cufft64_100.dll
2020-10-05 20:44:18.506487: I tensorflow/stream_executor/platform/default/dso_loader.cc:44] Successfully opened dynamic library curand64_100.dll
2020-10-05 20:44:18.506823: I tensorflow/stream_executor/platform/default/dso_loader.cc:44] Successfully opened dynamic library cusolver64_100.dll
2020-10-05 20:44:18.507163: I tensorflow/stream_executor/platform/default/dso_loader.cc:44] Successfully opened dynamic library cusparse64_100.dll
2020-10-05 20:44:18.507514: I tensorflow/stream_executor/platform/default/dso_loader.cc:44] Successfully opened dynamic library cudnn64_7.dll
2020-10-05 20:44:18.508067: I tensorflow/core/common_runtime/gpu/gpu_device.cc:1746] Adding visible gpu devices: 0
2020-10-05 20:44:18.508370: I tensorflow/core/common_runtime/gpu/gpu_device.cc:1159] Device interconnect StreamExecutor with strength 1 edge matrix:
2020-10-05 20:44:18.508716: I tensorflow/core/common_runtime/gpu/gpu_device.cc:1165]      0 
2020-10-05 20:44:18.508933: I tensorflow/core/common_runtime/gpu/gpu_device.cc:1178] 0:   N 
2020-10-05 20:44:18.509402: I tensorflow/core/common_runtime/gpu/gpu_device.cc:1304] Created TensorFlow device (/job:localhost/replica:0/task:0/device:GPU:0 with 8686 MB memory) -> physical GPU (device: 0, name: GeForce RTX 2080 Ti, pci bus id: 0000:73:00.0, compute capability: 7.5)
[  FAILED  ] CompilationEnabledInGradientTest.testCompilationInGradient_v1_graph
[ RUN      ] CompilationEnabledInGradientTest.testCompilationSeparateGradientScopeNames_function
WARNING:tensorflow:Entity <function build_as_function_and_v1_graph.<locals>.decorator.<locals>.decorated.<locals>.function_in_eager at 0x0000021A498C1730> could not be transformed and will be executed as-is. Please report this to the AutoGraph team. When filing the bug, set the verbosity to 10 (on Linux, `export AUTOGRAPH_VERBOSITY=10`) and attach the full output. Cause: 'NoneType' object has no attribute '_fields'
W1005 20:44:18.545246 13140 ag_logging.py:146] Entity <function build_as_function_and_v1_graph.<locals>.decorator.<locals>.decorated.<locals>.function_in_eager at 0x0000021A498C1730> could not be transformed and will be executed as-is. Please report this to the AutoGraph team. When filing the bug, set the verbosity to 10 (on Linux, `export AUTOGRAPH_VERBOSITY=10`) and attach the full output. Cause: 'NoneType' object has no attribute '_fields'
2020-10-05 20:44:18.545854: I tensorflow/core/common_runtime/gpu/gpu_device.cc:1618] Found device 0 with properties: 
name: GeForce RTX 2080 Ti major: 7 minor: 5 memoryClockRate(GHz): 1.65
pciBusID: 0000:73:00.0
2020-10-05 20:44:18.546408: I tensorflow/stream_executor/platform/default/dso_loader.cc:44] Successfully opened dynamic library cudart64_100.dll
2020-10-05 20:44:18.546767: I tensorflow/stream_executor/platform/default/dso_loader.cc:44] Successfully opened dynamic library cublas64_100.dll
2020-10-05 20:44:18.547107: I tensorflow/stream_executor/platform/default/dso_loader.cc:44] Successfully opened dynamic library cufft64_100.dll
2020-10-05 20:44:18.547444: I tensorflow/stream_executor/platform/default/dso_loader.cc:44] Successfully opened dynamic library curand64_100.dll
2020-10-05 20:44:18.547780: I tensorflow/stream_executor/platform/default/dso_loader.cc:44] Successfully opened dynamic library cusolver64_100.dll
2020-10-05 20:44:18.548121: I tensorflow/stream_executor/platform/default/dso_loader.cc:44] Successfully opened dynamic library cusparse64_100.dll
2020-10-05 20:44:18.548462: I tensorflow/stream_executor/platform/default/dso_loader.cc:44] Successfully opened dynamic library cudnn64_7.dll
2020-10-05 20:44:18.549042: I tensorflow/core/common_runtime/gpu/gpu_device.cc:1746] Adding visible gpu devices: 0
2020-10-05 20:44:18.549417: I tensorflow/core/common_runtime/gpu/gpu_device.cc:1159] Device interconnect StreamExecutor with strength 1 edge matrix:
2020-10-05 20:44:18.549801: I tensorflow/core/common_runtime/gpu/gpu_device.cc:1165]      0 
2020-10-05 20:44:18.550018: I tensorflow/core/common_runtime/gpu/gpu_device.cc:1178] 0:   N 
2020-10-05 20:44:18.550523: I tensorflow/core/common_runtime/gpu/gpu_device.cc:1304] Created TensorFlow device (/job:localhost/replica:0/task:0/device:GPU:0 with 8686 MB memory) -> physical GPU (device: 0, name: GeForce RTX 2080 Ti, pci bus id: 0000:73:00.0, compute capability: 7.5)
[  FAILED  ] CompilationEnabledInGradientTest.testCompilationSeparateGradientScopeNames_function
[ RUN      ] CompilationEnabledInGradientTest.testCompilationSeparateGradientScopeNames_v1_graph
2020-10-05 20:44:18.556125: I tensorflow/core/common_runtime/gpu/gpu_device.cc:1618] Found device 0 with properties: 
name: GeForce RTX 2080 Ti major: 7 minor: 5 memoryClockRate(GHz): 1.65
pciBusID: 0000:73:00.0
2020-10-05 20:44:18.556632: I tensorflow/stream_executor/platform/default/dso_loader.cc:44] Successfully opened dynamic library cudart64_100.dll
2020-10-05 20:44:18.556971: I tensorflow/stream_executor/platform/default/dso_loader.cc:44] Successfully opened dynamic library cublas64_100.dll
2020-10-05 20:44:18.557319: I tensorflow/stream_executor/platform/default/dso_loader.cc:44] Successfully opened dynamic library cufft64_100.dll
2020-10-05 20:44:18.557657: I tensorflow/stream_executor/platform/default/dso_loader.cc:44] Successfully opened dynamic library curand64_100.dll
2020-10-05 20:44:18.557996: I tensorflow/stream_executor/platform/default/dso_loader.cc:44] Successfully opened dynamic library cusolver64_100.dll
2020-10-05 20:44:18.558338: I tensorflow/stream_executor/platform/default/dso_loader.cc:44] Successfully opened dynamic library cusparse64_100.dll
2020-10-05 20:44:18.558679: I tensorflow/stream_executor/platform/default/dso_loader.cc:44] Successfully opened dynamic library cudnn64_7.dll
2020-10-05 20:44:18.559230: I tensorflow/core/common_runtime/gpu/gpu_device.cc:1746] Adding visible gpu devices: 0
2020-10-05 20:44:18.559527: I tensorflow/core/common_runtime/gpu/gpu_device.cc:1159] Device interconnect StreamExecutor with strength 1 edge matrix:
2020-10-05 20:44:18.559873: I tensorflow/core/common_runtime/gpu/gpu_device.cc:1165]      0 
2020-10-05 20:44:18.560094: I tensorflow/core/common_runtime/gpu/gpu_device.cc:1178] 0:   N 
2020-10-05 20:44:18.560563: I tensorflow/core/common_runtime/gpu/gpu_device.cc:1304] Created TensorFlow device (/job:localhost/replica:0/task:0/device:GPU:0 with 8686 MB memory) -> physical GPU (device: 0, name: GeForce RTX 2080 Ti, pci bus id: 0000:73:00.0, compute capability: 7.5)
[  FAILED  ] CompilationEnabledInGradientTest.testCompilationSeparateGradientScopeNames_v1_graph
[ RUN      ] CompilationEnabledInGradientTest.testPlaysNicelyWithDefunSeparateGradientScope_function
WARNING:tensorflow:Entity <function build_as_function_and_v1_graph.<locals>.decorator.<locals>.decorated.<locals>.function_in_eager at 0x0000021A7FD42B70> could not be transformed and will be executed as-is. Please report this to the AutoGraph team. When filing the bug, set the verbosity to 10 (on Linux, `export AUTOGRAPH_VERBOSITY=10`) and attach the full output. Cause: 'NoneType' object has no attribute '_fields'
W1005 20:44:18.592067 13140 ag_logging.py:146] Entity <function build_as_function_and_v1_graph.<locals>.decorator.<locals>.decorated.<locals>.function_in_eager at 0x0000021A7FD42B70> could not be transformed and will be executed as-is. Please report this to the AutoGraph team. When filing the bug, set the verbosity to 10 (on Linux, `export AUTOGRAPH_VERBOSITY=10`) and attach the full output. Cause: 'NoneType' object has no attribute '_fields'
2020-10-05 20:44:18.593145: I tensorflow/core/common_runtime/gpu/gpu_device.cc:1618] Found device 0 with properties: 
name: GeForce RTX 2080 Ti major: 7 minor: 5 memoryClockRate(GHz): 1.65
pciBusID: 0000:73:00.0
2020-10-05 20:44:18.593738: I tensorflow/stream_executor/platform/default/dso_loader.cc:44] Successfully opened dynamic library cudart64_100.dll
2020-10-05 20:44:18.594151: I tensorflow/stream_executor/platform/default/dso_loader.cc:44] Successfully opened dynamic library cublas64_100.dll
2020-10-05 20:44:18.594541: I tensorflow/stream_executor/platform/default/dso_loader.cc:44] Successfully opened dynamic library cufft64_100.dll
2020-10-05 20:44:18.594928: I tensorflow/stream_executor/platform/default/dso_loader.cc:44] Successfully opened dynamic library curand64_100.dll
2020-10-05 20:44:18.595315: I tensorflow/stream_executor/platform/default/dso_loader.cc:44] Successfully opened dynamic library cusolver64_100.dll
2020-10-05 20:44:18.595710: I tensorflow/stream_executor/platform/default/dso_loader.cc:44] Successfully opened dynamic library cusparse64_100.dll
2020-10-05 20:44:18.596107: I tensorflow/stream_executor/platform/default/dso_loader.cc:44] Successfully opened dynamic library cudnn64_7.dll
2020-10-05 20:44:18.596703: I tensorflow/core/common_runtime/gpu/gpu_device.cc:1746] Adding visible gpu devices: 0
2020-10-05 20:44:18.597040: I tensorflow/core/common_runtime/gpu/gpu_device.cc:1159] Device interconnect StreamExecutor with strength 1 edge matrix:
2020-10-05 20:44:18.597456: I tensorflow/core/common_runtime/gpu/gpu_device.cc:1165]      0 
2020-10-05 20:44:18.597719: I tensorflow/core/common_runtime/gpu/gpu_device.cc:1178] 0:   N 
2020-10-05 20:44:18.598228: I tensorflow/core/common_runtime/gpu/gpu_device.cc:1304] Created TensorFlow device (/job:localhost/replica:0/task:0/device:GPU:0 with 8686 MB memory) -> physical GPU (device: 0, name: GeForce RTX 2080 Ti, pci bus id: 0000:73:00.0, compute capability: 7.5)
[  FAILED  ] CompilationEnabledInGradientTest.testPlaysNicelyWithDefunSeparateGradientScope_function
[ RUN      ] CompilationEnabledInGradientTest.testPlaysNicelyWithDefunSeparateGradientScope_v1_graph
2020-10-05 20:44:18.618934: I tensorflow/core/common_runtime/gpu/gpu_device.cc:1618] Found device 0 with properties: 
name: GeForce RTX 2080 Ti major: 7 minor: 5 memoryClockRate(GHz): 1.65
pciBusID: 0000:73:00.0
2020-10-05 20:44:18.619453: I tensorflow/stream_executor/platform/default/dso_loader.cc:44] Successfully opened dynamic library cudart64_100.dll
2020-10-05 20:44:18.619793: I tensorflow/stream_executor/platform/default/dso_loader.cc:44] Successfully opened dynamic library cublas64_100.dll
2020-10-05 20:44:18.620134: I tensorflow/stream_executor/platform/default/dso_loader.cc:44] Successfully opened dynamic library cufft64_100.dll
2020-10-05 20:44:18.620480: I tensorflow/stream_executor/platform/default/dso_loader.cc:44] Successfully opened dynamic library curand64_100.dll
2020-10-05 20:44:18.620822: I tensorflow/stream_executor/platform/default/dso_loader.cc:44] Successfully opened dynamic library cusolver64_100.dll
2020-10-05 20:44:18.621167: I tensorflow/stream_executor/platform/default/dso_loader.cc:44] Successfully opened dynamic library cusparse64_100.dll
2020-10-05 20:44:18.621509: I tensorflow/stream_executor/platform/default/dso_loader.cc:44] Successfully opened dynamic library cudnn64_7.dll
2020-10-05 20:44:18.622056: I tensorflow/core/common_runtime/gpu/gpu_device.cc:1746] Adding visible gpu devices: 0
2020-10-05 20:44:18.622359: I tensorflow/core/common_runtime/gpu/gpu_device.cc:1159] Device interconnect StreamExecutor with strength 1 edge matrix:
2020-10-05 20:44:18.622707: I tensorflow/core/common_runtime/gpu/gpu_device.cc:1165]      0 
2020-10-05 20:44:18.622926: I tensorflow/core/common_runtime/gpu/gpu_device.cc:1178] 0:   N 
2020-10-05 20:44:18.623456: I tensorflow/core/common_runtime/gpu/gpu_device.cc:1304] Created TensorFlow device (/job:localhost/replica:0/task:0/device:GPU:0 with 8686 MB memory) -> physical GPU (device: 0, name: GeForce RTX 2080 Ti, pci bus id: 0000:73:00.0, compute capability: 7.5)
[  FAILED  ] CompilationEnabledInGradientTest.testPlaysNicelyWithDefunSeparateGradientScope_v1_graph
[ RUN      ] CompilationEnabledInGradientTest.testPlaysNicelyWithDefun_function
WARNING:tensorflow:Entity <function build_as_function_and_v1_graph.<locals>.decorator.<locals>.decorated.<locals>.function_in_eager at 0x0000021A7FD42B70> could not be transformed and will be executed as-is. Please report this to the AutoGraph team. When filing the bug, set the verbosity to 10 (on Linux, `export AUTOGRAPH_VERBOSITY=10`) and attach the full output. Cause: 'NoneType' object has no attribute '_fields'
W1005 20:44:18.654601 13140 ag_logging.py:146] Entity <function build_as_function_and_v1_graph.<locals>.decorator.<locals>.decorated.<locals>.function_in_eager at 0x0000021A7FD42B70> could not be transformed and will be executed as-is. Please report this to the AutoGraph team. When filing the bug, set the verbosity to 10 (on Linux, `export AUTOGRAPH_VERBOSITY=10`) and attach the full output. Cause: 'NoneType' object has no attribute '_fields'
2020-10-05 20:44:18.661879: I tensorflow/core/common_runtime/gpu/gpu_device.cc:1618] Found device 0 with properties: 
name: GeForce RTX 2080 Ti major: 7 minor: 5 memoryClockRate(GHz): 1.65
pciBusID: 0000:73:00.0
2020-10-05 20:44:18.662397: I tensorflow/stream_executor/platform/default/dso_loader.cc:44] Successfully opened dynamic library cudart64_100.dll
2020-10-05 20:44:18.662744: I tensorflow/stream_executor/platform/default/dso_loader.cc:44] Successfully opened dynamic library cublas64_100.dll
2020-10-05 20:44:18.663086: I tensorflow/stream_executor/platform/default/dso_loader.cc:44] Successfully opened dynamic library cufft64_100.dll
2020-10-05 20:44:18.663421: I tensorflow/stream_executor/platform/default/dso_loader.cc:44] Successfully opened dynamic library curand64_100.dll
2020-10-05 20:44:18.663765: I tensorflow/stream_executor/platform/default/dso_loader.cc:44] Successfully opened dynamic library cusolver64_100.dll
2020-10-05 20:44:18.664114: I tensorflow/stream_executor/platform/default/dso_loader.cc:44] Successfully opened dynamic library cusparse64_100.dll
2020-10-05 20:44:18.664459: I tensorflow/stream_executor/platform/default/dso_loader.cc:44] Successfully opened dynamic library cudnn64_7.dll
2020-10-05 20:44:18.665012: I tensorflow/core/common_runtime/gpu/gpu_device.cc:1746] Adding visible gpu devices: 0
2020-10-05 20:44:18.665313: I tensorflow/core/common_runtime/gpu/gpu_device.cc:1159] Device interconnect StreamExecutor with strength 1 edge matrix:
2020-10-05 20:44:18.665659: I tensorflow/core/common_runtime/gpu/gpu_device.cc:1165]      0 
2020-10-05 20:44:18.665877: I tensorflow/core/common_runtime/gpu/gpu_device.cc:1178] 0:   N 
2020-10-05 20:44:18.666346: I tensorflow/core/common_runtime/gpu/gpu_device.cc:1304] Created TensorFlow device (/job:localhost/replica:0/task:0/device:GPU:0 with 8686 MB memory) -> physical GPU (device: 0, name: GeForce RTX 2080 Ti, pci bus id: 0000:73:00.0, compute capability: 7.5)
[  FAILED  ] CompilationEnabledInGradientTest.testPlaysNicelyWithDefun_function
[ RUN      ] CompilationEnabledInGradientTest.testPlaysNicelyWithDefun_v1_graph
2020-10-05 20:44:18.680684: I tensorflow/core/common_runtime/gpu/gpu_device.cc:1618] Found device 0 with properties: 
name: GeForce RTX 2080 Ti major: 7 minor: 5 memoryClockRate(GHz): 1.65
pciBusID: 0000:73:00.0
2020-10-05 20:44:18.682577: I tensorflow/stream_executor/platform/default/dso_loader.cc:44] Successfully opened dynamic library cudart64_100.dll
2020-10-05 20:44:18.683854: I tensorflow/stream_executor/platform/default/dso_loader.cc:44] Successfully opened dynamic library cublas64_100.dll
2020-10-05 20:44:18.685127: I tensorflow/stream_executor/platform/default/dso_loader.cc:44] Successfully opened dynamic library cufft64_100.dll
2020-10-05 20:44:18.686441: I tensorflow/stream_executor/platform/default/dso_loader.cc:44] Successfully opened dynamic library curand64_100.dll
2020-10-05 20:44:18.687714: I tensorflow/stream_executor/platform/default/dso_loader.cc:44] Successfully opened dynamic library cusolver64_100.dll
2020-10-05 20:44:18.689003: I tensorflow/stream_executor/platform/default/dso_loader.cc:44] Successfully opened dynamic library cusparse64_100.dll
2020-10-05 20:44:18.690297: I tensorflow/stream_executor/platform/default/dso_loader.cc:44] Successfully opened dynamic library cudnn64_7.dll
2020-10-05 20:44:18.692222: I tensorflow/core/common_runtime/gpu/gpu_device.cc:1746] Adding visible gpu devices: 0
2020-10-05 20:44:18.692541: I tensorflow/core/common_runtime/gpu/gpu_device.cc:1159] Device interconnect StreamExecutor with strength 1 edge matrix:
2020-10-05 20:44:18.692888: I tensorflow/core/common_runtime/gpu/gpu_device.cc:1165]      0 
2020-10-05 20:44:18.693105: I tensorflow/core/common_runtime/gpu/gpu_device.cc:1178] 0:   N 
2020-10-05 20:44:18.693581: I tensorflow/core/common_runtime/gpu/gpu_device.cc:1304] Created TensorFlow device (/job:localhost/replica:0/task:0/device:GPU:0 with 8686 MB memory) -> physical GPU (device: 0, name: GeForce RTX 2080 Ti, pci bus id: 0000:73:00.0, compute capability: 7.5)
[  FAILED  ] CompilationEnabledInGradientTest.testPlaysNicelyWithDefun_v1_graph
[ RUN      ] CompilationEnabledInGradientTest.test_session
[  SKIPPED ] CompilationEnabledInGradientTest.test_session
[ RUN      ] JITTest.testDefunInheritsJitScope_function
WARNING:tensorflow:Entity <function build_as_function_and_v1_graph.<locals>.decorator.<locals>.decorated.<locals>.function_in_eager at 0x0000021A7FD42B70> could not be transformed and will be executed as-is. Please report this to the AutoGraph team. When filing the bug, set the verbosity to 10 (on Linux, `export AUTOGRAPH_VERBOSITY=10`) and attach the full output. Cause: 'NoneType' object has no attribute '_fields'
W1005 20:44:18.717087 13140 ag_logging.py:146] Entity <function build_as_function_and_v1_graph.<locals>.decorator.<locals>.decorated.<locals>.function_in_eager at 0x0000021A7FD42B70> could not be transformed and will be executed as-is. Please report this to the AutoGraph team. When filing the bug, set the verbosity to 10 (on Linux, `export AUTOGRAPH_VERBOSITY=10`) and attach the full output. Cause: 'NoneType' object has no attribute '_fields'
2020-10-05 20:44:18.731689: I tensorflow/core/common_runtime/gpu/gpu_device.cc:1618] Found device 0 with properties: 
name: GeForce RTX 2080 Ti major: 7 minor: 5 memoryClockRate(GHz): 1.65
pciBusID: 0000:73:00.0
2020-10-05 20:44:18.732215: I tensorflow/stream_executor/platform/default/dso_loader.cc:44] Successfully opened dynamic library cudart64_100.dll
2020-10-05 20:44:18.732556: I tensorflow/stream_executor/platform/default/dso_loader.cc:44] Successfully opened dynamic library cublas64_100.dll
2020-10-05 20:44:18.732933: I tensorflow/stream_executor/platform/default/dso_loader.cc:44] Successfully opened dynamic library cufft64_100.dll
2020-10-05 20:44:18.733338: I tensorflow/stream_executor/platform/default/dso_loader.cc:44] Successfully opened dynamic library curand64_100.dll
2020-10-05 20:44:18.733760: I tensorflow/stream_executor/platform/default/dso_loader.cc:44] Successfully opened dynamic library cusolver64_100.dll
2020-10-05 20:44:18.734170: I tensorflow/stream_executor/platform/default/dso_loader.cc:44] Successfully opened dynamic library cusparse64_100.dll
2020-10-05 20:44:18.734541: I tensorflow/stream_executor/platform/default/dso_loader.cc:44] Successfully opened dynamic library cudnn64_7.dll
2020-10-05 20:44:18.735139: I tensorflow/core/common_runtime/gpu/gpu_device.cc:1746] Adding visible gpu devices: 0
2020-10-05 20:44:18.735469: I tensorflow/core/common_runtime/gpu/gpu_device.cc:1159] Device interconnect StreamExecutor with strength 1 edge matrix:
2020-10-05 20:44:18.735845: I tensorflow/core/common_runtime/gpu/gpu_device.cc:1165]      0 
2020-10-05 20:44:18.736079: I tensorflow/core/common_runtime/gpu/gpu_device.cc:1178] 0:   N 
2020-10-05 20:44:18.736632: I tensorflow/core/common_runtime/gpu/gpu_device.cc:1304] Created TensorFlow device (/job:localhost/replica:0/task:0/device:GPU:0 with 8686 MB memory) -> physical GPU (device: 0, name: GeForce RTX 2080 Ti, pci bus id: 0000:73:00.0, compute capability: 7.5)
[  FAILED  ] JITTest.testDefunInheritsJitScope_function
[ RUN      ] JITTest.testDefunInheritsJitScope_v1_graph
2020-10-05 20:44:18.742985: I tensorflow/core/common_runtime/gpu/gpu_device.cc:1618] Found device 0 with properties: 
name: GeForce RTX 2080 Ti major: 7 minor: 5 memoryClockRate(GHz): 1.65
pciBusID: 0000:73:00.0
2020-10-05 20:44:18.743544: I tensorflow/stream_executor/platform/default/dso_loader.cc:44] Successfully opened dynamic library cudart64_100.dll
2020-10-05 20:44:18.743885: I tensorflow/stream_executor/platform/default/dso_loader.cc:44] Successfully opened dynamic library cublas64_100.dll
2020-10-05 20:44:18.744232: I tensorflow/stream_executor/platform/default/dso_loader.cc:44] Successfully opened dynamic library cufft64_100.dll
2020-10-05 20:44:18.744571: I tensorflow/stream_executor/platform/default/dso_loader.cc:44] Successfully opened dynamic library curand64_100.dll
2020-10-05 20:44:18.744909: I tensorflow/stream_executor/platform/default/dso_loader.cc:44] Successfully opened dynamic library cusolver64_100.dll
2020-10-05 20:44:18.745252: I tensorflow/stream_executor/platform/default/dso_loader.cc:44] Successfully opened dynamic library cusparse64_100.dll
2020-10-05 20:44:18.745594: I tensorflow/stream_executor/platform/default/dso_loader.cc:44] Successfully opened dynamic library cudnn64_7.dll
2020-10-05 20:44:18.746144: I tensorflow/core/common_runtime/gpu/gpu_device.cc:1746] Adding visible gpu devices: 0
2020-10-05 20:44:18.746443: I tensorflow/core/common_runtime/gpu/gpu_device.cc:1159] Device interconnect StreamExecutor with strength 1 edge matrix:
2020-10-05 20:44:18.746789: I tensorflow/core/common_runtime/gpu/gpu_device.cc:1165]      0 
2020-10-05 20:44:18.747010: I tensorflow/core/common_runtime/gpu/gpu_device.cc:1178] 0:   N 
2020-10-05 20:44:18.747479: I tensorflow/core/common_runtime/gpu/gpu_device.cc:1304] Created TensorFlow device (/job:localhost/replica:0/task:0/device:GPU:0 with 8686 MB memory) -> physical GPU (device: 0, name: GeForce RTX 2080 Ti, pci bus id: 0000:73:00.0, compute capability: 7.5)
[  FAILED  ] JITTest.testDefunInheritsJitScope_v1_graph
[ RUN      ] JITTest.testDefunNoJitScope_function
WARNING:tensorflow:Entity <function build_as_function_and_v1_graph.<locals>.decorator.<locals>.decorated.<locals>.function_in_eager at 0x0000021A7FD42B70> could not be transformed and will be executed as-is. Please report this to the AutoGraph team. When filing the bug, set the verbosity to 10 (on Linux, `export AUTOGRAPH_VERBOSITY=10`) and attach the full output. Cause: 'NoneType' object has no attribute '_fields'
W1005 20:44:18.779577 13140 ag_logging.py:146] Entity <function build_as_function_and_v1_graph.<locals>.decorator.<locals>.decorated.<locals>.function_in_eager at 0x0000021A7FD42B70> could not be transformed and will be executed as-is. Please report this to the AutoGraph team. When filing the bug, set the verbosity to 10 (on Linux, `export AUTOGRAPH_VERBOSITY=10`) and attach the full output. Cause: 'NoneType' object has no attribute '_fields'
2020-10-05 20:44:18.780869: I tensorflow/core/common_runtime/gpu/gpu_device.cc:1618] Found device 0 with properties: 
name: GeForce RTX 2080 Ti major: 7 minor: 5 memoryClockRate(GHz): 1.65
pciBusID: 0000:73:00.0
2020-10-05 20:44:18.781383: I tensorflow/stream_executor/platform/default/dso_loader.cc:44] Successfully opened dynamic library cudart64_100.dll
2020-10-05 20:44:18.781725: I tensorflow/stream_executor/platform/default/dso_loader.cc:44] Successfully opened dynamic library cublas64_100.dll
2020-10-05 20:44:18.782065: I tensorflow/stream_executor/platform/default/dso_loader.cc:44] Successfully opened dynamic library cufft64_100.dll
2020-10-05 20:44:18.782402: I tensorflow/stream_executor/platform/default/dso_loader.cc:44] Successfully opened dynamic library curand64_100.dll
2020-10-05 20:44:18.782742: I tensorflow/stream_executor/platform/default/dso_loader.cc:44] Successfully opened dynamic library cusolver64_100.dll
2020-10-05 20:44:18.783091: I tensorflow/stream_executor/platform/default/dso_loader.cc:44] Successfully opened dynamic library cusparse64_100.dll
2020-10-05 20:44:18.783437: I tensorflow/stream_executor/platform/default/dso_loader.cc:44] Successfully opened dynamic library cudnn64_7.dll
2020-10-05 20:44:18.784039: I tensorflow/core/common_runtime/gpu/gpu_device.cc:1746] Adding visible gpu devices: 0
2020-10-05 20:44:18.784341: I tensorflow/core/common_runtime/gpu/gpu_device.cc:1159] Device interconnect StreamExecutor with strength 1 edge matrix:
2020-10-05 20:44:18.784687: I tensorflow/core/common_runtime/gpu/gpu_device.cc:1165]      0 
2020-10-05 20:44:18.784903: I tensorflow/core/common_runtime/gpu/gpu_device.cc:1178] 0:   N 
2020-10-05 20:44:18.785398: I tensorflow/core/common_runtime/gpu/gpu_device.cc:1304] Created TensorFlow device (/job:localhost/replica:0/task:0/device:GPU:0 with 8686 MB memory) -> physical GPU (device: 0, name: GeForce RTX 2080 Ti, pci bus id: 0000:73:00.0, compute capability: 7.5)
[       OK ] JITTest.testDefunNoJitScope_function
[ RUN      ] JITTest.testDefunNoJitScope_v1_graph
2020-10-05 20:44:18.791688: I tensorflow/core/common_runtime/gpu/gpu_device.cc:1618] Found device 0 with properties: 
name: GeForce RTX 2080 Ti major: 7 minor: 5 memoryClockRate(GHz): 1.65
pciBusID: 0000:73:00.0
2020-10-05 20:44:18.792231: I tensorflow/stream_executor/platform/default/dso_loader.cc:44] Successfully opened dynamic library cudart64_100.dll
2020-10-05 20:44:18.792601: I tensorflow/stream_executor/platform/default/dso_loader.cc:44] Successfully opened dynamic library cublas64_100.dll
2020-10-05 20:44:18.792941: I tensorflow/stream_executor/platform/default/dso_loader.cc:44] Successfully opened dynamic library cufft64_100.dll
2020-10-05 20:44:18.793276: I tensorflow/stream_executor/platform/default/dso_loader.cc:44] Successfully opened dynamic library curand64_100.dll
2020-10-05 20:44:18.793646: I tensorflow/stream_executor/platform/default/dso_loader.cc:44] Successfully opened dynamic library cusolver64_100.dll
2020-10-05 20:44:18.794011: I tensorflow/stream_executor/platform/default/dso_loader.cc:44] Successfully opened dynamic library cusparse64_100.dll
2020-10-05 20:44:18.794386: I tensorflow/stream_executor/platform/default/dso_loader.cc:44] Successfully opened dynamic library cudnn64_7.dll
2020-10-05 20:44:18.794956: I tensorflow/core/common_runtime/gpu/gpu_device.cc:1746] Adding visible gpu devices: 0
2020-10-05 20:44:18.795314: I tensorflow/core/common_runtime/gpu/gpu_device.cc:1159] Device interconnect StreamExecutor with strength 1 edge matrix:
2020-10-05 20:44:18.795687: I tensorflow/core/common_runtime/gpu/gpu_device.cc:1165]      0 
2020-10-05 20:44:18.795920: I tensorflow/core/common_runtime/gpu/gpu_device.cc:1178] 0:   N 
2020-10-05 20:44:18.796421: I tensorflow/core/common_runtime/gpu/gpu_device.cc:1304] Created TensorFlow device (/job:localhost/replica:0/task:0/device:GPU:0 with 8686 MB memory) -> physical GPU (device: 0, name: GeForce RTX 2080 Ti, pci bus id: 0000:73:00.0, compute capability: 7.5)
[       OK ] JITTest.testDefunNoJitScope_v1_graph
[ RUN      ] JITTest.testJITCreateOpsLambda_function
WARNING:tensorflow:Entity <function build_as_function_and_v1_graph.<locals>.decorator.<locals>.decorated.<locals>.function_in_eager at 0x0000021A498C1730> could not be transformed and will be executed as-is. Please report this to the AutoGraph team. When filing the bug, set the verbosity to 10 (on Linux, `export AUTOGRAPH_VERBOSITY=10`) and attach the full output. Cause: 'NoneType' object has no attribute '_fields'
W1005 20:44:18.826441 13140 ag_logging.py:146] Entity <function build_as_function_and_v1_graph.<locals>.decorator.<locals>.decorated.<locals>.function_in_eager at 0x0000021A498C1730> could not be transformed and will be executed as-is. Please report this to the AutoGraph team. When filing the bug, set the verbosity to 10 (on Linux, `export AUTOGRAPH_VERBOSITY=10`) and attach the full output. Cause: 'NoneType' object has no attribute '_fields'
2020-10-05 20:44:18.828525: I tensorflow/core/common_runtime/gpu/gpu_device.cc:1618] Found device 0 with properties: 
name: GeForce RTX 2080 Ti major: 7 minor: 5 memoryClockRate(GHz): 1.65
pciBusID: 0000:73:00.0
2020-10-05 20:44:18.829041: I tensorflow/stream_executor/platform/default/dso_loader.cc:44] Successfully opened dynamic library cudart64_100.dll
2020-10-05 20:44:18.829429: I tensorflow/stream_executor/platform/default/dso_loader.cc:44] Successfully opened dynamic library cublas64_100.dll
2020-10-05 20:44:18.829768: I tensorflow/stream_executor/platform/default/dso_loader.cc:44] Successfully opened dynamic library cufft64_100.dll
2020-10-05 20:44:18.830104: I tensorflow/stream_executor/platform/default/dso_loader.cc:44] Successfully opened dynamic library curand64_100.dll
2020-10-05 20:44:18.830440: I tensorflow/stream_executor/platform/default/dso_loader.cc:44] Successfully opened dynamic library cusolver64_100.dll
2020-10-05 20:44:18.830781: I tensorflow/stream_executor/platform/default/dso_loader.cc:44] Successfully opened dynamic library cusparse64_100.dll
2020-10-05 20:44:18.831122: I tensorflow/stream_executor/platform/default/dso_loader.cc:44] Successfully opened dynamic library cudnn64_7.dll
2020-10-05 20:44:18.831678: I tensorflow/core/common_runtime/gpu/gpu_device.cc:1746] Adding visible gpu devices: 0
2020-10-05 20:44:18.831984: I tensorflow/core/common_runtime/gpu/gpu_device.cc:1159] Device interconnect StreamExecutor with strength 1 edge matrix:
2020-10-05 20:44:18.832331: I tensorflow/core/common_runtime/gpu/gpu_device.cc:1165]      0 
2020-10-05 20:44:18.832550: I tensorflow/core/common_runtime/gpu/gpu_device.cc:1178] 0:   N 
2020-10-05 20:44:18.833019: I tensorflow/core/common_runtime/gpu/gpu_device.cc:1304] Created TensorFlow device (/job:localhost/replica:0/task:0/device:GPU:0 with 8686 MB memory) -> physical GPU (device: 0, name: GeForce RTX 2080 Ti, pci bus id: 0000:73:00.0, compute capability: 7.5)
2020-10-05 20:44:18.852102: I tensorflow/core/common_runtime/gpu/gpu_device.cc:1618] Found device 0 with properties: 
name: GeForce RTX 2080 Ti major: 7 minor: 5 memoryClockRate(GHz): 1.65
pciBusID: 0000:73:00.0
2020-10-05 20:44:18.853985: I tensorflow/stream_executor/platform/default/dso_loader.cc:44] Successfully opened dynamic library cudart64_100.dll
2020-10-05 20:44:18.855246: I tensorflow/stream_executor/platform/default/dso_loader.cc:44] Successfully opened dynamic library cublas64_100.dll
2020-10-05 20:44:18.856506: I tensorflow/stream_executor/platform/default/dso_loader.cc:44] Successfully opened dynamic library cufft64_100.dll
2020-10-05 20:44:18.857770: I tensorflow/stream_executor/platform/default/dso_loader.cc:44] Successfully opened dynamic library curand64_100.dll
2020-10-05 20:44:18.859032: I tensorflow/stream_executor/platform/default/dso_loader.cc:44] Successfully opened dynamic library cusolver64_100.dll
2020-10-05 20:44:18.860307: I tensorflow/stream_executor/platform/default/dso_loader.cc:44] Successfully opened dynamic library cusparse64_100.dll
2020-10-05 20:44:18.861578: I tensorflow/stream_executor/platform/default/dso_loader.cc:44] Successfully opened dynamic library cudnn64_7.dll
2020-10-05 20:44:18.863487: I tensorflow/core/common_runtime/gpu/gpu_device.cc:1746] Adding visible gpu devices: 0
2020-10-05 20:44:18.864583: I tensorflow/core/common_runtime/gpu/gpu_device.cc:1159] Device interconnect StreamExecutor with strength 1 edge matrix:
2020-10-05 20:44:18.865787: I tensorflow/core/common_runtime/gpu/gpu_device.cc:1165]      0 
2020-10-05 20:44:18.866374: I tensorflow/core/common_runtime/gpu/gpu_device.cc:1178] 0:   N 
2020-10-05 20:44:18.867536: I tensorflow/core/common_runtime/gpu/gpu_device.cc:1304] Created TensorFlow device (/job:localhost/replica:0/task:0/device:GPU:0 with 8686 MB memory) -> physical GPU (device: 0, name: GeForce RTX 2080 Ti, pci bus id: 0000:73:00.0, compute capability: 7.5)
2020-10-05 20:44:18.883823: I tensorflow/core/common_runtime/gpu/gpu_device.cc:1618] Found device 0 with properties: 
name: GeForce RTX 2080 Ti major: 7 minor: 5 memoryClockRate(GHz): 1.65
pciBusID: 0000:73:00.0
2020-10-05 20:44:18.884620: I tensorflow/stream_executor/platform/default/dso_loader.cc:44] Successfully opened dynamic library cudart64_100.dll
2020-10-05 20:44:18.885153: I tensorflow/stream_executor/platform/default/dso_loader.cc:44] Successfully opened dynamic library cublas64_100.dll
2020-10-05 20:44:18.885642: I tensorflow/stream_executor/platform/default/dso_loader.cc:44] Successfully opened dynamic library cufft64_100.dll
2020-10-05 20:44:18.885978: I tensorflow/stream_executor/platform/default/dso_loader.cc:44] Successfully opened dynamic library curand64_100.dll
2020-10-05 20:44:18.886335: I tensorflow/stream_executor/platform/default/dso_loader.cc:44] Successfully opened dynamic library cusolver64_100.dll
2020-10-05 20:44:18.886708: I tensorflow/stream_executor/platform/default/dso_loader.cc:44] Successfully opened dynamic library cusparse64_100.dll
2020-10-05 20:44:18.887075: I tensorflow/stream_executor/platform/default/dso_loader.cc:44] Successfully opened dynamic library cudnn64_7.dll
2020-10-05 20:44:18.887669: I tensorflow/core/common_runtime/gpu/gpu_device.cc:1746] Adding visible gpu devices: 0
2020-10-05 20:44:18.887965: I tensorflow/core/common_runtime/gpu/gpu_device.cc:1159] Device interconnect StreamExecutor with strength 1 edge matrix:
2020-10-05 20:44:18.888310: I tensorflow/core/common_runtime/gpu/gpu_device.cc:1165]      0 
2020-10-05 20:44:18.888526: I tensorflow/core/common_runtime/gpu/gpu_device.cc:1178] 0:   N 
2020-10-05 20:44:18.889000: I tensorflow/core/common_runtime/gpu/gpu_device.cc:1304] Created TensorFlow device (/job:localhost/replica:0/task:0/device:GPU:0 with 8686 MB memory) -> physical GPU (device: 0, name: GeForce RTX 2080 Ti, pci bus id: 0000:73:00.0, compute capability: 7.5)
2020-10-05 20:44:18.898298: I tensorflow/core/common_runtime/gpu/gpu_device.cc:1618] Found device 0 with properties: 
name: GeForce RTX 2080 Ti major: 7 minor: 5 memoryClockRate(GHz): 1.65
pciBusID: 0000:73:00.0
2020-10-05 20:44:18.898840: I tensorflow/stream_executor/platform/default/dso_loader.cc:44] Successfully opened dynamic library cudart64_100.dll
2020-10-05 20:44:18.899197: I tensorflow/stream_executor/platform/default/dso_loader.cc:44] Successfully opened dynamic library cublas64_100.dll
2020-10-05 20:44:18.899533: I tensorflow/stream_executor/platform/default/dso_loader.cc:44] Successfully opened dynamic library cufft64_100.dll
2020-10-05 20:44:18.899868: I tensorflow/stream_executor/platform/default/dso_loader.cc:44] Successfully opened dynamic library curand64_100.dll
2020-10-05 20:44:18.900204: I tensorflow/stream_executor/platform/default/dso_loader.cc:44] Successfully opened dynamic library cusolver64_100.dll
2020-10-05 20:44:18.900544: I tensorflow/stream_executor/platform/default/dso_loader.cc:44] Successfully opened dynamic library cusparse64_100.dll
2020-10-05 20:44:18.900918: I tensorflow/stream_executor/platform/default/dso_loader.cc:44] Successfully opened dynamic library cudnn64_7.dll
2020-10-05 20:44:18.901499: I tensorflow/core/common_runtime/gpu/gpu_device.cc:1746] Adding visible gpu devices: 0
2020-10-05 20:44:18.901817: I tensorflow/core/common_runtime/gpu/gpu_device.cc:1159] Device interconnect StreamExecutor with strength 1 edge matrix:
2020-10-05 20:44:18.902187: I tensorflow/core/common_runtime/gpu/gpu_device.cc:1165]      0 
2020-10-05 20:44:18.902429: I tensorflow/core/common_runtime/gpu/gpu_device.cc:1178] 0:   N 
2020-10-05 20:44:18.902889: I tensorflow/core/common_runtime/gpu/gpu_device.cc:1304] Created TensorFlow device (/job:localhost/replica:0/task:0/device:GPU:0 with 8686 MB memory) -> physical GPU (device: 0, name: GeForce RTX 2080 Ti, pci bus id: 0000:73:00.0, compute capability: 7.5)
2020-10-05 20:44:18.911959: I tensorflow/core/common_runtime/gpu/gpu_device.cc:1618] Found device 0 with properties: 
name: GeForce RTX 2080 Ti major: 7 minor: 5 memoryClockRate(GHz): 1.65
pciBusID: 0000:73:00.0
2020-10-05 20:44:18.912504: I tensorflow/stream_executor/platform/default/dso_loader.cc:44] Successfully opened dynamic library cudart64_100.dll
2020-10-05 20:44:18.912882: I tensorflow/stream_executor/platform/default/dso_loader.cc:44] Successfully opened dynamic library cublas64_100.dll
2020-10-05 20:44:18.913249: I tensorflow/stream_executor/platform/default/dso_loader.cc:44] Successfully opened dynamic library cufft64_100.dll
2020-10-05 20:44:18.913610: I tensorflow/stream_executor/platform/default/dso_loader.cc:44] Successfully opened dynamic library curand64_100.dll
2020-10-05 20:44:18.914029: I tensorflow/stream_executor/platform/default/dso_loader.cc:44] Successfully opened dynamic library cusolver64_100.dll
2020-10-05 20:44:18.914370: I tensorflow/stream_executor/platform/default/dso_loader.cc:44] Successfully opened dynamic library cusparse64_100.dll
2020-10-05 20:44:18.914710: I tensorflow/stream_executor/platform/default/dso_loader.cc:44] Successfully opened dynamic library cudnn64_7.dll
2020-10-05 20:44:18.915281: I tensorflow/core/common_runtime/gpu/gpu_device.cc:1746] Adding visible gpu devices: 0
2020-10-05 20:44:18.915577: I tensorflow/core/common_runtime/gpu/gpu_device.cc:1159] Device interconnect StreamExecutor with strength 1 edge matrix:
2020-10-05 20:44:18.915956: I tensorflow/core/common_runtime/gpu/gpu_device.cc:1165]      0 
2020-10-05 20:44:18.916191: I tensorflow/core/common_runtime/gpu/gpu_device.cc:1178] 0:   N 
2020-10-05 20:44:18.916684: I tensorflow/core/common_runtime/gpu/gpu_device.cc:1304] Created TensorFlow device (/job:localhost/replica:0/task:0/device:GPU:0 with 8686 MB memory) -> physical GPU (device: 0, name: GeForce RTX 2080 Ti, pci bus id: 0000:73:00.0, compute capability: 7.5)
WARNING:tensorflow:From C:\ProgramData\Anaconda3\envs\keras\lib\site-packages\tensorflow_core\python\framework\test_util.py:1137: py_func (from tensorflow.python.ops.script_ops) is deprecated and will be removed in a future version.
Instructions for updating:
tf.py_func is deprecated in TF V2. Instead, there are two
    options available in V2.
    - tf.py_function takes a python function which manipulates tf eager
    tensors instead of numpy arrays. It's easy to convert a tf eager tensor to
    an ndarray (just call tensor.numpy()) but having access to eager tensors
    means `tf.py_function`s can use accelerators such as GPUs as well as
    being differentiable using a gradient tape.
    - tf.numpy_function maintains the semantics of the deprecated tf.py_func
    (it is not differentiable, and manipulates numpy arrays). It drops the
    stateful argument making all functions stateful.
    
W1005 20:44:18.920172 13140 deprecation.py:323] From C:\ProgramData\Anaconda3\envs\keras\lib\site-packages\tensorflow_core\python\framework\test_util.py:1137: py_func (from tensorflow.python.ops.script_ops) is deprecated and will be removed in a future version.
Instructions for updating:
tf.py_func is deprecated in TF V2. Instead, there are two
    options available in V2.
    - tf.py_function takes a python function which manipulates tf eager
    tensors instead of numpy arrays. It's easy to convert a tf eager tensor to
    an ndarray (just call tensor.numpy()) but having access to eager tensors
    means `tf.py_function`s can use accelerators such as GPUs as well as
    being differentiable using a gradient tape.
    - tf.numpy_function maintains the semantics of the deprecated tf.py_func
    (it is not differentiable, and manipulates numpy arrays). It drops the
    stateful argument making all functions stateful.
    
[       OK ] JITTest.testJITCreateOpsLambda_function
[ RUN      ] JITTest.testJITCreateOpsLambda_v1_graph
2020-10-05 20:44:18.937293: I tensorflow/core/common_runtime/gpu/gpu_device.cc:1618] Found device 0 with properties: 
name: GeForce RTX 2080 Ti major: 7 minor: 5 memoryClockRate(GHz): 1.65
pciBusID: 0000:73:00.0
2020-10-05 20:44:18.937827: I tensorflow/stream_executor/platform/default/dso_loader.cc:44] Successfully opened dynamic library cudart64_100.dll
2020-10-05 20:44:18.938167: I tensorflow/stream_executor/platform/default/dso_loader.cc:44] Successfully opened dynamic library cublas64_100.dll
2020-10-05 20:44:18.938505: I tensorflow/stream_executor/platform/default/dso_loader.cc:44] Successfully opened dynamic library cufft64_100.dll
2020-10-05 20:44:18.938849: I tensorflow/stream_executor/platform/default/dso_loader.cc:44] Successfully opened dynamic library curand64_100.dll
2020-10-05 20:44:18.939186: I tensorflow/stream_executor/platform/default/dso_loader.cc:44] Successfully opened dynamic library cusolver64_100.dll
2020-10-05 20:44:18.939576: I tensorflow/stream_executor/platform/default/dso_loader.cc:44] Successfully opened dynamic library cusparse64_100.dll
2020-10-05 20:44:18.939918: I tensorflow/stream_executor/platform/default/dso_loader.cc:44] Successfully opened dynamic library cudnn64_7.dll
2020-10-05 20:44:18.940472: I tensorflow/core/common_runtime/gpu/gpu_device.cc:1746] Adding visible gpu devices: 0
2020-10-05 20:44:18.940769: I tensorflow/core/common_runtime/gpu/gpu_device.cc:1159] Device interconnect StreamExecutor with strength 1 edge matrix:
2020-10-05 20:44:18.941115: I tensorflow/core/common_runtime/gpu/gpu_device.cc:1165]      0 
2020-10-05 20:44:18.941332: I tensorflow/core/common_runtime/gpu/gpu_device.cc:1178] 0:   N 
2020-10-05 20:44:18.941794: I tensorflow/core/common_runtime/gpu/gpu_device.cc:1304] Created TensorFlow device (/job:localhost/replica:0/task:0/device:GPU:0 with 8686 MB memory) -> physical GPU (device: 0, name: GeForce RTX 2080 Ti, pci bus id: 0000:73:00.0, compute capability: 7.5)
2020-10-05 20:44:18.956285: I tensorflow/core/common_runtime/gpu/gpu_device.cc:1618] Found device 0 with properties: 
name: GeForce RTX 2080 Ti major: 7 minor: 5 memoryClockRate(GHz): 1.65
pciBusID: 0000:73:00.0
2020-10-05 20:44:18.956837: I tensorflow/stream_executor/platform/default/dso_loader.cc:44] Successfully opened dynamic library cudart64_100.dll
2020-10-05 20:44:18.957175: I tensorflow/stream_executor/platform/default/dso_loader.cc:44] Successfully opened dynamic library cublas64_100.dll
2020-10-05 20:44:18.957512: I tensorflow/stream_executor/platform/default/dso_loader.cc:44] Successfully opened dynamic library cufft64_100.dll
2020-10-05 20:44:18.957845: I tensorflow/stream_executor/platform/default/dso_loader.cc:44] Successfully opened dynamic library curand64_100.dll
2020-10-05 20:44:18.958182: I tensorflow/stream_executor/platform/default/dso_loader.cc:44] Successfully opened dynamic library cusolver64_100.dll
2020-10-05 20:44:18.958532: I tensorflow/stream_executor/platform/default/dso_loader.cc:44] Successfully opened dynamic library cusparse64_100.dll
2020-10-05 20:44:18.958875: I tensorflow/stream_executor/platform/default/dso_loader.cc:44] Successfully opened dynamic library cudnn64_7.dll
2020-10-05 20:44:18.959428: I tensorflow/core/common_runtime/gpu/gpu_device.cc:1746] Adding visible gpu devices: 0
2020-10-05 20:44:18.959726: I tensorflow/core/common_runtime/gpu/gpu_device.cc:1159] Device interconnect StreamExecutor with strength 1 edge matrix:
2020-10-05 20:44:18.960073: I tensorflow/core/common_runtime/gpu/gpu_device.cc:1165]      0 
2020-10-05 20:44:18.960288: I tensorflow/core/common_runtime/gpu/gpu_device.cc:1178] 0:   N 
2020-10-05 20:44:18.960749: I tensorflow/core/common_runtime/gpu/gpu_device.cc:1304] Created TensorFlow device (/job:localhost/replica:0/task:0/device:GPU:0 with 8686 MB memory) -> physical GPU (device: 0, name: GeForce RTX 2080 Ti, pci bus id: 0000:73:00.0, compute capability: 7.5)
2020-10-05 20:44:18.975228: I tensorflow/core/common_runtime/gpu/gpu_device.cc:1618] Found device 0 with properties: 
name: GeForce RTX 2080 Ti major: 7 minor: 5 memoryClockRate(GHz): 1.65
pciBusID: 0000:73:00.0
2020-10-05 20:44:18.975774: I tensorflow/stream_executor/platform/default/dso_loader.cc:44] Successfully opened dynamic library cudart64_100.dll
2020-10-05 20:44:18.976131: I tensorflow/stream_executor/platform/default/dso_loader.cc:44] Successfully opened dynamic library cublas64_100.dll
2020-10-05 20:44:18.976470: I tensorflow/stream_executor/platform/default/dso_loader.cc:44] Successfully opened dynamic library cufft64_100.dll
2020-10-05 20:44:18.976805: I tensorflow/stream_executor/platform/default/dso_loader.cc:44] Successfully opened dynamic library curand64_100.dll
2020-10-05 20:44:18.977140: I tensorflow/stream_executor/platform/default/dso_loader.cc:44] Successfully opened dynamic library cusolver64_100.dll
2020-10-05 20:44:18.977480: I tensorflow/stream_executor/platform/default/dso_loader.cc:44] Successfully opened dynamic library cusparse64_100.dll
2020-10-05 20:44:18.977827: I tensorflow/stream_executor/platform/default/dso_loader.cc:44] Successfully opened dynamic library cudnn64_7.dll
2020-10-05 20:44:18.978373: I tensorflow/core/common_runtime/gpu/gpu_device.cc:1746] Adding visible gpu devices: 0
2020-10-05 20:44:18.978677: I tensorflow/core/common_runtime/gpu/gpu_device.cc:1159] Device interconnect StreamExecutor with strength 1 edge matrix:
2020-10-05 20:44:18.979027: I tensorflow/core/common_runtime/gpu/gpu_device.cc:1165]      0 
2020-10-05 20:44:18.979246: I tensorflow/core/common_runtime/gpu/gpu_device.cc:1178] 0:   N 
2020-10-05 20:44:18.979708: I tensorflow/core/common_runtime/gpu/gpu_device.cc:1304] Created TensorFlow device (/job:localhost/replica:0/task:0/device:GPU:0 with 8686 MB memory) -> physical GPU (device: 0, name: GeForce RTX 2080 Ti, pci bus id: 0000:73:00.0, compute capability: 7.5)
2020-10-05 20:44:18.994266: I tensorflow/core/common_runtime/gpu/gpu_device.cc:1618] Found device 0 with properties: 
name: GeForce RTX 2080 Ti major: 7 minor: 5 memoryClockRate(GHz): 1.65
pciBusID: 0000:73:00.0
2020-10-05 20:44:18.994820: I tensorflow/stream_executor/platform/default/dso_loader.cc:44] Successfully opened dynamic library cudart64_100.dll
2020-10-05 20:44:18.995157: I tensorflow/stream_executor/platform/default/dso_loader.cc:44] Successfully opened dynamic library cublas64_100.dll
2020-10-05 20:44:18.995503: I tensorflow/stream_executor/platform/default/dso_loader.cc:44] Successfully opened dynamic library cufft64_100.dll
2020-10-05 20:44:18.995838: I tensorflow/stream_executor/platform/default/dso_loader.cc:44] Successfully opened dynamic library curand64_100.dll
2020-10-05 20:44:18.996178: I tensorflow/stream_executor/platform/default/dso_loader.cc:44] Successfully opened dynamic library cusolver64_100.dll
2020-10-05 20:44:18.996521: I tensorflow/stream_executor/platform/default/dso_loader.cc:44] Successfully opened dynamic library cusparse64_100.dll
2020-10-05 20:44:18.996861: I tensorflow/stream_executor/platform/default/dso_loader.cc:44] Successfully opened dynamic library cudnn64_7.dll
2020-10-05 20:44:18.997406: I tensorflow/core/common_runtime/gpu/gpu_device.cc:1746] Adding visible gpu devices: 0
2020-10-05 20:44:18.997700: I tensorflow/core/common_runtime/gpu/gpu_device.cc:1159] Device interconnect StreamExecutor with strength 1 edge matrix:
2020-10-05 20:44:18.998045: I tensorflow/core/common_runtime/gpu/gpu_device.cc:1165]      0 
2020-10-05 20:44:18.998297: I tensorflow/core/common_runtime/gpu/gpu_device.cc:1178] 0:   N 
2020-10-05 20:44:18.998889: I tensorflow/core/common_runtime/gpu/gpu_device.cc:1304] Created TensorFlow device (/job:localhost/replica:0/task:0/device:GPU:0 with 8686 MB memory) -> physical GPU (device: 0, name: GeForce RTX 2080 Ti, pci bus id: 0000:73:00.0, compute capability: 7.5)
2020-10-05 20:44:19.013738: I tensorflow/core/common_runtime/gpu/gpu_device.cc:1618] Found device 0 with properties: 
name: GeForce RTX 2080 Ti major: 7 minor: 5 memoryClockRate(GHz): 1.65
pciBusID: 0000:73:00.0
2020-10-05 20:44:19.014353: I tensorflow/stream_executor/platform/default/dso_loader.cc:44] Successfully opened dynamic library cudart64_100.dll
2020-10-05 20:44:19.014776: I tensorflow/stream_executor/platform/default/dso_loader.cc:44] Successfully opened dynamic library cublas64_100.dll
2020-10-05 20:44:19.015200: I tensorflow/stream_executor/platform/default/dso_loader.cc:44] Successfully opened dynamic library cufft64_100.dll
2020-10-05 20:44:19.015535: I tensorflow/stream_executor/platform/default/dso_loader.cc:44] Successfully opened dynamic library curand64_100.dll
2020-10-05 20:44:19.015879: I tensorflow/stream_executor/platform/default/dso_loader.cc:44] Successfully opened dynamic library cusolver64_100.dll
2020-10-05 20:44:19.016222: I tensorflow/stream_executor/platform/default/dso_loader.cc:44] Successfully opened dynamic library cusparse64_100.dll
2020-10-05 20:44:19.016565: I tensorflow/stream_executor/platform/default/dso_loader.cc:44] Successfully opened dynamic library cudnn64_7.dll
2020-10-05 20:44:19.017119: I tensorflow/core/common_runtime/gpu/gpu_device.cc:1746] Adding visible gpu devices: 0
2020-10-05 20:44:19.017414: I tensorflow/core/common_runtime/gpu/gpu_device.cc:1159] Device interconnect StreamExecutor with strength 1 edge matrix:
2020-10-05 20:44:19.017759: I tensorflow/core/common_runtime/gpu/gpu_device.cc:1165]      0 
2020-10-05 20:44:19.017975: I tensorflow/core/common_runtime/gpu/gpu_device.cc:1178] 0:   N 
2020-10-05 20:44:19.018451: I tensorflow/core/common_runtime/gpu/gpu_device.cc:1304] Created TensorFlow device (/job:localhost/replica:0/task:0/device:GPU:0 with 8686 MB memory) -> physical GPU (device: 0, name: GeForce RTX 2080 Ti, pci bus id: 0000:73:00.0, compute capability: 7.5)
[       OK ] JITTest.testJITCreateOpsLambda_v1_graph
[ RUN      ] JITTest.testJITInEager
[  SKIPPED ] JITTest.testJITInEager
[ RUN      ] JITTest.testJITVariableSeed_function
WARNING:tensorflow:Entity <function build_as_function_and_v1_graph.<locals>.decorator.<locals>.decorated.<locals>.function_in_eager at 0x0000021A498C1730> could not be transformed and will be executed as-is. Please report this to the AutoGraph team. When filing the bug, set the verbosity to 10 (on Linux, `export AUTOGRAPH_VERBOSITY=10`) and attach the full output. Cause: 'NoneType' object has no attribute '_fields'
W1005 20:44:19.076391 13140 ag_logging.py:146] Entity <function build_as_function_and_v1_graph.<locals>.decorator.<locals>.decorated.<locals>.function_in_eager at 0x0000021A498C1730> could not be transformed and will be executed as-is. Please report this to the AutoGraph team. When filing the bug, set the verbosity to 10 (on Linux, `export AUTOGRAPH_VERBOSITY=10`) and attach the full output. Cause: 'NoneType' object has no attribute '_fields'
2020-10-05 20:44:19.080872: I tensorflow/core/common_runtime/gpu/gpu_device.cc:1618] Found device 0 with properties: 
name: GeForce RTX 2080 Ti major: 7 minor: 5 memoryClockRate(GHz): 1.65
pciBusID: 0000:73:00.0
2020-10-05 20:44:19.081391: I tensorflow/stream_executor/platform/default/dso_loader.cc:44] Successfully opened dynamic library cudart64_100.dll
2020-10-05 20:44:19.081736: I tensorflow/stream_executor/platform/default/dso_loader.cc:44] Successfully opened dynamic library cublas64_100.dll
2020-10-05 20:44:19.082075: I tensorflow/stream_executor/platform/default/dso_loader.cc:44] Successfully opened dynamic library cufft64_100.dll
2020-10-05 20:44:19.082410: I tensorflow/stream_executor/platform/default/dso_loader.cc:44] Successfully opened dynamic library curand64_100.dll
2020-10-05 20:44:19.082789: I tensorflow/stream_executor/platform/default/dso_loader.cc:44] Successfully opened dynamic library cusolver64_100.dll
2020-10-05 20:44:19.083155: I tensorflow/stream_executor/platform/default/dso_loader.cc:44] Successfully opened dynamic library cusparse64_100.dll
2020-10-05 20:44:19.083531: I tensorflow/stream_executor/platform/default/dso_loader.cc:44] Successfully opened dynamic library cudnn64_7.dll
2020-10-05 20:44:19.084125: I tensorflow/core/common_runtime/gpu/gpu_device.cc:1746] Adding visible gpu devices: 0
2020-10-05 20:44:19.084433: I tensorflow/core/common_runtime/gpu/gpu_device.cc:1159] Device interconnect StreamExecutor with strength 1 edge matrix:
2020-10-05 20:44:19.084783: I tensorflow/core/common_runtime/gpu/gpu_device.cc:1165]      0 
2020-10-05 20:44:19.085000: I tensorflow/core/common_runtime/gpu/gpu_device.cc:1178] 0:   N 
2020-10-05 20:44:19.085473: I tensorflow/core/common_runtime/gpu/gpu_device.cc:1304] Created TensorFlow device (/job:localhost/replica:0/task:0/device:GPU:0 with 8686 MB memory) -> physical GPU (device: 0, name: GeForce RTX 2080 Ti, pci bus id: 0000:73:00.0, compute capability: 7.5)
2020-10-05 20:44:19.102373: I tensorflow/core/common_runtime/gpu/gpu_device.cc:1618] Found device 0 with properties: 
name: GeForce RTX 2080 Ti major: 7 minor: 5 memoryClockRate(GHz): 1.65
pciBusID: 0000:73:00.0
2020-10-05 20:44:19.103388: I tensorflow/stream_executor/platform/default/dso_loader.cc:44] Successfully opened dynamic library cudart64_100.dll
2020-10-05 20:44:19.104072: I tensorflow/stream_executor/platform/default/dso_loader.cc:44] Successfully opened dynamic library cublas64_100.dll
2020-10-05 20:44:19.104753: I tensorflow/stream_executor/platform/default/dso_loader.cc:44] Successfully opened dynamic library cufft64_100.dll
2020-10-05 20:44:19.105427: I tensorflow/stream_executor/platform/default/dso_loader.cc:44] Successfully opened dynamic library curand64_100.dll
2020-10-05 20:44:19.106099: I tensorflow/stream_executor/platform/default/dso_loader.cc:44] Successfully opened dynamic library cusolver64_100.dll
2020-10-05 20:44:19.106779: I tensorflow/stream_executor/platform/default/dso_loader.cc:44] Successfully opened dynamic library cusparse64_100.dll
2020-10-05 20:44:19.107458: I tensorflow/stream_executor/platform/default/dso_loader.cc:44] Successfully opened dynamic library cudnn64_7.dll
2020-10-05 20:44:19.109095: I tensorflow/core/common_runtime/gpu/gpu_device.cc:1746] Adding visible gpu devices: 0
2020-10-05 20:44:19.109466: I tensorflow/core/common_runtime/gpu/gpu_device.cc:1159] Device interconnect StreamExecutor with strength 1 edge matrix:
2020-10-05 20:44:19.109815: I tensorflow/core/common_runtime/gpu/gpu_device.cc:1165]      0 
2020-10-05 20:44:19.110041: I tensorflow/core/common_runtime/gpu/gpu_device.cc:1178] 0:   N 
2020-10-05 20:44:19.110524: I tensorflow/core/common_runtime/gpu/gpu_device.cc:1304] Created TensorFlow device (/job:localhost/replica:0/task:0/device:GPU:0 with 8686 MB memory) -> physical GPU (device: 0, name: GeForce RTX 2080 Ti, pci bus id: 0000:73:00.0, compute capability: 7.5)
2020-10-05 20:44:19.126239: I tensorflow/core/common_runtime/gpu/gpu_device.cc:1618] Found device 0 with properties: 
name: GeForce RTX 2080 Ti major: 7 minor: 5 memoryClockRate(GHz): 1.65
pciBusID: 0000:73:00.0
2020-10-05 20:44:19.127791: I tensorflow/stream_executor/platform/default/dso_loader.cc:44] Successfully opened dynamic library cudart64_100.dll
2020-10-05 20:44:19.128917: I tensorflow/stream_executor/platform/default/dso_loader.cc:44] Successfully opened dynamic library cublas64_100.dll
2020-10-05 20:44:19.130040: I tensorflow/stream_executor/platform/default/dso_loader.cc:44] Successfully opened dynamic library cufft64_100.dll
2020-10-05 20:44:19.131160: I tensorflow/stream_executor/platform/default/dso_loader.cc:44] Successfully opened dynamic library curand64_100.dll
2020-10-05 20:44:19.132280: I tensorflow/stream_executor/platform/default/dso_loader.cc:44] Successfully opened dynamic library cusolver64_100.dll
2020-10-05 20:44:19.133413: I tensorflow/stream_executor/platform/default/dso_loader.cc:44] Successfully opened dynamic library cusparse64_100.dll
2020-10-05 20:44:19.134544: I tensorflow/stream_executor/platform/default/dso_loader.cc:44] Successfully opened dynamic library cudnn64_7.dll
2020-10-05 20:44:19.136245: I tensorflow/core/common_runtime/gpu/gpu_device.cc:1746] Adding visible gpu devices: 0
2020-10-05 20:44:19.137218: I tensorflow/core/common_runtime/gpu/gpu_device.cc:1159] Device interconnect StreamExecutor with strength 1 edge matrix:
2020-10-05 20:44:19.138130: I tensorflow/core/common_runtime/gpu/gpu_device.cc:1165]      0 
2020-10-05 20:44:19.138669: I tensorflow/core/common_runtime/gpu/gpu_device.cc:1178] 0:   N 
2020-10-05 20:44:19.139753: I tensorflow/core/common_runtime/gpu/gpu_device.cc:1304] Created TensorFlow device (/job:localhost/replica:0/task:0/device:GPU:0 with 8686 MB memory) -> physical GPU (device: 0, name: GeForce RTX 2080 Ti, pci bus id: 0000:73:00.0, compute capability: 7.5)
2020-10-05 20:44:19.160779: I tensorflow/core/common_runtime/gpu/gpu_device.cc:1618] Found device 0 with properties: 
name: GeForce RTX 2080 Ti major: 7 minor: 5 memoryClockRate(GHz): 1.65
pciBusID: 0000:73:00.0
2020-10-05 20:44:19.161584: I tensorflow/stream_executor/platform/default/dso_loader.cc:44] Successfully opened dynamic library cudart64_100.dll
2020-10-05 20:44:19.162120: I tensorflow/stream_executor/platform/default/dso_loader.cc:44] Successfully opened dynamic library cublas64_100.dll
2020-10-05 20:44:19.162658: I tensorflow/stream_executor/platform/default/dso_loader.cc:44] Successfully opened dynamic library cufft64_100.dll
2020-10-05 20:44:19.163187: I tensorflow/stream_executor/platform/default/dso_loader.cc:44] Successfully opened dynamic library curand64_100.dll
2020-10-05 20:44:19.163719: I tensorflow/stream_executor/platform/default/dso_loader.cc:44] Successfully opened dynamic library cusolver64_100.dll
2020-10-05 20:44:19.164265: I tensorflow/stream_executor/platform/default/dso_loader.cc:44] Successfully opened dynamic library cusparse64_100.dll
2020-10-05 20:44:19.164805: I tensorflow/stream_executor/platform/default/dso_loader.cc:44] Successfully opened dynamic library cudnn64_7.dll
2020-10-05 20:44:19.165641: I tensorflow/core/common_runtime/gpu/gpu_device.cc:1746] Adding visible gpu devices: 0
2020-10-05 20:44:19.166108: I tensorflow/core/common_runtime/gpu/gpu_device.cc:1159] Device interconnect StreamExecutor with strength 1 edge matrix:
2020-10-05 20:44:19.166653: I tensorflow/core/common_runtime/gpu/gpu_device.cc:1165]      0 
2020-10-05 20:44:19.166994: I tensorflow/core/common_runtime/gpu/gpu_device.cc:1178] 0:   N 
2020-10-05 20:44:19.167688: I tensorflow/core/common_runtime/gpu/gpu_device.cc:1304] Created TensorFlow device (/job:localhost/replica:0/task:0/device:GPU:0 with 8686 MB memory) -> physical GPU (device: 0, name: GeForce RTX 2080 Ti, pci bus id: 0000:73:00.0, compute capability: 7.5)
[       OK ] JITTest.testJITVariableSeed_function
[ RUN      ] JITTest.testJITVariableSeed_v1_graph
2020-10-05 20:44:19.191482: I tensorflow/core/common_runtime/gpu/gpu_device.cc:1618] Found device 0 with properties: 
name: GeForce RTX 2080 Ti major: 7 minor: 5 memoryClockRate(GHz): 1.65
pciBusID: 0000:73:00.0
2020-10-05 20:44:19.192059: I tensorflow/stream_executor/platform/default/dso_loader.cc:44] Successfully opened dynamic library cudart64_100.dll
2020-10-05 20:44:19.192435: I tensorflow/stream_executor/platform/default/dso_loader.cc:44] Successfully opened dynamic library cublas64_100.dll
2020-10-05 20:44:19.192809: I tensorflow/stream_executor/platform/default/dso_loader.cc:44] Successfully opened dynamic library cufft64_100.dll
2020-10-05 20:44:19.193180: I tensorflow/stream_executor/platform/default/dso_loader.cc:44] Successfully opened dynamic library curand64_100.dll
2020-10-05 20:44:19.193553: I tensorflow/stream_executor/platform/default/dso_loader.cc:44] Successfully opened dynamic library cusolver64_100.dll
2020-10-05 20:44:19.193931: I tensorflow/stream_executor/platform/default/dso_loader.cc:44] Successfully opened dynamic library cusparse64_100.dll
2020-10-05 20:44:19.194310: I tensorflow/stream_executor/platform/default/dso_loader.cc:44] Successfully opened dynamic library cudnn64_7.dll
2020-10-05 20:44:19.194920: I tensorflow/core/common_runtime/gpu/gpu_device.cc:1746] Adding visible gpu devices: 0
2020-10-05 20:44:19.195253: I tensorflow/core/common_runtime/gpu/gpu_device.cc:1159] Device interconnect StreamExecutor with strength 1 edge matrix:
2020-10-05 20:44:19.195640: I tensorflow/core/common_runtime/gpu/gpu_device.cc:1165]      0 
2020-10-05 20:44:19.195880: I tensorflow/core/common_runtime/gpu/gpu_device.cc:1178] 0:   N 
2020-10-05 20:44:19.196392: I tensorflow/core/common_runtime/gpu/gpu_device.cc:1304] Created TensorFlow device (/job:localhost/replica:0/task:0/device:GPU:0 with 8686 MB memory) -> physical GPU (device: 0, name: GeForce RTX 2080 Ti, pci bus id: 0000:73:00.0, compute capability: 7.5)
2020-10-05 20:44:19.209366: I tensorflow/core/common_runtime/gpu/gpu_device.cc:1618] Found device 0 with properties: 
name: GeForce RTX 2080 Ti major: 7 minor: 5 memoryClockRate(GHz): 1.65
pciBusID: 0000:73:00.0
2020-10-05 20:44:19.209914: I tensorflow/stream_executor/platform/default/dso_loader.cc:44] Successfully opened dynamic library cudart64_100.dll
2020-10-05 20:44:19.210289: I tensorflow/stream_executor/platform/default/dso_loader.cc:44] Successfully opened dynamic library cublas64_100.dll
2020-10-05 20:44:19.210661: I tensorflow/stream_executor/platform/default/dso_loader.cc:44] Successfully opened dynamic library cufft64_100.dll
2020-10-05 20:44:19.211006: I tensorflow/stream_executor/platform/default/dso_loader.cc:44] Successfully opened dynamic library curand64_100.dll
2020-10-05 20:44:19.211346: I tensorflow/stream_executor/platform/default/dso_loader.cc:44] Successfully opened dynamic library cusolver64_100.dll
2020-10-05 20:44:19.211686: I tensorflow/stream_executor/platform/default/dso_loader.cc:44] Successfully opened dynamic library cusparse64_100.dll
2020-10-05 20:44:19.212026: I tensorflow/stream_executor/platform/default/dso_loader.cc:44] Successfully opened dynamic library cudnn64_7.dll
2020-10-05 20:44:19.212595: I tensorflow/core/common_runtime/gpu/gpu_device.cc:1746] Adding visible gpu devices: 0
2020-10-05 20:44:19.212893: I tensorflow/core/common_runtime/gpu/gpu_device.cc:1159] Device interconnect StreamExecutor with strength 1 edge matrix:
2020-10-05 20:44:19.213248: I tensorflow/core/common_runtime/gpu/gpu_device.cc:1165]      0 
2020-10-05 20:44:19.213464: I tensorflow/core/common_runtime/gpu/gpu_device.cc:1178] 0:   N 
2020-10-05 20:44:19.213930: I tensorflow/core/common_runtime/gpu/gpu_device.cc:1304] Created TensorFlow device (/job:localhost/replica:0/task:0/device:GPU:0 with 8686 MB memory) -> physical GPU (device: 0, name: GeForce RTX 2080 Ti, pci bus id: 0000:73:00.0, compute capability: 7.5)
2020-10-05 20:44:19.226337: I tensorflow/core/common_runtime/gpu/gpu_device.cc:1618] Found device 0 with properties: 
name: GeForce RTX 2080 Ti major: 7 minor: 5 memoryClockRate(GHz): 1.65
pciBusID: 0000:73:00.0
2020-10-05 20:44:19.226892: I tensorflow/stream_executor/platform/default/dso_loader.cc:44] Successfully opened dynamic library cudart64_100.dll
2020-10-05 20:44:19.227231: I tensorflow/stream_executor/platform/default/dso_loader.cc:44] Successfully opened dynamic library cublas64_100.dll
2020-10-05 20:44:19.227568: I tensorflow/stream_executor/platform/default/dso_loader.cc:44] Successfully opened dynamic library cufft64_100.dll
2020-10-05 20:44:19.227911: I tensorflow/stream_executor/platform/default/dso_loader.cc:44] Successfully opened dynamic library curand64_100.dll
2020-10-05 20:44:19.228248: I tensorflow/stream_executor/platform/default/dso_loader.cc:44] Successfully opened dynamic library cusolver64_100.dll
2020-10-05 20:44:19.228623: I tensorflow/stream_executor/platform/default/dso_loader.cc:44] Successfully opened dynamic library cusparse64_100.dll
2020-10-05 20:44:19.228988: I tensorflow/stream_executor/platform/default/dso_loader.cc:44] Successfully opened dynamic library cudnn64_7.dll
2020-10-05 20:44:19.229571: I tensorflow/core/common_runtime/gpu/gpu_device.cc:1746] Adding visible gpu devices: 0
2020-10-05 20:44:19.229878: I tensorflow/core/common_runtime/gpu/gpu_device.cc:1159] Device interconnect StreamExecutor with strength 1 edge matrix:
2020-10-05 20:44:19.230223: I tensorflow/core/common_runtime/gpu/gpu_device.cc:1165]      0 
2020-10-05 20:44:19.230440: I tensorflow/core/common_runtime/gpu/gpu_device.cc:1178] 0:   N 
2020-10-05 20:44:19.230904: I tensorflow/core/common_runtime/gpu/gpu_device.cc:1304] Created TensorFlow device (/job:localhost/replica:0/task:0/device:GPU:0 with 8686 MB memory) -> physical GPU (device: 0, name: GeForce RTX 2080 Ti, pci bus id: 0000:73:00.0, compute capability: 7.5)
2020-10-05 20:44:19.248307: I tensorflow/core/common_runtime/gpu/gpu_device.cc:1618] Found device 0 with properties: 
name: GeForce RTX 2080 Ti major: 7 minor: 5 memoryClockRate(GHz): 1.65
pciBusID: 0000:73:00.0
2020-10-05 20:44:19.250228: I tensorflow/stream_executor/platform/default/dso_loader.cc:44] Successfully opened dynamic library cudart64_100.dll
2020-10-05 20:44:19.251506: I tensorflow/stream_executor/platform/default/dso_loader.cc:44] Successfully opened dynamic library cublas64_100.dll
2020-10-05 20:44:19.252773: I tensorflow/stream_executor/platform/default/dso_loader.cc:44] Successfully opened dynamic library cufft64_100.dll
2020-10-05 20:44:19.254032: I tensorflow/stream_executor/platform/default/dso_loader.cc:44] Successfully opened dynamic library curand64_100.dll
2020-10-05 20:44:19.255315: I tensorflow/stream_executor/platform/default/dso_loader.cc:44] Successfully opened dynamic library cusolver64_100.dll
2020-10-05 20:44:19.256601: I tensorflow/stream_executor/platform/default/dso_loader.cc:44] Successfully opened dynamic library cusparse64_100.dll
2020-10-05 20:44:19.257883: I tensorflow/stream_executor/platform/default/dso_loader.cc:44] Successfully opened dynamic library cudnn64_7.dll
2020-10-05 20:44:19.259610: I tensorflow/core/common_runtime/gpu/gpu_device.cc:1746] Adding visible gpu devices: 0
2020-10-05 20:44:19.260595: I tensorflow/core/common_runtime/gpu/gpu_device.cc:1159] Device interconnect StreamExecutor with strength 1 edge matrix:
2020-10-05 20:44:19.261751: I tensorflow/core/common_runtime/gpu/gpu_device.cc:1165]      0 
2020-10-05 20:44:19.262476: I tensorflow/core/common_runtime/gpu/gpu_device.cc:1178] 0:   N 
2020-10-05 20:44:19.263909: I tensorflow/core/common_runtime/gpu/gpu_device.cc:1304] Created TensorFlow device (/job:localhost/replica:0/task:0/device:GPU:0 with 8686 MB memory) -> physical GPU (device: 0, name: GeForce RTX 2080 Ti, pci bus id: 0000:73:00.0, compute capability: 7.5)
[       OK ] JITTest.testJITVariableSeed_v1_graph
[ RUN      ] JITTest.testJITXlaScope_function
WARNING:tensorflow:Entity <function build_as_function_and_v1_graph.<locals>.decorator.<locals>.decorated.<locals>.function_in_eager at 0x0000021A497F5F28> could not be transformed and will be executed as-is. Please report this to the AutoGraph team. When filing the bug, set the verbosity to 10 (on Linux, `export AUTOGRAPH_VERBOSITY=10`) and attach the full output. Cause: 'NoneType' object has no attribute '_fields'
W1005 20:44:19.310720 13140 ag_logging.py:146] Entity <function build_as_function_and_v1_graph.<locals>.decorator.<locals>.decorated.<locals>.function_in_eager at 0x0000021A497F5F28> could not be transformed and will be executed as-is. Please report this to the AutoGraph team. When filing the bug, set the verbosity to 10 (on Linux, `export AUTOGRAPH_VERBOSITY=10`) and attach the full output. Cause: 'NoneType' object has no attribute '_fields'
2020-10-05 20:44:19.322386: I tensorflow/core/common_runtime/gpu/gpu_device.cc:1618] Found device 0 with properties: 
name: GeForce RTX 2080 Ti major: 7 minor: 5 memoryClockRate(GHz): 1.65
pciBusID: 0000:73:00.0
2020-10-05 20:44:19.323074: I tensorflow/stream_executor/platform/default/dso_loader.cc:44] Successfully opened dynamic library cudart64_100.dll
2020-10-05 20:44:19.323547: I tensorflow/stream_executor/platform/default/dso_loader.cc:44] Successfully opened dynamic library cublas64_100.dll
2020-10-05 20:44:19.323999: I tensorflow/stream_executor/platform/default/dso_loader.cc:44] Successfully opened dynamic library cufft64_100.dll
2020-10-05 20:44:19.324528: I tensorflow/stream_executor/platform/default/dso_loader.cc:44] Successfully opened dynamic library curand64_100.dll
2020-10-05 20:44:19.325070: I tensorflow/stream_executor/platform/default/dso_loader.cc:44] Successfully opened dynamic library cusolver64_100.dll
2020-10-05 20:44:19.325529: I tensorflow/stream_executor/platform/default/dso_loader.cc:44] Successfully opened dynamic library cusparse64_100.dll
2020-10-05 20:44:19.325973: I tensorflow/stream_executor/platform/default/dso_loader.cc:44] Successfully opened dynamic library cudnn64_7.dll
2020-10-05 20:44:19.326789: I tensorflow/core/common_runtime/gpu/gpu_device.cc:1746] Adding visible gpu devices: 0
2020-10-05 20:44:19.327264: I tensorflow/core/common_runtime/gpu/gpu_device.cc:1159] Device interconnect StreamExecutor with strength 1 edge matrix:
2020-10-05 20:44:19.327744: I tensorflow/core/common_runtime/gpu/gpu_device.cc:1165]      0 
2020-10-05 20:44:19.328033: I tensorflow/core/common_runtime/gpu/gpu_device.cc:1178] 0:   N 
2020-10-05 20:44:19.328651: I tensorflow/core/common_runtime/gpu/gpu_device.cc:1304] Created TensorFlow device (/job:localhost/replica:0/task:0/device:GPU:0 with 8686 MB memory) -> physical GPU (device: 0, name: GeForce RTX 2080 Ti, pci bus id: 0000:73:00.0, compute capability: 7.5)
[  FAILED  ] JITTest.testJITXlaScope_function
[ RUN      ] JITTest.testJITXlaScope_v1_graph
2020-10-05 20:44:19.335736: I tensorflow/core/common_runtime/gpu/gpu_device.cc:1618] Found device 0 with properties: 
name: GeForce RTX 2080 Ti major: 7 minor: 5 memoryClockRate(GHz): 1.65
pciBusID: 0000:73:00.0
2020-10-05 20:44:19.336387: I tensorflow/stream_executor/platform/default/dso_loader.cc:44] Successfully opened dynamic library cudart64_100.dll
2020-10-05 20:44:19.336830: I tensorflow/stream_executor/platform/default/dso_loader.cc:44] Successfully opened dynamic library cublas64_100.dll
2020-10-05 20:44:19.337269: I tensorflow/stream_executor/platform/default/dso_loader.cc:44] Successfully opened dynamic library cufft64_100.dll
2020-10-05 20:44:19.337695: I tensorflow/stream_executor/platform/default/dso_loader.cc:44] Successfully opened dynamic library curand64_100.dll
2020-10-05 20:44:19.338126: I tensorflow/stream_executor/platform/default/dso_loader.cc:44] Successfully opened dynamic library cusolver64_100.dll
2020-10-05 20:44:19.338563: I tensorflow/stream_executor/platform/default/dso_loader.cc:44] Successfully opened dynamic library cusparse64_100.dll
2020-10-05 20:44:19.338999: I tensorflow/stream_executor/platform/default/dso_loader.cc:44] Successfully opened dynamic library cudnn64_7.dll
2020-10-05 20:44:19.339684: I tensorflow/core/common_runtime/gpu/gpu_device.cc:1746] Adding visible gpu devices: 0
2020-10-05 20:44:19.340075: I tensorflow/core/common_runtime/gpu/gpu_device.cc:1159] Device interconnect StreamExecutor with strength 1 edge matrix:
2020-10-05 20:44:19.340525: I tensorflow/core/common_runtime/gpu/gpu_device.cc:1165]      0 
2020-10-05 20:44:19.340813: I tensorflow/core/common_runtime/gpu/gpu_device.cc:1178] 0:   N 
2020-10-05 20:44:19.341416: I tensorflow/core/common_runtime/gpu/gpu_device.cc:1304] Created TensorFlow device (/job:localhost/replica:0/task:0/device:GPU:0 with 8686 MB memory) -> physical GPU (device: 0, name: GeForce RTX 2080 Ti, pci bus id: 0000:73:00.0, compute capability: 7.5)
[  FAILED  ] JITTest.testJITXlaScope_v1_graph
[ RUN      ] JITTest.test_session
[  SKIPPED ] JITTest.test_session
======================================================================
ERROR: testCompilationGradientScopeNames_function (__main__.CompilationEnabledInGradientTest)
CompilationEnabledInGradientTest.testCompilationGradientScopeNames_function
testCompilationGradientScopeNames_function('function')
----------------------------------------------------------------------
Traceback (most recent call last):
  File "C:\ProgramData\Anaconda3\envs\keras\lib\site-packages\absl\testing\parameterized.py", line 284, in bound_param_test
    return test_method(self, *testcase_params)
  File "C:\ProgramData\Anaconda3\envs\keras\lib\site-packages\tensorflow_core\python\framework\test_util.py", line 993, in decorated
    function_in_eager()
  File "C:\ProgramData\Anaconda3\envs\keras\lib\site-packages\tensorflow_core\python\eager\def_function.py", line 449, in __call__
    self._initialize(args, kwds, add_initializers_to=initializer_map)
  File "C:\ProgramData\Anaconda3\envs\keras\lib\site-packages\tensorflow_core\python\eager\def_function.py", line 392, in _initialize
    *args, **kwds))
  File "C:\ProgramData\Anaconda3\envs\keras\lib\site-packages\tensorflow_core\python\eager\function.py", line 1847, in _get_concrete_function_internal_garbage_collected
    graph_function, _, _ = self._maybe_define_function(args, kwargs)
  File "C:\ProgramData\Anaconda3\envs\keras\lib\site-packages\tensorflow_core\python\eager\function.py", line 2147, in _maybe_define_function
    graph_function = self._create_graph_function(args, kwargs)
  File "C:\ProgramData\Anaconda3\envs\keras\lib\site-packages\tensorflow_core\python\eager\function.py", line 2038, in _create_graph_function
    capture_by_value=self._capture_by_value),
  File "C:\ProgramData\Anaconda3\envs\keras\lib\site-packages\tensorflow_core\python\framework\func_graph.py", line 915, in func_graph_from_py_func
    func_outputs = python_func(*func_args, **func_kwargs)
  File "C:\ProgramData\Anaconda3\envs\keras\lib\site-packages\tensorflow_core\python\eager\def_function.py", line 335, in wrapped_fn
    return weak_wrapped_fn().__wrapped__(*args, **kwds)
  File "C:\ProgramData\Anaconda3\envs\keras\lib\site-packages\tensorflow_core\python\framework\func_graph.py", line 905, in wrapper
    raise e.ag_error_metadata.to_exception(e)
ValueError: in converted code:

    C:\ProgramData\Anaconda3\envs\keras\lib\site-packages\tensorflow_core\python\framework\test_util.py:987 function_in_eager
        f(self, *args, **kwargs)
    jit_test.py:457 testCompilationGradientScopeNames
        self.assertEqual(b"jit_scope_0", a1.op.get_attr("_XlaScope"))
    C:\ProgramData\Anaconda3\envs\keras\lib\site-packages\tensorflow_core\python\framework\ops.py:2384 get_attr
        raise ValueError(str(e))

    ValueError: Operation 'Const' has no attr named '_XlaScope'.


======================================================================
ERROR: testCompilationGradientScopeNames_v1_graph (__main__.CompilationEnabledInGradientTest)
CompilationEnabledInGradientTest.testCompilationGradientScopeNames_v1_graph
testCompilationGradientScopeNames_v1_graph('v1_graph')
----------------------------------------------------------------------
Traceback (most recent call last):
  File "C:\ProgramData\Anaconda3\envs\keras\lib\site-packages\tensorflow_core\python\framework\ops.py", line 2380, in get_attr
    c_api.TF_OperationGetAttrValueProto(self._c_op, name, buf)
tensorflow.python.framework.errors_impl.InvalidArgumentError: Operation 'Const' has no attr named '_XlaScope'.

During handling of the above exception, another exception occurred:

Traceback (most recent call last):
  File "C:\ProgramData\Anaconda3\envs\keras\lib\site-packages\absl\testing\parameterized.py", line 284, in bound_param_test
    return test_method(self, *testcase_params)
  File "C:\ProgramData\Anaconda3\envs\keras\lib\site-packages\tensorflow_core\python\framework\test_util.py", line 982, in decorated
    f(self, *args, **kwargs)
  File "jit_test.py", line 457, in testCompilationGradientScopeNames
    self.assertEqual(b"jit_scope_0", a1.op.get_attr("_XlaScope"))
  File "C:\ProgramData\Anaconda3\envs\keras\lib\site-packages\tensorflow_core\python\framework\ops.py", line 2384, in get_attr
    raise ValueError(str(e))
ValueError: Operation 'Const' has no attr named '_XlaScope'.

======================================================================
ERROR: testCompilationInGradient_function (__main__.CompilationEnabledInGradientTest)
CompilationEnabledInGradientTest.testCompilationInGradient_function
testCompilationInGradient_function('function')
----------------------------------------------------------------------
Traceback (most recent call last):
  File "C:\ProgramData\Anaconda3\envs\keras\lib\site-packages\absl\testing\parameterized.py", line 284, in bound_param_test
    return test_method(self, *testcase_params)
  File "C:\ProgramData\Anaconda3\envs\keras\lib\site-packages\tensorflow_core\python\framework\test_util.py", line 993, in decorated
    function_in_eager()
  File "C:\ProgramData\Anaconda3\envs\keras\lib\site-packages\tensorflow_core\python\eager\def_function.py", line 449, in __call__
    self._initialize(args, kwds, add_initializers_to=initializer_map)
  File "C:\ProgramData\Anaconda3\envs\keras\lib\site-packages\tensorflow_core\python\eager\def_function.py", line 392, in _initialize
    *args, **kwds))
  File "C:\ProgramData\Anaconda3\envs\keras\lib\site-packages\tensorflow_core\python\eager\function.py", line 1847, in _get_concrete_function_internal_garbage_collected
    graph_function, _, _ = self._maybe_define_function(args, kwargs)
  File "C:\ProgramData\Anaconda3\envs\keras\lib\site-packages\tensorflow_core\python\eager\function.py", line 2147, in _maybe_define_function
    graph_function = self._create_graph_function(args, kwargs)
  File "C:\ProgramData\Anaconda3\envs\keras\lib\site-packages\tensorflow_core\python\eager\function.py", line 2038, in _create_graph_function
    capture_by_value=self._capture_by_value),
  File "C:\ProgramData\Anaconda3\envs\keras\lib\site-packages\tensorflow_core\python\framework\func_graph.py", line 915, in func_graph_from_py_func
    func_outputs = python_func(*func_args, **func_kwargs)
  File "C:\ProgramData\Anaconda3\envs\keras\lib\site-packages\tensorflow_core\python\eager\def_function.py", line 335, in wrapped_fn
    return weak_wrapped_fn().__wrapped__(*args, **kwds)
  File "C:\ProgramData\Anaconda3\envs\keras\lib\site-packages\tensorflow_core\python\framework\func_graph.py", line 905, in wrapper
    raise e.ag_error_metadata.to_exception(e)
ValueError: in converted code:

    C:\ProgramData\Anaconda3\envs\keras\lib\site-packages\tensorflow_core\python\framework\test_util.py:987 function_in_eager
        f(self, *args, **kwargs)
    jit_test.py:417 testCompilationInGradient
        self.assertTrue(cg.get_attr("_XlaCompile"))
    C:\ProgramData\Anaconda3\envs\keras\lib\site-packages\tensorflow_core\python\framework\ops.py:2384 get_attr
        raise ValueError(str(e))

    ValueError: Operation 'gradients/compiled_grad/MatMul' has no attr named '_XlaCompile'.


======================================================================
ERROR: testCompilationInGradient_v1_graph (__main__.CompilationEnabledInGradientTest)
CompilationEnabledInGradientTest.testCompilationInGradient_v1_graph
testCompilationInGradient_v1_graph('v1_graph')
----------------------------------------------------------------------
Traceback (most recent call last):
  File "C:\ProgramData\Anaconda3\envs\keras\lib\site-packages\tensorflow_core\python\framework\ops.py", line 2380, in get_attr
    c_api.TF_OperationGetAttrValueProto(self._c_op, name, buf)
tensorflow.python.framework.errors_impl.InvalidArgumentError: Operation 'gradients/compiled_grad/MatMul' has no attr named '_XlaCompile'.

During handling of the above exception, another exception occurred:

Traceback (most recent call last):
  File "C:\ProgramData\Anaconda3\envs\keras\lib\site-packages\absl\testing\parameterized.py", line 284, in bound_param_test
    return test_method(self, *testcase_params)
  File "C:\ProgramData\Anaconda3\envs\keras\lib\site-packages\tensorflow_core\python\framework\test_util.py", line 982, in decorated
    f(self, *args, **kwargs)
  File "jit_test.py", line 417, in testCompilationInGradient
    self.assertTrue(cg.get_attr("_XlaCompile"))
  File "C:\ProgramData\Anaconda3\envs\keras\lib\site-packages\tensorflow_core\python\framework\ops.py", line 2384, in get_attr
    raise ValueError(str(e))
ValueError: Operation 'gradients/compiled_grad/MatMul' has no attr named '_XlaCompile'.

======================================================================
ERROR: testCompilationSeparateGradientScopeNames_function (__main__.CompilationEnabledInGradientTest)
CompilationEnabledInGradientTest.testCompilationSeparateGradientScopeNames_function
testCompilationSeparateGradientScopeNames_function('function')
----------------------------------------------------------------------
Traceback (most recent call last):
  File "C:\ProgramData\Anaconda3\envs\keras\lib\site-packages\absl\testing\parameterized.py", line 284, in bound_param_test
    return test_method(self, *testcase_params)
  File "C:\ProgramData\Anaconda3\envs\keras\lib\site-packages\tensorflow_core\python\framework\test_util.py", line 993, in decorated
    function_in_eager()
  File "C:\ProgramData\Anaconda3\envs\keras\lib\site-packages\tensorflow_core\python\eager\def_function.py", line 449, in __call__
    self._initialize(args, kwds, add_initializers_to=initializer_map)
  File "C:\ProgramData\Anaconda3\envs\keras\lib\site-packages\tensorflow_core\python\eager\def_function.py", line 392, in _initialize
    *args, **kwds))
  File "C:\ProgramData\Anaconda3\envs\keras\lib\site-packages\tensorflow_core\python\eager\function.py", line 1847, in _get_concrete_function_internal_garbage_collected
    graph_function, _, _ = self._maybe_define_function(args, kwargs)
  File "C:\ProgramData\Anaconda3\envs\keras\lib\site-packages\tensorflow_core\python\eager\function.py", line 2147, in _maybe_define_function
    graph_function = self._create_graph_function(args, kwargs)
  File "C:\ProgramData\Anaconda3\envs\keras\lib\site-packages\tensorflow_core\python\eager\function.py", line 2038, in _create_graph_function
    capture_by_value=self._capture_by_value),
  File "C:\ProgramData\Anaconda3\envs\keras\lib\site-packages\tensorflow_core\python\framework\func_graph.py", line 915, in func_graph_from_py_func
    func_outputs = python_func(*func_args, **func_kwargs)
  File "C:\ProgramData\Anaconda3\envs\keras\lib\site-packages\tensorflow_core\python\eager\def_function.py", line 335, in wrapped_fn
    return weak_wrapped_fn().__wrapped__(*args, **kwds)
  File "C:\ProgramData\Anaconda3\envs\keras\lib\site-packages\tensorflow_core\python\framework\func_graph.py", line 905, in wrapper
    raise e.ag_error_metadata.to_exception(e)
ValueError: in converted code:

    C:\ProgramData\Anaconda3\envs\keras\lib\site-packages\tensorflow_core\python\framework\test_util.py:987 function_in_eager
        f(self, *args, **kwargs)
    jit_test.py:503 testCompilationSeparateGradientScopeNames
        self.assertEqual(b"jit_scope_0", a1.op.get_attr("_XlaScope"))
    C:\ProgramData\Anaconda3\envs\keras\lib\site-packages\tensorflow_core\python\framework\ops.py:2384 get_attr
        raise ValueError(str(e))

    ValueError: Operation 'Const' has no attr named '_XlaScope'.


======================================================================
ERROR: testCompilationSeparateGradientScopeNames_v1_graph (__main__.CompilationEnabledInGradientTest)
CompilationEnabledInGradientTest.testCompilationSeparateGradientScopeNames_v1_graph
testCompilationSeparateGradientScopeNames_v1_graph('v1_graph')
----------------------------------------------------------------------
Traceback (most recent call last):
  File "C:\ProgramData\Anaconda3\envs\keras\lib\site-packages\tensorflow_core\python\framework\ops.py", line 2380, in get_attr
    c_api.TF_OperationGetAttrValueProto(self._c_op, name, buf)
tensorflow.python.framework.errors_impl.InvalidArgumentError: Operation 'Const' has no attr named '_XlaScope'.

During handling of the above exception, another exception occurred:

Traceback (most recent call last):
  File "C:\ProgramData\Anaconda3\envs\keras\lib\site-packages\absl\testing\parameterized.py", line 284, in bound_param_test
    return test_method(self, *testcase_params)
  File "C:\ProgramData\Anaconda3\envs\keras\lib\site-packages\tensorflow_core\python\framework\test_util.py", line 982, in decorated
    f(self, *args, **kwargs)
  File "jit_test.py", line 503, in testCompilationSeparateGradientScopeNames
    self.assertEqual(b"jit_scope_0", a1.op.get_attr("_XlaScope"))
  File "C:\ProgramData\Anaconda3\envs\keras\lib\site-packages\tensorflow_core\python\framework\ops.py", line 2384, in get_attr
    raise ValueError(str(e))
ValueError: Operation 'Const' has no attr named '_XlaScope'.

======================================================================
ERROR: testJITXlaScope_function (__main__.JITTest)
JITTest.testJITXlaScope_function
testJITXlaScope_function('function')
----------------------------------------------------------------------
Traceback (most recent call last):
  File "C:\ProgramData\Anaconda3\envs\keras\lib\site-packages\absl\testing\parameterized.py", line 284, in bound_param_test
    return test_method(self, *testcase_params)
  File "C:\ProgramData\Anaconda3\envs\keras\lib\site-packages\tensorflow_core\python\framework\test_util.py", line 993, in decorated
    function_in_eager()
  File "C:\ProgramData\Anaconda3\envs\keras\lib\site-packages\tensorflow_core\python\eager\def_function.py", line 449, in __call__
    self._initialize(args, kwds, add_initializers_to=initializer_map)
  File "C:\ProgramData\Anaconda3\envs\keras\lib\site-packages\tensorflow_core\python\eager\def_function.py", line 392, in _initialize
    *args, **kwds))
  File "C:\ProgramData\Anaconda3\envs\keras\lib\site-packages\tensorflow_core\python\eager\function.py", line 1847, in _get_concrete_function_internal_garbage_collected
    graph_function, _, _ = self._maybe_define_function(args, kwargs)
  File "C:\ProgramData\Anaconda3\envs\keras\lib\site-packages\tensorflow_core\python\eager\function.py", line 2147, in _maybe_define_function
    graph_function = self._create_graph_function(args, kwargs)
  File "C:\ProgramData\Anaconda3\envs\keras\lib\site-packages\tensorflow_core\python\eager\function.py", line 2038, in _create_graph_function
    capture_by_value=self._capture_by_value),
  File "C:\ProgramData\Anaconda3\envs\keras\lib\site-packages\tensorflow_core\python\framework\func_graph.py", line 915, in func_graph_from_py_func
    func_outputs = python_func(*func_args, **func_kwargs)
  File "C:\ProgramData\Anaconda3\envs\keras\lib\site-packages\tensorflow_core\python\eager\def_function.py", line 335, in wrapped_fn
    return weak_wrapped_fn().__wrapped__(*args, **kwds)
  File "C:\ProgramData\Anaconda3\envs\keras\lib\site-packages\tensorflow_core\python\framework\func_graph.py", line 905, in wrapper
    raise e.ag_error_metadata.to_exception(e)
ValueError: in converted code:

    C:\ProgramData\Anaconda3\envs\keras\lib\site-packages\tensorflow_core\python\framework\test_util.py:987 function_in_eager
        f(self, *args, **kwargs)
    jit_test.py:249 testJITXlaScope
        self.assertEqual(b"jit_scope_0", a1.op.get_attr("_XlaScope"))
    C:\ProgramData\Anaconda3\envs\keras\lib\site-packages\tensorflow_core\python\framework\ops.py:2384 get_attr
        raise ValueError(str(e))

    ValueError: Operation 'Const' has no attr named '_XlaScope'.


======================================================================
ERROR: testJITXlaScope_v1_graph (__main__.JITTest)
JITTest.testJITXlaScope_v1_graph
testJITXlaScope_v1_graph('v1_graph')
----------------------------------------------------------------------
Traceback (most recent call last):
  File "C:\ProgramData\Anaconda3\envs\keras\lib\site-packages\tensorflow_core\python\framework\ops.py", line 2380, in get_attr
    c_api.TF_OperationGetAttrValueProto(self._c_op, name, buf)
tensorflow.python.framework.errors_impl.InvalidArgumentError: Operation 'Const' has no attr named '_XlaScope'.

During handling of the above exception, another exception occurred:

Traceback (most recent call last):
  File "C:\ProgramData\Anaconda3\envs\keras\lib\site-packages\absl\testing\parameterized.py", line 284, in bound_param_test
    return test_method(self, *testcase_params)
  File "C:\ProgramData\Anaconda3\envs\keras\lib\site-packages\tensorflow_core\python\framework\test_util.py", line 982, in decorated
    f(self, *args, **kwargs)
  File "jit_test.py", line 249, in testJITXlaScope
    self.assertEqual(b"jit_scope_0", a1.op.get_attr("_XlaScope"))
  File "C:\ProgramData\Anaconda3\envs\keras\lib\site-packages\tensorflow_core\python\framework\ops.py", line 2384, in get_attr
    raise ValueError(str(e))
ValueError: Operation 'Const' has no attr named '_XlaScope'.

======================================================================
FAIL: testPlaysNicelyWithDefunSeparateGradientScope_function (__main__.CompilationEnabledInGradientTest)
CompilationEnabledInGradientTest.testPlaysNicelyWithDefunSeparateGradientScope_function
testPlaysNicelyWithDefunSeparateGradientScope_function('function')
----------------------------------------------------------------------
Traceback (most recent call last):
  File "C:\ProgramData\Anaconda3\envs\keras\lib\site-packages\absl\testing\parameterized.py", line 284, in bound_param_test
    return test_method(self, *testcase_params)
  File "C:\ProgramData\Anaconda3\envs\keras\lib\site-packages\tensorflow_core\python\framework\test_util.py", line 993, in decorated
    function_in_eager()
  File "C:\ProgramData\Anaconda3\envs\keras\lib\site-packages\tensorflow_core\python\eager\def_function.py", line 449, in __call__
    self._initialize(args, kwds, add_initializers_to=initializer_map)
  File "C:\ProgramData\Anaconda3\envs\keras\lib\site-packages\tensorflow_core\python\eager\def_function.py", line 392, in _initialize
    *args, **kwds))
  File "C:\ProgramData\Anaconda3\envs\keras\lib\site-packages\tensorflow_core\python\eager\function.py", line 1847, in _get_concrete_function_internal_garbage_collected
    graph_function, _, _ = self._maybe_define_function(args, kwargs)
  File "C:\ProgramData\Anaconda3\envs\keras\lib\site-packages\tensorflow_core\python\eager\function.py", line 2147, in _maybe_define_function
    graph_function = self._create_graph_function(args, kwargs)
  File "C:\ProgramData\Anaconda3\envs\keras\lib\site-packages\tensorflow_core\python\eager\function.py", line 2038, in _create_graph_function
    capture_by_value=self._capture_by_value),
  File "C:\ProgramData\Anaconda3\envs\keras\lib\site-packages\tensorflow_core\python\framework\func_graph.py", line 915, in func_graph_from_py_func
    func_outputs = python_func(*func_args, **func_kwargs)
  File "C:\ProgramData\Anaconda3\envs\keras\lib\site-packages\tensorflow_core\python\eager\def_function.py", line 335, in wrapped_fn
    return weak_wrapped_fn().__wrapped__(*args, **kwds)
  File "C:\ProgramData\Anaconda3\envs\keras\lib\site-packages\tensorflow_core\python\framework\func_graph.py", line 905, in wrapper
    raise e.ag_error_metadata.to_exception(e)
AssertionError: in converted code:

    C:\ProgramData\Anaconda3\envs\keras\lib\site-packages\tensorflow_core\python\framework\test_util.py:987 function_in_eager
        f(self, *args, **kwargs)
    jit_test.py:617 testPlaysNicelyWithDefunSeparateGradientScope
        self.assertEqual(b"jit_scope_0", func_attrs["_XlaScope"].s)
    C:\ProgramData\Anaconda3\envs\keras\lib\unittest\case.py:829 assertEqual
        assertion_func(first, second, msg=msg)
    C:\ProgramData\Anaconda3\envs\keras\lib\unittest\case.py:822 _baseAssertEqual
        raise self.failureException(msg)

    AssertionError: b'jit_scope_0' != b'function_mulop'


======================================================================
FAIL: testPlaysNicelyWithDefunSeparateGradientScope_v1_graph (__main__.CompilationEnabledInGradientTest)
CompilationEnabledInGradientTest.testPlaysNicelyWithDefunSeparateGradientScope_v1_graph
testPlaysNicelyWithDefunSeparateGradientScope_v1_graph('v1_graph')
----------------------------------------------------------------------
Traceback (most recent call last):
  File "C:\ProgramData\Anaconda3\envs\keras\lib\site-packages\absl\testing\parameterized.py", line 284, in bound_param_test
    return test_method(self, *testcase_params)
  File "C:\ProgramData\Anaconda3\envs\keras\lib\site-packages\tensorflow_core\python\framework\test_util.py", line 982, in decorated
    f(self, *args, **kwargs)
  File "jit_test.py", line 617, in testPlaysNicelyWithDefunSeparateGradientScope
    self.assertEqual(b"jit_scope_0", func_attrs["_XlaScope"].s)
AssertionError: b'jit_scope_0' != b'function_mulop'

======================================================================
FAIL: testPlaysNicelyWithDefun_function (__main__.CompilationEnabledInGradientTest)
CompilationEnabledInGradientTest.testPlaysNicelyWithDefun_function
testPlaysNicelyWithDefun_function('function')
----------------------------------------------------------------------
Traceback (most recent call last):
  File "C:\ProgramData\Anaconda3\envs\keras\lib\site-packages\absl\testing\parameterized.py", line 284, in bound_param_test
    return test_method(self, *testcase_params)
  File "C:\ProgramData\Anaconda3\envs\keras\lib\site-packages\tensorflow_core\python\framework\test_util.py", line 993, in decorated
    function_in_eager()
  File "C:\ProgramData\Anaconda3\envs\keras\lib\site-packages\tensorflow_core\python\eager\def_function.py", line 449, in __call__
    self._initialize(args, kwds, add_initializers_to=initializer_map)
  File "C:\ProgramData\Anaconda3\envs\keras\lib\site-packages\tensorflow_core\python\eager\def_function.py", line 392, in _initialize
    *args, **kwds))
  File "C:\ProgramData\Anaconda3\envs\keras\lib\site-packages\tensorflow_core\python\eager\function.py", line 1847, in _get_concrete_function_internal_garbage_collected
    graph_function, _, _ = self._maybe_define_function(args, kwargs)
  File "C:\ProgramData\Anaconda3\envs\keras\lib\site-packages\tensorflow_core\python\eager\function.py", line 2147, in _maybe_define_function
    graph_function = self._create_graph_function(args, kwargs)
  File "C:\ProgramData\Anaconda3\envs\keras\lib\site-packages\tensorflow_core\python\eager\function.py", line 2038, in _create_graph_function
    capture_by_value=self._capture_by_value),
  File "C:\ProgramData\Anaconda3\envs\keras\lib\site-packages\tensorflow_core\python\framework\func_graph.py", line 915, in func_graph_from_py_func
    func_outputs = python_func(*func_args, **func_kwargs)
  File "C:\ProgramData\Anaconda3\envs\keras\lib\site-packages\tensorflow_core\python\eager\def_function.py", line 335, in wrapped_fn
    return weak_wrapped_fn().__wrapped__(*args, **kwds)
  File "C:\ProgramData\Anaconda3\envs\keras\lib\site-packages\tensorflow_core\python\framework\func_graph.py", line 905, in wrapper
    raise e.ag_error_metadata.to_exception(e)
AssertionError: in converted code:

    C:\ProgramData\Anaconda3\envs\keras\lib\site-packages\tensorflow_core\python\framework\test_util.py:987 function_in_eager
        f(self, *args, **kwargs)
    jit_test.py:559 testPlaysNicelyWithDefun
        self.assertEqual(b"jit_scope_0", func_attrs["_XlaScope"].s)
    C:\ProgramData\Anaconda3\envs\keras\lib\unittest\case.py:829 assertEqual
        assertion_func(first, second, msg=msg)
    C:\ProgramData\Anaconda3\envs\keras\lib\unittest\case.py:822 _baseAssertEqual
        raise self.failureException(msg)

    AssertionError: b'jit_scope_0' != b'function_mulop'


======================================================================
FAIL: testPlaysNicelyWithDefun_v1_graph (__main__.CompilationEnabledInGradientTest)
CompilationEnabledInGradientTest.testPlaysNicelyWithDefun_v1_graph
testPlaysNicelyWithDefun_v1_graph('v1_graph')
----------------------------------------------------------------------
Traceback (most recent call last):
  File "C:\ProgramData\Anaconda3\envs\keras\lib\site-packages\absl\testing\parameterized.py", line 284, in bound_param_test
    return test_method(self, *testcase_params)
  File "C:\ProgramData\Anaconda3\envs\keras\lib\site-packages\tensorflow_core\python\framework\test_util.py", line 982, in decorated
    f(self, *args, **kwargs)
  File "jit_test.py", line 559, in testPlaysNicelyWithDefun
    self.assertEqual(b"jit_scope_0", func_attrs["_XlaScope"].s)
AssertionError: b'jit_scope_0' != b'function_mulop'

======================================================================
FAIL: testDefunInheritsJitScope_function (__main__.JITTest)
JITTest.testDefunInheritsJitScope_function
testDefunInheritsJitScope_function('function')
----------------------------------------------------------------------
Traceback (most recent call last):
  File "C:\ProgramData\Anaconda3\envs\keras\lib\site-packages\absl\testing\parameterized.py", line 284, in bound_param_test
    return test_method(self, *testcase_params)
  File "C:\ProgramData\Anaconda3\envs\keras\lib\site-packages\tensorflow_core\python\framework\test_util.py", line 993, in decorated
    function_in_eager()
  File "C:\ProgramData\Anaconda3\envs\keras\lib\site-packages\tensorflow_core\python\eager\def_function.py", line 449, in __call__
    self._initialize(args, kwds, add_initializers_to=initializer_map)
  File "C:\ProgramData\Anaconda3\envs\keras\lib\site-packages\tensorflow_core\python\eager\def_function.py", line 392, in _initialize
    *args, **kwds))
  File "C:\ProgramData\Anaconda3\envs\keras\lib\site-packages\tensorflow_core\python\eager\function.py", line 1847, in _get_concrete_function_internal_garbage_collected
    graph_function, _, _ = self._maybe_define_function(args, kwargs)
  File "C:\ProgramData\Anaconda3\envs\keras\lib\site-packages\tensorflow_core\python\eager\function.py", line 2147, in _maybe_define_function
    graph_function = self._create_graph_function(args, kwargs)
  File "C:\ProgramData\Anaconda3\envs\keras\lib\site-packages\tensorflow_core\python\eager\function.py", line 2038, in _create_graph_function
    capture_by_value=self._capture_by_value),
  File "C:\ProgramData\Anaconda3\envs\keras\lib\site-packages\tensorflow_core\python\framework\func_graph.py", line 915, in func_graph_from_py_func
    func_outputs = python_func(*func_args, **func_kwargs)
  File "C:\ProgramData\Anaconda3\envs\keras\lib\site-packages\tensorflow_core\python\eager\def_function.py", line 335, in wrapped_fn
    return weak_wrapped_fn().__wrapped__(*args, **kwds)
  File "C:\ProgramData\Anaconda3\envs\keras\lib\site-packages\tensorflow_core\python\framework\func_graph.py", line 905, in wrapper
    raise e.ag_error_metadata.to_exception(e)
AssertionError: in converted code:

    C:\ProgramData\Anaconda3\envs\keras\lib\site-packages\tensorflow_core\python\framework\test_util.py:987 function_in_eager
        f(self, *args, **kwargs)
    jit_test.py:375 testDefunInheritsJitScope
        self.assertEqual(b"jit_scope_0", func_attrs["_XlaScope"].s)
    C:\ProgramData\Anaconda3\envs\keras\lib\unittest\case.py:829 assertEqual
        assertion_func(first, second, msg=msg)
    C:\ProgramData\Anaconda3\envs\keras\lib\unittest\case.py:822 _baseAssertEqual
        raise self.failureException(msg)

    AssertionError: b'jit_scope_0' != b'function_mulop'


======================================================================
FAIL: testDefunInheritsJitScope_v1_graph (__main__.JITTest)
JITTest.testDefunInheritsJitScope_v1_graph
testDefunInheritsJitScope_v1_graph('v1_graph')
----------------------------------------------------------------------
Traceback (most recent call last):
  File "C:\ProgramData\Anaconda3\envs\keras\lib\site-packages\absl\testing\parameterized.py", line 284, in bound_param_test
    return test_method(self, *testcase_params)
  File "C:\ProgramData\Anaconda3\envs\keras\lib\site-packages\tensorflow_core\python\framework\test_util.py", line 982, in decorated
    f(self, *args, **kwargs)
  File "jit_test.py", line 375, in testDefunInheritsJitScope
    self.assertEqual(b"jit_scope_0", func_attrs["_XlaScope"].s)
AssertionError: b'jit_scope_0' != b'function_mulop'

----------------------------------------------------------------------
Ran 23 tests in 3.231s

FAILED (failures=6, errors=8, skipped=3)
