2020-10-05 20:45:55.324401: I tensorflow/stream_executor/platform/default/dso_loader.cc:44] Successfully opened dynamic library cudart64_100.dll
Running tests under Python 3.6.12: C:\ProgramData\Anaconda3\envs\keras\python.exe
[ RUN      ] CompilationEnabledInGradientTest.testCompilationGradientScopeNames_function
2020-10-05 20:45:57.980053: I tensorflow/stream_executor/platform/default/dso_loader.cc:44] Successfully opened dynamic library nvcuda.dll
2020-10-05 20:45:58.113477: I tensorflow/core/common_runtime/gpu/gpu_device.cc:1618] Found device 0 with properties: 
name: GeForce RTX 2080 Ti major: 7 minor: 5 memoryClockRate(GHz): 1.65
pciBusID: 0000:73:00.0
2020-10-05 20:45:58.115729: I tensorflow/stream_executor/platform/default/dso_loader.cc:44] Successfully opened dynamic library cudart64_100.dll
2020-10-05 20:45:58.121579: I tensorflow/stream_executor/platform/default/dso_loader.cc:44] Successfully opened dynamic library cublas64_100.dll
2020-10-05 20:45:58.126373: I tensorflow/stream_executor/platform/default/dso_loader.cc:44] Successfully opened dynamic library cufft64_100.dll
2020-10-05 20:45:58.128239: I tensorflow/stream_executor/platform/default/dso_loader.cc:44] Successfully opened dynamic library curand64_100.dll
2020-10-05 20:45:58.134790: I tensorflow/stream_executor/platform/default/dso_loader.cc:44] Successfully opened dynamic library cusolver64_100.dll
2020-10-05 20:45:58.139266: I tensorflow/stream_executor/platform/default/dso_loader.cc:44] Successfully opened dynamic library cusparse64_100.dll
2020-10-05 20:45:58.152952: I tensorflow/stream_executor/platform/default/dso_loader.cc:44] Successfully opened dynamic library cudnn64_7.dll
2020-10-05 20:45:58.154210: I tensorflow/core/common_runtime/gpu/gpu_device.cc:1746] Adding visible gpu devices: 0
2020-10-05 20:45:58.155118: I tensorflow/core/platform/cpu_feature_guard.cc:142] Your CPU supports instructions that this TensorFlow binary was not compiled to use: AVX2
2020-10-05 20:45:58.169861: I tensorflow/core/common_runtime/gpu/gpu_device.cc:1618] Found device 0 with properties: 
name: GeForce RTX 2080 Ti major: 7 minor: 5 memoryClockRate(GHz): 1.65
pciBusID: 0000:73:00.0
2020-10-05 20:45:58.170406: I tensorflow/stream_executor/platform/default/dso_loader.cc:44] Successfully opened dynamic library cudart64_100.dll
2020-10-05 20:45:58.170751: I tensorflow/stream_executor/platform/default/dso_loader.cc:44] Successfully opened dynamic library cublas64_100.dll
2020-10-05 20:45:58.171172: I tensorflow/stream_executor/platform/default/dso_loader.cc:44] Successfully opened dynamic library cufft64_100.dll
2020-10-05 20:45:58.171535: I tensorflow/stream_executor/platform/default/dso_loader.cc:44] Successfully opened dynamic library curand64_100.dll
2020-10-05 20:45:58.171901: I tensorflow/stream_executor/platform/default/dso_loader.cc:44] Successfully opened dynamic library cusolver64_100.dll
2020-10-05 20:45:58.172264: I tensorflow/stream_executor/platform/default/dso_loader.cc:44] Successfully opened dynamic library cusparse64_100.dll
2020-10-05 20:45:58.172607: I tensorflow/stream_executor/platform/default/dso_loader.cc:44] Successfully opened dynamic library cudnn64_7.dll
2020-10-05 20:45:58.173508: I tensorflow/core/common_runtime/gpu/gpu_device.cc:1746] Adding visible gpu devices: 0
2020-10-05 20:45:59.242999: I tensorflow/core/common_runtime/gpu/gpu_device.cc:1159] Device interconnect StreamExecutor with strength 1 edge matrix:
2020-10-05 20:45:59.243406: I tensorflow/core/common_runtime/gpu/gpu_device.cc:1165]      0 
2020-10-05 20:45:59.243626: I tensorflow/core/common_runtime/gpu/gpu_device.cc:1178] 0:   N 
2020-10-05 20:45:59.244433: I tensorflow/core/common_runtime/gpu/gpu_device.cc:1304] Created TensorFlow device (/job:localhost/replica:0/task:0/device:GPU:0 with 8686 MB memory) -> physical GPU (device: 0, name: GeForce RTX 2080 Ti, pci bus id: 0000:73:00.0, compute capability: 7.5)
WARNING:tensorflow:Entity <function build_as_function_and_v1_graph.<locals>.decorator.<locals>.decorated.<locals>.function_in_eager at 0x00000284B01A8378> could not be transformed and will be executed as-is. Please report this to the AutoGraph team. When filing the bug, set the verbosity to 10 (on Linux, `export AUTOGRAPH_VERBOSITY=10`) and attach the full output. Cause: 'NoneType' object has no attribute '_fields'
W1005 20:45:59.998619 20732 ag_logging.py:146] Entity <function build_as_function_and_v1_graph.<locals>.decorator.<locals>.decorated.<locals>.function_in_eager at 0x00000284B01A8378> could not be transformed and will be executed as-is. Please report this to the AutoGraph team. When filing the bug, set the verbosity to 10 (on Linux, `export AUTOGRAPH_VERBOSITY=10`) and attach the full output. Cause: 'NoneType' object has no attribute '_fields'
2020-10-05 20:46:00.008283: I tensorflow/core/common_runtime/gpu/gpu_device.cc:1618] Found device 0 with properties: 
name: GeForce RTX 2080 Ti major: 7 minor: 5 memoryClockRate(GHz): 1.65
pciBusID: 0000:73:00.0
2020-10-05 20:46:00.008862: I tensorflow/stream_executor/platform/default/dso_loader.cc:44] Successfully opened dynamic library cudart64_100.dll
2020-10-05 20:46:00.009235: I tensorflow/stream_executor/platform/default/dso_loader.cc:44] Successfully opened dynamic library cublas64_100.dll
2020-10-05 20:46:00.009583: I tensorflow/stream_executor/platform/default/dso_loader.cc:44] Successfully opened dynamic library cufft64_100.dll
2020-10-05 20:46:00.009930: I tensorflow/stream_executor/platform/default/dso_loader.cc:44] Successfully opened dynamic library curand64_100.dll
2020-10-05 20:46:00.010292: I tensorflow/stream_executor/platform/default/dso_loader.cc:44] Successfully opened dynamic library cusolver64_100.dll
2020-10-05 20:46:00.010641: I tensorflow/stream_executor/platform/default/dso_loader.cc:44] Successfully opened dynamic library cusparse64_100.dll
2020-10-05 20:46:00.010990: I tensorflow/stream_executor/platform/default/dso_loader.cc:44] Successfully opened dynamic library cudnn64_7.dll
2020-10-05 20:46:00.011566: I tensorflow/core/common_runtime/gpu/gpu_device.cc:1746] Adding visible gpu devices: 0
2020-10-05 20:46:00.011874: I tensorflow/core/common_runtime/gpu/gpu_device.cc:1159] Device interconnect StreamExecutor with strength 1 edge matrix:
2020-10-05 20:46:00.012229: I tensorflow/core/common_runtime/gpu/gpu_device.cc:1165]      0 
2020-10-05 20:46:00.012448: I tensorflow/core/common_runtime/gpu/gpu_device.cc:1178] 0:   N 
2020-10-05 20:46:00.012960: I tensorflow/core/common_runtime/gpu/gpu_device.cc:1304] Created TensorFlow device (/job:localhost/replica:0/task:0/device:GPU:0 with 8686 MB memory) -> physical GPU (device: 0, name: GeForce RTX 2080 Ti, pci bus id: 0000:73:00.0, compute capability: 7.5)
[  FAILED  ] CompilationEnabledInGradientTest.testCompilationGradientScopeNames_function
[ RUN      ] CompilationEnabledInGradientTest.testCompilationGradientScopeNames_v1_graph
2020-10-05 20:46:00.046291: I tensorflow/core/common_runtime/gpu/gpu_device.cc:1618] Found device 0 with properties: 
name: GeForce RTX 2080 Ti major: 7 minor: 5 memoryClockRate(GHz): 1.65
pciBusID: 0000:73:00.0
2020-10-05 20:46:00.046850: I tensorflow/stream_executor/platform/default/dso_loader.cc:44] Successfully opened dynamic library cudart64_100.dll
2020-10-05 20:46:00.047194: I tensorflow/stream_executor/platform/default/dso_loader.cc:44] Successfully opened dynamic library cublas64_100.dll
2020-10-05 20:46:00.047537: I tensorflow/stream_executor/platform/default/dso_loader.cc:44] Successfully opened dynamic library cufft64_100.dll
2020-10-05 20:46:00.047873: I tensorflow/stream_executor/platform/default/dso_loader.cc:44] Successfully opened dynamic library curand64_100.dll
2020-10-05 20:46:00.048217: I tensorflow/stream_executor/platform/default/dso_loader.cc:44] Successfully opened dynamic library cusolver64_100.dll
2020-10-05 20:46:00.048570: I tensorflow/stream_executor/platform/default/dso_loader.cc:44] Successfully opened dynamic library cusparse64_100.dll
2020-10-05 20:46:00.048923: I tensorflow/stream_executor/platform/default/dso_loader.cc:44] Successfully opened dynamic library cudnn64_7.dll
2020-10-05 20:46:00.049504: I tensorflow/core/common_runtime/gpu/gpu_device.cc:1746] Adding visible gpu devices: 0
2020-10-05 20:46:00.049878: I tensorflow/core/common_runtime/gpu/gpu_device.cc:1159] Device interconnect StreamExecutor with strength 1 edge matrix:
2020-10-05 20:46:00.050235: I tensorflow/core/common_runtime/gpu/gpu_device.cc:1165]      0 
2020-10-05 20:46:00.050458: I tensorflow/core/common_runtime/gpu/gpu_device.cc:1178] 0:   N 
2020-10-05 20:46:00.050970: I tensorflow/core/common_runtime/gpu/gpu_device.cc:1304] Created TensorFlow device (/job:localhost/replica:0/task:0/device:GPU:0 with 8686 MB memory) -> physical GPU (device: 0, name: GeForce RTX 2080 Ti, pci bus id: 0000:73:00.0, compute capability: 7.5)
[  FAILED  ] CompilationEnabledInGradientTest.testCompilationGradientScopeNames_v1_graph
[ RUN      ] CompilationEnabledInGradientTest.testCompilationInGradient_function
WARNING:tensorflow:Entity <function build_as_function_and_v1_graph.<locals>.decorator.<locals>.decorated.<locals>.function_in_eager at 0x00000284B01A82F0> could not be transformed and will be executed as-is. Please report this to the AutoGraph team. When filing the bug, set the verbosity to 10 (on Linux, `export AUTOGRAPH_VERBOSITY=10`) and attach the full output. Cause: 'NoneType' object has no attribute '_fields'
W1005 20:46:00.076729 20732 ag_logging.py:146] Entity <function build_as_function_and_v1_graph.<locals>.decorator.<locals>.decorated.<locals>.function_in_eager at 0x00000284B01A82F0> could not be transformed and will be executed as-is. Please report this to the AutoGraph team. When filing the bug, set the verbosity to 10 (on Linux, `export AUTOGRAPH_VERBOSITY=10`) and attach the full output. Cause: 'NoneType' object has no attribute '_fields'
2020-10-05 20:46:00.084741: I tensorflow/core/common_runtime/gpu/gpu_device.cc:1618] Found device 0 with properties: 
name: GeForce RTX 2080 Ti major: 7 minor: 5 memoryClockRate(GHz): 1.65
pciBusID: 0000:73:00.0
2020-10-05 20:46:00.085281: I tensorflow/stream_executor/platform/default/dso_loader.cc:44] Successfully opened dynamic library cudart64_100.dll
2020-10-05 20:46:00.085637: I tensorflow/stream_executor/platform/default/dso_loader.cc:44] Successfully opened dynamic library cublas64_100.dll
2020-10-05 20:46:00.085980: I tensorflow/stream_executor/platform/default/dso_loader.cc:44] Successfully opened dynamic library cufft64_100.dll
2020-10-05 20:46:00.086314: I tensorflow/stream_executor/platform/default/dso_loader.cc:44] Successfully opened dynamic library curand64_100.dll
2020-10-05 20:46:00.086656: I tensorflow/stream_executor/platform/default/dso_loader.cc:44] Successfully opened dynamic library cusolver64_100.dll
2020-10-05 20:46:00.087003: I tensorflow/stream_executor/platform/default/dso_loader.cc:44] Successfully opened dynamic library cusparse64_100.dll
2020-10-05 20:46:00.087349: I tensorflow/stream_executor/platform/default/dso_loader.cc:44] Successfully opened dynamic library cudnn64_7.dll
2020-10-05 20:46:00.087927: I tensorflow/core/common_runtime/gpu/gpu_device.cc:1746] Adding visible gpu devices: 0
2020-10-05 20:46:00.088242: I tensorflow/core/common_runtime/gpu/gpu_device.cc:1159] Device interconnect StreamExecutor with strength 1 edge matrix:
2020-10-05 20:46:00.088610: I tensorflow/core/common_runtime/gpu/gpu_device.cc:1165]      0 
2020-10-05 20:46:00.088832: I tensorflow/core/common_runtime/gpu/gpu_device.cc:1178] 0:   N 
2020-10-05 20:46:00.089346: I tensorflow/core/common_runtime/gpu/gpu_device.cc:1304] Created TensorFlow device (/job:localhost/replica:0/task:0/device:GPU:0 with 8686 MB memory) -> physical GPU (device: 0, name: GeForce RTX 2080 Ti, pci bus id: 0000:73:00.0, compute capability: 7.5)
[  FAILED  ] CompilationEnabledInGradientTest.testCompilationInGradient_function
[ RUN      ] CompilationEnabledInGradientTest.testCompilationInGradient_v1_graph
2020-10-05 20:46:00.098966: I tensorflow/core/common_runtime/gpu/gpu_device.cc:1618] Found device 0 with properties: 
name: GeForce RTX 2080 Ti major: 7 minor: 5 memoryClockRate(GHz): 1.65
pciBusID: 0000:73:00.0
2020-10-05 20:46:00.099484: I tensorflow/stream_executor/platform/default/dso_loader.cc:44] Successfully opened dynamic library cudart64_100.dll
2020-10-05 20:46:00.099838: I tensorflow/stream_executor/platform/default/dso_loader.cc:44] Successfully opened dynamic library cublas64_100.dll
2020-10-05 20:46:00.100193: I tensorflow/stream_executor/platform/default/dso_loader.cc:44] Successfully opened dynamic library cufft64_100.dll
2020-10-05 20:46:00.100544: I tensorflow/stream_executor/platform/default/dso_loader.cc:44] Successfully opened dynamic library curand64_100.dll
2020-10-05 20:46:00.100894: I tensorflow/stream_executor/platform/default/dso_loader.cc:44] Successfully opened dynamic library cusolver64_100.dll
2020-10-05 20:46:00.101256: I tensorflow/stream_executor/platform/default/dso_loader.cc:44] Successfully opened dynamic library cusparse64_100.dll
2020-10-05 20:46:00.101614: I tensorflow/stream_executor/platform/default/dso_loader.cc:44] Successfully opened dynamic library cudnn64_7.dll
2020-10-05 20:46:00.102242: I tensorflow/core/common_runtime/gpu/gpu_device.cc:1746] Adding visible gpu devices: 0
2020-10-05 20:46:00.102551: I tensorflow/core/common_runtime/gpu/gpu_device.cc:1159] Device interconnect StreamExecutor with strength 1 edge matrix:
2020-10-05 20:46:00.102906: I tensorflow/core/common_runtime/gpu/gpu_device.cc:1165]      0 
2020-10-05 20:46:00.103123: I tensorflow/core/common_runtime/gpu/gpu_device.cc:1178] 0:   N 
2020-10-05 20:46:00.103655: I tensorflow/core/common_runtime/gpu/gpu_device.cc:1304] Created TensorFlow device (/job:localhost/replica:0/task:0/device:GPU:0 with 8686 MB memory) -> physical GPU (device: 0, name: GeForce RTX 2080 Ti, pci bus id: 0000:73:00.0, compute capability: 7.5)
[  FAILED  ] CompilationEnabledInGradientTest.testCompilationInGradient_v1_graph
[ RUN      ] CompilationEnabledInGradientTest.testCompilationSeparateGradientScopeNames_function
WARNING:tensorflow:Entity <function build_as_function_and_v1_graph.<locals>.decorator.<locals>.decorated.<locals>.function_in_eager at 0x00000284E60E1730> could not be transformed and will be executed as-is. Please report this to the AutoGraph team. When filing the bug, set the verbosity to 10 (on Linux, `export AUTOGRAPH_VERBOSITY=10`) and attach the full output. Cause: 'NoneType' object has no attribute '_fields'
W1005 20:46:00.139216 20732 ag_logging.py:146] Entity <function build_as_function_and_v1_graph.<locals>.decorator.<locals>.decorated.<locals>.function_in_eager at 0x00000284E60E1730> could not be transformed and will be executed as-is. Please report this to the AutoGraph team. When filing the bug, set the verbosity to 10 (on Linux, `export AUTOGRAPH_VERBOSITY=10`) and attach the full output. Cause: 'NoneType' object has no attribute '_fields'
2020-10-05 20:46:00.140716: I tensorflow/core/common_runtime/gpu/gpu_device.cc:1618] Found device 0 with properties: 
name: GeForce RTX 2080 Ti major: 7 minor: 5 memoryClockRate(GHz): 1.65
pciBusID: 0000:73:00.0
2020-10-05 20:46:00.141238: I tensorflow/stream_executor/platform/default/dso_loader.cc:44] Successfully opened dynamic library cudart64_100.dll
2020-10-05 20:46:00.141586: I tensorflow/stream_executor/platform/default/dso_loader.cc:44] Successfully opened dynamic library cublas64_100.dll
2020-10-05 20:46:00.141929: I tensorflow/stream_executor/platform/default/dso_loader.cc:44] Successfully opened dynamic library cufft64_100.dll
2020-10-05 20:46:00.142265: I tensorflow/stream_executor/platform/default/dso_loader.cc:44] Successfully opened dynamic library curand64_100.dll
2020-10-05 20:46:00.142610: I tensorflow/stream_executor/platform/default/dso_loader.cc:44] Successfully opened dynamic library cusolver64_100.dll
2020-10-05 20:46:00.142965: I tensorflow/stream_executor/platform/default/dso_loader.cc:44] Successfully opened dynamic library cusparse64_100.dll
2020-10-05 20:46:00.143311: I tensorflow/stream_executor/platform/default/dso_loader.cc:44] Successfully opened dynamic library cudnn64_7.dll
2020-10-05 20:46:00.143885: I tensorflow/core/common_runtime/gpu/gpu_device.cc:1746] Adding visible gpu devices: 0
2020-10-05 20:46:00.144249: I tensorflow/core/common_runtime/gpu/gpu_device.cc:1159] Device interconnect StreamExecutor with strength 1 edge matrix:
2020-10-05 20:46:00.144604: I tensorflow/core/common_runtime/gpu/gpu_device.cc:1165]      0 
2020-10-05 20:46:00.144824: I tensorflow/core/common_runtime/gpu/gpu_device.cc:1178] 0:   N 
2020-10-05 20:46:00.145324: I tensorflow/core/common_runtime/gpu/gpu_device.cc:1304] Created TensorFlow device (/job:localhost/replica:0/task:0/device:GPU:0 with 8686 MB memory) -> physical GPU (device: 0, name: GeForce RTX 2080 Ti, pci bus id: 0000:73:00.0, compute capability: 7.5)
[  FAILED  ] CompilationEnabledInGradientTest.testCompilationSeparateGradientScopeNames_function
[ RUN      ] CompilationEnabledInGradientTest.testCompilationSeparateGradientScopeNames_v1_graph
2020-10-05 20:46:00.151006: I tensorflow/core/common_runtime/gpu/gpu_device.cc:1618] Found device 0 with properties: 
name: GeForce RTX 2080 Ti major: 7 minor: 5 memoryClockRate(GHz): 1.65
pciBusID: 0000:73:00.0
2020-10-05 20:46:00.151554: I tensorflow/stream_executor/platform/default/dso_loader.cc:44] Successfully opened dynamic library cudart64_100.dll
2020-10-05 20:46:00.151923: I tensorflow/stream_executor/platform/default/dso_loader.cc:44] Successfully opened dynamic library cublas64_100.dll
2020-10-05 20:46:00.152273: I tensorflow/stream_executor/platform/default/dso_loader.cc:44] Successfully opened dynamic library cufft64_100.dll
2020-10-05 20:46:00.152609: I tensorflow/stream_executor/platform/default/dso_loader.cc:44] Successfully opened dynamic library curand64_100.dll
2020-10-05 20:46:00.152954: I tensorflow/stream_executor/platform/default/dso_loader.cc:44] Successfully opened dynamic library cusolver64_100.dll
2020-10-05 20:46:00.153297: I tensorflow/stream_executor/platform/default/dso_loader.cc:44] Successfully opened dynamic library cusparse64_100.dll
2020-10-05 20:46:00.153645: I tensorflow/stream_executor/platform/default/dso_loader.cc:44] Successfully opened dynamic library cudnn64_7.dll
2020-10-05 20:46:00.154228: I tensorflow/core/common_runtime/gpu/gpu_device.cc:1746] Adding visible gpu devices: 0
2020-10-05 20:46:00.154528: I tensorflow/core/common_runtime/gpu/gpu_device.cc:1159] Device interconnect StreamExecutor with strength 1 edge matrix:
2020-10-05 20:46:00.154960: I tensorflow/core/common_runtime/gpu/gpu_device.cc:1165]      0 
2020-10-05 20:46:00.155198: I tensorflow/core/common_runtime/gpu/gpu_device.cc:1178] 0:   N 
2020-10-05 20:46:00.155719: I tensorflow/core/common_runtime/gpu/gpu_device.cc:1304] Created TensorFlow device (/job:localhost/replica:0/task:0/device:GPU:0 with 8686 MB memory) -> physical GPU (device: 0, name: GeForce RTX 2080 Ti, pci bus id: 0000:73:00.0, compute capability: 7.5)
[  FAILED  ] CompilationEnabledInGradientTest.testCompilationSeparateGradientScopeNames_v1_graph
[ RUN      ] CompilationEnabledInGradientTest.testPlaysNicelyWithDefunSeparateGradientScope_function
WARNING:tensorflow:Entity <function build_as_function_and_v1_graph.<locals>.decorator.<locals>.decorated.<locals>.function_in_eager at 0x00000284FE492B70> could not be transformed and will be executed as-is. Please report this to the AutoGraph team. When filing the bug, set the verbosity to 10 (on Linux, `export AUTOGRAPH_VERBOSITY=10`) and attach the full output. Cause: 'NoneType' object has no attribute '_fields'
W1005 20:46:00.186082 20732 ag_logging.py:146] Entity <function build_as_function_and_v1_graph.<locals>.decorator.<locals>.decorated.<locals>.function_in_eager at 0x00000284FE492B70> could not be transformed and will be executed as-is. Please report this to the AutoGraph team. When filing the bug, set the verbosity to 10 (on Linux, `export AUTOGRAPH_VERBOSITY=10`) and attach the full output. Cause: 'NoneType' object has no attribute '_fields'
2020-10-05 20:46:00.190306: I tensorflow/core/common_runtime/gpu/gpu_device.cc:1618] Found device 0 with properties: 
name: GeForce RTX 2080 Ti major: 7 minor: 5 memoryClockRate(GHz): 1.65
pciBusID: 0000:73:00.0
2020-10-05 20:46:00.190824: I tensorflow/stream_executor/platform/default/dso_loader.cc:44] Successfully opened dynamic library cudart64_100.dll
2020-10-05 20:46:00.191186: I tensorflow/stream_executor/platform/default/dso_loader.cc:44] Successfully opened dynamic library cublas64_100.dll
2020-10-05 20:46:00.191540: I tensorflow/stream_executor/platform/default/dso_loader.cc:44] Successfully opened dynamic library cufft64_100.dll
2020-10-05 20:46:00.191917: I tensorflow/stream_executor/platform/default/dso_loader.cc:44] Successfully opened dynamic library curand64_100.dll
2020-10-05 20:46:00.192284: I tensorflow/stream_executor/platform/default/dso_loader.cc:44] Successfully opened dynamic library cusolver64_100.dll
2020-10-05 20:46:00.192635: I tensorflow/stream_executor/platform/default/dso_loader.cc:44] Successfully opened dynamic library cusparse64_100.dll
2020-10-05 20:46:00.192987: I tensorflow/stream_executor/platform/default/dso_loader.cc:44] Successfully opened dynamic library cudnn64_7.dll
2020-10-05 20:46:00.193564: I tensorflow/core/common_runtime/gpu/gpu_device.cc:1746] Adding visible gpu devices: 0
2020-10-05 20:46:00.193881: I tensorflow/core/common_runtime/gpu/gpu_device.cc:1159] Device interconnect StreamExecutor with strength 1 edge matrix:
2020-10-05 20:46:00.194247: I tensorflow/core/common_runtime/gpu/gpu_device.cc:1165]      0 
2020-10-05 20:46:00.194467: I tensorflow/core/common_runtime/gpu/gpu_device.cc:1178] 0:   N 
2020-10-05 20:46:00.194961: I tensorflow/core/common_runtime/gpu/gpu_device.cc:1304] Created TensorFlow device (/job:localhost/replica:0/task:0/device:GPU:0 with 8686 MB memory) -> physical GPU (device: 0, name: GeForce RTX 2080 Ti, pci bus id: 0000:73:00.0, compute capability: 7.5)
[  FAILED  ] CompilationEnabledInGradientTest.testPlaysNicelyWithDefunSeparateGradientScope_function
[ RUN      ] CompilationEnabledInGradientTest.testPlaysNicelyWithDefunSeparateGradientScope_v1_graph
2020-10-05 20:46:00.215240: I tensorflow/core/common_runtime/gpu/gpu_device.cc:1618] Found device 0 with properties: 
name: GeForce RTX 2080 Ti major: 7 minor: 5 memoryClockRate(GHz): 1.65
pciBusID: 0000:73:00.0
2020-10-05 20:46:00.215758: I tensorflow/stream_executor/platform/default/dso_loader.cc:44] Successfully opened dynamic library cudart64_100.dll
2020-10-05 20:46:00.216101: I tensorflow/stream_executor/platform/default/dso_loader.cc:44] Successfully opened dynamic library cublas64_100.dll
2020-10-05 20:46:00.216468: I tensorflow/stream_executor/platform/default/dso_loader.cc:44] Successfully opened dynamic library cufft64_100.dll
2020-10-05 20:46:00.216813: I tensorflow/stream_executor/platform/default/dso_loader.cc:44] Successfully opened dynamic library curand64_100.dll
2020-10-05 20:46:00.217159: I tensorflow/stream_executor/platform/default/dso_loader.cc:44] Successfully opened dynamic library cusolver64_100.dll
2020-10-05 20:46:00.217622: I tensorflow/stream_executor/platform/default/dso_loader.cc:44] Successfully opened dynamic library cusparse64_100.dll
2020-10-05 20:46:00.218063: I tensorflow/stream_executor/platform/default/dso_loader.cc:44] Successfully opened dynamic library cudnn64_7.dll
2020-10-05 20:46:00.218753: I tensorflow/core/common_runtime/gpu/gpu_device.cc:1746] Adding visible gpu devices: 0
2020-10-05 20:46:00.219060: I tensorflow/core/common_runtime/gpu/gpu_device.cc:1159] Device interconnect StreamExecutor with strength 1 edge matrix:
2020-10-05 20:46:00.219412: I tensorflow/core/common_runtime/gpu/gpu_device.cc:1165]      0 
2020-10-05 20:46:00.219648: I tensorflow/core/common_runtime/gpu/gpu_device.cc:1178] 0:   N 
2020-10-05 20:46:00.220144: I tensorflow/core/common_runtime/gpu/gpu_device.cc:1304] Created TensorFlow device (/job:localhost/replica:0/task:0/device:GPU:0 with 8686 MB memory) -> physical GPU (device: 0, name: GeForce RTX 2080 Ti, pci bus id: 0000:73:00.0, compute capability: 7.5)
[  FAILED  ] CompilationEnabledInGradientTest.testPlaysNicelyWithDefunSeparateGradientScope_v1_graph
[ RUN      ] CompilationEnabledInGradientTest.testPlaysNicelyWithDefun_function
WARNING:tensorflow:Entity <function build_as_function_and_v1_graph.<locals>.decorator.<locals>.decorated.<locals>.function_in_eager at 0x00000284FE492B70> could not be transformed and will be executed as-is. Please report this to the AutoGraph team. When filing the bug, set the verbosity to 10 (on Linux, `export AUTOGRAPH_VERBOSITY=10`) and attach the full output. Cause: 'NoneType' object has no attribute '_fields'
W1005 20:46:00.248570 20732 ag_logging.py:146] Entity <function build_as_function_and_v1_graph.<locals>.decorator.<locals>.decorated.<locals>.function_in_eager at 0x00000284FE492B70> could not be transformed and will be executed as-is. Please report this to the AutoGraph team. When filing the bug, set the verbosity to 10 (on Linux, `export AUTOGRAPH_VERBOSITY=10`) and attach the full output. Cause: 'NoneType' object has no attribute '_fields'
2020-10-05 20:46:00.259490: I tensorflow/core/common_runtime/gpu/gpu_device.cc:1618] Found device 0 with properties: 
name: GeForce RTX 2080 Ti major: 7 minor: 5 memoryClockRate(GHz): 1.65
pciBusID: 0000:73:00.0
2020-10-05 20:46:00.260014: I tensorflow/stream_executor/platform/default/dso_loader.cc:44] Successfully opened dynamic library cudart64_100.dll
2020-10-05 20:46:00.260360: I tensorflow/stream_executor/platform/default/dso_loader.cc:44] Successfully opened dynamic library cublas64_100.dll
2020-10-05 20:46:00.260706: I tensorflow/stream_executor/platform/default/dso_loader.cc:44] Successfully opened dynamic library cufft64_100.dll
2020-10-05 20:46:00.261042: I tensorflow/stream_executor/platform/default/dso_loader.cc:44] Successfully opened dynamic library curand64_100.dll
2020-10-05 20:46:00.261408: I tensorflow/stream_executor/platform/default/dso_loader.cc:44] Successfully opened dynamic library cusolver64_100.dll
2020-10-05 20:46:00.261763: I tensorflow/stream_executor/platform/default/dso_loader.cc:44] Successfully opened dynamic library cusparse64_100.dll
2020-10-05 20:46:00.262111: I tensorflow/stream_executor/platform/default/dso_loader.cc:44] Successfully opened dynamic library cudnn64_7.dll
2020-10-05 20:46:00.262678: I tensorflow/core/common_runtime/gpu/gpu_device.cc:1746] Adding visible gpu devices: 0
2020-10-05 20:46:00.262989: I tensorflow/core/common_runtime/gpu/gpu_device.cc:1159] Device interconnect StreamExecutor with strength 1 edge matrix:
2020-10-05 20:46:00.263343: I tensorflow/core/common_runtime/gpu/gpu_device.cc:1165]      0 
2020-10-05 20:46:00.263567: I tensorflow/core/common_runtime/gpu/gpu_device.cc:1178] 0:   N 
2020-10-05 20:46:00.264083: I tensorflow/core/common_runtime/gpu/gpu_device.cc:1304] Created TensorFlow device (/job:localhost/replica:0/task:0/device:GPU:0 with 8686 MB memory) -> physical GPU (device: 0, name: GeForce RTX 2080 Ti, pci bus id: 0000:73:00.0, compute capability: 7.5)
[  FAILED  ] CompilationEnabledInGradientTest.testPlaysNicelyWithDefun_function
[ RUN      ] CompilationEnabledInGradientTest.testPlaysNicelyWithDefun_v1_graph
2020-10-05 20:46:00.278881: I tensorflow/core/common_runtime/gpu/gpu_device.cc:1618] Found device 0 with properties: 
name: GeForce RTX 2080 Ti major: 7 minor: 5 memoryClockRate(GHz): 1.65
pciBusID: 0000:73:00.0
2020-10-05 20:46:00.280811: I tensorflow/stream_executor/platform/default/dso_loader.cc:44] Successfully opened dynamic library cudart64_100.dll
2020-10-05 20:46:00.282085: I tensorflow/stream_executor/platform/default/dso_loader.cc:44] Successfully opened dynamic library cublas64_100.dll
2020-10-05 20:46:00.283360: I tensorflow/stream_executor/platform/default/dso_loader.cc:44] Successfully opened dynamic library cufft64_100.dll
2020-10-05 20:46:00.284614: I tensorflow/stream_executor/platform/default/dso_loader.cc:44] Successfully opened dynamic library curand64_100.dll
2020-10-05 20:46:00.285887: I tensorflow/stream_executor/platform/default/dso_loader.cc:44] Successfully opened dynamic library cusolver64_100.dll
2020-10-05 20:46:00.287171: I tensorflow/stream_executor/platform/default/dso_loader.cc:44] Successfully opened dynamic library cusparse64_100.dll
2020-10-05 20:46:00.288465: I tensorflow/stream_executor/platform/default/dso_loader.cc:44] Successfully opened dynamic library cudnn64_7.dll
2020-10-05 20:46:00.290429: I tensorflow/core/common_runtime/gpu/gpu_device.cc:1746] Adding visible gpu devices: 0
2020-10-05 20:46:00.291531: I tensorflow/core/common_runtime/gpu/gpu_device.cc:1159] Device interconnect StreamExecutor with strength 1 edge matrix:
2020-10-05 20:46:00.292842: I tensorflow/core/common_runtime/gpu/gpu_device.cc:1165]      0 
2020-10-05 20:46:00.293659: I tensorflow/core/common_runtime/gpu/gpu_device.cc:1178] 0:   N 
2020-10-05 20:46:00.295273: I tensorflow/core/common_runtime/gpu/gpu_device.cc:1304] Created TensorFlow device (/job:localhost/replica:0/task:0/device:GPU:0 with 8686 MB memory) -> physical GPU (device: 0, name: GeForce RTX 2080 Ti, pci bus id: 0000:73:00.0, compute capability: 7.5)
[  FAILED  ] CompilationEnabledInGradientTest.testPlaysNicelyWithDefun_v1_graph
[ RUN      ] CompilationEnabledInGradientTest.test_session
[  SKIPPED ] CompilationEnabledInGradientTest.test_session
[ RUN      ] JITTest.testDefunInheritsJitScope_function
WARNING:tensorflow:Entity <function build_as_function_and_v1_graph.<locals>.decorator.<locals>.decorated.<locals>.function_in_eager at 0x00000284FE492B70> could not be transformed and will be executed as-is. Please report this to the AutoGraph team. When filing the bug, set the verbosity to 10 (on Linux, `export AUTOGRAPH_VERBOSITY=10`) and attach the full output. Cause: 'NoneType' object has no attribute '_fields'
W1005 20:46:00.342301 20732 ag_logging.py:146] Entity <function build_as_function_and_v1_graph.<locals>.decorator.<locals>.decorated.<locals>.function_in_eager at 0x00000284FE492B70> could not be transformed and will be executed as-is. Please report this to the AutoGraph team. When filing the bug, set the verbosity to 10 (on Linux, `export AUTOGRAPH_VERBOSITY=10`) and attach the full output. Cause: 'NoneType' object has no attribute '_fields'
2020-10-05 20:46:00.345037: I tensorflow/core/common_runtime/gpu/gpu_device.cc:1618] Found device 0 with properties: 
name: GeForce RTX 2080 Ti major: 7 minor: 5 memoryClockRate(GHz): 1.65
pciBusID: 0000:73:00.0
2020-10-05 20:46:00.345569: I tensorflow/stream_executor/platform/default/dso_loader.cc:44] Successfully opened dynamic library cudart64_100.dll
2020-10-05 20:46:00.345919: I tensorflow/stream_executor/platform/default/dso_loader.cc:44] Successfully opened dynamic library cublas64_100.dll
2020-10-05 20:46:00.346264: I tensorflow/stream_executor/platform/default/dso_loader.cc:44] Successfully opened dynamic library cufft64_100.dll
2020-10-05 20:46:00.346607: I tensorflow/stream_executor/platform/default/dso_loader.cc:44] Successfully opened dynamic library curand64_100.dll
2020-10-05 20:46:00.346948: I tensorflow/stream_executor/platform/default/dso_loader.cc:44] Successfully opened dynamic library cusolver64_100.dll
2020-10-05 20:46:00.347292: I tensorflow/stream_executor/platform/default/dso_loader.cc:44] Successfully opened dynamic library cusparse64_100.dll
2020-10-05 20:46:00.347637: I tensorflow/stream_executor/platform/default/dso_loader.cc:44] Successfully opened dynamic library cudnn64_7.dll
2020-10-05 20:46:00.348207: I tensorflow/core/common_runtime/gpu/gpu_device.cc:1746] Adding visible gpu devices: 0
2020-10-05 20:46:00.348531: I tensorflow/core/common_runtime/gpu/gpu_device.cc:1159] Device interconnect StreamExecutor with strength 1 edge matrix:
2020-10-05 20:46:00.348892: I tensorflow/core/common_runtime/gpu/gpu_device.cc:1165]      0 
2020-10-05 20:46:00.349113: I tensorflow/core/common_runtime/gpu/gpu_device.cc:1178] 0:   N 
2020-10-05 20:46:00.349614: I tensorflow/core/common_runtime/gpu/gpu_device.cc:1304] Created TensorFlow device (/job:localhost/replica:0/task:0/device:GPU:0 with 8686 MB memory) -> physical GPU (device: 0, name: GeForce RTX 2080 Ti, pci bus id: 0000:73:00.0, compute capability: 7.5)
[  FAILED  ] JITTest.testDefunInheritsJitScope_function
[ RUN      ] JITTest.testDefunInheritsJitScope_v1_graph
2020-10-05 20:46:00.356443: I tensorflow/core/common_runtime/gpu/gpu_device.cc:1618] Found device 0 with properties: 
name: GeForce RTX 2080 Ti major: 7 minor: 5 memoryClockRate(GHz): 1.65
pciBusID: 0000:73:00.0
2020-10-05 20:46:00.357022: I tensorflow/stream_executor/platform/default/dso_loader.cc:44] Successfully opened dynamic library cudart64_100.dll
2020-10-05 20:46:00.357367: I tensorflow/stream_executor/platform/default/dso_loader.cc:44] Successfully opened dynamic library cublas64_100.dll
2020-10-05 20:46:00.357728: I tensorflow/stream_executor/platform/default/dso_loader.cc:44] Successfully opened dynamic library cufft64_100.dll
2020-10-05 20:46:00.358094: I tensorflow/stream_executor/platform/default/dso_loader.cc:44] Successfully opened dynamic library curand64_100.dll
2020-10-05 20:46:00.358497: I tensorflow/stream_executor/platform/default/dso_loader.cc:44] Successfully opened dynamic library cusolver64_100.dll
2020-10-05 20:46:00.358932: I tensorflow/stream_executor/platform/default/dso_loader.cc:44] Successfully opened dynamic library cusparse64_100.dll
2020-10-05 20:46:00.359361: I tensorflow/stream_executor/platform/default/dso_loader.cc:44] Successfully opened dynamic library cudnn64_7.dll
2020-10-05 20:46:00.360026: I tensorflow/core/common_runtime/gpu/gpu_device.cc:1746] Adding visible gpu devices: 0
2020-10-05 20:46:00.360333: I tensorflow/core/common_runtime/gpu/gpu_device.cc:1159] Device interconnect StreamExecutor with strength 1 edge matrix:
2020-10-05 20:46:00.360687: I tensorflow/core/common_runtime/gpu/gpu_device.cc:1165]      0 
2020-10-05 20:46:00.360908: I tensorflow/core/common_runtime/gpu/gpu_device.cc:1178] 0:   N 
2020-10-05 20:46:00.361406: I tensorflow/core/common_runtime/gpu/gpu_device.cc:1304] Created TensorFlow device (/job:localhost/replica:0/task:0/device:GPU:0 with 8686 MB memory) -> physical GPU (device: 0, name: GeForce RTX 2080 Ti, pci bus id: 0000:73:00.0, compute capability: 7.5)
[  FAILED  ] JITTest.testDefunInheritsJitScope_v1_graph
[ RUN      ] JITTest.testDefunNoJitScope_function
WARNING:tensorflow:Entity <function build_as_function_and_v1_graph.<locals>.decorator.<locals>.decorated.<locals>.function_in_eager at 0x00000284FE492B70> could not be transformed and will be executed as-is. Please report this to the AutoGraph team. When filing the bug, set the verbosity to 10 (on Linux, `export AUTOGRAPH_VERBOSITY=10`) and attach the full output. Cause: 'NoneType' object has no attribute '_fields'
W1005 20:46:00.389167 20732 ag_logging.py:146] Entity <function build_as_function_and_v1_graph.<locals>.decorator.<locals>.decorated.<locals>.function_in_eager at 0x00000284FE492B70> could not be transformed and will be executed as-is. Please report this to the AutoGraph team. When filing the bug, set the verbosity to 10 (on Linux, `export AUTOGRAPH_VERBOSITY=10`) and attach the full output. Cause: 'NoneType' object has no attribute '_fields'
2020-10-05 20:46:00.395325: I tensorflow/core/common_runtime/gpu/gpu_device.cc:1618] Found device 0 with properties: 
name: GeForce RTX 2080 Ti major: 7 minor: 5 memoryClockRate(GHz): 1.65
pciBusID: 0000:73:00.0
2020-10-05 20:46:00.395846: I tensorflow/stream_executor/platform/default/dso_loader.cc:44] Successfully opened dynamic library cudart64_100.dll
2020-10-05 20:46:00.396189: I tensorflow/stream_executor/platform/default/dso_loader.cc:44] Successfully opened dynamic library cublas64_100.dll
2020-10-05 20:46:00.396537: I tensorflow/stream_executor/platform/default/dso_loader.cc:44] Successfully opened dynamic library cufft64_100.dll
2020-10-05 20:46:00.396873: I tensorflow/stream_executor/platform/default/dso_loader.cc:44] Successfully opened dynamic library curand64_100.dll
2020-10-05 20:46:00.397219: I tensorflow/stream_executor/platform/default/dso_loader.cc:44] Successfully opened dynamic library cusolver64_100.dll
2020-10-05 20:46:00.397570: I tensorflow/stream_executor/platform/default/dso_loader.cc:44] Successfully opened dynamic library cusparse64_100.dll
2020-10-05 20:46:00.397930: I tensorflow/stream_executor/platform/default/dso_loader.cc:44] Successfully opened dynamic library cudnn64_7.dll
2020-10-05 20:46:00.398513: I tensorflow/core/common_runtime/gpu/gpu_device.cc:1746] Adding visible gpu devices: 0
2020-10-05 20:46:00.398819: I tensorflow/core/common_runtime/gpu/gpu_device.cc:1159] Device interconnect StreamExecutor with strength 1 edge matrix:
2020-10-05 20:46:00.399176: I tensorflow/core/common_runtime/gpu/gpu_device.cc:1165]      0 
2020-10-05 20:46:00.399397: I tensorflow/core/common_runtime/gpu/gpu_device.cc:1178] 0:   N 
2020-10-05 20:46:00.399893: I tensorflow/core/common_runtime/gpu/gpu_device.cc:1304] Created TensorFlow device (/job:localhost/replica:0/task:0/device:GPU:0 with 8686 MB memory) -> physical GPU (device: 0, name: GeForce RTX 2080 Ti, pci bus id: 0000:73:00.0, compute capability: 7.5)
[       OK ] JITTest.testDefunNoJitScope_function
[ RUN      ] JITTest.testDefunNoJitScope_v1_graph
2020-10-05 20:46:00.407113: I tensorflow/core/common_runtime/gpu/gpu_device.cc:1618] Found device 0 with properties: 
name: GeForce RTX 2080 Ti major: 7 minor: 5 memoryClockRate(GHz): 1.65
pciBusID: 0000:73:00.0
2020-10-05 20:46:00.407647: I tensorflow/stream_executor/platform/default/dso_loader.cc:44] Successfully opened dynamic library cudart64_100.dll
2020-10-05 20:46:00.407998: I tensorflow/stream_executor/platform/default/dso_loader.cc:44] Successfully opened dynamic library cublas64_100.dll
2020-10-05 20:46:00.408347: I tensorflow/stream_executor/platform/default/dso_loader.cc:44] Successfully opened dynamic library cufft64_100.dll
2020-10-05 20:46:00.408689: I tensorflow/stream_executor/platform/default/dso_loader.cc:44] Successfully opened dynamic library curand64_100.dll
2020-10-05 20:46:00.409028: I tensorflow/stream_executor/platform/default/dso_loader.cc:44] Successfully opened dynamic library cusolver64_100.dll
2020-10-05 20:46:00.409371: I tensorflow/stream_executor/platform/default/dso_loader.cc:44] Successfully opened dynamic library cusparse64_100.dll
2020-10-05 20:46:00.409714: I tensorflow/stream_executor/platform/default/dso_loader.cc:44] Successfully opened dynamic library cudnn64_7.dll
2020-10-05 20:46:00.410289: I tensorflow/core/common_runtime/gpu/gpu_device.cc:1746] Adding visible gpu devices: 0
2020-10-05 20:46:00.410587: I tensorflow/core/common_runtime/gpu/gpu_device.cc:1159] Device interconnect StreamExecutor with strength 1 edge matrix:
2020-10-05 20:46:00.410939: I tensorflow/core/common_runtime/gpu/gpu_device.cc:1165]      0 
2020-10-05 20:46:00.411160: I tensorflow/core/common_runtime/gpu/gpu_device.cc:1178] 0:   N 
2020-10-05 20:46:00.411650: I tensorflow/core/common_runtime/gpu/gpu_device.cc:1304] Created TensorFlow device (/job:localhost/replica:0/task:0/device:GPU:0 with 8686 MB memory) -> physical GPU (device: 0, name: GeForce RTX 2080 Ti, pci bus id: 0000:73:00.0, compute capability: 7.5)
[       OK ] JITTest.testDefunNoJitScope_v1_graph
[ RUN      ] JITTest.testJITCreateOpsLambda_function
WARNING:tensorflow:Entity <function build_as_function_and_v1_graph.<locals>.decorator.<locals>.decorated.<locals>.function_in_eager at 0x00000284E60E1730> could not be transformed and will be executed as-is. Please report this to the AutoGraph team. When filing the bug, set the verbosity to 10 (on Linux, `export AUTOGRAPH_VERBOSITY=10`) and attach the full output. Cause: 'NoneType' object has no attribute '_fields'
W1005 20:46:00.436033 20732 ag_logging.py:146] Entity <function build_as_function_and_v1_graph.<locals>.decorator.<locals>.decorated.<locals>.function_in_eager at 0x00000284E60E1730> could not be transformed and will be executed as-is. Please report this to the AutoGraph team. When filing the bug, set the verbosity to 10 (on Linux, `export AUTOGRAPH_VERBOSITY=10`) and attach the full output. Cause: 'NoneType' object has no attribute '_fields'
2020-10-05 20:46:00.444108: I tensorflow/core/common_runtime/gpu/gpu_device.cc:1618] Found device 0 with properties: 
name: GeForce RTX 2080 Ti major: 7 minor: 5 memoryClockRate(GHz): 1.65
pciBusID: 0000:73:00.0
2020-10-05 20:46:00.444629: I tensorflow/stream_executor/platform/default/dso_loader.cc:44] Successfully opened dynamic library cudart64_100.dll
2020-10-05 20:46:00.444997: I tensorflow/stream_executor/platform/default/dso_loader.cc:44] Successfully opened dynamic library cublas64_100.dll
2020-10-05 20:46:00.445349: I tensorflow/stream_executor/platform/default/dso_loader.cc:44] Successfully opened dynamic library cufft64_100.dll
2020-10-05 20:46:00.445695: I tensorflow/stream_executor/platform/default/dso_loader.cc:44] Successfully opened dynamic library curand64_100.dll
2020-10-05 20:46:00.446034: I tensorflow/stream_executor/platform/default/dso_loader.cc:44] Successfully opened dynamic library cusolver64_100.dll
2020-10-05 20:46:00.446377: I tensorflow/stream_executor/platform/default/dso_loader.cc:44] Successfully opened dynamic library cusparse64_100.dll
2020-10-05 20:46:00.446721: I tensorflow/stream_executor/platform/default/dso_loader.cc:44] Successfully opened dynamic library cudnn64_7.dll
2020-10-05 20:46:00.447290: I tensorflow/core/common_runtime/gpu/gpu_device.cc:1746] Adding visible gpu devices: 0
2020-10-05 20:46:00.447595: I tensorflow/core/common_runtime/gpu/gpu_device.cc:1159] Device interconnect StreamExecutor with strength 1 edge matrix:
2020-10-05 20:46:00.447948: I tensorflow/core/common_runtime/gpu/gpu_device.cc:1165]      0 
2020-10-05 20:46:00.448167: I tensorflow/core/common_runtime/gpu/gpu_device.cc:1178] 0:   N 
2020-10-05 20:46:00.448672: I tensorflow/core/common_runtime/gpu/gpu_device.cc:1304] Created TensorFlow device (/job:localhost/replica:0/task:0/device:GPU:0 with 8686 MB memory) -> physical GPU (device: 0, name: GeForce RTX 2080 Ti, pci bus id: 0000:73:00.0, compute capability: 7.5)
2020-10-05 20:46:00.469902: I tensorflow/core/common_runtime/gpu/gpu_device.cc:1618] Found device 0 with properties: 
name: GeForce RTX 2080 Ti major: 7 minor: 5 memoryClockRate(GHz): 1.65
pciBusID: 0000:73:00.0
2020-10-05 20:46:00.471804: I tensorflow/stream_executor/platform/default/dso_loader.cc:44] Successfully opened dynamic library cudart64_100.dll
2020-10-05 20:46:00.473080: I tensorflow/stream_executor/platform/default/dso_loader.cc:44] Successfully opened dynamic library cublas64_100.dll
2020-10-05 20:46:00.474350: I tensorflow/stream_executor/platform/default/dso_loader.cc:44] Successfully opened dynamic library cufft64_100.dll
2020-10-05 20:46:00.475617: I tensorflow/stream_executor/platform/default/dso_loader.cc:44] Successfully opened dynamic library curand64_100.dll
2020-10-05 20:46:00.476895: I tensorflow/stream_executor/platform/default/dso_loader.cc:44] Successfully opened dynamic library cusolver64_100.dll
2020-10-05 20:46:00.478055: I tensorflow/stream_executor/platform/default/dso_loader.cc:44] Successfully opened dynamic library cusparse64_100.dll
2020-10-05 20:46:00.479090: I tensorflow/stream_executor/platform/default/dso_loader.cc:44] Successfully opened dynamic library cudnn64_7.dll
2020-10-05 20:46:00.480659: I tensorflow/core/common_runtime/gpu/gpu_device.cc:1746] Adding visible gpu devices: 0
2020-10-05 20:46:00.481541: I tensorflow/core/common_runtime/gpu/gpu_device.cc:1159] Device interconnect StreamExecutor with strength 1 edge matrix:
2020-10-05 20:46:00.482586: I tensorflow/core/common_runtime/gpu/gpu_device.cc:1165]      0 
2020-10-05 20:46:00.483319: I tensorflow/core/common_runtime/gpu/gpu_device.cc:1178] 0:   N 
2020-10-05 20:46:00.484668: I tensorflow/core/common_runtime/gpu/gpu_device.cc:1304] Created TensorFlow device (/job:localhost/replica:0/task:0/device:GPU:0 with 8686 MB memory) -> physical GPU (device: 0, name: GeForce RTX 2080 Ti, pci bus id: 0000:73:00.0, compute capability: 7.5)
2020-10-05 20:46:00.500057: I tensorflow/core/common_runtime/gpu/gpu_device.cc:1618] Found device 0 with properties: 
name: GeForce RTX 2080 Ti major: 7 minor: 5 memoryClockRate(GHz): 1.65
pciBusID: 0000:73:00.0
2020-10-05 20:46:00.500612: I tensorflow/stream_executor/platform/default/dso_loader.cc:44] Successfully opened dynamic library cudart64_100.dll
2020-10-05 20:46:00.500983: I tensorflow/stream_executor/platform/default/dso_loader.cc:44] Successfully opened dynamic library cublas64_100.dll
2020-10-05 20:46:00.501349: I tensorflow/stream_executor/platform/default/dso_loader.cc:44] Successfully opened dynamic library cufft64_100.dll
2020-10-05 20:46:00.501705: I tensorflow/stream_executor/platform/default/dso_loader.cc:44] Successfully opened dynamic library curand64_100.dll
2020-10-05 20:46:00.502063: I tensorflow/stream_executor/platform/default/dso_loader.cc:44] Successfully opened dynamic library cusolver64_100.dll
2020-10-05 20:46:00.502418: I tensorflow/stream_executor/platform/default/dso_loader.cc:44] Successfully opened dynamic library cusparse64_100.dll
2020-10-05 20:46:00.502805: I tensorflow/stream_executor/platform/default/dso_loader.cc:44] Successfully opened dynamic library cudnn64_7.dll
2020-10-05 20:46:00.503400: I tensorflow/core/common_runtime/gpu/gpu_device.cc:1746] Adding visible gpu devices: 0
2020-10-05 20:46:00.503716: I tensorflow/core/common_runtime/gpu/gpu_device.cc:1159] Device interconnect StreamExecutor with strength 1 edge matrix:
2020-10-05 20:46:00.504085: I tensorflow/core/common_runtime/gpu/gpu_device.cc:1165]      0 
2020-10-05 20:46:00.504312: I tensorflow/core/common_runtime/gpu/gpu_device.cc:1178] 0:   N 
2020-10-05 20:46:00.504815: I tensorflow/core/common_runtime/gpu/gpu_device.cc:1304] Created TensorFlow device (/job:localhost/replica:0/task:0/device:GPU:0 with 8686 MB memory) -> physical GPU (device: 0, name: GeForce RTX 2080 Ti, pci bus id: 0000:73:00.0, compute capability: 7.5)
2020-10-05 20:46:00.514208: I tensorflow/core/common_runtime/gpu/gpu_device.cc:1618] Found device 0 with properties: 
name: GeForce RTX 2080 Ti major: 7 minor: 5 memoryClockRate(GHz): 1.65
pciBusID: 0000:73:00.0
2020-10-05 20:46:00.514868: I tensorflow/stream_executor/platform/default/dso_loader.cc:44] Successfully opened dynamic library cudart64_100.dll
2020-10-05 20:46:00.515297: I tensorflow/stream_executor/platform/default/dso_loader.cc:44] Successfully opened dynamic library cublas64_100.dll
2020-10-05 20:46:00.515705: I tensorflow/stream_executor/platform/default/dso_loader.cc:44] Successfully opened dynamic library cufft64_100.dll
2020-10-05 20:46:00.516067: I tensorflow/stream_executor/platform/default/dso_loader.cc:44] Successfully opened dynamic library curand64_100.dll
2020-10-05 20:46:00.516436: I tensorflow/stream_executor/platform/default/dso_loader.cc:44] Successfully opened dynamic library cusolver64_100.dll
2020-10-05 20:46:00.516806: I tensorflow/stream_executor/platform/default/dso_loader.cc:44] Successfully opened dynamic library cusparse64_100.dll
2020-10-05 20:46:00.517180: I tensorflow/stream_executor/platform/default/dso_loader.cc:44] Successfully opened dynamic library cudnn64_7.dll
2020-10-05 20:46:00.517748: I tensorflow/core/common_runtime/gpu/gpu_device.cc:1746] Adding visible gpu devices: 0
2020-10-05 20:46:00.518046: I tensorflow/core/common_runtime/gpu/gpu_device.cc:1159] Device interconnect StreamExecutor with strength 1 edge matrix:
2020-10-05 20:46:00.518421: I tensorflow/core/common_runtime/gpu/gpu_device.cc:1165]      0 
2020-10-05 20:46:00.518641: I tensorflow/core/common_runtime/gpu/gpu_device.cc:1178] 0:   N 
2020-10-05 20:46:00.519124: I tensorflow/core/common_runtime/gpu/gpu_device.cc:1304] Created TensorFlow device (/job:localhost/replica:0/task:0/device:GPU:0 with 8686 MB memory) -> physical GPU (device: 0, name: GeForce RTX 2080 Ti, pci bus id: 0000:73:00.0, compute capability: 7.5)
2020-10-05 20:46:00.528290: I tensorflow/core/common_runtime/gpu/gpu_device.cc:1618] Found device 0 with properties: 
name: GeForce RTX 2080 Ti major: 7 minor: 5 memoryClockRate(GHz): 1.65
pciBusID: 0000:73:00.0
2020-10-05 20:46:00.528847: I tensorflow/stream_executor/platform/default/dso_loader.cc:44] Successfully opened dynamic library cudart64_100.dll
2020-10-05 20:46:00.529200: I tensorflow/stream_executor/platform/default/dso_loader.cc:44] Successfully opened dynamic library cublas64_100.dll
2020-10-05 20:46:00.529542: I tensorflow/stream_executor/platform/default/dso_loader.cc:44] Successfully opened dynamic library cufft64_100.dll
2020-10-05 20:46:00.529978: I tensorflow/stream_executor/platform/default/dso_loader.cc:44] Successfully opened dynamic library curand64_100.dll
2020-10-05 20:46:00.530421: I tensorflow/stream_executor/platform/default/dso_loader.cc:44] Successfully opened dynamic library cusolver64_100.dll
2020-10-05 20:46:00.530857: I tensorflow/stream_executor/platform/default/dso_loader.cc:44] Successfully opened dynamic library cusparse64_100.dll
2020-10-05 20:46:00.531249: I tensorflow/stream_executor/platform/default/dso_loader.cc:44] Successfully opened dynamic library cudnn64_7.dll
2020-10-05 20:46:00.531822: I tensorflow/core/common_runtime/gpu/gpu_device.cc:1746] Adding visible gpu devices: 0
2020-10-05 20:46:00.532122: I tensorflow/core/common_runtime/gpu/gpu_device.cc:1159] Device interconnect StreamExecutor with strength 1 edge matrix:
2020-10-05 20:46:00.532481: I tensorflow/core/common_runtime/gpu/gpu_device.cc:1165]      0 
2020-10-05 20:46:00.532701: I tensorflow/core/common_runtime/gpu/gpu_device.cc:1178] 0:   N 
2020-10-05 20:46:00.533191: I tensorflow/core/common_runtime/gpu/gpu_device.cc:1304] Created TensorFlow device (/job:localhost/replica:0/task:0/device:GPU:0 with 8686 MB memory) -> physical GPU (device: 0, name: GeForce RTX 2080 Ti, pci bus id: 0000:73:00.0, compute capability: 7.5)
WARNING:tensorflow:From C:\ProgramData\Anaconda3\envs\keras\lib\site-packages\tensorflow_core\python\framework\test_util.py:1137: py_func (from tensorflow.python.ops.script_ops) is deprecated and will be removed in a future version.
Instructions for updating:
tf.py_func is deprecated in TF V2. Instead, there are two
    options available in V2.
    - tf.py_function takes a python function which manipulates tf eager
    tensors instead of numpy arrays. It's easy to convert a tf eager tensor to
    an ndarray (just call tensor.numpy()) but having access to eager tensors
    means `tf.py_function`s can use accelerators such as GPUs as well as
    being differentiable using a gradient tape.
    - tf.numpy_function maintains the semantics of the deprecated tf.py_func
    (it is not differentiable, and manipulates numpy arrays). It drops the
    stateful argument making all functions stateful.
    
W1005 20:46:00.545389 20732 deprecation.py:323] From C:\ProgramData\Anaconda3\envs\keras\lib\site-packages\tensorflow_core\python\framework\test_util.py:1137: py_func (from tensorflow.python.ops.script_ops) is deprecated and will be removed in a future version.
Instructions for updating:
tf.py_func is deprecated in TF V2. Instead, there are two
    options available in V2.
    - tf.py_function takes a python function which manipulates tf eager
    tensors instead of numpy arrays. It's easy to convert a tf eager tensor to
    an ndarray (just call tensor.numpy()) but having access to eager tensors
    means `tf.py_function`s can use accelerators such as GPUs as well as
    being differentiable using a gradient tape.
    - tf.numpy_function maintains the semantics of the deprecated tf.py_func
    (it is not differentiable, and manipulates numpy arrays). It drops the
    stateful argument making all functions stateful.
    
[       OK ] JITTest.testJITCreateOpsLambda_function
[ RUN      ] JITTest.testJITCreateOpsLambda_v1_graph
2020-10-05 20:46:00.554256: I tensorflow/core/common_runtime/gpu/gpu_device.cc:1618] Found device 0 with properties: 
name: GeForce RTX 2080 Ti major: 7 minor: 5 memoryClockRate(GHz): 1.65
pciBusID: 0000:73:00.0
2020-10-05 20:46:00.554797: I tensorflow/stream_executor/platform/default/dso_loader.cc:44] Successfully opened dynamic library cudart64_100.dll
2020-10-05 20:46:00.555143: I tensorflow/stream_executor/platform/default/dso_loader.cc:44] Successfully opened dynamic library cublas64_100.dll
2020-10-05 20:46:00.555489: I tensorflow/stream_executor/platform/default/dso_loader.cc:44] Successfully opened dynamic library cufft64_100.dll
2020-10-05 20:46:00.555826: I tensorflow/stream_executor/platform/default/dso_loader.cc:44] Successfully opened dynamic library curand64_100.dll
2020-10-05 20:46:00.556168: I tensorflow/stream_executor/platform/default/dso_loader.cc:44] Successfully opened dynamic library cusolver64_100.dll
2020-10-05 20:46:00.556541: I tensorflow/stream_executor/platform/default/dso_loader.cc:44] Successfully opened dynamic library cusparse64_100.dll
2020-10-05 20:46:00.556889: I tensorflow/stream_executor/platform/default/dso_loader.cc:44] Successfully opened dynamic library cudnn64_7.dll
2020-10-05 20:46:00.557454: I tensorflow/core/common_runtime/gpu/gpu_device.cc:1746] Adding visible gpu devices: 0
2020-10-05 20:46:00.557755: I tensorflow/core/common_runtime/gpu/gpu_device.cc:1159] Device interconnect StreamExecutor with strength 1 edge matrix:
2020-10-05 20:46:00.558109: I tensorflow/core/common_runtime/gpu/gpu_device.cc:1165]      0 
2020-10-05 20:46:00.558328: I tensorflow/core/common_runtime/gpu/gpu_device.cc:1178] 0:   N 
2020-10-05 20:46:00.558834: I tensorflow/core/common_runtime/gpu/gpu_device.cc:1304] Created TensorFlow device (/job:localhost/replica:0/task:0/device:GPU:0 with 8686 MB memory) -> physical GPU (device: 0, name: GeForce RTX 2080 Ti, pci bus id: 0000:73:00.0, compute capability: 7.5)
2020-10-05 20:46:00.574591: I tensorflow/core/common_runtime/gpu/gpu_device.cc:1618] Found device 0 with properties: 
name: GeForce RTX 2080 Ti major: 7 minor: 5 memoryClockRate(GHz): 1.65
pciBusID: 0000:73:00.0
2020-10-05 20:46:00.575115: I tensorflow/stream_executor/platform/default/dso_loader.cc:44] Successfully opened dynamic library cudart64_100.dll
2020-10-05 20:46:00.575457: I tensorflow/stream_executor/platform/default/dso_loader.cc:44] Successfully opened dynamic library cublas64_100.dll
2020-10-05 20:46:00.575803: I tensorflow/stream_executor/platform/default/dso_loader.cc:44] Successfully opened dynamic library cufft64_100.dll
2020-10-05 20:46:00.576141: I tensorflow/stream_executor/platform/default/dso_loader.cc:44] Successfully opened dynamic library curand64_100.dll
2020-10-05 20:46:00.576481: I tensorflow/stream_executor/platform/default/dso_loader.cc:44] Successfully opened dynamic library cusolver64_100.dll
2020-10-05 20:46:00.576856: I tensorflow/stream_executor/platform/default/dso_loader.cc:44] Successfully opened dynamic library cusparse64_100.dll
2020-10-05 20:46:00.577237: I tensorflow/stream_executor/platform/default/dso_loader.cc:44] Successfully opened dynamic library cudnn64_7.dll
2020-10-05 20:46:00.577861: I tensorflow/core/common_runtime/gpu/gpu_device.cc:1746] Adding visible gpu devices: 0
2020-10-05 20:46:00.578162: I tensorflow/core/common_runtime/gpu/gpu_device.cc:1159] Device interconnect StreamExecutor with strength 1 edge matrix:
2020-10-05 20:46:00.578518: I tensorflow/core/common_runtime/gpu/gpu_device.cc:1165]      0 
2020-10-05 20:46:00.578738: I tensorflow/core/common_runtime/gpu/gpu_device.cc:1178] 0:   N 
2020-10-05 20:46:00.579225: I tensorflow/core/common_runtime/gpu/gpu_device.cc:1304] Created TensorFlow device (/job:localhost/replica:0/task:0/device:GPU:0 with 8686 MB memory) -> physical GPU (device: 0, name: GeForce RTX 2080 Ti, pci bus id: 0000:73:00.0, compute capability: 7.5)
2020-10-05 20:46:00.594032: I tensorflow/core/common_runtime/gpu/gpu_device.cc:1618] Found device 0 with properties: 
name: GeForce RTX 2080 Ti major: 7 minor: 5 memoryClockRate(GHz): 1.65
pciBusID: 0000:73:00.0
2020-10-05 20:46:00.594597: I tensorflow/stream_executor/platform/default/dso_loader.cc:44] Successfully opened dynamic library cudart64_100.dll
2020-10-05 20:46:00.594966: I tensorflow/stream_executor/platform/default/dso_loader.cc:44] Successfully opened dynamic library cublas64_100.dll
2020-10-05 20:46:00.595318: I tensorflow/stream_executor/platform/default/dso_loader.cc:44] Successfully opened dynamic library cufft64_100.dll
2020-10-05 20:46:00.595656: I tensorflow/stream_executor/platform/default/dso_loader.cc:44] Successfully opened dynamic library curand64_100.dll
2020-10-05 20:46:00.596002: I tensorflow/stream_executor/platform/default/dso_loader.cc:44] Successfully opened dynamic library cusolver64_100.dll
2020-10-05 20:46:00.596346: I tensorflow/stream_executor/platform/default/dso_loader.cc:44] Successfully opened dynamic library cusparse64_100.dll
2020-10-05 20:46:00.596701: I tensorflow/stream_executor/platform/default/dso_loader.cc:44] Successfully opened dynamic library cudnn64_7.dll
2020-10-05 20:46:00.597273: I tensorflow/core/common_runtime/gpu/gpu_device.cc:1746] Adding visible gpu devices: 0
2020-10-05 20:46:00.597577: I tensorflow/core/common_runtime/gpu/gpu_device.cc:1159] Device interconnect StreamExecutor with strength 1 edge matrix:
2020-10-05 20:46:00.597947: I tensorflow/core/common_runtime/gpu/gpu_device.cc:1165]      0 
2020-10-05 20:46:00.598167: I tensorflow/core/common_runtime/gpu/gpu_device.cc:1178] 0:   N 
2020-10-05 20:46:00.598650: I tensorflow/core/common_runtime/gpu/gpu_device.cc:1304] Created TensorFlow device (/job:localhost/replica:0/task:0/device:GPU:0 with 8686 MB memory) -> physical GPU (device: 0, name: GeForce RTX 2080 Ti, pci bus id: 0000:73:00.0, compute capability: 7.5)
2020-10-05 20:46:00.613649: I tensorflow/core/common_runtime/gpu/gpu_device.cc:1618] Found device 0 with properties: 
name: GeForce RTX 2080 Ti major: 7 minor: 5 memoryClockRate(GHz): 1.65
pciBusID: 0000:73:00.0
2020-10-05 20:46:00.614214: I tensorflow/stream_executor/platform/default/dso_loader.cc:44] Successfully opened dynamic library cudart64_100.dll
2020-10-05 20:46:00.614561: I tensorflow/stream_executor/platform/default/dso_loader.cc:44] Successfully opened dynamic library cublas64_100.dll
2020-10-05 20:46:00.614914: I tensorflow/stream_executor/platform/default/dso_loader.cc:44] Successfully opened dynamic library cufft64_100.dll
2020-10-05 20:46:00.615275: I tensorflow/stream_executor/platform/default/dso_loader.cc:44] Successfully opened dynamic library curand64_100.dll
2020-10-05 20:46:00.615624: I tensorflow/stream_executor/platform/default/dso_loader.cc:44] Successfully opened dynamic library cusolver64_100.dll
2020-10-05 20:46:00.615975: I tensorflow/stream_executor/platform/default/dso_loader.cc:44] Successfully opened dynamic library cusparse64_100.dll
2020-10-05 20:46:00.616319: I tensorflow/stream_executor/platform/default/dso_loader.cc:44] Successfully opened dynamic library cudnn64_7.dll
2020-10-05 20:46:00.616884: I tensorflow/core/common_runtime/gpu/gpu_device.cc:1746] Adding visible gpu devices: 0
2020-10-05 20:46:00.617187: I tensorflow/core/common_runtime/gpu/gpu_device.cc:1159] Device interconnect StreamExecutor with strength 1 edge matrix:
2020-10-05 20:46:00.617538: I tensorflow/core/common_runtime/gpu/gpu_device.cc:1165]      0 
2020-10-05 20:46:00.617759: I tensorflow/core/common_runtime/gpu/gpu_device.cc:1178] 0:   N 
2020-10-05 20:46:00.618257: I tensorflow/core/common_runtime/gpu/gpu_device.cc:1304] Created TensorFlow device (/job:localhost/replica:0/task:0/device:GPU:0 with 8686 MB memory) -> physical GPU (device: 0, name: GeForce RTX 2080 Ti, pci bus id: 0000:73:00.0, compute capability: 7.5)
2020-10-05 20:46:00.632617: I tensorflow/core/common_runtime/gpu/gpu_device.cc:1618] Found device 0 with properties: 
name: GeForce RTX 2080 Ti major: 7 minor: 5 memoryClockRate(GHz): 1.65
pciBusID: 0000:73:00.0
2020-10-05 20:46:00.633181: I tensorflow/stream_executor/platform/default/dso_loader.cc:44] Successfully opened dynamic library cudart64_100.dll
2020-10-05 20:46:00.633526: I tensorflow/stream_executor/platform/default/dso_loader.cc:44] Successfully opened dynamic library cublas64_100.dll
2020-10-05 20:46:00.633874: I tensorflow/stream_executor/platform/default/dso_loader.cc:44] Successfully opened dynamic library cufft64_100.dll
2020-10-05 20:46:00.634211: I tensorflow/stream_executor/platform/default/dso_loader.cc:44] Successfully opened dynamic library curand64_100.dll
2020-10-05 20:46:00.634554: I tensorflow/stream_executor/platform/default/dso_loader.cc:44] Successfully opened dynamic library cusolver64_100.dll
2020-10-05 20:46:00.634925: I tensorflow/stream_executor/platform/default/dso_loader.cc:44] Successfully opened dynamic library cusparse64_100.dll
2020-10-05 20:46:00.635280: I tensorflow/stream_executor/platform/default/dso_loader.cc:44] Successfully opened dynamic library cudnn64_7.dll
2020-10-05 20:46:00.635856: I tensorflow/core/common_runtime/gpu/gpu_device.cc:1746] Adding visible gpu devices: 0
2020-10-05 20:46:00.636155: I tensorflow/core/common_runtime/gpu/gpu_device.cc:1159] Device interconnect StreamExecutor with strength 1 edge matrix:
2020-10-05 20:46:00.636509: I tensorflow/core/common_runtime/gpu/gpu_device.cc:1165]      0 
2020-10-05 20:46:00.636731: I tensorflow/core/common_runtime/gpu/gpu_device.cc:1178] 0:   N 
2020-10-05 20:46:00.637212: I tensorflow/core/common_runtime/gpu/gpu_device.cc:1304] Created TensorFlow device (/job:localhost/replica:0/task:0/device:GPU:0 with 8686 MB memory) -> physical GPU (device: 0, name: GeForce RTX 2080 Ti, pci bus id: 0000:73:00.0, compute capability: 7.5)
[       OK ] JITTest.testJITCreateOpsLambda_v1_graph
[ RUN      ] JITTest.testJITInEager
[  SKIPPED ] JITTest.testJITInEager
[ RUN      ] JITTest.testJITVariableSeed_function
WARNING:tensorflow:Entity <function build_as_function_and_v1_graph.<locals>.decorator.<locals>.decorated.<locals>.function_in_eager at 0x00000284E60E1730> could not be transformed and will be executed as-is. Please report this to the AutoGraph team. When filing the bug, set the verbosity to 10 (on Linux, `export AUTOGRAPH_VERBOSITY=10`) and attach the full output. Cause: 'NoneType' object has no attribute '_fields'
W1005 20:46:00.685983 20732 ag_logging.py:146] Entity <function build_as_function_and_v1_graph.<locals>.decorator.<locals>.decorated.<locals>.function_in_eager at 0x00000284E60E1730> could not be transformed and will be executed as-is. Please report this to the AutoGraph team. When filing the bug, set the verbosity to 10 (on Linux, `export AUTOGRAPH_VERBOSITY=10`) and attach the full output. Cause: 'NoneType' object has no attribute '_fields'
2020-10-05 20:46:00.691542: I tensorflow/core/common_runtime/gpu/gpu_device.cc:1618] Found device 0 with properties: 
name: GeForce RTX 2080 Ti major: 7 minor: 5 memoryClockRate(GHz): 1.65
pciBusID: 0000:73:00.0
2020-10-05 20:46:00.692113: I tensorflow/stream_executor/platform/default/dso_loader.cc:44] Successfully opened dynamic library cudart64_100.dll
2020-10-05 20:46:00.692486: I tensorflow/stream_executor/platform/default/dso_loader.cc:44] Successfully opened dynamic library cublas64_100.dll
2020-10-05 20:46:00.692855: I tensorflow/stream_executor/platform/default/dso_loader.cc:44] Successfully opened dynamic library cufft64_100.dll
2020-10-05 20:46:00.693203: I tensorflow/stream_executor/platform/default/dso_loader.cc:44] Successfully opened dynamic library curand64_100.dll
2020-10-05 20:46:00.693550: I tensorflow/stream_executor/platform/default/dso_loader.cc:44] Successfully opened dynamic library cusolver64_100.dll
2020-10-05 20:46:00.693894: I tensorflow/stream_executor/platform/default/dso_loader.cc:44] Successfully opened dynamic library cusparse64_100.dll
2020-10-05 20:46:00.694247: I tensorflow/stream_executor/platform/default/dso_loader.cc:44] Successfully opened dynamic library cudnn64_7.dll
2020-10-05 20:46:00.694830: I tensorflow/core/common_runtime/gpu/gpu_device.cc:1746] Adding visible gpu devices: 0
2020-10-05 20:46:00.695141: I tensorflow/core/common_runtime/gpu/gpu_device.cc:1159] Device interconnect StreamExecutor with strength 1 edge matrix:
2020-10-05 20:46:00.695494: I tensorflow/core/common_runtime/gpu/gpu_device.cc:1165]      0 
2020-10-05 20:46:00.695720: I tensorflow/core/common_runtime/gpu/gpu_device.cc:1178] 0:   N 
2020-10-05 20:46:00.696207: I tensorflow/core/common_runtime/gpu/gpu_device.cc:1304] Created TensorFlow device (/job:localhost/replica:0/task:0/device:GPU:0 with 8686 MB memory) -> physical GPU (device: 0, name: GeForce RTX 2080 Ti, pci bus id: 0000:73:00.0, compute capability: 7.5)
2020-10-05 20:46:00.716276: I tensorflow/core/common_runtime/gpu/gpu_device.cc:1618] Found device 0 with properties: 
name: GeForce RTX 2080 Ti major: 7 minor: 5 memoryClockRate(GHz): 1.65
pciBusID: 0000:73:00.0
2020-10-05 20:46:00.718204: I tensorflow/stream_executor/platform/default/dso_loader.cc:44] Successfully opened dynamic library cudart64_100.dll
2020-10-05 20:46:00.719621: I tensorflow/stream_executor/platform/default/dso_loader.cc:44] Successfully opened dynamic library cublas64_100.dll
2020-10-05 20:46:00.720896: I tensorflow/stream_executor/platform/default/dso_loader.cc:44] Successfully opened dynamic library cufft64_100.dll
2020-10-05 20:46:00.722157: I tensorflow/stream_executor/platform/default/dso_loader.cc:44] Successfully opened dynamic library curand64_100.dll
2020-10-05 20:46:00.723437: I tensorflow/stream_executor/platform/default/dso_loader.cc:44] Successfully opened dynamic library cusolver64_100.dll
2020-10-05 20:46:00.724720: I tensorflow/stream_executor/platform/default/dso_loader.cc:44] Successfully opened dynamic library cusparse64_100.dll
2020-10-05 20:46:00.726003: I tensorflow/stream_executor/platform/default/dso_loader.cc:44] Successfully opened dynamic library cudnn64_7.dll
2020-10-05 20:46:00.727962: I tensorflow/core/common_runtime/gpu/gpu_device.cc:1746] Adding visible gpu devices: 0
2020-10-05 20:46:00.728968: I tensorflow/core/common_runtime/gpu/gpu_device.cc:1159] Device interconnect StreamExecutor with strength 1 edge matrix:
2020-10-05 20:46:00.729925: I tensorflow/core/common_runtime/gpu/gpu_device.cc:1165]      0 
2020-10-05 20:46:00.730519: I tensorflow/core/common_runtime/gpu/gpu_device.cc:1178] 0:   N 
2020-10-05 20:46:00.731707: I tensorflow/core/common_runtime/gpu/gpu_device.cc:1304] Created TensorFlow device (/job:localhost/replica:0/task:0/device:GPU:0 with 8686 MB memory) -> physical GPU (device: 0, name: GeForce RTX 2080 Ti, pci bus id: 0000:73:00.0, compute capability: 7.5)
2020-10-05 20:46:00.753102: I tensorflow/core/common_runtime/gpu/gpu_device.cc:1618] Found device 0 with properties: 
name: GeForce RTX 2080 Ti major: 7 minor: 5 memoryClockRate(GHz): 1.65
pciBusID: 0000:73:00.0
2020-10-05 20:46:00.753841: I tensorflow/stream_executor/platform/default/dso_loader.cc:44] Successfully opened dynamic library cudart64_100.dll
2020-10-05 20:46:00.754330: I tensorflow/stream_executor/platform/default/dso_loader.cc:44] Successfully opened dynamic library cublas64_100.dll
2020-10-05 20:46:00.754837: I tensorflow/stream_executor/platform/default/dso_loader.cc:44] Successfully opened dynamic library cufft64_100.dll
2020-10-05 20:46:00.755318: I tensorflow/stream_executor/platform/default/dso_loader.cc:44] Successfully opened dynamic library curand64_100.dll
2020-10-05 20:46:00.755804: I tensorflow/stream_executor/platform/default/dso_loader.cc:44] Successfully opened dynamic library cusolver64_100.dll
2020-10-05 20:46:00.756293: I tensorflow/stream_executor/platform/default/dso_loader.cc:44] Successfully opened dynamic library cusparse64_100.dll
2020-10-05 20:46:00.756781: I tensorflow/stream_executor/platform/default/dso_loader.cc:44] Successfully opened dynamic library cudnn64_7.dll
2020-10-05 20:46:00.757561: I tensorflow/core/common_runtime/gpu/gpu_device.cc:1746] Adding visible gpu devices: 0
2020-10-05 20:46:00.757990: I tensorflow/core/common_runtime/gpu/gpu_device.cc:1159] Device interconnect StreamExecutor with strength 1 edge matrix:
2020-10-05 20:46:00.758493: I tensorflow/core/common_runtime/gpu/gpu_device.cc:1165]      0 
2020-10-05 20:46:00.758842: I tensorflow/core/common_runtime/gpu/gpu_device.cc:1178] 0:   N 
2020-10-05 20:46:00.759528: I tensorflow/core/common_runtime/gpu/gpu_device.cc:1304] Created TensorFlow device (/job:localhost/replica:0/task:0/device:GPU:0 with 8686 MB memory) -> physical GPU (device: 0, name: GeForce RTX 2080 Ti, pci bus id: 0000:73:00.0, compute capability: 7.5)
2020-10-05 20:46:00.775764: I tensorflow/core/common_runtime/gpu/gpu_device.cc:1618] Found device 0 with properties: 
name: GeForce RTX 2080 Ti major: 7 minor: 5 memoryClockRate(GHz): 1.65
pciBusID: 0000:73:00.0
2020-10-05 20:46:00.776334: I tensorflow/stream_executor/platform/default/dso_loader.cc:44] Successfully opened dynamic library cudart64_100.dll
2020-10-05 20:46:00.776683: I tensorflow/stream_executor/platform/default/dso_loader.cc:44] Successfully opened dynamic library cublas64_100.dll
2020-10-05 20:46:00.777085: I tensorflow/stream_executor/platform/default/dso_loader.cc:44] Successfully opened dynamic library cufft64_100.dll
2020-10-05 20:46:00.777426: I tensorflow/stream_executor/platform/default/dso_loader.cc:44] Successfully opened dynamic library curand64_100.dll
2020-10-05 20:46:00.777782: I tensorflow/stream_executor/platform/default/dso_loader.cc:44] Successfully opened dynamic library cusolver64_100.dll
2020-10-05 20:46:00.778134: I tensorflow/stream_executor/platform/default/dso_loader.cc:44] Successfully opened dynamic library cusparse64_100.dll
2020-10-05 20:46:00.778484: I tensorflow/stream_executor/platform/default/dso_loader.cc:44] Successfully opened dynamic library cudnn64_7.dll
2020-10-05 20:46:00.779055: I tensorflow/core/common_runtime/gpu/gpu_device.cc:1746] Adding visible gpu devices: 0
2020-10-05 20:46:00.779359: I tensorflow/core/common_runtime/gpu/gpu_device.cc:1159] Device interconnect StreamExecutor with strength 1 edge matrix:
2020-10-05 20:46:00.779710: I tensorflow/core/common_runtime/gpu/gpu_device.cc:1165]      0 
2020-10-05 20:46:00.780031: I tensorflow/core/common_runtime/gpu/gpu_device.cc:1178] 0:   N 
2020-10-05 20:46:00.780618: I tensorflow/core/common_runtime/gpu/gpu_device.cc:1304] Created TensorFlow device (/job:localhost/replica:0/task:0/device:GPU:0 with 8686 MB memory) -> physical GPU (device: 0, name: GeForce RTX 2080 Ti, pci bus id: 0000:73:00.0, compute capability: 7.5)
[       OK ] JITTest.testJITVariableSeed_function
[ RUN      ] JITTest.testJITVariableSeed_v1_graph
2020-10-05 20:46:00.800194: I tensorflow/core/common_runtime/gpu/gpu_device.cc:1618] Found device 0 with properties: 
name: GeForce RTX 2080 Ti major: 7 minor: 5 memoryClockRate(GHz): 1.65
pciBusID: 0000:73:00.0
2020-10-05 20:46:00.800736: I tensorflow/stream_executor/platform/default/dso_loader.cc:44] Successfully opened dynamic library cudart64_100.dll
2020-10-05 20:46:00.801079: I tensorflow/stream_executor/platform/default/dso_loader.cc:44] Successfully opened dynamic library cublas64_100.dll
2020-10-05 20:46:00.801426: I tensorflow/stream_executor/platform/default/dso_loader.cc:44] Successfully opened dynamic library cufft64_100.dll
2020-10-05 20:46:00.801763: I tensorflow/stream_executor/platform/default/dso_loader.cc:44] Successfully opened dynamic library curand64_100.dll
2020-10-05 20:46:00.802106: I tensorflow/stream_executor/platform/default/dso_loader.cc:44] Successfully opened dynamic library cusolver64_100.dll
2020-10-05 20:46:00.802451: I tensorflow/stream_executor/platform/default/dso_loader.cc:44] Successfully opened dynamic library cusparse64_100.dll
2020-10-05 20:46:00.802819: I tensorflow/stream_executor/platform/default/dso_loader.cc:44] Successfully opened dynamic library cudnn64_7.dll
2020-10-05 20:46:00.803393: I tensorflow/core/common_runtime/gpu/gpu_device.cc:1746] Adding visible gpu devices: 0
2020-10-05 20:46:00.803699: I tensorflow/core/common_runtime/gpu/gpu_device.cc:1159] Device interconnect StreamExecutor with strength 1 edge matrix:
2020-10-05 20:46:00.804054: I tensorflow/core/common_runtime/gpu/gpu_device.cc:1165]      0 
2020-10-05 20:46:00.804276: I tensorflow/core/common_runtime/gpu/gpu_device.cc:1178] 0:   N 
2020-10-05 20:46:00.804765: I tensorflow/core/common_runtime/gpu/gpu_device.cc:1304] Created TensorFlow device (/job:localhost/replica:0/task:0/device:GPU:0 with 8686 MB memory) -> physical GPU (device: 0, name: GeForce RTX 2080 Ti, pci bus id: 0000:73:00.0, compute capability: 7.5)
2020-10-05 20:46:00.817755: I tensorflow/core/common_runtime/gpu/gpu_device.cc:1618] Found device 0 with properties: 
name: GeForce RTX 2080 Ti major: 7 minor: 5 memoryClockRate(GHz): 1.65
pciBusID: 0000:73:00.0
2020-10-05 20:46:00.818322: I tensorflow/stream_executor/platform/default/dso_loader.cc:44] Successfully opened dynamic library cudart64_100.dll
2020-10-05 20:46:00.818686: I tensorflow/stream_executor/platform/default/dso_loader.cc:44] Successfully opened dynamic library cublas64_100.dll
2020-10-05 20:46:00.819043: I tensorflow/stream_executor/platform/default/dso_loader.cc:44] Successfully opened dynamic library cufft64_100.dll
2020-10-05 20:46:00.819399: I tensorflow/stream_executor/platform/default/dso_loader.cc:44] Successfully opened dynamic library curand64_100.dll
2020-10-05 20:46:00.819748: I tensorflow/stream_executor/platform/default/dso_loader.cc:44] Successfully opened dynamic library cusolver64_100.dll
2020-10-05 20:46:00.820093: I tensorflow/stream_executor/platform/default/dso_loader.cc:44] Successfully opened dynamic library cusparse64_100.dll
2020-10-05 20:46:00.820437: I tensorflow/stream_executor/platform/default/dso_loader.cc:44] Successfully opened dynamic library cudnn64_7.dll
2020-10-05 20:46:00.821001: I tensorflow/core/common_runtime/gpu/gpu_device.cc:1746] Adding visible gpu devices: 0
2020-10-05 20:46:00.821305: I tensorflow/core/common_runtime/gpu/gpu_device.cc:1159] Device interconnect StreamExecutor with strength 1 edge matrix:
2020-10-05 20:46:00.821675: I tensorflow/core/common_runtime/gpu/gpu_device.cc:1165]      0 
2020-10-05 20:46:00.821896: I tensorflow/core/common_runtime/gpu/gpu_device.cc:1178] 0:   N 
2020-10-05 20:46:00.822380: I tensorflow/core/common_runtime/gpu/gpu_device.cc:1304] Created TensorFlow device (/job:localhost/replica:0/task:0/device:GPU:0 with 8686 MB memory) -> physical GPU (device: 0, name: GeForce RTX 2080 Ti, pci bus id: 0000:73:00.0, compute capability: 7.5)
2020-10-05 20:46:00.836664: I tensorflow/core/common_runtime/gpu/gpu_device.cc:1618] Found device 0 with properties: 
name: GeForce RTX 2080 Ti major: 7 minor: 5 memoryClockRate(GHz): 1.65
pciBusID: 0000:73:00.0
2020-10-05 20:46:00.838413: I tensorflow/stream_executor/platform/default/dso_loader.cc:44] Successfully opened dynamic library cudart64_100.dll
2020-10-05 20:46:00.839598: I tensorflow/stream_executor/platform/default/dso_loader.cc:44] Successfully opened dynamic library cublas64_100.dll
2020-10-05 20:46:00.840915: I tensorflow/stream_executor/platform/default/dso_loader.cc:44] Successfully opened dynamic library cufft64_100.dll
2020-10-05 20:46:00.842280: I tensorflow/stream_executor/platform/default/dso_loader.cc:44] Successfully opened dynamic library curand64_100.dll
2020-10-05 20:46:00.843597: I tensorflow/stream_executor/platform/default/dso_loader.cc:44] Successfully opened dynamic library cusolver64_100.dll
2020-10-05 20:46:00.844919: I tensorflow/stream_executor/platform/default/dso_loader.cc:44] Successfully opened dynamic library cusparse64_100.dll
2020-10-05 20:46:00.846248: I tensorflow/stream_executor/platform/default/dso_loader.cc:44] Successfully opened dynamic library cudnn64_7.dll
2020-10-05 20:46:00.848299: I tensorflow/core/common_runtime/gpu/gpu_device.cc:1746] Adding visible gpu devices: 0
2020-10-05 20:46:00.849435: I tensorflow/core/common_runtime/gpu/gpu_device.cc:1159] Device interconnect StreamExecutor with strength 1 edge matrix:
2020-10-05 20:46:00.850720: I tensorflow/core/common_runtime/gpu/gpu_device.cc:1165]      0 
2020-10-05 20:46:00.851463: I tensorflow/core/common_runtime/gpu/gpu_device.cc:1178] 0:   N 
2020-10-05 20:46:00.852915: I tensorflow/core/common_runtime/gpu/gpu_device.cc:1304] Created TensorFlow device (/job:localhost/replica:0/task:0/device:GPU:0 with 8686 MB memory) -> physical GPU (device: 0, name: GeForce RTX 2080 Ti, pci bus id: 0000:73:00.0, compute capability: 7.5)
2020-10-05 20:46:00.877365: I tensorflow/core/common_runtime/gpu/gpu_device.cc:1618] Found device 0 with properties: 
name: GeForce RTX 2080 Ti major: 7 minor: 5 memoryClockRate(GHz): 1.65
pciBusID: 0000:73:00.0
2020-10-05 20:46:00.877995: I tensorflow/stream_executor/platform/default/dso_loader.cc:44] Successfully opened dynamic library cudart64_100.dll
2020-10-05 20:46:00.878404: I tensorflow/stream_executor/platform/default/dso_loader.cc:44] Successfully opened dynamic library cublas64_100.dll
2020-10-05 20:46:00.878836: I tensorflow/stream_executor/platform/default/dso_loader.cc:44] Successfully opened dynamic library cufft64_100.dll
2020-10-05 20:46:00.879248: I tensorflow/stream_executor/platform/default/dso_loader.cc:44] Successfully opened dynamic library curand64_100.dll
2020-10-05 20:46:00.879669: I tensorflow/stream_executor/platform/default/dso_loader.cc:44] Successfully opened dynamic library cusolver64_100.dll
2020-10-05 20:46:00.880083: I tensorflow/stream_executor/platform/default/dso_loader.cc:44] Successfully opened dynamic library cusparse64_100.dll
2020-10-05 20:46:00.880435: I tensorflow/stream_executor/platform/default/dso_loader.cc:44] Successfully opened dynamic library cudnn64_7.dll
2020-10-05 20:46:00.881007: I tensorflow/core/common_runtime/gpu/gpu_device.cc:1746] Adding visible gpu devices: 0
2020-10-05 20:46:00.881311: I tensorflow/core/common_runtime/gpu/gpu_device.cc:1159] Device interconnect StreamExecutor with strength 1 edge matrix:
2020-10-05 20:46:00.881664: I tensorflow/core/common_runtime/gpu/gpu_device.cc:1165]      0 
2020-10-05 20:46:00.881889: I tensorflow/core/common_runtime/gpu/gpu_device.cc:1178] 0:   N 
2020-10-05 20:46:00.882389: I tensorflow/core/common_runtime/gpu/gpu_device.cc:1304] Created TensorFlow device (/job:localhost/replica:0/task:0/device:GPU:0 with 8686 MB memory) -> physical GPU (device: 0, name: GeForce RTX 2080 Ti, pci bus id: 0000:73:00.0, compute capability: 7.5)
[       OK ] JITTest.testJITVariableSeed_v1_graph
[ RUN      ] JITTest.testJITXlaScope_function
WARNING:tensorflow:Entity <function build_as_function_and_v1_graph.<locals>.decorator.<locals>.decorated.<locals>.function_in_eager at 0x00000284E6054F28> could not be transformed and will be executed as-is. Please report this to the AutoGraph team. When filing the bug, set the verbosity to 10 (on Linux, `export AUTOGRAPH_VERBOSITY=10`) and attach the full output. Cause: 'NoneType' object has no attribute '_fields'
W1005 20:46:00.920312 20732 ag_logging.py:146] Entity <function build_as_function_and_v1_graph.<locals>.decorator.<locals>.decorated.<locals>.function_in_eager at 0x00000284E6054F28> could not be transformed and will be executed as-is. Please report this to the AutoGraph team. When filing the bug, set the verbosity to 10 (on Linux, `export AUTOGRAPH_VERBOSITY=10`) and attach the full output. Cause: 'NoneType' object has no attribute '_fields'
2020-10-05 20:46:00.925306: I tensorflow/core/common_runtime/gpu/gpu_device.cc:1618] Found device 0 with properties: 
name: GeForce RTX 2080 Ti major: 7 minor: 5 memoryClockRate(GHz): 1.65
pciBusID: 0000:73:00.0
2020-10-05 20:46:00.925831: I tensorflow/stream_executor/platform/default/dso_loader.cc:44] Successfully opened dynamic library cudart64_100.dll
2020-10-05 20:46:00.926177: I tensorflow/stream_executor/platform/default/dso_loader.cc:44] Successfully opened dynamic library cublas64_100.dll
2020-10-05 20:46:00.926521: I tensorflow/stream_executor/platform/default/dso_loader.cc:44] Successfully opened dynamic library cufft64_100.dll
2020-10-05 20:46:00.926858: I tensorflow/stream_executor/platform/default/dso_loader.cc:44] Successfully opened dynamic library curand64_100.dll
2020-10-05 20:46:00.927219: I tensorflow/stream_executor/platform/default/dso_loader.cc:44] Successfully opened dynamic library cusolver64_100.dll
2020-10-05 20:46:00.927572: I tensorflow/stream_executor/platform/default/dso_loader.cc:44] Successfully opened dynamic library cusparse64_100.dll
2020-10-05 20:46:00.927916: I tensorflow/stream_executor/platform/default/dso_loader.cc:44] Successfully opened dynamic library cudnn64_7.dll
2020-10-05 20:46:00.928521: I tensorflow/core/common_runtime/gpu/gpu_device.cc:1746] Adding visible gpu devices: 0
2020-10-05 20:46:00.928829: I tensorflow/core/common_runtime/gpu/gpu_device.cc:1159] Device interconnect StreamExecutor with strength 1 edge matrix:
2020-10-05 20:46:00.929182: I tensorflow/core/common_runtime/gpu/gpu_device.cc:1165]      0 
2020-10-05 20:46:00.929403: I tensorflow/core/common_runtime/gpu/gpu_device.cc:1178] 0:   N 
2020-10-05 20:46:00.929892: I tensorflow/core/common_runtime/gpu/gpu_device.cc:1304] Created TensorFlow device (/job:localhost/replica:0/task:0/device:GPU:0 with 8686 MB memory) -> physical GPU (device: 0, name: GeForce RTX 2080 Ti, pci bus id: 0000:73:00.0, compute capability: 7.5)
[  FAILED  ] JITTest.testJITXlaScope_function
[ RUN      ] JITTest.testJITXlaScope_v1_graph
2020-10-05 20:46:00.935207: I tensorflow/core/common_runtime/gpu/gpu_device.cc:1618] Found device 0 with properties: 
name: GeForce RTX 2080 Ti major: 7 minor: 5 memoryClockRate(GHz): 1.65
pciBusID: 0000:73:00.0
2020-10-05 20:46:00.935726: I tensorflow/stream_executor/platform/default/dso_loader.cc:44] Successfully opened dynamic library cudart64_100.dll
2020-10-05 20:46:00.936133: I tensorflow/stream_executor/platform/default/dso_loader.cc:44] Successfully opened dynamic library cublas64_100.dll
2020-10-05 20:46:00.936568: I tensorflow/stream_executor/platform/default/dso_loader.cc:44] Successfully opened dynamic library cufft64_100.dll
2020-10-05 20:46:00.936989: I tensorflow/stream_executor/platform/default/dso_loader.cc:44] Successfully opened dynamic library curand64_100.dll
2020-10-05 20:46:00.937384: I tensorflow/stream_executor/platform/default/dso_loader.cc:44] Successfully opened dynamic library cusolver64_100.dll
2020-10-05 20:46:00.937729: I tensorflow/stream_executor/platform/default/dso_loader.cc:44] Successfully opened dynamic library cusparse64_100.dll
2020-10-05 20:46:00.938093: I tensorflow/stream_executor/platform/default/dso_loader.cc:44] Successfully opened dynamic library cudnn64_7.dll
2020-10-05 20:46:00.938675: I tensorflow/core/common_runtime/gpu/gpu_device.cc:1746] Adding visible gpu devices: 0
2020-10-05 20:46:00.938982: I tensorflow/core/common_runtime/gpu/gpu_device.cc:1159] Device interconnect StreamExecutor with strength 1 edge matrix:
2020-10-05 20:46:00.939334: I tensorflow/core/common_runtime/gpu/gpu_device.cc:1165]      0 
2020-10-05 20:46:00.939557: I tensorflow/core/common_runtime/gpu/gpu_device.cc:1178] 0:   N 
2020-10-05 20:46:00.940046: I tensorflow/core/common_runtime/gpu/gpu_device.cc:1304] Created TensorFlow device (/job:localhost/replica:0/task:0/device:GPU:0 with 8686 MB memory) -> physical GPU (device: 0, name: GeForce RTX 2080 Ti, pci bus id: 0000:73:00.0, compute capability: 7.5)
[  FAILED  ] JITTest.testJITXlaScope_v1_graph
[ RUN      ] JITTest.test_session
[  SKIPPED ] JITTest.test_session
======================================================================
ERROR: testCompilationGradientScopeNames_function (__main__.CompilationEnabledInGradientTest)
CompilationEnabledInGradientTest.testCompilationGradientScopeNames_function
testCompilationGradientScopeNames_function('function')
----------------------------------------------------------------------
Traceback (most recent call last):
  File "C:\ProgramData\Anaconda3\envs\keras\lib\site-packages\absl\testing\parameterized.py", line 284, in bound_param_test
    return test_method(self, *testcase_params)
  File "C:\ProgramData\Anaconda3\envs\keras\lib\site-packages\tensorflow_core\python\framework\test_util.py", line 993, in decorated
    function_in_eager()
  File "C:\ProgramData\Anaconda3\envs\keras\lib\site-packages\tensorflow_core\python\eager\def_function.py", line 449, in __call__
    self._initialize(args, kwds, add_initializers_to=initializer_map)
  File "C:\ProgramData\Anaconda3\envs\keras\lib\site-packages\tensorflow_core\python\eager\def_function.py", line 392, in _initialize
    *args, **kwds))
  File "C:\ProgramData\Anaconda3\envs\keras\lib\site-packages\tensorflow_core\python\eager\function.py", line 1847, in _get_concrete_function_internal_garbage_collected
    graph_function, _, _ = self._maybe_define_function(args, kwargs)
  File "C:\ProgramData\Anaconda3\envs\keras\lib\site-packages\tensorflow_core\python\eager\function.py", line 2147, in _maybe_define_function
    graph_function = self._create_graph_function(args, kwargs)
  File "C:\ProgramData\Anaconda3\envs\keras\lib\site-packages\tensorflow_core\python\eager\function.py", line 2038, in _create_graph_function
    capture_by_value=self._capture_by_value),
  File "C:\ProgramData\Anaconda3\envs\keras\lib\site-packages\tensorflow_core\python\framework\func_graph.py", line 915, in func_graph_from_py_func
    func_outputs = python_func(*func_args, **func_kwargs)
  File "C:\ProgramData\Anaconda3\envs\keras\lib\site-packages\tensorflow_core\python\eager\def_function.py", line 335, in wrapped_fn
    return weak_wrapped_fn().__wrapped__(*args, **kwds)
  File "C:\ProgramData\Anaconda3\envs\keras\lib\site-packages\tensorflow_core\python\framework\func_graph.py", line 905, in wrapper
    raise e.ag_error_metadata.to_exception(e)
ValueError: in converted code:

    C:\ProgramData\Anaconda3\envs\keras\lib\site-packages\tensorflow_core\python\framework\test_util.py:987 function_in_eager
        f(self, *args, **kwargs)
    jit_test.py:457 testCompilationGradientScopeNames
        self.assertEqual(b"jit_scope_0", a1.op.get_attr("_XlaScope"))
    C:\ProgramData\Anaconda3\envs\keras\lib\site-packages\tensorflow_core\python\framework\ops.py:2384 get_attr
        raise ValueError(str(e))

    ValueError: Operation 'Const' has no attr named '_XlaScope'.


======================================================================
ERROR: testCompilationGradientScopeNames_v1_graph (__main__.CompilationEnabledInGradientTest)
CompilationEnabledInGradientTest.testCompilationGradientScopeNames_v1_graph
testCompilationGradientScopeNames_v1_graph('v1_graph')
----------------------------------------------------------------------
Traceback (most recent call last):
  File "C:\ProgramData\Anaconda3\envs\keras\lib\site-packages\tensorflow_core\python\framework\ops.py", line 2380, in get_attr
    c_api.TF_OperationGetAttrValueProto(self._c_op, name, buf)
tensorflow.python.framework.errors_impl.InvalidArgumentError: Operation 'Const' has no attr named '_XlaScope'.

During handling of the above exception, another exception occurred:

Traceback (most recent call last):
  File "C:\ProgramData\Anaconda3\envs\keras\lib\site-packages\absl\testing\parameterized.py", line 284, in bound_param_test
    return test_method(self, *testcase_params)
  File "C:\ProgramData\Anaconda3\envs\keras\lib\site-packages\tensorflow_core\python\framework\test_util.py", line 982, in decorated
    f(self, *args, **kwargs)
  File "jit_test.py", line 457, in testCompilationGradientScopeNames
    self.assertEqual(b"jit_scope_0", a1.op.get_attr("_XlaScope"))
  File "C:\ProgramData\Anaconda3\envs\keras\lib\site-packages\tensorflow_core\python\framework\ops.py", line 2384, in get_attr
    raise ValueError(str(e))
ValueError: Operation 'Const' has no attr named '_XlaScope'.

======================================================================
ERROR: testCompilationInGradient_function (__main__.CompilationEnabledInGradientTest)
CompilationEnabledInGradientTest.testCompilationInGradient_function
testCompilationInGradient_function('function')
----------------------------------------------------------------------
Traceback (most recent call last):
  File "C:\ProgramData\Anaconda3\envs\keras\lib\site-packages\absl\testing\parameterized.py", line 284, in bound_param_test
    return test_method(self, *testcase_params)
  File "C:\ProgramData\Anaconda3\envs\keras\lib\site-packages\tensorflow_core\python\framework\test_util.py", line 993, in decorated
    function_in_eager()
  File "C:\ProgramData\Anaconda3\envs\keras\lib\site-packages\tensorflow_core\python\eager\def_function.py", line 449, in __call__
    self._initialize(args, kwds, add_initializers_to=initializer_map)
  File "C:\ProgramData\Anaconda3\envs\keras\lib\site-packages\tensorflow_core\python\eager\def_function.py", line 392, in _initialize
    *args, **kwds))
  File "C:\ProgramData\Anaconda3\envs\keras\lib\site-packages\tensorflow_core\python\eager\function.py", line 1847, in _get_concrete_function_internal_garbage_collected
    graph_function, _, _ = self._maybe_define_function(args, kwargs)
  File "C:\ProgramData\Anaconda3\envs\keras\lib\site-packages\tensorflow_core\python\eager\function.py", line 2147, in _maybe_define_function
    graph_function = self._create_graph_function(args, kwargs)
  File "C:\ProgramData\Anaconda3\envs\keras\lib\site-packages\tensorflow_core\python\eager\function.py", line 2038, in _create_graph_function
    capture_by_value=self._capture_by_value),
  File "C:\ProgramData\Anaconda3\envs\keras\lib\site-packages\tensorflow_core\python\framework\func_graph.py", line 915, in func_graph_from_py_func
    func_outputs = python_func(*func_args, **func_kwargs)
  File "C:\ProgramData\Anaconda3\envs\keras\lib\site-packages\tensorflow_core\python\eager\def_function.py", line 335, in wrapped_fn
    return weak_wrapped_fn().__wrapped__(*args, **kwds)
  File "C:\ProgramData\Anaconda3\envs\keras\lib\site-packages\tensorflow_core\python\framework\func_graph.py", line 905, in wrapper
    raise e.ag_error_metadata.to_exception(e)
ValueError: in converted code:

    C:\ProgramData\Anaconda3\envs\keras\lib\site-packages\tensorflow_core\python\framework\test_util.py:987 function_in_eager
        f(self, *args, **kwargs)
    jit_test.py:417 testCompilationInGradient
        self.assertTrue(cg.get_attr("_XlaCompile"))
    C:\ProgramData\Anaconda3\envs\keras\lib\site-packages\tensorflow_core\python\framework\ops.py:2384 get_attr
        raise ValueError(str(e))

    ValueError: Operation 'gradients/compiled_grad/MatMul' has no attr named '_XlaCompile'.


======================================================================
ERROR: testCompilationInGradient_v1_graph (__main__.CompilationEnabledInGradientTest)
CompilationEnabledInGradientTest.testCompilationInGradient_v1_graph
testCompilationInGradient_v1_graph('v1_graph')
----------------------------------------------------------------------
Traceback (most recent call last):
  File "C:\ProgramData\Anaconda3\envs\keras\lib\site-packages\tensorflow_core\python\framework\ops.py", line 2380, in get_attr
    c_api.TF_OperationGetAttrValueProto(self._c_op, name, buf)
tensorflow.python.framework.errors_impl.InvalidArgumentError: Operation 'gradients/compiled_grad/MatMul' has no attr named '_XlaCompile'.

During handling of the above exception, another exception occurred:

Traceback (most recent call last):
  File "C:\ProgramData\Anaconda3\envs\keras\lib\site-packages\absl\testing\parameterized.py", line 284, in bound_param_test
    return test_method(self, *testcase_params)
  File "C:\ProgramData\Anaconda3\envs\keras\lib\site-packages\tensorflow_core\python\framework\test_util.py", line 982, in decorated
    f(self, *args, **kwargs)
  File "jit_test.py", line 417, in testCompilationInGradient
    self.assertTrue(cg.get_attr("_XlaCompile"))
  File "C:\ProgramData\Anaconda3\envs\keras\lib\site-packages\tensorflow_core\python\framework\ops.py", line 2384, in get_attr
    raise ValueError(str(e))
ValueError: Operation 'gradients/compiled_grad/MatMul' has no attr named '_XlaCompile'.

======================================================================
ERROR: testCompilationSeparateGradientScopeNames_function (__main__.CompilationEnabledInGradientTest)
CompilationEnabledInGradientTest.testCompilationSeparateGradientScopeNames_function
testCompilationSeparateGradientScopeNames_function('function')
----------------------------------------------------------------------
Traceback (most recent call last):
  File "C:\ProgramData\Anaconda3\envs\keras\lib\site-packages\absl\testing\parameterized.py", line 284, in bound_param_test
    return test_method(self, *testcase_params)
  File "C:\ProgramData\Anaconda3\envs\keras\lib\site-packages\tensorflow_core\python\framework\test_util.py", line 993, in decorated
    function_in_eager()
  File "C:\ProgramData\Anaconda3\envs\keras\lib\site-packages\tensorflow_core\python\eager\def_function.py", line 449, in __call__
    self._initialize(args, kwds, add_initializers_to=initializer_map)
  File "C:\ProgramData\Anaconda3\envs\keras\lib\site-packages\tensorflow_core\python\eager\def_function.py", line 392, in _initialize
    *args, **kwds))
  File "C:\ProgramData\Anaconda3\envs\keras\lib\site-packages\tensorflow_core\python\eager\function.py", line 1847, in _get_concrete_function_internal_garbage_collected
    graph_function, _, _ = self._maybe_define_function(args, kwargs)
  File "C:\ProgramData\Anaconda3\envs\keras\lib\site-packages\tensorflow_core\python\eager\function.py", line 2147, in _maybe_define_function
    graph_function = self._create_graph_function(args, kwargs)
  File "C:\ProgramData\Anaconda3\envs\keras\lib\site-packages\tensorflow_core\python\eager\function.py", line 2038, in _create_graph_function
    capture_by_value=self._capture_by_value),
  File "C:\ProgramData\Anaconda3\envs\keras\lib\site-packages\tensorflow_core\python\framework\func_graph.py", line 915, in func_graph_from_py_func
    func_outputs = python_func(*func_args, **func_kwargs)
  File "C:\ProgramData\Anaconda3\envs\keras\lib\site-packages\tensorflow_core\python\eager\def_function.py", line 335, in wrapped_fn
    return weak_wrapped_fn().__wrapped__(*args, **kwds)
  File "C:\ProgramData\Anaconda3\envs\keras\lib\site-packages\tensorflow_core\python\framework\func_graph.py", line 905, in wrapper
    raise e.ag_error_metadata.to_exception(e)
ValueError: in converted code:

    C:\ProgramData\Anaconda3\envs\keras\lib\site-packages\tensorflow_core\python\framework\test_util.py:987 function_in_eager
        f(self, *args, **kwargs)
    jit_test.py:503 testCompilationSeparateGradientScopeNames
        self.assertEqual(b"jit_scope_0", a1.op.get_attr("_XlaScope"))
    C:\ProgramData\Anaconda3\envs\keras\lib\site-packages\tensorflow_core\python\framework\ops.py:2384 get_attr
        raise ValueError(str(e))

    ValueError: Operation 'Const' has no attr named '_XlaScope'.


======================================================================
ERROR: testCompilationSeparateGradientScopeNames_v1_graph (__main__.CompilationEnabledInGradientTest)
CompilationEnabledInGradientTest.testCompilationSeparateGradientScopeNames_v1_graph
testCompilationSeparateGradientScopeNames_v1_graph('v1_graph')
----------------------------------------------------------------------
Traceback (most recent call last):
  File "C:\ProgramData\Anaconda3\envs\keras\lib\site-packages\tensorflow_core\python\framework\ops.py", line 2380, in get_attr
    c_api.TF_OperationGetAttrValueProto(self._c_op, name, buf)
tensorflow.python.framework.errors_impl.InvalidArgumentError: Operation 'Const' has no attr named '_XlaScope'.

During handling of the above exception, another exception occurred:

Traceback (most recent call last):
  File "C:\ProgramData\Anaconda3\envs\keras\lib\site-packages\absl\testing\parameterized.py", line 284, in bound_param_test
    return test_method(self, *testcase_params)
  File "C:\ProgramData\Anaconda3\envs\keras\lib\site-packages\tensorflow_core\python\framework\test_util.py", line 982, in decorated
    f(self, *args, **kwargs)
  File "jit_test.py", line 503, in testCompilationSeparateGradientScopeNames
    self.assertEqual(b"jit_scope_0", a1.op.get_attr("_XlaScope"))
  File "C:\ProgramData\Anaconda3\envs\keras\lib\site-packages\tensorflow_core\python\framework\ops.py", line 2384, in get_attr
    raise ValueError(str(e))
ValueError: Operation 'Const' has no attr named '_XlaScope'.

======================================================================
ERROR: testJITXlaScope_function (__main__.JITTest)
JITTest.testJITXlaScope_function
testJITXlaScope_function('function')
----------------------------------------------------------------------
Traceback (most recent call last):
  File "C:\ProgramData\Anaconda3\envs\keras\lib\site-packages\absl\testing\parameterized.py", line 284, in bound_param_test
    return test_method(self, *testcase_params)
  File "C:\ProgramData\Anaconda3\envs\keras\lib\site-packages\tensorflow_core\python\framework\test_util.py", line 993, in decorated
    function_in_eager()
  File "C:\ProgramData\Anaconda3\envs\keras\lib\site-packages\tensorflow_core\python\eager\def_function.py", line 449, in __call__
    self._initialize(args, kwds, add_initializers_to=initializer_map)
  File "C:\ProgramData\Anaconda3\envs\keras\lib\site-packages\tensorflow_core\python\eager\def_function.py", line 392, in _initialize
    *args, **kwds))
  File "C:\ProgramData\Anaconda3\envs\keras\lib\site-packages\tensorflow_core\python\eager\function.py", line 1847, in _get_concrete_function_internal_garbage_collected
    graph_function, _, _ = self._maybe_define_function(args, kwargs)
  File "C:\ProgramData\Anaconda3\envs\keras\lib\site-packages\tensorflow_core\python\eager\function.py", line 2147, in _maybe_define_function
    graph_function = self._create_graph_function(args, kwargs)
  File "C:\ProgramData\Anaconda3\envs\keras\lib\site-packages\tensorflow_core\python\eager\function.py", line 2038, in _create_graph_function
    capture_by_value=self._capture_by_value),
  File "C:\ProgramData\Anaconda3\envs\keras\lib\site-packages\tensorflow_core\python\framework\func_graph.py", line 915, in func_graph_from_py_func
    func_outputs = python_func(*func_args, **func_kwargs)
  File "C:\ProgramData\Anaconda3\envs\keras\lib\site-packages\tensorflow_core\python\eager\def_function.py", line 335, in wrapped_fn
    return weak_wrapped_fn().__wrapped__(*args, **kwds)
  File "C:\ProgramData\Anaconda3\envs\keras\lib\site-packages\tensorflow_core\python\framework\func_graph.py", line 905, in wrapper
    raise e.ag_error_metadata.to_exception(e)
ValueError: in converted code:

    C:\ProgramData\Anaconda3\envs\keras\lib\site-packages\tensorflow_core\python\framework\test_util.py:987 function_in_eager
        f(self, *args, **kwargs)
    jit_test.py:249 testJITXlaScope
        self.assertEqual(b"jit_scope_0", a1.op.get_attr("_XlaScope"))
    C:\ProgramData\Anaconda3\envs\keras\lib\site-packages\tensorflow_core\python\framework\ops.py:2384 get_attr
        raise ValueError(str(e))

    ValueError: Operation 'Const' has no attr named '_XlaScope'.


======================================================================
ERROR: testJITXlaScope_v1_graph (__main__.JITTest)
JITTest.testJITXlaScope_v1_graph
testJITXlaScope_v1_graph('v1_graph')
----------------------------------------------------------------------
Traceback (most recent call last):
  File "C:\ProgramData\Anaconda3\envs\keras\lib\site-packages\tensorflow_core\python\framework\ops.py", line 2380, in get_attr
    c_api.TF_OperationGetAttrValueProto(self._c_op, name, buf)
tensorflow.python.framework.errors_impl.InvalidArgumentError: Operation 'Const' has no attr named '_XlaScope'.

During handling of the above exception, another exception occurred:

Traceback (most recent call last):
  File "C:\ProgramData\Anaconda3\envs\keras\lib\site-packages\absl\testing\parameterized.py", line 284, in bound_param_test
    return test_method(self, *testcase_params)
  File "C:\ProgramData\Anaconda3\envs\keras\lib\site-packages\tensorflow_core\python\framework\test_util.py", line 982, in decorated
    f(self, *args, **kwargs)
  File "jit_test.py", line 249, in testJITXlaScope
    self.assertEqual(b"jit_scope_0", a1.op.get_attr("_XlaScope"))
  File "C:\ProgramData\Anaconda3\envs\keras\lib\site-packages\tensorflow_core\python\framework\ops.py", line 2384, in get_attr
    raise ValueError(str(e))
ValueError: Operation 'Const' has no attr named '_XlaScope'.

======================================================================
FAIL: testPlaysNicelyWithDefunSeparateGradientScope_function (__main__.CompilationEnabledInGradientTest)
CompilationEnabledInGradientTest.testPlaysNicelyWithDefunSeparateGradientScope_function
testPlaysNicelyWithDefunSeparateGradientScope_function('function')
----------------------------------------------------------------------
Traceback (most recent call last):
  File "C:\ProgramData\Anaconda3\envs\keras\lib\site-packages\absl\testing\parameterized.py", line 284, in bound_param_test
    return test_method(self, *testcase_params)
  File "C:\ProgramData\Anaconda3\envs\keras\lib\site-packages\tensorflow_core\python\framework\test_util.py", line 993, in decorated
    function_in_eager()
  File "C:\ProgramData\Anaconda3\envs\keras\lib\site-packages\tensorflow_core\python\eager\def_function.py", line 449, in __call__
    self._initialize(args, kwds, add_initializers_to=initializer_map)
  File "C:\ProgramData\Anaconda3\envs\keras\lib\site-packages\tensorflow_core\python\eager\def_function.py", line 392, in _initialize
    *args, **kwds))
  File "C:\ProgramData\Anaconda3\envs\keras\lib\site-packages\tensorflow_core\python\eager\function.py", line 1847, in _get_concrete_function_internal_garbage_collected
    graph_function, _, _ = self._maybe_define_function(args, kwargs)
  File "C:\ProgramData\Anaconda3\envs\keras\lib\site-packages\tensorflow_core\python\eager\function.py", line 2147, in _maybe_define_function
    graph_function = self._create_graph_function(args, kwargs)
  File "C:\ProgramData\Anaconda3\envs\keras\lib\site-packages\tensorflow_core\python\eager\function.py", line 2038, in _create_graph_function
    capture_by_value=self._capture_by_value),
  File "C:\ProgramData\Anaconda3\envs\keras\lib\site-packages\tensorflow_core\python\framework\func_graph.py", line 915, in func_graph_from_py_func
    func_outputs = python_func(*func_args, **func_kwargs)
  File "C:\ProgramData\Anaconda3\envs\keras\lib\site-packages\tensorflow_core\python\eager\def_function.py", line 335, in wrapped_fn
    return weak_wrapped_fn().__wrapped__(*args, **kwds)
  File "C:\ProgramData\Anaconda3\envs\keras\lib\site-packages\tensorflow_core\python\framework\func_graph.py", line 905, in wrapper
    raise e.ag_error_metadata.to_exception(e)
AssertionError: in converted code:

    C:\ProgramData\Anaconda3\envs\keras\lib\site-packages\tensorflow_core\python\framework\test_util.py:987 function_in_eager
        f(self, *args, **kwargs)
    jit_test.py:617 testPlaysNicelyWithDefunSeparateGradientScope
        self.assertEqual(b"jit_scope_0", func_attrs["_XlaScope"].s)
    C:\ProgramData\Anaconda3\envs\keras\lib\unittest\case.py:829 assertEqual
        assertion_func(first, second, msg=msg)
    C:\ProgramData\Anaconda3\envs\keras\lib\unittest\case.py:822 _baseAssertEqual
        raise self.failureException(msg)

    AssertionError: b'jit_scope_0' != b'function_mulop'


======================================================================
FAIL: testPlaysNicelyWithDefunSeparateGradientScope_v1_graph (__main__.CompilationEnabledInGradientTest)
CompilationEnabledInGradientTest.testPlaysNicelyWithDefunSeparateGradientScope_v1_graph
testPlaysNicelyWithDefunSeparateGradientScope_v1_graph('v1_graph')
----------------------------------------------------------------------
Traceback (most recent call last):
  File "C:\ProgramData\Anaconda3\envs\keras\lib\site-packages\absl\testing\parameterized.py", line 284, in bound_param_test
    return test_method(self, *testcase_params)
  File "C:\ProgramData\Anaconda3\envs\keras\lib\site-packages\tensorflow_core\python\framework\test_util.py", line 982, in decorated
    f(self, *args, **kwargs)
  File "jit_test.py", line 617, in testPlaysNicelyWithDefunSeparateGradientScope
    self.assertEqual(b"jit_scope_0", func_attrs["_XlaScope"].s)
AssertionError: b'jit_scope_0' != b'function_mulop'

======================================================================
FAIL: testPlaysNicelyWithDefun_function (__main__.CompilationEnabledInGradientTest)
CompilationEnabledInGradientTest.testPlaysNicelyWithDefun_function
testPlaysNicelyWithDefun_function('function')
----------------------------------------------------------------------
Traceback (most recent call last):
  File "C:\ProgramData\Anaconda3\envs\keras\lib\site-packages\absl\testing\parameterized.py", line 284, in bound_param_test
    return test_method(self, *testcase_params)
  File "C:\ProgramData\Anaconda3\envs\keras\lib\site-packages\tensorflow_core\python\framework\test_util.py", line 993, in decorated
    function_in_eager()
  File "C:\ProgramData\Anaconda3\envs\keras\lib\site-packages\tensorflow_core\python\eager\def_function.py", line 449, in __call__
    self._initialize(args, kwds, add_initializers_to=initializer_map)
  File "C:\ProgramData\Anaconda3\envs\keras\lib\site-packages\tensorflow_core\python\eager\def_function.py", line 392, in _initialize
    *args, **kwds))
  File "C:\ProgramData\Anaconda3\envs\keras\lib\site-packages\tensorflow_core\python\eager\function.py", line 1847, in _get_concrete_function_internal_garbage_collected
    graph_function, _, _ = self._maybe_define_function(args, kwargs)
  File "C:\ProgramData\Anaconda3\envs\keras\lib\site-packages\tensorflow_core\python\eager\function.py", line 2147, in _maybe_define_function
    graph_function = self._create_graph_function(args, kwargs)
  File "C:\ProgramData\Anaconda3\envs\keras\lib\site-packages\tensorflow_core\python\eager\function.py", line 2038, in _create_graph_function
    capture_by_value=self._capture_by_value),
  File "C:\ProgramData\Anaconda3\envs\keras\lib\site-packages\tensorflow_core\python\framework\func_graph.py", line 915, in func_graph_from_py_func
    func_outputs = python_func(*func_args, **func_kwargs)
  File "C:\ProgramData\Anaconda3\envs\keras\lib\site-packages\tensorflow_core\python\eager\def_function.py", line 335, in wrapped_fn
    return weak_wrapped_fn().__wrapped__(*args, **kwds)
  File "C:\ProgramData\Anaconda3\envs\keras\lib\site-packages\tensorflow_core\python\framework\func_graph.py", line 905, in wrapper
    raise e.ag_error_metadata.to_exception(e)
AssertionError: in converted code:

    C:\ProgramData\Anaconda3\envs\keras\lib\site-packages\tensorflow_core\python\framework\test_util.py:987 function_in_eager
        f(self, *args, **kwargs)
    jit_test.py:559 testPlaysNicelyWithDefun
        self.assertEqual(b"jit_scope_0", func_attrs["_XlaScope"].s)
    C:\ProgramData\Anaconda3\envs\keras\lib\unittest\case.py:829 assertEqual
        assertion_func(first, second, msg=msg)
    C:\ProgramData\Anaconda3\envs\keras\lib\unittest\case.py:822 _baseAssertEqual
        raise self.failureException(msg)

    AssertionError: b'jit_scope_0' != b'function_mulop'


======================================================================
FAIL: testPlaysNicelyWithDefun_v1_graph (__main__.CompilationEnabledInGradientTest)
CompilationEnabledInGradientTest.testPlaysNicelyWithDefun_v1_graph
testPlaysNicelyWithDefun_v1_graph('v1_graph')
----------------------------------------------------------------------
Traceback (most recent call last):
  File "C:\ProgramData\Anaconda3\envs\keras\lib\site-packages\absl\testing\parameterized.py", line 284, in bound_param_test
    return test_method(self, *testcase_params)
  File "C:\ProgramData\Anaconda3\envs\keras\lib\site-packages\tensorflow_core\python\framework\test_util.py", line 982, in decorated
    f(self, *args, **kwargs)
  File "jit_test.py", line 559, in testPlaysNicelyWithDefun
    self.assertEqual(b"jit_scope_0", func_attrs["_XlaScope"].s)
AssertionError: b'jit_scope_0' != b'function_mulop'

======================================================================
FAIL: testDefunInheritsJitScope_function (__main__.JITTest)
JITTest.testDefunInheritsJitScope_function
testDefunInheritsJitScope_function('function')
----------------------------------------------------------------------
Traceback (most recent call last):
  File "C:\ProgramData\Anaconda3\envs\keras\lib\site-packages\absl\testing\parameterized.py", line 284, in bound_param_test
    return test_method(self, *testcase_params)
  File "C:\ProgramData\Anaconda3\envs\keras\lib\site-packages\tensorflow_core\python\framework\test_util.py", line 993, in decorated
    function_in_eager()
  File "C:\ProgramData\Anaconda3\envs\keras\lib\site-packages\tensorflow_core\python\eager\def_function.py", line 449, in __call__
    self._initialize(args, kwds, add_initializers_to=initializer_map)
  File "C:\ProgramData\Anaconda3\envs\keras\lib\site-packages\tensorflow_core\python\eager\def_function.py", line 392, in _initialize
    *args, **kwds))
  File "C:\ProgramData\Anaconda3\envs\keras\lib\site-packages\tensorflow_core\python\eager\function.py", line 1847, in _get_concrete_function_internal_garbage_collected
    graph_function, _, _ = self._maybe_define_function(args, kwargs)
  File "C:\ProgramData\Anaconda3\envs\keras\lib\site-packages\tensorflow_core\python\eager\function.py", line 2147, in _maybe_define_function
    graph_function = self._create_graph_function(args, kwargs)
  File "C:\ProgramData\Anaconda3\envs\keras\lib\site-packages\tensorflow_core\python\eager\function.py", line 2038, in _create_graph_function
    capture_by_value=self._capture_by_value),
  File "C:\ProgramData\Anaconda3\envs\keras\lib\site-packages\tensorflow_core\python\framework\func_graph.py", line 915, in func_graph_from_py_func
    func_outputs = python_func(*func_args, **func_kwargs)
  File "C:\ProgramData\Anaconda3\envs\keras\lib\site-packages\tensorflow_core\python\eager\def_function.py", line 335, in wrapped_fn
    return weak_wrapped_fn().__wrapped__(*args, **kwds)
  File "C:\ProgramData\Anaconda3\envs\keras\lib\site-packages\tensorflow_core\python\framework\func_graph.py", line 905, in wrapper
    raise e.ag_error_metadata.to_exception(e)
AssertionError: in converted code:

    C:\ProgramData\Anaconda3\envs\keras\lib\site-packages\tensorflow_core\python\framework\test_util.py:987 function_in_eager
        f(self, *args, **kwargs)
    jit_test.py:375 testDefunInheritsJitScope
        self.assertEqual(b"jit_scope_0", func_attrs["_XlaScope"].s)
    C:\ProgramData\Anaconda3\envs\keras\lib\unittest\case.py:829 assertEqual
        assertion_func(first, second, msg=msg)
    C:\ProgramData\Anaconda3\envs\keras\lib\unittest\case.py:822 _baseAssertEqual
        raise self.failureException(msg)

    AssertionError: b'jit_scope_0' != b'function_mulop'


======================================================================
FAIL: testDefunInheritsJitScope_v1_graph (__main__.JITTest)
JITTest.testDefunInheritsJitScope_v1_graph
testDefunInheritsJitScope_v1_graph('v1_graph')
----------------------------------------------------------------------
Traceback (most recent call last):
  File "C:\ProgramData\Anaconda3\envs\keras\lib\site-packages\absl\testing\parameterized.py", line 284, in bound_param_test
    return test_method(self, *testcase_params)
  File "C:\ProgramData\Anaconda3\envs\keras\lib\site-packages\tensorflow_core\python\framework\test_util.py", line 982, in decorated
    f(self, *args, **kwargs)
  File "jit_test.py", line 375, in testDefunInheritsJitScope
    self.assertEqual(b"jit_scope_0", func_attrs["_XlaScope"].s)
AssertionError: b'jit_scope_0' != b'function_mulop'

----------------------------------------------------------------------
Ran 23 tests in 2.968s

FAILED (failures=6, errors=8, skipped=3)
