2020-10-05 20:45:39.326773: I tensorflow/stream_executor/platform/default/dso_loader.cc:44] Successfully opened dynamic library cudart64_100.dll
Running tests under Python 3.6.12: C:\ProgramData\Anaconda3\envs\keras\python.exe
[ RUN      ] CompilationEnabledInGradientTest.testCompilationGradientScopeNames_function
2020-10-05 20:45:43.087600: I tensorflow/stream_executor/platform/default/dso_loader.cc:44] Successfully opened dynamic library nvcuda.dll
2020-10-05 20:45:43.195947: I tensorflow/core/common_runtime/gpu/gpu_device.cc:1618] Found device 0 with properties: 
name: GeForce RTX 2080 Ti major: 7 minor: 5 memoryClockRate(GHz): 1.65
pciBusID: 0000:73:00.0
2020-10-05 20:45:43.197663: I tensorflow/stream_executor/platform/default/dso_loader.cc:44] Successfully opened dynamic library cudart64_100.dll
2020-10-05 20:45:43.202428: I tensorflow/stream_executor/platform/default/dso_loader.cc:44] Successfully opened dynamic library cublas64_100.dll
2020-10-05 20:45:43.205796: I tensorflow/stream_executor/platform/default/dso_loader.cc:44] Successfully opened dynamic library cufft64_100.dll
2020-10-05 20:45:43.207490: I tensorflow/stream_executor/platform/default/dso_loader.cc:44] Successfully opened dynamic library curand64_100.dll
2020-10-05 20:45:43.212217: I tensorflow/stream_executor/platform/default/dso_loader.cc:44] Successfully opened dynamic library cusolver64_100.dll
2020-10-05 20:45:43.215403: I tensorflow/stream_executor/platform/default/dso_loader.cc:44] Successfully opened dynamic library cusparse64_100.dll
2020-10-05 20:45:43.224673: I tensorflow/stream_executor/platform/default/dso_loader.cc:44] Successfully opened dynamic library cudnn64_7.dll
2020-10-05 20:45:43.225589: I tensorflow/core/common_runtime/gpu/gpu_device.cc:1746] Adding visible gpu devices: 0
2020-10-05 20:45:43.226144: I tensorflow/core/platform/cpu_feature_guard.cc:142] Your CPU supports instructions that this TensorFlow binary was not compiled to use: AVX2
2020-10-05 20:45:43.239233: I tensorflow/core/common_runtime/gpu/gpu_device.cc:1618] Found device 0 with properties: 
name: GeForce RTX 2080 Ti major: 7 minor: 5 memoryClockRate(GHz): 1.65
pciBusID: 0000:73:00.0
2020-10-05 20:45:43.239816: I tensorflow/stream_executor/platform/default/dso_loader.cc:44] Successfully opened dynamic library cudart64_100.dll
2020-10-05 20:45:43.240165: I tensorflow/stream_executor/platform/default/dso_loader.cc:44] Successfully opened dynamic library cublas64_100.dll
2020-10-05 20:45:43.240513: I tensorflow/stream_executor/platform/default/dso_loader.cc:44] Successfully opened dynamic library cufft64_100.dll
2020-10-05 20:45:43.240854: I tensorflow/stream_executor/platform/default/dso_loader.cc:44] Successfully opened dynamic library curand64_100.dll
2020-10-05 20:45:43.241196: I tensorflow/stream_executor/platform/default/dso_loader.cc:44] Successfully opened dynamic library cusolver64_100.dll
2020-10-05 20:45:43.241540: I tensorflow/stream_executor/platform/default/dso_loader.cc:44] Successfully opened dynamic library cusparse64_100.dll
2020-10-05 20:45:43.241884: I tensorflow/stream_executor/platform/default/dso_loader.cc:44] Successfully opened dynamic library cudnn64_7.dll
2020-10-05 20:45:43.242681: I tensorflow/core/common_runtime/gpu/gpu_device.cc:1746] Adding visible gpu devices: 0
2020-10-05 20:45:44.195318: I tensorflow/core/common_runtime/gpu/gpu_device.cc:1159] Device interconnect StreamExecutor with strength 1 edge matrix:
2020-10-05 20:45:44.195735: I tensorflow/core/common_runtime/gpu/gpu_device.cc:1165]      0 
2020-10-05 20:45:44.195976: I tensorflow/core/common_runtime/gpu/gpu_device.cc:1178] 0:   N 
2020-10-05 20:45:44.196712: I tensorflow/core/common_runtime/gpu/gpu_device.cc:1304] Created TensorFlow device (/job:localhost/replica:0/task:0/device:GPU:0 with 8686 MB memory) -> physical GPU (device: 0, name: GeForce RTX 2080 Ti, pci bus id: 0000:73:00.0, compute capability: 7.5)
WARNING:tensorflow:Entity <function build_as_function_and_v1_graph.<locals>.decorator.<locals>.decorated.<locals>.function_in_eager at 0x000001D2FDD17400> could not be transformed and will be executed as-is. Please report this to the AutoGraph team. When filing the bug, set the verbosity to 10 (on Linux, `export AUTOGRAPH_VERBOSITY=10`) and attach the full output. Cause: 'NoneType' object has no attribute '_fields'
W1005 20:45:45.407795  9052 ag_logging.py:146] Entity <function build_as_function_and_v1_graph.<locals>.decorator.<locals>.decorated.<locals>.function_in_eager at 0x000001D2FDD17400> could not be transformed and will be executed as-is. Please report this to the AutoGraph team. When filing the bug, set the verbosity to 10 (on Linux, `export AUTOGRAPH_VERBOSITY=10`) and attach the full output. Cause: 'NoneType' object has no attribute '_fields'
2020-10-05 20:45:45.411684: I tensorflow/core/common_runtime/gpu/gpu_device.cc:1618] Found device 0 with properties: 
name: GeForce RTX 2080 Ti major: 7 minor: 5 memoryClockRate(GHz): 1.65
pciBusID: 0000:73:00.0
2020-10-05 20:45:45.412215: I tensorflow/stream_executor/platform/default/dso_loader.cc:44] Successfully opened dynamic library cudart64_100.dll
2020-10-05 20:45:45.412562: I tensorflow/stream_executor/platform/default/dso_loader.cc:44] Successfully opened dynamic library cublas64_100.dll
2020-10-05 20:45:45.412908: I tensorflow/stream_executor/platform/default/dso_loader.cc:44] Successfully opened dynamic library cufft64_100.dll
2020-10-05 20:45:45.413249: I tensorflow/stream_executor/platform/default/dso_loader.cc:44] Successfully opened dynamic library curand64_100.dll
2020-10-05 20:45:45.413593: I tensorflow/stream_executor/platform/default/dso_loader.cc:44] Successfully opened dynamic library cusolver64_100.dll
2020-10-05 20:45:45.413946: I tensorflow/stream_executor/platform/default/dso_loader.cc:44] Successfully opened dynamic library cusparse64_100.dll
2020-10-05 20:45:45.414299: I tensorflow/stream_executor/platform/default/dso_loader.cc:44] Successfully opened dynamic library cudnn64_7.dll
2020-10-05 20:45:45.414853: I tensorflow/core/common_runtime/gpu/gpu_device.cc:1746] Adding visible gpu devices: 0
2020-10-05 20:45:45.415164: I tensorflow/core/common_runtime/gpu/gpu_device.cc:1159] Device interconnect StreamExecutor with strength 1 edge matrix:
2020-10-05 20:45:45.415515: I tensorflow/core/common_runtime/gpu/gpu_device.cc:1165]      0 
2020-10-05 20:45:45.415733: I tensorflow/core/common_runtime/gpu/gpu_device.cc:1178] 0:   N 
2020-10-05 20:45:45.416218: I tensorflow/core/common_runtime/gpu/gpu_device.cc:1304] Created TensorFlow device (/job:localhost/replica:0/task:0/device:GPU:0 with 8686 MB memory) -> physical GPU (device: 0, name: GeForce RTX 2080 Ti, pci bus id: 0000:73:00.0, compute capability: 7.5)
[  FAILED  ] CompilationEnabledInGradientTest.testCompilationGradientScopeNames_function
[ RUN      ] CompilationEnabledInGradientTest.testCompilationGradientScopeNames_v1_graph
2020-10-05 20:45:45.450810: I tensorflow/core/common_runtime/gpu/gpu_device.cc:1618] Found device 0 with properties: 
name: GeForce RTX 2080 Ti major: 7 minor: 5 memoryClockRate(GHz): 1.65
pciBusID: 0000:73:00.0
2020-10-05 20:45:45.451328: I tensorflow/stream_executor/platform/default/dso_loader.cc:44] Successfully opened dynamic library cudart64_100.dll
2020-10-05 20:45:45.451669: I tensorflow/stream_executor/platform/default/dso_loader.cc:44] Successfully opened dynamic library cublas64_100.dll
2020-10-05 20:45:45.452010: I tensorflow/stream_executor/platform/default/dso_loader.cc:44] Successfully opened dynamic library cufft64_100.dll
2020-10-05 20:45:45.452347: I tensorflow/stream_executor/platform/default/dso_loader.cc:44] Successfully opened dynamic library curand64_100.dll
2020-10-05 20:45:45.452686: I tensorflow/stream_executor/platform/default/dso_loader.cc:44] Successfully opened dynamic library cusolver64_100.dll
2020-10-05 20:45:45.453030: I tensorflow/stream_executor/platform/default/dso_loader.cc:44] Successfully opened dynamic library cusparse64_100.dll
2020-10-05 20:45:45.453379: I tensorflow/stream_executor/platform/default/dso_loader.cc:44] Successfully opened dynamic library cudnn64_7.dll
2020-10-05 20:45:45.453939: I tensorflow/core/common_runtime/gpu/gpu_device.cc:1746] Adding visible gpu devices: 0
2020-10-05 20:45:45.454299: I tensorflow/core/common_runtime/gpu/gpu_device.cc:1159] Device interconnect StreamExecutor with strength 1 edge matrix:
2020-10-05 20:45:45.454651: I tensorflow/core/common_runtime/gpu/gpu_device.cc:1165]      0 
2020-10-05 20:45:45.454908: I tensorflow/core/common_runtime/gpu/gpu_device.cc:1178] 0:   N 
2020-10-05 20:45:45.455401: I tensorflow/core/common_runtime/gpu/gpu_device.cc:1304] Created TensorFlow device (/job:localhost/replica:0/task:0/device:GPU:0 with 8686 MB memory) -> physical GPU (device: 0, name: GeForce RTX 2080 Ti, pci bus id: 0000:73:00.0, compute capability: 7.5)
[  FAILED  ] CompilationEnabledInGradientTest.testCompilationGradientScopeNames_v1_graph
[ RUN      ] CompilationEnabledInGradientTest.testCompilationInGradient_function
WARNING:tensorflow:Entity <function build_as_function_and_v1_graph.<locals>.decorator.<locals>.decorated.<locals>.function_in_eager at 0x000001D2FDD17378> could not be transformed and will be executed as-is. Please report this to the AutoGraph team. When filing the bug, set the verbosity to 10 (on Linux, `export AUTOGRAPH_VERBOSITY=10`) and attach the full output. Cause: 'NoneType' object has no attribute '_fields'
W1005 20:45:45.485903  9052 ag_logging.py:146] Entity <function build_as_function_and_v1_graph.<locals>.decorator.<locals>.decorated.<locals>.function_in_eager at 0x000001D2FDD17378> could not be transformed and will be executed as-is. Please report this to the AutoGraph team. When filing the bug, set the verbosity to 10 (on Linux, `export AUTOGRAPH_VERBOSITY=10`) and attach the full output. Cause: 'NoneType' object has no attribute '_fields'
2020-10-05 20:45:45.489302: I tensorflow/core/common_runtime/gpu/gpu_device.cc:1618] Found device 0 with properties: 
name: GeForce RTX 2080 Ti major: 7 minor: 5 memoryClockRate(GHz): 1.65
pciBusID: 0000:73:00.0
2020-10-05 20:45:45.489820: I tensorflow/stream_executor/platform/default/dso_loader.cc:44] Successfully opened dynamic library cudart64_100.dll
2020-10-05 20:45:45.490170: I tensorflow/stream_executor/platform/default/dso_loader.cc:44] Successfully opened dynamic library cublas64_100.dll
2020-10-05 20:45:45.490514: I tensorflow/stream_executor/platform/default/dso_loader.cc:44] Successfully opened dynamic library cufft64_100.dll
2020-10-05 20:45:45.490853: I tensorflow/stream_executor/platform/default/dso_loader.cc:44] Successfully opened dynamic library curand64_100.dll
2020-10-05 20:45:45.491195: I tensorflow/stream_executor/platform/default/dso_loader.cc:44] Successfully opened dynamic library cusolver64_100.dll
2020-10-05 20:45:45.491540: I tensorflow/stream_executor/platform/default/dso_loader.cc:44] Successfully opened dynamic library cusparse64_100.dll
2020-10-05 20:45:45.491885: I tensorflow/stream_executor/platform/default/dso_loader.cc:44] Successfully opened dynamic library cudnn64_7.dll
2020-10-05 20:45:45.492441: I tensorflow/core/common_runtime/gpu/gpu_device.cc:1746] Adding visible gpu devices: 0
2020-10-05 20:45:45.492747: I tensorflow/core/common_runtime/gpu/gpu_device.cc:1159] Device interconnect StreamExecutor with strength 1 edge matrix:
2020-10-05 20:45:45.493100: I tensorflow/core/common_runtime/gpu/gpu_device.cc:1165]      0 
2020-10-05 20:45:45.493325: I tensorflow/core/common_runtime/gpu/gpu_device.cc:1178] 0:   N 
2020-10-05 20:45:45.493812: I tensorflow/core/common_runtime/gpu/gpu_device.cc:1304] Created TensorFlow device (/job:localhost/replica:0/task:0/device:GPU:0 with 8686 MB memory) -> physical GPU (device: 0, name: GeForce RTX 2080 Ti, pci bus id: 0000:73:00.0, compute capability: 7.5)
[  FAILED  ] CompilationEnabledInGradientTest.testCompilationInGradient_function
[ RUN      ] CompilationEnabledInGradientTest.testCompilationInGradient_v1_graph
2020-10-05 20:45:45.502802: I tensorflow/core/common_runtime/gpu/gpu_device.cc:1618] Found device 0 with properties: 
name: GeForce RTX 2080 Ti major: 7 minor: 5 memoryClockRate(GHz): 1.65
pciBusID: 0000:73:00.0
2020-10-05 20:45:45.503314: I tensorflow/stream_executor/platform/default/dso_loader.cc:44] Successfully opened dynamic library cudart64_100.dll
2020-10-05 20:45:45.503665: I tensorflow/stream_executor/platform/default/dso_loader.cc:44] Successfully opened dynamic library cublas64_100.dll
2020-10-05 20:45:45.504007: I tensorflow/stream_executor/platform/default/dso_loader.cc:44] Successfully opened dynamic library cufft64_100.dll
2020-10-05 20:45:45.504346: I tensorflow/stream_executor/platform/default/dso_loader.cc:44] Successfully opened dynamic library curand64_100.dll
2020-10-05 20:45:45.504695: I tensorflow/stream_executor/platform/default/dso_loader.cc:44] Successfully opened dynamic library cusolver64_100.dll
2020-10-05 20:45:45.505043: I tensorflow/stream_executor/platform/default/dso_loader.cc:44] Successfully opened dynamic library cusparse64_100.dll
2020-10-05 20:45:45.505391: I tensorflow/stream_executor/platform/default/dso_loader.cc:44] Successfully opened dynamic library cudnn64_7.dll
2020-10-05 20:45:45.505944: I tensorflow/core/common_runtime/gpu/gpu_device.cc:1746] Adding visible gpu devices: 0
2020-10-05 20:45:45.506244: I tensorflow/core/common_runtime/gpu/gpu_device.cc:1159] Device interconnect StreamExecutor with strength 1 edge matrix:
2020-10-05 20:45:45.506592: I tensorflow/core/common_runtime/gpu/gpu_device.cc:1165]      0 
2020-10-05 20:45:45.506810: I tensorflow/core/common_runtime/gpu/gpu_device.cc:1178] 0:   N 
2020-10-05 20:45:45.507278: I tensorflow/core/common_runtime/gpu/gpu_device.cc:1304] Created TensorFlow device (/job:localhost/replica:0/task:0/device:GPU:0 with 8686 MB memory) -> physical GPU (device: 0, name: GeForce RTX 2080 Ti, pci bus id: 0000:73:00.0, compute capability: 7.5)
[  FAILED  ] CompilationEnabledInGradientTest.testCompilationInGradient_v1_graph
[ RUN      ] CompilationEnabledInGradientTest.testCompilationSeparateGradientScopeNames_function
WARNING:tensorflow:Entity <function build_as_function_and_v1_graph.<locals>.decorator.<locals>.decorated.<locals>.function_in_eager at 0x000001D2FDD17488> could not be transformed and will be executed as-is. Please report this to the AutoGraph team. When filing the bug, set the verbosity to 10 (on Linux, `export AUTOGRAPH_VERBOSITY=10`) and attach the full output. Cause: 'NoneType' object has no attribute '_fields'
W1005 20:45:45.532769  9052 ag_logging.py:146] Entity <function build_as_function_and_v1_graph.<locals>.decorator.<locals>.decorated.<locals>.function_in_eager at 0x000001D2FDD17488> could not be transformed and will be executed as-is. Please report this to the AutoGraph team. When filing the bug, set the verbosity to 10 (on Linux, `export AUTOGRAPH_VERBOSITY=10`) and attach the full output. Cause: 'NoneType' object has no attribute '_fields'
2020-10-05 20:45:45.543982: I tensorflow/core/common_runtime/gpu/gpu_device.cc:1618] Found device 0 with properties: 
name: GeForce RTX 2080 Ti major: 7 minor: 5 memoryClockRate(GHz): 1.65
pciBusID: 0000:73:00.0
2020-10-05 20:45:45.544503: I tensorflow/stream_executor/platform/default/dso_loader.cc:44] Successfully opened dynamic library cudart64_100.dll
2020-10-05 20:45:45.544846: I tensorflow/stream_executor/platform/default/dso_loader.cc:44] Successfully opened dynamic library cublas64_100.dll
2020-10-05 20:45:45.545189: I tensorflow/stream_executor/platform/default/dso_loader.cc:44] Successfully opened dynamic library cufft64_100.dll
2020-10-05 20:45:45.545527: I tensorflow/stream_executor/platform/default/dso_loader.cc:44] Successfully opened dynamic library curand64_100.dll
2020-10-05 20:45:45.545868: I tensorflow/stream_executor/platform/default/dso_loader.cc:44] Successfully opened dynamic library cusolver64_100.dll
2020-10-05 20:45:45.546214: I tensorflow/stream_executor/platform/default/dso_loader.cc:44] Successfully opened dynamic library cusparse64_100.dll
2020-10-05 20:45:45.546566: I tensorflow/stream_executor/platform/default/dso_loader.cc:44] Successfully opened dynamic library cudnn64_7.dll
2020-10-05 20:45:45.547119: I tensorflow/core/common_runtime/gpu/gpu_device.cc:1746] Adding visible gpu devices: 0
2020-10-05 20:45:45.547471: I tensorflow/core/common_runtime/gpu/gpu_device.cc:1159] Device interconnect StreamExecutor with strength 1 edge matrix:
2020-10-05 20:45:45.547821: I tensorflow/core/common_runtime/gpu/gpu_device.cc:1165]      0 
2020-10-05 20:45:45.548039: I tensorflow/core/common_runtime/gpu/gpu_device.cc:1178] 0:   N 
2020-10-05 20:45:45.548556: I tensorflow/core/common_runtime/gpu/gpu_device.cc:1304] Created TensorFlow device (/job:localhost/replica:0/task:0/device:GPU:0 with 8686 MB memory) -> physical GPU (device: 0, name: GeForce RTX 2080 Ti, pci bus id: 0000:73:00.0, compute capability: 7.5)
[  FAILED  ] CompilationEnabledInGradientTest.testCompilationSeparateGradientScopeNames_function
[ RUN      ] CompilationEnabledInGradientTest.testCompilationSeparateGradientScopeNames_v1_graph
2020-10-05 20:45:45.554241: I tensorflow/core/common_runtime/gpu/gpu_device.cc:1618] Found device 0 with properties: 
name: GeForce RTX 2080 Ti major: 7 minor: 5 memoryClockRate(GHz): 1.65
pciBusID: 0000:73:00.0
2020-10-05 20:45:45.554763: I tensorflow/stream_executor/platform/default/dso_loader.cc:44] Successfully opened dynamic library cudart64_100.dll
2020-10-05 20:45:45.555106: I tensorflow/stream_executor/platform/default/dso_loader.cc:44] Successfully opened dynamic library cublas64_100.dll
2020-10-05 20:45:45.555449: I tensorflow/stream_executor/platform/default/dso_loader.cc:44] Successfully opened dynamic library cufft64_100.dll
2020-10-05 20:45:45.555786: I tensorflow/stream_executor/platform/default/dso_loader.cc:44] Successfully opened dynamic library curand64_100.dll
2020-10-05 20:45:45.556126: I tensorflow/stream_executor/platform/default/dso_loader.cc:44] Successfully opened dynamic library cusolver64_100.dll
2020-10-05 20:45:45.556469: I tensorflow/stream_executor/platform/default/dso_loader.cc:44] Successfully opened dynamic library cusparse64_100.dll
2020-10-05 20:45:45.556812: I tensorflow/stream_executor/platform/default/dso_loader.cc:44] Successfully opened dynamic library cudnn64_7.dll
2020-10-05 20:45:45.557388: I tensorflow/core/common_runtime/gpu/gpu_device.cc:1746] Adding visible gpu devices: 0
2020-10-05 20:45:45.557687: I tensorflow/core/common_runtime/gpu/gpu_device.cc:1159] Device interconnect StreamExecutor with strength 1 edge matrix:
2020-10-05 20:45:45.558045: I tensorflow/core/common_runtime/gpu/gpu_device.cc:1165]      0 
2020-10-05 20:45:45.558264: I tensorflow/core/common_runtime/gpu/gpu_device.cc:1178] 0:   N 
2020-10-05 20:45:45.558733: I tensorflow/core/common_runtime/gpu/gpu_device.cc:1304] Created TensorFlow device (/job:localhost/replica:0/task:0/device:GPU:0 with 8686 MB memory) -> physical GPU (device: 0, name: GeForce RTX 2080 Ti, pci bus id: 0000:73:00.0, compute capability: 7.5)
[  FAILED  ] CompilationEnabledInGradientTest.testCompilationSeparateGradientScopeNames_v1_graph
[ RUN      ] CompilationEnabledInGradientTest.testPlaysNicelyWithDefunSeparateGradientScope_function
WARNING:tensorflow:Entity <function build_as_function_and_v1_graph.<locals>.decorator.<locals>.decorated.<locals>.function_in_eager at 0x000001D2B3F84F28> could not be transformed and will be executed as-is. Please report this to the AutoGraph team. When filing the bug, set the verbosity to 10 (on Linux, `export AUTOGRAPH_VERBOSITY=10`) and attach the full output. Cause: 'NoneType' object has no attribute '_fields'
W1005 20:45:45.579635  9052 ag_logging.py:146] Entity <function build_as_function_and_v1_graph.<locals>.decorator.<locals>.decorated.<locals>.function_in_eager at 0x000001D2B3F84F28> could not be transformed and will be executed as-is. Please report this to the AutoGraph team. When filing the bug, set the verbosity to 10 (on Linux, `export AUTOGRAPH_VERBOSITY=10`) and attach the full output. Cause: 'NoneType' object has no attribute '_fields'
2020-10-05 20:45:45.591279: I tensorflow/core/common_runtime/gpu/gpu_device.cc:1618] Found device 0 with properties: 
name: GeForce RTX 2080 Ti major: 7 minor: 5 memoryClockRate(GHz): 1.65
pciBusID: 0000:73:00.0
2020-10-05 20:45:45.591797: I tensorflow/stream_executor/platform/default/dso_loader.cc:44] Successfully opened dynamic library cudart64_100.dll
2020-10-05 20:45:45.592198: I tensorflow/stream_executor/platform/default/dso_loader.cc:44] Successfully opened dynamic library cublas64_100.dll
2020-10-05 20:45:45.592540: I tensorflow/stream_executor/platform/default/dso_loader.cc:44] Successfully opened dynamic library cufft64_100.dll
2020-10-05 20:45:45.592890: I tensorflow/stream_executor/platform/default/dso_loader.cc:44] Successfully opened dynamic library curand64_100.dll
2020-10-05 20:45:45.593232: I tensorflow/stream_executor/platform/default/dso_loader.cc:44] Successfully opened dynamic library cusolver64_100.dll
2020-10-05 20:45:45.593577: I tensorflow/stream_executor/platform/default/dso_loader.cc:44] Successfully opened dynamic library cusparse64_100.dll
2020-10-05 20:45:45.593921: I tensorflow/stream_executor/platform/default/dso_loader.cc:44] Successfully opened dynamic library cudnn64_7.dll
2020-10-05 20:45:45.594480: I tensorflow/core/common_runtime/gpu/gpu_device.cc:1746] Adding visible gpu devices: 0
2020-10-05 20:45:45.594782: I tensorflow/core/common_runtime/gpu/gpu_device.cc:1159] Device interconnect StreamExecutor with strength 1 edge matrix:
2020-10-05 20:45:45.595130: I tensorflow/core/common_runtime/gpu/gpu_device.cc:1165]      0 
2020-10-05 20:45:45.595353: I tensorflow/core/common_runtime/gpu/gpu_device.cc:1178] 0:   N 
2020-10-05 20:45:45.595858: I tensorflow/core/common_runtime/gpu/gpu_device.cc:1304] Created TensorFlow device (/job:localhost/replica:0/task:0/device:GPU:0 with 8686 MB memory) -> physical GPU (device: 0, name: GeForce RTX 2080 Ti, pci bus id: 0000:73:00.0, compute capability: 7.5)
[  FAILED  ] CompilationEnabledInGradientTest.testPlaysNicelyWithDefunSeparateGradientScope_function
[ RUN      ] CompilationEnabledInGradientTest.testPlaysNicelyWithDefunSeparateGradientScope_v1_graph
2020-10-05 20:45:45.616738: I tensorflow/core/common_runtime/gpu/gpu_device.cc:1618] Found device 0 with properties: 
name: GeForce RTX 2080 Ti major: 7 minor: 5 memoryClockRate(GHz): 1.65
pciBusID: 0000:73:00.0
2020-10-05 20:45:45.617262: I tensorflow/stream_executor/platform/default/dso_loader.cc:44] Successfully opened dynamic library cudart64_100.dll
2020-10-05 20:45:45.617606: I tensorflow/stream_executor/platform/default/dso_loader.cc:44] Successfully opened dynamic library cublas64_100.dll
2020-10-05 20:45:45.617953: I tensorflow/stream_executor/platform/default/dso_loader.cc:44] Successfully opened dynamic library cufft64_100.dll
2020-10-05 20:45:45.618295: I tensorflow/stream_executor/platform/default/dso_loader.cc:44] Successfully opened dynamic library curand64_100.dll
2020-10-05 20:45:45.618642: I tensorflow/stream_executor/platform/default/dso_loader.cc:44] Successfully opened dynamic library cusolver64_100.dll
2020-10-05 20:45:45.618994: I tensorflow/stream_executor/platform/default/dso_loader.cc:44] Successfully opened dynamic library cusparse64_100.dll
2020-10-05 20:45:45.619340: I tensorflow/stream_executor/platform/default/dso_loader.cc:44] Successfully opened dynamic library cudnn64_7.dll
2020-10-05 20:45:45.619893: I tensorflow/core/common_runtime/gpu/gpu_device.cc:1746] Adding visible gpu devices: 0
2020-10-05 20:45:45.620197: I tensorflow/core/common_runtime/gpu/gpu_device.cc:1159] Device interconnect StreamExecutor with strength 1 edge matrix:
2020-10-05 20:45:45.620545: I tensorflow/core/common_runtime/gpu/gpu_device.cc:1165]      0 
2020-10-05 20:45:45.620764: I tensorflow/core/common_runtime/gpu/gpu_device.cc:1178] 0:   N 
2020-10-05 20:45:45.621244: I tensorflow/core/common_runtime/gpu/gpu_device.cc:1304] Created TensorFlow device (/job:localhost/replica:0/task:0/device:GPU:0 with 8686 MB memory) -> physical GPU (device: 0, name: GeForce RTX 2080 Ti, pci bus id: 0000:73:00.0, compute capability: 7.5)
[  FAILED  ] CompilationEnabledInGradientTest.testPlaysNicelyWithDefunSeparateGradientScope_v1_graph
[ RUN      ] CompilationEnabledInGradientTest.testPlaysNicelyWithDefun_function
WARNING:tensorflow:Entity <function build_as_function_and_v1_graph.<locals>.decorator.<locals>.decorated.<locals>.function_in_eager at 0x000001D2B3F84F28> could not be transformed and will be executed as-is. Please report this to the AutoGraph team. When filing the bug, set the verbosity to 10 (on Linux, `export AUTOGRAPH_VERBOSITY=10`) and attach the full output. Cause: 'NoneType' object has no attribute '_fields'
W1005 20:45:45.657745  9052 ag_logging.py:146] Entity <function build_as_function_and_v1_graph.<locals>.decorator.<locals>.decorated.<locals>.function_in_eager at 0x000001D2B3F84F28> could not be transformed and will be executed as-is. Please report this to the AutoGraph team. When filing the bug, set the verbosity to 10 (on Linux, `export AUTOGRAPH_VERBOSITY=10`) and attach the full output. Cause: 'NoneType' object has no attribute '_fields'
2020-10-05 20:45:45.660959: I tensorflow/core/common_runtime/gpu/gpu_device.cc:1618] Found device 0 with properties: 
name: GeForce RTX 2080 Ti major: 7 minor: 5 memoryClockRate(GHz): 1.65
pciBusID: 0000:73:00.0
2020-10-05 20:45:45.661475: I tensorflow/stream_executor/platform/default/dso_loader.cc:44] Successfully opened dynamic library cudart64_100.dll
2020-10-05 20:45:45.661814: I tensorflow/stream_executor/platform/default/dso_loader.cc:44] Successfully opened dynamic library cublas64_100.dll
2020-10-05 20:45:45.662156: I tensorflow/stream_executor/platform/default/dso_loader.cc:44] Successfully opened dynamic library cufft64_100.dll
2020-10-05 20:45:45.662494: I tensorflow/stream_executor/platform/default/dso_loader.cc:44] Successfully opened dynamic library curand64_100.dll
2020-10-05 20:45:45.662835: I tensorflow/stream_executor/platform/default/dso_loader.cc:44] Successfully opened dynamic library cusolver64_100.dll
2020-10-05 20:45:45.663181: I tensorflow/stream_executor/platform/default/dso_loader.cc:44] Successfully opened dynamic library cusparse64_100.dll
2020-10-05 20:45:45.663534: I tensorflow/stream_executor/platform/default/dso_loader.cc:44] Successfully opened dynamic library cudnn64_7.dll
2020-10-05 20:45:45.664091: I tensorflow/core/common_runtime/gpu/gpu_device.cc:1746] Adding visible gpu devices: 0
2020-10-05 20:45:45.664396: I tensorflow/core/common_runtime/gpu/gpu_device.cc:1159] Device interconnect StreamExecutor with strength 1 edge matrix:
2020-10-05 20:45:45.664746: I tensorflow/core/common_runtime/gpu/gpu_device.cc:1165]      0 
2020-10-05 20:45:45.664964: I tensorflow/core/common_runtime/gpu/gpu_device.cc:1178] 0:   N 
2020-10-05 20:45:45.665436: I tensorflow/core/common_runtime/gpu/gpu_device.cc:1304] Created TensorFlow device (/job:localhost/replica:0/task:0/device:GPU:0 with 8686 MB memory) -> physical GPU (device: 0, name: GeForce RTX 2080 Ti, pci bus id: 0000:73:00.0, compute capability: 7.5)
[  FAILED  ] CompilationEnabledInGradientTest.testPlaysNicelyWithDefun_function
[ RUN      ] CompilationEnabledInGradientTest.testPlaysNicelyWithDefun_v1_graph
2020-10-05 20:45:45.680051: I tensorflow/core/common_runtime/gpu/gpu_device.cc:1618] Found device 0 with properties: 
name: GeForce RTX 2080 Ti major: 7 minor: 5 memoryClockRate(GHz): 1.65
pciBusID: 0000:73:00.0
2020-10-05 20:45:45.681974: I tensorflow/stream_executor/platform/default/dso_loader.cc:44] Successfully opened dynamic library cudart64_100.dll
2020-10-05 20:45:45.683264: I tensorflow/stream_executor/platform/default/dso_loader.cc:44] Successfully opened dynamic library cublas64_100.dll
2020-10-05 20:45:45.684550: I tensorflow/stream_executor/platform/default/dso_loader.cc:44] Successfully opened dynamic library cufft64_100.dll
2020-10-05 20:45:45.685827: I tensorflow/stream_executor/platform/default/dso_loader.cc:44] Successfully opened dynamic library curand64_100.dll
2020-10-05 20:45:45.687115: I tensorflow/stream_executor/platform/default/dso_loader.cc:44] Successfully opened dynamic library cusolver64_100.dll
2020-10-05 20:45:45.688416: I tensorflow/stream_executor/platform/default/dso_loader.cc:44] Successfully opened dynamic library cusparse64_100.dll
2020-10-05 20:45:45.689766: I tensorflow/stream_executor/platform/default/dso_loader.cc:44] Successfully opened dynamic library cudnn64_7.dll
2020-10-05 20:45:45.691735: I tensorflow/core/common_runtime/gpu/gpu_device.cc:1746] Adding visible gpu devices: 0
2020-10-05 20:45:45.692865: I tensorflow/core/common_runtime/gpu/gpu_device.cc:1159] Device interconnect StreamExecutor with strength 1 edge matrix:
2020-10-05 20:45:45.694190: I tensorflow/core/common_runtime/gpu/gpu_device.cc:1165]      0 
2020-10-05 20:45:45.695018: I tensorflow/core/common_runtime/gpu/gpu_device.cc:1178] 0:   N 
2020-10-05 20:45:45.696641: I tensorflow/core/common_runtime/gpu/gpu_device.cc:1304] Created TensorFlow device (/job:localhost/replica:0/task:0/device:GPU:0 with 8686 MB memory) -> physical GPU (device: 0, name: GeForce RTX 2080 Ti, pci bus id: 0000:73:00.0, compute capability: 7.5)
[  FAILED  ] CompilationEnabledInGradientTest.testPlaysNicelyWithDefun_v1_graph
[ RUN      ] CompilationEnabledInGradientTest.test_session
[  SKIPPED ] CompilationEnabledInGradientTest.test_session
[ RUN      ] JITTest.testDefunInheritsJitScope_function
WARNING:tensorflow:Entity <function build_as_function_and_v1_graph.<locals>.decorator.<locals>.decorated.<locals>.function_in_eager at 0x000001D2B3F84F28> could not be transformed and will be executed as-is. Please report this to the AutoGraph team. When filing the bug, set the verbosity to 10 (on Linux, `export AUTOGRAPH_VERBOSITY=10`) and attach the full output. Cause: 'NoneType' object has no attribute '_fields'
W1005 20:45:45.735857  9052 ag_logging.py:146] Entity <function build_as_function_and_v1_graph.<locals>.decorator.<locals>.decorated.<locals>.function_in_eager at 0x000001D2B3F84F28> could not be transformed and will be executed as-is. Please report this to the AutoGraph team. When filing the bug, set the verbosity to 10 (on Linux, `export AUTOGRAPH_VERBOSITY=10`) and attach the full output. Cause: 'NoneType' object has no attribute '_fields'
2020-10-05 20:45:45.748499: I tensorflow/core/common_runtime/gpu/gpu_device.cc:1618] Found device 0 with properties: 
name: GeForce RTX 2080 Ti major: 7 minor: 5 memoryClockRate(GHz): 1.65
pciBusID: 0000:73:00.0
2020-10-05 20:45:45.749043: I tensorflow/stream_executor/platform/default/dso_loader.cc:44] Successfully opened dynamic library cudart64_100.dll
2020-10-05 20:45:45.749408: I tensorflow/stream_executor/platform/default/dso_loader.cc:44] Successfully opened dynamic library cublas64_100.dll
2020-10-05 20:45:45.749778: I tensorflow/stream_executor/platform/default/dso_loader.cc:44] Successfully opened dynamic library cufft64_100.dll
2020-10-05 20:45:45.750142: I tensorflow/stream_executor/platform/default/dso_loader.cc:44] Successfully opened dynamic library curand64_100.dll
2020-10-05 20:45:45.750519: I tensorflow/stream_executor/platform/default/dso_loader.cc:44] Successfully opened dynamic library cusolver64_100.dll
2020-10-05 20:45:45.750863: I tensorflow/stream_executor/platform/default/dso_loader.cc:44] Successfully opened dynamic library cusparse64_100.dll
2020-10-05 20:45:45.751207: I tensorflow/stream_executor/platform/default/dso_loader.cc:44] Successfully opened dynamic library cudnn64_7.dll
2020-10-05 20:45:45.751828: I tensorflow/core/common_runtime/gpu/gpu_device.cc:1746] Adding visible gpu devices: 0
2020-10-05 20:45:45.752158: I tensorflow/core/common_runtime/gpu/gpu_device.cc:1159] Device interconnect StreamExecutor with strength 1 edge matrix:
2020-10-05 20:45:45.752548: I tensorflow/core/common_runtime/gpu/gpu_device.cc:1165]      0 
2020-10-05 20:45:45.752783: I tensorflow/core/common_runtime/gpu/gpu_device.cc:1178] 0:   N 
2020-10-05 20:45:45.753299: I tensorflow/core/common_runtime/gpu/gpu_device.cc:1304] Created TensorFlow device (/job:localhost/replica:0/task:0/device:GPU:0 with 8686 MB memory) -> physical GPU (device: 0, name: GeForce RTX 2080 Ti, pci bus id: 0000:73:00.0, compute capability: 7.5)
[  FAILED  ] JITTest.testDefunInheritsJitScope_function
[ RUN      ] JITTest.testDefunInheritsJitScope_v1_graph
2020-10-05 20:45:45.760625: I tensorflow/core/common_runtime/gpu/gpu_device.cc:1618] Found device 0 with properties: 
name: GeForce RTX 2080 Ti major: 7 minor: 5 memoryClockRate(GHz): 1.65
pciBusID: 0000:73:00.0
2020-10-05 20:45:45.761195: I tensorflow/stream_executor/platform/default/dso_loader.cc:44] Successfully opened dynamic library cudart64_100.dll
2020-10-05 20:45:45.761562: I tensorflow/stream_executor/platform/default/dso_loader.cc:44] Successfully opened dynamic library cublas64_100.dll
2020-10-05 20:45:45.761928: I tensorflow/stream_executor/platform/default/dso_loader.cc:44] Successfully opened dynamic library cufft64_100.dll
2020-10-05 20:45:45.762298: I tensorflow/stream_executor/platform/default/dso_loader.cc:44] Successfully opened dynamic library curand64_100.dll
2020-10-05 20:45:45.762639: I tensorflow/stream_executor/platform/default/dso_loader.cc:44] Successfully opened dynamic library cusolver64_100.dll
2020-10-05 20:45:45.762985: I tensorflow/stream_executor/platform/default/dso_loader.cc:44] Successfully opened dynamic library cusparse64_100.dll
2020-10-05 20:45:45.763329: I tensorflow/stream_executor/platform/default/dso_loader.cc:44] Successfully opened dynamic library cudnn64_7.dll
2020-10-05 20:45:45.763887: I tensorflow/core/common_runtime/gpu/gpu_device.cc:1746] Adding visible gpu devices: 0
2020-10-05 20:45:45.764194: I tensorflow/core/common_runtime/gpu/gpu_device.cc:1159] Device interconnect StreamExecutor with strength 1 edge matrix:
2020-10-05 20:45:45.764547: I tensorflow/core/common_runtime/gpu/gpu_device.cc:1165]      0 
2020-10-05 20:45:45.764766: I tensorflow/core/common_runtime/gpu/gpu_device.cc:1178] 0:   N 
2020-10-05 20:45:45.765239: I tensorflow/core/common_runtime/gpu/gpu_device.cc:1304] Created TensorFlow device (/job:localhost/replica:0/task:0/device:GPU:0 with 8686 MB memory) -> physical GPU (device: 0, name: GeForce RTX 2080 Ti, pci bus id: 0000:73:00.0, compute capability: 7.5)
[  FAILED  ] JITTest.testDefunInheritsJitScope_v1_graph
[ RUN      ] JITTest.testDefunNoJitScope_function
WARNING:tensorflow:Entity <function build_as_function_and_v1_graph.<locals>.decorator.<locals>.decorated.<locals>.function_in_eager at 0x000001D2B3F84F28> could not be transformed and will be executed as-is. Please report this to the AutoGraph team. When filing the bug, set the verbosity to 10 (on Linux, `export AUTOGRAPH_VERBOSITY=10`) and attach the full output. Cause: 'NoneType' object has no attribute '_fields'
W1005 20:45:45.798344  9052 ag_logging.py:146] Entity <function build_as_function_and_v1_graph.<locals>.decorator.<locals>.decorated.<locals>.function_in_eager at 0x000001D2B3F84F28> could not be transformed and will be executed as-is. Please report this to the AutoGraph team. When filing the bug, set the verbosity to 10 (on Linux, `export AUTOGRAPH_VERBOSITY=10`) and attach the full output. Cause: 'NoneType' object has no attribute '_fields'
2020-10-05 20:45:45.800085: I tensorflow/core/common_runtime/gpu/gpu_device.cc:1618] Found device 0 with properties: 
name: GeForce RTX 2080 Ti major: 7 minor: 5 memoryClockRate(GHz): 1.65
pciBusID: 0000:73:00.0
2020-10-05 20:45:45.800601: I tensorflow/stream_executor/platform/default/dso_loader.cc:44] Successfully opened dynamic library cudart64_100.dll
2020-10-05 20:45:45.800955: I tensorflow/stream_executor/platform/default/dso_loader.cc:44] Successfully opened dynamic library cublas64_100.dll
2020-10-05 20:45:45.801297: I tensorflow/stream_executor/platform/default/dso_loader.cc:44] Successfully opened dynamic library cufft64_100.dll
2020-10-05 20:45:45.801635: I tensorflow/stream_executor/platform/default/dso_loader.cc:44] Successfully opened dynamic library curand64_100.dll
2020-10-05 20:45:45.801976: I tensorflow/stream_executor/platform/default/dso_loader.cc:44] Successfully opened dynamic library cusolver64_100.dll
2020-10-05 20:45:45.802320: I tensorflow/stream_executor/platform/default/dso_loader.cc:44] Successfully opened dynamic library cusparse64_100.dll
2020-10-05 20:45:45.802664: I tensorflow/stream_executor/platform/default/dso_loader.cc:44] Successfully opened dynamic library cudnn64_7.dll
2020-10-05 20:45:45.803220: I tensorflow/core/common_runtime/gpu/gpu_device.cc:1746] Adding visible gpu devices: 0
2020-10-05 20:45:45.803526: I tensorflow/core/common_runtime/gpu/gpu_device.cc:1159] Device interconnect StreamExecutor with strength 1 edge matrix:
2020-10-05 20:45:45.803886: I tensorflow/core/common_runtime/gpu/gpu_device.cc:1165]      0 
2020-10-05 20:45:45.804106: I tensorflow/core/common_runtime/gpu/gpu_device.cc:1178] 0:   N 
2020-10-05 20:45:45.804582: I tensorflow/core/common_runtime/gpu/gpu_device.cc:1304] Created TensorFlow device (/job:localhost/replica:0/task:0/device:GPU:0 with 8686 MB memory) -> physical GPU (device: 0, name: GeForce RTX 2080 Ti, pci bus id: 0000:73:00.0, compute capability: 7.5)
[       OK ] JITTest.testDefunNoJitScope_function
[ RUN      ] JITTest.testDefunNoJitScope_v1_graph
2020-10-05 20:45:45.810911: I tensorflow/core/common_runtime/gpu/gpu_device.cc:1618] Found device 0 with properties: 
name: GeForce RTX 2080 Ti major: 7 minor: 5 memoryClockRate(GHz): 1.65
pciBusID: 0000:73:00.0
2020-10-05 20:45:45.811424: I tensorflow/stream_executor/platform/default/dso_loader.cc:44] Successfully opened dynamic library cudart64_100.dll
2020-10-05 20:45:45.811765: I tensorflow/stream_executor/platform/default/dso_loader.cc:44] Successfully opened dynamic library cublas64_100.dll
2020-10-05 20:45:45.812106: I tensorflow/stream_executor/platform/default/dso_loader.cc:44] Successfully opened dynamic library cufft64_100.dll
2020-10-05 20:45:45.812453: I tensorflow/stream_executor/platform/default/dso_loader.cc:44] Successfully opened dynamic library curand64_100.dll
2020-10-05 20:45:45.812795: I tensorflow/stream_executor/platform/default/dso_loader.cc:44] Successfully opened dynamic library cusolver64_100.dll
2020-10-05 20:45:45.813141: I tensorflow/stream_executor/platform/default/dso_loader.cc:44] Successfully opened dynamic library cusparse64_100.dll
2020-10-05 20:45:45.813487: I tensorflow/stream_executor/platform/default/dso_loader.cc:44] Successfully opened dynamic library cudnn64_7.dll
2020-10-05 20:45:45.814047: I tensorflow/core/common_runtime/gpu/gpu_device.cc:1746] Adding visible gpu devices: 0
2020-10-05 20:45:45.814382: I tensorflow/core/common_runtime/gpu/gpu_device.cc:1159] Device interconnect StreamExecutor with strength 1 edge matrix:
2020-10-05 20:45:45.814755: I tensorflow/core/common_runtime/gpu/gpu_device.cc:1165]      0 
2020-10-05 20:45:45.814990: I tensorflow/core/common_runtime/gpu/gpu_device.cc:1178] 0:   N 
2020-10-05 20:45:45.815484: I tensorflow/core/common_runtime/gpu/gpu_device.cc:1304] Created TensorFlow device (/job:localhost/replica:0/task:0/device:GPU:0 with 8686 MB memory) -> physical GPU (device: 0, name: GeForce RTX 2080 Ti, pci bus id: 0000:73:00.0, compute capability: 7.5)
[       OK ] JITTest.testDefunNoJitScope_v1_graph
[ RUN      ] JITTest.testJITCreateOpsLambda_function
WARNING:tensorflow:Entity <function build_as_function_and_v1_graph.<locals>.decorator.<locals>.decorated.<locals>.function_in_eager at 0x000001D2B3F84F28> could not be transformed and will be executed as-is. Please report this to the AutoGraph team. When filing the bug, set the verbosity to 10 (on Linux, `export AUTOGRAPH_VERBOSITY=10`) and attach the full output. Cause: 'NoneType' object has no attribute '_fields'
W1005 20:45:45.845205  9052 ag_logging.py:146] Entity <function build_as_function_and_v1_graph.<locals>.decorator.<locals>.decorated.<locals>.function_in_eager at 0x000001D2B3F84F28> could not be transformed and will be executed as-is. Please report this to the AutoGraph team. When filing the bug, set the verbosity to 10 (on Linux, `export AUTOGRAPH_VERBOSITY=10`) and attach the full output. Cause: 'NoneType' object has no attribute '_fields'
2020-10-05 20:45:45.847976: I tensorflow/core/common_runtime/gpu/gpu_device.cc:1618] Found device 0 with properties: 
name: GeForce RTX 2080 Ti major: 7 minor: 5 memoryClockRate(GHz): 1.65
pciBusID: 0000:73:00.0
2020-10-05 20:45:45.848563: I tensorflow/stream_executor/platform/default/dso_loader.cc:44] Successfully opened dynamic library cudart64_100.dll
2020-10-05 20:45:45.848959: I tensorflow/stream_executor/platform/default/dso_loader.cc:44] Successfully opened dynamic library cublas64_100.dll
2020-10-05 20:45:45.849356: I tensorflow/stream_executor/platform/default/dso_loader.cc:44] Successfully opened dynamic library cufft64_100.dll
2020-10-05 20:45:45.849752: I tensorflow/stream_executor/platform/default/dso_loader.cc:44] Successfully opened dynamic library curand64_100.dll
2020-10-05 20:45:45.850159: I tensorflow/stream_executor/platform/default/dso_loader.cc:44] Successfully opened dynamic library cusolver64_100.dll
2020-10-05 20:45:45.850558: I tensorflow/stream_executor/platform/default/dso_loader.cc:44] Successfully opened dynamic library cusparse64_100.dll
2020-10-05 20:45:45.850962: I tensorflow/stream_executor/platform/default/dso_loader.cc:44] Successfully opened dynamic library cudnn64_7.dll
2020-10-05 20:45:45.851556: I tensorflow/core/common_runtime/gpu/gpu_device.cc:1746] Adding visible gpu devices: 0
2020-10-05 20:45:45.851893: I tensorflow/core/common_runtime/gpu/gpu_device.cc:1159] Device interconnect StreamExecutor with strength 1 edge matrix:
2020-10-05 20:45:45.852293: I tensorflow/core/common_runtime/gpu/gpu_device.cc:1165]      0 
2020-10-05 20:45:45.852534: I tensorflow/core/common_runtime/gpu/gpu_device.cc:1178] 0:   N 
2020-10-05 20:45:45.853044: I tensorflow/core/common_runtime/gpu/gpu_device.cc:1304] Created TensorFlow device (/job:localhost/replica:0/task:0/device:GPU:0 with 8686 MB memory) -> physical GPU (device: 0, name: GeForce RTX 2080 Ti, pci bus id: 0000:73:00.0, compute capability: 7.5)
2020-10-05 20:45:45.870403: E tensorflow/core/common_runtime/executor.cc:642] Executor failed to create kernel. Invalid argument: NodeDef mentions attr 'XX_XlaScopeXX' not in Op<name=Const; signature= -> output:dtype; attr=value:tensor; attr=dtype:type>; NodeDef: {{node root/random_uniform/shape}}. (Check whether your GraphDef-interpreting binary is up to date with your GraphDef-generating binary.).
	 [[root/random_uniform/shape]]
ERROR:tensorflow:NodeDef mentions attr 'XX_XlaScopeXX' not in Op<name=Const; signature= -> output:dtype; attr=value:tensor; attr=dtype:type>; NodeDef: node root/random_uniform/shape (defined at C:\ProgramData\Anaconda3\envs\keras\lib\site-packages\tensorflow_core\python\framework\ops.py:1748) . (Check whether your GraphDef-interpreting binary is up to date with your GraphDef-generating binary.).
	 [[root/random_uniform/shape]]
E1005 20:45:45.892028  9052 test_util.py:1563] NodeDef mentions attr 'XX_XlaScopeXX' not in Op<name=Const; signature= -> output:dtype; attr=value:tensor; attr=dtype:type>; NodeDef: node root/random_uniform/shape (defined at C:\ProgramData\Anaconda3\envs\keras\lib\site-packages\tensorflow_core\python\framework\ops.py:1748) . (Check whether your GraphDef-interpreting binary is up to date with your GraphDef-generating binary.).
	 [[root/random_uniform/shape]]
[  FAILED  ] JITTest.testJITCreateOpsLambda_function
[ RUN      ] JITTest.testJITCreateOpsLambda_v1_graph
2020-10-05 20:45:45.909800: I tensorflow/core/common_runtime/gpu/gpu_device.cc:1618] Found device 0 with properties: 
name: GeForce RTX 2080 Ti major: 7 minor: 5 memoryClockRate(GHz): 1.65
pciBusID: 0000:73:00.0
2020-10-05 20:45:45.910611: I tensorflow/stream_executor/platform/default/dso_loader.cc:44] Successfully opened dynamic library cudart64_100.dll
2020-10-05 20:45:45.911165: I tensorflow/stream_executor/platform/default/dso_loader.cc:44] Successfully opened dynamic library cublas64_100.dll
2020-10-05 20:45:45.911701: I tensorflow/stream_executor/platform/default/dso_loader.cc:44] Successfully opened dynamic library cufft64_100.dll
2020-10-05 20:45:45.912070: I tensorflow/stream_executor/platform/default/dso_loader.cc:44] Successfully opened dynamic library curand64_100.dll
2020-10-05 20:45:45.912437: I tensorflow/stream_executor/platform/default/dso_loader.cc:44] Successfully opened dynamic library cusolver64_100.dll
2020-10-05 20:45:45.912806: I tensorflow/stream_executor/platform/default/dso_loader.cc:44] Successfully opened dynamic library cusparse64_100.dll
2020-10-05 20:45:45.913180: I tensorflow/stream_executor/platform/default/dso_loader.cc:44] Successfully opened dynamic library cudnn64_7.dll
2020-10-05 20:45:45.913736: I tensorflow/core/common_runtime/gpu/gpu_device.cc:1746] Adding visible gpu devices: 0
2020-10-05 20:45:45.914042: I tensorflow/core/common_runtime/gpu/gpu_device.cc:1159] Device interconnect StreamExecutor with strength 1 edge matrix:
2020-10-05 20:45:45.914392: I tensorflow/core/common_runtime/gpu/gpu_device.cc:1165]      0 
2020-10-05 20:45:45.914613: I tensorflow/core/common_runtime/gpu/gpu_device.cc:1178] 0:   N 
2020-10-05 20:45:45.915093: I tensorflow/core/common_runtime/gpu/gpu_device.cc:1304] Created TensorFlow device (/job:localhost/replica:0/task:0/device:GPU:0 with 8686 MB memory) -> physical GPU (device: 0, name: GeForce RTX 2080 Ti, pci bus id: 0000:73:00.0, compute capability: 7.5)
2020-10-05 20:45:45.929533: E tensorflow/core/common_runtime/executor.cc:642] Executor failed to create kernel. Invalid argument: NodeDef mentions attr 'XX_XlaScopeXX' not in Op<name=Const; signature= -> output:dtype; attr=value:tensor; attr=dtype:type>; NodeDef: {{node root/random_uniform/shape}}. (Check whether your GraphDef-interpreting binary is up to date with your GraphDef-generating binary.).
	 [[root/random_uniform/shape]]
ERROR:tensorflow:NodeDef mentions attr 'XX_XlaScopeXX' not in Op<name=Const; signature= -> output:dtype; attr=value:tensor; attr=dtype:type>; NodeDef: node root/random_uniform/shape (defined at C:\ProgramData\Anaconda3\envs\keras\lib\site-packages\tensorflow_core\python\framework\ops.py:1748) . (Check whether your GraphDef-interpreting binary is up to date with your GraphDef-generating binary.).
	 [[root/random_uniform/shape]]
E1005 20:45:45.938941  9052 test_util.py:1563] NodeDef mentions attr 'XX_XlaScopeXX' not in Op<name=Const; signature= -> output:dtype; attr=value:tensor; attr=dtype:type>; NodeDef: node root/random_uniform/shape (defined at C:\ProgramData\Anaconda3\envs\keras\lib\site-packages\tensorflow_core\python\framework\ops.py:1748) . (Check whether your GraphDef-interpreting binary is up to date with your GraphDef-generating binary.).
	 [[root/random_uniform/shape]]
[  FAILED  ] JITTest.testJITCreateOpsLambda_v1_graph
[ RUN      ] JITTest.testJITInEager
[  SKIPPED ] JITTest.testJITInEager
[ RUN      ] JITTest.testJITVariableSeed_function
WARNING:tensorflow:Entity <function build_as_function_and_v1_graph.<locals>.decorator.<locals>.decorated.<locals>.function_in_eager at 0x000001D2B3F84F28> could not be transformed and will be executed as-is. Please report this to the AutoGraph team. When filing the bug, set the verbosity to 10 (on Linux, `export AUTOGRAPH_VERBOSITY=10`) and attach the full output. Cause: 'NoneType' object has no attribute '_fields'
W1005 20:45:45.970184  9052 ag_logging.py:146] Entity <function build_as_function_and_v1_graph.<locals>.decorator.<locals>.decorated.<locals>.function_in_eager at 0x000001D2B3F84F28> could not be transformed and will be executed as-is. Please report this to the AutoGraph team. When filing the bug, set the verbosity to 10 (on Linux, `export AUTOGRAPH_VERBOSITY=10`) and attach the full output. Cause: 'NoneType' object has no attribute '_fields'
2020-10-05 20:45:45.978097: I tensorflow/core/common_runtime/gpu/gpu_device.cc:1618] Found device 0 with properties: 
name: GeForce RTX 2080 Ti major: 7 minor: 5 memoryClockRate(GHz): 1.65
pciBusID: 0000:73:00.0
2020-10-05 20:45:45.978617: I tensorflow/stream_executor/platform/default/dso_loader.cc:44] Successfully opened dynamic library cudart64_100.dll
2020-10-05 20:45:45.978973: I tensorflow/stream_executor/platform/default/dso_loader.cc:44] Successfully opened dynamic library cublas64_100.dll
2020-10-05 20:45:45.979320: I tensorflow/stream_executor/platform/default/dso_loader.cc:44] Successfully opened dynamic library cufft64_100.dll
2020-10-05 20:45:45.979660: I tensorflow/stream_executor/platform/default/dso_loader.cc:44] Successfully opened dynamic library curand64_100.dll
2020-10-05 20:45:45.980008: I tensorflow/stream_executor/platform/default/dso_loader.cc:44] Successfully opened dynamic library cusolver64_100.dll
2020-10-05 20:45:45.980353: I tensorflow/stream_executor/platform/default/dso_loader.cc:44] Successfully opened dynamic library cusparse64_100.dll
2020-10-05 20:45:45.980698: I tensorflow/stream_executor/platform/default/dso_loader.cc:44] Successfully opened dynamic library cudnn64_7.dll
2020-10-05 20:45:45.981269: I tensorflow/core/common_runtime/gpu/gpu_device.cc:1746] Adding visible gpu devices: 0
2020-10-05 20:45:45.981597: I tensorflow/core/common_runtime/gpu/gpu_device.cc:1159] Device interconnect StreamExecutor with strength 1 edge matrix:
2020-10-05 20:45:45.981979: I tensorflow/core/common_runtime/gpu/gpu_device.cc:1165]      0 
2020-10-05 20:45:45.982217: I tensorflow/core/common_runtime/gpu/gpu_device.cc:1178] 0:   N 
2020-10-05 20:45:45.982715: I tensorflow/core/common_runtime/gpu/gpu_device.cc:1304] Created TensorFlow device (/job:localhost/replica:0/task:0/device:GPU:0 with 8686 MB memory) -> physical GPU (device: 0, name: GeForce RTX 2080 Ti, pci bus id: 0000:73:00.0, compute capability: 7.5)
2020-10-05 20:45:45.995346: E tensorflow/core/common_runtime/executor.cc:642] Executor failed to create kernel. Invalid argument: NodeDef mentions attr 'XX_XlaScopeXX' not in Op<name=Const; signature= -> output:dtype; attr=value:tensor; attr=dtype:type>; NodeDef: {{node root/var/Initializer/random_uniform/shape}}. (Check whether your GraphDef-interpreting binary is up to date with your GraphDef-generating binary.).
	 [[root/var/Initializer/random_uniform/shape]]
ERROR:tensorflow:NodeDef mentions attr 'XX_XlaScopeXX' not in Op<name=Const; signature= -> output:dtype; attr=value:tensor; attr=dtype:type>; NodeDef: node root/var/Initializer/random_uniform/shape (defined at C:\ProgramData\Anaconda3\envs\keras\lib\site-packages\tensorflow_core\python\framework\ops.py:1748) . (Check whether your GraphDef-interpreting binary is up to date with your GraphDef-generating binary.).
	 [[root/var/Initializer/random_uniform/shape]]
E1005 20:45:46.001384  9052 test_util.py:1563] NodeDef mentions attr 'XX_XlaScopeXX' not in Op<name=Const; signature= -> output:dtype; attr=value:tensor; attr=dtype:type>; NodeDef: node root/var/Initializer/random_uniform/shape (defined at C:\ProgramData\Anaconda3\envs\keras\lib\site-packages\tensorflow_core\python\framework\ops.py:1748) . (Check whether your GraphDef-interpreting binary is up to date with your GraphDef-generating binary.).
	 [[root/var/Initializer/random_uniform/shape]]
[  FAILED  ] JITTest.testJITVariableSeed_function
[ RUN      ] JITTest.testJITVariableSeed_v1_graph
2020-10-05 20:45:46.015826: I tensorflow/core/common_runtime/gpu/gpu_device.cc:1618] Found device 0 with properties: 
name: GeForce RTX 2080 Ti major: 7 minor: 5 memoryClockRate(GHz): 1.65
pciBusID: 0000:73:00.0
2020-10-05 20:45:46.016352: I tensorflow/stream_executor/platform/default/dso_loader.cc:44] Successfully opened dynamic library cudart64_100.dll
2020-10-05 20:45:46.016698: I tensorflow/stream_executor/platform/default/dso_loader.cc:44] Successfully opened dynamic library cublas64_100.dll
2020-10-05 20:45:46.017043: I tensorflow/stream_executor/platform/default/dso_loader.cc:44] Successfully opened dynamic library cufft64_100.dll
2020-10-05 20:45:46.017473: I tensorflow/stream_executor/platform/default/dso_loader.cc:44] Successfully opened dynamic library curand64_100.dll
2020-10-05 20:45:46.017900: I tensorflow/stream_executor/platform/default/dso_loader.cc:44] Successfully opened dynamic library cusolver64_100.dll
2020-10-05 20:45:46.018332: I tensorflow/stream_executor/platform/default/dso_loader.cc:44] Successfully opened dynamic library cusparse64_100.dll
2020-10-05 20:45:46.018714: I tensorflow/stream_executor/platform/default/dso_loader.cc:44] Successfully opened dynamic library cudnn64_7.dll
2020-10-05 20:45:46.019285: I tensorflow/core/common_runtime/gpu/gpu_device.cc:1746] Adding visible gpu devices: 0
2020-10-05 20:45:46.019592: I tensorflow/core/common_runtime/gpu/gpu_device.cc:1159] Device interconnect StreamExecutor with strength 1 edge matrix:
2020-10-05 20:45:46.019951: I tensorflow/core/common_runtime/gpu/gpu_device.cc:1165]      0 
2020-10-05 20:45:46.020169: I tensorflow/core/common_runtime/gpu/gpu_device.cc:1178] 0:   N 
2020-10-05 20:45:46.020643: I tensorflow/core/common_runtime/gpu/gpu_device.cc:1304] Created TensorFlow device (/job:localhost/replica:0/task:0/device:GPU:0 with 8686 MB memory) -> physical GPU (device: 0, name: GeForce RTX 2080 Ti, pci bus id: 0000:73:00.0, compute capability: 7.5)
2020-10-05 20:45:46.031712: E tensorflow/core/common_runtime/executor.cc:642] Executor failed to create kernel. Invalid argument: NodeDef mentions attr 'XX_XlaScopeXX' not in Op<name=Const; signature= -> output:dtype; attr=value:tensor; attr=dtype:type>; NodeDef: {{node root/var/Initializer/random_uniform/shape}}. (Check whether your GraphDef-interpreting binary is up to date with your GraphDef-generating binary.).
	 [[root/var/Initializer/random_uniform/shape]]
ERROR:tensorflow:NodeDef mentions attr 'XX_XlaScopeXX' not in Op<name=Const; signature= -> output:dtype; attr=value:tensor; attr=dtype:type>; NodeDef: node root/var/Initializer/random_uniform/shape (defined at C:\ProgramData\Anaconda3\envs\keras\lib\site-packages\tensorflow_core\python\framework\ops.py:1748) . (Check whether your GraphDef-interpreting binary is up to date with your GraphDef-generating binary.).
	 [[root/var/Initializer/random_uniform/shape]]
E1005 20:45:46.032673  9052 test_util.py:1563] NodeDef mentions attr 'XX_XlaScopeXX' not in Op<name=Const; signature= -> output:dtype; attr=value:tensor; attr=dtype:type>; NodeDef: node root/var/Initializer/random_uniform/shape (defined at C:\ProgramData\Anaconda3\envs\keras\lib\site-packages\tensorflow_core\python\framework\ops.py:1748) . (Check whether your GraphDef-interpreting binary is up to date with your GraphDef-generating binary.).
	 [[root/var/Initializer/random_uniform/shape]]
[  FAILED  ] JITTest.testJITVariableSeed_v1_graph
[ RUN      ] JITTest.testJITXlaScope_function
WARNING:tensorflow:Entity <function build_as_function_and_v1_graph.<locals>.decorator.<locals>.decorated.<locals>.function_in_eager at 0x000001D2B421A048> could not be transformed and will be executed as-is. Please report this to the AutoGraph team. When filing the bug, set the verbosity to 10 (on Linux, `export AUTOGRAPH_VERBOSITY=10`) and attach the full output. Cause: 'NoneType' object has no attribute '_fields'
W1005 20:45:46.063915  9052 ag_logging.py:146] Entity <function build_as_function_and_v1_graph.<locals>.decorator.<locals>.decorated.<locals>.function_in_eager at 0x000001D2B421A048> could not be transformed and will be executed as-is. Please report this to the AutoGraph team. When filing the bug, set the verbosity to 10 (on Linux, `export AUTOGRAPH_VERBOSITY=10`) and attach the full output. Cause: 'NoneType' object has no attribute '_fields'
2020-10-05 20:45:46.069107: I tensorflow/core/common_runtime/gpu/gpu_device.cc:1618] Found device 0 with properties: 
name: GeForce RTX 2080 Ti major: 7 minor: 5 memoryClockRate(GHz): 1.65
pciBusID: 0000:73:00.0
2020-10-05 20:45:46.069628: I tensorflow/stream_executor/platform/default/dso_loader.cc:44] Successfully opened dynamic library cudart64_100.dll
2020-10-05 20:45:46.069972: I tensorflow/stream_executor/platform/default/dso_loader.cc:44] Successfully opened dynamic library cublas64_100.dll
2020-10-05 20:45:46.070316: I tensorflow/stream_executor/platform/default/dso_loader.cc:44] Successfully opened dynamic library cufft64_100.dll
2020-10-05 20:45:46.070654: I tensorflow/stream_executor/platform/default/dso_loader.cc:44] Successfully opened dynamic library curand64_100.dll
2020-10-05 20:45:46.070994: I tensorflow/stream_executor/platform/default/dso_loader.cc:44] Successfully opened dynamic library cusolver64_100.dll
2020-10-05 20:45:46.071338: I tensorflow/stream_executor/platform/default/dso_loader.cc:44] Successfully opened dynamic library cusparse64_100.dll
2020-10-05 20:45:46.071690: I tensorflow/stream_executor/platform/default/dso_loader.cc:44] Successfully opened dynamic library cudnn64_7.dll
2020-10-05 20:45:46.072252: I tensorflow/core/common_runtime/gpu/gpu_device.cc:1746] Adding visible gpu devices: 0
2020-10-05 20:45:46.072559: I tensorflow/core/common_runtime/gpu/gpu_device.cc:1159] Device interconnect StreamExecutor with strength 1 edge matrix:
2020-10-05 20:45:46.072910: I tensorflow/core/common_runtime/gpu/gpu_device.cc:1165]      0 
2020-10-05 20:45:46.073128: I tensorflow/core/common_runtime/gpu/gpu_device.cc:1178] 0:   N 
2020-10-05 20:45:46.073605: I tensorflow/core/common_runtime/gpu/gpu_device.cc:1304] Created TensorFlow device (/job:localhost/replica:0/task:0/device:GPU:0 with 8686 MB memory) -> physical GPU (device: 0, name: GeForce RTX 2080 Ti, pci bus id: 0000:73:00.0, compute capability: 7.5)
[  FAILED  ] JITTest.testJITXlaScope_function
[ RUN      ] JITTest.testJITXlaScope_v1_graph
2020-10-05 20:45:46.078998: I tensorflow/core/common_runtime/gpu/gpu_device.cc:1618] Found device 0 with properties: 
name: GeForce RTX 2080 Ti major: 7 minor: 5 memoryClockRate(GHz): 1.65
pciBusID: 0000:73:00.0
2020-10-05 20:45:46.079511: I tensorflow/stream_executor/platform/default/dso_loader.cc:44] Successfully opened dynamic library cudart64_100.dll
2020-10-05 20:45:46.079954: I tensorflow/stream_executor/platform/default/dso_loader.cc:44] Successfully opened dynamic library cublas64_100.dll
2020-10-05 20:45:46.080392: I tensorflow/stream_executor/platform/default/dso_loader.cc:44] Successfully opened dynamic library cufft64_100.dll
2020-10-05 20:45:46.080837: I tensorflow/stream_executor/platform/default/dso_loader.cc:44] Successfully opened dynamic library curand64_100.dll
2020-10-05 20:45:46.081277: I tensorflow/stream_executor/platform/default/dso_loader.cc:44] Successfully opened dynamic library cusolver64_100.dll
2020-10-05 20:45:46.081717: I tensorflow/stream_executor/platform/default/dso_loader.cc:44] Successfully opened dynamic library cusparse64_100.dll
2020-10-05 20:45:46.082161: I tensorflow/stream_executor/platform/default/dso_loader.cc:44] Successfully opened dynamic library cudnn64_7.dll
2020-10-05 20:45:46.082847: I tensorflow/core/common_runtime/gpu/gpu_device.cc:1746] Adding visible gpu devices: 0
2020-10-05 20:45:46.083204: I tensorflow/core/common_runtime/gpu/gpu_device.cc:1159] Device interconnect StreamExecutor with strength 1 edge matrix:
2020-10-05 20:45:46.083582: I tensorflow/core/common_runtime/gpu/gpu_device.cc:1165]      0 
2020-10-05 20:45:46.083852: I tensorflow/core/common_runtime/gpu/gpu_device.cc:1178] 0:   N 
2020-10-05 20:45:46.084427: I tensorflow/core/common_runtime/gpu/gpu_device.cc:1304] Created TensorFlow device (/job:localhost/replica:0/task:0/device:GPU:0 with 8686 MB memory) -> physical GPU (device: 0, name: GeForce RTX 2080 Ti, pci bus id: 0000:73:00.0, compute capability: 7.5)
[  FAILED  ] JITTest.testJITXlaScope_v1_graph
[ RUN      ] JITTest.test_session
[  SKIPPED ] JITTest.test_session
======================================================================
ERROR: testCompilationGradientScopeNames_function (__main__.CompilationEnabledInGradientTest)
CompilationEnabledInGradientTest.testCompilationGradientScopeNames_function
testCompilationGradientScopeNames_function('function')
----------------------------------------------------------------------
Traceback (most recent call last):
  File "C:\ProgramData\Anaconda3\envs\keras\lib\site-packages\absl\testing\parameterized.py", line 284, in bound_param_test
    return test_method(self, *testcase_params)
  File "C:\ProgramData\Anaconda3\envs\keras\lib\site-packages\tensorflow_core\python\framework\test_util.py", line 993, in decorated
    function_in_eager()
  File "C:\ProgramData\Anaconda3\envs\keras\lib\site-packages\tensorflow_core\python\eager\def_function.py", line 449, in __call__
    self._initialize(args, kwds, add_initializers_to=initializer_map)
  File "C:\ProgramData\Anaconda3\envs\keras\lib\site-packages\tensorflow_core\python\eager\def_function.py", line 392, in _initialize
    *args, **kwds))
  File "C:\ProgramData\Anaconda3\envs\keras\lib\site-packages\tensorflow_core\python\eager\function.py", line 1847, in _get_concrete_function_internal_garbage_collected
    graph_function, _, _ = self._maybe_define_function(args, kwargs)
  File "C:\ProgramData\Anaconda3\envs\keras\lib\site-packages\tensorflow_core\python\eager\function.py", line 2147, in _maybe_define_function
    graph_function = self._create_graph_function(args, kwargs)
  File "C:\ProgramData\Anaconda3\envs\keras\lib\site-packages\tensorflow_core\python\eager\function.py", line 2038, in _create_graph_function
    capture_by_value=self._capture_by_value),
  File "C:\ProgramData\Anaconda3\envs\keras\lib\site-packages\tensorflow_core\python\framework\func_graph.py", line 915, in func_graph_from_py_func
    func_outputs = python_func(*func_args, **func_kwargs)
  File "C:\ProgramData\Anaconda3\envs\keras\lib\site-packages\tensorflow_core\python\eager\def_function.py", line 335, in wrapped_fn
    return weak_wrapped_fn().__wrapped__(*args, **kwds)
  File "C:\ProgramData\Anaconda3\envs\keras\lib\site-packages\tensorflow_core\python\framework\func_graph.py", line 905, in wrapper
    raise e.ag_error_metadata.to_exception(e)
ValueError: in converted code:

    C:\ProgramData\Anaconda3\envs\keras\lib\site-packages\tensorflow_core\python\framework\test_util.py:987 function_in_eager
        f(self, *args, **kwargs)
    jit_test.py:457 testCompilationGradientScopeNames
        self.assertEqual(b"jit_scope_0", a1.op.get_attr("_XlaScope"))
    C:\ProgramData\Anaconda3\envs\keras\lib\site-packages\tensorflow_core\python\framework\ops.py:2384 get_attr
        raise ValueError(str(e))

    ValueError: Operation 'Const' has no attr named '_XlaScope'.


======================================================================
ERROR: testCompilationGradientScopeNames_v1_graph (__main__.CompilationEnabledInGradientTest)
CompilationEnabledInGradientTest.testCompilationGradientScopeNames_v1_graph
testCompilationGradientScopeNames_v1_graph('v1_graph')
----------------------------------------------------------------------
Traceback (most recent call last):
  File "C:\ProgramData\Anaconda3\envs\keras\lib\site-packages\tensorflow_core\python\framework\ops.py", line 2380, in get_attr
    c_api.TF_OperationGetAttrValueProto(self._c_op, name, buf)
tensorflow.python.framework.errors_impl.InvalidArgumentError: Operation 'Const' has no attr named '_XlaScope'.

During handling of the above exception, another exception occurred:

Traceback (most recent call last):
  File "C:\ProgramData\Anaconda3\envs\keras\lib\site-packages\absl\testing\parameterized.py", line 284, in bound_param_test
    return test_method(self, *testcase_params)
  File "C:\ProgramData\Anaconda3\envs\keras\lib\site-packages\tensorflow_core\python\framework\test_util.py", line 982, in decorated
    f(self, *args, **kwargs)
  File "jit_test.py", line 457, in testCompilationGradientScopeNames
    self.assertEqual(b"jit_scope_0", a1.op.get_attr("_XlaScope"))
  File "C:\ProgramData\Anaconda3\envs\keras\lib\site-packages\tensorflow_core\python\framework\ops.py", line 2384, in get_attr
    raise ValueError(str(e))
ValueError: Operation 'Const' has no attr named '_XlaScope'.

======================================================================
ERROR: testCompilationInGradient_function (__main__.CompilationEnabledInGradientTest)
CompilationEnabledInGradientTest.testCompilationInGradient_function
testCompilationInGradient_function('function')
----------------------------------------------------------------------
Traceback (most recent call last):
  File "C:\ProgramData\Anaconda3\envs\keras\lib\site-packages\absl\testing\parameterized.py", line 284, in bound_param_test
    return test_method(self, *testcase_params)
  File "C:\ProgramData\Anaconda3\envs\keras\lib\site-packages\tensorflow_core\python\framework\test_util.py", line 993, in decorated
    function_in_eager()
  File "C:\ProgramData\Anaconda3\envs\keras\lib\site-packages\tensorflow_core\python\eager\def_function.py", line 449, in __call__
    self._initialize(args, kwds, add_initializers_to=initializer_map)
  File "C:\ProgramData\Anaconda3\envs\keras\lib\site-packages\tensorflow_core\python\eager\def_function.py", line 392, in _initialize
    *args, **kwds))
  File "C:\ProgramData\Anaconda3\envs\keras\lib\site-packages\tensorflow_core\python\eager\function.py", line 1847, in _get_concrete_function_internal_garbage_collected
    graph_function, _, _ = self._maybe_define_function(args, kwargs)
  File "C:\ProgramData\Anaconda3\envs\keras\lib\site-packages\tensorflow_core\python\eager\function.py", line 2147, in _maybe_define_function
    graph_function = self._create_graph_function(args, kwargs)
  File "C:\ProgramData\Anaconda3\envs\keras\lib\site-packages\tensorflow_core\python\eager\function.py", line 2038, in _create_graph_function
    capture_by_value=self._capture_by_value),
  File "C:\ProgramData\Anaconda3\envs\keras\lib\site-packages\tensorflow_core\python\framework\func_graph.py", line 915, in func_graph_from_py_func
    func_outputs = python_func(*func_args, **func_kwargs)
  File "C:\ProgramData\Anaconda3\envs\keras\lib\site-packages\tensorflow_core\python\eager\def_function.py", line 335, in wrapped_fn
    return weak_wrapped_fn().__wrapped__(*args, **kwds)
  File "C:\ProgramData\Anaconda3\envs\keras\lib\site-packages\tensorflow_core\python\framework\func_graph.py", line 905, in wrapper
    raise e.ag_error_metadata.to_exception(e)
ValueError: in converted code:

    C:\ProgramData\Anaconda3\envs\keras\lib\site-packages\tensorflow_core\python\framework\test_util.py:987 function_in_eager
        f(self, *args, **kwargs)
    jit_test.py:417 testCompilationInGradient
        self.assertTrue(cg.get_attr("_XlaCompile"))
    C:\ProgramData\Anaconda3\envs\keras\lib\site-packages\tensorflow_core\python\framework\ops.py:2384 get_attr
        raise ValueError(str(e))

    ValueError: Operation 'gradients/compiled_grad/MatMul' has no attr named '_XlaCompile'.


======================================================================
ERROR: testCompilationInGradient_v1_graph (__main__.CompilationEnabledInGradientTest)
CompilationEnabledInGradientTest.testCompilationInGradient_v1_graph
testCompilationInGradient_v1_graph('v1_graph')
----------------------------------------------------------------------
Traceback (most recent call last):
  File "C:\ProgramData\Anaconda3\envs\keras\lib\site-packages\tensorflow_core\python\framework\ops.py", line 2380, in get_attr
    c_api.TF_OperationGetAttrValueProto(self._c_op, name, buf)
tensorflow.python.framework.errors_impl.InvalidArgumentError: Operation 'gradients/compiled_grad/MatMul' has no attr named '_XlaCompile'.

During handling of the above exception, another exception occurred:

Traceback (most recent call last):
  File "C:\ProgramData\Anaconda3\envs\keras\lib\site-packages\absl\testing\parameterized.py", line 284, in bound_param_test
    return test_method(self, *testcase_params)
  File "C:\ProgramData\Anaconda3\envs\keras\lib\site-packages\tensorflow_core\python\framework\test_util.py", line 982, in decorated
    f(self, *args, **kwargs)
  File "jit_test.py", line 417, in testCompilationInGradient
    self.assertTrue(cg.get_attr("_XlaCompile"))
  File "C:\ProgramData\Anaconda3\envs\keras\lib\site-packages\tensorflow_core\python\framework\ops.py", line 2384, in get_attr
    raise ValueError(str(e))
ValueError: Operation 'gradients/compiled_grad/MatMul' has no attr named '_XlaCompile'.

======================================================================
ERROR: testCompilationSeparateGradientScopeNames_function (__main__.CompilationEnabledInGradientTest)
CompilationEnabledInGradientTest.testCompilationSeparateGradientScopeNames_function
testCompilationSeparateGradientScopeNames_function('function')
----------------------------------------------------------------------
Traceback (most recent call last):
  File "C:\ProgramData\Anaconda3\envs\keras\lib\site-packages\absl\testing\parameterized.py", line 284, in bound_param_test
    return test_method(self, *testcase_params)
  File "C:\ProgramData\Anaconda3\envs\keras\lib\site-packages\tensorflow_core\python\framework\test_util.py", line 993, in decorated
    function_in_eager()
  File "C:\ProgramData\Anaconda3\envs\keras\lib\site-packages\tensorflow_core\python\eager\def_function.py", line 449, in __call__
    self._initialize(args, kwds, add_initializers_to=initializer_map)
  File "C:\ProgramData\Anaconda3\envs\keras\lib\site-packages\tensorflow_core\python\eager\def_function.py", line 392, in _initialize
    *args, **kwds))
  File "C:\ProgramData\Anaconda3\envs\keras\lib\site-packages\tensorflow_core\python\eager\function.py", line 1847, in _get_concrete_function_internal_garbage_collected
    graph_function, _, _ = self._maybe_define_function(args, kwargs)
  File "C:\ProgramData\Anaconda3\envs\keras\lib\site-packages\tensorflow_core\python\eager\function.py", line 2147, in _maybe_define_function
    graph_function = self._create_graph_function(args, kwargs)
  File "C:\ProgramData\Anaconda3\envs\keras\lib\site-packages\tensorflow_core\python\eager\function.py", line 2038, in _create_graph_function
    capture_by_value=self._capture_by_value),
  File "C:\ProgramData\Anaconda3\envs\keras\lib\site-packages\tensorflow_core\python\framework\func_graph.py", line 915, in func_graph_from_py_func
    func_outputs = python_func(*func_args, **func_kwargs)
  File "C:\ProgramData\Anaconda3\envs\keras\lib\site-packages\tensorflow_core\python\eager\def_function.py", line 335, in wrapped_fn
    return weak_wrapped_fn().__wrapped__(*args, **kwds)
  File "C:\ProgramData\Anaconda3\envs\keras\lib\site-packages\tensorflow_core\python\framework\func_graph.py", line 905, in wrapper
    raise e.ag_error_metadata.to_exception(e)
ValueError: in converted code:

    C:\ProgramData\Anaconda3\envs\keras\lib\site-packages\tensorflow_core\python\framework\test_util.py:987 function_in_eager
        f(self, *args, **kwargs)
    jit_test.py:503 testCompilationSeparateGradientScopeNames
        self.assertEqual(b"jit_scope_0", a1.op.get_attr("_XlaScope"))
    C:\ProgramData\Anaconda3\envs\keras\lib\site-packages\tensorflow_core\python\framework\ops.py:2384 get_attr
        raise ValueError(str(e))

    ValueError: Operation 'Const' has no attr named '_XlaScope'.


======================================================================
ERROR: testCompilationSeparateGradientScopeNames_v1_graph (__main__.CompilationEnabledInGradientTest)
CompilationEnabledInGradientTest.testCompilationSeparateGradientScopeNames_v1_graph
testCompilationSeparateGradientScopeNames_v1_graph('v1_graph')
----------------------------------------------------------------------
Traceback (most recent call last):
  File "C:\ProgramData\Anaconda3\envs\keras\lib\site-packages\tensorflow_core\python\framework\ops.py", line 2380, in get_attr
    c_api.TF_OperationGetAttrValueProto(self._c_op, name, buf)
tensorflow.python.framework.errors_impl.InvalidArgumentError: Operation 'Const' has no attr named '_XlaScope'.

During handling of the above exception, another exception occurred:

Traceback (most recent call last):
  File "C:\ProgramData\Anaconda3\envs\keras\lib\site-packages\absl\testing\parameterized.py", line 284, in bound_param_test
    return test_method(self, *testcase_params)
  File "C:\ProgramData\Anaconda3\envs\keras\lib\site-packages\tensorflow_core\python\framework\test_util.py", line 982, in decorated
    f(self, *args, **kwargs)
  File "jit_test.py", line 503, in testCompilationSeparateGradientScopeNames
    self.assertEqual(b"jit_scope_0", a1.op.get_attr("_XlaScope"))
  File "C:\ProgramData\Anaconda3\envs\keras\lib\site-packages\tensorflow_core\python\framework\ops.py", line 2384, in get_attr
    raise ValueError(str(e))
ValueError: Operation 'Const' has no attr named '_XlaScope'.

======================================================================
ERROR: testJITCreateOpsLambda_function (__main__.JITTest)
JITTest.testJITCreateOpsLambda_function
testJITCreateOpsLambda_function('function')
----------------------------------------------------------------------
Traceback (most recent call last):
  File "C:\ProgramData\Anaconda3\envs\keras\lib\site-packages\absl\testing\parameterized.py", line 284, in bound_param_test
    return test_method(self, *testcase_params)
  File "C:\ProgramData\Anaconda3\envs\keras\lib\site-packages\tensorflow_core\python\framework\test_util.py", line 993, in decorated
    function_in_eager()
  File "C:\ProgramData\Anaconda3\envs\keras\lib\site-packages\tensorflow_core\python\eager\def_function.py", line 449, in __call__
    self._initialize(args, kwds, add_initializers_to=initializer_map)
  File "C:\ProgramData\Anaconda3\envs\keras\lib\site-packages\tensorflow_core\python\eager\def_function.py", line 392, in _initialize
    *args, **kwds))
  File "C:\ProgramData\Anaconda3\envs\keras\lib\site-packages\tensorflow_core\python\eager\function.py", line 1847, in _get_concrete_function_internal_garbage_collected
    graph_function, _, _ = self._maybe_define_function(args, kwargs)
  File "C:\ProgramData\Anaconda3\envs\keras\lib\site-packages\tensorflow_core\python\eager\function.py", line 2147, in _maybe_define_function
    graph_function = self._create_graph_function(args, kwargs)
  File "C:\ProgramData\Anaconda3\envs\keras\lib\site-packages\tensorflow_core\python\eager\function.py", line 2038, in _create_graph_function
    capture_by_value=self._capture_by_value),
  File "C:\ProgramData\Anaconda3\envs\keras\lib\site-packages\tensorflow_core\python\framework\func_graph.py", line 915, in func_graph_from_py_func
    func_outputs = python_func(*func_args, **func_kwargs)
  File "C:\ProgramData\Anaconda3\envs\keras\lib\site-packages\tensorflow_core\python\eager\def_function.py", line 335, in wrapped_fn
    return weak_wrapped_fn().__wrapped__(*args, **kwds)
  File "C:\ProgramData\Anaconda3\envs\keras\lib\site-packages\tensorflow_core\python\framework\func_graph.py", line 905, in wrapper
    raise e.ag_error_metadata.to_exception(e)
tensorflow.python.framework.errors_impl.InvalidArgumentError: in converted code:

    C:\ProgramData\Anaconda3\envs\keras\lib\site-packages\tensorflow_core\python\framework\test_util.py:987 function_in_eager
        f(self, *args, **kwargs)
    jit_test.py:159 testJITCreateOpsLambda
        v_false_1_t, v_false_1 = self.compute(False, create_ops)
    jit_test.py:117 compute
        return (r, sess.run(r))
    C:\ProgramData\Anaconda3\envs\keras\lib\site-packages\tensorflow_core\python\framework\test_util.py:1557 run
        return super(ErrorLoggingSession, self).run(*args, **kwargs)
    C:\ProgramData\Anaconda3\envs\keras\lib\site-packages\tensorflow_core\python\client\session.py:956 run
        run_metadata_ptr)
    C:\ProgramData\Anaconda3\envs\keras\lib\site-packages\tensorflow_core\python\client\session.py:1180 _run
        feed_dict_tensor, options, run_metadata)
    C:\ProgramData\Anaconda3\envs\keras\lib\site-packages\tensorflow_core\python\client\session.py:1359 _do_run
        run_metadata)
    C:\ProgramData\Anaconda3\envs\keras\lib\site-packages\tensorflow_core\python\client\session.py:1384 _do_call
        raise type(e)(node_def, op, message)

    InvalidArgumentError: NodeDef mentions attr 'XX_XlaScopeXX' not in Op<name=Const; signature= -> output:dtype; attr=value:tensor; attr=dtype:type>; NodeDef: node root/random_uniform/shape (defined at C:\ProgramData\Anaconda3\envs\keras\lib\site-packages\tensorflow_core\python\framework\ops.py:1748) . (Check whether your GraphDef-interpreting binary is up to date with your GraphDef-generating binary.).
    	 [[root/random_uniform/shape]]


======================================================================
ERROR: testJITCreateOpsLambda_v1_graph (__main__.JITTest)
JITTest.testJITCreateOpsLambda_v1_graph
testJITCreateOpsLambda_v1_graph('v1_graph')
----------------------------------------------------------------------
Traceback (most recent call last):
  File "C:\ProgramData\Anaconda3\envs\keras\lib\site-packages\tensorflow_core\python\client\session.py", line 1365, in _do_call
    return fn(*args)
  File "C:\ProgramData\Anaconda3\envs\keras\lib\site-packages\tensorflow_core\python\client\session.py", line 1350, in _run_fn
    target_list, run_metadata)
  File "C:\ProgramData\Anaconda3\envs\keras\lib\site-packages\tensorflow_core\python\client\session.py", line 1443, in _call_tf_sessionrun
    run_metadata)
tensorflow.python.framework.errors_impl.InvalidArgumentError: NodeDef mentions attr 'XX_XlaScopeXX' not in Op<name=Const; signature= -> output:dtype; attr=value:tensor; attr=dtype:type>; NodeDef: {{node root/random_uniform/shape}}. (Check whether your GraphDef-interpreting binary is up to date with your GraphDef-generating binary.).
	 [[root/random_uniform/shape]]

During handling of the above exception, another exception occurred:

Traceback (most recent call last):
  File "C:\ProgramData\Anaconda3\envs\keras\lib\site-packages\absl\testing\parameterized.py", line 284, in bound_param_test
    return test_method(self, *testcase_params)
  File "C:\ProgramData\Anaconda3\envs\keras\lib\site-packages\tensorflow_core\python\framework\test_util.py", line 982, in decorated
    f(self, *args, **kwargs)
  File "jit_test.py", line 159, in testJITCreateOpsLambda
    v_false_1_t, v_false_1 = self.compute(False, create_ops)
  File "jit_test.py", line 117, in compute
    return (r, sess.run(r))
  File "C:\ProgramData\Anaconda3\envs\keras\lib\site-packages\tensorflow_core\python\framework\test_util.py", line 1557, in run
    return super(ErrorLoggingSession, self).run(*args, **kwargs)
  File "C:\ProgramData\Anaconda3\envs\keras\lib\site-packages\tensorflow_core\python\client\session.py", line 956, in run
    run_metadata_ptr)
  File "C:\ProgramData\Anaconda3\envs\keras\lib\site-packages\tensorflow_core\python\client\session.py", line 1180, in _run
    feed_dict_tensor, options, run_metadata)
  File "C:\ProgramData\Anaconda3\envs\keras\lib\site-packages\tensorflow_core\python\client\session.py", line 1359, in _do_run
    run_metadata)
  File "C:\ProgramData\Anaconda3\envs\keras\lib\site-packages\tensorflow_core\python\client\session.py", line 1384, in _do_call
    raise type(e)(node_def, op, message)
tensorflow.python.framework.errors_impl.InvalidArgumentError: NodeDef mentions attr 'XX_XlaScopeXX' not in Op<name=Const; signature= -> output:dtype; attr=value:tensor; attr=dtype:type>; NodeDef: node root/random_uniform/shape (defined at C:\ProgramData\Anaconda3\envs\keras\lib\site-packages\tensorflow_core\python\framework\ops.py:1748) . (Check whether your GraphDef-interpreting binary is up to date with your GraphDef-generating binary.).
	 [[root/random_uniform/shape]]

======================================================================
ERROR: testJITVariableSeed_function (__main__.JITTest)
JITTest.testJITVariableSeed_function
testJITVariableSeed_function('function')
----------------------------------------------------------------------
Traceback (most recent call last):
  File "C:\ProgramData\Anaconda3\envs\keras\lib\site-packages\absl\testing\parameterized.py", line 284, in bound_param_test
    return test_method(self, *testcase_params)
  File "C:\ProgramData\Anaconda3\envs\keras\lib\site-packages\tensorflow_core\python\framework\test_util.py", line 993, in decorated
    function_in_eager()
  File "C:\ProgramData\Anaconda3\envs\keras\lib\site-packages\tensorflow_core\python\eager\def_function.py", line 449, in __call__
    self._initialize(args, kwds, add_initializers_to=initializer_map)
  File "C:\ProgramData\Anaconda3\envs\keras\lib\site-packages\tensorflow_core\python\eager\def_function.py", line 392, in _initialize
    *args, **kwds))
  File "C:\ProgramData\Anaconda3\envs\keras\lib\site-packages\tensorflow_core\python\eager\function.py", line 1847, in _get_concrete_function_internal_garbage_collected
    graph_function, _, _ = self._maybe_define_function(args, kwargs)
  File "C:\ProgramData\Anaconda3\envs\keras\lib\site-packages\tensorflow_core\python\eager\function.py", line 2147, in _maybe_define_function
    graph_function = self._create_graph_function(args, kwargs)
  File "C:\ProgramData\Anaconda3\envs\keras\lib\site-packages\tensorflow_core\python\eager\function.py", line 2038, in _create_graph_function
    capture_by_value=self._capture_by_value),
  File "C:\ProgramData\Anaconda3\envs\keras\lib\site-packages\tensorflow_core\python\framework\func_graph.py", line 915, in func_graph_from_py_func
    func_outputs = python_func(*func_args, **func_kwargs)
  File "C:\ProgramData\Anaconda3\envs\keras\lib\site-packages\tensorflow_core\python\eager\def_function.py", line 335, in wrapped_fn
    return weak_wrapped_fn().__wrapped__(*args, **kwds)
  File "C:\ProgramData\Anaconda3\envs\keras\lib\site-packages\tensorflow_core\python\framework\func_graph.py", line 905, in wrapper
    raise e.ag_error_metadata.to_exception(e)
tensorflow.python.framework.errors_impl.InvalidArgumentError: in converted code:

    C:\ProgramData\Anaconda3\envs\keras\lib\site-packages\tensorflow_core\python\framework\test_util.py:987 function_in_eager
        f(self, *args, **kwargs)
    jit_test.py:295 testJITVariableSeed
        _, v_false_1 = self.compute(False, create_ops)
    jit_test.py:115 compute
        sess.run(variables.global_variables_initializer())
    C:\ProgramData\Anaconda3\envs\keras\lib\site-packages\tensorflow_core\python\framework\test_util.py:1557 run
        return super(ErrorLoggingSession, self).run(*args, **kwargs)
    C:\ProgramData\Anaconda3\envs\keras\lib\site-packages\tensorflow_core\python\client\session.py:956 run
        run_metadata_ptr)
    C:\ProgramData\Anaconda3\envs\keras\lib\site-packages\tensorflow_core\python\client\session.py:1180 _run
        feed_dict_tensor, options, run_metadata)
    C:\ProgramData\Anaconda3\envs\keras\lib\site-packages\tensorflow_core\python\client\session.py:1359 _do_run
        run_metadata)
    C:\ProgramData\Anaconda3\envs\keras\lib\site-packages\tensorflow_core\python\client\session.py:1384 _do_call
        raise type(e)(node_def, op, message)

    InvalidArgumentError: NodeDef mentions attr 'XX_XlaScopeXX' not in Op<name=Const; signature= -> output:dtype; attr=value:tensor; attr=dtype:type>; NodeDef: node root/var/Initializer/random_uniform/shape (defined at C:\ProgramData\Anaconda3\envs\keras\lib\site-packages\tensorflow_core\python\framework\ops.py:1748) . (Check whether your GraphDef-interpreting binary is up to date with your GraphDef-generating binary.).
    	 [[root/var/Initializer/random_uniform/shape]]


======================================================================
ERROR: testJITVariableSeed_v1_graph (__main__.JITTest)
JITTest.testJITVariableSeed_v1_graph
testJITVariableSeed_v1_graph('v1_graph')
----------------------------------------------------------------------
Traceback (most recent call last):
  File "C:\ProgramData\Anaconda3\envs\keras\lib\site-packages\tensorflow_core\python\client\session.py", line 1365, in _do_call
    return fn(*args)
  File "C:\ProgramData\Anaconda3\envs\keras\lib\site-packages\tensorflow_core\python\client\session.py", line 1350, in _run_fn
    target_list, run_metadata)
  File "C:\ProgramData\Anaconda3\envs\keras\lib\site-packages\tensorflow_core\python\client\session.py", line 1443, in _call_tf_sessionrun
    run_metadata)
tensorflow.python.framework.errors_impl.InvalidArgumentError: NodeDef mentions attr 'XX_XlaScopeXX' not in Op<name=Const; signature= -> output:dtype; attr=value:tensor; attr=dtype:type>; NodeDef: {{node root/var/Initializer/random_uniform/shape}}. (Check whether your GraphDef-interpreting binary is up to date with your GraphDef-generating binary.).
	 [[root/var/Initializer/random_uniform/shape]]

During handling of the above exception, another exception occurred:

Traceback (most recent call last):
  File "C:\ProgramData\Anaconda3\envs\keras\lib\site-packages\absl\testing\parameterized.py", line 284, in bound_param_test
    return test_method(self, *testcase_params)
  File "C:\ProgramData\Anaconda3\envs\keras\lib\site-packages\tensorflow_core\python\framework\test_util.py", line 982, in decorated
    f(self, *args, **kwargs)
  File "jit_test.py", line 295, in testJITVariableSeed
    _, v_false_1 = self.compute(False, create_ops)
  File "jit_test.py", line 115, in compute
    sess.run(variables.global_variables_initializer())
  File "C:\ProgramData\Anaconda3\envs\keras\lib\site-packages\tensorflow_core\python\framework\test_util.py", line 1557, in run
    return super(ErrorLoggingSession, self).run(*args, **kwargs)
  File "C:\ProgramData\Anaconda3\envs\keras\lib\site-packages\tensorflow_core\python\client\session.py", line 956, in run
    run_metadata_ptr)
  File "C:\ProgramData\Anaconda3\envs\keras\lib\site-packages\tensorflow_core\python\client\session.py", line 1180, in _run
    feed_dict_tensor, options, run_metadata)
  File "C:\ProgramData\Anaconda3\envs\keras\lib\site-packages\tensorflow_core\python\client\session.py", line 1359, in _do_run
    run_metadata)
  File "C:\ProgramData\Anaconda3\envs\keras\lib\site-packages\tensorflow_core\python\client\session.py", line 1384, in _do_call
    raise type(e)(node_def, op, message)
tensorflow.python.framework.errors_impl.InvalidArgumentError: NodeDef mentions attr 'XX_XlaScopeXX' not in Op<name=Const; signature= -> output:dtype; attr=value:tensor; attr=dtype:type>; NodeDef: node root/var/Initializer/random_uniform/shape (defined at C:\ProgramData\Anaconda3\envs\keras\lib\site-packages\tensorflow_core\python\framework\ops.py:1748) . (Check whether your GraphDef-interpreting binary is up to date with your GraphDef-generating binary.).
	 [[root/var/Initializer/random_uniform/shape]]

======================================================================
ERROR: testJITXlaScope_function (__main__.JITTest)
JITTest.testJITXlaScope_function
testJITXlaScope_function('function')
----------------------------------------------------------------------
Traceback (most recent call last):
  File "C:\ProgramData\Anaconda3\envs\keras\lib\site-packages\absl\testing\parameterized.py", line 284, in bound_param_test
    return test_method(self, *testcase_params)
  File "C:\ProgramData\Anaconda3\envs\keras\lib\site-packages\tensorflow_core\python\framework\test_util.py", line 993, in decorated
    function_in_eager()
  File "C:\ProgramData\Anaconda3\envs\keras\lib\site-packages\tensorflow_core\python\eager\def_function.py", line 449, in __call__
    self._initialize(args, kwds, add_initializers_to=initializer_map)
  File "C:\ProgramData\Anaconda3\envs\keras\lib\site-packages\tensorflow_core\python\eager\def_function.py", line 392, in _initialize
    *args, **kwds))
  File "C:\ProgramData\Anaconda3\envs\keras\lib\site-packages\tensorflow_core\python\eager\function.py", line 1847, in _get_concrete_function_internal_garbage_collected
    graph_function, _, _ = self._maybe_define_function(args, kwargs)
  File "C:\ProgramData\Anaconda3\envs\keras\lib\site-packages\tensorflow_core\python\eager\function.py", line 2147, in _maybe_define_function
    graph_function = self._create_graph_function(args, kwargs)
  File "C:\ProgramData\Anaconda3\envs\keras\lib\site-packages\tensorflow_core\python\eager\function.py", line 2038, in _create_graph_function
    capture_by_value=self._capture_by_value),
  File "C:\ProgramData\Anaconda3\envs\keras\lib\site-packages\tensorflow_core\python\framework\func_graph.py", line 915, in func_graph_from_py_func
    func_outputs = python_func(*func_args, **func_kwargs)
  File "C:\ProgramData\Anaconda3\envs\keras\lib\site-packages\tensorflow_core\python\eager\def_function.py", line 335, in wrapped_fn
    return weak_wrapped_fn().__wrapped__(*args, **kwds)
  File "C:\ProgramData\Anaconda3\envs\keras\lib\site-packages\tensorflow_core\python\framework\func_graph.py", line 905, in wrapper
    raise e.ag_error_metadata.to_exception(e)
ValueError: in converted code:

    C:\ProgramData\Anaconda3\envs\keras\lib\site-packages\tensorflow_core\python\framework\test_util.py:987 function_in_eager
        f(self, *args, **kwargs)
    jit_test.py:249 testJITXlaScope
        self.assertEqual(b"jit_scope_0", a1.op.get_attr("_XlaScope"))
    C:\ProgramData\Anaconda3\envs\keras\lib\site-packages\tensorflow_core\python\framework\ops.py:2384 get_attr
        raise ValueError(str(e))

    ValueError: Operation 'Const' has no attr named '_XlaScope'.


======================================================================
ERROR: testJITXlaScope_v1_graph (__main__.JITTest)
JITTest.testJITXlaScope_v1_graph
testJITXlaScope_v1_graph('v1_graph')
----------------------------------------------------------------------
Traceback (most recent call last):
  File "C:\ProgramData\Anaconda3\envs\keras\lib\site-packages\tensorflow_core\python\framework\ops.py", line 2380, in get_attr
    c_api.TF_OperationGetAttrValueProto(self._c_op, name, buf)
tensorflow.python.framework.errors_impl.InvalidArgumentError: Operation 'Const' has no attr named '_XlaScope'.

During handling of the above exception, another exception occurred:

Traceback (most recent call last):
  File "C:\ProgramData\Anaconda3\envs\keras\lib\site-packages\absl\testing\parameterized.py", line 284, in bound_param_test
    return test_method(self, *testcase_params)
  File "C:\ProgramData\Anaconda3\envs\keras\lib\site-packages\tensorflow_core\python\framework\test_util.py", line 982, in decorated
    f(self, *args, **kwargs)
  File "jit_test.py", line 249, in testJITXlaScope
    self.assertEqual(b"jit_scope_0", a1.op.get_attr("_XlaScope"))
  File "C:\ProgramData\Anaconda3\envs\keras\lib\site-packages\tensorflow_core\python\framework\ops.py", line 2384, in get_attr
    raise ValueError(str(e))
ValueError: Operation 'Const' has no attr named '_XlaScope'.

======================================================================
FAIL: testPlaysNicelyWithDefunSeparateGradientScope_function (__main__.CompilationEnabledInGradientTest)
CompilationEnabledInGradientTest.testPlaysNicelyWithDefunSeparateGradientScope_function
testPlaysNicelyWithDefunSeparateGradientScope_function('function')
----------------------------------------------------------------------
Traceback (most recent call last):
  File "C:\ProgramData\Anaconda3\envs\keras\lib\site-packages\absl\testing\parameterized.py", line 284, in bound_param_test
    return test_method(self, *testcase_params)
  File "C:\ProgramData\Anaconda3\envs\keras\lib\site-packages\tensorflow_core\python\framework\test_util.py", line 993, in decorated
    function_in_eager()
  File "C:\ProgramData\Anaconda3\envs\keras\lib\site-packages\tensorflow_core\python\eager\def_function.py", line 449, in __call__
    self._initialize(args, kwds, add_initializers_to=initializer_map)
  File "C:\ProgramData\Anaconda3\envs\keras\lib\site-packages\tensorflow_core\python\eager\def_function.py", line 392, in _initialize
    *args, **kwds))
  File "C:\ProgramData\Anaconda3\envs\keras\lib\site-packages\tensorflow_core\python\eager\function.py", line 1847, in _get_concrete_function_internal_garbage_collected
    graph_function, _, _ = self._maybe_define_function(args, kwargs)
  File "C:\ProgramData\Anaconda3\envs\keras\lib\site-packages\tensorflow_core\python\eager\function.py", line 2147, in _maybe_define_function
    graph_function = self._create_graph_function(args, kwargs)
  File "C:\ProgramData\Anaconda3\envs\keras\lib\site-packages\tensorflow_core\python\eager\function.py", line 2038, in _create_graph_function
    capture_by_value=self._capture_by_value),
  File "C:\ProgramData\Anaconda3\envs\keras\lib\site-packages\tensorflow_core\python\framework\func_graph.py", line 915, in func_graph_from_py_func
    func_outputs = python_func(*func_args, **func_kwargs)
  File "C:\ProgramData\Anaconda3\envs\keras\lib\site-packages\tensorflow_core\python\eager\def_function.py", line 335, in wrapped_fn
    return weak_wrapped_fn().__wrapped__(*args, **kwds)
  File "C:\ProgramData\Anaconda3\envs\keras\lib\site-packages\tensorflow_core\python\framework\func_graph.py", line 905, in wrapper
    raise e.ag_error_metadata.to_exception(e)
AssertionError: in converted code:

    C:\ProgramData\Anaconda3\envs\keras\lib\site-packages\tensorflow_core\python\framework\test_util.py:987 function_in_eager
        f(self, *args, **kwargs)
    jit_test.py:617 testPlaysNicelyWithDefunSeparateGradientScope
        self.assertEqual(b"jit_scope_0", func_attrs["_XlaScope"].s)
    C:\ProgramData\Anaconda3\envs\keras\lib\unittest\case.py:829 assertEqual
        assertion_func(first, second, msg=msg)
    C:\ProgramData\Anaconda3\envs\keras\lib\unittest\case.py:822 _baseAssertEqual
        raise self.failureException(msg)

    AssertionError: b'jit_scope_0' != b'function_mulop'


======================================================================
FAIL: testPlaysNicelyWithDefunSeparateGradientScope_v1_graph (__main__.CompilationEnabledInGradientTest)
CompilationEnabledInGradientTest.testPlaysNicelyWithDefunSeparateGradientScope_v1_graph
testPlaysNicelyWithDefunSeparateGradientScope_v1_graph('v1_graph')
----------------------------------------------------------------------
Traceback (most recent call last):
  File "C:\ProgramData\Anaconda3\envs\keras\lib\site-packages\absl\testing\parameterized.py", line 284, in bound_param_test
    return test_method(self, *testcase_params)
  File "C:\ProgramData\Anaconda3\envs\keras\lib\site-packages\tensorflow_core\python\framework\test_util.py", line 982, in decorated
    f(self, *args, **kwargs)
  File "jit_test.py", line 617, in testPlaysNicelyWithDefunSeparateGradientScope
    self.assertEqual(b"jit_scope_0", func_attrs["_XlaScope"].s)
AssertionError: b'jit_scope_0' != b'function_mulop'

======================================================================
FAIL: testPlaysNicelyWithDefun_function (__main__.CompilationEnabledInGradientTest)
CompilationEnabledInGradientTest.testPlaysNicelyWithDefun_function
testPlaysNicelyWithDefun_function('function')
----------------------------------------------------------------------
Traceback (most recent call last):
  File "C:\ProgramData\Anaconda3\envs\keras\lib\site-packages\absl\testing\parameterized.py", line 284, in bound_param_test
    return test_method(self, *testcase_params)
  File "C:\ProgramData\Anaconda3\envs\keras\lib\site-packages\tensorflow_core\python\framework\test_util.py", line 993, in decorated
    function_in_eager()
  File "C:\ProgramData\Anaconda3\envs\keras\lib\site-packages\tensorflow_core\python\eager\def_function.py", line 449, in __call__
    self._initialize(args, kwds, add_initializers_to=initializer_map)
  File "C:\ProgramData\Anaconda3\envs\keras\lib\site-packages\tensorflow_core\python\eager\def_function.py", line 392, in _initialize
    *args, **kwds))
  File "C:\ProgramData\Anaconda3\envs\keras\lib\site-packages\tensorflow_core\python\eager\function.py", line 1847, in _get_concrete_function_internal_garbage_collected
    graph_function, _, _ = self._maybe_define_function(args, kwargs)
  File "C:\ProgramData\Anaconda3\envs\keras\lib\site-packages\tensorflow_core\python\eager\function.py", line 2147, in _maybe_define_function
    graph_function = self._create_graph_function(args, kwargs)
  File "C:\ProgramData\Anaconda3\envs\keras\lib\site-packages\tensorflow_core\python\eager\function.py", line 2038, in _create_graph_function
    capture_by_value=self._capture_by_value),
  File "C:\ProgramData\Anaconda3\envs\keras\lib\site-packages\tensorflow_core\python\framework\func_graph.py", line 915, in func_graph_from_py_func
    func_outputs = python_func(*func_args, **func_kwargs)
  File "C:\ProgramData\Anaconda3\envs\keras\lib\site-packages\tensorflow_core\python\eager\def_function.py", line 335, in wrapped_fn
    return weak_wrapped_fn().__wrapped__(*args, **kwds)
  File "C:\ProgramData\Anaconda3\envs\keras\lib\site-packages\tensorflow_core\python\framework\func_graph.py", line 905, in wrapper
    raise e.ag_error_metadata.to_exception(e)
AssertionError: in converted code:

    C:\ProgramData\Anaconda3\envs\keras\lib\site-packages\tensorflow_core\python\framework\test_util.py:987 function_in_eager
        f(self, *args, **kwargs)
    jit_test.py:559 testPlaysNicelyWithDefun
        self.assertEqual(b"jit_scope_0", func_attrs["_XlaScope"].s)
    C:\ProgramData\Anaconda3\envs\keras\lib\unittest\case.py:829 assertEqual
        assertion_func(first, second, msg=msg)
    C:\ProgramData\Anaconda3\envs\keras\lib\unittest\case.py:822 _baseAssertEqual
        raise self.failureException(msg)

    AssertionError: b'jit_scope_0' != b'function_mulop'


======================================================================
FAIL: testPlaysNicelyWithDefun_v1_graph (__main__.CompilationEnabledInGradientTest)
CompilationEnabledInGradientTest.testPlaysNicelyWithDefun_v1_graph
testPlaysNicelyWithDefun_v1_graph('v1_graph')
----------------------------------------------------------------------
Traceback (most recent call last):
  File "C:\ProgramData\Anaconda3\envs\keras\lib\site-packages\absl\testing\parameterized.py", line 284, in bound_param_test
    return test_method(self, *testcase_params)
  File "C:\ProgramData\Anaconda3\envs\keras\lib\site-packages\tensorflow_core\python\framework\test_util.py", line 982, in decorated
    f(self, *args, **kwargs)
  File "jit_test.py", line 559, in testPlaysNicelyWithDefun
    self.assertEqual(b"jit_scope_0", func_attrs["_XlaScope"].s)
AssertionError: b'jit_scope_0' != b'function_mulop'

======================================================================
FAIL: testDefunInheritsJitScope_function (__main__.JITTest)
JITTest.testDefunInheritsJitScope_function
testDefunInheritsJitScope_function('function')
----------------------------------------------------------------------
Traceback (most recent call last):
  File "C:\ProgramData\Anaconda3\envs\keras\lib\site-packages\absl\testing\parameterized.py", line 284, in bound_param_test
    return test_method(self, *testcase_params)
  File "C:\ProgramData\Anaconda3\envs\keras\lib\site-packages\tensorflow_core\python\framework\test_util.py", line 993, in decorated
    function_in_eager()
  File "C:\ProgramData\Anaconda3\envs\keras\lib\site-packages\tensorflow_core\python\eager\def_function.py", line 449, in __call__
    self._initialize(args, kwds, add_initializers_to=initializer_map)
  File "C:\ProgramData\Anaconda3\envs\keras\lib\site-packages\tensorflow_core\python\eager\def_function.py", line 392, in _initialize
    *args, **kwds))
  File "C:\ProgramData\Anaconda3\envs\keras\lib\site-packages\tensorflow_core\python\eager\function.py", line 1847, in _get_concrete_function_internal_garbage_collected
    graph_function, _, _ = self._maybe_define_function(args, kwargs)
  File "C:\ProgramData\Anaconda3\envs\keras\lib\site-packages\tensorflow_core\python\eager\function.py", line 2147, in _maybe_define_function
    graph_function = self._create_graph_function(args, kwargs)
  File "C:\ProgramData\Anaconda3\envs\keras\lib\site-packages\tensorflow_core\python\eager\function.py", line 2038, in _create_graph_function
    capture_by_value=self._capture_by_value),
  File "C:\ProgramData\Anaconda3\envs\keras\lib\site-packages\tensorflow_core\python\framework\func_graph.py", line 915, in func_graph_from_py_func
    func_outputs = python_func(*func_args, **func_kwargs)
  File "C:\ProgramData\Anaconda3\envs\keras\lib\site-packages\tensorflow_core\python\eager\def_function.py", line 335, in wrapped_fn
    return weak_wrapped_fn().__wrapped__(*args, **kwds)
  File "C:\ProgramData\Anaconda3\envs\keras\lib\site-packages\tensorflow_core\python\framework\func_graph.py", line 905, in wrapper
    raise e.ag_error_metadata.to_exception(e)
AssertionError: in converted code:

    C:\ProgramData\Anaconda3\envs\keras\lib\site-packages\tensorflow_core\python\framework\test_util.py:987 function_in_eager
        f(self, *args, **kwargs)
    jit_test.py:375 testDefunInheritsJitScope
        self.assertEqual(b"jit_scope_0", func_attrs["_XlaScope"].s)
    C:\ProgramData\Anaconda3\envs\keras\lib\unittest\case.py:829 assertEqual
        assertion_func(first, second, msg=msg)
    C:\ProgramData\Anaconda3\envs\keras\lib\unittest\case.py:822 _baseAssertEqual
        raise self.failureException(msg)

    AssertionError: b'jit_scope_0' != b'function_mulop'


======================================================================
FAIL: testDefunInheritsJitScope_v1_graph (__main__.JITTest)
JITTest.testDefunInheritsJitScope_v1_graph
testDefunInheritsJitScope_v1_graph('v1_graph')
----------------------------------------------------------------------
Traceback (most recent call last):
  File "C:\ProgramData\Anaconda3\envs\keras\lib\site-packages\absl\testing\parameterized.py", line 284, in bound_param_test
    return test_method(self, *testcase_params)
  File "C:\ProgramData\Anaconda3\envs\keras\lib\site-packages\tensorflow_core\python\framework\test_util.py", line 982, in decorated
    f(self, *args, **kwargs)
  File "jit_test.py", line 375, in testDefunInheritsJitScope
    self.assertEqual(b"jit_scope_0", func_attrs["_XlaScope"].s)
AssertionError: b'jit_scope_0' != b'function_mulop'

----------------------------------------------------------------------
Ran 23 tests in 2.999s

FAILED (failures=6, errors=12, skipped=3)
