..E.
======================================================================
ERROR: test_infer_shape (test_ops.OpDecoratorTests)
----------------------------------------------------------------------
Traceback (most recent call last):
  File "C:\Users\mutation\Desktop\theano-testcase\tests\test_ops.py", line 70, in test_infer_shape
    cumprod_plus.__class__, warn=False)
  File "C:\ProgramData\Anaconda3\envs\keras\lib\site-packages\theano\tests\unittest_tools.py", line 262, in _compile_and_check
    mode=mode)
  File "C:\ProgramData\Anaconda3\envs\keras\lib\site-packages\theano\compile\function.py", line 317, in function
    output_keys=output_keys)
  File "C:\ProgramData\Anaconda3\envs\keras\lib\site-packages\theano\compile\pfunc.py", line 486, in pfunc
    output_keys=output_keys)
  File "C:\ProgramData\Anaconda3\envs\keras\lib\site-packages\theano\compile\function_module.py", line 1841, in orig_function
    fn = m.create(defaults)
  File "C:\ProgramData\Anaconda3\envs\keras\lib\site-packages\theano\compile\function_module.py", line 1715, in create
    input_storage=input_storage_lists, storage_map=storage_map)
  File "C:\ProgramData\Anaconda3\envs\keras\lib\site-packages\theano\gof\link.py", line 699, in make_thunk
    storage_map=storage_map)[:3]
  File "C:\ProgramData\Anaconda3\envs\keras\lib\site-packages\theano\gof\vm.py", line 1091, in make_all
    impl=impl))
  File "C:\ProgramData\Anaconda3\envs\keras\lib\site-packages\theano\gof\op.py", line 955, in make_thunk
    no_recycling)
  File "C:\ProgramData\Anaconda3\envs\keras\lib\site-packages\theano\gof\op.py", line 858, in make_c_thunk
    output_storage=node_output_storage)
  File "C:\ProgramData\Anaconda3\envs\keras\lib\site-packages\theano\gof\cc.py", line 1217, in make_thunk
    keep_lock=keep_lock)
  File "C:\ProgramData\Anaconda3\envs\keras\lib\site-packages\theano\gof\cc.py", line 1157, in __compile__
    keep_lock=keep_lock)
  File "C:\ProgramData\Anaconda3\envs\keras\lib\site-packages\theano\gof\cc.py", line 1624, in cthunk_factory
    key=key, lnk=self, keep_lock=keep_lock)
  File "C:\ProgramData\Anaconda3\envs\keras\lib\site-packages\theano\gof\cmodule.py", line 1148, in module_from_key
    module = self._get_from_key(key)
  File "C:\ProgramData\Anaconda3\envs\keras\lib\site-packages\theano\gof\cmodule.py", line 1047, in _get_from_key
    return self._get_module(name)
  File "C:\ProgramData\Anaconda3\envs\keras\lib\site-packages\theano\gof\cmodule.py", line 720, in _get_module
    self.module_from_name[name] = dlimport(name)
  File "C:\ProgramData\Anaconda3\envs\keras\lib\site-packages\theano\gof\cmodule.py", line 317, in dlimport
    rval = __import__(module_name, {}, {}, [module_name])
ModuleNotFoundError: No module named 'tmp9w9csrv7'

----------------------------------------------------------------------
Ran 4 tests in 2.004s

FAILED (errors=1)
