Traceback (most recent call last):
  File "C:\ProgramData\Anaconda3\envs\keras\lib\configparser.py", line 1138, in _unify_values
    sectiondict = self._sections[section]
KeyError: 'blas'

During handling of the above exception, another exception occurred:

Traceback (most recent call last):
  File "C:\ProgramData\Anaconda3\envs\keras\lib\site-packages\theano\configparser.py", line 168, in fetch_val_for_key
    return theano_cfg.get(section, option)
  File "C:\ProgramData\Anaconda3\envs\keras\lib\configparser.py", line 781, in get
    d = self._unify_values(section, vars)
  File "C:\ProgramData\Anaconda3\envs\keras\lib\configparser.py", line 1141, in _unify_values
    raise NoSectionError(section)
configparser.NoSectionError: No section: 'blas'

During handling of the above exception, another exception occurred:

Traceback (most recent call last):
  File "C:\ProgramData\Anaconda3\envs\keras\lib\site-packages\theano\configparser.py", line 328, in __get__
    delete_key=delete_key)
  File "C:\ProgramData\Anaconda3\envs\keras\lib\site-packages\theano\configparser.py", line 172, in fetch_val_for_key
    raise KeyError(key)
KeyError: 'blas.ldflags'

During handling of the above exception, another exception occurred:

Traceback (most recent call last):
  File "C:\ProgramData\Anaconda3\envs\keras\lib\runpy.py", line 193, in _run_module_as_main
    "__main__", mod_spec)
  File "C:\ProgramData\Anaconda3\envs\keras\lib\runpy.py", line 85, in _run_code
    exec(code, run_globals)
  File "C:\ProgramData\Anaconda3\envs\keras\lib\unittest\__main__.py", line 18, in <module>
    main(module=None)
  File "C:\ProgramData\Anaconda3\envs\keras\lib\unittest\main.py", line 94, in __init__
    self.parseArgs(argv)
  File "C:\ProgramData\Anaconda3\envs\keras\lib\unittest\main.py", line 141, in parseArgs
    self.createTests()
  File "C:\ProgramData\Anaconda3\envs\keras\lib\unittest\main.py", line 148, in createTests
    self.module)
  File "C:\ProgramData\Anaconda3\envs\keras\lib\unittest\loader.py", line 219, in loadTestsFromNames
    suites = [self.loadTestsFromName(name, module) for name in names]
  File "C:\ProgramData\Anaconda3\envs\keras\lib\unittest\loader.py", line 219, in <listcomp>
    suites = [self.loadTestsFromName(name, module) for name in names]
  File "C:\ProgramData\Anaconda3\envs\keras\lib\unittest\loader.py", line 153, in loadTestsFromName
    module = __import__(module_name)
  File "C:\Users\mutation\Desktop\theano-testcase\tests\test_ops.py", line 8, in <module>
    from theano.tests import unittest_tools as utt
  File "C:\ProgramData\Anaconda3\envs\keras\lib\site-packages\theano\__init__.py", line 124, in <module>
    from theano.scan_module import (scan, map, reduce, foldl, foldr, clone,
  File "C:\ProgramData\Anaconda3\envs\keras\lib\site-packages\theano\scan_module\__init__.py", line 41, in <module>
    from theano.scan_module import scan_opt
  File "C:\ProgramData\Anaconda3\envs\keras\lib\site-packages\theano\scan_module\scan_opt.py", line 60, in <module>
    from theano import tensor, scalar
  File "C:\ProgramData\Anaconda3\envs\keras\lib\site-packages\theano\tensor\__init__.py", line 17, in <module>
    from theano.tensor import blas
  File "C:\ProgramData\Anaconda3\envs\keras\lib\site-packages\theano\tensor\blas.py", line 155, in <module>
    from theano.tensor.blas_headers import blas_header_text
  File "C:\ProgramData\Anaconda3\envs\keras\lib\site-packages\theano\tensor\blas_headers.py", line 987, in <module>
    if not config.blas.ldflags:
  File "C:\ProgramData\Anaconda3\envs\keras\lib\site-packages\theano\configparser.py", line 332, in __get__
    val_str = self.default()
  File "C:\ProgramData\Anaconda3\envs\keras\lib\site-packages\theano\configdefaults.py", line 1412, in default_blas_ldflags
    res = try_blas_flag(flags)
  File "C:\ProgramData\Anaconda3\envs\keras\lib\site-packages\theano\configdefaults.py", line 1515, in try_blas_flag
    cflags.extend(['-L%s%s%s' % (path_wrapper, d, path_wrapper) for d in theano.gof.cmodule.std_lib_dirs()])
  File "C:\ProgramData\Anaconda3\envs\keras\lib\site-packages\theano\gof\cmodule.py", line 1741, in std_lib_dirs
    return std_lib_dirs_and_libs()[1]
  File "C:\ProgramData\Anaconda3\envs\keras\lib\site-packages\theano\gof\cmodule.py", line 1710, in std_lib_dirs_and_libs
    if libname.startswith("lib"):
AttributeError: 'NoneType' object has no attribute 'startswith'
