..E.
======================================================================
ERROR: test_infer_shape (test_ops.OpDecoratorTests)
----------------------------------------------------------------------
Traceback (most recent call last):
  File "C:\Users\mutation\Desktop\theano-testcase\tests\test_ops.py", line 70, in test_infer_shape
    cumprod_plus.__class__, warn=False)
  File "C:\ProgramData\Anaconda3\envs\keras\lib\site-packages\theano\tests\unittest_tools.py", line 261, in _compile_and_check
    shapes_function = theano.function(inputs, [o.shape for o in outputs],
  File "C:\ProgramData\Anaconda3\envs\keras\lib\site-packages\theano\tests\unittest_tools.py", line 261, in <listcomp>
    shapes_function = theano.function(inputs, [o.shape for o in outputs],
  File "C:\ProgramData\Anaconda3\envs\keras\lib\site-packages\theano\tensor\var.py", line 287, in <lambda>
    shape = property(lambda self: theano.tensor.basic.shape(self))
TypeError: 'NoneType' object is not callable

----------------------------------------------------------------------
Ran 4 tests in 0.734s

FAILED (errors=1)
