..ERROR (theano.gof.opt): SeqOptimizer apply <theano.gof.opt.EquilibriumOptimizer object at 0x000002C0F6258358>
ERROR (theano.gof.opt): Traceback:
ERROR (theano.gof.opt): Traceback (most recent call last):
  File "C:\ProgramData\Anaconda3\envs\keras\lib\site-packages\theano\gof\opt.py", line 251, in apply
    sub_prof = optimizer.optimize(fgraph)
  File "C:\ProgramData\Anaconda3\envs\keras\lib\site-packages\theano\gof\opt.py", line 97, in optimize
    ret = self.apply(fgraph, *args, **kwargs)
  File "C:\ProgramData\Anaconda3\envs\keras\lib\site-packages\theano\gof\opt.py", line 2510, in apply
    self.local_optimizers_map.get(node.op, [])):
  File "C:\ProgramData\Anaconda3\envs\keras\lib\site-packages\theano\gof\utils.py", line 191, in __hash__
    tuple(getattr(self, a) for a in props)))
  File "C:\ProgramData\Anaconda3\envs\keras\lib\site-packages\theano\gof\utils.py", line 191, in <genexpr>
    tuple(getattr(self, a) for a in props)))
AttributeError: 'Shape_i' object has no attribute 'XXiXX'

ERROR (theano.gof.opt): SeqOptimizer apply <theano.gof.opt.EquilibriumOptimizer object at 0x000002C0F62583C8>
ERROR (theano.gof.opt): Traceback:
ERROR (theano.gof.opt): Traceback (most recent call last):
  File "C:\ProgramData\Anaconda3\envs\keras\lib\site-packages\theano\gof\opt.py", line 251, in apply
    sub_prof = optimizer.optimize(fgraph)
  File "C:\ProgramData\Anaconda3\envs\keras\lib\site-packages\theano\gof\opt.py", line 97, in optimize
    ret = self.apply(fgraph, *args, **kwargs)
  File "C:\ProgramData\Anaconda3\envs\keras\lib\site-packages\theano\gof\opt.py", line 2510, in apply
    self.local_optimizers_map.get(node.op, [])):
  File "C:\ProgramData\Anaconda3\envs\keras\lib\site-packages\theano\gof\utils.py", line 191, in __hash__
    tuple(getattr(self, a) for a in props)))
  File "C:\ProgramData\Anaconda3\envs\keras\lib\site-packages\theano\gof\utils.py", line 191, in <genexpr>
    tuple(getattr(self, a) for a in props)))
AttributeError: 'Shape_i' object has no attribute 'XXiXX'

ERROR (theano.gof.opt): SeqOptimizer apply <theano.gof.opt.EquilibriumOptimizer object at 0x000002C0F62584E0>
ERROR (theano.gof.opt): Traceback:
ERROR (theano.gof.opt): Traceback (most recent call last):
  File "C:\ProgramData\Anaconda3\envs\keras\lib\site-packages\theano\gof\opt.py", line 251, in apply
    sub_prof = optimizer.optimize(fgraph)
  File "C:\ProgramData\Anaconda3\envs\keras\lib\site-packages\theano\gof\opt.py", line 97, in optimize
    ret = self.apply(fgraph, *args, **kwargs)
  File "C:\ProgramData\Anaconda3\envs\keras\lib\site-packages\theano\gof\opt.py", line 2510, in apply
    self.local_optimizers_map.get(node.op, [])):
  File "C:\ProgramData\Anaconda3\envs\keras\lib\site-packages\theano\gof\utils.py", line 191, in __hash__
    tuple(getattr(self, a) for a in props)))
  File "C:\ProgramData\Anaconda3\envs\keras\lib\site-packages\theano\gof\utils.py", line 191, in <genexpr>
    tuple(getattr(self, a) for a in props)))
AttributeError: 'Shape_i' object has no attribute 'XXiXX'

ERROR (theano.gof.opt): SeqOptimizer apply <theano.gof.opt.EquilibriumOptimizer object at 0x000002C0F30E8128>
ERROR (theano.gof.opt): Traceback:
ERROR (theano.gof.opt): Traceback (most recent call last):
  File "C:\ProgramData\Anaconda3\envs\keras\lib\site-packages\theano\gof\opt.py", line 251, in apply
    sub_prof = optimizer.optimize(fgraph)
  File "C:\ProgramData\Anaconda3\envs\keras\lib\site-packages\theano\gof\opt.py", line 97, in optimize
    ret = self.apply(fgraph, *args, **kwargs)
  File "C:\ProgramData\Anaconda3\envs\keras\lib\site-packages\theano\gof\opt.py", line 2510, in apply
    self.local_optimizers_map.get(node.op, [])):
  File "C:\ProgramData\Anaconda3\envs\keras\lib\site-packages\theano\gof\utils.py", line 191, in __hash__
    tuple(getattr(self, a) for a in props)))
  File "C:\ProgramData\Anaconda3\envs\keras\lib\site-packages\theano\gof\utils.py", line 191, in <genexpr>
    tuple(getattr(self, a) for a in props)))
AttributeError: 'Shape_i' object has no attribute 'XXiXX'

ERROR (theano.gof.opt): Optimization failure due to: LocalOptGroup(use_c_ger,use_c_gemv)
ERROR (theano.gof.opt): node: Shape_i{0}(y)
ERROR (theano.gof.opt): TRACEBACK:
ERROR (theano.gof.opt): Traceback (most recent call last):
  File "C:\ProgramData\Anaconda3\envs\keras\lib\site-packages\theano\gof\opt.py", line 2034, in process_node
    replacements = lopt.transform(node)
  File "C:\ProgramData\Anaconda3\envs\keras\lib\site-packages\theano\gof\opt.py", line 1377, in transform
    opts = self.track_map[type(node.op)] + self.track_map[node.op] + self.track_map[None]
  File "C:\ProgramData\Anaconda3\envs\keras\lib\site-packages\theano\gof\utils.py", line 191, in __hash__
    tuple(getattr(self, a) for a in props)))
  File "C:\ProgramData\Anaconda3\envs\keras\lib\site-packages\theano\gof\utils.py", line 191, in <genexpr>
    tuple(getattr(self, a) for a in props)))
AttributeError: 'Shape_i' object has no attribute 'XXiXX'

ERROR (theano.gof.opt): SeqOptimizer apply <theano.gof.opt.EquilibriumOptimizer object at 0x000002C0F6258F28>
ERROR (theano.gof.opt): Traceback:
ERROR (theano.gof.opt): Traceback (most recent call last):
  File "C:\ProgramData\Anaconda3\envs\keras\lib\site-packages\theano\gof\opt.py", line 251, in apply
    sub_prof = optimizer.optimize(fgraph)
  File "C:\ProgramData\Anaconda3\envs\keras\lib\site-packages\theano\gof\opt.py", line 97, in optimize
    ret = self.apply(fgraph, *args, **kwargs)
  File "C:\ProgramData\Anaconda3\envs\keras\lib\site-packages\theano\gof\opt.py", line 2510, in apply
    self.local_optimizers_map.get(node.op, [])):
  File "C:\ProgramData\Anaconda3\envs\keras\lib\site-packages\theano\gof\utils.py", line 191, in __hash__
    tuple(getattr(self, a) for a in props)))
  File "C:\ProgramData\Anaconda3\envs\keras\lib\site-packages\theano\gof\utils.py", line 191, in <genexpr>
    tuple(getattr(self, a) for a in props)))
AttributeError: 'Shape_i' object has no attribute 'XXiXX'

ERROR (theano.gof.opt): SeqOptimizer apply <theano.gof.opt.EquilibriumOptimizer object at 0x000002C0F62588D0>
ERROR (theano.gof.opt): Traceback:
ERROR (theano.gof.opt): Traceback (most recent call last):
  File "C:\ProgramData\Anaconda3\envs\keras\lib\site-packages\theano\gof\opt.py", line 251, in apply
    sub_prof = optimizer.optimize(fgraph)
  File "C:\ProgramData\Anaconda3\envs\keras\lib\site-packages\theano\gof\opt.py", line 97, in optimize
    ret = self.apply(fgraph, *args, **kwargs)
  File "C:\ProgramData\Anaconda3\envs\keras\lib\site-packages\theano\gof\opt.py", line 2510, in apply
    self.local_optimizers_map.get(node.op, [])):
  File "C:\ProgramData\Anaconda3\envs\keras\lib\site-packages\theano\gof\utils.py", line 191, in __hash__
    tuple(getattr(self, a) for a in props)))
  File "C:\ProgramData\Anaconda3\envs\keras\lib\site-packages\theano\gof\utils.py", line 191, in <genexpr>
    tuple(getattr(self, a) for a in props)))
AttributeError: 'Shape_i' object has no attribute 'XXiXX'

ERROR (theano.gof.opt): SeqOptimizer apply <theano.gof.opt.EquilibriumOptimizer object at 0x000002C0F5832940>
ERROR (theano.gof.opt): Traceback:
ERROR (theano.gof.opt): Traceback (most recent call last):
  File "C:\ProgramData\Anaconda3\envs\keras\lib\site-packages\theano\gof\opt.py", line 251, in apply
    sub_prof = optimizer.optimize(fgraph)
  File "C:\ProgramData\Anaconda3\envs\keras\lib\site-packages\theano\gof\opt.py", line 97, in optimize
    ret = self.apply(fgraph, *args, **kwargs)
  File "C:\ProgramData\Anaconda3\envs\keras\lib\site-packages\theano\gof\opt.py", line 2510, in apply
    self.local_optimizers_map.get(node.op, [])):
  File "C:\ProgramData\Anaconda3\envs\keras\lib\site-packages\theano\gof\utils.py", line 191, in __hash__
    tuple(getattr(self, a) for a in props)))
  File "C:\ProgramData\Anaconda3\envs\keras\lib\site-packages\theano\gof\utils.py", line 191, in <genexpr>
    tuple(getattr(self, a) for a in props)))
AttributeError: 'Shape_i' object has no attribute 'XXiXX'

ERROR (theano.gof.opt): Optimization failure due to: LocalOptGroup(local_inplace_gemm,local_inplace_gemv,local_inplace_ger)
ERROR (theano.gof.opt): node: Shape_i{0}(y)
ERROR (theano.gof.opt): TRACEBACK:
ERROR (theano.gof.opt): Traceback (most recent call last):
  File "C:\ProgramData\Anaconda3\envs\keras\lib\site-packages\theano\gof\opt.py", line 2034, in process_node
    replacements = lopt.transform(node)
  File "C:\ProgramData\Anaconda3\envs\keras\lib\site-packages\theano\gof\opt.py", line 1377, in transform
    opts = self.track_map[type(node.op)] + self.track_map[node.op] + self.track_map[None]
  File "C:\ProgramData\Anaconda3\envs\keras\lib\site-packages\theano\gof\utils.py", line 191, in __hash__
    tuple(getattr(self, a) for a in props)))
  File "C:\ProgramData\Anaconda3\envs\keras\lib\site-packages\theano\gof\utils.py", line 191, in <genexpr>
    tuple(getattr(self, a) for a in props)))
AttributeError: 'Shape_i' object has no attribute 'XXiXX'

ERROR (theano.gof.opt): Optimization failure due to: LocalOptGroup(make_c_ger_destructive,make_c_gemv_destructive)
ERROR (theano.gof.opt): node: Shape_i{0}(y)
ERROR (theano.gof.opt): TRACEBACK:
ERROR (theano.gof.opt): Traceback (most recent call last):
  File "C:\ProgramData\Anaconda3\envs\keras\lib\site-packages\theano\gof\opt.py", line 2034, in process_node
    replacements = lopt.transform(node)
  File "C:\ProgramData\Anaconda3\envs\keras\lib\site-packages\theano\gof\opt.py", line 1377, in transform
    opts = self.track_map[type(node.op)] + self.track_map[node.op] + self.track_map[None]
  File "C:\ProgramData\Anaconda3\envs\keras\lib\site-packages\theano\gof\utils.py", line 191, in __hash__
    tuple(getattr(self, a) for a in props)))
  File "C:\ProgramData\Anaconda3\envs\keras\lib\site-packages\theano\gof\utils.py", line 191, in <genexpr>
    tuple(getattr(self, a) for a in props)))
AttributeError: 'Shape_i' object has no attribute 'XXiXX'

E.
======================================================================
ERROR: test_infer_shape (test_ops.OpDecoratorTests)
----------------------------------------------------------------------
Traceback (most recent call last):
  File "C:\Users\mutation\Desktop\theano-testcase\tests\test_ops.py", line 70, in test_infer_shape
    cumprod_plus.__class__, warn=False)
  File "C:\ProgramData\Anaconda3\envs\keras\lib\site-packages\theano\tests\unittest_tools.py", line 262, in _compile_and_check
    mode=mode)
  File "C:\ProgramData\Anaconda3\envs\keras\lib\site-packages\theano\compile\function.py", line 317, in function
    output_keys=output_keys)
  File "C:\ProgramData\Anaconda3\envs\keras\lib\site-packages\theano\compile\pfunc.py", line 486, in pfunc
    output_keys=output_keys)
  File "C:\ProgramData\Anaconda3\envs\keras\lib\site-packages\theano\compile\function_module.py", line 1841, in orig_function
    fn = m.create(defaults)
  File "C:\ProgramData\Anaconda3\envs\keras\lib\site-packages\theano\compile\function_module.py", line 1715, in create
    input_storage=input_storage_lists, storage_map=storage_map)
  File "C:\ProgramData\Anaconda3\envs\keras\lib\site-packages\theano\gof\link.py", line 699, in make_thunk
    storage_map=storage_map)[:3]
  File "C:\ProgramData\Anaconda3\envs\keras\lib\site-packages\theano\gof\vm.py", line 1091, in make_all
    impl=impl))
  File "C:\ProgramData\Anaconda3\envs\keras\lib\site-packages\theano\gof\op.py", line 955, in make_thunk
    no_recycling)
  File "C:\ProgramData\Anaconda3\envs\keras\lib\site-packages\theano\gof\op.py", line 858, in make_c_thunk
    output_storage=node_output_storage)
  File "C:\ProgramData\Anaconda3\envs\keras\lib\site-packages\theano\gof\cc.py", line 1217, in make_thunk
    keep_lock=keep_lock)
  File "C:\ProgramData\Anaconda3\envs\keras\lib\site-packages\theano\gof\cc.py", line 1157, in __compile__
    keep_lock=keep_lock)
  File "C:\ProgramData\Anaconda3\envs\keras\lib\site-packages\theano\gof\cc.py", line 1624, in cthunk_factory
    key=key, lnk=self, keep_lock=keep_lock)
  File "C:\ProgramData\Anaconda3\envs\keras\lib\site-packages\theano\gof\cmodule.py", line 1148, in module_from_key
    module = self._get_from_key(key)
  File "C:\ProgramData\Anaconda3\envs\keras\lib\site-packages\theano\gof\cmodule.py", line 1040, in _get_from_key
    if key in self.entry_from_key:
  File "C:\ProgramData\Anaconda3\envs\keras\lib\site-packages\theano\gof\utils.py", line 191, in __hash__
    tuple(getattr(self, a) for a in props)))
  File "C:\ProgramData\Anaconda3\envs\keras\lib\site-packages\theano\gof\utils.py", line 191, in <genexpr>
    tuple(getattr(self, a) for a in props)))
AttributeError: ('The following error happened while compiling the node', Shape_i{0}(y), '\n', "'Shape_i' object has no attribute 'XXiXX'")

----------------------------------------------------------------------
Ran 4 tests in 0.750s

FAILED (errors=1)
