Traceback (most recent call last):
  File "C:\ProgramData\Anaconda3\envs\keras\lib\configparser.py", line 1138, in _unify_values
    sectiondict = self._sections[section]
KeyError: 'blas'

During handling of the above exception, another exception occurred:

Traceback (most recent call last):
  File "C:\ProgramData\Anaconda3\envs\keras\lib\site-packages\theano\configparser.py", line 168, in fetch_val_for_key
    return theano_cfg.get(section, option)
  File "C:\ProgramData\Anaconda3\envs\keras\lib\configparser.py", line 781, in get
    d = self._unify_values(section, vars)
  File "C:\ProgramData\Anaconda3\envs\keras\lib\configparser.py", line 1141, in _unify_values
    raise NoSectionError(section)
configparser.NoSectionError: No section: 'blas'

During handling of the above exception, another exception occurred:

Traceback (most recent call last):
  File "C:\ProgramData\Anaconda3\envs\keras\lib\site-packages\theano\configparser.py", line 328, in __get__
    delete_key=delete_key)
  File "C:\ProgramData\Anaconda3\envs\keras\lib\site-packages\theano\configparser.py", line 172, in fetch_val_for_key
    raise KeyError(key)
KeyError: 'blas.ldflags'

During handling of the above exception, another exception occurred:

Traceback (most recent call last):
  File "test_function_module.py", line 9, in <module>
    from theano import config, gof
  File "C:\ProgramData\Anaconda3\envs\keras\lib\site-packages\theano\__init__.py", line 124, in <module>
    from theano.scan_module import (scan, map, reduce, foldl, foldr, clone,
  File "C:\ProgramData\Anaconda3\envs\keras\lib\site-packages\theano\scan_module\__init__.py", line 41, in <module>
    from theano.scan_module import scan_opt
  File "C:\ProgramData\Anaconda3\envs\keras\lib\site-packages\theano\scan_module\scan_opt.py", line 60, in <module>
    from theano import tensor, scalar
  File "C:\ProgramData\Anaconda3\envs\keras\lib\site-packages\theano\tensor\__init__.py", line 17, in <module>
    from theano.tensor import blas
  File "C:\ProgramData\Anaconda3\envs\keras\lib\site-packages\theano\tensor\blas.py", line 155, in <module>
    from theano.tensor.blas_headers import blas_header_text
  File "C:\ProgramData\Anaconda3\envs\keras\lib\site-packages\theano\tensor\blas_headers.py", line 987, in <module>
    if not config.blas.ldflags:
  File "C:\ProgramData\Anaconda3\envs\keras\lib\site-packages\theano\configparser.py", line 332, in __get__
    val_str = self.default()
  File "C:\ProgramData\Anaconda3\envs\keras\lib\site-packages\theano\configdefaults.py", line 1412, in default_blas_ldflags
    res = try_blas_flag(flags)
  File "C:\ProgramData\Anaconda3\envs\keras\lib\site-packages\theano\configdefaults.py", line 1519, in try_blas_flag
    flags=cflags, try_run=True)
  File "C:\ProgramData\Anaconda3\envs\keras\lib\site-packages\theano\gof\cmodule.py", line 2243, in try_compile_tmp
    comp_args)
  File "C:\ProgramData\Anaconda3\envs\keras\lib\site-packages\theano\gof\cmodule.py", line 1800, in _try_compile_tmp
    flags = list(flags)
TypeError: 'bool' object is not iterable
