ERROR (theano.gof.opt): Optimization failure due to: constant_folding
ERROR (theano.gof.opt): node: InplaceDimShuffle{x,x}(TensorConstant{1.0})
ERROR (theano.gof.opt): TRACEBACK:
ERROR (theano.gof.opt): Traceback (most recent call last):
  File "C:\ProgramData\Anaconda3\envs\keras\lib\site-packages\theano\gof\opt.py", line 2034, in process_node
    replacements = lopt.transform(node)
  File "C:\ProgramData\Anaconda3\envs\keras\lib\site-packages\theano\tensor\opt.py", line 6516, in constant_folding
    no_recycling=[], impl=impl)
  File "C:\ProgramData\Anaconda3\envs\keras\lib\site-packages\theano\gof\op.py", line 955, in make_thunk
    no_recycling)
  File "C:\ProgramData\Anaconda3\envs\keras\lib\site-packages\theano\gof\op.py", line 858, in make_c_thunk
    output_storage=node_output_storage)
  File "C:\ProgramData\Anaconda3\envs\keras\lib\site-packages\theano\gof\cc.py", line 1217, in make_thunk
    keep_lock=keep_lock)
  File "C:\ProgramData\Anaconda3\envs\keras\lib\site-packages\theano\gof\cc.py", line 1157, in __compile__
    keep_lock=keep_lock)
  File "C:\ProgramData\Anaconda3\envs\keras\lib\site-packages\theano\gof\cc.py", line 1624, in cthunk_factory
    key=key, lnk=self, keep_lock=keep_lock)
  File "C:\ProgramData\Anaconda3\envs\keras\lib\site-packages\theano\gof\cmodule.py", line 1189, in module_from_key
    module = lnk.compile_cmodule(location)
  File "C:\ProgramData\Anaconda3\envs\keras\lib\site-packages\theano\gof\cc.py", line 1527, in compile_cmodule
    preargs=preargs)
  File "C:\ProgramData\Anaconda3\envs\keras\lib\site-packages\theano\gof\cmodule.py", line 2420, in compile_str
    return dlimport(lib_filename)
  File "C:\ProgramData\Anaconda3\envs\keras\lib\site-packages\theano\gof\cmodule.py", line 278, in dlimport
    raise ValueError('`fullpath` must be an absolute path', fullpath)
ValueError: ('`fullpath` must be an absolute path', 'C:\\Users\\mutation\\AppData\\Local\\Theano\\compiledir_Windows-10-10.0.18362-SP0-Intel64_Family_6_Model_85_Stepping_4_GenuineIntel-3.6.12-64\\tmpkp91m3hi\\m885ff006a95d626dac547a7bdfdb471bbf058622ece2b4435e42316c4012ea56.pyd', '[InplaceDimShuffle{x,x}(TensorConstant{1.0})]')

ERROR (theano.gof.opt): Optimization failure due to: constant_folding
ERROR (theano.gof.opt): node: InplaceDimShuffle{x,x}(TensorConstant{1.0})
ERROR (theano.gof.opt): TRACEBACK:
ERROR (theano.gof.opt): Traceback (most recent call last):
  File "C:\ProgramData\Anaconda3\envs\keras\lib\site-packages\theano\gof\opt.py", line 2034, in process_node
    replacements = lopt.transform(node)
  File "C:\ProgramData\Anaconda3\envs\keras\lib\site-packages\theano\tensor\opt.py", line 6516, in constant_folding
    no_recycling=[], impl=impl)
  File "C:\ProgramData\Anaconda3\envs\keras\lib\site-packages\theano\gof\op.py", line 955, in make_thunk
    no_recycling)
  File "C:\ProgramData\Anaconda3\envs\keras\lib\site-packages\theano\gof\op.py", line 858, in make_c_thunk
    output_storage=node_output_storage)
  File "C:\ProgramData\Anaconda3\envs\keras\lib\site-packages\theano\gof\cc.py", line 1217, in make_thunk
    keep_lock=keep_lock)
  File "C:\ProgramData\Anaconda3\envs\keras\lib\site-packages\theano\gof\cc.py", line 1157, in __compile__
    keep_lock=keep_lock)
  File "C:\ProgramData\Anaconda3\envs\keras\lib\site-packages\theano\gof\cc.py", line 1624, in cthunk_factory
    key=key, lnk=self, keep_lock=keep_lock)
  File "C:\ProgramData\Anaconda3\envs\keras\lib\site-packages\theano\gof\cmodule.py", line 1189, in module_from_key
    module = lnk.compile_cmodule(location)
  File "C:\ProgramData\Anaconda3\envs\keras\lib\site-packages\theano\gof\cc.py", line 1527, in compile_cmodule
    preargs=preargs)
  File "C:\ProgramData\Anaconda3\envs\keras\lib\site-packages\theano\gof\cmodule.py", line 2420, in compile_str
    return dlimport(lib_filename)
  File "C:\ProgramData\Anaconda3\envs\keras\lib\site-packages\theano\gof\cmodule.py", line 278, in dlimport
    raise ValueError('`fullpath` must be an absolute path', fullpath)
ValueError: ('`fullpath` must be an absolute path', 'C:\\Users\\mutation\\AppData\\Local\\Theano\\compiledir_Windows-10-10.0.18362-SP0-Intel64_Family_6_Model_85_Stepping_4_GenuineIntel-3.6.12-64\\tmpf0_m4qbu\\m885ff006a95d626dac547a7bdfdb471bbf058622ece2b4435e42316c4012ea56.pyd', '[InplaceDimShuffle{x,x}(TensorConstant{1.0})]')

ERROR (theano.gof.opt): Optimization failure due to: constant_folding
ERROR (theano.gof.opt): node: InplaceDimShuffle{x,x}(TensorConstant{1.0})
ERROR (theano.gof.opt): TRACEBACK:
ERROR (theano.gof.opt): Traceback (most recent call last):
  File "C:\ProgramData\Anaconda3\envs\keras\lib\site-packages\theano\gof\opt.py", line 2034, in process_node
    replacements = lopt.transform(node)
  File "C:\ProgramData\Anaconda3\envs\keras\lib\site-packages\theano\tensor\opt.py", line 6516, in constant_folding
    no_recycling=[], impl=impl)
  File "C:\ProgramData\Anaconda3\envs\keras\lib\site-packages\theano\gof\op.py", line 955, in make_thunk
    no_recycling)
  File "C:\ProgramData\Anaconda3\envs\keras\lib\site-packages\theano\gof\op.py", line 858, in make_c_thunk
    output_storage=node_output_storage)
  File "C:\ProgramData\Anaconda3\envs\keras\lib\site-packages\theano\gof\cc.py", line 1217, in make_thunk
    keep_lock=keep_lock)
  File "C:\ProgramData\Anaconda3\envs\keras\lib\site-packages\theano\gof\cc.py", line 1157, in __compile__
    keep_lock=keep_lock)
  File "C:\ProgramData\Anaconda3\envs\keras\lib\site-packages\theano\gof\cc.py", line 1624, in cthunk_factory
    key=key, lnk=self, keep_lock=keep_lock)
  File "C:\ProgramData\Anaconda3\envs\keras\lib\site-packages\theano\gof\cmodule.py", line 1189, in module_from_key
    module = lnk.compile_cmodule(location)
  File "C:\ProgramData\Anaconda3\envs\keras\lib\site-packages\theano\gof\cc.py", line 1527, in compile_cmodule
    preargs=preargs)
  File "C:\ProgramData\Anaconda3\envs\keras\lib\site-packages\theano\gof\cmodule.py", line 2420, in compile_str
    return dlimport(lib_filename)
  File "C:\ProgramData\Anaconda3\envs\keras\lib\site-packages\theano\gof\cmodule.py", line 278, in dlimport
    raise ValueError('`fullpath` must be an absolute path', fullpath)
ValueError: ('`fullpath` must be an absolute path', 'C:\\Users\\mutation\\AppData\\Local\\Theano\\compiledir_Windows-10-10.0.18362-SP0-Intel64_Family_6_Model_85_Stepping_4_GenuineIntel-3.6.12-64\\tmpl46si19f\\m885ff006a95d626dac547a7bdfdb471bbf058622ece2b4435e42316c4012ea56.pyd', '[InplaceDimShuffle{x,x}(TensorConstant{1.0})]')

ERROR (theano.gof.opt): Optimization failure due to: constant_folding
ERROR (theano.gof.opt): node: InplaceDimShuffle{x,x}(TensorConstant{1.0})
ERROR (theano.gof.opt): TRACEBACK:
ERROR (theano.gof.opt): Traceback (most recent call last):
  File "C:\ProgramData\Anaconda3\envs\keras\lib\site-packages\theano\gof\opt.py", line 2034, in process_node
    replacements = lopt.transform(node)
  File "C:\ProgramData\Anaconda3\envs\keras\lib\site-packages\theano\tensor\opt.py", line 6516, in constant_folding
    no_recycling=[], impl=impl)
  File "C:\ProgramData\Anaconda3\envs\keras\lib\site-packages\theano\gof\op.py", line 955, in make_thunk
    no_recycling)
  File "C:\ProgramData\Anaconda3\envs\keras\lib\site-packages\theano\gof\op.py", line 858, in make_c_thunk
    output_storage=node_output_storage)
  File "C:\ProgramData\Anaconda3\envs\keras\lib\site-packages\theano\gof\cc.py", line 1217, in make_thunk
    keep_lock=keep_lock)
  File "C:\ProgramData\Anaconda3\envs\keras\lib\site-packages\theano\gof\cc.py", line 1157, in __compile__
    keep_lock=keep_lock)
  File "C:\ProgramData\Anaconda3\envs\keras\lib\site-packages\theano\gof\cc.py", line 1624, in cthunk_factory
    key=key, lnk=self, keep_lock=keep_lock)
  File "C:\ProgramData\Anaconda3\envs\keras\lib\site-packages\theano\gof\cmodule.py", line 1189, in module_from_key
    module = lnk.compile_cmodule(location)
  File "C:\ProgramData\Anaconda3\envs\keras\lib\site-packages\theano\gof\cc.py", line 1527, in compile_cmodule
    preargs=preargs)
  File "C:\ProgramData\Anaconda3\envs\keras\lib\site-packages\theano\gof\cmodule.py", line 2420, in compile_str
    return dlimport(lib_filename)
  File "C:\ProgramData\Anaconda3\envs\keras\lib\site-packages\theano\gof\cmodule.py", line 278, in dlimport
    raise ValueError('`fullpath` must be an absolute path', fullpath)
ValueError: ('`fullpath` must be an absolute path', 'C:\\Users\\mutation\\AppData\\Local\\Theano\\compiledir_Windows-10-10.0.18362-SP0-Intel64_Family_6_Model_85_Stepping_4_GenuineIntel-3.6.12-64\\tmpd7ihy04k\\m885ff006a95d626dac547a7bdfdb471bbf058622ece2b4435e42316c4012ea56.pyd', '[InplaceDimShuffle{x,x}(TensorConstant{1.0})]')

ERROR (theano.gof.opt): Optimization failure due to: constant_folding
ERROR (theano.gof.opt): node: InplaceDimShuffle{x,x}(TensorConstant{1.0})
ERROR (theano.gof.opt): TRACEBACK:
ERROR (theano.gof.opt): Traceback (most recent call last):
  File "C:\ProgramData\Anaconda3\envs\keras\lib\site-packages\theano\gof\opt.py", line 2034, in process_node
    replacements = lopt.transform(node)
  File "C:\ProgramData\Anaconda3\envs\keras\lib\site-packages\theano\tensor\opt.py", line 6516, in constant_folding
    no_recycling=[], impl=impl)
  File "C:\ProgramData\Anaconda3\envs\keras\lib\site-packages\theano\gof\op.py", line 955, in make_thunk
    no_recycling)
  File "C:\ProgramData\Anaconda3\envs\keras\lib\site-packages\theano\gof\op.py", line 858, in make_c_thunk
    output_storage=node_output_storage)
  File "C:\ProgramData\Anaconda3\envs\keras\lib\site-packages\theano\gof\cc.py", line 1217, in make_thunk
    keep_lock=keep_lock)
  File "C:\ProgramData\Anaconda3\envs\keras\lib\site-packages\theano\gof\cc.py", line 1157, in __compile__
    keep_lock=keep_lock)
  File "C:\ProgramData\Anaconda3\envs\keras\lib\site-packages\theano\gof\cc.py", line 1624, in cthunk_factory
    key=key, lnk=self, keep_lock=keep_lock)
  File "C:\ProgramData\Anaconda3\envs\keras\lib\site-packages\theano\gof\cmodule.py", line 1189, in module_from_key
    module = lnk.compile_cmodule(location)
  File "C:\ProgramData\Anaconda3\envs\keras\lib\site-packages\theano\gof\cc.py", line 1527, in compile_cmodule
    preargs=preargs)
  File "C:\ProgramData\Anaconda3\envs\keras\lib\site-packages\theano\gof\cmodule.py", line 2420, in compile_str
    return dlimport(lib_filename)
  File "C:\ProgramData\Anaconda3\envs\keras\lib\site-packages\theano\gof\cmodule.py", line 278, in dlimport
    raise ValueError('`fullpath` must be an absolute path', fullpath)
ValueError: ('`fullpath` must be an absolute path', 'C:\\Users\\mutation\\AppData\\Local\\Theano\\compiledir_Windows-10-10.0.18362-SP0-Intel64_Family_6_Model_85_Stepping_4_GenuineIntel-3.6.12-64\\tmpaadbzb4_\\m885ff006a95d626dac547a7bdfdb471bbf058622ece2b4435e42316c4012ea56.pyd', '[InplaceDimShuffle{x,x}(TensorConstant{1.0})]')

ERROR (theano.gof.opt): Optimization failure due to: constant_folding
ERROR (theano.gof.opt): node: InplaceDimShuffle{x,x}(TensorConstant{1.0})
ERROR (theano.gof.opt): TRACEBACK:
ERROR (theano.gof.opt): Traceback (most recent call last):
  File "C:\ProgramData\Anaconda3\envs\keras\lib\site-packages\theano\gof\opt.py", line 2034, in process_node
    replacements = lopt.transform(node)
  File "C:\ProgramData\Anaconda3\envs\keras\lib\site-packages\theano\tensor\opt.py", line 6516, in constant_folding
    no_recycling=[], impl=impl)
  File "C:\ProgramData\Anaconda3\envs\keras\lib\site-packages\theano\gof\op.py", line 955, in make_thunk
    no_recycling)
  File "C:\ProgramData\Anaconda3\envs\keras\lib\site-packages\theano\gof\op.py", line 858, in make_c_thunk
    output_storage=node_output_storage)
  File "C:\ProgramData\Anaconda3\envs\keras\lib\site-packages\theano\gof\cc.py", line 1217, in make_thunk
    keep_lock=keep_lock)
  File "C:\ProgramData\Anaconda3\envs\keras\lib\site-packages\theano\gof\cc.py", line 1157, in __compile__
    keep_lock=keep_lock)
  File "C:\ProgramData\Anaconda3\envs\keras\lib\site-packages\theano\gof\cc.py", line 1624, in cthunk_factory
    key=key, lnk=self, keep_lock=keep_lock)
  File "C:\ProgramData\Anaconda3\envs\keras\lib\site-packages\theano\gof\cmodule.py", line 1189, in module_from_key
    module = lnk.compile_cmodule(location)
  File "C:\ProgramData\Anaconda3\envs\keras\lib\site-packages\theano\gof\cc.py", line 1527, in compile_cmodule
    preargs=preargs)
  File "C:\ProgramData\Anaconda3\envs\keras\lib\site-packages\theano\gof\cmodule.py", line 2420, in compile_str
    return dlimport(lib_filename)
  File "C:\ProgramData\Anaconda3\envs\keras\lib\site-packages\theano\gof\cmodule.py", line 278, in dlimport
    raise ValueError('`fullpath` must be an absolute path', fullpath)
ValueError: ('`fullpath` must be an absolute path', 'C:\\Users\\mutation\\AppData\\Local\\Theano\\compiledir_Windows-10-10.0.18362-SP0-Intel64_Family_6_Model_85_Stepping_4_GenuineIntel-3.6.12-64\\tmpi20ij5bn\\m885ff006a95d626dac547a7bdfdb471bbf058622ece2b4435e42316c4012ea56.pyd', '[InplaceDimShuffle{x,x}(TensorConstant{1.0})]')

EEERROR (theano.gof.opt): Optimization failure due to: constant_folding
ERROR (theano.gof.opt): node: InplaceDimShuffle{x,x}(TensorConstant{1.0})
ERROR (theano.gof.opt): TRACEBACK:
ERROR (theano.gof.opt): Traceback (most recent call last):
  File "C:\ProgramData\Anaconda3\envs\keras\lib\site-packages\theano\gof\opt.py", line 2034, in process_node
    replacements = lopt.transform(node)
  File "C:\ProgramData\Anaconda3\envs\keras\lib\site-packages\theano\tensor\opt.py", line 6516, in constant_folding
    no_recycling=[], impl=impl)
  File "C:\ProgramData\Anaconda3\envs\keras\lib\site-packages\theano\gof\op.py", line 955, in make_thunk
    no_recycling)
  File "C:\ProgramData\Anaconda3\envs\keras\lib\site-packages\theano\gof\op.py", line 858, in make_c_thunk
    output_storage=node_output_storage)
  File "C:\ProgramData\Anaconda3\envs\keras\lib\site-packages\theano\gof\cc.py", line 1217, in make_thunk
    keep_lock=keep_lock)
  File "C:\ProgramData\Anaconda3\envs\keras\lib\site-packages\theano\gof\cc.py", line 1157, in __compile__
    keep_lock=keep_lock)
  File "C:\ProgramData\Anaconda3\envs\keras\lib\site-packages\theano\gof\cc.py", line 1624, in cthunk_factory
    key=key, lnk=self, keep_lock=keep_lock)
  File "C:\ProgramData\Anaconda3\envs\keras\lib\site-packages\theano\gof\cmodule.py", line 1189, in module_from_key
    module = lnk.compile_cmodule(location)
  File "C:\ProgramData\Anaconda3\envs\keras\lib\site-packages\theano\gof\cc.py", line 1527, in compile_cmodule
    preargs=preargs)
  File "C:\ProgramData\Anaconda3\envs\keras\lib\site-packages\theano\gof\cmodule.py", line 2420, in compile_str
    return dlimport(lib_filename)
  File "C:\ProgramData\Anaconda3\envs\keras\lib\site-packages\theano\gof\cmodule.py", line 278, in dlimport
    raise ValueError('`fullpath` must be an absolute path', fullpath)
ValueError: ('`fullpath` must be an absolute path', 'C:\\Users\\mutation\\AppData\\Local\\Theano\\compiledir_Windows-10-10.0.18362-SP0-Intel64_Family_6_Model_85_Stepping_4_GenuineIntel-3.6.12-64\\tmpl2doyfr9\\m885ff006a95d626dac547a7bdfdb471bbf058622ece2b4435e42316c4012ea56.pyd', '[InplaceDimShuffle{x,x}(TensorConstant{1.0})]')

ERROR (theano.gof.opt): Optimization failure due to: constant_folding
ERROR (theano.gof.opt): node: InplaceDimShuffle{x,x}(TensorConstant{1.0})
ERROR (theano.gof.opt): TRACEBACK:
ERROR (theano.gof.opt): Traceback (most recent call last):
  File "C:\ProgramData\Anaconda3\envs\keras\lib\site-packages\theano\gof\opt.py", line 2034, in process_node
    replacements = lopt.transform(node)
  File "C:\ProgramData\Anaconda3\envs\keras\lib\site-packages\theano\tensor\opt.py", line 6516, in constant_folding
    no_recycling=[], impl=impl)
  File "C:\ProgramData\Anaconda3\envs\keras\lib\site-packages\theano\gof\op.py", line 955, in make_thunk
    no_recycling)
  File "C:\ProgramData\Anaconda3\envs\keras\lib\site-packages\theano\gof\op.py", line 858, in make_c_thunk
    output_storage=node_output_storage)
  File "C:\ProgramData\Anaconda3\envs\keras\lib\site-packages\theano\gof\cc.py", line 1217, in make_thunk
    keep_lock=keep_lock)
  File "C:\ProgramData\Anaconda3\envs\keras\lib\site-packages\theano\gof\cc.py", line 1157, in __compile__
    keep_lock=keep_lock)
  File "C:\ProgramData\Anaconda3\envs\keras\lib\site-packages\theano\gof\cc.py", line 1624, in cthunk_factory
    key=key, lnk=self, keep_lock=keep_lock)
  File "C:\ProgramData\Anaconda3\envs\keras\lib\site-packages\theano\gof\cmodule.py", line 1189, in module_from_key
    module = lnk.compile_cmodule(location)
  File "C:\ProgramData\Anaconda3\envs\keras\lib\site-packages\theano\gof\cc.py", line 1527, in compile_cmodule
    preargs=preargs)
  File "C:\ProgramData\Anaconda3\envs\keras\lib\site-packages\theano\gof\cmodule.py", line 2420, in compile_str
    return dlimport(lib_filename)
  File "C:\ProgramData\Anaconda3\envs\keras\lib\site-packages\theano\gof\cmodule.py", line 278, in dlimport
    raise ValueError('`fullpath` must be an absolute path', fullpath)
ValueError: ('`fullpath` must be an absolute path', 'C:\\Users\\mutation\\AppData\\Local\\Theano\\compiledir_Windows-10-10.0.18362-SP0-Intel64_Family_6_Model_85_Stepping_4_GenuineIntel-3.6.12-64\\tmpz7gxp1gt\\m885ff006a95d626dac547a7bdfdb471bbf058622ece2b4435e42316c4012ea56.pyd', '[InplaceDimShuffle{x,x}(TensorConstant{1.0})]')

ERROR (theano.gof.opt): Optimization failure due to: constant_folding
ERROR (theano.gof.opt): node: InplaceDimShuffle{x,x}(TensorConstant{1.0})
ERROR (theano.gof.opt): TRACEBACK:
ERROR (theano.gof.opt): Traceback (most recent call last):
  File "C:\ProgramData\Anaconda3\envs\keras\lib\site-packages\theano\gof\opt.py", line 2034, in process_node
    replacements = lopt.transform(node)
  File "C:\ProgramData\Anaconda3\envs\keras\lib\site-packages\theano\tensor\opt.py", line 6516, in constant_folding
    no_recycling=[], impl=impl)
  File "C:\ProgramData\Anaconda3\envs\keras\lib\site-packages\theano\gof\op.py", line 955, in make_thunk
    no_recycling)
  File "C:\ProgramData\Anaconda3\envs\keras\lib\site-packages\theano\gof\op.py", line 858, in make_c_thunk
    output_storage=node_output_storage)
  File "C:\ProgramData\Anaconda3\envs\keras\lib\site-packages\theano\gof\cc.py", line 1217, in make_thunk
    keep_lock=keep_lock)
  File "C:\ProgramData\Anaconda3\envs\keras\lib\site-packages\theano\gof\cc.py", line 1157, in __compile__
    keep_lock=keep_lock)
  File "C:\ProgramData\Anaconda3\envs\keras\lib\site-packages\theano\gof\cc.py", line 1624, in cthunk_factory
    key=key, lnk=self, keep_lock=keep_lock)
  File "C:\ProgramData\Anaconda3\envs\keras\lib\site-packages\theano\gof\cmodule.py", line 1189, in module_from_key
    module = lnk.compile_cmodule(location)
  File "C:\ProgramData\Anaconda3\envs\keras\lib\site-packages\theano\gof\cc.py", line 1527, in compile_cmodule
    preargs=preargs)
  File "C:\ProgramData\Anaconda3\envs\keras\lib\site-packages\theano\gof\cmodule.py", line 2420, in compile_str
    return dlimport(lib_filename)
  File "C:\ProgramData\Anaconda3\envs\keras\lib\site-packages\theano\gof\cmodule.py", line 278, in dlimport
    raise ValueError('`fullpath` must be an absolute path', fullpath)
ValueError: ('`fullpath` must be an absolute path', 'C:\\Users\\mutation\\AppData\\Local\\Theano\\compiledir_Windows-10-10.0.18362-SP0-Intel64_Family_6_Model_85_Stepping_4_GenuineIntel-3.6.12-64\\tmpqdhqb4z6\\m885ff006a95d626dac547a7bdfdb471bbf058622ece2b4435e42316c4012ea56.pyd', '[InplaceDimShuffle{x,x}(TensorConstant{1.0})]')

ERROR (theano.gof.opt): Optimization failure due to: constant_folding
ERROR (theano.gof.opt): node: InplaceDimShuffle{x,x}(TensorConstant{1.0})
ERROR (theano.gof.opt): TRACEBACK:
ERROR (theano.gof.opt): Traceback (most recent call last):
  File "C:\ProgramData\Anaconda3\envs\keras\lib\site-packages\theano\gof\opt.py", line 2034, in process_node
    replacements = lopt.transform(node)
  File "C:\ProgramData\Anaconda3\envs\keras\lib\site-packages\theano\tensor\opt.py", line 6516, in constant_folding
    no_recycling=[], impl=impl)
  File "C:\ProgramData\Anaconda3\envs\keras\lib\site-packages\theano\gof\op.py", line 955, in make_thunk
    no_recycling)
  File "C:\ProgramData\Anaconda3\envs\keras\lib\site-packages\theano\gof\op.py", line 858, in make_c_thunk
    output_storage=node_output_storage)
  File "C:\ProgramData\Anaconda3\envs\keras\lib\site-packages\theano\gof\cc.py", line 1217, in make_thunk
    keep_lock=keep_lock)
  File "C:\ProgramData\Anaconda3\envs\keras\lib\site-packages\theano\gof\cc.py", line 1157, in __compile__
    keep_lock=keep_lock)
  File "C:\ProgramData\Anaconda3\envs\keras\lib\site-packages\theano\gof\cc.py", line 1624, in cthunk_factory
    key=key, lnk=self, keep_lock=keep_lock)
  File "C:\ProgramData\Anaconda3\envs\keras\lib\site-packages\theano\gof\cmodule.py", line 1189, in module_from_key
    module = lnk.compile_cmodule(location)
  File "C:\ProgramData\Anaconda3\envs\keras\lib\site-packages\theano\gof\cc.py", line 1527, in compile_cmodule
    preargs=preargs)
  File "C:\ProgramData\Anaconda3\envs\keras\lib\site-packages\theano\gof\cmodule.py", line 2420, in compile_str
    return dlimport(lib_filename)
  File "C:\ProgramData\Anaconda3\envs\keras\lib\site-packages\theano\gof\cmodule.py", line 278, in dlimport
    raise ValueError('`fullpath` must be an absolute path', fullpath)
ValueError: ('`fullpath` must be an absolute path', 'C:\\Users\\mutation\\AppData\\Local\\Theano\\compiledir_Windows-10-10.0.18362-SP0-Intel64_Family_6_Model_85_Stepping_4_GenuineIntel-3.6.12-64\\tmpokon9y6x\\m885ff006a95d626dac547a7bdfdb471bbf058622ece2b4435e42316c4012ea56.pyd', '[InplaceDimShuffle{x,x}(TensorConstant{1.0})]')

ERROR (theano.gof.opt): Optimization failure due to: constant_folding
ERROR (theano.gof.opt): node: InplaceDimShuffle{x,x}(TensorConstant{1.0})
ERROR (theano.gof.opt): TRACEBACK:
ERROR (theano.gof.opt): Traceback (most recent call last):
  File "C:\ProgramData\Anaconda3\envs\keras\lib\site-packages\theano\gof\opt.py", line 2034, in process_node
    replacements = lopt.transform(node)
  File "C:\ProgramData\Anaconda3\envs\keras\lib\site-packages\theano\tensor\opt.py", line 6516, in constant_folding
    no_recycling=[], impl=impl)
  File "C:\ProgramData\Anaconda3\envs\keras\lib\site-packages\theano\gof\op.py", line 955, in make_thunk
    no_recycling)
  File "C:\ProgramData\Anaconda3\envs\keras\lib\site-packages\theano\gof\op.py", line 858, in make_c_thunk
    output_storage=node_output_storage)
  File "C:\ProgramData\Anaconda3\envs\keras\lib\site-packages\theano\gof\cc.py", line 1217, in make_thunk
    keep_lock=keep_lock)
  File "C:\ProgramData\Anaconda3\envs\keras\lib\site-packages\theano\gof\cc.py", line 1157, in __compile__
    keep_lock=keep_lock)
  File "C:\ProgramData\Anaconda3\envs\keras\lib\site-packages\theano\gof\cc.py", line 1624, in cthunk_factory
    key=key, lnk=self, keep_lock=keep_lock)
  File "C:\ProgramData\Anaconda3\envs\keras\lib\site-packages\theano\gof\cmodule.py", line 1189, in module_from_key
    module = lnk.compile_cmodule(location)
  File "C:\ProgramData\Anaconda3\envs\keras\lib\site-packages\theano\gof\cc.py", line 1527, in compile_cmodule
    preargs=preargs)
  File "C:\ProgramData\Anaconda3\envs\keras\lib\site-packages\theano\gof\cmodule.py", line 2420, in compile_str
    return dlimport(lib_filename)
  File "C:\ProgramData\Anaconda3\envs\keras\lib\site-packages\theano\gof\cmodule.py", line 278, in dlimport
    raise ValueError('`fullpath` must be an absolute path', fullpath)
ValueError: ('`fullpath` must be an absolute path', 'C:\\Users\\mutation\\AppData\\Local\\Theano\\compiledir_Windows-10-10.0.18362-SP0-Intel64_Family_6_Model_85_Stepping_4_GenuineIntel-3.6.12-64\\tmpmcz10zkp\\m885ff006a95d626dac547a7bdfdb471bbf058622ece2b4435e42316c4012ea56.pyd', '[InplaceDimShuffle{x,x}(TensorConstant{1.0})]')

ERROR (theano.gof.opt): Optimization failure due to: constant_folding
ERROR (theano.gof.opt): node: InplaceDimShuffle{x,x}(TensorConstant{1.0})
ERROR (theano.gof.opt): TRACEBACK:
ERROR (theano.gof.opt): Traceback (most recent call last):
  File "C:\ProgramData\Anaconda3\envs\keras\lib\site-packages\theano\gof\opt.py", line 2034, in process_node
    replacements = lopt.transform(node)
  File "C:\ProgramData\Anaconda3\envs\keras\lib\site-packages\theano\tensor\opt.py", line 6516, in constant_folding
    no_recycling=[], impl=impl)
  File "C:\ProgramData\Anaconda3\envs\keras\lib\site-packages\theano\gof\op.py", line 955, in make_thunk
    no_recycling)
  File "C:\ProgramData\Anaconda3\envs\keras\lib\site-packages\theano\gof\op.py", line 858, in make_c_thunk
    output_storage=node_output_storage)
  File "C:\ProgramData\Anaconda3\envs\keras\lib\site-packages\theano\gof\cc.py", line 1217, in make_thunk
    keep_lock=keep_lock)
  File "C:\ProgramData\Anaconda3\envs\keras\lib\site-packages\theano\gof\cc.py", line 1157, in __compile__
    keep_lock=keep_lock)
  File "C:\ProgramData\Anaconda3\envs\keras\lib\site-packages\theano\gof\cc.py", line 1624, in cthunk_factory
    key=key, lnk=self, keep_lock=keep_lock)
  File "C:\ProgramData\Anaconda3\envs\keras\lib\site-packages\theano\gof\cmodule.py", line 1189, in module_from_key
    module = lnk.compile_cmodule(location)
  File "C:\ProgramData\Anaconda3\envs\keras\lib\site-packages\theano\gof\cc.py", line 1527, in compile_cmodule
    preargs=preargs)
  File "C:\ProgramData\Anaconda3\envs\keras\lib\site-packages\theano\gof\cmodule.py", line 2420, in compile_str
    return dlimport(lib_filename)
  File "C:\ProgramData\Anaconda3\envs\keras\lib\site-packages\theano\gof\cmodule.py", line 278, in dlimport
    raise ValueError('`fullpath` must be an absolute path', fullpath)
ValueError: ('`fullpath` must be an absolute path', 'C:\\Users\\mutation\\AppData\\Local\\Theano\\compiledir_Windows-10-10.0.18362-SP0-Intel64_Family_6_Model_85_Stepping_4_GenuineIntel-3.6.12-64\\tmp1pnh7xbc\\m885ff006a95d626dac547a7bdfdb471bbf058622ece2b4435e42316c4012ea56.pyd', '[InplaceDimShuffle{x,x}(TensorConstant{1.0})]')

EEEEEEERROR (theano.gof.opt): Optimization failure due to: constant_folding
ERROR (theano.gof.opt): node: InplaceDimShuffle{x}(TensorConstant{2.0})
ERROR (theano.gof.opt): TRACEBACK:
ERROR (theano.gof.opt): Traceback (most recent call last):
  File "C:\ProgramData\Anaconda3\envs\keras\lib\site-packages\theano\gof\opt.py", line 2034, in process_node
    replacements = lopt.transform(node)
  File "C:\ProgramData\Anaconda3\envs\keras\lib\site-packages\theano\tensor\opt.py", line 6516, in constant_folding
    no_recycling=[], impl=impl)
  File "C:\ProgramData\Anaconda3\envs\keras\lib\site-packages\theano\gof\op.py", line 955, in make_thunk
    no_recycling)
  File "C:\ProgramData\Anaconda3\envs\keras\lib\site-packages\theano\gof\op.py", line 858, in make_c_thunk
    output_storage=node_output_storage)
  File "C:\ProgramData\Anaconda3\envs\keras\lib\site-packages\theano\gof\cc.py", line 1217, in make_thunk
    keep_lock=keep_lock)
  File "C:\ProgramData\Anaconda3\envs\keras\lib\site-packages\theano\gof\cc.py", line 1157, in __compile__
    keep_lock=keep_lock)
  File "C:\ProgramData\Anaconda3\envs\keras\lib\site-packages\theano\gof\cc.py", line 1624, in cthunk_factory
    key=key, lnk=self, keep_lock=keep_lock)
  File "C:\ProgramData\Anaconda3\envs\keras\lib\site-packages\theano\gof\cmodule.py", line 1189, in module_from_key
    module = lnk.compile_cmodule(location)
  File "C:\ProgramData\Anaconda3\envs\keras\lib\site-packages\theano\gof\cc.py", line 1527, in compile_cmodule
    preargs=preargs)
  File "C:\ProgramData\Anaconda3\envs\keras\lib\site-packages\theano\gof\cmodule.py", line 2420, in compile_str
    return dlimport(lib_filename)
  File "C:\ProgramData\Anaconda3\envs\keras\lib\site-packages\theano\gof\cmodule.py", line 278, in dlimport
    raise ValueError('`fullpath` must be an absolute path', fullpath)
ValueError: ('`fullpath` must be an absolute path', 'C:\\Users\\mutation\\AppData\\Local\\Theano\\compiledir_Windows-10-10.0.18362-SP0-Intel64_Family_6_Model_85_Stepping_4_GenuineIntel-3.6.12-64\\tmprp0t10jh\\m885ff006a95d626dac547a7bdfdb471bbf058622ece2b4435e42316c4012ea56.pyd', '[InplaceDimShuffle{x}(TensorConstant{2.0})]')

ERROR (theano.gof.opt): Optimization failure due to: constant_folding
ERROR (theano.gof.opt): node: InplaceDimShuffle{x}(TensorConstant{2.0})
ERROR (theano.gof.opt): TRACEBACK:
ERROR (theano.gof.opt): Traceback (most recent call last):
  File "C:\ProgramData\Anaconda3\envs\keras\lib\site-packages\theano\gof\opt.py", line 2034, in process_node
    replacements = lopt.transform(node)
  File "C:\ProgramData\Anaconda3\envs\keras\lib\site-packages\theano\tensor\opt.py", line 6516, in constant_folding
    no_recycling=[], impl=impl)
  File "C:\ProgramData\Anaconda3\envs\keras\lib\site-packages\theano\gof\op.py", line 955, in make_thunk
    no_recycling)
  File "C:\ProgramData\Anaconda3\envs\keras\lib\site-packages\theano\gof\op.py", line 858, in make_c_thunk
    output_storage=node_output_storage)
  File "C:\ProgramData\Anaconda3\envs\keras\lib\site-packages\theano\gof\cc.py", line 1217, in make_thunk
    keep_lock=keep_lock)
  File "C:\ProgramData\Anaconda3\envs\keras\lib\site-packages\theano\gof\cc.py", line 1157, in __compile__
    keep_lock=keep_lock)
  File "C:\ProgramData\Anaconda3\envs\keras\lib\site-packages\theano\gof\cc.py", line 1624, in cthunk_factory
    key=key, lnk=self, keep_lock=keep_lock)
  File "C:\ProgramData\Anaconda3\envs\keras\lib\site-packages\theano\gof\cmodule.py", line 1189, in module_from_key
    module = lnk.compile_cmodule(location)
  File "C:\ProgramData\Anaconda3\envs\keras\lib\site-packages\theano\gof\cc.py", line 1527, in compile_cmodule
    preargs=preargs)
  File "C:\ProgramData\Anaconda3\envs\keras\lib\site-packages\theano\gof\cmodule.py", line 2420, in compile_str
    return dlimport(lib_filename)
  File "C:\ProgramData\Anaconda3\envs\keras\lib\site-packages\theano\gof\cmodule.py", line 278, in dlimport
    raise ValueError('`fullpath` must be an absolute path', fullpath)
ValueError: ('`fullpath` must be an absolute path', 'C:\\Users\\mutation\\AppData\\Local\\Theano\\compiledir_Windows-10-10.0.18362-SP0-Intel64_Family_6_Model_85_Stepping_4_GenuineIntel-3.6.12-64\\tmpcxqom11p\\m885ff006a95d626dac547a7bdfdb471bbf058622ece2b4435e42316c4012ea56.pyd', '[InplaceDimShuffle{x}(TensorConstant{2.0})]')

ERROR (theano.gof.opt): Optimization failure due to: constant_folding
ERROR (theano.gof.opt): node: InplaceDimShuffle{x}(TensorConstant{2.0})
ERROR (theano.gof.opt): TRACEBACK:
ERROR (theano.gof.opt): Traceback (most recent call last):
  File "C:\ProgramData\Anaconda3\envs\keras\lib\site-packages\theano\gof\opt.py", line 2034, in process_node
    replacements = lopt.transform(node)
  File "C:\ProgramData\Anaconda3\envs\keras\lib\site-packages\theano\tensor\opt.py", line 6516, in constant_folding
    no_recycling=[], impl=impl)
  File "C:\ProgramData\Anaconda3\envs\keras\lib\site-packages\theano\gof\op.py", line 955, in make_thunk
    no_recycling)
  File "C:\ProgramData\Anaconda3\envs\keras\lib\site-packages\theano\gof\op.py", line 858, in make_c_thunk
    output_storage=node_output_storage)
  File "C:\ProgramData\Anaconda3\envs\keras\lib\site-packages\theano\gof\cc.py", line 1217, in make_thunk
    keep_lock=keep_lock)
  File "C:\ProgramData\Anaconda3\envs\keras\lib\site-packages\theano\gof\cc.py", line 1157, in __compile__
    keep_lock=keep_lock)
  File "C:\ProgramData\Anaconda3\envs\keras\lib\site-packages\theano\gof\cc.py", line 1624, in cthunk_factory
    key=key, lnk=self, keep_lock=keep_lock)
  File "C:\ProgramData\Anaconda3\envs\keras\lib\site-packages\theano\gof\cmodule.py", line 1189, in module_from_key
    module = lnk.compile_cmodule(location)
  File "C:\ProgramData\Anaconda3\envs\keras\lib\site-packages\theano\gof\cc.py", line 1527, in compile_cmodule
    preargs=preargs)
  File "C:\ProgramData\Anaconda3\envs\keras\lib\site-packages\theano\gof\cmodule.py", line 2420, in compile_str
    return dlimport(lib_filename)
  File "C:\ProgramData\Anaconda3\envs\keras\lib\site-packages\theano\gof\cmodule.py", line 278, in dlimport
    raise ValueError('`fullpath` must be an absolute path', fullpath)
ValueError: ('`fullpath` must be an absolute path', 'C:\\Users\\mutation\\AppData\\Local\\Theano\\compiledir_Windows-10-10.0.18362-SP0-Intel64_Family_6_Model_85_Stepping_4_GenuineIntel-3.6.12-64\\tmpwa3aples\\m885ff006a95d626dac547a7bdfdb471bbf058622ece2b4435e42316c4012ea56.pyd', '[InplaceDimShuffle{x}(TensorConstant{2.0})]')

ERROR (theano.gof.opt): Optimization failure due to: constant_folding
ERROR (theano.gof.opt): node: InplaceDimShuffle{x}(TensorConstant{2.0})
ERROR (theano.gof.opt): TRACEBACK:
ERROR (theano.gof.opt): Traceback (most recent call last):
  File "C:\ProgramData\Anaconda3\envs\keras\lib\site-packages\theano\gof\opt.py", line 2034, in process_node
    replacements = lopt.transform(node)
  File "C:\ProgramData\Anaconda3\envs\keras\lib\site-packages\theano\tensor\opt.py", line 6516, in constant_folding
    no_recycling=[], impl=impl)
  File "C:\ProgramData\Anaconda3\envs\keras\lib\site-packages\theano\gof\op.py", line 955, in make_thunk
    no_recycling)
  File "C:\ProgramData\Anaconda3\envs\keras\lib\site-packages\theano\gof\op.py", line 858, in make_c_thunk
    output_storage=node_output_storage)
  File "C:\ProgramData\Anaconda3\envs\keras\lib\site-packages\theano\gof\cc.py", line 1217, in make_thunk
    keep_lock=keep_lock)
  File "C:\ProgramData\Anaconda3\envs\keras\lib\site-packages\theano\gof\cc.py", line 1157, in __compile__
    keep_lock=keep_lock)
  File "C:\ProgramData\Anaconda3\envs\keras\lib\site-packages\theano\gof\cc.py", line 1624, in cthunk_factory
    key=key, lnk=self, keep_lock=keep_lock)
  File "C:\ProgramData\Anaconda3\envs\keras\lib\site-packages\theano\gof\cmodule.py", line 1189, in module_from_key
    module = lnk.compile_cmodule(location)
  File "C:\ProgramData\Anaconda3\envs\keras\lib\site-packages\theano\gof\cc.py", line 1527, in compile_cmodule
    preargs=preargs)
  File "C:\ProgramData\Anaconda3\envs\keras\lib\site-packages\theano\gof\cmodule.py", line 2420, in compile_str
    return dlimport(lib_filename)
  File "C:\ProgramData\Anaconda3\envs\keras\lib\site-packages\theano\gof\cmodule.py", line 278, in dlimport
    raise ValueError('`fullpath` must be an absolute path', fullpath)
ValueError: ('`fullpath` must be an absolute path', 'C:\\Users\\mutation\\AppData\\Local\\Theano\\compiledir_Windows-10-10.0.18362-SP0-Intel64_Family_6_Model_85_Stepping_4_GenuineIntel-3.6.12-64\\tmpxdrnb5qi\\m885ff006a95d626dac547a7bdfdb471bbf058622ece2b4435e42316c4012ea56.pyd', '[InplaceDimShuffle{x}(TensorConstant{2.0})]')

ERROR (theano.gof.opt): Optimization failure due to: constant_folding
ERROR (theano.gof.opt): node: InplaceDimShuffle{x}(TensorConstant{2.0})
ERROR (theano.gof.opt): TRACEBACK:
ERROR (theano.gof.opt): Traceback (most recent call last):
  File "C:\ProgramData\Anaconda3\envs\keras\lib\site-packages\theano\gof\opt.py", line 2034, in process_node
    replacements = lopt.transform(node)
  File "C:\ProgramData\Anaconda3\envs\keras\lib\site-packages\theano\tensor\opt.py", line 6516, in constant_folding
    no_recycling=[], impl=impl)
  File "C:\ProgramData\Anaconda3\envs\keras\lib\site-packages\theano\gof\op.py", line 955, in make_thunk
    no_recycling)
  File "C:\ProgramData\Anaconda3\envs\keras\lib\site-packages\theano\gof\op.py", line 858, in make_c_thunk
    output_storage=node_output_storage)
  File "C:\ProgramData\Anaconda3\envs\keras\lib\site-packages\theano\gof\cc.py", line 1217, in make_thunk
    keep_lock=keep_lock)
  File "C:\ProgramData\Anaconda3\envs\keras\lib\site-packages\theano\gof\cc.py", line 1157, in __compile__
    keep_lock=keep_lock)
  File "C:\ProgramData\Anaconda3\envs\keras\lib\site-packages\theano\gof\cc.py", line 1624, in cthunk_factory
    key=key, lnk=self, keep_lock=keep_lock)
  File "C:\ProgramData\Anaconda3\envs\keras\lib\site-packages\theano\gof\cmodule.py", line 1189, in module_from_key
    module = lnk.compile_cmodule(location)
  File "C:\ProgramData\Anaconda3\envs\keras\lib\site-packages\theano\gof\cc.py", line 1527, in compile_cmodule
    preargs=preargs)
  File "C:\ProgramData\Anaconda3\envs\keras\lib\site-packages\theano\gof\cmodule.py", line 2420, in compile_str
    return dlimport(lib_filename)
  File "C:\ProgramData\Anaconda3\envs\keras\lib\site-packages\theano\gof\cmodule.py", line 278, in dlimport
    raise ValueError('`fullpath` must be an absolute path', fullpath)
ValueError: ('`fullpath` must be an absolute path', 'C:\\Users\\mutation\\AppData\\Local\\Theano\\compiledir_Windows-10-10.0.18362-SP0-Intel64_Family_6_Model_85_Stepping_4_GenuineIntel-3.6.12-64\\tmpiaa56d4r\\m885ff006a95d626dac547a7bdfdb471bbf058622ece2b4435e42316c4012ea56.pyd', '[InplaceDimShuffle{x}(TensorConstant{2.0})]')

ERROR (theano.gof.opt): Optimization failure due to: constant_folding
ERROR (theano.gof.opt): node: InplaceDimShuffle{x}(TensorConstant{2.0})
ERROR (theano.gof.opt): TRACEBACK:
ERROR (theano.gof.opt): Traceback (most recent call last):
  File "C:\ProgramData\Anaconda3\envs\keras\lib\site-packages\theano\gof\opt.py", line 2034, in process_node
    replacements = lopt.transform(node)
  File "C:\ProgramData\Anaconda3\envs\keras\lib\site-packages\theano\tensor\opt.py", line 6516, in constant_folding
    no_recycling=[], impl=impl)
  File "C:\ProgramData\Anaconda3\envs\keras\lib\site-packages\theano\gof\op.py", line 955, in make_thunk
    no_recycling)
  File "C:\ProgramData\Anaconda3\envs\keras\lib\site-packages\theano\gof\op.py", line 858, in make_c_thunk
    output_storage=node_output_storage)
  File "C:\ProgramData\Anaconda3\envs\keras\lib\site-packages\theano\gof\cc.py", line 1217, in make_thunk
    keep_lock=keep_lock)
  File "C:\ProgramData\Anaconda3\envs\keras\lib\site-packages\theano\gof\cc.py", line 1157, in __compile__
    keep_lock=keep_lock)
  File "C:\ProgramData\Anaconda3\envs\keras\lib\site-packages\theano\gof\cc.py", line 1624, in cthunk_factory
    key=key, lnk=self, keep_lock=keep_lock)
  File "C:\ProgramData\Anaconda3\envs\keras\lib\site-packages\theano\gof\cmodule.py", line 1189, in module_from_key
    module = lnk.compile_cmodule(location)
  File "C:\ProgramData\Anaconda3\envs\keras\lib\site-packages\theano\gof\cc.py", line 1527, in compile_cmodule
    preargs=preargs)
  File "C:\ProgramData\Anaconda3\envs\keras\lib\site-packages\theano\gof\cmodule.py", line 2420, in compile_str
    return dlimport(lib_filename)
  File "C:\ProgramData\Anaconda3\envs\keras\lib\site-packages\theano\gof\cmodule.py", line 278, in dlimport
    raise ValueError('`fullpath` must be an absolute path', fullpath)
ValueError: ('`fullpath` must be an absolute path', 'C:\\Users\\mutation\\AppData\\Local\\Theano\\compiledir_Windows-10-10.0.18362-SP0-Intel64_Family_6_Model_85_Stepping_4_GenuineIntel-3.6.12-64\\tmpch8i3wwy\\m885ff006a95d626dac547a7bdfdb471bbf058622ece2b4435e42316c4012ea56.pyd', '[InplaceDimShuffle{x}(TensorConstant{2.0})]')

E.EERROR (theano.gof.opt): Optimization failure due to: constant_folding
ERROR (theano.gof.opt): node: InplaceDimShuffle{x}(TensorConstant{1.0})
ERROR (theano.gof.opt): TRACEBACK:
ERROR (theano.gof.opt): Traceback (most recent call last):
  File "C:\ProgramData\Anaconda3\envs\keras\lib\site-packages\theano\gof\opt.py", line 2034, in process_node
    replacements = lopt.transform(node)
  File "C:\ProgramData\Anaconda3\envs\keras\lib\site-packages\theano\tensor\opt.py", line 6516, in constant_folding
    no_recycling=[], impl=impl)
  File "C:\ProgramData\Anaconda3\envs\keras\lib\site-packages\theano\gof\op.py", line 955, in make_thunk
    no_recycling)
  File "C:\ProgramData\Anaconda3\envs\keras\lib\site-packages\theano\gof\op.py", line 858, in make_c_thunk
    output_storage=node_output_storage)
  File "C:\ProgramData\Anaconda3\envs\keras\lib\site-packages\theano\gof\cc.py", line 1217, in make_thunk
    keep_lock=keep_lock)
  File "C:\ProgramData\Anaconda3\envs\keras\lib\site-packages\theano\gof\cc.py", line 1157, in __compile__
    keep_lock=keep_lock)
  File "C:\ProgramData\Anaconda3\envs\keras\lib\site-packages\theano\gof\cc.py", line 1624, in cthunk_factory
    key=key, lnk=self, keep_lock=keep_lock)
  File "C:\ProgramData\Anaconda3\envs\keras\lib\site-packages\theano\gof\cmodule.py", line 1189, in module_from_key
    module = lnk.compile_cmodule(location)
  File "C:\ProgramData\Anaconda3\envs\keras\lib\site-packages\theano\gof\cc.py", line 1527, in compile_cmodule
    preargs=preargs)
  File "C:\ProgramData\Anaconda3\envs\keras\lib\site-packages\theano\gof\cmodule.py", line 2420, in compile_str
    return dlimport(lib_filename)
  File "C:\ProgramData\Anaconda3\envs\keras\lib\site-packages\theano\gof\cmodule.py", line 278, in dlimport
    raise ValueError('`fullpath` must be an absolute path', fullpath)
ValueError: ('`fullpath` must be an absolute path', 'C:\\Users\\mutation\\AppData\\Local\\Theano\\compiledir_Windows-10-10.0.18362-SP0-Intel64_Family_6_Model_85_Stepping_4_GenuineIntel-3.6.12-64\\tmpw9y3o1na\\m885ff006a95d626dac547a7bdfdb471bbf058622ece2b4435e42316c4012ea56.pyd', '[InplaceDimShuffle{x}(TensorConstant{1.0})]')

ERROR (theano.gof.opt): Optimization failure due to: constant_folding
ERROR (theano.gof.opt): node: InplaceDimShuffle{x}(TensorConstant{1.0})
ERROR (theano.gof.opt): TRACEBACK:
ERROR (theano.gof.opt): Traceback (most recent call last):
  File "C:\ProgramData\Anaconda3\envs\keras\lib\site-packages\theano\gof\opt.py", line 2034, in process_node
    replacements = lopt.transform(node)
  File "C:\ProgramData\Anaconda3\envs\keras\lib\site-packages\theano\tensor\opt.py", line 6516, in constant_folding
    no_recycling=[], impl=impl)
  File "C:\ProgramData\Anaconda3\envs\keras\lib\site-packages\theano\gof\op.py", line 955, in make_thunk
    no_recycling)
  File "C:\ProgramData\Anaconda3\envs\keras\lib\site-packages\theano\gof\op.py", line 858, in make_c_thunk
    output_storage=node_output_storage)
  File "C:\ProgramData\Anaconda3\envs\keras\lib\site-packages\theano\gof\cc.py", line 1217, in make_thunk
    keep_lock=keep_lock)
  File "C:\ProgramData\Anaconda3\envs\keras\lib\site-packages\theano\gof\cc.py", line 1157, in __compile__
    keep_lock=keep_lock)
  File "C:\ProgramData\Anaconda3\envs\keras\lib\site-packages\theano\gof\cc.py", line 1624, in cthunk_factory
    key=key, lnk=self, keep_lock=keep_lock)
  File "C:\ProgramData\Anaconda3\envs\keras\lib\site-packages\theano\gof\cmodule.py", line 1189, in module_from_key
    module = lnk.compile_cmodule(location)
  File "C:\ProgramData\Anaconda3\envs\keras\lib\site-packages\theano\gof\cc.py", line 1527, in compile_cmodule
    preargs=preargs)
  File "C:\ProgramData\Anaconda3\envs\keras\lib\site-packages\theano\gof\cmodule.py", line 2420, in compile_str
    return dlimport(lib_filename)
  File "C:\ProgramData\Anaconda3\envs\keras\lib\site-packages\theano\gof\cmodule.py", line 278, in dlimport
    raise ValueError('`fullpath` must be an absolute path', fullpath)
ValueError: ('`fullpath` must be an absolute path', 'C:\\Users\\mutation\\AppData\\Local\\Theano\\compiledir_Windows-10-10.0.18362-SP0-Intel64_Family_6_Model_85_Stepping_4_GenuineIntel-3.6.12-64\\tmpqh0cfguy\\m885ff006a95d626dac547a7bdfdb471bbf058622ece2b4435e42316c4012ea56.pyd', '[InplaceDimShuffle{x}(TensorConstant{1.0})]')

ERROR (theano.gof.opt): Optimization failure due to: constant_folding
ERROR (theano.gof.opt): node: InplaceDimShuffle{x}(TensorConstant{1.0})
ERROR (theano.gof.opt): TRACEBACK:
ERROR (theano.gof.opt): Traceback (most recent call last):
  File "C:\ProgramData\Anaconda3\envs\keras\lib\site-packages\theano\gof\opt.py", line 2034, in process_node
    replacements = lopt.transform(node)
  File "C:\ProgramData\Anaconda3\envs\keras\lib\site-packages\theano\tensor\opt.py", line 6516, in constant_folding
    no_recycling=[], impl=impl)
  File "C:\ProgramData\Anaconda3\envs\keras\lib\site-packages\theano\gof\op.py", line 955, in make_thunk
    no_recycling)
  File "C:\ProgramData\Anaconda3\envs\keras\lib\site-packages\theano\gof\op.py", line 858, in make_c_thunk
    output_storage=node_output_storage)
  File "C:\ProgramData\Anaconda3\envs\keras\lib\site-packages\theano\gof\cc.py", line 1217, in make_thunk
    keep_lock=keep_lock)
  File "C:\ProgramData\Anaconda3\envs\keras\lib\site-packages\theano\gof\cc.py", line 1157, in __compile__
    keep_lock=keep_lock)
  File "C:\ProgramData\Anaconda3\envs\keras\lib\site-packages\theano\gof\cc.py", line 1624, in cthunk_factory
    key=key, lnk=self, keep_lock=keep_lock)
  File "C:\ProgramData\Anaconda3\envs\keras\lib\site-packages\theano\gof\cmodule.py", line 1189, in module_from_key
    module = lnk.compile_cmodule(location)
  File "C:\ProgramData\Anaconda3\envs\keras\lib\site-packages\theano\gof\cc.py", line 1527, in compile_cmodule
    preargs=preargs)
  File "C:\ProgramData\Anaconda3\envs\keras\lib\site-packages\theano\gof\cmodule.py", line 2420, in compile_str
    return dlimport(lib_filename)
  File "C:\ProgramData\Anaconda3\envs\keras\lib\site-packages\theano\gof\cmodule.py", line 278, in dlimport
    raise ValueError('`fullpath` must be an absolute path', fullpath)
ValueError: ('`fullpath` must be an absolute path', 'C:\\Users\\mutation\\AppData\\Local\\Theano\\compiledir_Windows-10-10.0.18362-SP0-Intel64_Family_6_Model_85_Stepping_4_GenuineIntel-3.6.12-64\\tmpvik9j5wv\\m885ff006a95d626dac547a7bdfdb471bbf058622ece2b4435e42316c4012ea56.pyd', '[InplaceDimShuffle{x}(TensorConstant{1.0})]')

ERROR (theano.gof.opt): Optimization failure due to: constant_folding
ERROR (theano.gof.opt): node: InplaceDimShuffle{x}(TensorConstant{1.0})
ERROR (theano.gof.opt): TRACEBACK:
ERROR (theano.gof.opt): Traceback (most recent call last):
  File "C:\ProgramData\Anaconda3\envs\keras\lib\site-packages\theano\gof\opt.py", line 2034, in process_node
    replacements = lopt.transform(node)
  File "C:\ProgramData\Anaconda3\envs\keras\lib\site-packages\theano\tensor\opt.py", line 6516, in constant_folding
    no_recycling=[], impl=impl)
  File "C:\ProgramData\Anaconda3\envs\keras\lib\site-packages\theano\gof\op.py", line 955, in make_thunk
    no_recycling)
  File "C:\ProgramData\Anaconda3\envs\keras\lib\site-packages\theano\gof\op.py", line 858, in make_c_thunk
    output_storage=node_output_storage)
  File "C:\ProgramData\Anaconda3\envs\keras\lib\site-packages\theano\gof\cc.py", line 1217, in make_thunk
    keep_lock=keep_lock)
  File "C:\ProgramData\Anaconda3\envs\keras\lib\site-packages\theano\gof\cc.py", line 1157, in __compile__
    keep_lock=keep_lock)
  File "C:\ProgramData\Anaconda3\envs\keras\lib\site-packages\theano\gof\cc.py", line 1624, in cthunk_factory
    key=key, lnk=self, keep_lock=keep_lock)
  File "C:\ProgramData\Anaconda3\envs\keras\lib\site-packages\theano\gof\cmodule.py", line 1189, in module_from_key
    module = lnk.compile_cmodule(location)
  File "C:\ProgramData\Anaconda3\envs\keras\lib\site-packages\theano\gof\cc.py", line 1527, in compile_cmodule
    preargs=preargs)
  File "C:\ProgramData\Anaconda3\envs\keras\lib\site-packages\theano\gof\cmodule.py", line 2420, in compile_str
    return dlimport(lib_filename)
  File "C:\ProgramData\Anaconda3\envs\keras\lib\site-packages\theano\gof\cmodule.py", line 278, in dlimport
    raise ValueError('`fullpath` must be an absolute path', fullpath)
ValueError: ('`fullpath` must be an absolute path', 'C:\\Users\\mutation\\AppData\\Local\\Theano\\compiledir_Windows-10-10.0.18362-SP0-Intel64_Family_6_Model_85_Stepping_4_GenuineIntel-3.6.12-64\\tmpi00lbut3\\m885ff006a95d626dac547a7bdfdb471bbf058622ece2b4435e42316c4012ea56.pyd', '[InplaceDimShuffle{x}(TensorConstant{1.0})]')

ERROR (theano.gof.opt): Optimization failure due to: constant_folding
ERROR (theano.gof.opt): node: InplaceDimShuffle{x}(TensorConstant{1.0})
ERROR (theano.gof.opt): TRACEBACK:
ERROR (theano.gof.opt): Traceback (most recent call last):
  File "C:\ProgramData\Anaconda3\envs\keras\lib\site-packages\theano\gof\opt.py", line 2034, in process_node
    replacements = lopt.transform(node)
  File "C:\ProgramData\Anaconda3\envs\keras\lib\site-packages\theano\tensor\opt.py", line 6516, in constant_folding
    no_recycling=[], impl=impl)
  File "C:\ProgramData\Anaconda3\envs\keras\lib\site-packages\theano\gof\op.py", line 955, in make_thunk
    no_recycling)
  File "C:\ProgramData\Anaconda3\envs\keras\lib\site-packages\theano\gof\op.py", line 858, in make_c_thunk
    output_storage=node_output_storage)
  File "C:\ProgramData\Anaconda3\envs\keras\lib\site-packages\theano\gof\cc.py", line 1217, in make_thunk
    keep_lock=keep_lock)
  File "C:\ProgramData\Anaconda3\envs\keras\lib\site-packages\theano\gof\cc.py", line 1157, in __compile__
    keep_lock=keep_lock)
  File "C:\ProgramData\Anaconda3\envs\keras\lib\site-packages\theano\gof\cc.py", line 1624, in cthunk_factory
    key=key, lnk=self, keep_lock=keep_lock)
  File "C:\ProgramData\Anaconda3\envs\keras\lib\site-packages\theano\gof\cmodule.py", line 1189, in module_from_key
    module = lnk.compile_cmodule(location)
  File "C:\ProgramData\Anaconda3\envs\keras\lib\site-packages\theano\gof\cc.py", line 1527, in compile_cmodule
    preargs=preargs)
  File "C:\ProgramData\Anaconda3\envs\keras\lib\site-packages\theano\gof\cmodule.py", line 2420, in compile_str
    return dlimport(lib_filename)
  File "C:\ProgramData\Anaconda3\envs\keras\lib\site-packages\theano\gof\cmodule.py", line 278, in dlimport
    raise ValueError('`fullpath` must be an absolute path', fullpath)
ValueError: ('`fullpath` must be an absolute path', 'C:\\Users\\mutation\\AppData\\Local\\Theano\\compiledir_Windows-10-10.0.18362-SP0-Intel64_Family_6_Model_85_Stepping_4_GenuineIntel-3.6.12-64\\tmpwpbpu5tc\\m885ff006a95d626dac547a7bdfdb471bbf058622ece2b4435e42316c4012ea56.pyd', '[InplaceDimShuffle{x}(TensorConstant{1.0})]')

ERROR (theano.gof.opt): Optimization failure due to: constant_folding
ERROR (theano.gof.opt): node: InplaceDimShuffle{x}(TensorConstant{1.0})
ERROR (theano.gof.opt): TRACEBACK:
ERROR (theano.gof.opt): Traceback (most recent call last):
  File "C:\ProgramData\Anaconda3\envs\keras\lib\site-packages\theano\gof\opt.py", line 2034, in process_node
    replacements = lopt.transform(node)
  File "C:\ProgramData\Anaconda3\envs\keras\lib\site-packages\theano\tensor\opt.py", line 6516, in constant_folding
    no_recycling=[], impl=impl)
  File "C:\ProgramData\Anaconda3\envs\keras\lib\site-packages\theano\gof\op.py", line 955, in make_thunk
    no_recycling)
  File "C:\ProgramData\Anaconda3\envs\keras\lib\site-packages\theano\gof\op.py", line 858, in make_c_thunk
    output_storage=node_output_storage)
  File "C:\ProgramData\Anaconda3\envs\keras\lib\site-packages\theano\gof\cc.py", line 1217, in make_thunk
    keep_lock=keep_lock)
  File "C:\ProgramData\Anaconda3\envs\keras\lib\site-packages\theano\gof\cc.py", line 1157, in __compile__
    keep_lock=keep_lock)
  File "C:\ProgramData\Anaconda3\envs\keras\lib\site-packages\theano\gof\cc.py", line 1624, in cthunk_factory
    key=key, lnk=self, keep_lock=keep_lock)
  File "C:\ProgramData\Anaconda3\envs\keras\lib\site-packages\theano\gof\cmodule.py", line 1189, in module_from_key
    module = lnk.compile_cmodule(location)
  File "C:\ProgramData\Anaconda3\envs\keras\lib\site-packages\theano\gof\cc.py", line 1527, in compile_cmodule
    preargs=preargs)
  File "C:\ProgramData\Anaconda3\envs\keras\lib\site-packages\theano\gof\cmodule.py", line 2420, in compile_str
    return dlimport(lib_filename)
  File "C:\ProgramData\Anaconda3\envs\keras\lib\site-packages\theano\gof\cmodule.py", line 278, in dlimport
    raise ValueError('`fullpath` must be an absolute path', fullpath)
ValueError: ('`fullpath` must be an absolute path', 'C:\\Users\\mutation\\AppData\\Local\\Theano\\compiledir_Windows-10-10.0.18362-SP0-Intel64_Family_6_Model_85_Stepping_4_GenuineIntel-3.6.12-64\\tmpj1j43_7m\\m885ff006a95d626dac547a7bdfdb471bbf058622ece2b4435e42316c4012ea56.pyd', '[InplaceDimShuffle{x}(TensorConstant{1.0})]')

E.EEERROR (theano.gof.opt): Optimization failure due to: constant_folding
ERROR (theano.gof.opt): node: InplaceDimShuffle{x,x}(TensorConstant{2.0})
ERROR (theano.gof.opt): TRACEBACK:
ERROR (theano.gof.opt): Traceback (most recent call last):
  File "C:\ProgramData\Anaconda3\envs\keras\lib\site-packages\theano\gof\opt.py", line 2034, in process_node
    replacements = lopt.transform(node)
  File "C:\ProgramData\Anaconda3\envs\keras\lib\site-packages\theano\tensor\opt.py", line 6516, in constant_folding
    no_recycling=[], impl=impl)
  File "C:\ProgramData\Anaconda3\envs\keras\lib\site-packages\theano\gof\op.py", line 955, in make_thunk
    no_recycling)
  File "C:\ProgramData\Anaconda3\envs\keras\lib\site-packages\theano\gof\op.py", line 858, in make_c_thunk
    output_storage=node_output_storage)
  File "C:\ProgramData\Anaconda3\envs\keras\lib\site-packages\theano\gof\cc.py", line 1217, in make_thunk
    keep_lock=keep_lock)
  File "C:\ProgramData\Anaconda3\envs\keras\lib\site-packages\theano\gof\cc.py", line 1157, in __compile__
    keep_lock=keep_lock)
  File "C:\ProgramData\Anaconda3\envs\keras\lib\site-packages\theano\gof\cc.py", line 1624, in cthunk_factory
    key=key, lnk=self, keep_lock=keep_lock)
  File "C:\ProgramData\Anaconda3\envs\keras\lib\site-packages\theano\gof\cmodule.py", line 1189, in module_from_key
    module = lnk.compile_cmodule(location)
  File "C:\ProgramData\Anaconda3\envs\keras\lib\site-packages\theano\gof\cc.py", line 1527, in compile_cmodule
    preargs=preargs)
  File "C:\ProgramData\Anaconda3\envs\keras\lib\site-packages\theano\gof\cmodule.py", line 2420, in compile_str
    return dlimport(lib_filename)
  File "C:\ProgramData\Anaconda3\envs\keras\lib\site-packages\theano\gof\cmodule.py", line 278, in dlimport
    raise ValueError('`fullpath` must be an absolute path', fullpath)
ValueError: ('`fullpath` must be an absolute path', 'C:\\Users\\mutation\\AppData\\Local\\Theano\\compiledir_Windows-10-10.0.18362-SP0-Intel64_Family_6_Model_85_Stepping_4_GenuineIntel-3.6.12-64\\tmptkldrz7u\\m885ff006a95d626dac547a7bdfdb471bbf058622ece2b4435e42316c4012ea56.pyd', '[InplaceDimShuffle{x,x}(TensorConstant{2.0})]')

ERROR (theano.gof.opt): Optimization failure due to: constant_folding
ERROR (theano.gof.opt): node: InplaceDimShuffle{x,x}(TensorConstant{2.0})
ERROR (theano.gof.opt): TRACEBACK:
ERROR (theano.gof.opt): Traceback (most recent call last):
  File "C:\ProgramData\Anaconda3\envs\keras\lib\site-packages\theano\gof\opt.py", line 2034, in process_node
    replacements = lopt.transform(node)
  File "C:\ProgramData\Anaconda3\envs\keras\lib\site-packages\theano\tensor\opt.py", line 6516, in constant_folding
    no_recycling=[], impl=impl)
  File "C:\ProgramData\Anaconda3\envs\keras\lib\site-packages\theano\gof\op.py", line 955, in make_thunk
    no_recycling)
  File "C:\ProgramData\Anaconda3\envs\keras\lib\site-packages\theano\gof\op.py", line 858, in make_c_thunk
    output_storage=node_output_storage)
  File "C:\ProgramData\Anaconda3\envs\keras\lib\site-packages\theano\gof\cc.py", line 1217, in make_thunk
    keep_lock=keep_lock)
  File "C:\ProgramData\Anaconda3\envs\keras\lib\site-packages\theano\gof\cc.py", line 1157, in __compile__
    keep_lock=keep_lock)
  File "C:\ProgramData\Anaconda3\envs\keras\lib\site-packages\theano\gof\cc.py", line 1624, in cthunk_factory
    key=key, lnk=self, keep_lock=keep_lock)
  File "C:\ProgramData\Anaconda3\envs\keras\lib\site-packages\theano\gof\cmodule.py", line 1189, in module_from_key
    module = lnk.compile_cmodule(location)
  File "C:\ProgramData\Anaconda3\envs\keras\lib\site-packages\theano\gof\cc.py", line 1527, in compile_cmodule
    preargs=preargs)
  File "C:\ProgramData\Anaconda3\envs\keras\lib\site-packages\theano\gof\cmodule.py", line 2420, in compile_str
    return dlimport(lib_filename)
  File "C:\ProgramData\Anaconda3\envs\keras\lib\site-packages\theano\gof\cmodule.py", line 278, in dlimport
    raise ValueError('`fullpath` must be an absolute path', fullpath)
ValueError: ('`fullpath` must be an absolute path', 'C:\\Users\\mutation\\AppData\\Local\\Theano\\compiledir_Windows-10-10.0.18362-SP0-Intel64_Family_6_Model_85_Stepping_4_GenuineIntel-3.6.12-64\\tmpej6y4db0\\m885ff006a95d626dac547a7bdfdb471bbf058622ece2b4435e42316c4012ea56.pyd', '[InplaceDimShuffle{x,x}(TensorConstant{2.0})]')

ERROR (theano.gof.opt): Optimization failure due to: constant_folding
ERROR (theano.gof.opt): node: InplaceDimShuffle{x,x}(TensorConstant{2.0})
ERROR (theano.gof.opt): TRACEBACK:
ERROR (theano.gof.opt): Traceback (most recent call last):
  File "C:\ProgramData\Anaconda3\envs\keras\lib\site-packages\theano\gof\opt.py", line 2034, in process_node
    replacements = lopt.transform(node)
  File "C:\ProgramData\Anaconda3\envs\keras\lib\site-packages\theano\tensor\opt.py", line 6516, in constant_folding
    no_recycling=[], impl=impl)
  File "C:\ProgramData\Anaconda3\envs\keras\lib\site-packages\theano\gof\op.py", line 955, in make_thunk
    no_recycling)
  File "C:\ProgramData\Anaconda3\envs\keras\lib\site-packages\theano\gof\op.py", line 858, in make_c_thunk
    output_storage=node_output_storage)
  File "C:\ProgramData\Anaconda3\envs\keras\lib\site-packages\theano\gof\cc.py", line 1217, in make_thunk
    keep_lock=keep_lock)
  File "C:\ProgramData\Anaconda3\envs\keras\lib\site-packages\theano\gof\cc.py", line 1157, in __compile__
    keep_lock=keep_lock)
  File "C:\ProgramData\Anaconda3\envs\keras\lib\site-packages\theano\gof\cc.py", line 1624, in cthunk_factory
    key=key, lnk=self, keep_lock=keep_lock)
  File "C:\ProgramData\Anaconda3\envs\keras\lib\site-packages\theano\gof\cmodule.py", line 1189, in module_from_key
    module = lnk.compile_cmodule(location)
  File "C:\ProgramData\Anaconda3\envs\keras\lib\site-packages\theano\gof\cc.py", line 1527, in compile_cmodule
    preargs=preargs)
  File "C:\ProgramData\Anaconda3\envs\keras\lib\site-packages\theano\gof\cmodule.py", line 2420, in compile_str
    return dlimport(lib_filename)
  File "C:\ProgramData\Anaconda3\envs\keras\lib\site-packages\theano\gof\cmodule.py", line 278, in dlimport
    raise ValueError('`fullpath` must be an absolute path', fullpath)
ValueError: ('`fullpath` must be an absolute path', 'C:\\Users\\mutation\\AppData\\Local\\Theano\\compiledir_Windows-10-10.0.18362-SP0-Intel64_Family_6_Model_85_Stepping_4_GenuineIntel-3.6.12-64\\tmp28mq6kar\\m885ff006a95d626dac547a7bdfdb471bbf058622ece2b4435e42316c4012ea56.pyd', '[InplaceDimShuffle{x,x}(TensorConstant{2.0})]')

ERROR (theano.gof.opt): Optimization failure due to: constant_folding
ERROR (theano.gof.opt): node: InplaceDimShuffle{x,x}(TensorConstant{2.0})
ERROR (theano.gof.opt): TRACEBACK:
ERROR (theano.gof.opt): Traceback (most recent call last):
  File "C:\ProgramData\Anaconda3\envs\keras\lib\site-packages\theano\gof\opt.py", line 2034, in process_node
    replacements = lopt.transform(node)
  File "C:\ProgramData\Anaconda3\envs\keras\lib\site-packages\theano\tensor\opt.py", line 6516, in constant_folding
    no_recycling=[], impl=impl)
  File "C:\ProgramData\Anaconda3\envs\keras\lib\site-packages\theano\gof\op.py", line 955, in make_thunk
    no_recycling)
  File "C:\ProgramData\Anaconda3\envs\keras\lib\site-packages\theano\gof\op.py", line 858, in make_c_thunk
    output_storage=node_output_storage)
  File "C:\ProgramData\Anaconda3\envs\keras\lib\site-packages\theano\gof\cc.py", line 1217, in make_thunk
    keep_lock=keep_lock)
  File "C:\ProgramData\Anaconda3\envs\keras\lib\site-packages\theano\gof\cc.py", line 1157, in __compile__
    keep_lock=keep_lock)
  File "C:\ProgramData\Anaconda3\envs\keras\lib\site-packages\theano\gof\cc.py", line 1624, in cthunk_factory
    key=key, lnk=self, keep_lock=keep_lock)
  File "C:\ProgramData\Anaconda3\envs\keras\lib\site-packages\theano\gof\cmodule.py", line 1189, in module_from_key
    module = lnk.compile_cmodule(location)
  File "C:\ProgramData\Anaconda3\envs\keras\lib\site-packages\theano\gof\cc.py", line 1527, in compile_cmodule
    preargs=preargs)
  File "C:\ProgramData\Anaconda3\envs\keras\lib\site-packages\theano\gof\cmodule.py", line 2420, in compile_str
    return dlimport(lib_filename)
  File "C:\ProgramData\Anaconda3\envs\keras\lib\site-packages\theano\gof\cmodule.py", line 278, in dlimport
    raise ValueError('`fullpath` must be an absolute path', fullpath)
ValueError: ('`fullpath` must be an absolute path', 'C:\\Users\\mutation\\AppData\\Local\\Theano\\compiledir_Windows-10-10.0.18362-SP0-Intel64_Family_6_Model_85_Stepping_4_GenuineIntel-3.6.12-64\\tmpoa2sagm2\\m885ff006a95d626dac547a7bdfdb471bbf058622ece2b4435e42316c4012ea56.pyd', '[InplaceDimShuffle{x,x}(TensorConstant{2.0})]')

ERROR (theano.gof.opt): Optimization failure due to: constant_folding
ERROR (theano.gof.opt): node: InplaceDimShuffle{x,x}(TensorConstant{2.0})
ERROR (theano.gof.opt): TRACEBACK:
ERROR (theano.gof.opt): Traceback (most recent call last):
  File "C:\ProgramData\Anaconda3\envs\keras\lib\site-packages\theano\gof\opt.py", line 2034, in process_node
    replacements = lopt.transform(node)
  File "C:\ProgramData\Anaconda3\envs\keras\lib\site-packages\theano\tensor\opt.py", line 6516, in constant_folding
    no_recycling=[], impl=impl)
  File "C:\ProgramData\Anaconda3\envs\keras\lib\site-packages\theano\gof\op.py", line 955, in make_thunk
    no_recycling)
  File "C:\ProgramData\Anaconda3\envs\keras\lib\site-packages\theano\gof\op.py", line 858, in make_c_thunk
    output_storage=node_output_storage)
  File "C:\ProgramData\Anaconda3\envs\keras\lib\site-packages\theano\gof\cc.py", line 1217, in make_thunk
    keep_lock=keep_lock)
  File "C:\ProgramData\Anaconda3\envs\keras\lib\site-packages\theano\gof\cc.py", line 1157, in __compile__
    keep_lock=keep_lock)
  File "C:\ProgramData\Anaconda3\envs\keras\lib\site-packages\theano\gof\cc.py", line 1624, in cthunk_factory
    key=key, lnk=self, keep_lock=keep_lock)
  File "C:\ProgramData\Anaconda3\envs\keras\lib\site-packages\theano\gof\cmodule.py", line 1189, in module_from_key
    module = lnk.compile_cmodule(location)
  File "C:\ProgramData\Anaconda3\envs\keras\lib\site-packages\theano\gof\cc.py", line 1527, in compile_cmodule
    preargs=preargs)
  File "C:\ProgramData\Anaconda3\envs\keras\lib\site-packages\theano\gof\cmodule.py", line 2420, in compile_str
    return dlimport(lib_filename)
  File "C:\ProgramData\Anaconda3\envs\keras\lib\site-packages\theano\gof\cmodule.py", line 278, in dlimport
    raise ValueError('`fullpath` must be an absolute path', fullpath)
ValueError: ('`fullpath` must be an absolute path', 'C:\\Users\\mutation\\AppData\\Local\\Theano\\compiledir_Windows-10-10.0.18362-SP0-Intel64_Family_6_Model_85_Stepping_4_GenuineIntel-3.6.12-64\\tmpqyw6j2j6\\m885ff006a95d626dac547a7bdfdb471bbf058622ece2b4435e42316c4012ea56.pyd', '[InplaceDimShuffle{x,x}(TensorConstant{2.0})]')

ERROR (theano.gof.opt): Optimization failure due to: constant_folding
ERROR (theano.gof.opt): node: InplaceDimShuffle{x,x}(TensorConstant{2.0})
ERROR (theano.gof.opt): TRACEBACK:
ERROR (theano.gof.opt): Traceback (most recent call last):
  File "C:\ProgramData\Anaconda3\envs\keras\lib\site-packages\theano\gof\opt.py", line 2034, in process_node
    replacements = lopt.transform(node)
  File "C:\ProgramData\Anaconda3\envs\keras\lib\site-packages\theano\tensor\opt.py", line 6516, in constant_folding
    no_recycling=[], impl=impl)
  File "C:\ProgramData\Anaconda3\envs\keras\lib\site-packages\theano\gof\op.py", line 955, in make_thunk
    no_recycling)
  File "C:\ProgramData\Anaconda3\envs\keras\lib\site-packages\theano\gof\op.py", line 858, in make_c_thunk
    output_storage=node_output_storage)
  File "C:\ProgramData\Anaconda3\envs\keras\lib\site-packages\theano\gof\cc.py", line 1217, in make_thunk
    keep_lock=keep_lock)
  File "C:\ProgramData\Anaconda3\envs\keras\lib\site-packages\theano\gof\cc.py", line 1157, in __compile__
    keep_lock=keep_lock)
  File "C:\ProgramData\Anaconda3\envs\keras\lib\site-packages\theano\gof\cc.py", line 1624, in cthunk_factory
    key=key, lnk=self, keep_lock=keep_lock)
  File "C:\ProgramData\Anaconda3\envs\keras\lib\site-packages\theano\gof\cmodule.py", line 1189, in module_from_key
    module = lnk.compile_cmodule(location)
  File "C:\ProgramData\Anaconda3\envs\keras\lib\site-packages\theano\gof\cc.py", line 1527, in compile_cmodule
    preargs=preargs)
  File "C:\ProgramData\Anaconda3\envs\keras\lib\site-packages\theano\gof\cmodule.py", line 2420, in compile_str
    return dlimport(lib_filename)
  File "C:\ProgramData\Anaconda3\envs\keras\lib\site-packages\theano\gof\cmodule.py", line 278, in dlimport
    raise ValueError('`fullpath` must be an absolute path', fullpath)
ValueError: ('`fullpath` must be an absolute path', 'C:\\Users\\mutation\\AppData\\Local\\Theano\\compiledir_Windows-10-10.0.18362-SP0-Intel64_Family_6_Model_85_Stepping_4_GenuineIntel-3.6.12-64\\tmpz50tvq31\\m885ff006a95d626dac547a7bdfdb471bbf058622ece2b4435e42316c4012ea56.pyd', '[InplaceDimShuffle{x,x}(TensorConstant{2.0})]')

E.EEEEEsEEEEEEEERROR (theano.gof.opt): Optimization failure due to: constant_folding
ERROR (theano.gof.opt): node: InplaceDimShuffle{x}(TensorConstant{2})
ERROR (theano.gof.opt): TRACEBACK:
ERROR (theano.gof.opt): Traceback (most recent call last):
  File "C:\ProgramData\Anaconda3\envs\keras\lib\site-packages\theano\gof\opt.py", line 2034, in process_node
    replacements = lopt.transform(node)
  File "C:\ProgramData\Anaconda3\envs\keras\lib\site-packages\theano\tensor\opt.py", line 6516, in constant_folding
    no_recycling=[], impl=impl)
  File "C:\ProgramData\Anaconda3\envs\keras\lib\site-packages\theano\gof\op.py", line 955, in make_thunk
    no_recycling)
  File "C:\ProgramData\Anaconda3\envs\keras\lib\site-packages\theano\gof\op.py", line 858, in make_c_thunk
    output_storage=node_output_storage)
  File "C:\ProgramData\Anaconda3\envs\keras\lib\site-packages\theano\gof\cc.py", line 1217, in make_thunk
    keep_lock=keep_lock)
  File "C:\ProgramData\Anaconda3\envs\keras\lib\site-packages\theano\gof\cc.py", line 1157, in __compile__
    keep_lock=keep_lock)
  File "C:\ProgramData\Anaconda3\envs\keras\lib\site-packages\theano\gof\cc.py", line 1624, in cthunk_factory
    key=key, lnk=self, keep_lock=keep_lock)
  File "C:\ProgramData\Anaconda3\envs\keras\lib\site-packages\theano\gof\cmodule.py", line 1189, in module_from_key
    module = lnk.compile_cmodule(location)
  File "C:\ProgramData\Anaconda3\envs\keras\lib\site-packages\theano\gof\cc.py", line 1527, in compile_cmodule
    preargs=preargs)
  File "C:\ProgramData\Anaconda3\envs\keras\lib\site-packages\theano\gof\cmodule.py", line 2420, in compile_str
    return dlimport(lib_filename)
  File "C:\ProgramData\Anaconda3\envs\keras\lib\site-packages\theano\gof\cmodule.py", line 278, in dlimport
    raise ValueError('`fullpath` must be an absolute path', fullpath)
ValueError: ('`fullpath` must be an absolute path', 'C:\\Users\\mutation\\AppData\\Local\\Theano\\compiledir_Windows-10-10.0.18362-SP0-Intel64_Family_6_Model_85_Stepping_4_GenuineIntel-3.6.12-64\\tmpy7yk7zvu\\m885ff006a95d626dac547a7bdfdb471bbf058622ece2b4435e42316c4012ea56.pyd', '[InplaceDimShuffle{x}(TensorConstant{2})]')

ERROR (theano.gof.opt): Optimization failure due to: constant_folding
ERROR (theano.gof.opt): node: InplaceDimShuffle{x,x}(TensorConstant{0.1})
ERROR (theano.gof.opt): TRACEBACK:
ERROR (theano.gof.opt): Traceback (most recent call last):
  File "C:\ProgramData\Anaconda3\envs\keras\lib\site-packages\theano\gof\opt.py", line 2034, in process_node
    replacements = lopt.transform(node)
  File "C:\ProgramData\Anaconda3\envs\keras\lib\site-packages\theano\tensor\opt.py", line 6516, in constant_folding
    no_recycling=[], impl=impl)
  File "C:\ProgramData\Anaconda3\envs\keras\lib\site-packages\theano\gof\op.py", line 955, in make_thunk
    no_recycling)
  File "C:\ProgramData\Anaconda3\envs\keras\lib\site-packages\theano\gof\op.py", line 858, in make_c_thunk
    output_storage=node_output_storage)
  File "C:\ProgramData\Anaconda3\envs\keras\lib\site-packages\theano\gof\cc.py", line 1217, in make_thunk
    keep_lock=keep_lock)
  File "C:\ProgramData\Anaconda3\envs\keras\lib\site-packages\theano\gof\cc.py", line 1157, in __compile__
    keep_lock=keep_lock)
  File "C:\ProgramData\Anaconda3\envs\keras\lib\site-packages\theano\gof\cc.py", line 1624, in cthunk_factory
    key=key, lnk=self, keep_lock=keep_lock)
  File "C:\ProgramData\Anaconda3\envs\keras\lib\site-packages\theano\gof\cmodule.py", line 1189, in module_from_key
    module = lnk.compile_cmodule(location)
  File "C:\ProgramData\Anaconda3\envs\keras\lib\site-packages\theano\gof\cc.py", line 1527, in compile_cmodule
    preargs=preargs)
  File "C:\ProgramData\Anaconda3\envs\keras\lib\site-packages\theano\gof\cmodule.py", line 2420, in compile_str
    return dlimport(lib_filename)
  File "C:\ProgramData\Anaconda3\envs\keras\lib\site-packages\theano\gof\cmodule.py", line 278, in dlimport
    raise ValueError('`fullpath` must be an absolute path', fullpath)
ValueError: ('`fullpath` must be an absolute path', 'C:\\Users\\mutation\\AppData\\Local\\Theano\\compiledir_Windows-10-10.0.18362-SP0-Intel64_Family_6_Model_85_Stepping_4_GenuineIntel-3.6.12-64\\tmpptq9sc8z\\m885ff006a95d626dac547a7bdfdb471bbf058622ece2b4435e42316c4012ea56.pyd', '[InplaceDimShuffle{x,x}(TensorConstant{0.1})]')

ERROR (theano.gof.opt): Optimization failure due to: constant_folding
ERROR (theano.gof.opt): node: InplaceDimShuffle{x}(TensorConstant{2})
ERROR (theano.gof.opt): TRACEBACK:
ERROR (theano.gof.opt): Traceback (most recent call last):
  File "C:\ProgramData\Anaconda3\envs\keras\lib\site-packages\theano\gof\opt.py", line 2034, in process_node
    replacements = lopt.transform(node)
  File "C:\ProgramData\Anaconda3\envs\keras\lib\site-packages\theano\tensor\opt.py", line 6516, in constant_folding
    no_recycling=[], impl=impl)
  File "C:\ProgramData\Anaconda3\envs\keras\lib\site-packages\theano\gof\op.py", line 955, in make_thunk
    no_recycling)
  File "C:\ProgramData\Anaconda3\envs\keras\lib\site-packages\theano\gof\op.py", line 858, in make_c_thunk
    output_storage=node_output_storage)
  File "C:\ProgramData\Anaconda3\envs\keras\lib\site-packages\theano\gof\cc.py", line 1217, in make_thunk
    keep_lock=keep_lock)
  File "C:\ProgramData\Anaconda3\envs\keras\lib\site-packages\theano\gof\cc.py", line 1157, in __compile__
    keep_lock=keep_lock)
  File "C:\ProgramData\Anaconda3\envs\keras\lib\site-packages\theano\gof\cc.py", line 1624, in cthunk_factory
    key=key, lnk=self, keep_lock=keep_lock)
  File "C:\ProgramData\Anaconda3\envs\keras\lib\site-packages\theano\gof\cmodule.py", line 1189, in module_from_key
    module = lnk.compile_cmodule(location)
  File "C:\ProgramData\Anaconda3\envs\keras\lib\site-packages\theano\gof\cc.py", line 1527, in compile_cmodule
    preargs=preargs)
  File "C:\ProgramData\Anaconda3\envs\keras\lib\site-packages\theano\gof\cmodule.py", line 2420, in compile_str
    return dlimport(lib_filename)
  File "C:\ProgramData\Anaconda3\envs\keras\lib\site-packages\theano\gof\cmodule.py", line 278, in dlimport
    raise ValueError('`fullpath` must be an absolute path', fullpath)
ValueError: ('`fullpath` must be an absolute path', 'C:\\Users\\mutation\\AppData\\Local\\Theano\\compiledir_Windows-10-10.0.18362-SP0-Intel64_Family_6_Model_85_Stepping_4_GenuineIntel-3.6.12-64\\tmpvnxbb97e\\m885ff006a95d626dac547a7bdfdb471bbf058622ece2b4435e42316c4012ea56.pyd', '[InplaceDimShuffle{x}(TensorConstant{2})]')

ERROR (theano.gof.opt): Optimization failure due to: constant_folding
ERROR (theano.gof.opt): node: InplaceDimShuffle{x,x}(TensorConstant{0.1})
ERROR (theano.gof.opt): TRACEBACK:
ERROR (theano.gof.opt): Traceback (most recent call last):
  File "C:\ProgramData\Anaconda3\envs\keras\lib\site-packages\theano\gof\opt.py", line 2034, in process_node
    replacements = lopt.transform(node)
  File "C:\ProgramData\Anaconda3\envs\keras\lib\site-packages\theano\tensor\opt.py", line 6516, in constant_folding
    no_recycling=[], impl=impl)
  File "C:\ProgramData\Anaconda3\envs\keras\lib\site-packages\theano\gof\op.py", line 955, in make_thunk
    no_recycling)
  File "C:\ProgramData\Anaconda3\envs\keras\lib\site-packages\theano\gof\op.py", line 858, in make_c_thunk
    output_storage=node_output_storage)
  File "C:\ProgramData\Anaconda3\envs\keras\lib\site-packages\theano\gof\cc.py", line 1217, in make_thunk
    keep_lock=keep_lock)
  File "C:\ProgramData\Anaconda3\envs\keras\lib\site-packages\theano\gof\cc.py", line 1157, in __compile__
    keep_lock=keep_lock)
  File "C:\ProgramData\Anaconda3\envs\keras\lib\site-packages\theano\gof\cc.py", line 1624, in cthunk_factory
    key=key, lnk=self, keep_lock=keep_lock)
  File "C:\ProgramData\Anaconda3\envs\keras\lib\site-packages\theano\gof\cmodule.py", line 1189, in module_from_key
    module = lnk.compile_cmodule(location)
  File "C:\ProgramData\Anaconda3\envs\keras\lib\site-packages\theano\gof\cc.py", line 1527, in compile_cmodule
    preargs=preargs)
  File "C:\ProgramData\Anaconda3\envs\keras\lib\site-packages\theano\gof\cmodule.py", line 2420, in compile_str
    return dlimport(lib_filename)
  File "C:\ProgramData\Anaconda3\envs\keras\lib\site-packages\theano\gof\cmodule.py", line 278, in dlimport
    raise ValueError('`fullpath` must be an absolute path', fullpath)
ValueError: ('`fullpath` must be an absolute path', 'C:\\Users\\mutation\\AppData\\Local\\Theano\\compiledir_Windows-10-10.0.18362-SP0-Intel64_Family_6_Model_85_Stepping_4_GenuineIntel-3.6.12-64\\tmprpqlr6ib\\m885ff006a95d626dac547a7bdfdb471bbf058622ece2b4435e42316c4012ea56.pyd', '[InplaceDimShuffle{x,x}(TensorConstant{0.1})]')

ERROR (theano.gof.opt): Optimization failure due to: constant_folding
ERROR (theano.gof.opt): node: InplaceDimShuffle{x}(TensorConstant{2})
ERROR (theano.gof.opt): TRACEBACK:
ERROR (theano.gof.opt): Traceback (most recent call last):
  File "C:\ProgramData\Anaconda3\envs\keras\lib\site-packages\theano\gof\opt.py", line 2034, in process_node
    replacements = lopt.transform(node)
  File "C:\ProgramData\Anaconda3\envs\keras\lib\site-packages\theano\tensor\opt.py", line 6516, in constant_folding
    no_recycling=[], impl=impl)
  File "C:\ProgramData\Anaconda3\envs\keras\lib\site-packages\theano\gof\op.py", line 955, in make_thunk
    no_recycling)
  File "C:\ProgramData\Anaconda3\envs\keras\lib\site-packages\theano\gof\op.py", line 858, in make_c_thunk
    output_storage=node_output_storage)
  File "C:\ProgramData\Anaconda3\envs\keras\lib\site-packages\theano\gof\cc.py", line 1217, in make_thunk
    keep_lock=keep_lock)
  File "C:\ProgramData\Anaconda3\envs\keras\lib\site-packages\theano\gof\cc.py", line 1157, in __compile__
    keep_lock=keep_lock)
  File "C:\ProgramData\Anaconda3\envs\keras\lib\site-packages\theano\gof\cc.py", line 1624, in cthunk_factory
    key=key, lnk=self, keep_lock=keep_lock)
  File "C:\ProgramData\Anaconda3\envs\keras\lib\site-packages\theano\gof\cmodule.py", line 1189, in module_from_key
    module = lnk.compile_cmodule(location)
  File "C:\ProgramData\Anaconda3\envs\keras\lib\site-packages\theano\gof\cc.py", line 1527, in compile_cmodule
    preargs=preargs)
  File "C:\ProgramData\Anaconda3\envs\keras\lib\site-packages\theano\gof\cmodule.py", line 2420, in compile_str
    return dlimport(lib_filename)
  File "C:\ProgramData\Anaconda3\envs\keras\lib\site-packages\theano\gof\cmodule.py", line 278, in dlimport
    raise ValueError('`fullpath` must be an absolute path', fullpath)
ValueError: ('`fullpath` must be an absolute path', 'C:\\Users\\mutation\\AppData\\Local\\Theano\\compiledir_Windows-10-10.0.18362-SP0-Intel64_Family_6_Model_85_Stepping_4_GenuineIntel-3.6.12-64\\tmpzv3gqzxu\\m885ff006a95d626dac547a7bdfdb471bbf058622ece2b4435e42316c4012ea56.pyd', '[InplaceDimShuffle{x}(TensorConstant{2})]')

ERROR (theano.gof.opt): Optimization failure due to: constant_folding
ERROR (theano.gof.opt): node: InplaceDimShuffle{x,x}(TensorConstant{0.1})
ERROR (theano.gof.opt): TRACEBACK:
ERROR (theano.gof.opt): Traceback (most recent call last):
  File "C:\ProgramData\Anaconda3\envs\keras\lib\site-packages\theano\gof\opt.py", line 2034, in process_node
    replacements = lopt.transform(node)
  File "C:\ProgramData\Anaconda3\envs\keras\lib\site-packages\theano\tensor\opt.py", line 6516, in constant_folding
    no_recycling=[], impl=impl)
  File "C:\ProgramData\Anaconda3\envs\keras\lib\site-packages\theano\gof\op.py", line 955, in make_thunk
    no_recycling)
  File "C:\ProgramData\Anaconda3\envs\keras\lib\site-packages\theano\gof\op.py", line 858, in make_c_thunk
    output_storage=node_output_storage)
  File "C:\ProgramData\Anaconda3\envs\keras\lib\site-packages\theano\gof\cc.py", line 1217, in make_thunk
    keep_lock=keep_lock)
  File "C:\ProgramData\Anaconda3\envs\keras\lib\site-packages\theano\gof\cc.py", line 1157, in __compile__
    keep_lock=keep_lock)
  File "C:\ProgramData\Anaconda3\envs\keras\lib\site-packages\theano\gof\cc.py", line 1624, in cthunk_factory
    key=key, lnk=self, keep_lock=keep_lock)
  File "C:\ProgramData\Anaconda3\envs\keras\lib\site-packages\theano\gof\cmodule.py", line 1189, in module_from_key
    module = lnk.compile_cmodule(location)
  File "C:\ProgramData\Anaconda3\envs\keras\lib\site-packages\theano\gof\cc.py", line 1527, in compile_cmodule
    preargs=preargs)
  File "C:\ProgramData\Anaconda3\envs\keras\lib\site-packages\theano\gof\cmodule.py", line 2420, in compile_str
    return dlimport(lib_filename)
  File "C:\ProgramData\Anaconda3\envs\keras\lib\site-packages\theano\gof\cmodule.py", line 278, in dlimport
    raise ValueError('`fullpath` must be an absolute path', fullpath)
ValueError: ('`fullpath` must be an absolute path', 'C:\\Users\\mutation\\AppData\\Local\\Theano\\compiledir_Windows-10-10.0.18362-SP0-Intel64_Family_6_Model_85_Stepping_4_GenuineIntel-3.6.12-64\\tmpr0zuq218\\m885ff006a95d626dac547a7bdfdb471bbf058622ece2b4435e42316c4012ea56.pyd', '[InplaceDimShuffle{x,x}(TensorConstant{0.1})]')

ERROR (theano.gof.opt): Optimization failure due to: constant_folding
ERROR (theano.gof.opt): node: InplaceDimShuffle{x}(TensorConstant{2})
ERROR (theano.gof.opt): TRACEBACK:
ERROR (theano.gof.opt): Traceback (most recent call last):
  File "C:\ProgramData\Anaconda3\envs\keras\lib\site-packages\theano\gof\opt.py", line 2034, in process_node
    replacements = lopt.transform(node)
  File "C:\ProgramData\Anaconda3\envs\keras\lib\site-packages\theano\tensor\opt.py", line 6516, in constant_folding
    no_recycling=[], impl=impl)
  File "C:\ProgramData\Anaconda3\envs\keras\lib\site-packages\theano\gof\op.py", line 955, in make_thunk
    no_recycling)
  File "C:\ProgramData\Anaconda3\envs\keras\lib\site-packages\theano\gof\op.py", line 858, in make_c_thunk
    output_storage=node_output_storage)
  File "C:\ProgramData\Anaconda3\envs\keras\lib\site-packages\theano\gof\cc.py", line 1217, in make_thunk
    keep_lock=keep_lock)
  File "C:\ProgramData\Anaconda3\envs\keras\lib\site-packages\theano\gof\cc.py", line 1157, in __compile__
    keep_lock=keep_lock)
  File "C:\ProgramData\Anaconda3\envs\keras\lib\site-packages\theano\gof\cc.py", line 1624, in cthunk_factory
    key=key, lnk=self, keep_lock=keep_lock)
  File "C:\ProgramData\Anaconda3\envs\keras\lib\site-packages\theano\gof\cmodule.py", line 1189, in module_from_key
    module = lnk.compile_cmodule(location)
  File "C:\ProgramData\Anaconda3\envs\keras\lib\site-packages\theano\gof\cc.py", line 1527, in compile_cmodule
    preargs=preargs)
  File "C:\ProgramData\Anaconda3\envs\keras\lib\site-packages\theano\gof\cmodule.py", line 2420, in compile_str
    return dlimport(lib_filename)
  File "C:\ProgramData\Anaconda3\envs\keras\lib\site-packages\theano\gof\cmodule.py", line 278, in dlimport
    raise ValueError('`fullpath` must be an absolute path', fullpath)
ValueError: ('`fullpath` must be an absolute path', 'C:\\Users\\mutation\\AppData\\Local\\Theano\\compiledir_Windows-10-10.0.18362-SP0-Intel64_Family_6_Model_85_Stepping_4_GenuineIntel-3.6.12-64\\tmp0g1988io\\m885ff006a95d626dac547a7bdfdb471bbf058622ece2b4435e42316c4012ea56.pyd', '[InplaceDimShuffle{x}(TensorConstant{2})]')

ERROR (theano.gof.opt): Optimization failure due to: constant_folding
ERROR (theano.gof.opt): node: InplaceDimShuffle{x,x}(TensorConstant{0.1})
ERROR (theano.gof.opt): TRACEBACK:
ERROR (theano.gof.opt): Traceback (most recent call last):
  File "C:\ProgramData\Anaconda3\envs\keras\lib\site-packages\theano\gof\opt.py", line 2034, in process_node
    replacements = lopt.transform(node)
  File "C:\ProgramData\Anaconda3\envs\keras\lib\site-packages\theano\tensor\opt.py", line 6516, in constant_folding
    no_recycling=[], impl=impl)
  File "C:\ProgramData\Anaconda3\envs\keras\lib\site-packages\theano\gof\op.py", line 955, in make_thunk
    no_recycling)
  File "C:\ProgramData\Anaconda3\envs\keras\lib\site-packages\theano\gof\op.py", line 858, in make_c_thunk
    output_storage=node_output_storage)
  File "C:\ProgramData\Anaconda3\envs\keras\lib\site-packages\theano\gof\cc.py", line 1217, in make_thunk
    keep_lock=keep_lock)
  File "C:\ProgramData\Anaconda3\envs\keras\lib\site-packages\theano\gof\cc.py", line 1157, in __compile__
    keep_lock=keep_lock)
  File "C:\ProgramData\Anaconda3\envs\keras\lib\site-packages\theano\gof\cc.py", line 1624, in cthunk_factory
    key=key, lnk=self, keep_lock=keep_lock)
  File "C:\ProgramData\Anaconda3\envs\keras\lib\site-packages\theano\gof\cmodule.py", line 1189, in module_from_key
    module = lnk.compile_cmodule(location)
  File "C:\ProgramData\Anaconda3\envs\keras\lib\site-packages\theano\gof\cc.py", line 1527, in compile_cmodule
    preargs=preargs)
  File "C:\ProgramData\Anaconda3\envs\keras\lib\site-packages\theano\gof\cmodule.py", line 2420, in compile_str
    return dlimport(lib_filename)
  File "C:\ProgramData\Anaconda3\envs\keras\lib\site-packages\theano\gof\cmodule.py", line 278, in dlimport
    raise ValueError('`fullpath` must be an absolute path', fullpath)
ValueError: ('`fullpath` must be an absolute path', 'C:\\Users\\mutation\\AppData\\Local\\Theano\\compiledir_Windows-10-10.0.18362-SP0-Intel64_Family_6_Model_85_Stepping_4_GenuineIntel-3.6.12-64\\tmpwlh7_5me\\m885ff006a95d626dac547a7bdfdb471bbf058622ece2b4435e42316c4012ea56.pyd', '[InplaceDimShuffle{x,x}(TensorConstant{0.1})]')

ERROR (theano.gof.opt): Optimization failure due to: constant_folding
ERROR (theano.gof.opt): node: InplaceDimShuffle{x}(TensorConstant{2})
ERROR (theano.gof.opt): TRACEBACK:
ERROR (theano.gof.opt): Traceback (most recent call last):
  File "C:\ProgramData\Anaconda3\envs\keras\lib\site-packages\theano\gof\opt.py", line 2034, in process_node
    replacements = lopt.transform(node)
  File "C:\ProgramData\Anaconda3\envs\keras\lib\site-packages\theano\tensor\opt.py", line 6516, in constant_folding
    no_recycling=[], impl=impl)
  File "C:\ProgramData\Anaconda3\envs\keras\lib\site-packages\theano\gof\op.py", line 955, in make_thunk
    no_recycling)
  File "C:\ProgramData\Anaconda3\envs\keras\lib\site-packages\theano\gof\op.py", line 858, in make_c_thunk
    output_storage=node_output_storage)
  File "C:\ProgramData\Anaconda3\envs\keras\lib\site-packages\theano\gof\cc.py", line 1217, in make_thunk
    keep_lock=keep_lock)
  File "C:\ProgramData\Anaconda3\envs\keras\lib\site-packages\theano\gof\cc.py", line 1157, in __compile__
    keep_lock=keep_lock)
  File "C:\ProgramData\Anaconda3\envs\keras\lib\site-packages\theano\gof\cc.py", line 1624, in cthunk_factory
    key=key, lnk=self, keep_lock=keep_lock)
  File "C:\ProgramData\Anaconda3\envs\keras\lib\site-packages\theano\gof\cmodule.py", line 1189, in module_from_key
    module = lnk.compile_cmodule(location)
  File "C:\ProgramData\Anaconda3\envs\keras\lib\site-packages\theano\gof\cc.py", line 1527, in compile_cmodule
    preargs=preargs)
  File "C:\ProgramData\Anaconda3\envs\keras\lib\site-packages\theano\gof\cmodule.py", line 2420, in compile_str
    return dlimport(lib_filename)
  File "C:\ProgramData\Anaconda3\envs\keras\lib\site-packages\theano\gof\cmodule.py", line 278, in dlimport
    raise ValueError('`fullpath` must be an absolute path', fullpath)
ValueError: ('`fullpath` must be an absolute path', 'C:\\Users\\mutation\\AppData\\Local\\Theano\\compiledir_Windows-10-10.0.18362-SP0-Intel64_Family_6_Model_85_Stepping_4_GenuineIntel-3.6.12-64\\tmpvrwmczu7\\m885ff006a95d626dac547a7bdfdb471bbf058622ece2b4435e42316c4012ea56.pyd', '[InplaceDimShuffle{x}(TensorConstant{2})]')

ERROR (theano.gof.opt): Optimization failure due to: constant_folding
ERROR (theano.gof.opt): node: InplaceDimShuffle{x,x}(TensorConstant{0.1})
ERROR (theano.gof.opt): TRACEBACK:
ERROR (theano.gof.opt): Traceback (most recent call last):
  File "C:\ProgramData\Anaconda3\envs\keras\lib\site-packages\theano\gof\opt.py", line 2034, in process_node
    replacements = lopt.transform(node)
  File "C:\ProgramData\Anaconda3\envs\keras\lib\site-packages\theano\tensor\opt.py", line 6516, in constant_folding
    no_recycling=[], impl=impl)
  File "C:\ProgramData\Anaconda3\envs\keras\lib\site-packages\theano\gof\op.py", line 955, in make_thunk
    no_recycling)
  File "C:\ProgramData\Anaconda3\envs\keras\lib\site-packages\theano\gof\op.py", line 858, in make_c_thunk
    output_storage=node_output_storage)
  File "C:\ProgramData\Anaconda3\envs\keras\lib\site-packages\theano\gof\cc.py", line 1217, in make_thunk
    keep_lock=keep_lock)
  File "C:\ProgramData\Anaconda3\envs\keras\lib\site-packages\theano\gof\cc.py", line 1157, in __compile__
    keep_lock=keep_lock)
  File "C:\ProgramData\Anaconda3\envs\keras\lib\site-packages\theano\gof\cc.py", line 1624, in cthunk_factory
    key=key, lnk=self, keep_lock=keep_lock)
  File "C:\ProgramData\Anaconda3\envs\keras\lib\site-packages\theano\gof\cmodule.py", line 1189, in module_from_key
    module = lnk.compile_cmodule(location)
  File "C:\ProgramData\Anaconda3\envs\keras\lib\site-packages\theano\gof\cc.py", line 1527, in compile_cmodule
    preargs=preargs)
  File "C:\ProgramData\Anaconda3\envs\keras\lib\site-packages\theano\gof\cmodule.py", line 2420, in compile_str
    return dlimport(lib_filename)
  File "C:\ProgramData\Anaconda3\envs\keras\lib\site-packages\theano\gof\cmodule.py", line 278, in dlimport
    raise ValueError('`fullpath` must be an absolute path', fullpath)
ValueError: ('`fullpath` must be an absolute path', 'C:\\Users\\mutation\\AppData\\Local\\Theano\\compiledir_Windows-10-10.0.18362-SP0-Intel64_Family_6_Model_85_Stepping_4_GenuineIntel-3.6.12-64\\tmpz1o450gx\\m885ff006a95d626dac547a7bdfdb471bbf058622ece2b4435e42316c4012ea56.pyd', '[InplaceDimShuffle{x,x}(TensorConstant{0.1})]')

ERROR (theano.gof.opt): Optimization failure due to: constant_folding
ERROR (theano.gof.opt): node: InplaceDimShuffle{x}(TensorConstant{2})
ERROR (theano.gof.opt): TRACEBACK:
ERROR (theano.gof.opt): Traceback (most recent call last):
  File "C:\ProgramData\Anaconda3\envs\keras\lib\site-packages\theano\gof\opt.py", line 2034, in process_node
    replacements = lopt.transform(node)
  File "C:\ProgramData\Anaconda3\envs\keras\lib\site-packages\theano\tensor\opt.py", line 6516, in constant_folding
    no_recycling=[], impl=impl)
  File "C:\ProgramData\Anaconda3\envs\keras\lib\site-packages\theano\gof\op.py", line 955, in make_thunk
    no_recycling)
  File "C:\ProgramData\Anaconda3\envs\keras\lib\site-packages\theano\gof\op.py", line 858, in make_c_thunk
    output_storage=node_output_storage)
  File "C:\ProgramData\Anaconda3\envs\keras\lib\site-packages\theano\gof\cc.py", line 1217, in make_thunk
    keep_lock=keep_lock)
  File "C:\ProgramData\Anaconda3\envs\keras\lib\site-packages\theano\gof\cc.py", line 1157, in __compile__
    keep_lock=keep_lock)
  File "C:\ProgramData\Anaconda3\envs\keras\lib\site-packages\theano\gof\cc.py", line 1624, in cthunk_factory
    key=key, lnk=self, keep_lock=keep_lock)
  File "C:\ProgramData\Anaconda3\envs\keras\lib\site-packages\theano\gof\cmodule.py", line 1189, in module_from_key
    module = lnk.compile_cmodule(location)
  File "C:\ProgramData\Anaconda3\envs\keras\lib\site-packages\theano\gof\cc.py", line 1527, in compile_cmodule
    preargs=preargs)
  File "C:\ProgramData\Anaconda3\envs\keras\lib\site-packages\theano\gof\cmodule.py", line 2420, in compile_str
    return dlimport(lib_filename)
  File "C:\ProgramData\Anaconda3\envs\keras\lib\site-packages\theano\gof\cmodule.py", line 278, in dlimport
    raise ValueError('`fullpath` must be an absolute path', fullpath)
ValueError: ('`fullpath` must be an absolute path', 'C:\\Users\\mutation\\AppData\\Local\\Theano\\compiledir_Windows-10-10.0.18362-SP0-Intel64_Family_6_Model_85_Stepping_4_GenuineIntel-3.6.12-64\\tmp9alo9v7b\\m885ff006a95d626dac547a7bdfdb471bbf058622ece2b4435e42316c4012ea56.pyd', '[InplaceDimShuffle{x}(TensorConstant{2})]')

ERROR (theano.gof.opt): Optimization failure due to: constant_folding
ERROR (theano.gof.opt): node: InplaceDimShuffle{x,x}(TensorConstant{0.1})
ERROR (theano.gof.opt): TRACEBACK:
ERROR (theano.gof.opt): Traceback (most recent call last):
  File "C:\ProgramData\Anaconda3\envs\keras\lib\site-packages\theano\gof\opt.py", line 2034, in process_node
    replacements = lopt.transform(node)
  File "C:\ProgramData\Anaconda3\envs\keras\lib\site-packages\theano\tensor\opt.py", line 6516, in constant_folding
    no_recycling=[], impl=impl)
  File "C:\ProgramData\Anaconda3\envs\keras\lib\site-packages\theano\gof\op.py", line 955, in make_thunk
    no_recycling)
  File "C:\ProgramData\Anaconda3\envs\keras\lib\site-packages\theano\gof\op.py", line 858, in make_c_thunk
    output_storage=node_output_storage)
  File "C:\ProgramData\Anaconda3\envs\keras\lib\site-packages\theano\gof\cc.py", line 1217, in make_thunk
    keep_lock=keep_lock)
  File "C:\ProgramData\Anaconda3\envs\keras\lib\site-packages\theano\gof\cc.py", line 1157, in __compile__
    keep_lock=keep_lock)
  File "C:\ProgramData\Anaconda3\envs\keras\lib\site-packages\theano\gof\cc.py", line 1624, in cthunk_factory
    key=key, lnk=self, keep_lock=keep_lock)
  File "C:\ProgramData\Anaconda3\envs\keras\lib\site-packages\theano\gof\cmodule.py", line 1189, in module_from_key
    module = lnk.compile_cmodule(location)
  File "C:\ProgramData\Anaconda3\envs\keras\lib\site-packages\theano\gof\cc.py", line 1527, in compile_cmodule
    preargs=preargs)
  File "C:\ProgramData\Anaconda3\envs\keras\lib\site-packages\theano\gof\cmodule.py", line 2420, in compile_str
    return dlimport(lib_filename)
  File "C:\ProgramData\Anaconda3\envs\keras\lib\site-packages\theano\gof\cmodule.py", line 278, in dlimport
    raise ValueError('`fullpath` must be an absolute path', fullpath)
ValueError: ('`fullpath` must be an absolute path', 'C:\\Users\\mutation\\AppData\\Local\\Theano\\compiledir_Windows-10-10.0.18362-SP0-Intel64_Family_6_Model_85_Stepping_4_GenuineIntel-3.6.12-64\\tmp6ggekuhp\\m885ff006a95d626dac547a7bdfdb471bbf058622ece2b4435e42316c4012ea56.pyd', '[InplaceDimShuffle{x,x}(TensorConstant{0.1})]')

E.EEEEEEERROR (theano.gof.opt): Optimization failure due to: constant_folding
ERROR (theano.gof.opt): node: InplaceDimShuffle{x}(TensorConstant{2})
ERROR (theano.gof.opt): TRACEBACK:
ERROR (theano.gof.opt): Traceback (most recent call last):
  File "C:\ProgramData\Anaconda3\envs\keras\lib\site-packages\theano\gof\opt.py", line 2034, in process_node
    replacements = lopt.transform(node)
  File "C:\ProgramData\Anaconda3\envs\keras\lib\site-packages\theano\tensor\opt.py", line 6516, in constant_folding
    no_recycling=[], impl=impl)
  File "C:\ProgramData\Anaconda3\envs\keras\lib\site-packages\theano\gof\op.py", line 955, in make_thunk
    no_recycling)
  File "C:\ProgramData\Anaconda3\envs\keras\lib\site-packages\theano\gof\op.py", line 858, in make_c_thunk
    output_storage=node_output_storage)
  File "C:\ProgramData\Anaconda3\envs\keras\lib\site-packages\theano\gof\cc.py", line 1217, in make_thunk
    keep_lock=keep_lock)
  File "C:\ProgramData\Anaconda3\envs\keras\lib\site-packages\theano\gof\cc.py", line 1157, in __compile__
    keep_lock=keep_lock)
  File "C:\ProgramData\Anaconda3\envs\keras\lib\site-packages\theano\gof\cc.py", line 1624, in cthunk_factory
    key=key, lnk=self, keep_lock=keep_lock)
  File "C:\ProgramData\Anaconda3\envs\keras\lib\site-packages\theano\gof\cmodule.py", line 1189, in module_from_key
    module = lnk.compile_cmodule(location)
  File "C:\ProgramData\Anaconda3\envs\keras\lib\site-packages\theano\gof\cc.py", line 1527, in compile_cmodule
    preargs=preargs)
  File "C:\ProgramData\Anaconda3\envs\keras\lib\site-packages\theano\gof\cmodule.py", line 2420, in compile_str
    return dlimport(lib_filename)
  File "C:\ProgramData\Anaconda3\envs\keras\lib\site-packages\theano\gof\cmodule.py", line 278, in dlimport
    raise ValueError('`fullpath` must be an absolute path', fullpath)
ValueError: ('`fullpath` must be an absolute path', 'C:\\Users\\mutation\\AppData\\Local\\Theano\\compiledir_Windows-10-10.0.18362-SP0-Intel64_Family_6_Model_85_Stepping_4_GenuineIntel-3.6.12-64\\tmp2h60imta\\m885ff006a95d626dac547a7bdfdb471bbf058622ece2b4435e42316c4012ea56.pyd', '[InplaceDimShuffle{x}(TensorConstant{2})]')

ERROR (theano.gof.opt): Optimization failure due to: constant_folding
ERROR (theano.gof.opt): node: InplaceDimShuffle{x}(TensorConstant{2})
ERROR (theano.gof.opt): TRACEBACK:
ERROR (theano.gof.opt): Traceback (most recent call last):
  File "C:\ProgramData\Anaconda3\envs\keras\lib\site-packages\theano\gof\opt.py", line 2034, in process_node
    replacements = lopt.transform(node)
  File "C:\ProgramData\Anaconda3\envs\keras\lib\site-packages\theano\tensor\opt.py", line 6516, in constant_folding
    no_recycling=[], impl=impl)
  File "C:\ProgramData\Anaconda3\envs\keras\lib\site-packages\theano\gof\op.py", line 955, in make_thunk
    no_recycling)
  File "C:\ProgramData\Anaconda3\envs\keras\lib\site-packages\theano\gof\op.py", line 858, in make_c_thunk
    output_storage=node_output_storage)
  File "C:\ProgramData\Anaconda3\envs\keras\lib\site-packages\theano\gof\cc.py", line 1217, in make_thunk
    keep_lock=keep_lock)
  File "C:\ProgramData\Anaconda3\envs\keras\lib\site-packages\theano\gof\cc.py", line 1157, in __compile__
    keep_lock=keep_lock)
  File "C:\ProgramData\Anaconda3\envs\keras\lib\site-packages\theano\gof\cc.py", line 1624, in cthunk_factory
    key=key, lnk=self, keep_lock=keep_lock)
  File "C:\ProgramData\Anaconda3\envs\keras\lib\site-packages\theano\gof\cmodule.py", line 1189, in module_from_key
    module = lnk.compile_cmodule(location)
  File "C:\ProgramData\Anaconda3\envs\keras\lib\site-packages\theano\gof\cc.py", line 1527, in compile_cmodule
    preargs=preargs)
  File "C:\ProgramData\Anaconda3\envs\keras\lib\site-packages\theano\gof\cmodule.py", line 2420, in compile_str
    return dlimport(lib_filename)
  File "C:\ProgramData\Anaconda3\envs\keras\lib\site-packages\theano\gof\cmodule.py", line 278, in dlimport
    raise ValueError('`fullpath` must be an absolute path', fullpath)
ValueError: ('`fullpath` must be an absolute path', 'C:\\Users\\mutation\\AppData\\Local\\Theano\\compiledir_Windows-10-10.0.18362-SP0-Intel64_Family_6_Model_85_Stepping_4_GenuineIntel-3.6.12-64\\tmpqa3fdkq_\\m885ff006a95d626dac547a7bdfdb471bbf058622ece2b4435e42316c4012ea56.pyd', '[InplaceDimShuffle{x}(TensorConstant{2})]')

ERROR (theano.gof.opt): Optimization failure due to: constant_folding
ERROR (theano.gof.opt): node: InplaceDimShuffle{x}(TensorConstant{2})
ERROR (theano.gof.opt): TRACEBACK:
ERROR (theano.gof.opt): Traceback (most recent call last):
  File "C:\ProgramData\Anaconda3\envs\keras\lib\site-packages\theano\gof\opt.py", line 2034, in process_node
    replacements = lopt.transform(node)
  File "C:\ProgramData\Anaconda3\envs\keras\lib\site-packages\theano\tensor\opt.py", line 6516, in constant_folding
    no_recycling=[], impl=impl)
  File "C:\ProgramData\Anaconda3\envs\keras\lib\site-packages\theano\gof\op.py", line 955, in make_thunk
    no_recycling)
  File "C:\ProgramData\Anaconda3\envs\keras\lib\site-packages\theano\gof\op.py", line 858, in make_c_thunk
    output_storage=node_output_storage)
  File "C:\ProgramData\Anaconda3\envs\keras\lib\site-packages\theano\gof\cc.py", line 1217, in make_thunk
    keep_lock=keep_lock)
  File "C:\ProgramData\Anaconda3\envs\keras\lib\site-packages\theano\gof\cc.py", line 1157, in __compile__
    keep_lock=keep_lock)
  File "C:\ProgramData\Anaconda3\envs\keras\lib\site-packages\theano\gof\cc.py", line 1624, in cthunk_factory
    key=key, lnk=self, keep_lock=keep_lock)
  File "C:\ProgramData\Anaconda3\envs\keras\lib\site-packages\theano\gof\cmodule.py", line 1189, in module_from_key
    module = lnk.compile_cmodule(location)
  File "C:\ProgramData\Anaconda3\envs\keras\lib\site-packages\theano\gof\cc.py", line 1527, in compile_cmodule
    preargs=preargs)
  File "C:\ProgramData\Anaconda3\envs\keras\lib\site-packages\theano\gof\cmodule.py", line 2420, in compile_str
    return dlimport(lib_filename)
  File "C:\ProgramData\Anaconda3\envs\keras\lib\site-packages\theano\gof\cmodule.py", line 278, in dlimport
    raise ValueError('`fullpath` must be an absolute path', fullpath)
ValueError: ('`fullpath` must be an absolute path', 'C:\\Users\\mutation\\AppData\\Local\\Theano\\compiledir_Windows-10-10.0.18362-SP0-Intel64_Family_6_Model_85_Stepping_4_GenuineIntel-3.6.12-64\\tmp_d0ukj5k\\m885ff006a95d626dac547a7bdfdb471bbf058622ece2b4435e42316c4012ea56.pyd', '[InplaceDimShuffle{x}(TensorConstant{2})]')

ERROR (theano.gof.opt): Optimization failure due to: constant_folding
ERROR (theano.gof.opt): node: InplaceDimShuffle{x}(TensorConstant{2})
ERROR (theano.gof.opt): TRACEBACK:
ERROR (theano.gof.opt): Traceback (most recent call last):
  File "C:\ProgramData\Anaconda3\envs\keras\lib\site-packages\theano\gof\opt.py", line 2034, in process_node
    replacements = lopt.transform(node)
  File "C:\ProgramData\Anaconda3\envs\keras\lib\site-packages\theano\tensor\opt.py", line 6516, in constant_folding
    no_recycling=[], impl=impl)
  File "C:\ProgramData\Anaconda3\envs\keras\lib\site-packages\theano\gof\op.py", line 955, in make_thunk
    no_recycling)
  File "C:\ProgramData\Anaconda3\envs\keras\lib\site-packages\theano\gof\op.py", line 858, in make_c_thunk
    output_storage=node_output_storage)
  File "C:\ProgramData\Anaconda3\envs\keras\lib\site-packages\theano\gof\cc.py", line 1217, in make_thunk
    keep_lock=keep_lock)
  File "C:\ProgramData\Anaconda3\envs\keras\lib\site-packages\theano\gof\cc.py", line 1157, in __compile__
    keep_lock=keep_lock)
  File "C:\ProgramData\Anaconda3\envs\keras\lib\site-packages\theano\gof\cc.py", line 1624, in cthunk_factory
    key=key, lnk=self, keep_lock=keep_lock)
  File "C:\ProgramData\Anaconda3\envs\keras\lib\site-packages\theano\gof\cmodule.py", line 1189, in module_from_key
    module = lnk.compile_cmodule(location)
  File "C:\ProgramData\Anaconda3\envs\keras\lib\site-packages\theano\gof\cc.py", line 1527, in compile_cmodule
    preargs=preargs)
  File "C:\ProgramData\Anaconda3\envs\keras\lib\site-packages\theano\gof\cmodule.py", line 2420, in compile_str
    return dlimport(lib_filename)
  File "C:\ProgramData\Anaconda3\envs\keras\lib\site-packages\theano\gof\cmodule.py", line 278, in dlimport
    raise ValueError('`fullpath` must be an absolute path', fullpath)
ValueError: ('`fullpath` must be an absolute path', 'C:\\Users\\mutation\\AppData\\Local\\Theano\\compiledir_Windows-10-10.0.18362-SP0-Intel64_Family_6_Model_85_Stepping_4_GenuineIntel-3.6.12-64\\tmpmh9oc34h\\m885ff006a95d626dac547a7bdfdb471bbf058622ece2b4435e42316c4012ea56.pyd', '[InplaceDimShuffle{x}(TensorConstant{2})]')

ERROR (theano.gof.opt): Optimization failure due to: constant_folding
ERROR (theano.gof.opt): node: InplaceDimShuffle{x}(TensorConstant{2})
ERROR (theano.gof.opt): TRACEBACK:
ERROR (theano.gof.opt): Traceback (most recent call last):
  File "C:\ProgramData\Anaconda3\envs\keras\lib\site-packages\theano\gof\opt.py", line 2034, in process_node
    replacements = lopt.transform(node)
  File "C:\ProgramData\Anaconda3\envs\keras\lib\site-packages\theano\tensor\opt.py", line 6516, in constant_folding
    no_recycling=[], impl=impl)
  File "C:\ProgramData\Anaconda3\envs\keras\lib\site-packages\theano\gof\op.py", line 955, in make_thunk
    no_recycling)
  File "C:\ProgramData\Anaconda3\envs\keras\lib\site-packages\theano\gof\op.py", line 858, in make_c_thunk
    output_storage=node_output_storage)
  File "C:\ProgramData\Anaconda3\envs\keras\lib\site-packages\theano\gof\cc.py", line 1217, in make_thunk
    keep_lock=keep_lock)
  File "C:\ProgramData\Anaconda3\envs\keras\lib\site-packages\theano\gof\cc.py", line 1157, in __compile__
    keep_lock=keep_lock)
  File "C:\ProgramData\Anaconda3\envs\keras\lib\site-packages\theano\gof\cc.py", line 1624, in cthunk_factory
    key=key, lnk=self, keep_lock=keep_lock)
  File "C:\ProgramData\Anaconda3\envs\keras\lib\site-packages\theano\gof\cmodule.py", line 1189, in module_from_key
    module = lnk.compile_cmodule(location)
  File "C:\ProgramData\Anaconda3\envs\keras\lib\site-packages\theano\gof\cc.py", line 1527, in compile_cmodule
    preargs=preargs)
  File "C:\ProgramData\Anaconda3\envs\keras\lib\site-packages\theano\gof\cmodule.py", line 2420, in compile_str
    return dlimport(lib_filename)
  File "C:\ProgramData\Anaconda3\envs\keras\lib\site-packages\theano\gof\cmodule.py", line 278, in dlimport
    raise ValueError('`fullpath` must be an absolute path', fullpath)
ValueError: ('`fullpath` must be an absolute path', 'C:\\Users\\mutation\\AppData\\Local\\Theano\\compiledir_Windows-10-10.0.18362-SP0-Intel64_Family_6_Model_85_Stepping_4_GenuineIntel-3.6.12-64\\tmpk5o4f53o\\m885ff006a95d626dac547a7bdfdb471bbf058622ece2b4435e42316c4012ea56.pyd', '[InplaceDimShuffle{x}(TensorConstant{2})]')

EEE
======================================================================
ERROR: test_borrow_input (__main__.T_function)
----------------------------------------------------------------------
Traceback (most recent call last):
  File "test_function_module.py", line 503, in test_borrow_input
    f = theano.function([In(a, borrow=False)], Out(a + 1, borrow=True))
  File "C:\ProgramData\Anaconda3\envs\keras\lib\site-packages\theano\compile\function.py", line 317, in function
    output_keys=output_keys)
  File "C:\ProgramData\Anaconda3\envs\keras\lib\site-packages\theano\compile\pfunc.py", line 486, in pfunc
    output_keys=output_keys)
  File "C:\ProgramData\Anaconda3\envs\keras\lib\site-packages\theano\compile\function_module.py", line 1841, in orig_function
    fn = m.create(defaults)
  File "C:\ProgramData\Anaconda3\envs\keras\lib\site-packages\theano\compile\function_module.py", line 1715, in create
    input_storage=input_storage_lists, storage_map=storage_map)
  File "C:\ProgramData\Anaconda3\envs\keras\lib\site-packages\theano\gof\link.py", line 699, in make_thunk
    storage_map=storage_map)[:3]
  File "C:\ProgramData\Anaconda3\envs\keras\lib\site-packages\theano\gof\vm.py", line 1091, in make_all
    impl=impl))
  File "C:\ProgramData\Anaconda3\envs\keras\lib\site-packages\theano\gof\op.py", line 955, in make_thunk
    no_recycling)
  File "C:\ProgramData\Anaconda3\envs\keras\lib\site-packages\theano\gof\op.py", line 858, in make_c_thunk
    output_storage=node_output_storage)
  File "C:\ProgramData\Anaconda3\envs\keras\lib\site-packages\theano\gof\cc.py", line 1217, in make_thunk
    keep_lock=keep_lock)
  File "C:\ProgramData\Anaconda3\envs\keras\lib\site-packages\theano\gof\cc.py", line 1157, in __compile__
    keep_lock=keep_lock)
  File "C:\ProgramData\Anaconda3\envs\keras\lib\site-packages\theano\gof\cc.py", line 1624, in cthunk_factory
    key=key, lnk=self, keep_lock=keep_lock)
  File "C:\ProgramData\Anaconda3\envs\keras\lib\site-packages\theano\gof\cmodule.py", line 1189, in module_from_key
    module = lnk.compile_cmodule(location)
  File "C:\ProgramData\Anaconda3\envs\keras\lib\site-packages\theano\gof\cc.py", line 1527, in compile_cmodule
    preargs=preargs)
  File "C:\ProgramData\Anaconda3\envs\keras\lib\site-packages\theano\gof\cmodule.py", line 2420, in compile_str
    return dlimport(lib_filename)
  File "C:\ProgramData\Anaconda3\envs\keras\lib\site-packages\theano\gof\cmodule.py", line 278, in dlimport
    raise ValueError('`fullpath` must be an absolute path', fullpath)
ValueError: ('The following error happened while compiling the node', InplaceDimShuffle{x,x}(TensorConstant{1.0}), '\n', '`fullpath` must be an absolute path', 'C:\\Users\\mutation\\AppData\\Local\\Theano\\compiledir_Windows-10-10.0.18362-SP0-Intel64_Family_6_Model_85_Stepping_4_GenuineIntel-3.6.12-64\\tmpbb97shfa\\m885ff006a95d626dac547a7bdfdb471bbf058622ece2b4435e42316c4012ea56.pyd', '[InplaceDimShuffle{x,x}(TensorConstant{1.0})]')

======================================================================
ERROR: test_borrow_output (__main__.T_function)
----------------------------------------------------------------------
Traceback (most recent call last):
  File "test_function_module.py", line 514, in test_borrow_output
    f = function([a], Out(a, borrow=False))
  File "C:\ProgramData\Anaconda3\envs\keras\lib\site-packages\theano\compile\function.py", line 317, in function
    output_keys=output_keys)
  File "C:\ProgramData\Anaconda3\envs\keras\lib\site-packages\theano\compile\pfunc.py", line 486, in pfunc
    output_keys=output_keys)
  File "C:\ProgramData\Anaconda3\envs\keras\lib\site-packages\theano\compile\function_module.py", line 1841, in orig_function
    fn = m.create(defaults)
  File "C:\ProgramData\Anaconda3\envs\keras\lib\site-packages\theano\compile\function_module.py", line 1715, in create
    input_storage=input_storage_lists, storage_map=storage_map)
  File "C:\ProgramData\Anaconda3\envs\keras\lib\site-packages\theano\gof\link.py", line 699, in make_thunk
    storage_map=storage_map)[:3]
  File "C:\ProgramData\Anaconda3\envs\keras\lib\site-packages\theano\gof\vm.py", line 1091, in make_all
    impl=impl))
  File "C:\ProgramData\Anaconda3\envs\keras\lib\site-packages\theano\gof\op.py", line 955, in make_thunk
    no_recycling)
  File "C:\ProgramData\Anaconda3\envs\keras\lib\site-packages\theano\gof\op.py", line 858, in make_c_thunk
    output_storage=node_output_storage)
  File "C:\ProgramData\Anaconda3\envs\keras\lib\site-packages\theano\gof\cc.py", line 1217, in make_thunk
    keep_lock=keep_lock)
  File "C:\ProgramData\Anaconda3\envs\keras\lib\site-packages\theano\gof\cc.py", line 1157, in __compile__
    keep_lock=keep_lock)
  File "C:\ProgramData\Anaconda3\envs\keras\lib\site-packages\theano\gof\cc.py", line 1624, in cthunk_factory
    key=key, lnk=self, keep_lock=keep_lock)
  File "C:\ProgramData\Anaconda3\envs\keras\lib\site-packages\theano\gof\cmodule.py", line 1189, in module_from_key
    module = lnk.compile_cmodule(location)
  File "C:\ProgramData\Anaconda3\envs\keras\lib\site-packages\theano\gof\cc.py", line 1527, in compile_cmodule
    preargs=preargs)
  File "C:\ProgramData\Anaconda3\envs\keras\lib\site-packages\theano\gof\cmodule.py", line 2420, in compile_str
    return dlimport(lib_filename)
  File "C:\ProgramData\Anaconda3\envs\keras\lib\site-packages\theano\gof\cmodule.py", line 278, in dlimport
    raise ValueError('`fullpath` must be an absolute path', fullpath)
ValueError: ('The following error happened while compiling the node', DeepCopyOp(<TensorType(float64, matrix)>), '\n', '`fullpath` must be an absolute path', 'C:\\Users\\mutation\\AppData\\Local\\Theano\\compiledir_Windows-10-10.0.18362-SP0-Intel64_Family_6_Model_85_Stepping_4_GenuineIntel-3.6.12-64\\tmpre6zuch6\\mbf603e414396181d78ebdc7b7f3292b9a15629083c2e0aa4d31d71596ce9c1a4.pyd', '[DeepCopyOp(<TensorType(float64, matrix)>)]')

======================================================================
ERROR: test_check_for_aliased_inputs (__main__.T_function)
----------------------------------------------------------------------
Traceback (most recent call last):
  File "test_function_module.py", line 603, in test_check_for_aliased_inputs
    f = theano.function(**d)
  File "C:\ProgramData\Anaconda3\envs\keras\lib\site-packages\theano\compile\function.py", line 317, in function
    output_keys=output_keys)
  File "C:\ProgramData\Anaconda3\envs\keras\lib\site-packages\theano\compile\pfunc.py", line 486, in pfunc
    output_keys=output_keys)
  File "C:\ProgramData\Anaconda3\envs\keras\lib\site-packages\theano\compile\function_module.py", line 1841, in orig_function
    fn = m.create(defaults)
  File "C:\ProgramData\Anaconda3\envs\keras\lib\site-packages\theano\compile\function_module.py", line 1715, in create
    input_storage=input_storage_lists, storage_map=storage_map)
  File "C:\ProgramData\Anaconda3\envs\keras\lib\site-packages\theano\gof\link.py", line 699, in make_thunk
    storage_map=storage_map)[:3]
  File "C:\ProgramData\Anaconda3\envs\keras\lib\site-packages\theano\gof\vm.py", line 1091, in make_all
    impl=impl))
  File "C:\ProgramData\Anaconda3\envs\keras\lib\site-packages\theano\gof\op.py", line 955, in make_thunk
    no_recycling)
  File "C:\ProgramData\Anaconda3\envs\keras\lib\site-packages\theano\gof\op.py", line 858, in make_c_thunk
    output_storage=node_output_storage)
  File "C:\ProgramData\Anaconda3\envs\keras\lib\site-packages\theano\gof\cc.py", line 1217, in make_thunk
    keep_lock=keep_lock)
  File "C:\ProgramData\Anaconda3\envs\keras\lib\site-packages\theano\gof\cc.py", line 1157, in __compile__
    keep_lock=keep_lock)
  File "C:\ProgramData\Anaconda3\envs\keras\lib\site-packages\theano\gof\cc.py", line 1624, in cthunk_factory
    key=key, lnk=self, keep_lock=keep_lock)
  File "C:\ProgramData\Anaconda3\envs\keras\lib\site-packages\theano\gof\cmodule.py", line 1189, in module_from_key
    module = lnk.compile_cmodule(location)
  File "C:\ProgramData\Anaconda3\envs\keras\lib\site-packages\theano\gof\cc.py", line 1527, in compile_cmodule
    preargs=preargs)
  File "C:\ProgramData\Anaconda3\envs\keras\lib\site-packages\theano\gof\cmodule.py", line 2420, in compile_str
    return dlimport(lib_filename)
  File "C:\ProgramData\Anaconda3\envs\keras\lib\site-packages\theano\gof\cmodule.py", line 278, in dlimport
    raise ValueError('`fullpath` must be an absolute path', fullpath)
ValueError: ('The following error happened while compiling the node', InplaceDimShuffle{x,x}(TensorConstant{1.0}), '\n', '`fullpath` must be an absolute path', 'C:\\Users\\mutation\\AppData\\Local\\Theano\\compiledir_Windows-10-10.0.18362-SP0-Intel64_Family_6_Model_85_Stepping_4_GenuineIntel-3.6.12-64\\tmpeffa4t9o\\m885ff006a95d626dac547a7bdfdb471bbf058622ece2b4435e42316c4012ea56.pyd', '[InplaceDimShuffle{x,x}(TensorConstant{1.0})]')

======================================================================
ERROR: test_constant_output (__main__.T_function)
----------------------------------------------------------------------
Traceback (most recent call last):
  File "test_function_module.py", line 467, in test_constant_output
    f = theano.function([], theano.tensor.constant([4]))
  File "C:\ProgramData\Anaconda3\envs\keras\lib\site-packages\theano\compile\function.py", line 317, in function
    output_keys=output_keys)
  File "C:\ProgramData\Anaconda3\envs\keras\lib\site-packages\theano\compile\pfunc.py", line 486, in pfunc
    output_keys=output_keys)
  File "C:\ProgramData\Anaconda3\envs\keras\lib\site-packages\theano\compile\function_module.py", line 1841, in orig_function
    fn = m.create(defaults)
  File "C:\ProgramData\Anaconda3\envs\keras\lib\site-packages\theano\compile\function_module.py", line 1715, in create
    input_storage=input_storage_lists, storage_map=storage_map)
  File "C:\ProgramData\Anaconda3\envs\keras\lib\site-packages\theano\gof\link.py", line 699, in make_thunk
    storage_map=storage_map)[:3]
  File "C:\ProgramData\Anaconda3\envs\keras\lib\site-packages\theano\gof\vm.py", line 1091, in make_all
    impl=impl))
  File "C:\ProgramData\Anaconda3\envs\keras\lib\site-packages\theano\gof\op.py", line 955, in make_thunk
    no_recycling)
  File "C:\ProgramData\Anaconda3\envs\keras\lib\site-packages\theano\gof\op.py", line 858, in make_c_thunk
    output_storage=node_output_storage)
  File "C:\ProgramData\Anaconda3\envs\keras\lib\site-packages\theano\gof\cc.py", line 1217, in make_thunk
    keep_lock=keep_lock)
  File "C:\ProgramData\Anaconda3\envs\keras\lib\site-packages\theano\gof\cc.py", line 1157, in __compile__
    keep_lock=keep_lock)
  File "C:\ProgramData\Anaconda3\envs\keras\lib\site-packages\theano\gof\cc.py", line 1624, in cthunk_factory
    key=key, lnk=self, keep_lock=keep_lock)
  File "C:\ProgramData\Anaconda3\envs\keras\lib\site-packages\theano\gof\cmodule.py", line 1189, in module_from_key
    module = lnk.compile_cmodule(location)
  File "C:\ProgramData\Anaconda3\envs\keras\lib\site-packages\theano\gof\cc.py", line 1527, in compile_cmodule
    preargs=preargs)
  File "C:\ProgramData\Anaconda3\envs\keras\lib\site-packages\theano\gof\cmodule.py", line 2420, in compile_str
    return dlimport(lib_filename)
  File "C:\ProgramData\Anaconda3\envs\keras\lib\site-packages\theano\gof\cmodule.py", line 278, in dlimport
    raise ValueError('`fullpath` must be an absolute path', fullpath)
ValueError: ('The following error happened while compiling the node', DeepCopyOp(TensorConstant{(1,) of 4}), '\n', '`fullpath` must be an absolute path', 'C:\\Users\\mutation\\AppData\\Local\\Theano\\compiledir_Windows-10-10.0.18362-SP0-Intel64_Family_6_Model_85_Stepping_4_GenuineIntel-3.6.12-64\\tmpu4j863qx\\mbf603e414396181d78ebdc7b7f3292b9a15629083c2e0aa4d31d71596ce9c1a4.pyd', '[DeepCopyOp(TensorConstant{(1,) of 4})]')

======================================================================
ERROR: test_copy (__main__.T_function)
----------------------------------------------------------------------
Traceback (most recent call last):
  File "test_function_module.py", line 231, in test_copy
    s + a * x)
  File "C:\ProgramData\Anaconda3\envs\keras\lib\site-packages\theano\compile\function.py", line 317, in function
    output_keys=output_keys)
  File "C:\ProgramData\Anaconda3\envs\keras\lib\site-packages\theano\compile\pfunc.py", line 486, in pfunc
    output_keys=output_keys)
  File "C:\ProgramData\Anaconda3\envs\keras\lib\site-packages\theano\compile\function_module.py", line 1841, in orig_function
    fn = m.create(defaults)
  File "C:\ProgramData\Anaconda3\envs\keras\lib\site-packages\theano\compile\function_module.py", line 1715, in create
    input_storage=input_storage_lists, storage_map=storage_map)
  File "C:\ProgramData\Anaconda3\envs\keras\lib\site-packages\theano\gof\link.py", line 699, in make_thunk
    storage_map=storage_map)[:3]
  File "C:\ProgramData\Anaconda3\envs\keras\lib\site-packages\theano\gof\vm.py", line 1091, in make_all
    impl=impl))
  File "C:\ProgramData\Anaconda3\envs\keras\lib\site-packages\theano\gof\op.py", line 955, in make_thunk
    no_recycling)
  File "C:\ProgramData\Anaconda3\envs\keras\lib\site-packages\theano\gof\op.py", line 858, in make_c_thunk
    output_storage=node_output_storage)
  File "C:\ProgramData\Anaconda3\envs\keras\lib\site-packages\theano\gof\cc.py", line 1217, in make_thunk
    keep_lock=keep_lock)
  File "C:\ProgramData\Anaconda3\envs\keras\lib\site-packages\theano\gof\cc.py", line 1157, in __compile__
    keep_lock=keep_lock)
  File "C:\ProgramData\Anaconda3\envs\keras\lib\site-packages\theano\gof\cc.py", line 1624, in cthunk_factory
    key=key, lnk=self, keep_lock=keep_lock)
  File "C:\ProgramData\Anaconda3\envs\keras\lib\site-packages\theano\gof\cmodule.py", line 1148, in module_from_key
    module = self._get_from_key(key)
  File "C:\ProgramData\Anaconda3\envs\keras\lib\site-packages\theano\gof\cmodule.py", line 1047, in _get_from_key
    return self._get_module(name)
  File "C:\ProgramData\Anaconda3\envs\keras\lib\site-packages\theano\gof\cmodule.py", line 720, in _get_module
    self.module_from_name[name] = dlimport(name)
  File "C:\ProgramData\Anaconda3\envs\keras\lib\site-packages\theano\gof\cmodule.py", line 278, in dlimport
    raise ValueError('`fullpath` must be an absolute path', fullpath)
ValueError: ('The following error happened while compiling the node', Elemwise{Composite{(i0 + (i1 * i2))}}[(0, 0)](s, <TensorType(float64, scalar)>, x), '\n', '`fullpath` must be an absolute path', 'C:\\Users\\mutation\\AppData\\Local\\Theano\\compiledir_Windows-10-10.0.18362-SP0-Intel64_Family_6_Model_85_Stepping_4_GenuineIntel-3.6.12-64\\tmpj13wj48a\\mcde737169b1d047a5f67ae350470209cff75655f77bd6137224361986e18c7b6.pyd')

======================================================================
ERROR: test_copy_delete_updates (__main__.T_function)
----------------------------------------------------------------------
Traceback (most recent call last):
  File "test_function_module.py", line 378, in test_copy_delete_updates
    ori = theano.function([x], out, mode=mode, updates={z: z * 2})
  File "C:\ProgramData\Anaconda3\envs\keras\lib\site-packages\theano\compile\function.py", line 317, in function
    output_keys=output_keys)
  File "C:\ProgramData\Anaconda3\envs\keras\lib\site-packages\theano\compile\pfunc.py", line 486, in pfunc
    output_keys=output_keys)
  File "C:\ProgramData\Anaconda3\envs\keras\lib\site-packages\theano\compile\function_module.py", line 1841, in orig_function
    fn = m.create(defaults)
  File "C:\ProgramData\Anaconda3\envs\keras\lib\site-packages\theano\compile\function_module.py", line 1715, in create
    input_storage=input_storage_lists, storage_map=storage_map)
  File "C:\ProgramData\Anaconda3\envs\keras\lib\site-packages\theano\gof\link.py", line 699, in make_thunk
    storage_map=storage_map)[:3]
  File "C:\ProgramData\Anaconda3\envs\keras\lib\site-packages\theano\gof\vm.py", line 1091, in make_all
    impl=impl))
  File "C:\ProgramData\Anaconda3\envs\keras\lib\site-packages\theano\gof\op.py", line 955, in make_thunk
    no_recycling)
  File "C:\ProgramData\Anaconda3\envs\keras\lib\site-packages\theano\gof\op.py", line 858, in make_c_thunk
    output_storage=node_output_storage)
  File "C:\ProgramData\Anaconda3\envs\keras\lib\site-packages\theano\gof\cc.py", line 1217, in make_thunk
    keep_lock=keep_lock)
  File "C:\ProgramData\Anaconda3\envs\keras\lib\site-packages\theano\gof\cc.py", line 1157, in __compile__
    keep_lock=keep_lock)
  File "C:\ProgramData\Anaconda3\envs\keras\lib\site-packages\theano\gof\cc.py", line 1624, in cthunk_factory
    key=key, lnk=self, keep_lock=keep_lock)
  File "C:\ProgramData\Anaconda3\envs\keras\lib\site-packages\theano\gof\cmodule.py", line 1148, in module_from_key
    module = self._get_from_key(key)
  File "C:\ProgramData\Anaconda3\envs\keras\lib\site-packages\theano\gof\cmodule.py", line 1047, in _get_from_key
    return self._get_module(name)
  File "C:\ProgramData\Anaconda3\envs\keras\lib\site-packages\theano\gof\cmodule.py", line 720, in _get_module
    self.module_from_name[name] = dlimport(name)
  File "C:\ProgramData\Anaconda3\envs\keras\lib\site-packages\theano\gof\cmodule.py", line 278, in dlimport
    raise ValueError('`fullpath` must be an absolute path', fullpath)
ValueError: ('The following error happened while compiling the node', Elemwise{add,no_inplace}(x, y, z), '\n', '`fullpath` must be an absolute path', 'C:\\Users\\mutation\\AppData\\Local\\Theano\\compiledir_Windows-10-10.0.18362-SP0-Intel64_Family_6_Model_85_Stepping_4_GenuineIntel-3.6.12-64\\tmpgi0zhty2\\m79c7b545d7a3d5e6b4e9194e6b51f5a9baafeb3ff26a83487a611f90f8281a4e.pyd')

======================================================================
ERROR: test_copy_share_memory (__main__.T_function)
----------------------------------------------------------------------
Traceback (most recent call last):
  File "test_function_module.py", line 258, in test_copy_share_memory
    ori = theano.function([x], [out], mode=mode, updates={z: z + 1})
  File "C:\ProgramData\Anaconda3\envs\keras\lib\site-packages\theano\compile\function.py", line 317, in function
    output_keys=output_keys)
  File "C:\ProgramData\Anaconda3\envs\keras\lib\site-packages\theano\compile\pfunc.py", line 486, in pfunc
    output_keys=output_keys)
  File "C:\ProgramData\Anaconda3\envs\keras\lib\site-packages\theano\compile\function_module.py", line 1841, in orig_function
    fn = m.create(defaults)
  File "C:\ProgramData\Anaconda3\envs\keras\lib\site-packages\theano\compile\function_module.py", line 1715, in create
    input_storage=input_storage_lists, storage_map=storage_map)
  File "C:\ProgramData\Anaconda3\envs\keras\lib\site-packages\theano\gof\link.py", line 699, in make_thunk
    storage_map=storage_map)[:3]
  File "C:\ProgramData\Anaconda3\envs\keras\lib\site-packages\theano\gof\vm.py", line 1091, in make_all
    impl=impl))
  File "C:\ProgramData\Anaconda3\envs\keras\lib\site-packages\theano\gof\op.py", line 955, in make_thunk
    no_recycling)
  File "C:\ProgramData\Anaconda3\envs\keras\lib\site-packages\theano\gof\op.py", line 858, in make_c_thunk
    output_storage=node_output_storage)
  File "C:\ProgramData\Anaconda3\envs\keras\lib\site-packages\theano\gof\cc.py", line 1217, in make_thunk
    keep_lock=keep_lock)
  File "C:\ProgramData\Anaconda3\envs\keras\lib\site-packages\theano\gof\cc.py", line 1157, in __compile__
    keep_lock=keep_lock)
  File "C:\ProgramData\Anaconda3\envs\keras\lib\site-packages\theano\gof\cc.py", line 1624, in cthunk_factory
    key=key, lnk=self, keep_lock=keep_lock)
  File "C:\ProgramData\Anaconda3\envs\keras\lib\site-packages\theano\gof\cmodule.py", line 1148, in module_from_key
    module = self._get_from_key(key)
  File "C:\ProgramData\Anaconda3\envs\keras\lib\site-packages\theano\gof\cmodule.py", line 1047, in _get_from_key
    return self._get_module(name)
  File "C:\ProgramData\Anaconda3\envs\keras\lib\site-packages\theano\gof\cmodule.py", line 720, in _get_module
    self.module_from_name[name] = dlimport(name)
  File "C:\ProgramData\Anaconda3\envs\keras\lib\site-packages\theano\gof\cmodule.py", line 278, in dlimport
    raise ValueError('`fullpath` must be an absolute path', fullpath)
ValueError: ('The following error happened while compiling the node', Elemwise{Composite{tanh(((i0 + i1 + i2) / sqr((i3 + i1 + i4))))}}(TensorConstant{2.0}, x, <TensorType(int32, scalar)>, TensorConstant{-0.2}, <TensorType(int32, scalar)>), '\n', '`fullpath` must be an absolute path', 'C:\\Users\\mutation\\AppData\\Local\\Theano\\compiledir_Windows-10-10.0.18362-SP0-Intel64_Family_6_Model_85_Stepping_4_GenuineIntel-3.6.12-64\\tmp7y1uzdgc\\mf66cebb7b084bc4ef174341dbec7da8ecd943a54acc4af51f211715d01a1f41f.pyd')

======================================================================
ERROR: test_default_values (__main__.T_function)
----------------------------------------------------------------------
Traceback (most recent call last):
  File "test_function_module.py", line 583, in test_default_values
    func = theano.function([theano.In(a, name='first'), theano.In(b, value=1, name='second')], c)
  File "C:\ProgramData\Anaconda3\envs\keras\lib\site-packages\theano\compile\function.py", line 317, in function
    output_keys=output_keys)
  File "C:\ProgramData\Anaconda3\envs\keras\lib\site-packages\theano\compile\pfunc.py", line 486, in pfunc
    output_keys=output_keys)
  File "C:\ProgramData\Anaconda3\envs\keras\lib\site-packages\theano\compile\function_module.py", line 1841, in orig_function
    fn = m.create(defaults)
  File "C:\ProgramData\Anaconda3\envs\keras\lib\site-packages\theano\compile\function_module.py", line 1715, in create
    input_storage=input_storage_lists, storage_map=storage_map)
  File "C:\ProgramData\Anaconda3\envs\keras\lib\site-packages\theano\gof\link.py", line 699, in make_thunk
    storage_map=storage_map)[:3]
  File "C:\ProgramData\Anaconda3\envs\keras\lib\site-packages\theano\gof\vm.py", line 1091, in make_all
    impl=impl))
  File "C:\ProgramData\Anaconda3\envs\keras\lib\site-packages\theano\gof\op.py", line 955, in make_thunk
    no_recycling)
  File "C:\ProgramData\Anaconda3\envs\keras\lib\site-packages\theano\gof\op.py", line 858, in make_c_thunk
    output_storage=node_output_storage)
  File "C:\ProgramData\Anaconda3\envs\keras\lib\site-packages\theano\gof\cc.py", line 1217, in make_thunk
    keep_lock=keep_lock)
  File "C:\ProgramData\Anaconda3\envs\keras\lib\site-packages\theano\gof\cc.py", line 1157, in __compile__
    keep_lock=keep_lock)
  File "C:\ProgramData\Anaconda3\envs\keras\lib\site-packages\theano\gof\cc.py", line 1624, in cthunk_factory
    key=key, lnk=self, keep_lock=keep_lock)
  File "C:\ProgramData\Anaconda3\envs\keras\lib\site-packages\theano\gof\cmodule.py", line 1148, in module_from_key
    module = self._get_from_key(key)
  File "C:\ProgramData\Anaconda3\envs\keras\lib\site-packages\theano\gof\cmodule.py", line 1047, in _get_from_key
    return self._get_module(name)
  File "C:\ProgramData\Anaconda3\envs\keras\lib\site-packages\theano\gof\cmodule.py", line 720, in _get_module
    self.module_from_name[name] = dlimport(name)
  File "C:\ProgramData\Anaconda3\envs\keras\lib\site-packages\theano\gof\cmodule.py", line 278, in dlimport
    raise ValueError('`fullpath` must be an absolute path', fullpath)
ValueError: ('The following error happened while compiling the node', Elemwise{add,no_inplace}(a, b), '\n', '`fullpath` must be an absolute path', 'C:\\Users\\mutation\\AppData\\Local\\Theano\\compiledir_Windows-10-10.0.18362-SP0-Intel64_Family_6_Model_85_Stepping_4_GenuineIntel-3.6.12-64\\tmp5hbweyj4\\m03cc3cdee46c6787a94521175277126c8d483d4e6ac5026e943ac127eec8e49a.pyd')

======================================================================
ERROR: test_disconnected_input (__main__.T_function)
----------------------------------------------------------------------
Traceback (most recent call last):
  File "test_function_module.py", line 541, in test_disconnected_input
    function([a, v], v * 2, on_unused_input='ignore')
  File "C:\ProgramData\Anaconda3\envs\keras\lib\site-packages\theano\compile\function.py", line 317, in function
    output_keys=output_keys)
  File "C:\ProgramData\Anaconda3\envs\keras\lib\site-packages\theano\compile\pfunc.py", line 486, in pfunc
    output_keys=output_keys)
  File "C:\ProgramData\Anaconda3\envs\keras\lib\site-packages\theano\compile\function_module.py", line 1841, in orig_function
    fn = m.create(defaults)
  File "C:\ProgramData\Anaconda3\envs\keras\lib\site-packages\theano\compile\function_module.py", line 1715, in create
    input_storage=input_storage_lists, storage_map=storage_map)
  File "C:\ProgramData\Anaconda3\envs\keras\lib\site-packages\theano\gof\link.py", line 699, in make_thunk
    storage_map=storage_map)[:3]
  File "C:\ProgramData\Anaconda3\envs\keras\lib\site-packages\theano\gof\vm.py", line 1091, in make_all
    impl=impl))
  File "C:\ProgramData\Anaconda3\envs\keras\lib\site-packages\theano\gof\op.py", line 955, in make_thunk
    no_recycling)
  File "C:\ProgramData\Anaconda3\envs\keras\lib\site-packages\theano\gof\op.py", line 858, in make_c_thunk
    output_storage=node_output_storage)
  File "C:\ProgramData\Anaconda3\envs\keras\lib\site-packages\theano\gof\cc.py", line 1217, in make_thunk
    keep_lock=keep_lock)
  File "C:\ProgramData\Anaconda3\envs\keras\lib\site-packages\theano\gof\cc.py", line 1157, in __compile__
    keep_lock=keep_lock)
  File "C:\ProgramData\Anaconda3\envs\keras\lib\site-packages\theano\gof\cc.py", line 1624, in cthunk_factory
    key=key, lnk=self, keep_lock=keep_lock)
  File "C:\ProgramData\Anaconda3\envs\keras\lib\site-packages\theano\gof\cmodule.py", line 1189, in module_from_key
    module = lnk.compile_cmodule(location)
  File "C:\ProgramData\Anaconda3\envs\keras\lib\site-packages\theano\gof\cc.py", line 1527, in compile_cmodule
    preargs=preargs)
  File "C:\ProgramData\Anaconda3\envs\keras\lib\site-packages\theano\gof\cmodule.py", line 2420, in compile_str
    return dlimport(lib_filename)
  File "C:\ProgramData\Anaconda3\envs\keras\lib\site-packages\theano\gof\cmodule.py", line 278, in dlimport
    raise ValueError('`fullpath` must be an absolute path', fullpath)
ValueError: ('The following error happened while compiling the node', InplaceDimShuffle{x}(TensorConstant{2.0}), '\n', '`fullpath` must be an absolute path', 'C:\\Users\\mutation\\AppData\\Local\\Theano\\compiledir_Windows-10-10.0.18362-SP0-Intel64_Family_6_Model_85_Stepping_4_GenuineIntel-3.6.12-64\\tmpledopgmt\\m885ff006a95d626dac547a7bdfdb471bbf058622ece2b4435e42316c4012ea56.pyd', '[InplaceDimShuffle{x}(TensorConstant{2.0})]')

======================================================================
ERROR: test_extra_inputs (__main__.T_function)
----------------------------------------------------------------------
Traceback (most recent call last):
  File "test_function_module.py", line 57, in test_extra_inputs
    fn = function([x], [x])
  File "C:\ProgramData\Anaconda3\envs\keras\lib\site-packages\theano\compile\function.py", line 317, in function
    output_keys=output_keys)
  File "C:\ProgramData\Anaconda3\envs\keras\lib\site-packages\theano\compile\pfunc.py", line 486, in pfunc
    output_keys=output_keys)
  File "C:\ProgramData\Anaconda3\envs\keras\lib\site-packages\theano\compile\function_module.py", line 1841, in orig_function
    fn = m.create(defaults)
  File "C:\ProgramData\Anaconda3\envs\keras\lib\site-packages\theano\compile\function_module.py", line 1715, in create
    input_storage=input_storage_lists, storage_map=storage_map)
  File "C:\ProgramData\Anaconda3\envs\keras\lib\site-packages\theano\gof\link.py", line 699, in make_thunk
    storage_map=storage_map)[:3]
  File "C:\ProgramData\Anaconda3\envs\keras\lib\site-packages\theano\gof\vm.py", line 1091, in make_all
    impl=impl))
  File "C:\ProgramData\Anaconda3\envs\keras\lib\site-packages\theano\gof\op.py", line 955, in make_thunk
    no_recycling)
  File "C:\ProgramData\Anaconda3\envs\keras\lib\site-packages\theano\gof\op.py", line 858, in make_c_thunk
    output_storage=node_output_storage)
  File "C:\ProgramData\Anaconda3\envs\keras\lib\site-packages\theano\gof\cc.py", line 1217, in make_thunk
    keep_lock=keep_lock)
  File "C:\ProgramData\Anaconda3\envs\keras\lib\site-packages\theano\gof\cc.py", line 1157, in __compile__
    keep_lock=keep_lock)
  File "C:\ProgramData\Anaconda3\envs\keras\lib\site-packages\theano\gof\cc.py", line 1624, in cthunk_factory
    key=key, lnk=self, keep_lock=keep_lock)
  File "C:\ProgramData\Anaconda3\envs\keras\lib\site-packages\theano\gof\cmodule.py", line 1189, in module_from_key
    module = lnk.compile_cmodule(location)
  File "C:\ProgramData\Anaconda3\envs\keras\lib\site-packages\theano\gof\cc.py", line 1527, in compile_cmodule
    preargs=preargs)
  File "C:\ProgramData\Anaconda3\envs\keras\lib\site-packages\theano\gof\cmodule.py", line 2420, in compile_str
    return dlimport(lib_filename)
  File "C:\ProgramData\Anaconda3\envs\keras\lib\site-packages\theano\gof\cmodule.py", line 278, in dlimport
    raise ValueError('`fullpath` must be an absolute path', fullpath)
ValueError: ('The following error happened while compiling the node', DeepCopyOp(x), '\n', '`fullpath` must be an absolute path', 'C:\\Users\\mutation\\AppData\\Local\\Theano\\compiledir_Windows-10-10.0.18362-SP0-Intel64_Family_6_Model_85_Stepping_4_GenuineIntel-3.6.12-64\\tmponlc1j2l\\mbf603e414396181d78ebdc7b7f3292b9a15629083c2e0aa4d31d71596ce9c1a4.pyd', '[DeepCopyOp(x)]')

======================================================================
ERROR: test_free (__main__.T_function)
----------------------------------------------------------------------
Traceback (most recent call last):
  File "test_function_module.py", line 561, in test_free
    func = function([x], x + 1)
  File "C:\ProgramData\Anaconda3\envs\keras\lib\site-packages\theano\compile\function.py", line 317, in function
    output_keys=output_keys)
  File "C:\ProgramData\Anaconda3\envs\keras\lib\site-packages\theano\compile\pfunc.py", line 486, in pfunc
    output_keys=output_keys)
  File "C:\ProgramData\Anaconda3\envs\keras\lib\site-packages\theano\compile\function_module.py", line 1841, in orig_function
    fn = m.create(defaults)
  File "C:\ProgramData\Anaconda3\envs\keras\lib\site-packages\theano\compile\function_module.py", line 1715, in create
    input_storage=input_storage_lists, storage_map=storage_map)
  File "C:\ProgramData\Anaconda3\envs\keras\lib\site-packages\theano\gof\link.py", line 699, in make_thunk
    storage_map=storage_map)[:3]
  File "C:\ProgramData\Anaconda3\envs\keras\lib\site-packages\theano\gof\vm.py", line 1091, in make_all
    impl=impl))
  File "C:\ProgramData\Anaconda3\envs\keras\lib\site-packages\theano\gof\op.py", line 955, in make_thunk
    no_recycling)
  File "C:\ProgramData\Anaconda3\envs\keras\lib\site-packages\theano\gof\op.py", line 858, in make_c_thunk
    output_storage=node_output_storage)
  File "C:\ProgramData\Anaconda3\envs\keras\lib\site-packages\theano\gof\cc.py", line 1217, in make_thunk
    keep_lock=keep_lock)
  File "C:\ProgramData\Anaconda3\envs\keras\lib\site-packages\theano\gof\cc.py", line 1157, in __compile__
    keep_lock=keep_lock)
  File "C:\ProgramData\Anaconda3\envs\keras\lib\site-packages\theano\gof\cc.py", line 1624, in cthunk_factory
    key=key, lnk=self, keep_lock=keep_lock)
  File "C:\ProgramData\Anaconda3\envs\keras\lib\site-packages\theano\gof\cmodule.py", line 1189, in module_from_key
    module = lnk.compile_cmodule(location)
  File "C:\ProgramData\Anaconda3\envs\keras\lib\site-packages\theano\gof\cc.py", line 1527, in compile_cmodule
    preargs=preargs)
  File "C:\ProgramData\Anaconda3\envs\keras\lib\site-packages\theano\gof\cmodule.py", line 2420, in compile_str
    return dlimport(lib_filename)
  File "C:\ProgramData\Anaconda3\envs\keras\lib\site-packages\theano\gof\cmodule.py", line 278, in dlimport
    raise ValueError('`fullpath` must be an absolute path', fullpath)
ValueError: ('The following error happened while compiling the node', InplaceDimShuffle{x}(TensorConstant{1.0}), '\n', '`fullpath` must be an absolute path', 'C:\\Users\\mutation\\AppData\\Local\\Theano\\compiledir_Windows-10-10.0.18362-SP0-Intel64_Family_6_Model_85_Stepping_4_GenuineIntel-3.6.12-64\\tmpohfj2zzj\\m885ff006a95d626dac547a7bdfdb471bbf058622ece2b4435e42316c4012ea56.pyd', '[InplaceDimShuffle{x}(TensorConstant{1.0})]')

======================================================================
ERROR: test_input_anon_singleton (__main__.T_function)
----------------------------------------------------------------------
Traceback (most recent call last):
  File "test_function_module.py", line 112, in test_input_anon_singleton
    fn = function([s, x], [x + s])
  File "C:\ProgramData\Anaconda3\envs\keras\lib\site-packages\theano\compile\function.py", line 317, in function
    output_keys=output_keys)
  File "C:\ProgramData\Anaconda3\envs\keras\lib\site-packages\theano\compile\pfunc.py", line 486, in pfunc
    output_keys=output_keys)
  File "C:\ProgramData\Anaconda3\envs\keras\lib\site-packages\theano\compile\function_module.py", line 1841, in orig_function
    fn = m.create(defaults)
  File "C:\ProgramData\Anaconda3\envs\keras\lib\site-packages\theano\compile\function_module.py", line 1715, in create
    input_storage=input_storage_lists, storage_map=storage_map)
  File "C:\ProgramData\Anaconda3\envs\keras\lib\site-packages\theano\gof\link.py", line 699, in make_thunk
    storage_map=storage_map)[:3]
  File "C:\ProgramData\Anaconda3\envs\keras\lib\site-packages\theano\gof\vm.py", line 1091, in make_all
    impl=impl))
  File "C:\ProgramData\Anaconda3\envs\keras\lib\site-packages\theano\gof\op.py", line 955, in make_thunk
    no_recycling)
  File "C:\ProgramData\Anaconda3\envs\keras\lib\site-packages\theano\gof\op.py", line 858, in make_c_thunk
    output_storage=node_output_storage)
  File "C:\ProgramData\Anaconda3\envs\keras\lib\site-packages\theano\gof\cc.py", line 1217, in make_thunk
    keep_lock=keep_lock)
  File "C:\ProgramData\Anaconda3\envs\keras\lib\site-packages\theano\gof\cc.py", line 1157, in __compile__
    keep_lock=keep_lock)
  File "C:\ProgramData\Anaconda3\envs\keras\lib\site-packages\theano\gof\cc.py", line 1624, in cthunk_factory
    key=key, lnk=self, keep_lock=keep_lock)
  File "C:\ProgramData\Anaconda3\envs\keras\lib\site-packages\theano\gof\cmodule.py", line 1148, in module_from_key
    module = self._get_from_key(key)
  File "C:\ProgramData\Anaconda3\envs\keras\lib\site-packages\theano\gof\cmodule.py", line 1047, in _get_from_key
    return self._get_module(name)
  File "C:\ProgramData\Anaconda3\envs\keras\lib\site-packages\theano\gof\cmodule.py", line 720, in _get_module
    self.module_from_name[name] = dlimport(name)
  File "C:\ProgramData\Anaconda3\envs\keras\lib\site-packages\theano\gof\cmodule.py", line 278, in dlimport
    raise ValueError('`fullpath` must be an absolute path', fullpath)
ValueError: ('The following error happened while compiling the node', Elemwise{add,no_inplace}(x, s), '\n', '`fullpath` must be an absolute path', 'C:\\Users\\mutation\\AppData\\Local\\Theano\\compiledir_Windows-10-10.0.18362-SP0-Intel64_Family_6_Model_85_Stepping_4_GenuineIntel-3.6.12-64\\tmp5hbweyj4\\m03cc3cdee46c6787a94521175277126c8d483d4e6ac5026e943ac127eec8e49a.pyd')

======================================================================
ERROR: test_input_anon_unpack (__main__.T_function)
----------------------------------------------------------------------
Traceback (most recent call last):
  File "test_function_module.py", line 119, in test_input_anon_unpack
    fn = function([s, x], x + s)
  File "C:\ProgramData\Anaconda3\envs\keras\lib\site-packages\theano\compile\function.py", line 317, in function
    output_keys=output_keys)
  File "C:\ProgramData\Anaconda3\envs\keras\lib\site-packages\theano\compile\pfunc.py", line 486, in pfunc
    output_keys=output_keys)
  File "C:\ProgramData\Anaconda3\envs\keras\lib\site-packages\theano\compile\function_module.py", line 1841, in orig_function
    fn = m.create(defaults)
  File "C:\ProgramData\Anaconda3\envs\keras\lib\site-packages\theano\compile\function_module.py", line 1715, in create
    input_storage=input_storage_lists, storage_map=storage_map)
  File "C:\ProgramData\Anaconda3\envs\keras\lib\site-packages\theano\gof\link.py", line 699, in make_thunk
    storage_map=storage_map)[:3]
  File "C:\ProgramData\Anaconda3\envs\keras\lib\site-packages\theano\gof\vm.py", line 1091, in make_all
    impl=impl))
  File "C:\ProgramData\Anaconda3\envs\keras\lib\site-packages\theano\gof\op.py", line 955, in make_thunk
    no_recycling)
  File "C:\ProgramData\Anaconda3\envs\keras\lib\site-packages\theano\gof\op.py", line 858, in make_c_thunk
    output_storage=node_output_storage)
  File "C:\ProgramData\Anaconda3\envs\keras\lib\site-packages\theano\gof\cc.py", line 1217, in make_thunk
    keep_lock=keep_lock)
  File "C:\ProgramData\Anaconda3\envs\keras\lib\site-packages\theano\gof\cc.py", line 1157, in __compile__
    keep_lock=keep_lock)
  File "C:\ProgramData\Anaconda3\envs\keras\lib\site-packages\theano\gof\cc.py", line 1624, in cthunk_factory
    key=key, lnk=self, keep_lock=keep_lock)
  File "C:\ProgramData\Anaconda3\envs\keras\lib\site-packages\theano\gof\cmodule.py", line 1148, in module_from_key
    module = self._get_from_key(key)
  File "C:\ProgramData\Anaconda3\envs\keras\lib\site-packages\theano\gof\cmodule.py", line 1047, in _get_from_key
    return self._get_module(name)
  File "C:\ProgramData\Anaconda3\envs\keras\lib\site-packages\theano\gof\cmodule.py", line 720, in _get_module
    self.module_from_name[name] = dlimport(name)
  File "C:\ProgramData\Anaconda3\envs\keras\lib\site-packages\theano\gof\cmodule.py", line 278, in dlimport
    raise ValueError('`fullpath` must be an absolute path', fullpath)
ValueError: ('The following error happened while compiling the node', Elemwise{add,no_inplace}(x, s), '\n', '`fullpath` must be an absolute path', 'C:\\Users\\mutation\\AppData\\Local\\Theano\\compiledir_Windows-10-10.0.18362-SP0-Intel64_Family_6_Model_85_Stepping_4_GenuineIntel-3.6.12-64\\tmp5hbweyj4\\m03cc3cdee46c6787a94521175277126c8d483d4e6ac5026e943ac127eec8e49a.pyd')

======================================================================
ERROR: test_masked_input (__main__.T_function)
----------------------------------------------------------------------
Traceback (most recent call last):
  File "test_function_module.py", line 548, in test_masked_input
    function([m, mt], mt * 2, on_unused_input='ignore')
  File "C:\ProgramData\Anaconda3\envs\keras\lib\site-packages\theano\compile\function.py", line 317, in function
    output_keys=output_keys)
  File "C:\ProgramData\Anaconda3\envs\keras\lib\site-packages\theano\compile\pfunc.py", line 486, in pfunc
    output_keys=output_keys)
  File "C:\ProgramData\Anaconda3\envs\keras\lib\site-packages\theano\compile\function_module.py", line 1841, in orig_function
    fn = m.create(defaults)
  File "C:\ProgramData\Anaconda3\envs\keras\lib\site-packages\theano\compile\function_module.py", line 1715, in create
    input_storage=input_storage_lists, storage_map=storage_map)
  File "C:\ProgramData\Anaconda3\envs\keras\lib\site-packages\theano\gof\link.py", line 699, in make_thunk
    storage_map=storage_map)[:3]
  File "C:\ProgramData\Anaconda3\envs\keras\lib\site-packages\theano\gof\vm.py", line 1091, in make_all
    impl=impl))
  File "C:\ProgramData\Anaconda3\envs\keras\lib\site-packages\theano\gof\op.py", line 955, in make_thunk
    no_recycling)
  File "C:\ProgramData\Anaconda3\envs\keras\lib\site-packages\theano\gof\op.py", line 858, in make_c_thunk
    output_storage=node_output_storage)
  File "C:\ProgramData\Anaconda3\envs\keras\lib\site-packages\theano\gof\cc.py", line 1217, in make_thunk
    keep_lock=keep_lock)
  File "C:\ProgramData\Anaconda3\envs\keras\lib\site-packages\theano\gof\cc.py", line 1157, in __compile__
    keep_lock=keep_lock)
  File "C:\ProgramData\Anaconda3\envs\keras\lib\site-packages\theano\gof\cc.py", line 1624, in cthunk_factory
    key=key, lnk=self, keep_lock=keep_lock)
  File "C:\ProgramData\Anaconda3\envs\keras\lib\site-packages\theano\gof\cmodule.py", line 1189, in module_from_key
    module = lnk.compile_cmodule(location)
  File "C:\ProgramData\Anaconda3\envs\keras\lib\site-packages\theano\gof\cc.py", line 1527, in compile_cmodule
    preargs=preargs)
  File "C:\ProgramData\Anaconda3\envs\keras\lib\site-packages\theano\gof\cmodule.py", line 2420, in compile_str
    return dlimport(lib_filename)
  File "C:\ProgramData\Anaconda3\envs\keras\lib\site-packages\theano\gof\cmodule.py", line 278, in dlimport
    raise ValueError('`fullpath` must be an absolute path', fullpath)
ValueError: ('The following error happened while compiling the node', InplaceDimShuffle{x,x}(TensorConstant{2.0}), '\n', '`fullpath` must be an absolute path', 'C:\\Users\\mutation\\AppData\\Local\\Theano\\compiledir_Windows-10-10.0.18362-SP0-Intel64_Family_6_Model_85_Stepping_4_GenuineIntel-3.6.12-64\\tmpybsw2e6w\\m885ff006a95d626dac547a7bdfdb471bbf058622ece2b4435e42316c4012ea56.pyd', '[InplaceDimShuffle{x,x}(TensorConstant{2.0})]')

======================================================================
ERROR: test_naming_rule0 (__main__.T_function)
----------------------------------------------------------------------
Traceback (most recent call last):
  File "test_function_module.py", line 124, in test_naming_rule0
    f = function([x, s], x / s)
  File "C:\ProgramData\Anaconda3\envs\keras\lib\site-packages\theano\compile\function.py", line 317, in function
    output_keys=output_keys)
  File "C:\ProgramData\Anaconda3\envs\keras\lib\site-packages\theano\compile\pfunc.py", line 486, in pfunc
    output_keys=output_keys)
  File "C:\ProgramData\Anaconda3\envs\keras\lib\site-packages\theano\compile\function_module.py", line 1841, in orig_function
    fn = m.create(defaults)
  File "C:\ProgramData\Anaconda3\envs\keras\lib\site-packages\theano\compile\function_module.py", line 1715, in create
    input_storage=input_storage_lists, storage_map=storage_map)
  File "C:\ProgramData\Anaconda3\envs\keras\lib\site-packages\theano\gof\link.py", line 699, in make_thunk
    storage_map=storage_map)[:3]
  File "C:\ProgramData\Anaconda3\envs\keras\lib\site-packages\theano\gof\vm.py", line 1091, in make_all
    impl=impl))
  File "C:\ProgramData\Anaconda3\envs\keras\lib\site-packages\theano\gof\op.py", line 955, in make_thunk
    no_recycling)
  File "C:\ProgramData\Anaconda3\envs\keras\lib\site-packages\theano\gof\op.py", line 858, in make_c_thunk
    output_storage=node_output_storage)
  File "C:\ProgramData\Anaconda3\envs\keras\lib\site-packages\theano\gof\cc.py", line 1217, in make_thunk
    keep_lock=keep_lock)
  File "C:\ProgramData\Anaconda3\envs\keras\lib\site-packages\theano\gof\cc.py", line 1157, in __compile__
    keep_lock=keep_lock)
  File "C:\ProgramData\Anaconda3\envs\keras\lib\site-packages\theano\gof\cc.py", line 1624, in cthunk_factory
    key=key, lnk=self, keep_lock=keep_lock)
  File "C:\ProgramData\Anaconda3\envs\keras\lib\site-packages\theano\gof\cmodule.py", line 1148, in module_from_key
    module = self._get_from_key(key)
  File "C:\ProgramData\Anaconda3\envs\keras\lib\site-packages\theano\gof\cmodule.py", line 1047, in _get_from_key
    return self._get_module(name)
  File "C:\ProgramData\Anaconda3\envs\keras\lib\site-packages\theano\gof\cmodule.py", line 720, in _get_module
    self.module_from_name[name] = dlimport(name)
  File "C:\ProgramData\Anaconda3\envs\keras\lib\site-packages\theano\gof\cmodule.py", line 278, in dlimport
    raise ValueError('`fullpath` must be an absolute path', fullpath)
ValueError: ('The following error happened while compiling the node', Elemwise{true_div,no_inplace}(x, s), '\n', '`fullpath` must be an absolute path', 'C:\\Users\\mutation\\AppData\\Local\\Theano\\compiledir_Windows-10-10.0.18362-SP0-Intel64_Family_6_Model_85_Stepping_4_GenuineIntel-3.6.12-64\\tmpsfsmdm8d\\me1b70abf2487746f11d44e03101358e42a5484bbe793d07b15d6a32a1e22c75d.pyd')

======================================================================
ERROR: test_naming_rule1 (__main__.T_function)
----------------------------------------------------------------------
Traceback (most recent call last):
  File "test_function_module.py", line 137, in test_naming_rule1
    f = function([a, s], a / s)
  File "C:\ProgramData\Anaconda3\envs\keras\lib\site-packages\theano\compile\function.py", line 317, in function
    output_keys=output_keys)
  File "C:\ProgramData\Anaconda3\envs\keras\lib\site-packages\theano\compile\pfunc.py", line 486, in pfunc
    output_keys=output_keys)
  File "C:\ProgramData\Anaconda3\envs\keras\lib\site-packages\theano\compile\function_module.py", line 1841, in orig_function
    fn = m.create(defaults)
  File "C:\ProgramData\Anaconda3\envs\keras\lib\site-packages\theano\compile\function_module.py", line 1715, in create
    input_storage=input_storage_lists, storage_map=storage_map)
  File "C:\ProgramData\Anaconda3\envs\keras\lib\site-packages\theano\gof\link.py", line 699, in make_thunk
    storage_map=storage_map)[:3]
  File "C:\ProgramData\Anaconda3\envs\keras\lib\site-packages\theano\gof\vm.py", line 1091, in make_all
    impl=impl))
  File "C:\ProgramData\Anaconda3\envs\keras\lib\site-packages\theano\gof\op.py", line 955, in make_thunk
    no_recycling)
  File "C:\ProgramData\Anaconda3\envs\keras\lib\site-packages\theano\gof\op.py", line 858, in make_c_thunk
    output_storage=node_output_storage)
  File "C:\ProgramData\Anaconda3\envs\keras\lib\site-packages\theano\gof\cc.py", line 1217, in make_thunk
    keep_lock=keep_lock)
  File "C:\ProgramData\Anaconda3\envs\keras\lib\site-packages\theano\gof\cc.py", line 1157, in __compile__
    keep_lock=keep_lock)
  File "C:\ProgramData\Anaconda3\envs\keras\lib\site-packages\theano\gof\cc.py", line 1624, in cthunk_factory
    key=key, lnk=self, keep_lock=keep_lock)
  File "C:\ProgramData\Anaconda3\envs\keras\lib\site-packages\theano\gof\cmodule.py", line 1148, in module_from_key
    module = self._get_from_key(key)
  File "C:\ProgramData\Anaconda3\envs\keras\lib\site-packages\theano\gof\cmodule.py", line 1047, in _get_from_key
    return self._get_module(name)
  File "C:\ProgramData\Anaconda3\envs\keras\lib\site-packages\theano\gof\cmodule.py", line 720, in _get_module
    self.module_from_name[name] = dlimport(name)
  File "C:\ProgramData\Anaconda3\envs\keras\lib\site-packages\theano\gof\cmodule.py", line 278, in dlimport
    raise ValueError('`fullpath` must be an absolute path', fullpath)
ValueError: ('The following error happened while compiling the node', Elemwise{true_div,no_inplace}(<TensorType(float64, scalar)>, s), '\n', '`fullpath` must be an absolute path', 'C:\\Users\\mutation\\AppData\\Local\\Theano\\compiledir_Windows-10-10.0.18362-SP0-Intel64_Family_6_Model_85_Stepping_4_GenuineIntel-3.6.12-64\\tmpsfsmdm8d\\me1b70abf2487746f11d44e03101358e42a5484bbe793d07b15d6a32a1e22c75d.pyd')

======================================================================
ERROR: test_naming_rule2 (__main__.T_function)
----------------------------------------------------------------------
Traceback (most recent call last):
  File "test_function_module.py", line 150, in test_naming_rule2
    f = function([x, a, s], a / s, on_unused_input='ignore')
  File "C:\ProgramData\Anaconda3\envs\keras\lib\site-packages\theano\compile\function.py", line 317, in function
    output_keys=output_keys)
  File "C:\ProgramData\Anaconda3\envs\keras\lib\site-packages\theano\compile\pfunc.py", line 486, in pfunc
    output_keys=output_keys)
  File "C:\ProgramData\Anaconda3\envs\keras\lib\site-packages\theano\compile\function_module.py", line 1841, in orig_function
    fn = m.create(defaults)
  File "C:\ProgramData\Anaconda3\envs\keras\lib\site-packages\theano\compile\function_module.py", line 1715, in create
    input_storage=input_storage_lists, storage_map=storage_map)
  File "C:\ProgramData\Anaconda3\envs\keras\lib\site-packages\theano\gof\link.py", line 699, in make_thunk
    storage_map=storage_map)[:3]
  File "C:\ProgramData\Anaconda3\envs\keras\lib\site-packages\theano\gof\vm.py", line 1091, in make_all
    impl=impl))
  File "C:\ProgramData\Anaconda3\envs\keras\lib\site-packages\theano\gof\op.py", line 955, in make_thunk
    no_recycling)
  File "C:\ProgramData\Anaconda3\envs\keras\lib\site-packages\theano\gof\op.py", line 858, in make_c_thunk
    output_storage=node_output_storage)
  File "C:\ProgramData\Anaconda3\envs\keras\lib\site-packages\theano\gof\cc.py", line 1217, in make_thunk
    keep_lock=keep_lock)
  File "C:\ProgramData\Anaconda3\envs\keras\lib\site-packages\theano\gof\cc.py", line 1157, in __compile__
    keep_lock=keep_lock)
  File "C:\ProgramData\Anaconda3\envs\keras\lib\site-packages\theano\gof\cc.py", line 1624, in cthunk_factory
    key=key, lnk=self, keep_lock=keep_lock)
  File "C:\ProgramData\Anaconda3\envs\keras\lib\site-packages\theano\gof\cmodule.py", line 1148, in module_from_key
    module = self._get_from_key(key)
  File "C:\ProgramData\Anaconda3\envs\keras\lib\site-packages\theano\gof\cmodule.py", line 1047, in _get_from_key
    return self._get_module(name)
  File "C:\ProgramData\Anaconda3\envs\keras\lib\site-packages\theano\gof\cmodule.py", line 720, in _get_module
    self.module_from_name[name] = dlimport(name)
  File "C:\ProgramData\Anaconda3\envs\keras\lib\site-packages\theano\gof\cmodule.py", line 278, in dlimport
    raise ValueError('`fullpath` must be an absolute path', fullpath)
ValueError: ('The following error happened while compiling the node', Elemwise{true_div,no_inplace}(<TensorType(float64, scalar)>, s), '\n', '`fullpath` must be an absolute path', 'C:\\Users\\mutation\\AppData\\Local\\Theano\\compiledir_Windows-10-10.0.18362-SP0-Intel64_Family_6_Model_85_Stepping_4_GenuineIntel-3.6.12-64\\tmpsfsmdm8d\\me1b70abf2487746f11d44e03101358e42a5484bbe793d07b15d6a32a1e22c75d.pyd')

======================================================================
ERROR: test_naming_rule3 (__main__.T_function)
----------------------------------------------------------------------
Traceback (most recent call last):
  File "test_function_module.py", line 162, in test_naming_rule3
    f = function([x, In(a, value=1.0), s], a / s + x)
  File "C:\ProgramData\Anaconda3\envs\keras\lib\site-packages\theano\compile\function.py", line 317, in function
    output_keys=output_keys)
  File "C:\ProgramData\Anaconda3\envs\keras\lib\site-packages\theano\compile\pfunc.py", line 486, in pfunc
    output_keys=output_keys)
  File "C:\ProgramData\Anaconda3\envs\keras\lib\site-packages\theano\compile\function_module.py", line 1841, in orig_function
    fn = m.create(defaults)
  File "C:\ProgramData\Anaconda3\envs\keras\lib\site-packages\theano\compile\function_module.py", line 1715, in create
    input_storage=input_storage_lists, storage_map=storage_map)
  File "C:\ProgramData\Anaconda3\envs\keras\lib\site-packages\theano\gof\link.py", line 699, in make_thunk
    storage_map=storage_map)[:3]
  File "C:\ProgramData\Anaconda3\envs\keras\lib\site-packages\theano\gof\vm.py", line 1091, in make_all
    impl=impl))
  File "C:\ProgramData\Anaconda3\envs\keras\lib\site-packages\theano\gof\op.py", line 955, in make_thunk
    no_recycling)
  File "C:\ProgramData\Anaconda3\envs\keras\lib\site-packages\theano\gof\op.py", line 858, in make_c_thunk
    output_storage=node_output_storage)
  File "C:\ProgramData\Anaconda3\envs\keras\lib\site-packages\theano\gof\cc.py", line 1217, in make_thunk
    keep_lock=keep_lock)
  File "C:\ProgramData\Anaconda3\envs\keras\lib\site-packages\theano\gof\cc.py", line 1157, in __compile__
    keep_lock=keep_lock)
  File "C:\ProgramData\Anaconda3\envs\keras\lib\site-packages\theano\gof\cc.py", line 1624, in cthunk_factory
    key=key, lnk=self, keep_lock=keep_lock)
  File "C:\ProgramData\Anaconda3\envs\keras\lib\site-packages\theano\gof\cmodule.py", line 1148, in module_from_key
    module = self._get_from_key(key)
  File "C:\ProgramData\Anaconda3\envs\keras\lib\site-packages\theano\gof\cmodule.py", line 1047, in _get_from_key
    return self._get_module(name)
  File "C:\ProgramData\Anaconda3\envs\keras\lib\site-packages\theano\gof\cmodule.py", line 720, in _get_module
    self.module_from_name[name] = dlimport(name)
  File "C:\ProgramData\Anaconda3\envs\keras\lib\site-packages\theano\gof\cmodule.py", line 278, in dlimport
    raise ValueError('`fullpath` must be an absolute path', fullpath)
ValueError: ('The following error happened while compiling the node', Elemwise{Composite{((i0 / i1) + i2)}}(<TensorType(float64, scalar)>, s, x), '\n', '`fullpath` must be an absolute path', 'C:\\Users\\mutation\\AppData\\Local\\Theano\\compiledir_Windows-10-10.0.18362-SP0-Intel64_Family_6_Model_85_Stepping_4_GenuineIntel-3.6.12-64\\tmpbtivxkgo\\m5f58a6b82112aba4e75ff39832c32ea4806804f1ae8754466a97a5f6bd90a4db.pyd')

======================================================================
ERROR: test_naming_rule4 (__main__.T_function)
----------------------------------------------------------------------
Traceback (most recent call last):
  File "test_function_module.py", line 175, in test_naming_rule4
    f = function([x, In(a, value=1.0, name='a'), s], a / s + x)
  File "C:\ProgramData\Anaconda3\envs\keras\lib\site-packages\theano\compile\function.py", line 317, in function
    output_keys=output_keys)
  File "C:\ProgramData\Anaconda3\envs\keras\lib\site-packages\theano\compile\pfunc.py", line 486, in pfunc
    output_keys=output_keys)
  File "C:\ProgramData\Anaconda3\envs\keras\lib\site-packages\theano\compile\function_module.py", line 1841, in orig_function
    fn = m.create(defaults)
  File "C:\ProgramData\Anaconda3\envs\keras\lib\site-packages\theano\compile\function_module.py", line 1715, in create
    input_storage=input_storage_lists, storage_map=storage_map)
  File "C:\ProgramData\Anaconda3\envs\keras\lib\site-packages\theano\gof\link.py", line 699, in make_thunk
    storage_map=storage_map)[:3]
  File "C:\ProgramData\Anaconda3\envs\keras\lib\site-packages\theano\gof\vm.py", line 1091, in make_all
    impl=impl))
  File "C:\ProgramData\Anaconda3\envs\keras\lib\site-packages\theano\gof\op.py", line 955, in make_thunk
    no_recycling)
  File "C:\ProgramData\Anaconda3\envs\keras\lib\site-packages\theano\gof\op.py", line 858, in make_c_thunk
    output_storage=node_output_storage)
  File "C:\ProgramData\Anaconda3\envs\keras\lib\site-packages\theano\gof\cc.py", line 1217, in make_thunk
    keep_lock=keep_lock)
  File "C:\ProgramData\Anaconda3\envs\keras\lib\site-packages\theano\gof\cc.py", line 1157, in __compile__
    keep_lock=keep_lock)
  File "C:\ProgramData\Anaconda3\envs\keras\lib\site-packages\theano\gof\cc.py", line 1624, in cthunk_factory
    key=key, lnk=self, keep_lock=keep_lock)
  File "C:\ProgramData\Anaconda3\envs\keras\lib\site-packages\theano\gof\cmodule.py", line 1148, in module_from_key
    module = self._get_from_key(key)
  File "C:\ProgramData\Anaconda3\envs\keras\lib\site-packages\theano\gof\cmodule.py", line 1047, in _get_from_key
    return self._get_module(name)
  File "C:\ProgramData\Anaconda3\envs\keras\lib\site-packages\theano\gof\cmodule.py", line 720, in _get_module
    self.module_from_name[name] = dlimport(name)
  File "C:\ProgramData\Anaconda3\envs\keras\lib\site-packages\theano\gof\cmodule.py", line 278, in dlimport
    raise ValueError('`fullpath` must be an absolute path', fullpath)
ValueError: ('The following error happened while compiling the node', Elemwise{Composite{((i0 / i1) + i2)}}(<TensorType(float64, scalar)>, s, x), '\n', '`fullpath` must be an absolute path', 'C:\\Users\\mutation\\AppData\\Local\\Theano\\compiledir_Windows-10-10.0.18362-SP0-Intel64_Family_6_Model_85_Stepping_4_GenuineIntel-3.6.12-64\\tmpbtivxkgo\\m5f58a6b82112aba4e75ff39832c32ea4806804f1ae8754466a97a5f6bd90a4db.pyd')

======================================================================
ERROR: test_same_names (__main__.T_function)
----------------------------------------------------------------------
Traceback (most recent call last):
  File "test_function_module.py", line 209, in test_same_names
    f = function([a, x, s], a + x + s)
  File "C:\ProgramData\Anaconda3\envs\keras\lib\site-packages\theano\compile\function.py", line 317, in function
    output_keys=output_keys)
  File "C:\ProgramData\Anaconda3\envs\keras\lib\site-packages\theano\compile\pfunc.py", line 486, in pfunc
    output_keys=output_keys)
  File "C:\ProgramData\Anaconda3\envs\keras\lib\site-packages\theano\compile\function_module.py", line 1841, in orig_function
    fn = m.create(defaults)
  File "C:\ProgramData\Anaconda3\envs\keras\lib\site-packages\theano\compile\function_module.py", line 1715, in create
    input_storage=input_storage_lists, storage_map=storage_map)
  File "C:\ProgramData\Anaconda3\envs\keras\lib\site-packages\theano\gof\link.py", line 699, in make_thunk
    storage_map=storage_map)[:3]
  File "C:\ProgramData\Anaconda3\envs\keras\lib\site-packages\theano\gof\vm.py", line 1091, in make_all
    impl=impl))
  File "C:\ProgramData\Anaconda3\envs\keras\lib\site-packages\theano\gof\op.py", line 955, in make_thunk
    no_recycling)
  File "C:\ProgramData\Anaconda3\envs\keras\lib\site-packages\theano\gof\op.py", line 858, in make_c_thunk
    output_storage=node_output_storage)
  File "C:\ProgramData\Anaconda3\envs\keras\lib\site-packages\theano\gof\cc.py", line 1217, in make_thunk
    keep_lock=keep_lock)
  File "C:\ProgramData\Anaconda3\envs\keras\lib\site-packages\theano\gof\cc.py", line 1157, in __compile__
    keep_lock=keep_lock)
  File "C:\ProgramData\Anaconda3\envs\keras\lib\site-packages\theano\gof\cc.py", line 1624, in cthunk_factory
    key=key, lnk=self, keep_lock=keep_lock)
  File "C:\ProgramData\Anaconda3\envs\keras\lib\site-packages\theano\gof\cmodule.py", line 1148, in module_from_key
    module = self._get_from_key(key)
  File "C:\ProgramData\Anaconda3\envs\keras\lib\site-packages\theano\gof\cmodule.py", line 1047, in _get_from_key
    return self._get_module(name)
  File "C:\ProgramData\Anaconda3\envs\keras\lib\site-packages\theano\gof\cmodule.py", line 720, in _get_module
    self.module_from_name[name] = dlimport(name)
  File "C:\ProgramData\Anaconda3\envs\keras\lib\site-packages\theano\gof\cmodule.py", line 278, in dlimport
    raise ValueError('`fullpath` must be an absolute path', fullpath)
ValueError: ('The following error happened while compiling the node', Elemwise{add,no_inplace}(x, x, x), '\n', '`fullpath` must be an absolute path', 'C:\\Users\\mutation\\AppData\\Local\\Theano\\compiledir_Windows-10-10.0.18362-SP0-Intel64_Family_6_Model_85_Stepping_4_GenuineIntel-3.6.12-64\\tmpa_wevfqg\\mb5b5c2483e177e4dd9a1e091edddbf9aede669efc0403417e5b2035947f0ca80.pyd')

======================================================================
ERROR: test_shared_state0 (__main__.T_function)
----------------------------------------------------------------------
Traceback (most recent call last):
  File "test_function_module.py", line 400, in test_shared_state0
    s + a * x)
  File "C:\ProgramData\Anaconda3\envs\keras\lib\site-packages\theano\compile\function.py", line 317, in function
    output_keys=output_keys)
  File "C:\ProgramData\Anaconda3\envs\keras\lib\site-packages\theano\compile\pfunc.py", line 486, in pfunc
    output_keys=output_keys)
  File "C:\ProgramData\Anaconda3\envs\keras\lib\site-packages\theano\compile\function_module.py", line 1841, in orig_function
    fn = m.create(defaults)
  File "C:\ProgramData\Anaconda3\envs\keras\lib\site-packages\theano\compile\function_module.py", line 1715, in create
    input_storage=input_storage_lists, storage_map=storage_map)
  File "C:\ProgramData\Anaconda3\envs\keras\lib\site-packages\theano\gof\link.py", line 699, in make_thunk
    storage_map=storage_map)[:3]
  File "C:\ProgramData\Anaconda3\envs\keras\lib\site-packages\theano\gof\vm.py", line 1091, in make_all
    impl=impl))
  File "C:\ProgramData\Anaconda3\envs\keras\lib\site-packages\theano\gof\op.py", line 955, in make_thunk
    no_recycling)
  File "C:\ProgramData\Anaconda3\envs\keras\lib\site-packages\theano\gof\op.py", line 858, in make_c_thunk
    output_storage=node_output_storage)
  File "C:\ProgramData\Anaconda3\envs\keras\lib\site-packages\theano\gof\cc.py", line 1217, in make_thunk
    keep_lock=keep_lock)
  File "C:\ProgramData\Anaconda3\envs\keras\lib\site-packages\theano\gof\cc.py", line 1157, in __compile__
    keep_lock=keep_lock)
  File "C:\ProgramData\Anaconda3\envs\keras\lib\site-packages\theano\gof\cc.py", line 1624, in cthunk_factory
    key=key, lnk=self, keep_lock=keep_lock)
  File "C:\ProgramData\Anaconda3\envs\keras\lib\site-packages\theano\gof\cmodule.py", line 1148, in module_from_key
    module = self._get_from_key(key)
  File "C:\ProgramData\Anaconda3\envs\keras\lib\site-packages\theano\gof\cmodule.py", line 1047, in _get_from_key
    return self._get_module(name)
  File "C:\ProgramData\Anaconda3\envs\keras\lib\site-packages\theano\gof\cmodule.py", line 720, in _get_module
    self.module_from_name[name] = dlimport(name)
  File "C:\ProgramData\Anaconda3\envs\keras\lib\site-packages\theano\gof\cmodule.py", line 278, in dlimport
    raise ValueError('`fullpath` must be an absolute path', fullpath)
ValueError: ('The following error happened while compiling the node', Elemwise{Composite{(i0 + (i1 * i2))}}[(0, 0)](s, <TensorType(float64, scalar)>, x), '\n', '`fullpath` must be an absolute path', 'C:\\Users\\mutation\\AppData\\Local\\Theano\\compiledir_Windows-10-10.0.18362-SP0-Intel64_Family_6_Model_85_Stepping_4_GenuineIntel-3.6.12-64\\tmpj13wj48a\\mcde737169b1d047a5f67ae350470209cff75655f77bd6137224361986e18c7b6.pyd')

======================================================================
ERROR: test_shared_state1 (__main__.T_function)
----------------------------------------------------------------------
Traceback (most recent call last):
  File "test_function_module.py", line 417, in test_shared_state1
    In(s, value=0.0, update=s + a * x, mutable=True)], s + a * x)
  File "C:\ProgramData\Anaconda3\envs\keras\lib\site-packages\theano\compile\function.py", line 317, in function
    output_keys=output_keys)
  File "C:\ProgramData\Anaconda3\envs\keras\lib\site-packages\theano\compile\pfunc.py", line 486, in pfunc
    output_keys=output_keys)
  File "C:\ProgramData\Anaconda3\envs\keras\lib\site-packages\theano\compile\function_module.py", line 1841, in orig_function
    fn = m.create(defaults)
  File "C:\ProgramData\Anaconda3\envs\keras\lib\site-packages\theano\compile\function_module.py", line 1715, in create
    input_storage=input_storage_lists, storage_map=storage_map)
  File "C:\ProgramData\Anaconda3\envs\keras\lib\site-packages\theano\gof\link.py", line 699, in make_thunk
    storage_map=storage_map)[:3]
  File "C:\ProgramData\Anaconda3\envs\keras\lib\site-packages\theano\gof\vm.py", line 1091, in make_all
    impl=impl))
  File "C:\ProgramData\Anaconda3\envs\keras\lib\site-packages\theano\gof\op.py", line 955, in make_thunk
    no_recycling)
  File "C:\ProgramData\Anaconda3\envs\keras\lib\site-packages\theano\gof\op.py", line 858, in make_c_thunk
    output_storage=node_output_storage)
  File "C:\ProgramData\Anaconda3\envs\keras\lib\site-packages\theano\gof\cc.py", line 1217, in make_thunk
    keep_lock=keep_lock)
  File "C:\ProgramData\Anaconda3\envs\keras\lib\site-packages\theano\gof\cc.py", line 1157, in __compile__
    keep_lock=keep_lock)
  File "C:\ProgramData\Anaconda3\envs\keras\lib\site-packages\theano\gof\cc.py", line 1624, in cthunk_factory
    key=key, lnk=self, keep_lock=keep_lock)
  File "C:\ProgramData\Anaconda3\envs\keras\lib\site-packages\theano\gof\cmodule.py", line 1148, in module_from_key
    module = self._get_from_key(key)
  File "C:\ProgramData\Anaconda3\envs\keras\lib\site-packages\theano\gof\cmodule.py", line 1047, in _get_from_key
    return self._get_module(name)
  File "C:\ProgramData\Anaconda3\envs\keras\lib\site-packages\theano\gof\cmodule.py", line 720, in _get_module
    self.module_from_name[name] = dlimport(name)
  File "C:\ProgramData\Anaconda3\envs\keras\lib\site-packages\theano\gof\cmodule.py", line 278, in dlimport
    raise ValueError('`fullpath` must be an absolute path', fullpath)
ValueError: ('The following error happened while compiling the node', Elemwise{Composite{(i0 + (i1 * i2))}}[(0, 0)](s, <TensorType(float64, scalar)>, x), '\n', '`fullpath` must be an absolute path', 'C:\\Users\\mutation\\AppData\\Local\\Theano\\compiledir_Windows-10-10.0.18362-SP0-Intel64_Family_6_Model_85_Stepping_4_GenuineIntel-3.6.12-64\\tmpj13wj48a\\mcde737169b1d047a5f67ae350470209cff75655f77bd6137224361986e18c7b6.pyd')

======================================================================
ERROR: test_shared_state2 (__main__.T_function)
----------------------------------------------------------------------
Traceback (most recent call last):
  File "test_function_module.py", line 434, in test_shared_state2
    mutable=False)], s + a * x)
  File "C:\ProgramData\Anaconda3\envs\keras\lib\site-packages\theano\compile\function.py", line 317, in function
    output_keys=output_keys)
  File "C:\ProgramData\Anaconda3\envs\keras\lib\site-packages\theano\compile\pfunc.py", line 486, in pfunc
    output_keys=output_keys)
  File "C:\ProgramData\Anaconda3\envs\keras\lib\site-packages\theano\compile\function_module.py", line 1841, in orig_function
    fn = m.create(defaults)
  File "C:\ProgramData\Anaconda3\envs\keras\lib\site-packages\theano\compile\function_module.py", line 1715, in create
    input_storage=input_storage_lists, storage_map=storage_map)
  File "C:\ProgramData\Anaconda3\envs\keras\lib\site-packages\theano\gof\link.py", line 699, in make_thunk
    storage_map=storage_map)[:3]
  File "C:\ProgramData\Anaconda3\envs\keras\lib\site-packages\theano\gof\vm.py", line 1091, in make_all
    impl=impl))
  File "C:\ProgramData\Anaconda3\envs\keras\lib\site-packages\theano\gof\op.py", line 955, in make_thunk
    no_recycling)
  File "C:\ProgramData\Anaconda3\envs\keras\lib\site-packages\theano\gof\op.py", line 858, in make_c_thunk
    output_storage=node_output_storage)
  File "C:\ProgramData\Anaconda3\envs\keras\lib\site-packages\theano\gof\cc.py", line 1217, in make_thunk
    keep_lock=keep_lock)
  File "C:\ProgramData\Anaconda3\envs\keras\lib\site-packages\theano\gof\cc.py", line 1157, in __compile__
    keep_lock=keep_lock)
  File "C:\ProgramData\Anaconda3\envs\keras\lib\site-packages\theano\gof\cc.py", line 1624, in cthunk_factory
    key=key, lnk=self, keep_lock=keep_lock)
  File "C:\ProgramData\Anaconda3\envs\keras\lib\site-packages\theano\gof\cmodule.py", line 1148, in module_from_key
    module = self._get_from_key(key)
  File "C:\ProgramData\Anaconda3\envs\keras\lib\site-packages\theano\gof\cmodule.py", line 1047, in _get_from_key
    return self._get_module(name)
  File "C:\ProgramData\Anaconda3\envs\keras\lib\site-packages\theano\gof\cmodule.py", line 720, in _get_module
    self.module_from_name[name] = dlimport(name)
  File "C:\ProgramData\Anaconda3\envs\keras\lib\site-packages\theano\gof\cmodule.py", line 278, in dlimport
    raise ValueError('`fullpath` must be an absolute path', fullpath)
ValueError: ('The following error happened while compiling the node', Elemwise{Composite{(i0 + (i1 * i2))}}(s, <TensorType(float64, scalar)>, x), '\n', '`fullpath` must be an absolute path', 'C:\\Users\\mutation\\AppData\\Local\\Theano\\compiledir_Windows-10-10.0.18362-SP0-Intel64_Family_6_Model_85_Stepping_4_GenuineIntel-3.6.12-64\\tmp9sp61ka0\\mf49dd4210a3a91b72d4dc23cf0f7d315f1bf5b2d27070d442d3d7c806bf65fe3.pyd')

======================================================================
ERROR: test_shared_state_not_implicit (__main__.T_function)
----------------------------------------------------------------------
Traceback (most recent call last):
  File "test_function_module.py", line 453, in test_shared_state_not_implicit
    inc = function([x, In(s, update=(s + x), value=10.0)], [])
  File "C:\ProgramData\Anaconda3\envs\keras\lib\site-packages\theano\compile\function.py", line 317, in function
    output_keys=output_keys)
  File "C:\ProgramData\Anaconda3\envs\keras\lib\site-packages\theano\compile\pfunc.py", line 486, in pfunc
    output_keys=output_keys)
  File "C:\ProgramData\Anaconda3\envs\keras\lib\site-packages\theano\compile\function_module.py", line 1841, in orig_function
    fn = m.create(defaults)
  File "C:\ProgramData\Anaconda3\envs\keras\lib\site-packages\theano\compile\function_module.py", line 1715, in create
    input_storage=input_storage_lists, storage_map=storage_map)
  File "C:\ProgramData\Anaconda3\envs\keras\lib\site-packages\theano\gof\link.py", line 699, in make_thunk
    storage_map=storage_map)[:3]
  File "C:\ProgramData\Anaconda3\envs\keras\lib\site-packages\theano\gof\vm.py", line 1091, in make_all
    impl=impl))
  File "C:\ProgramData\Anaconda3\envs\keras\lib\site-packages\theano\gof\op.py", line 955, in make_thunk
    no_recycling)
  File "C:\ProgramData\Anaconda3\envs\keras\lib\site-packages\theano\gof\op.py", line 858, in make_c_thunk
    output_storage=node_output_storage)
  File "C:\ProgramData\Anaconda3\envs\keras\lib\site-packages\theano\gof\cc.py", line 1217, in make_thunk
    keep_lock=keep_lock)
  File "C:\ProgramData\Anaconda3\envs\keras\lib\site-packages\theano\gof\cc.py", line 1157, in __compile__
    keep_lock=keep_lock)
  File "C:\ProgramData\Anaconda3\envs\keras\lib\site-packages\theano\gof\cc.py", line 1624, in cthunk_factory
    key=key, lnk=self, keep_lock=keep_lock)
  File "C:\ProgramData\Anaconda3\envs\keras\lib\site-packages\theano\gof\cmodule.py", line 1148, in module_from_key
    module = self._get_from_key(key)
  File "C:\ProgramData\Anaconda3\envs\keras\lib\site-packages\theano\gof\cmodule.py", line 1047, in _get_from_key
    return self._get_module(name)
  File "C:\ProgramData\Anaconda3\envs\keras\lib\site-packages\theano\gof\cmodule.py", line 720, in _get_module
    self.module_from_name[name] = dlimport(name)
  File "C:\ProgramData\Anaconda3\envs\keras\lib\site-packages\theano\gof\cmodule.py", line 278, in dlimport
    raise ValueError('`fullpath` must be an absolute path', fullpath)
ValueError: ('The following error happened while compiling the node', Elemwise{Add}[(0, 0)](s, x), '\n', '`fullpath` must be an absolute path', 'C:\\Users\\mutation\\AppData\\Local\\Theano\\compiledir_Windows-10-10.0.18362-SP0-Intel64_Family_6_Model_85_Stepping_4_GenuineIntel-3.6.12-64\\tmp8k1bd86f\\m11705007a0f1a8760598af96c1468c22d9817a5d291e7d0e07cb9df831ddd8cd.pyd')

======================================================================
ERROR: test_state_access (__main__.T_function)
----------------------------------------------------------------------
Traceback (most recent call last):
  File "test_function_module.py", line 190, in test_state_access
    f = function([x, In(a, value=1.0, name='a'), In(s, value=0.0, update=s + a * x)], s + a * x)
  File "C:\ProgramData\Anaconda3\envs\keras\lib\site-packages\theano\compile\function.py", line 317, in function
    output_keys=output_keys)
  File "C:\ProgramData\Anaconda3\envs\keras\lib\site-packages\theano\compile\pfunc.py", line 486, in pfunc
    output_keys=output_keys)
  File "C:\ProgramData\Anaconda3\envs\keras\lib\site-packages\theano\compile\function_module.py", line 1841, in orig_function
    fn = m.create(defaults)
  File "C:\ProgramData\Anaconda3\envs\keras\lib\site-packages\theano\compile\function_module.py", line 1715, in create
    input_storage=input_storage_lists, storage_map=storage_map)
  File "C:\ProgramData\Anaconda3\envs\keras\lib\site-packages\theano\gof\link.py", line 699, in make_thunk
    storage_map=storage_map)[:3]
  File "C:\ProgramData\Anaconda3\envs\keras\lib\site-packages\theano\gof\vm.py", line 1091, in make_all
    impl=impl))
  File "C:\ProgramData\Anaconda3\envs\keras\lib\site-packages\theano\gof\op.py", line 955, in make_thunk
    no_recycling)
  File "C:\ProgramData\Anaconda3\envs\keras\lib\site-packages\theano\gof\op.py", line 858, in make_c_thunk
    output_storage=node_output_storage)
  File "C:\ProgramData\Anaconda3\envs\keras\lib\site-packages\theano\gof\cc.py", line 1217, in make_thunk
    keep_lock=keep_lock)
  File "C:\ProgramData\Anaconda3\envs\keras\lib\site-packages\theano\gof\cc.py", line 1157, in __compile__
    keep_lock=keep_lock)
  File "C:\ProgramData\Anaconda3\envs\keras\lib\site-packages\theano\gof\cc.py", line 1624, in cthunk_factory
    key=key, lnk=self, keep_lock=keep_lock)
  File "C:\ProgramData\Anaconda3\envs\keras\lib\site-packages\theano\gof\cmodule.py", line 1148, in module_from_key
    module = self._get_from_key(key)
  File "C:\ProgramData\Anaconda3\envs\keras\lib\site-packages\theano\gof\cmodule.py", line 1047, in _get_from_key
    return self._get_module(name)
  File "C:\ProgramData\Anaconda3\envs\keras\lib\site-packages\theano\gof\cmodule.py", line 720, in _get_module
    self.module_from_name[name] = dlimport(name)
  File "C:\ProgramData\Anaconda3\envs\keras\lib\site-packages\theano\gof\cmodule.py", line 278, in dlimport
    raise ValueError('`fullpath` must be an absolute path', fullpath)
ValueError: ('The following error happened while compiling the node', Elemwise{Composite{(i0 + (i1 * i2))}}[(0, 0)](s, <TensorType(float64, scalar)>, x), '\n', '`fullpath` must be an absolute path', 'C:\\Users\\mutation\\AppData\\Local\\Theano\\compiledir_Windows-10-10.0.18362-SP0-Intel64_Family_6_Model_85_Stepping_4_GenuineIntel-3.6.12-64\\tmpj13wj48a\\mcde737169b1d047a5f67ae350470209cff75655f77bd6137224361986e18c7b6.pyd')

======================================================================
ERROR: test_swap_SharedVariable (__main__.T_function)
----------------------------------------------------------------------
Traceback (most recent call last):
  File "test_function_module.py", line 305, in test_swap_SharedVariable
    givens={x: x_list[i]})
  File "C:\ProgramData\Anaconda3\envs\keras\lib\site-packages\theano\compile\function.py", line 317, in function
    output_keys=output_keys)
  File "C:\ProgramData\Anaconda3\envs\keras\lib\site-packages\theano\compile\pfunc.py", line 486, in pfunc
    output_keys=output_keys)
  File "C:\ProgramData\Anaconda3\envs\keras\lib\site-packages\theano\compile\function_module.py", line 1841, in orig_function
    fn = m.create(defaults)
  File "C:\ProgramData\Anaconda3\envs\keras\lib\site-packages\theano\compile\function_module.py", line 1715, in create
    input_storage=input_storage_lists, storage_map=storage_map)
  File "C:\ProgramData\Anaconda3\envs\keras\lib\site-packages\theano\gof\link.py", line 699, in make_thunk
    storage_map=storage_map)[:3]
  File "C:\ProgramData\Anaconda3\envs\keras\lib\site-packages\theano\gof\vm.py", line 1091, in make_all
    impl=impl))
  File "C:\ProgramData\Anaconda3\envs\keras\lib\site-packages\theano\gof\op.py", line 955, in make_thunk
    no_recycling)
  File "C:\ProgramData\Anaconda3\envs\keras\lib\site-packages\theano\gof\op.py", line 858, in make_c_thunk
    output_storage=node_output_storage)
  File "C:\ProgramData\Anaconda3\envs\keras\lib\site-packages\theano\gof\cc.py", line 1217, in make_thunk
    keep_lock=keep_lock)
  File "C:\ProgramData\Anaconda3\envs\keras\lib\site-packages\theano\gof\cc.py", line 1157, in __compile__
    keep_lock=keep_lock)
  File "C:\ProgramData\Anaconda3\envs\keras\lib\site-packages\theano\gof\cc.py", line 1624, in cthunk_factory
    key=key, lnk=self, keep_lock=keep_lock)
  File "C:\ProgramData\Anaconda3\envs\keras\lib\site-packages\theano\gof\cmodule.py", line 1189, in module_from_key
    module = lnk.compile_cmodule(location)
  File "C:\ProgramData\Anaconda3\envs\keras\lib\site-packages\theano\gof\cc.py", line 1527, in compile_cmodule
    preargs=preargs)
  File "C:\ProgramData\Anaconda3\envs\keras\lib\site-packages\theano\gof\cmodule.py", line 2420, in compile_str
    return dlimport(lib_filename)
  File "C:\ProgramData\Anaconda3\envs\keras\lib\site-packages\theano\gof\cmodule.py", line 278, in dlimport
    raise ValueError('`fullpath` must be an absolute path', fullpath)
ValueError: ('The following error happened while compiling the node', ScalarFromTensor(<TensorType(int32, scalar)>), '\n', '`fullpath` must be an absolute path', 'C:\\Users\\mutation\\AppData\\Local\\Theano\\compiledir_Windows-10-10.0.18362-SP0-Intel64_Family_6_Model_85_Stepping_4_GenuineIntel-3.6.12-64\\tmpl6lgr4ex\\m7b9aaee4c7e7a84c9349e61bca7c6a325d685aa6ac844a5dba2a836e7ea148e3.pyd', '[ScalarFromTensor(<TensorType(int32, scalar)>)]')

======================================================================
ERROR: test_swap_SharedVariable_with_given (__main__.T_function)
----------------------------------------------------------------------
Traceback (most recent call last):
  File "test_function_module.py", line 357, in test_swap_SharedVariable_with_given
    updates={train_x: train_x + 0.1})
  File "C:\ProgramData\Anaconda3\envs\keras\lib\site-packages\theano\compile\function.py", line 317, in function
    output_keys=output_keys)
  File "C:\ProgramData\Anaconda3\envs\keras\lib\site-packages\theano\compile\pfunc.py", line 486, in pfunc
    output_keys=output_keys)
  File "C:\ProgramData\Anaconda3\envs\keras\lib\site-packages\theano\compile\function_module.py", line 1841, in orig_function
    fn = m.create(defaults)
  File "C:\ProgramData\Anaconda3\envs\keras\lib\site-packages\theano\compile\function_module.py", line 1715, in create
    input_storage=input_storage_lists, storage_map=storage_map)
  File "C:\ProgramData\Anaconda3\envs\keras\lib\site-packages\theano\gof\link.py", line 699, in make_thunk
    storage_map=storage_map)[:3]
  File "C:\ProgramData\Anaconda3\envs\keras\lib\site-packages\theano\gof\vm.py", line 1091, in make_all
    impl=impl))
  File "C:\ProgramData\Anaconda3\envs\keras\lib\site-packages\theano\gof\op.py", line 955, in make_thunk
    no_recycling)
  File "C:\ProgramData\Anaconda3\envs\keras\lib\site-packages\theano\gof\op.py", line 858, in make_c_thunk
    output_storage=node_output_storage)
  File "C:\ProgramData\Anaconda3\envs\keras\lib\site-packages\theano\gof\cc.py", line 1217, in make_thunk
    keep_lock=keep_lock)
  File "C:\ProgramData\Anaconda3\envs\keras\lib\site-packages\theano\gof\cc.py", line 1157, in __compile__
    keep_lock=keep_lock)
  File "C:\ProgramData\Anaconda3\envs\keras\lib\site-packages\theano\gof\cc.py", line 1624, in cthunk_factory
    key=key, lnk=self, keep_lock=keep_lock)
  File "C:\ProgramData\Anaconda3\envs\keras\lib\site-packages\theano\gof\cmodule.py", line 1189, in module_from_key
    module = lnk.compile_cmodule(location)
  File "C:\ProgramData\Anaconda3\envs\keras\lib\site-packages\theano\gof\cc.py", line 1527, in compile_cmodule
    preargs=preargs)
  File "C:\ProgramData\Anaconda3\envs\keras\lib\site-packages\theano\gof\cmodule.py", line 2420, in compile_str
    return dlimport(lib_filename)
  File "C:\ProgramData\Anaconda3\envs\keras\lib\site-packages\theano\gof\cmodule.py", line 278, in dlimport
    raise ValueError('`fullpath` must be an absolute path', fullpath)
ValueError: ('The following error happened while compiling the node', ScalarFromTensor(index), '\n', '`fullpath` must be an absolute path', 'C:\\Users\\mutation\\AppData\\Local\\Theano\\compiledir_Windows-10-10.0.18362-SP0-Intel64_Family_6_Model_85_Stepping_4_GenuineIntel-3.6.12-64\\tmp8ud1t31e\\m7b9aaee4c7e7a84c9349e61bca7c6a325d685aa6ac844a5dba2a836e7ea148e3.pyd', '[ScalarFromTensor(index)]')

======================================================================
ERROR: test_broken_pickle_with_shared (__main__.T_picklefunction)
----------------------------------------------------------------------
Traceback (most recent call last):
  File "test_function_module.py", line 897, in test_broken_pickle_with_shared
    f = theano.function([x], theano.tensor.dot(x, y))
  File "C:\ProgramData\Anaconda3\envs\keras\lib\site-packages\theano\compile\function.py", line 317, in function
    output_keys=output_keys)
  File "C:\ProgramData\Anaconda3\envs\keras\lib\site-packages\theano\compile\pfunc.py", line 486, in pfunc
    output_keys=output_keys)
  File "C:\ProgramData\Anaconda3\envs\keras\lib\site-packages\theano\compile\function_module.py", line 1841, in orig_function
    fn = m.create(defaults)
  File "C:\ProgramData\Anaconda3\envs\keras\lib\site-packages\theano\compile\function_module.py", line 1715, in create
    input_storage=input_storage_lists, storage_map=storage_map)
  File "C:\ProgramData\Anaconda3\envs\keras\lib\site-packages\theano\gof\link.py", line 699, in make_thunk
    storage_map=storage_map)[:3]
  File "C:\ProgramData\Anaconda3\envs\keras\lib\site-packages\theano\gof\vm.py", line 1091, in make_all
    impl=impl))
  File "C:\ProgramData\Anaconda3\envs\keras\lib\site-packages\theano\gof\op.py", line 955, in make_thunk
    no_recycling)
  File "C:\ProgramData\Anaconda3\envs\keras\lib\site-packages\theano\gof\op.py", line 858, in make_c_thunk
    output_storage=node_output_storage)
  File "C:\ProgramData\Anaconda3\envs\keras\lib\site-packages\theano\gof\cc.py", line 1217, in make_thunk
    keep_lock=keep_lock)
  File "C:\ProgramData\Anaconda3\envs\keras\lib\site-packages\theano\gof\cc.py", line 1157, in __compile__
    keep_lock=keep_lock)
  File "C:\ProgramData\Anaconda3\envs\keras\lib\site-packages\theano\gof\cc.py", line 1624, in cthunk_factory
    key=key, lnk=self, keep_lock=keep_lock)
  File "C:\ProgramData\Anaconda3\envs\keras\lib\site-packages\theano\gof\cmodule.py", line 1189, in module_from_key
    module = lnk.compile_cmodule(location)
  File "C:\ProgramData\Anaconda3\envs\keras\lib\site-packages\theano\gof\cc.py", line 1527, in compile_cmodule
    preargs=preargs)
  File "C:\ProgramData\Anaconda3\envs\keras\lib\site-packages\theano\gof\cmodule.py", line 2420, in compile_str
    return dlimport(lib_filename)
  File "C:\ProgramData\Anaconda3\envs\keras\lib\site-packages\theano\gof\cmodule.py", line 278, in dlimport
    raise ValueError('`fullpath` must be an absolute path', fullpath)
ValueError: ('The following error happened while compiling the node', Dot22(<TensorType(float64, matrix)>, <TensorType(float64, matrix)>), '\n', '`fullpath` must be an absolute path', 'C:\\Users\\mutation\\AppData\\Local\\Theano\\compiledir_Windows-10-10.0.18362-SP0-Intel64_Family_6_Model_85_Stepping_4_GenuineIntel-3.6.12-64\\tmpp24_x9er\\m5e618a30457958f05755e24c8e216abe250732682e64206030484fe296085b50.pyd', '[Dot22(<TensorType(float64, matrix)>, <TensorType(float64, matrix)>)]')

======================================================================
ERROR: test_deepcopy (__main__.T_picklefunction)
----------------------------------------------------------------------
Traceback (most recent call last):
  File "test_function_module.py", line 628, in test_deepcopy
    s + a * x)
  File "C:\ProgramData\Anaconda3\envs\keras\lib\site-packages\theano\compile\function.py", line 317, in function
    output_keys=output_keys)
  File "C:\ProgramData\Anaconda3\envs\keras\lib\site-packages\theano\compile\pfunc.py", line 486, in pfunc
    output_keys=output_keys)
  File "C:\ProgramData\Anaconda3\envs\keras\lib\site-packages\theano\compile\function_module.py", line 1841, in orig_function
    fn = m.create(defaults)
  File "C:\ProgramData\Anaconda3\envs\keras\lib\site-packages\theano\compile\function_module.py", line 1715, in create
    input_storage=input_storage_lists, storage_map=storage_map)
  File "C:\ProgramData\Anaconda3\envs\keras\lib\site-packages\theano\gof\link.py", line 699, in make_thunk
    storage_map=storage_map)[:3]
  File "C:\ProgramData\Anaconda3\envs\keras\lib\site-packages\theano\gof\vm.py", line 1091, in make_all
    impl=impl))
  File "C:\ProgramData\Anaconda3\envs\keras\lib\site-packages\theano\gof\op.py", line 955, in make_thunk
    no_recycling)
  File "C:\ProgramData\Anaconda3\envs\keras\lib\site-packages\theano\gof\op.py", line 858, in make_c_thunk
    output_storage=node_output_storage)
  File "C:\ProgramData\Anaconda3\envs\keras\lib\site-packages\theano\gof\cc.py", line 1217, in make_thunk
    keep_lock=keep_lock)
  File "C:\ProgramData\Anaconda3\envs\keras\lib\site-packages\theano\gof\cc.py", line 1157, in __compile__
    keep_lock=keep_lock)
  File "C:\ProgramData\Anaconda3\envs\keras\lib\site-packages\theano\gof\cc.py", line 1624, in cthunk_factory
    key=key, lnk=self, keep_lock=keep_lock)
  File "C:\ProgramData\Anaconda3\envs\keras\lib\site-packages\theano\gof\cmodule.py", line 1148, in module_from_key
    module = self._get_from_key(key)
  File "C:\ProgramData\Anaconda3\envs\keras\lib\site-packages\theano\gof\cmodule.py", line 1047, in _get_from_key
    return self._get_module(name)
  File "C:\ProgramData\Anaconda3\envs\keras\lib\site-packages\theano\gof\cmodule.py", line 720, in _get_module
    self.module_from_name[name] = dlimport(name)
  File "C:\ProgramData\Anaconda3\envs\keras\lib\site-packages\theano\gof\cmodule.py", line 278, in dlimport
    raise ValueError('`fullpath` must be an absolute path', fullpath)
ValueError: ('The following error happened while compiling the node', Elemwise{Composite{(i0 + (i1 * i2))}}[(0, 0)](s, <TensorType(float64, scalar)>, x), '\n', '`fullpath` must be an absolute path', 'C:\\Users\\mutation\\AppData\\Local\\Theano\\compiledir_Windows-10-10.0.18362-SP0-Intel64_Family_6_Model_85_Stepping_4_GenuineIntel-3.6.12-64\\tmpj13wj48a\\mcde737169b1d047a5f67ae350470209cff75655f77bd6137224361986e18c7b6.pyd')

======================================================================
ERROR: test_deepcopy_shared_container (__main__.T_picklefunction)
----------------------------------------------------------------------
Traceback (most recent call last):
  File "test_function_module.py", line 705, in test_deepcopy_shared_container
    h = function([In(a, value=0.0)], a)
  File "C:\ProgramData\Anaconda3\envs\keras\lib\site-packages\theano\compile\function.py", line 317, in function
    output_keys=output_keys)
  File "C:\ProgramData\Anaconda3\envs\keras\lib\site-packages\theano\compile\pfunc.py", line 486, in pfunc
    output_keys=output_keys)
  File "C:\ProgramData\Anaconda3\envs\keras\lib\site-packages\theano\compile\function_module.py", line 1841, in orig_function
    fn = m.create(defaults)
  File "C:\ProgramData\Anaconda3\envs\keras\lib\site-packages\theano\compile\function_module.py", line 1715, in create
    input_storage=input_storage_lists, storage_map=storage_map)
  File "C:\ProgramData\Anaconda3\envs\keras\lib\site-packages\theano\gof\link.py", line 699, in make_thunk
    storage_map=storage_map)[:3]
  File "C:\ProgramData\Anaconda3\envs\keras\lib\site-packages\theano\gof\vm.py", line 1091, in make_all
    impl=impl))
  File "C:\ProgramData\Anaconda3\envs\keras\lib\site-packages\theano\gof\op.py", line 955, in make_thunk
    no_recycling)
  File "C:\ProgramData\Anaconda3\envs\keras\lib\site-packages\theano\gof\op.py", line 858, in make_c_thunk
    output_storage=node_output_storage)
  File "C:\ProgramData\Anaconda3\envs\keras\lib\site-packages\theano\gof\cc.py", line 1217, in make_thunk
    keep_lock=keep_lock)
  File "C:\ProgramData\Anaconda3\envs\keras\lib\site-packages\theano\gof\cc.py", line 1157, in __compile__
    keep_lock=keep_lock)
  File "C:\ProgramData\Anaconda3\envs\keras\lib\site-packages\theano\gof\cc.py", line 1624, in cthunk_factory
    key=key, lnk=self, keep_lock=keep_lock)
  File "C:\ProgramData\Anaconda3\envs\keras\lib\site-packages\theano\gof\cmodule.py", line 1189, in module_from_key
    module = lnk.compile_cmodule(location)
  File "C:\ProgramData\Anaconda3\envs\keras\lib\site-packages\theano\gof\cc.py", line 1527, in compile_cmodule
    preargs=preargs)
  File "C:\ProgramData\Anaconda3\envs\keras\lib\site-packages\theano\gof\cmodule.py", line 2420, in compile_str
    return dlimport(lib_filename)
  File "C:\ProgramData\Anaconda3\envs\keras\lib\site-packages\theano\gof\cmodule.py", line 278, in dlimport
    raise ValueError('`fullpath` must be an absolute path', fullpath)
ValueError: ('The following error happened while compiling the node', DeepCopyOp(a), '\n', '`fullpath` must be an absolute path', 'C:\\Users\\mutation\\AppData\\Local\\Theano\\compiledir_Windows-10-10.0.18362-SP0-Intel64_Family_6_Model_85_Stepping_4_GenuineIntel-3.6.12-64\\tmpii6g0qa6\\mbf603e414396181d78ebdc7b7f3292b9a15629083c2e0aa4d31d71596ce9c1a4.pyd', '[DeepCopyOp(a)]')

======================================================================
ERROR: test_deepcopy_trust_input (__main__.T_picklefunction)
----------------------------------------------------------------------
Traceback (most recent call last):
  File "test_function_module.py", line 673, in test_deepcopy_trust_input
    s + a * x)
  File "C:\ProgramData\Anaconda3\envs\keras\lib\site-packages\theano\compile\function.py", line 317, in function
    output_keys=output_keys)
  File "C:\ProgramData\Anaconda3\envs\keras\lib\site-packages\theano\compile\pfunc.py", line 486, in pfunc
    output_keys=output_keys)
  File "C:\ProgramData\Anaconda3\envs\keras\lib\site-packages\theano\compile\function_module.py", line 1841, in orig_function
    fn = m.create(defaults)
  File "C:\ProgramData\Anaconda3\envs\keras\lib\site-packages\theano\compile\function_module.py", line 1715, in create
    input_storage=input_storage_lists, storage_map=storage_map)
  File "C:\ProgramData\Anaconda3\envs\keras\lib\site-packages\theano\gof\link.py", line 699, in make_thunk
    storage_map=storage_map)[:3]
  File "C:\ProgramData\Anaconda3\envs\keras\lib\site-packages\theano\gof\vm.py", line 1091, in make_all
    impl=impl))
  File "C:\ProgramData\Anaconda3\envs\keras\lib\site-packages\theano\gof\op.py", line 955, in make_thunk
    no_recycling)
  File "C:\ProgramData\Anaconda3\envs\keras\lib\site-packages\theano\gof\op.py", line 858, in make_c_thunk
    output_storage=node_output_storage)
  File "C:\ProgramData\Anaconda3\envs\keras\lib\site-packages\theano\gof\cc.py", line 1217, in make_thunk
    keep_lock=keep_lock)
  File "C:\ProgramData\Anaconda3\envs\keras\lib\site-packages\theano\gof\cc.py", line 1157, in __compile__
    keep_lock=keep_lock)
  File "C:\ProgramData\Anaconda3\envs\keras\lib\site-packages\theano\gof\cc.py", line 1624, in cthunk_factory
    key=key, lnk=self, keep_lock=keep_lock)
  File "C:\ProgramData\Anaconda3\envs\keras\lib\site-packages\theano\gof\cmodule.py", line 1148, in module_from_key
    module = self._get_from_key(key)
  File "C:\ProgramData\Anaconda3\envs\keras\lib\site-packages\theano\gof\cmodule.py", line 1047, in _get_from_key
    return self._get_module(name)
  File "C:\ProgramData\Anaconda3\envs\keras\lib\site-packages\theano\gof\cmodule.py", line 720, in _get_module
    self.module_from_name[name] = dlimport(name)
  File "C:\ProgramData\Anaconda3\envs\keras\lib\site-packages\theano\gof\cmodule.py", line 278, in dlimport
    raise ValueError('`fullpath` must be an absolute path', fullpath)
ValueError: ('The following error happened while compiling the node', Elemwise{Composite{(i0 + (i1 * i2))}}[(0, 0)](s, <TensorType(float64, scalar)>, x), '\n', '`fullpath` must be an absolute path', 'C:\\Users\\mutation\\AppData\\Local\\Theano\\compiledir_Windows-10-10.0.18362-SP0-Intel64_Family_6_Model_85_Stepping_4_GenuineIntel-3.6.12-64\\tmpj13wj48a\\mcde737169b1d047a5f67ae350470209cff75655f77bd6137224361986e18c7b6.pyd')

======================================================================
ERROR: test_multiple_functions (__main__.T_picklefunction)
----------------------------------------------------------------------
Traceback (most recent call last):
  File "test_function_module.py", line 817, in test_multiple_functions
    s + a * x)
  File "C:\ProgramData\Anaconda3\envs\keras\lib\site-packages\theano\compile\function.py", line 317, in function
    output_keys=output_keys)
  File "C:\ProgramData\Anaconda3\envs\keras\lib\site-packages\theano\compile\pfunc.py", line 486, in pfunc
    output_keys=output_keys)
  File "C:\ProgramData\Anaconda3\envs\keras\lib\site-packages\theano\compile\function_module.py", line 1841, in orig_function
    fn = m.create(defaults)
  File "C:\ProgramData\Anaconda3\envs\keras\lib\site-packages\theano\compile\function_module.py", line 1715, in create
    input_storage=input_storage_lists, storage_map=storage_map)
  File "C:\ProgramData\Anaconda3\envs\keras\lib\site-packages\theano\gof\link.py", line 699, in make_thunk
    storage_map=storage_map)[:3]
  File "C:\ProgramData\Anaconda3\envs\keras\lib\site-packages\theano\gof\vm.py", line 1091, in make_all
    impl=impl))
  File "C:\ProgramData\Anaconda3\envs\keras\lib\site-packages\theano\gof\op.py", line 955, in make_thunk
    no_recycling)
  File "C:\ProgramData\Anaconda3\envs\keras\lib\site-packages\theano\gof\op.py", line 858, in make_c_thunk
    output_storage=node_output_storage)
  File "C:\ProgramData\Anaconda3\envs\keras\lib\site-packages\theano\gof\cc.py", line 1217, in make_thunk
    keep_lock=keep_lock)
  File "C:\ProgramData\Anaconda3\envs\keras\lib\site-packages\theano\gof\cc.py", line 1157, in __compile__
    keep_lock=keep_lock)
  File "C:\ProgramData\Anaconda3\envs\keras\lib\site-packages\theano\gof\cc.py", line 1624, in cthunk_factory
    key=key, lnk=self, keep_lock=keep_lock)
  File "C:\ProgramData\Anaconda3\envs\keras\lib\site-packages\theano\gof\cmodule.py", line 1148, in module_from_key
    module = self._get_from_key(key)
  File "C:\ProgramData\Anaconda3\envs\keras\lib\site-packages\theano\gof\cmodule.py", line 1047, in _get_from_key
    return self._get_module(name)
  File "C:\ProgramData\Anaconda3\envs\keras\lib\site-packages\theano\gof\cmodule.py", line 720, in _get_module
    self.module_from_name[name] = dlimport(name)
  File "C:\ProgramData\Anaconda3\envs\keras\lib\site-packages\theano\gof\cmodule.py", line 278, in dlimport
    raise ValueError('`fullpath` must be an absolute path', fullpath)
ValueError: ('The following error happened while compiling the node', Elemwise{Composite{(i0 + (i1 * i2))}}[(0, 0)](s, <TensorType(float64, scalar)>, x), '\n', '`fullpath` must be an absolute path', 'C:\\Users\\mutation\\AppData\\Local\\Theano\\compiledir_Windows-10-10.0.18362-SP0-Intel64_Family_6_Model_85_Stepping_4_GenuineIntel-3.6.12-64\\tmpj13wj48a\\mcde737169b1d047a5f67ae350470209cff75655f77bd6137224361986e18c7b6.pyd')

======================================================================
ERROR: test_optimizations_preserved (__main__.T_picklefunction)
----------------------------------------------------------------------
Traceback (most recent call last):
  File "test_function_module.py", line 768, in test_optimizations_preserved
    f = function([a, x, s, xm, sm], ((a.T.T) * (tensor.dot(xm, (sm.T.T.T)) + x).T * (x / x) + s))
  File "C:\ProgramData\Anaconda3\envs\keras\lib\site-packages\theano\compile\function.py", line 317, in function
    output_keys=output_keys)
  File "C:\ProgramData\Anaconda3\envs\keras\lib\site-packages\theano\compile\pfunc.py", line 486, in pfunc
    output_keys=output_keys)
  File "C:\ProgramData\Anaconda3\envs\keras\lib\site-packages\theano\compile\function_module.py", line 1841, in orig_function
    fn = m.create(defaults)
  File "C:\ProgramData\Anaconda3\envs\keras\lib\site-packages\theano\compile\function_module.py", line 1715, in create
    input_storage=input_storage_lists, storage_map=storage_map)
  File "C:\ProgramData\Anaconda3\envs\keras\lib\site-packages\theano\gof\link.py", line 699, in make_thunk
    storage_map=storage_map)[:3]
  File "C:\ProgramData\Anaconda3\envs\keras\lib\site-packages\theano\gof\vm.py", line 1091, in make_all
    impl=impl))
  File "C:\ProgramData\Anaconda3\envs\keras\lib\site-packages\theano\gof\op.py", line 955, in make_thunk
    no_recycling)
  File "C:\ProgramData\Anaconda3\envs\keras\lib\site-packages\theano\gof\op.py", line 858, in make_c_thunk
    output_storage=node_output_storage)
  File "C:\ProgramData\Anaconda3\envs\keras\lib\site-packages\theano\gof\cc.py", line 1217, in make_thunk
    keep_lock=keep_lock)
  File "C:\ProgramData\Anaconda3\envs\keras\lib\site-packages\theano\gof\cc.py", line 1157, in __compile__
    keep_lock=keep_lock)
  File "C:\ProgramData\Anaconda3\envs\keras\lib\site-packages\theano\gof\cc.py", line 1624, in cthunk_factory
    key=key, lnk=self, keep_lock=keep_lock)
  File "C:\ProgramData\Anaconda3\envs\keras\lib\site-packages\theano\gof\cmodule.py", line 1189, in module_from_key
    module = lnk.compile_cmodule(location)
  File "C:\ProgramData\Anaconda3\envs\keras\lib\site-packages\theano\gof\cc.py", line 1527, in compile_cmodule
    preargs=preargs)
  File "C:\ProgramData\Anaconda3\envs\keras\lib\site-packages\theano\gof\cmodule.py", line 2420, in compile_str
    return dlimport(lib_filename)
  File "C:\ProgramData\Anaconda3\envs\keras\lib\site-packages\theano\gof\cmodule.py", line 278, in dlimport
    raise ValueError('`fullpath` must be an absolute path', fullpath)
ValueError: ('The following error happened while compiling the node', InplaceDimShuffle{x,0}(s), '\n', '`fullpath` must be an absolute path', 'C:\\Users\\mutation\\AppData\\Local\\Theano\\compiledir_Windows-10-10.0.18362-SP0-Intel64_Family_6_Model_85_Stepping_4_GenuineIntel-3.6.12-64\\tmp88774qnt\\m885ff006a95d626dac547a7bdfdb471bbf058622ece2b4435e42316c4012ea56.pyd', '[InplaceDimShuffle{x,0}(s)]')

======================================================================
ERROR: test_output_keys (__main__.T_picklefunction)
----------------------------------------------------------------------
Traceback (most recent call last):
  File "test_function_module.py", line 692, in test_output_keys
    f = theano.function([x], {'vec': x**2})
  File "C:\ProgramData\Anaconda3\envs\keras\lib\site-packages\theano\compile\function.py", line 317, in function
    output_keys=output_keys)
  File "C:\ProgramData\Anaconda3\envs\keras\lib\site-packages\theano\compile\pfunc.py", line 486, in pfunc
    output_keys=output_keys)
  File "C:\ProgramData\Anaconda3\envs\keras\lib\site-packages\theano\compile\function_module.py", line 1841, in orig_function
    fn = m.create(defaults)
  File "C:\ProgramData\Anaconda3\envs\keras\lib\site-packages\theano\compile\function_module.py", line 1715, in create
    input_storage=input_storage_lists, storage_map=storage_map)
  File "C:\ProgramData\Anaconda3\envs\keras\lib\site-packages\theano\gof\link.py", line 699, in make_thunk
    storage_map=storage_map)[:3]
  File "C:\ProgramData\Anaconda3\envs\keras\lib\site-packages\theano\gof\vm.py", line 1091, in make_all
    impl=impl))
  File "C:\ProgramData\Anaconda3\envs\keras\lib\site-packages\theano\gof\op.py", line 955, in make_thunk
    no_recycling)
  File "C:\ProgramData\Anaconda3\envs\keras\lib\site-packages\theano\gof\op.py", line 858, in make_c_thunk
    output_storage=node_output_storage)
  File "C:\ProgramData\Anaconda3\envs\keras\lib\site-packages\theano\gof\cc.py", line 1217, in make_thunk
    keep_lock=keep_lock)
  File "C:\ProgramData\Anaconda3\envs\keras\lib\site-packages\theano\gof\cc.py", line 1157, in __compile__
    keep_lock=keep_lock)
  File "C:\ProgramData\Anaconda3\envs\keras\lib\site-packages\theano\gof\cc.py", line 1624, in cthunk_factory
    key=key, lnk=self, keep_lock=keep_lock)
  File "C:\ProgramData\Anaconda3\envs\keras\lib\site-packages\theano\gof\cmodule.py", line 1189, in module_from_key
    module = lnk.compile_cmodule(location)
  File "C:\ProgramData\Anaconda3\envs\keras\lib\site-packages\theano\gof\cc.py", line 1527, in compile_cmodule
    preargs=preargs)
  File "C:\ProgramData\Anaconda3\envs\keras\lib\site-packages\theano\gof\cmodule.py", line 2420, in compile_str
    return dlimport(lib_filename)
  File "C:\ProgramData\Anaconda3\envs\keras\lib\site-packages\theano\gof\cmodule.py", line 278, in dlimport
    raise ValueError('`fullpath` must be an absolute path', fullpath)
ValueError: ('The following error happened while compiling the node', InplaceDimShuffle{x}(TensorConstant{2}), '\n', '`fullpath` must be an absolute path', 'C:\\Users\\mutation\\AppData\\Local\\Theano\\compiledir_Windows-10-10.0.18362-SP0-Intel64_Family_6_Model_85_Stepping_4_GenuineIntel-3.6.12-64\\tmplm11mtca\\m885ff006a95d626dac547a7bdfdb471bbf058622ece2b4435e42316c4012ea56.pyd', '[InplaceDimShuffle{x}(TensorConstant{2})]')

======================================================================
ERROR: test_pickle (__main__.T_picklefunction)
----------------------------------------------------------------------
Traceback (most recent call last):
  File "test_function_module.py", line 730, in test_pickle
    In(s, value=0.0, update=s + a * x, mutable=True)], s + a * x)
  File "C:\ProgramData\Anaconda3\envs\keras\lib\site-packages\theano\compile\function.py", line 317, in function
    output_keys=output_keys)
  File "C:\ProgramData\Anaconda3\envs\keras\lib\site-packages\theano\compile\pfunc.py", line 486, in pfunc
    output_keys=output_keys)
  File "C:\ProgramData\Anaconda3\envs\keras\lib\site-packages\theano\compile\function_module.py", line 1841, in orig_function
    fn = m.create(defaults)
  File "C:\ProgramData\Anaconda3\envs\keras\lib\site-packages\theano\compile\function_module.py", line 1715, in create
    input_storage=input_storage_lists, storage_map=storage_map)
  File "C:\ProgramData\Anaconda3\envs\keras\lib\site-packages\theano\gof\link.py", line 699, in make_thunk
    storage_map=storage_map)[:3]
  File "C:\ProgramData\Anaconda3\envs\keras\lib\site-packages\theano\gof\vm.py", line 1091, in make_all
    impl=impl))
  File "C:\ProgramData\Anaconda3\envs\keras\lib\site-packages\theano\gof\op.py", line 955, in make_thunk
    no_recycling)
  File "C:\ProgramData\Anaconda3\envs\keras\lib\site-packages\theano\gof\op.py", line 858, in make_c_thunk
    output_storage=node_output_storage)
  File "C:\ProgramData\Anaconda3\envs\keras\lib\site-packages\theano\gof\cc.py", line 1217, in make_thunk
    keep_lock=keep_lock)
  File "C:\ProgramData\Anaconda3\envs\keras\lib\site-packages\theano\gof\cc.py", line 1157, in __compile__
    keep_lock=keep_lock)
  File "C:\ProgramData\Anaconda3\envs\keras\lib\site-packages\theano\gof\cc.py", line 1624, in cthunk_factory
    key=key, lnk=self, keep_lock=keep_lock)
  File "C:\ProgramData\Anaconda3\envs\keras\lib\site-packages\theano\gof\cmodule.py", line 1148, in module_from_key
    module = self._get_from_key(key)
  File "C:\ProgramData\Anaconda3\envs\keras\lib\site-packages\theano\gof\cmodule.py", line 1047, in _get_from_key
    return self._get_module(name)
  File "C:\ProgramData\Anaconda3\envs\keras\lib\site-packages\theano\gof\cmodule.py", line 720, in _get_module
    self.module_from_name[name] = dlimport(name)
  File "C:\ProgramData\Anaconda3\envs\keras\lib\site-packages\theano\gof\cmodule.py", line 278, in dlimport
    raise ValueError('`fullpath` must be an absolute path', fullpath)
ValueError: ('The following error happened while compiling the node', Elemwise{Composite{(i0 + (i1 * i2))}}[(0, 0)](s, <TensorType(float64, scalar)>, x), '\n', '`fullpath` must be an absolute path', 'C:\\Users\\mutation\\AppData\\Local\\Theano\\compiledir_Windows-10-10.0.18362-SP0-Intel64_Family_6_Model_85_Stepping_4_GenuineIntel-3.6.12-64\\tmpj13wj48a\\mcde737169b1d047a5f67ae350470209cff75655f77bd6137224361986e18c7b6.pyd')

======================================================================
ERROR: test_pickle_class_with_functions (__main__.T_picklefunction)
----------------------------------------------------------------------
Traceback (most recent call last):
  File "test_function_module.py", line 919, in test_pickle_class_with_functions
    blah = SomethingToPickle()
  File "test_function_module.py", line 952, in __init__
    s + a * x)
  File "C:\ProgramData\Anaconda3\envs\keras\lib\site-packages\theano\compile\function.py", line 317, in function
    output_keys=output_keys)
  File "C:\ProgramData\Anaconda3\envs\keras\lib\site-packages\theano\compile\pfunc.py", line 486, in pfunc
    output_keys=output_keys)
  File "C:\ProgramData\Anaconda3\envs\keras\lib\site-packages\theano\compile\function_module.py", line 1841, in orig_function
    fn = m.create(defaults)
  File "C:\ProgramData\Anaconda3\envs\keras\lib\site-packages\theano\compile\function_module.py", line 1715, in create
    input_storage=input_storage_lists, storage_map=storage_map)
  File "C:\ProgramData\Anaconda3\envs\keras\lib\site-packages\theano\gof\link.py", line 699, in make_thunk
    storage_map=storage_map)[:3]
  File "C:\ProgramData\Anaconda3\envs\keras\lib\site-packages\theano\gof\vm.py", line 1091, in make_all
    impl=impl))
  File "C:\ProgramData\Anaconda3\envs\keras\lib\site-packages\theano\gof\op.py", line 955, in make_thunk
    no_recycling)
  File "C:\ProgramData\Anaconda3\envs\keras\lib\site-packages\theano\gof\op.py", line 858, in make_c_thunk
    output_storage=node_output_storage)
  File "C:\ProgramData\Anaconda3\envs\keras\lib\site-packages\theano\gof\cc.py", line 1217, in make_thunk
    keep_lock=keep_lock)
  File "C:\ProgramData\Anaconda3\envs\keras\lib\site-packages\theano\gof\cc.py", line 1157, in __compile__
    keep_lock=keep_lock)
  File "C:\ProgramData\Anaconda3\envs\keras\lib\site-packages\theano\gof\cc.py", line 1624, in cthunk_factory
    key=key, lnk=self, keep_lock=keep_lock)
  File "C:\ProgramData\Anaconda3\envs\keras\lib\site-packages\theano\gof\cmodule.py", line 1148, in module_from_key
    module = self._get_from_key(key)
  File "C:\ProgramData\Anaconda3\envs\keras\lib\site-packages\theano\gof\cmodule.py", line 1047, in _get_from_key
    return self._get_module(name)
  File "C:\ProgramData\Anaconda3\envs\keras\lib\site-packages\theano\gof\cmodule.py", line 720, in _get_module
    self.module_from_name[name] = dlimport(name)
  File "C:\ProgramData\Anaconda3\envs\keras\lib\site-packages\theano\gof\cmodule.py", line 278, in dlimport
    raise ValueError('`fullpath` must be an absolute path', fullpath)
ValueError: ('The following error happened while compiling the node', Elemwise{Composite{(i0 + (i1 * i2))}}[(0, 0)](s, <TensorType(float64, scalar)>, x), '\n', '`fullpath` must be an absolute path', 'C:\\Users\\mutation\\AppData\\Local\\Theano\\compiledir_Windows-10-10.0.18362-SP0-Intel64_Family_6_Model_85_Stepping_4_GenuineIntel-3.6.12-64\\tmpj13wj48a\\mcde737169b1d047a5f67ae350470209cff75655f77bd6137224361986e18c7b6.pyd')

----------------------------------------------------------------------
Ran 41 tests in 49.216s

FAILED (errors=36, skipped=1)
