ERROR (theano.gof.opt): Optimization failure due to: constant_folding
ERROR (theano.gof.opt): node: InplaceDimShuffle{x,x}(TensorConstant{1.0})
ERROR (theano.gof.opt): TRACEBACK:
ERROR (theano.gof.opt): Traceback (most recent call last):
  File "C:\ProgramData\Anaconda3\envs\keras\lib\site-packages\theano\gof\opt.py", line 2034, in process_node
    replacements = lopt.transform(node)
  File "C:\ProgramData\Anaconda3\envs\keras\lib\site-packages\theano\tensor\opt.py", line 6516, in constant_folding
    no_recycling=[], impl=impl)
  File "C:\ProgramData\Anaconda3\envs\keras\lib\site-packages\theano\gof\op.py", line 955, in make_thunk
    no_recycling)
  File "C:\ProgramData\Anaconda3\envs\keras\lib\site-packages\theano\gof\op.py", line 858, in make_c_thunk
    output_storage=node_output_storage)
  File "C:\ProgramData\Anaconda3\envs\keras\lib\site-packages\theano\gof\cc.py", line 1217, in make_thunk
    keep_lock=keep_lock)
  File "C:\ProgramData\Anaconda3\envs\keras\lib\site-packages\theano\gof\cc.py", line 1157, in __compile__
    keep_lock=keep_lock)
  File "C:\ProgramData\Anaconda3\envs\keras\lib\site-packages\theano\gof\cc.py", line 1624, in cthunk_factory
    key=key, lnk=self, keep_lock=keep_lock)
  File "C:\ProgramData\Anaconda3\envs\keras\lib\site-packages\theano\gof\cmodule.py", line 1189, in module_from_key
    module = lnk.compile_cmodule(location)
  File "C:\ProgramData\Anaconda3\envs\keras\lib\site-packages\theano\gof\cc.py", line 1527, in compile_cmodule
    preargs=preargs)
  File "C:\ProgramData\Anaconda3\envs\keras\lib\site-packages\theano\gof\cmodule.py", line 2411, in compile_str
    (status, compile_stderr.replace('\n', '. ')))
Exception: ('Compilation failed (return status=1): C:\\Users\\mutation\\AppData\\Local\\Theano\\compiledir_Windows-10-10.0.18362-SP0-Intel64_Family_6_Model_85_Stepping_4_GenuineIntel-3.6.12-64\\tmp69u0fwhc\\mod.cpp:749:31: error: \'XXMETH_VARARGSXX\' was not declared in this scope\r.   {"instantiate", instantiate, XXMETH_VARARGSXX, "undocumented"} ,\r.                                ^\r. ', '[InplaceDimShuffle{x,x}(TensorConstant{1.0})]')

ERROR (theano.gof.opt): Optimization failure due to: constant_folding
ERROR (theano.gof.opt): node: InplaceDimShuffle{x,x}(TensorConstant{1.0})
ERROR (theano.gof.opt): TRACEBACK:
ERROR (theano.gof.opt): Traceback (most recent call last):
  File "C:\ProgramData\Anaconda3\envs\keras\lib\site-packages\theano\gof\opt.py", line 2034, in process_node
    replacements = lopt.transform(node)
  File "C:\ProgramData\Anaconda3\envs\keras\lib\site-packages\theano\tensor\opt.py", line 6516, in constant_folding
    no_recycling=[], impl=impl)
  File "C:\ProgramData\Anaconda3\envs\keras\lib\site-packages\theano\gof\op.py", line 955, in make_thunk
    no_recycling)
  File "C:\ProgramData\Anaconda3\envs\keras\lib\site-packages\theano\gof\op.py", line 858, in make_c_thunk
    output_storage=node_output_storage)
  File "C:\ProgramData\Anaconda3\envs\keras\lib\site-packages\theano\gof\cc.py", line 1217, in make_thunk
    keep_lock=keep_lock)
  File "C:\ProgramData\Anaconda3\envs\keras\lib\site-packages\theano\gof\cc.py", line 1157, in __compile__
    keep_lock=keep_lock)
  File "C:\ProgramData\Anaconda3\envs\keras\lib\site-packages\theano\gof\cc.py", line 1624, in cthunk_factory
    key=key, lnk=self, keep_lock=keep_lock)
  File "C:\ProgramData\Anaconda3\envs\keras\lib\site-packages\theano\gof\cmodule.py", line 1189, in module_from_key
    module = lnk.compile_cmodule(location)
  File "C:\ProgramData\Anaconda3\envs\keras\lib\site-packages\theano\gof\cc.py", line 1527, in compile_cmodule
    preargs=preargs)
  File "C:\ProgramData\Anaconda3\envs\keras\lib\site-packages\theano\gof\cmodule.py", line 2411, in compile_str
    (status, compile_stderr.replace('\n', '. ')))
Exception: ('Compilation failed (return status=1): C:\\Users\\mutation\\AppData\\Local\\Theano\\compiledir_Windows-10-10.0.18362-SP0-Intel64_Family_6_Model_85_Stepping_4_GenuineIntel-3.6.12-64\\tmpvarhnq59\\mod.cpp:749:31: error: \'XXMETH_VARARGSXX\' was not declared in this scope\r.   {"instantiate", instantiate, XXMETH_VARARGSXX, "undocumented"} ,\r.                                ^\r. ', '[InplaceDimShuffle{x,x}(TensorConstant{1.0})]')

ERROR (theano.gof.opt): Optimization failure due to: constant_folding
ERROR (theano.gof.opt): node: InplaceDimShuffle{x,x}(TensorConstant{1.0})
ERROR (theano.gof.opt): TRACEBACK:
ERROR (theano.gof.opt): Traceback (most recent call last):
  File "C:\ProgramData\Anaconda3\envs\keras\lib\site-packages\theano\gof\opt.py", line 2034, in process_node
    replacements = lopt.transform(node)
  File "C:\ProgramData\Anaconda3\envs\keras\lib\site-packages\theano\tensor\opt.py", line 6516, in constant_folding
    no_recycling=[], impl=impl)
  File "C:\ProgramData\Anaconda3\envs\keras\lib\site-packages\theano\gof\op.py", line 955, in make_thunk
    no_recycling)
  File "C:\ProgramData\Anaconda3\envs\keras\lib\site-packages\theano\gof\op.py", line 858, in make_c_thunk
    output_storage=node_output_storage)
  File "C:\ProgramData\Anaconda3\envs\keras\lib\site-packages\theano\gof\cc.py", line 1217, in make_thunk
    keep_lock=keep_lock)
  File "C:\ProgramData\Anaconda3\envs\keras\lib\site-packages\theano\gof\cc.py", line 1157, in __compile__
    keep_lock=keep_lock)
  File "C:\ProgramData\Anaconda3\envs\keras\lib\site-packages\theano\gof\cc.py", line 1624, in cthunk_factory
    key=key, lnk=self, keep_lock=keep_lock)
  File "C:\ProgramData\Anaconda3\envs\keras\lib\site-packages\theano\gof\cmodule.py", line 1189, in module_from_key
    module = lnk.compile_cmodule(location)
  File "C:\ProgramData\Anaconda3\envs\keras\lib\site-packages\theano\gof\cc.py", line 1527, in compile_cmodule
    preargs=preargs)
  File "C:\ProgramData\Anaconda3\envs\keras\lib\site-packages\theano\gof\cmodule.py", line 2411, in compile_str
    (status, compile_stderr.replace('\n', '. ')))
Exception: ('Compilation failed (return status=1): C:\\Users\\mutation\\AppData\\Local\\Theano\\compiledir_Windows-10-10.0.18362-SP0-Intel64_Family_6_Model_85_Stepping_4_GenuineIntel-3.6.12-64\\tmp8yf5bs2z\\mod.cpp:749:31: error: \'XXMETH_VARARGSXX\' was not declared in this scope\r.   {"instantiate", instantiate, XXMETH_VARARGSXX, "undocumented"} ,\r.                                ^\r. ', '[InplaceDimShuffle{x,x}(TensorConstant{1.0})]')

ERROR (theano.gof.opt): Optimization failure due to: constant_folding
ERROR (theano.gof.opt): node: InplaceDimShuffle{x,x}(TensorConstant{1.0})
ERROR (theano.gof.opt): TRACEBACK:
ERROR (theano.gof.opt): Traceback (most recent call last):
  File "C:\ProgramData\Anaconda3\envs\keras\lib\site-packages\theano\gof\opt.py", line 2034, in process_node
    replacements = lopt.transform(node)
  File "C:\ProgramData\Anaconda3\envs\keras\lib\site-packages\theano\tensor\opt.py", line 6516, in constant_folding
    no_recycling=[], impl=impl)
  File "C:\ProgramData\Anaconda3\envs\keras\lib\site-packages\theano\gof\op.py", line 955, in make_thunk
    no_recycling)
  File "C:\ProgramData\Anaconda3\envs\keras\lib\site-packages\theano\gof\op.py", line 858, in make_c_thunk
    output_storage=node_output_storage)
  File "C:\ProgramData\Anaconda3\envs\keras\lib\site-packages\theano\gof\cc.py", line 1217, in make_thunk
    keep_lock=keep_lock)
  File "C:\ProgramData\Anaconda3\envs\keras\lib\site-packages\theano\gof\cc.py", line 1157, in __compile__
    keep_lock=keep_lock)
  File "C:\ProgramData\Anaconda3\envs\keras\lib\site-packages\theano\gof\cc.py", line 1624, in cthunk_factory
    key=key, lnk=self, keep_lock=keep_lock)
  File "C:\ProgramData\Anaconda3\envs\keras\lib\site-packages\theano\gof\cmodule.py", line 1189, in module_from_key
    module = lnk.compile_cmodule(location)
  File "C:\ProgramData\Anaconda3\envs\keras\lib\site-packages\theano\gof\cc.py", line 1527, in compile_cmodule
    preargs=preargs)
  File "C:\ProgramData\Anaconda3\envs\keras\lib\site-packages\theano\gof\cmodule.py", line 2411, in compile_str
    (status, compile_stderr.replace('\n', '. ')))
Exception: ('Compilation failed (return status=1): C:\\Users\\mutation\\AppData\\Local\\Theano\\compiledir_Windows-10-10.0.18362-SP0-Intel64_Family_6_Model_85_Stepping_4_GenuineIntel-3.6.12-64\\tmp7tr1nxxx\\mod.cpp:749:31: error: \'XXMETH_VARARGSXX\' was not declared in this scope\r.   {"instantiate", instantiate, XXMETH_VARARGSXX, "undocumented"} ,\r.                                ^\r. ', '[InplaceDimShuffle{x,x}(TensorConstant{1.0})]')

ERROR (theano.gof.opt): Optimization failure due to: constant_folding
ERROR (theano.gof.opt): node: InplaceDimShuffle{x,x}(TensorConstant{1.0})
ERROR (theano.gof.opt): TRACEBACK:
ERROR (theano.gof.opt): Traceback (most recent call last):
  File "C:\ProgramData\Anaconda3\envs\keras\lib\site-packages\theano\gof\opt.py", line 2034, in process_node
    replacements = lopt.transform(node)
  File "C:\ProgramData\Anaconda3\envs\keras\lib\site-packages\theano\tensor\opt.py", line 6516, in constant_folding
    no_recycling=[], impl=impl)
  File "C:\ProgramData\Anaconda3\envs\keras\lib\site-packages\theano\gof\op.py", line 955, in make_thunk
    no_recycling)
  File "C:\ProgramData\Anaconda3\envs\keras\lib\site-packages\theano\gof\op.py", line 858, in make_c_thunk
    output_storage=node_output_storage)
  File "C:\ProgramData\Anaconda3\envs\keras\lib\site-packages\theano\gof\cc.py", line 1217, in make_thunk
    keep_lock=keep_lock)
  File "C:\ProgramData\Anaconda3\envs\keras\lib\site-packages\theano\gof\cc.py", line 1157, in __compile__
    keep_lock=keep_lock)
  File "C:\ProgramData\Anaconda3\envs\keras\lib\site-packages\theano\gof\cc.py", line 1624, in cthunk_factory
    key=key, lnk=self, keep_lock=keep_lock)
  File "C:\ProgramData\Anaconda3\envs\keras\lib\site-packages\theano\gof\cmodule.py", line 1189, in module_from_key
    module = lnk.compile_cmodule(location)
  File "C:\ProgramData\Anaconda3\envs\keras\lib\site-packages\theano\gof\cc.py", line 1527, in compile_cmodule
    preargs=preargs)
  File "C:\ProgramData\Anaconda3\envs\keras\lib\site-packages\theano\gof\cmodule.py", line 2411, in compile_str
    (status, compile_stderr.replace('\n', '. ')))
Exception: ('Compilation failed (return status=1): C:\\Users\\mutation\\AppData\\Local\\Theano\\compiledir_Windows-10-10.0.18362-SP0-Intel64_Family_6_Model_85_Stepping_4_GenuineIntel-3.6.12-64\\tmpzf__0xlk\\mod.cpp:749:31: error: \'XXMETH_VARARGSXX\' was not declared in this scope\r.   {"instantiate", instantiate, XXMETH_VARARGSXX, "undocumented"} ,\r.                                ^\r. ', '[InplaceDimShuffle{x,x}(TensorConstant{1.0})]')

ERROR (theano.gof.opt): Optimization failure due to: constant_folding
ERROR (theano.gof.opt): node: InplaceDimShuffle{x,x}(TensorConstant{1.0})
ERROR (theano.gof.opt): TRACEBACK:
ERROR (theano.gof.opt): Traceback (most recent call last):
  File "C:\ProgramData\Anaconda3\envs\keras\lib\site-packages\theano\gof\opt.py", line 2034, in process_node
    replacements = lopt.transform(node)
  File "C:\ProgramData\Anaconda3\envs\keras\lib\site-packages\theano\tensor\opt.py", line 6516, in constant_folding
    no_recycling=[], impl=impl)
  File "C:\ProgramData\Anaconda3\envs\keras\lib\site-packages\theano\gof\op.py", line 955, in make_thunk
    no_recycling)
  File "C:\ProgramData\Anaconda3\envs\keras\lib\site-packages\theano\gof\op.py", line 858, in make_c_thunk
    output_storage=node_output_storage)
  File "C:\ProgramData\Anaconda3\envs\keras\lib\site-packages\theano\gof\cc.py", line 1217, in make_thunk
    keep_lock=keep_lock)
  File "C:\ProgramData\Anaconda3\envs\keras\lib\site-packages\theano\gof\cc.py", line 1157, in __compile__
    keep_lock=keep_lock)
  File "C:\ProgramData\Anaconda3\envs\keras\lib\site-packages\theano\gof\cc.py", line 1624, in cthunk_factory
    key=key, lnk=self, keep_lock=keep_lock)
  File "C:\ProgramData\Anaconda3\envs\keras\lib\site-packages\theano\gof\cmodule.py", line 1189, in module_from_key
    module = lnk.compile_cmodule(location)
  File "C:\ProgramData\Anaconda3\envs\keras\lib\site-packages\theano\gof\cc.py", line 1527, in compile_cmodule
    preargs=preargs)
  File "C:\ProgramData\Anaconda3\envs\keras\lib\site-packages\theano\gof\cmodule.py", line 2411, in compile_str
    (status, compile_stderr.replace('\n', '. ')))
Exception: ('Compilation failed (return status=1): C:\\Users\\mutation\\AppData\\Local\\Theano\\compiledir_Windows-10-10.0.18362-SP0-Intel64_Family_6_Model_85_Stepping_4_GenuineIntel-3.6.12-64\\tmp0q7lbzgr\\mod.cpp:749:31: error: \'XXMETH_VARARGSXX\' was not declared in this scope\r.   {"instantiate", instantiate, XXMETH_VARARGSXX, "undocumented"} ,\r.                                ^\r. ', '[InplaceDimShuffle{x,x}(TensorConstant{1.0})]')

EEERROR (theano.gof.opt): Optimization failure due to: constant_folding
ERROR (theano.gof.opt): node: InplaceDimShuffle{x,x}(TensorConstant{1.0})
ERROR (theano.gof.opt): TRACEBACK:
ERROR (theano.gof.opt): Traceback (most recent call last):
  File "C:\ProgramData\Anaconda3\envs\keras\lib\site-packages\theano\gof\opt.py", line 2034, in process_node
    replacements = lopt.transform(node)
  File "C:\ProgramData\Anaconda3\envs\keras\lib\site-packages\theano\tensor\opt.py", line 6516, in constant_folding
    no_recycling=[], impl=impl)
  File "C:\ProgramData\Anaconda3\envs\keras\lib\site-packages\theano\gof\op.py", line 955, in make_thunk
    no_recycling)
  File "C:\ProgramData\Anaconda3\envs\keras\lib\site-packages\theano\gof\op.py", line 858, in make_c_thunk
    output_storage=node_output_storage)
  File "C:\ProgramData\Anaconda3\envs\keras\lib\site-packages\theano\gof\cc.py", line 1217, in make_thunk
    keep_lock=keep_lock)
  File "C:\ProgramData\Anaconda3\envs\keras\lib\site-packages\theano\gof\cc.py", line 1157, in __compile__
    keep_lock=keep_lock)
  File "C:\ProgramData\Anaconda3\envs\keras\lib\site-packages\theano\gof\cc.py", line 1624, in cthunk_factory
    key=key, lnk=self, keep_lock=keep_lock)
  File "C:\ProgramData\Anaconda3\envs\keras\lib\site-packages\theano\gof\cmodule.py", line 1189, in module_from_key
    module = lnk.compile_cmodule(location)
  File "C:\ProgramData\Anaconda3\envs\keras\lib\site-packages\theano\gof\cc.py", line 1527, in compile_cmodule
    preargs=preargs)
  File "C:\ProgramData\Anaconda3\envs\keras\lib\site-packages\theano\gof\cmodule.py", line 2411, in compile_str
    (status, compile_stderr.replace('\n', '. ')))
Exception: ('Compilation failed (return status=1): C:\\Users\\mutation\\AppData\\Local\\Theano\\compiledir_Windows-10-10.0.18362-SP0-Intel64_Family_6_Model_85_Stepping_4_GenuineIntel-3.6.12-64\\tmpj0gu7snf\\mod.cpp:749:31: error: \'XXMETH_VARARGSXX\' was not declared in this scope\r.   {"instantiate", instantiate, XXMETH_VARARGSXX, "undocumented"} ,\r.                                ^\r. ', '[InplaceDimShuffle{x,x}(TensorConstant{1.0})]')

ERROR (theano.gof.opt): Optimization failure due to: constant_folding
ERROR (theano.gof.opt): node: InplaceDimShuffle{x,x}(TensorConstant{1.0})
ERROR (theano.gof.opt): TRACEBACK:
ERROR (theano.gof.opt): Traceback (most recent call last):
  File "C:\ProgramData\Anaconda3\envs\keras\lib\site-packages\theano\gof\opt.py", line 2034, in process_node
    replacements = lopt.transform(node)
  File "C:\ProgramData\Anaconda3\envs\keras\lib\site-packages\theano\tensor\opt.py", line 6516, in constant_folding
    no_recycling=[], impl=impl)
  File "C:\ProgramData\Anaconda3\envs\keras\lib\site-packages\theano\gof\op.py", line 955, in make_thunk
    no_recycling)
  File "C:\ProgramData\Anaconda3\envs\keras\lib\site-packages\theano\gof\op.py", line 858, in make_c_thunk
    output_storage=node_output_storage)
  File "C:\ProgramData\Anaconda3\envs\keras\lib\site-packages\theano\gof\cc.py", line 1217, in make_thunk
    keep_lock=keep_lock)
  File "C:\ProgramData\Anaconda3\envs\keras\lib\site-packages\theano\gof\cc.py", line 1157, in __compile__
    keep_lock=keep_lock)
  File "C:\ProgramData\Anaconda3\envs\keras\lib\site-packages\theano\gof\cc.py", line 1624, in cthunk_factory
    key=key, lnk=self, keep_lock=keep_lock)
  File "C:\ProgramData\Anaconda3\envs\keras\lib\site-packages\theano\gof\cmodule.py", line 1189, in module_from_key
    module = lnk.compile_cmodule(location)
  File "C:\ProgramData\Anaconda3\envs\keras\lib\site-packages\theano\gof\cc.py", line 1527, in compile_cmodule
    preargs=preargs)
  File "C:\ProgramData\Anaconda3\envs\keras\lib\site-packages\theano\gof\cmodule.py", line 2411, in compile_str
    (status, compile_stderr.replace('\n', '. ')))
Exception: ('Compilation failed (return status=1): C:\\Users\\mutation\\AppData\\Local\\Theano\\compiledir_Windows-10-10.0.18362-SP0-Intel64_Family_6_Model_85_Stepping_4_GenuineIntel-3.6.12-64\\tmpq5ukojh1\\mod.cpp:749:31: error: \'XXMETH_VARARGSXX\' was not declared in this scope\r.   {"instantiate", instantiate, XXMETH_VARARGSXX, "undocumented"} ,\r.                                ^\r. ', '[InplaceDimShuffle{x,x}(TensorConstant{1.0})]')

ERROR (theano.gof.opt): Optimization failure due to: constant_folding
ERROR (theano.gof.opt): node: InplaceDimShuffle{x,x}(TensorConstant{1.0})
ERROR (theano.gof.opt): TRACEBACK:
ERROR (theano.gof.opt): Traceback (most recent call last):
  File "C:\ProgramData\Anaconda3\envs\keras\lib\site-packages\theano\gof\opt.py", line 2034, in process_node
    replacements = lopt.transform(node)
  File "C:\ProgramData\Anaconda3\envs\keras\lib\site-packages\theano\tensor\opt.py", line 6516, in constant_folding
    no_recycling=[], impl=impl)
  File "C:\ProgramData\Anaconda3\envs\keras\lib\site-packages\theano\gof\op.py", line 955, in make_thunk
    no_recycling)
  File "C:\ProgramData\Anaconda3\envs\keras\lib\site-packages\theano\gof\op.py", line 858, in make_c_thunk
    output_storage=node_output_storage)
  File "C:\ProgramData\Anaconda3\envs\keras\lib\site-packages\theano\gof\cc.py", line 1217, in make_thunk
    keep_lock=keep_lock)
  File "C:\ProgramData\Anaconda3\envs\keras\lib\site-packages\theano\gof\cc.py", line 1157, in __compile__
    keep_lock=keep_lock)
  File "C:\ProgramData\Anaconda3\envs\keras\lib\site-packages\theano\gof\cc.py", line 1624, in cthunk_factory
    key=key, lnk=self, keep_lock=keep_lock)
  File "C:\ProgramData\Anaconda3\envs\keras\lib\site-packages\theano\gof\cmodule.py", line 1189, in module_from_key
    module = lnk.compile_cmodule(location)
  File "C:\ProgramData\Anaconda3\envs\keras\lib\site-packages\theano\gof\cc.py", line 1527, in compile_cmodule
    preargs=preargs)
  File "C:\ProgramData\Anaconda3\envs\keras\lib\site-packages\theano\gof\cmodule.py", line 2411, in compile_str
    (status, compile_stderr.replace('\n', '. ')))
Exception: ('Compilation failed (return status=1): C:\\Users\\mutation\\AppData\\Local\\Theano\\compiledir_Windows-10-10.0.18362-SP0-Intel64_Family_6_Model_85_Stepping_4_GenuineIntel-3.6.12-64\\tmpr2x2vju3\\mod.cpp:749:31: error: \'XXMETH_VARARGSXX\' was not declared in this scope\r.   {"instantiate", instantiate, XXMETH_VARARGSXX, "undocumented"} ,\r.                                ^\r. ', '[InplaceDimShuffle{x,x}(TensorConstant{1.0})]')

ERROR (theano.gof.opt): Optimization failure due to: constant_folding
ERROR (theano.gof.opt): node: InplaceDimShuffle{x,x}(TensorConstant{1.0})
ERROR (theano.gof.opt): TRACEBACK:
ERROR (theano.gof.opt): Traceback (most recent call last):
  File "C:\ProgramData\Anaconda3\envs\keras\lib\site-packages\theano\gof\opt.py", line 2034, in process_node
    replacements = lopt.transform(node)
  File "C:\ProgramData\Anaconda3\envs\keras\lib\site-packages\theano\tensor\opt.py", line 6516, in constant_folding
    no_recycling=[], impl=impl)
  File "C:\ProgramData\Anaconda3\envs\keras\lib\site-packages\theano\gof\op.py", line 955, in make_thunk
    no_recycling)
  File "C:\ProgramData\Anaconda3\envs\keras\lib\site-packages\theano\gof\op.py", line 858, in make_c_thunk
    output_storage=node_output_storage)
  File "C:\ProgramData\Anaconda3\envs\keras\lib\site-packages\theano\gof\cc.py", line 1217, in make_thunk
    keep_lock=keep_lock)
  File "C:\ProgramData\Anaconda3\envs\keras\lib\site-packages\theano\gof\cc.py", line 1157, in __compile__
    keep_lock=keep_lock)
  File "C:\ProgramData\Anaconda3\envs\keras\lib\site-packages\theano\gof\cc.py", line 1624, in cthunk_factory
    key=key, lnk=self, keep_lock=keep_lock)
  File "C:\ProgramData\Anaconda3\envs\keras\lib\site-packages\theano\gof\cmodule.py", line 1189, in module_from_key
    module = lnk.compile_cmodule(location)
  File "C:\ProgramData\Anaconda3\envs\keras\lib\site-packages\theano\gof\cc.py", line 1527, in compile_cmodule
    preargs=preargs)
  File "C:\ProgramData\Anaconda3\envs\keras\lib\site-packages\theano\gof\cmodule.py", line 2411, in compile_str
    (status, compile_stderr.replace('\n', '. ')))
Exception: ('Compilation failed (return status=1): C:\\Users\\mutation\\AppData\\Local\\Theano\\compiledir_Windows-10-10.0.18362-SP0-Intel64_Family_6_Model_85_Stepping_4_GenuineIntel-3.6.12-64\\tmpm94hey22\\mod.cpp:749:31: error: \'XXMETH_VARARGSXX\' was not declared in this scope\r.   {"instantiate", instantiate, XXMETH_VARARGSXX, "undocumented"} ,\r.                                ^\r. ', '[InplaceDimShuffle{x,x}(TensorConstant{1.0})]')

ERROR (theano.gof.opt): Optimization failure due to: constant_folding
ERROR (theano.gof.opt): node: InplaceDimShuffle{x,x}(TensorConstant{1.0})
ERROR (theano.gof.opt): TRACEBACK:
ERROR (theano.gof.opt): Traceback (most recent call last):
  File "C:\ProgramData\Anaconda3\envs\keras\lib\site-packages\theano\gof\opt.py", line 2034, in process_node
    replacements = lopt.transform(node)
  File "C:\ProgramData\Anaconda3\envs\keras\lib\site-packages\theano\tensor\opt.py", line 6516, in constant_folding
    no_recycling=[], impl=impl)
  File "C:\ProgramData\Anaconda3\envs\keras\lib\site-packages\theano\gof\op.py", line 955, in make_thunk
    no_recycling)
  File "C:\ProgramData\Anaconda3\envs\keras\lib\site-packages\theano\gof\op.py", line 858, in make_c_thunk
    output_storage=node_output_storage)
  File "C:\ProgramData\Anaconda3\envs\keras\lib\site-packages\theano\gof\cc.py", line 1217, in make_thunk
    keep_lock=keep_lock)
  File "C:\ProgramData\Anaconda3\envs\keras\lib\site-packages\theano\gof\cc.py", line 1157, in __compile__
    keep_lock=keep_lock)
  File "C:\ProgramData\Anaconda3\envs\keras\lib\site-packages\theano\gof\cc.py", line 1624, in cthunk_factory
    key=key, lnk=self, keep_lock=keep_lock)
  File "C:\ProgramData\Anaconda3\envs\keras\lib\site-packages\theano\gof\cmodule.py", line 1189, in module_from_key
    module = lnk.compile_cmodule(location)
  File "C:\ProgramData\Anaconda3\envs\keras\lib\site-packages\theano\gof\cc.py", line 1527, in compile_cmodule
    preargs=preargs)
  File "C:\ProgramData\Anaconda3\envs\keras\lib\site-packages\theano\gof\cmodule.py", line 2411, in compile_str
    (status, compile_stderr.replace('\n', '. ')))
Exception: ('Compilation failed (return status=1): C:\\Users\\mutation\\AppData\\Local\\Theano\\compiledir_Windows-10-10.0.18362-SP0-Intel64_Family_6_Model_85_Stepping_4_GenuineIntel-3.6.12-64\\tmpuv46mzs3\\mod.cpp:749:31: error: \'XXMETH_VARARGSXX\' was not declared in this scope\r.   {"instantiate", instantiate, XXMETH_VARARGSXX, "undocumented"} ,\r.                                ^\r. ', '[InplaceDimShuffle{x,x}(TensorConstant{1.0})]')

ERROR (theano.gof.opt): Optimization failure due to: constant_folding
ERROR (theano.gof.opt): node: InplaceDimShuffle{x,x}(TensorConstant{1.0})
ERROR (theano.gof.opt): TRACEBACK:
ERROR (theano.gof.opt): Traceback (most recent call last):
  File "C:\ProgramData\Anaconda3\envs\keras\lib\site-packages\theano\gof\opt.py", line 2034, in process_node
    replacements = lopt.transform(node)
  File "C:\ProgramData\Anaconda3\envs\keras\lib\site-packages\theano\tensor\opt.py", line 6516, in constant_folding
    no_recycling=[], impl=impl)
  File "C:\ProgramData\Anaconda3\envs\keras\lib\site-packages\theano\gof\op.py", line 955, in make_thunk
    no_recycling)
  File "C:\ProgramData\Anaconda3\envs\keras\lib\site-packages\theano\gof\op.py", line 858, in make_c_thunk
    output_storage=node_output_storage)
  File "C:\ProgramData\Anaconda3\envs\keras\lib\site-packages\theano\gof\cc.py", line 1217, in make_thunk
    keep_lock=keep_lock)
  File "C:\ProgramData\Anaconda3\envs\keras\lib\site-packages\theano\gof\cc.py", line 1157, in __compile__
    keep_lock=keep_lock)
  File "C:\ProgramData\Anaconda3\envs\keras\lib\site-packages\theano\gof\cc.py", line 1624, in cthunk_factory
    key=key, lnk=self, keep_lock=keep_lock)
  File "C:\ProgramData\Anaconda3\envs\keras\lib\site-packages\theano\gof\cmodule.py", line 1189, in module_from_key
    module = lnk.compile_cmodule(location)
  File "C:\ProgramData\Anaconda3\envs\keras\lib\site-packages\theano\gof\cc.py", line 1527, in compile_cmodule
    preargs=preargs)
  File "C:\ProgramData\Anaconda3\envs\keras\lib\site-packages\theano\gof\cmodule.py", line 2411, in compile_str
    (status, compile_stderr.replace('\n', '. ')))
Exception: ('Compilation failed (return status=1): C:\\Users\\mutation\\AppData\\Local\\Theano\\compiledir_Windows-10-10.0.18362-SP0-Intel64_Family_6_Model_85_Stepping_4_GenuineIntel-3.6.12-64\\tmpngrem1yg\\mod.cpp:749:31: error: \'XXMETH_VARARGSXX\' was not declared in this scope\r.   {"instantiate", instantiate, XXMETH_VARARGSXX, "undocumented"} ,\r.                                ^\r. ', '[InplaceDimShuffle{x,x}(TensorConstant{1.0})]')

EEEE..ERROR (theano.gof.opt): Optimization failure due to: constant_folding
ERROR (theano.gof.opt): node: InplaceDimShuffle{x}(TensorConstant{2.0})
ERROR (theano.gof.opt): TRACEBACK:
ERROR (theano.gof.opt): Traceback (most recent call last):
  File "C:\ProgramData\Anaconda3\envs\keras\lib\site-packages\theano\gof\opt.py", line 2034, in process_node
    replacements = lopt.transform(node)
  File "C:\ProgramData\Anaconda3\envs\keras\lib\site-packages\theano\tensor\opt.py", line 6516, in constant_folding
    no_recycling=[], impl=impl)
  File "C:\ProgramData\Anaconda3\envs\keras\lib\site-packages\theano\gof\op.py", line 955, in make_thunk
    no_recycling)
  File "C:\ProgramData\Anaconda3\envs\keras\lib\site-packages\theano\gof\op.py", line 858, in make_c_thunk
    output_storage=node_output_storage)
  File "C:\ProgramData\Anaconda3\envs\keras\lib\site-packages\theano\gof\cc.py", line 1217, in make_thunk
    keep_lock=keep_lock)
  File "C:\ProgramData\Anaconda3\envs\keras\lib\site-packages\theano\gof\cc.py", line 1157, in __compile__
    keep_lock=keep_lock)
  File "C:\ProgramData\Anaconda3\envs\keras\lib\site-packages\theano\gof\cc.py", line 1624, in cthunk_factory
    key=key, lnk=self, keep_lock=keep_lock)
  File "C:\ProgramData\Anaconda3\envs\keras\lib\site-packages\theano\gof\cmodule.py", line 1189, in module_from_key
    module = lnk.compile_cmodule(location)
  File "C:\ProgramData\Anaconda3\envs\keras\lib\site-packages\theano\gof\cc.py", line 1527, in compile_cmodule
    preargs=preargs)
  File "C:\ProgramData\Anaconda3\envs\keras\lib\site-packages\theano\gof\cmodule.py", line 2411, in compile_str
    (status, compile_stderr.replace('\n', '. ')))
Exception: ('Compilation failed (return status=1): C:\\Users\\mutation\\AppData\\Local\\Theano\\compiledir_Windows-10-10.0.18362-SP0-Intel64_Family_6_Model_85_Stepping_4_GenuineIntel-3.6.12-64\\tmpzyoaqi0a\\mod.cpp:749:31: error: \'XXMETH_VARARGSXX\' was not declared in this scope\r.   {"instantiate", instantiate, XXMETH_VARARGSXX, "undocumented"} ,\r.                                ^\r. ', '[InplaceDimShuffle{x}(TensorConstant{2.0})]')

ERROR (theano.gof.opt): Optimization failure due to: constant_folding
ERROR (theano.gof.opt): node: InplaceDimShuffle{x}(TensorConstant{2.0})
ERROR (theano.gof.opt): TRACEBACK:
ERROR (theano.gof.opt): Traceback (most recent call last):
  File "C:\ProgramData\Anaconda3\envs\keras\lib\site-packages\theano\gof\opt.py", line 2034, in process_node
    replacements = lopt.transform(node)
  File "C:\ProgramData\Anaconda3\envs\keras\lib\site-packages\theano\tensor\opt.py", line 6516, in constant_folding
    no_recycling=[], impl=impl)
  File "C:\ProgramData\Anaconda3\envs\keras\lib\site-packages\theano\gof\op.py", line 955, in make_thunk
    no_recycling)
  File "C:\ProgramData\Anaconda3\envs\keras\lib\site-packages\theano\gof\op.py", line 858, in make_c_thunk
    output_storage=node_output_storage)
  File "C:\ProgramData\Anaconda3\envs\keras\lib\site-packages\theano\gof\cc.py", line 1217, in make_thunk
    keep_lock=keep_lock)
  File "C:\ProgramData\Anaconda3\envs\keras\lib\site-packages\theano\gof\cc.py", line 1157, in __compile__
    keep_lock=keep_lock)
  File "C:\ProgramData\Anaconda3\envs\keras\lib\site-packages\theano\gof\cc.py", line 1624, in cthunk_factory
    key=key, lnk=self, keep_lock=keep_lock)
  File "C:\ProgramData\Anaconda3\envs\keras\lib\site-packages\theano\gof\cmodule.py", line 1189, in module_from_key
    module = lnk.compile_cmodule(location)
  File "C:\ProgramData\Anaconda3\envs\keras\lib\site-packages\theano\gof\cc.py", line 1527, in compile_cmodule
    preargs=preargs)
  File "C:\ProgramData\Anaconda3\envs\keras\lib\site-packages\theano\gof\cmodule.py", line 2411, in compile_str
    (status, compile_stderr.replace('\n', '. ')))
Exception: ('Compilation failed (return status=1): C:\\Users\\mutation\\AppData\\Local\\Theano\\compiledir_Windows-10-10.0.18362-SP0-Intel64_Family_6_Model_85_Stepping_4_GenuineIntel-3.6.12-64\\tmpayu7mc5y\\mod.cpp:749:31: error: \'XXMETH_VARARGSXX\' was not declared in this scope\r.   {"instantiate", instantiate, XXMETH_VARARGSXX, "undocumented"} ,\r.                                ^\r. ', '[InplaceDimShuffle{x}(TensorConstant{2.0})]')

ERROR (theano.gof.opt): Optimization failure due to: constant_folding
ERROR (theano.gof.opt): node: InplaceDimShuffle{x}(TensorConstant{2.0})
ERROR (theano.gof.opt): TRACEBACK:
ERROR (theano.gof.opt): Traceback (most recent call last):
  File "C:\ProgramData\Anaconda3\envs\keras\lib\site-packages\theano\gof\opt.py", line 2034, in process_node
    replacements = lopt.transform(node)
  File "C:\ProgramData\Anaconda3\envs\keras\lib\site-packages\theano\tensor\opt.py", line 6516, in constant_folding
    no_recycling=[], impl=impl)
  File "C:\ProgramData\Anaconda3\envs\keras\lib\site-packages\theano\gof\op.py", line 955, in make_thunk
    no_recycling)
  File "C:\ProgramData\Anaconda3\envs\keras\lib\site-packages\theano\gof\op.py", line 858, in make_c_thunk
    output_storage=node_output_storage)
  File "C:\ProgramData\Anaconda3\envs\keras\lib\site-packages\theano\gof\cc.py", line 1217, in make_thunk
    keep_lock=keep_lock)
  File "C:\ProgramData\Anaconda3\envs\keras\lib\site-packages\theano\gof\cc.py", line 1157, in __compile__
    keep_lock=keep_lock)
  File "C:\ProgramData\Anaconda3\envs\keras\lib\site-packages\theano\gof\cc.py", line 1624, in cthunk_factory
    key=key, lnk=self, keep_lock=keep_lock)
  File "C:\ProgramData\Anaconda3\envs\keras\lib\site-packages\theano\gof\cmodule.py", line 1189, in module_from_key
    module = lnk.compile_cmodule(location)
  File "C:\ProgramData\Anaconda3\envs\keras\lib\site-packages\theano\gof\cc.py", line 1527, in compile_cmodule
    preargs=preargs)
  File "C:\ProgramData\Anaconda3\envs\keras\lib\site-packages\theano\gof\cmodule.py", line 2411, in compile_str
    (status, compile_stderr.replace('\n', '. ')))
Exception: ('Compilation failed (return status=1): C:\\Users\\mutation\\AppData\\Local\\Theano\\compiledir_Windows-10-10.0.18362-SP0-Intel64_Family_6_Model_85_Stepping_4_GenuineIntel-3.6.12-64\\tmpicafsn65\\mod.cpp:749:31: error: \'XXMETH_VARARGSXX\' was not declared in this scope\r.   {"instantiate", instantiate, XXMETH_VARARGSXX, "undocumented"} ,\r.                                ^\r. ', '[InplaceDimShuffle{x}(TensorConstant{2.0})]')

ERROR (theano.gof.opt): Optimization failure due to: constant_folding
ERROR (theano.gof.opt): node: InplaceDimShuffle{x}(TensorConstant{2.0})
ERROR (theano.gof.opt): TRACEBACK:
ERROR (theano.gof.opt): Traceback (most recent call last):
  File "C:\ProgramData\Anaconda3\envs\keras\lib\site-packages\theano\gof\opt.py", line 2034, in process_node
    replacements = lopt.transform(node)
  File "C:\ProgramData\Anaconda3\envs\keras\lib\site-packages\theano\tensor\opt.py", line 6516, in constant_folding
    no_recycling=[], impl=impl)
  File "C:\ProgramData\Anaconda3\envs\keras\lib\site-packages\theano\gof\op.py", line 955, in make_thunk
    no_recycling)
  File "C:\ProgramData\Anaconda3\envs\keras\lib\site-packages\theano\gof\op.py", line 858, in make_c_thunk
    output_storage=node_output_storage)
  File "C:\ProgramData\Anaconda3\envs\keras\lib\site-packages\theano\gof\cc.py", line 1217, in make_thunk
    keep_lock=keep_lock)
  File "C:\ProgramData\Anaconda3\envs\keras\lib\site-packages\theano\gof\cc.py", line 1157, in __compile__
    keep_lock=keep_lock)
  File "C:\ProgramData\Anaconda3\envs\keras\lib\site-packages\theano\gof\cc.py", line 1624, in cthunk_factory
    key=key, lnk=self, keep_lock=keep_lock)
  File "C:\ProgramData\Anaconda3\envs\keras\lib\site-packages\theano\gof\cmodule.py", line 1189, in module_from_key
    module = lnk.compile_cmodule(location)
  File "C:\ProgramData\Anaconda3\envs\keras\lib\site-packages\theano\gof\cc.py", line 1527, in compile_cmodule
    preargs=preargs)
  File "C:\ProgramData\Anaconda3\envs\keras\lib\site-packages\theano\gof\cmodule.py", line 2411, in compile_str
    (status, compile_stderr.replace('\n', '. ')))
Exception: ('Compilation failed (return status=1): C:\\Users\\mutation\\AppData\\Local\\Theano\\compiledir_Windows-10-10.0.18362-SP0-Intel64_Family_6_Model_85_Stepping_4_GenuineIntel-3.6.12-64\\tmpjolwiq9j\\mod.cpp:749:31: error: \'XXMETH_VARARGSXX\' was not declared in this scope\r.   {"instantiate", instantiate, XXMETH_VARARGSXX, "undocumented"} ,\r.                                ^\r. ', '[InplaceDimShuffle{x}(TensorConstant{2.0})]')

ERROR (theano.gof.opt): Optimization failure due to: constant_folding
ERROR (theano.gof.opt): node: InplaceDimShuffle{x}(TensorConstant{2.0})
ERROR (theano.gof.opt): TRACEBACK:
ERROR (theano.gof.opt): Traceback (most recent call last):
  File "C:\ProgramData\Anaconda3\envs\keras\lib\site-packages\theano\gof\opt.py", line 2034, in process_node
    replacements = lopt.transform(node)
  File "C:\ProgramData\Anaconda3\envs\keras\lib\site-packages\theano\tensor\opt.py", line 6516, in constant_folding
    no_recycling=[], impl=impl)
  File "C:\ProgramData\Anaconda3\envs\keras\lib\site-packages\theano\gof\op.py", line 955, in make_thunk
    no_recycling)
  File "C:\ProgramData\Anaconda3\envs\keras\lib\site-packages\theano\gof\op.py", line 858, in make_c_thunk
    output_storage=node_output_storage)
  File "C:\ProgramData\Anaconda3\envs\keras\lib\site-packages\theano\gof\cc.py", line 1217, in make_thunk
    keep_lock=keep_lock)
  File "C:\ProgramData\Anaconda3\envs\keras\lib\site-packages\theano\gof\cc.py", line 1157, in __compile__
    keep_lock=keep_lock)
  File "C:\ProgramData\Anaconda3\envs\keras\lib\site-packages\theano\gof\cc.py", line 1624, in cthunk_factory
    key=key, lnk=self, keep_lock=keep_lock)
  File "C:\ProgramData\Anaconda3\envs\keras\lib\site-packages\theano\gof\cmodule.py", line 1189, in module_from_key
    module = lnk.compile_cmodule(location)
  File "C:\ProgramData\Anaconda3\envs\keras\lib\site-packages\theano\gof\cc.py", line 1527, in compile_cmodule
    preargs=preargs)
  File "C:\ProgramData\Anaconda3\envs\keras\lib\site-packages\theano\gof\cmodule.py", line 2411, in compile_str
    (status, compile_stderr.replace('\n', '. ')))
Exception: ('Compilation failed (return status=1): C:\\Users\\mutation\\AppData\\Local\\Theano\\compiledir_Windows-10-10.0.18362-SP0-Intel64_Family_6_Model_85_Stepping_4_GenuineIntel-3.6.12-64\\tmpngiwg60q\\mod.cpp:749:31: error: \'XXMETH_VARARGSXX\' was not declared in this scope\r.   {"instantiate", instantiate, XXMETH_VARARGSXX, "undocumented"} ,\r.                                ^\r. ', '[InplaceDimShuffle{x}(TensorConstant{2.0})]')

ERROR (theano.gof.opt): Optimization failure due to: constant_folding
ERROR (theano.gof.opt): node: InplaceDimShuffle{x}(TensorConstant{2.0})
ERROR (theano.gof.opt): TRACEBACK:
ERROR (theano.gof.opt): Traceback (most recent call last):
  File "C:\ProgramData\Anaconda3\envs\keras\lib\site-packages\theano\gof\opt.py", line 2034, in process_node
    replacements = lopt.transform(node)
  File "C:\ProgramData\Anaconda3\envs\keras\lib\site-packages\theano\tensor\opt.py", line 6516, in constant_folding
    no_recycling=[], impl=impl)
  File "C:\ProgramData\Anaconda3\envs\keras\lib\site-packages\theano\gof\op.py", line 955, in make_thunk
    no_recycling)
  File "C:\ProgramData\Anaconda3\envs\keras\lib\site-packages\theano\gof\op.py", line 858, in make_c_thunk
    output_storage=node_output_storage)
  File "C:\ProgramData\Anaconda3\envs\keras\lib\site-packages\theano\gof\cc.py", line 1217, in make_thunk
    keep_lock=keep_lock)
  File "C:\ProgramData\Anaconda3\envs\keras\lib\site-packages\theano\gof\cc.py", line 1157, in __compile__
    keep_lock=keep_lock)
  File "C:\ProgramData\Anaconda3\envs\keras\lib\site-packages\theano\gof\cc.py", line 1624, in cthunk_factory
    key=key, lnk=self, keep_lock=keep_lock)
  File "C:\ProgramData\Anaconda3\envs\keras\lib\site-packages\theano\gof\cmodule.py", line 1189, in module_from_key
    module = lnk.compile_cmodule(location)
  File "C:\ProgramData\Anaconda3\envs\keras\lib\site-packages\theano\gof\cc.py", line 1527, in compile_cmodule
    preargs=preargs)
  File "C:\ProgramData\Anaconda3\envs\keras\lib\site-packages\theano\gof\cmodule.py", line 2411, in compile_str
    (status, compile_stderr.replace('\n', '. ')))
Exception: ('Compilation failed (return status=1): C:\\Users\\mutation\\AppData\\Local\\Theano\\compiledir_Windows-10-10.0.18362-SP0-Intel64_Family_6_Model_85_Stepping_4_GenuineIntel-3.6.12-64\\tmpdz4f08d4\\mod.cpp:749:31: error: \'XXMETH_VARARGSXX\' was not declared in this scope\r.   {"instantiate", instantiate, XXMETH_VARARGSXX, "undocumented"} ,\r.                                ^\r. ', '[InplaceDimShuffle{x}(TensorConstant{2.0})]')

E.EERROR (theano.gof.opt): Optimization failure due to: constant_folding
ERROR (theano.gof.opt): node: InplaceDimShuffle{x}(TensorConstant{1.0})
ERROR (theano.gof.opt): TRACEBACK:
ERROR (theano.gof.opt): Traceback (most recent call last):
  File "C:\ProgramData\Anaconda3\envs\keras\lib\site-packages\theano\gof\opt.py", line 2034, in process_node
    replacements = lopt.transform(node)
  File "C:\ProgramData\Anaconda3\envs\keras\lib\site-packages\theano\tensor\opt.py", line 6516, in constant_folding
    no_recycling=[], impl=impl)
  File "C:\ProgramData\Anaconda3\envs\keras\lib\site-packages\theano\gof\op.py", line 955, in make_thunk
    no_recycling)
  File "C:\ProgramData\Anaconda3\envs\keras\lib\site-packages\theano\gof\op.py", line 858, in make_c_thunk
    output_storage=node_output_storage)
  File "C:\ProgramData\Anaconda3\envs\keras\lib\site-packages\theano\gof\cc.py", line 1217, in make_thunk
    keep_lock=keep_lock)
  File "C:\ProgramData\Anaconda3\envs\keras\lib\site-packages\theano\gof\cc.py", line 1157, in __compile__
    keep_lock=keep_lock)
  File "C:\ProgramData\Anaconda3\envs\keras\lib\site-packages\theano\gof\cc.py", line 1624, in cthunk_factory
    key=key, lnk=self, keep_lock=keep_lock)
  File "C:\ProgramData\Anaconda3\envs\keras\lib\site-packages\theano\gof\cmodule.py", line 1189, in module_from_key
    module = lnk.compile_cmodule(location)
  File "C:\ProgramData\Anaconda3\envs\keras\lib\site-packages\theano\gof\cc.py", line 1527, in compile_cmodule
    preargs=preargs)
  File "C:\ProgramData\Anaconda3\envs\keras\lib\site-packages\theano\gof\cmodule.py", line 2411, in compile_str
    (status, compile_stderr.replace('\n', '. ')))
Exception: ('Compilation failed (return status=1): C:\\Users\\mutation\\AppData\\Local\\Theano\\compiledir_Windows-10-10.0.18362-SP0-Intel64_Family_6_Model_85_Stepping_4_GenuineIntel-3.6.12-64\\tmps57bnxv3\\mod.cpp:749:31: error: \'XXMETH_VARARGSXX\' was not declared in this scope\r.   {"instantiate", instantiate, XXMETH_VARARGSXX, "undocumented"} ,\r.                                ^\r. ', '[InplaceDimShuffle{x}(TensorConstant{1.0})]')

ERROR (theano.gof.opt): Optimization failure due to: constant_folding
ERROR (theano.gof.opt): node: InplaceDimShuffle{x}(TensorConstant{1.0})
ERROR (theano.gof.opt): TRACEBACK:
ERROR (theano.gof.opt): Traceback (most recent call last):
  File "C:\ProgramData\Anaconda3\envs\keras\lib\site-packages\theano\gof\opt.py", line 2034, in process_node
    replacements = lopt.transform(node)
  File "C:\ProgramData\Anaconda3\envs\keras\lib\site-packages\theano\tensor\opt.py", line 6516, in constant_folding
    no_recycling=[], impl=impl)
  File "C:\ProgramData\Anaconda3\envs\keras\lib\site-packages\theano\gof\op.py", line 955, in make_thunk
    no_recycling)
  File "C:\ProgramData\Anaconda3\envs\keras\lib\site-packages\theano\gof\op.py", line 858, in make_c_thunk
    output_storage=node_output_storage)
  File "C:\ProgramData\Anaconda3\envs\keras\lib\site-packages\theano\gof\cc.py", line 1217, in make_thunk
    keep_lock=keep_lock)
  File "C:\ProgramData\Anaconda3\envs\keras\lib\site-packages\theano\gof\cc.py", line 1157, in __compile__
    keep_lock=keep_lock)
  File "C:\ProgramData\Anaconda3\envs\keras\lib\site-packages\theano\gof\cc.py", line 1624, in cthunk_factory
    key=key, lnk=self, keep_lock=keep_lock)
  File "C:\ProgramData\Anaconda3\envs\keras\lib\site-packages\theano\gof\cmodule.py", line 1189, in module_from_key
    module = lnk.compile_cmodule(location)
  File "C:\ProgramData\Anaconda3\envs\keras\lib\site-packages\theano\gof\cc.py", line 1527, in compile_cmodule
    preargs=preargs)
  File "C:\ProgramData\Anaconda3\envs\keras\lib\site-packages\theano\gof\cmodule.py", line 2411, in compile_str
    (status, compile_stderr.replace('\n', '. ')))
Exception: ('Compilation failed (return status=1): C:\\Users\\mutation\\AppData\\Local\\Theano\\compiledir_Windows-10-10.0.18362-SP0-Intel64_Family_6_Model_85_Stepping_4_GenuineIntel-3.6.12-64\\tmpw0vep1wb\\mod.cpp:749:31: error: \'XXMETH_VARARGSXX\' was not declared in this scope\r.   {"instantiate", instantiate, XXMETH_VARARGSXX, "undocumented"} ,\r.                                ^\r. ', '[InplaceDimShuffle{x}(TensorConstant{1.0})]')

ERROR (theano.gof.opt): Optimization failure due to: constant_folding
ERROR (theano.gof.opt): node: InplaceDimShuffle{x}(TensorConstant{1.0})
ERROR (theano.gof.opt): TRACEBACK:
ERROR (theano.gof.opt): Traceback (most recent call last):
  File "C:\ProgramData\Anaconda3\envs\keras\lib\site-packages\theano\gof\opt.py", line 2034, in process_node
    replacements = lopt.transform(node)
  File "C:\ProgramData\Anaconda3\envs\keras\lib\site-packages\theano\tensor\opt.py", line 6516, in constant_folding
    no_recycling=[], impl=impl)
  File "C:\ProgramData\Anaconda3\envs\keras\lib\site-packages\theano\gof\op.py", line 955, in make_thunk
    no_recycling)
  File "C:\ProgramData\Anaconda3\envs\keras\lib\site-packages\theano\gof\op.py", line 858, in make_c_thunk
    output_storage=node_output_storage)
  File "C:\ProgramData\Anaconda3\envs\keras\lib\site-packages\theano\gof\cc.py", line 1217, in make_thunk
    keep_lock=keep_lock)
  File "C:\ProgramData\Anaconda3\envs\keras\lib\site-packages\theano\gof\cc.py", line 1157, in __compile__
    keep_lock=keep_lock)
  File "C:\ProgramData\Anaconda3\envs\keras\lib\site-packages\theano\gof\cc.py", line 1624, in cthunk_factory
    key=key, lnk=self, keep_lock=keep_lock)
  File "C:\ProgramData\Anaconda3\envs\keras\lib\site-packages\theano\gof\cmodule.py", line 1189, in module_from_key
    module = lnk.compile_cmodule(location)
  File "C:\ProgramData\Anaconda3\envs\keras\lib\site-packages\theano\gof\cc.py", line 1527, in compile_cmodule
    preargs=preargs)
  File "C:\ProgramData\Anaconda3\envs\keras\lib\site-packages\theano\gof\cmodule.py", line 2411, in compile_str
    (status, compile_stderr.replace('\n', '. ')))
Exception: ('Compilation failed (return status=1): C:\\Users\\mutation\\AppData\\Local\\Theano\\compiledir_Windows-10-10.0.18362-SP0-Intel64_Family_6_Model_85_Stepping_4_GenuineIntel-3.6.12-64\\tmp9z5m19kv\\mod.cpp:749:31: error: \'XXMETH_VARARGSXX\' was not declared in this scope\r.   {"instantiate", instantiate, XXMETH_VARARGSXX, "undocumented"} ,\r.                                ^\r. ', '[InplaceDimShuffle{x}(TensorConstant{1.0})]')

ERROR (theano.gof.opt): Optimization failure due to: constant_folding
ERROR (theano.gof.opt): node: InplaceDimShuffle{x}(TensorConstant{1.0})
ERROR (theano.gof.opt): TRACEBACK:
ERROR (theano.gof.opt): Traceback (most recent call last):
  File "C:\ProgramData\Anaconda3\envs\keras\lib\site-packages\theano\gof\opt.py", line 2034, in process_node
    replacements = lopt.transform(node)
  File "C:\ProgramData\Anaconda3\envs\keras\lib\site-packages\theano\tensor\opt.py", line 6516, in constant_folding
    no_recycling=[], impl=impl)
  File "C:\ProgramData\Anaconda3\envs\keras\lib\site-packages\theano\gof\op.py", line 955, in make_thunk
    no_recycling)
  File "C:\ProgramData\Anaconda3\envs\keras\lib\site-packages\theano\gof\op.py", line 858, in make_c_thunk
    output_storage=node_output_storage)
  File "C:\ProgramData\Anaconda3\envs\keras\lib\site-packages\theano\gof\cc.py", line 1217, in make_thunk
    keep_lock=keep_lock)
  File "C:\ProgramData\Anaconda3\envs\keras\lib\site-packages\theano\gof\cc.py", line 1157, in __compile__
    keep_lock=keep_lock)
  File "C:\ProgramData\Anaconda3\envs\keras\lib\site-packages\theano\gof\cc.py", line 1624, in cthunk_factory
    key=key, lnk=self, keep_lock=keep_lock)
  File "C:\ProgramData\Anaconda3\envs\keras\lib\site-packages\theano\gof\cmodule.py", line 1189, in module_from_key
    module = lnk.compile_cmodule(location)
  File "C:\ProgramData\Anaconda3\envs\keras\lib\site-packages\theano\gof\cc.py", line 1527, in compile_cmodule
    preargs=preargs)
  File "C:\ProgramData\Anaconda3\envs\keras\lib\site-packages\theano\gof\cmodule.py", line 2411, in compile_str
    (status, compile_stderr.replace('\n', '. ')))
Exception: ('Compilation failed (return status=1): C:\\Users\\mutation\\AppData\\Local\\Theano\\compiledir_Windows-10-10.0.18362-SP0-Intel64_Family_6_Model_85_Stepping_4_GenuineIntel-3.6.12-64\\tmpobvmjy5t\\mod.cpp:749:31: error: \'XXMETH_VARARGSXX\' was not declared in this scope\r.   {"instantiate", instantiate, XXMETH_VARARGSXX, "undocumented"} ,\r.                                ^\r. ', '[InplaceDimShuffle{x}(TensorConstant{1.0})]')

ERROR (theano.gof.opt): Optimization failure due to: constant_folding
ERROR (theano.gof.opt): node: InplaceDimShuffle{x}(TensorConstant{1.0})
ERROR (theano.gof.opt): TRACEBACK:
ERROR (theano.gof.opt): Traceback (most recent call last):
  File "C:\ProgramData\Anaconda3\envs\keras\lib\site-packages\theano\gof\opt.py", line 2034, in process_node
    replacements = lopt.transform(node)
  File "C:\ProgramData\Anaconda3\envs\keras\lib\site-packages\theano\tensor\opt.py", line 6516, in constant_folding
    no_recycling=[], impl=impl)
  File "C:\ProgramData\Anaconda3\envs\keras\lib\site-packages\theano\gof\op.py", line 955, in make_thunk
    no_recycling)
  File "C:\ProgramData\Anaconda3\envs\keras\lib\site-packages\theano\gof\op.py", line 858, in make_c_thunk
    output_storage=node_output_storage)
  File "C:\ProgramData\Anaconda3\envs\keras\lib\site-packages\theano\gof\cc.py", line 1217, in make_thunk
    keep_lock=keep_lock)
  File "C:\ProgramData\Anaconda3\envs\keras\lib\site-packages\theano\gof\cc.py", line 1157, in __compile__
    keep_lock=keep_lock)
  File "C:\ProgramData\Anaconda3\envs\keras\lib\site-packages\theano\gof\cc.py", line 1624, in cthunk_factory
    key=key, lnk=self, keep_lock=keep_lock)
  File "C:\ProgramData\Anaconda3\envs\keras\lib\site-packages\theano\gof\cmodule.py", line 1189, in module_from_key
    module = lnk.compile_cmodule(location)
  File "C:\ProgramData\Anaconda3\envs\keras\lib\site-packages\theano\gof\cc.py", line 1527, in compile_cmodule
    preargs=preargs)
  File "C:\ProgramData\Anaconda3\envs\keras\lib\site-packages\theano\gof\cmodule.py", line 2411, in compile_str
    (status, compile_stderr.replace('\n', '. ')))
Exception: ('Compilation failed (return status=1): C:\\Users\\mutation\\AppData\\Local\\Theano\\compiledir_Windows-10-10.0.18362-SP0-Intel64_Family_6_Model_85_Stepping_4_GenuineIntel-3.6.12-64\\tmpucn5ttg_\\mod.cpp:749:31: error: \'XXMETH_VARARGSXX\' was not declared in this scope\r.   {"instantiate", instantiate, XXMETH_VARARGSXX, "undocumented"} ,\r.                                ^\r. ', '[InplaceDimShuffle{x}(TensorConstant{1.0})]')

ERROR (theano.gof.opt): Optimization failure due to: constant_folding
ERROR (theano.gof.opt): node: InplaceDimShuffle{x}(TensorConstant{1.0})
ERROR (theano.gof.opt): TRACEBACK:
ERROR (theano.gof.opt): Traceback (most recent call last):
  File "C:\ProgramData\Anaconda3\envs\keras\lib\site-packages\theano\gof\opt.py", line 2034, in process_node
    replacements = lopt.transform(node)
  File "C:\ProgramData\Anaconda3\envs\keras\lib\site-packages\theano\tensor\opt.py", line 6516, in constant_folding
    no_recycling=[], impl=impl)
  File "C:\ProgramData\Anaconda3\envs\keras\lib\site-packages\theano\gof\op.py", line 955, in make_thunk
    no_recycling)
  File "C:\ProgramData\Anaconda3\envs\keras\lib\site-packages\theano\gof\op.py", line 858, in make_c_thunk
    output_storage=node_output_storage)
  File "C:\ProgramData\Anaconda3\envs\keras\lib\site-packages\theano\gof\cc.py", line 1217, in make_thunk
    keep_lock=keep_lock)
  File "C:\ProgramData\Anaconda3\envs\keras\lib\site-packages\theano\gof\cc.py", line 1157, in __compile__
    keep_lock=keep_lock)
  File "C:\ProgramData\Anaconda3\envs\keras\lib\site-packages\theano\gof\cc.py", line 1624, in cthunk_factory
    key=key, lnk=self, keep_lock=keep_lock)
  File "C:\ProgramData\Anaconda3\envs\keras\lib\site-packages\theano\gof\cmodule.py", line 1189, in module_from_key
    module = lnk.compile_cmodule(location)
  File "C:\ProgramData\Anaconda3\envs\keras\lib\site-packages\theano\gof\cc.py", line 1527, in compile_cmodule
    preargs=preargs)
  File "C:\ProgramData\Anaconda3\envs\keras\lib\site-packages\theano\gof\cmodule.py", line 2411, in compile_str
    (status, compile_stderr.replace('\n', '. ')))
Exception: ('Compilation failed (return status=1): C:\\Users\\mutation\\AppData\\Local\\Theano\\compiledir_Windows-10-10.0.18362-SP0-Intel64_Family_6_Model_85_Stepping_4_GenuineIntel-3.6.12-64\\tmpupf8jon5\\mod.cpp:749:31: error: \'XXMETH_VARARGSXX\' was not declared in this scope\r.   {"instantiate", instantiate, XXMETH_VARARGSXX, "undocumented"} ,\r.                                ^\r. ', '[InplaceDimShuffle{x}(TensorConstant{1.0})]')

E...ERROR (theano.gof.opt): Optimization failure due to: constant_folding
ERROR (theano.gof.opt): node: InplaceDimShuffle{x,x}(TensorConstant{2.0})
ERROR (theano.gof.opt): TRACEBACK:
ERROR (theano.gof.opt): Traceback (most recent call last):
  File "C:\ProgramData\Anaconda3\envs\keras\lib\site-packages\theano\gof\opt.py", line 2034, in process_node
    replacements = lopt.transform(node)
  File "C:\ProgramData\Anaconda3\envs\keras\lib\site-packages\theano\tensor\opt.py", line 6516, in constant_folding
    no_recycling=[], impl=impl)
  File "C:\ProgramData\Anaconda3\envs\keras\lib\site-packages\theano\gof\op.py", line 955, in make_thunk
    no_recycling)
  File "C:\ProgramData\Anaconda3\envs\keras\lib\site-packages\theano\gof\op.py", line 858, in make_c_thunk
    output_storage=node_output_storage)
  File "C:\ProgramData\Anaconda3\envs\keras\lib\site-packages\theano\gof\cc.py", line 1217, in make_thunk
    keep_lock=keep_lock)
  File "C:\ProgramData\Anaconda3\envs\keras\lib\site-packages\theano\gof\cc.py", line 1157, in __compile__
    keep_lock=keep_lock)
  File "C:\ProgramData\Anaconda3\envs\keras\lib\site-packages\theano\gof\cc.py", line 1624, in cthunk_factory
    key=key, lnk=self, keep_lock=keep_lock)
  File "C:\ProgramData\Anaconda3\envs\keras\lib\site-packages\theano\gof\cmodule.py", line 1189, in module_from_key
    module = lnk.compile_cmodule(location)
  File "C:\ProgramData\Anaconda3\envs\keras\lib\site-packages\theano\gof\cc.py", line 1527, in compile_cmodule
    preargs=preargs)
  File "C:\ProgramData\Anaconda3\envs\keras\lib\site-packages\theano\gof\cmodule.py", line 2411, in compile_str
    (status, compile_stderr.replace('\n', '. ')))
Exception: ('Compilation failed (return status=1): C:\\Users\\mutation\\AppData\\Local\\Theano\\compiledir_Windows-10-10.0.18362-SP0-Intel64_Family_6_Model_85_Stepping_4_GenuineIntel-3.6.12-64\\tmp6o6sbpoo\\mod.cpp:749:31: error: \'XXMETH_VARARGSXX\' was not declared in this scope\r.   {"instantiate", instantiate, XXMETH_VARARGSXX, "undocumented"} ,\r.                                ^\r. ', '[InplaceDimShuffle{x,x}(TensorConstant{2.0})]')

ERROR (theano.gof.opt): Optimization failure due to: constant_folding
ERROR (theano.gof.opt): node: InplaceDimShuffle{x,x}(TensorConstant{2.0})
ERROR (theano.gof.opt): TRACEBACK:
ERROR (theano.gof.opt): Traceback (most recent call last):
  File "C:\ProgramData\Anaconda3\envs\keras\lib\site-packages\theano\gof\opt.py", line 2034, in process_node
    replacements = lopt.transform(node)
  File "C:\ProgramData\Anaconda3\envs\keras\lib\site-packages\theano\tensor\opt.py", line 6516, in constant_folding
    no_recycling=[], impl=impl)
  File "C:\ProgramData\Anaconda3\envs\keras\lib\site-packages\theano\gof\op.py", line 955, in make_thunk
    no_recycling)
  File "C:\ProgramData\Anaconda3\envs\keras\lib\site-packages\theano\gof\op.py", line 858, in make_c_thunk
    output_storage=node_output_storage)
  File "C:\ProgramData\Anaconda3\envs\keras\lib\site-packages\theano\gof\cc.py", line 1217, in make_thunk
    keep_lock=keep_lock)
  File "C:\ProgramData\Anaconda3\envs\keras\lib\site-packages\theano\gof\cc.py", line 1157, in __compile__
    keep_lock=keep_lock)
  File "C:\ProgramData\Anaconda3\envs\keras\lib\site-packages\theano\gof\cc.py", line 1624, in cthunk_factory
    key=key, lnk=self, keep_lock=keep_lock)
  File "C:\ProgramData\Anaconda3\envs\keras\lib\site-packages\theano\gof\cmodule.py", line 1189, in module_from_key
    module = lnk.compile_cmodule(location)
  File "C:\ProgramData\Anaconda3\envs\keras\lib\site-packages\theano\gof\cc.py", line 1527, in compile_cmodule
    preargs=preargs)
  File "C:\ProgramData\Anaconda3\envs\keras\lib\site-packages\theano\gof\cmodule.py", line 2411, in compile_str
    (status, compile_stderr.replace('\n', '. ')))
Exception: ('Compilation failed (return status=1): C:\\Users\\mutation\\AppData\\Local\\Theano\\compiledir_Windows-10-10.0.18362-SP0-Intel64_Family_6_Model_85_Stepping_4_GenuineIntel-3.6.12-64\\tmpjdwrowkc\\mod.cpp:749:31: error: \'XXMETH_VARARGSXX\' was not declared in this scope\r.   {"instantiate", instantiate, XXMETH_VARARGSXX, "undocumented"} ,\r.                                ^\r. ', '[InplaceDimShuffle{x,x}(TensorConstant{2.0})]')

ERROR (theano.gof.opt): Optimization failure due to: constant_folding
ERROR (theano.gof.opt): node: InplaceDimShuffle{x,x}(TensorConstant{2.0})
ERROR (theano.gof.opt): TRACEBACK:
ERROR (theano.gof.opt): Traceback (most recent call last):
  File "C:\ProgramData\Anaconda3\envs\keras\lib\site-packages\theano\gof\opt.py", line 2034, in process_node
    replacements = lopt.transform(node)
  File "C:\ProgramData\Anaconda3\envs\keras\lib\site-packages\theano\tensor\opt.py", line 6516, in constant_folding
    no_recycling=[], impl=impl)
  File "C:\ProgramData\Anaconda3\envs\keras\lib\site-packages\theano\gof\op.py", line 955, in make_thunk
    no_recycling)
  File "C:\ProgramData\Anaconda3\envs\keras\lib\site-packages\theano\gof\op.py", line 858, in make_c_thunk
    output_storage=node_output_storage)
  File "C:\ProgramData\Anaconda3\envs\keras\lib\site-packages\theano\gof\cc.py", line 1217, in make_thunk
    keep_lock=keep_lock)
  File "C:\ProgramData\Anaconda3\envs\keras\lib\site-packages\theano\gof\cc.py", line 1157, in __compile__
    keep_lock=keep_lock)
  File "C:\ProgramData\Anaconda3\envs\keras\lib\site-packages\theano\gof\cc.py", line 1624, in cthunk_factory
    key=key, lnk=self, keep_lock=keep_lock)
  File "C:\ProgramData\Anaconda3\envs\keras\lib\site-packages\theano\gof\cmodule.py", line 1189, in module_from_key
    module = lnk.compile_cmodule(location)
  File "C:\ProgramData\Anaconda3\envs\keras\lib\site-packages\theano\gof\cc.py", line 1527, in compile_cmodule
    preargs=preargs)
  File "C:\ProgramData\Anaconda3\envs\keras\lib\site-packages\theano\gof\cmodule.py", line 2411, in compile_str
    (status, compile_stderr.replace('\n', '. ')))
Exception: ('Compilation failed (return status=1): C:\\Users\\mutation\\AppData\\Local\\Theano\\compiledir_Windows-10-10.0.18362-SP0-Intel64_Family_6_Model_85_Stepping_4_GenuineIntel-3.6.12-64\\tmpkzsfvk8a\\mod.cpp:749:31: error: \'XXMETH_VARARGSXX\' was not declared in this scope\r.   {"instantiate", instantiate, XXMETH_VARARGSXX, "undocumented"} ,\r.                                ^\r. ', '[InplaceDimShuffle{x,x}(TensorConstant{2.0})]')

ERROR (theano.gof.opt): Optimization failure due to: constant_folding
ERROR (theano.gof.opt): node: InplaceDimShuffle{x,x}(TensorConstant{2.0})
ERROR (theano.gof.opt): TRACEBACK:
ERROR (theano.gof.opt): Traceback (most recent call last):
  File "C:\ProgramData\Anaconda3\envs\keras\lib\site-packages\theano\gof\opt.py", line 2034, in process_node
    replacements = lopt.transform(node)
  File "C:\ProgramData\Anaconda3\envs\keras\lib\site-packages\theano\tensor\opt.py", line 6516, in constant_folding
    no_recycling=[], impl=impl)
  File "C:\ProgramData\Anaconda3\envs\keras\lib\site-packages\theano\gof\op.py", line 955, in make_thunk
    no_recycling)
  File "C:\ProgramData\Anaconda3\envs\keras\lib\site-packages\theano\gof\op.py", line 858, in make_c_thunk
    output_storage=node_output_storage)
  File "C:\ProgramData\Anaconda3\envs\keras\lib\site-packages\theano\gof\cc.py", line 1217, in make_thunk
    keep_lock=keep_lock)
  File "C:\ProgramData\Anaconda3\envs\keras\lib\site-packages\theano\gof\cc.py", line 1157, in __compile__
    keep_lock=keep_lock)
  File "C:\ProgramData\Anaconda3\envs\keras\lib\site-packages\theano\gof\cc.py", line 1624, in cthunk_factory
    key=key, lnk=self, keep_lock=keep_lock)
  File "C:\ProgramData\Anaconda3\envs\keras\lib\site-packages\theano\gof\cmodule.py", line 1189, in module_from_key
    module = lnk.compile_cmodule(location)
  File "C:\ProgramData\Anaconda3\envs\keras\lib\site-packages\theano\gof\cc.py", line 1527, in compile_cmodule
    preargs=preargs)
  File "C:\ProgramData\Anaconda3\envs\keras\lib\site-packages\theano\gof\cmodule.py", line 2411, in compile_str
    (status, compile_stderr.replace('\n', '. ')))
Exception: ('Compilation failed (return status=1): C:\\Users\\mutation\\AppData\\Local\\Theano\\compiledir_Windows-10-10.0.18362-SP0-Intel64_Family_6_Model_85_Stepping_4_GenuineIntel-3.6.12-64\\tmp4i1rby1p\\mod.cpp:749:31: error: \'XXMETH_VARARGSXX\' was not declared in this scope\r.   {"instantiate", instantiate, XXMETH_VARARGSXX, "undocumented"} ,\r.                                ^\r. ', '[InplaceDimShuffle{x,x}(TensorConstant{2.0})]')

ERROR (theano.gof.opt): Optimization failure due to: constant_folding
ERROR (theano.gof.opt): node: InplaceDimShuffle{x,x}(TensorConstant{2.0})
ERROR (theano.gof.opt): TRACEBACK:
ERROR (theano.gof.opt): Traceback (most recent call last):
  File "C:\ProgramData\Anaconda3\envs\keras\lib\site-packages\theano\gof\opt.py", line 2034, in process_node
    replacements = lopt.transform(node)
  File "C:\ProgramData\Anaconda3\envs\keras\lib\site-packages\theano\tensor\opt.py", line 6516, in constant_folding
    no_recycling=[], impl=impl)
  File "C:\ProgramData\Anaconda3\envs\keras\lib\site-packages\theano\gof\op.py", line 955, in make_thunk
    no_recycling)
  File "C:\ProgramData\Anaconda3\envs\keras\lib\site-packages\theano\gof\op.py", line 858, in make_c_thunk
    output_storage=node_output_storage)
  File "C:\ProgramData\Anaconda3\envs\keras\lib\site-packages\theano\gof\cc.py", line 1217, in make_thunk
    keep_lock=keep_lock)
  File "C:\ProgramData\Anaconda3\envs\keras\lib\site-packages\theano\gof\cc.py", line 1157, in __compile__
    keep_lock=keep_lock)
  File "C:\ProgramData\Anaconda3\envs\keras\lib\site-packages\theano\gof\cc.py", line 1624, in cthunk_factory
    key=key, lnk=self, keep_lock=keep_lock)
  File "C:\ProgramData\Anaconda3\envs\keras\lib\site-packages\theano\gof\cmodule.py", line 1189, in module_from_key
    module = lnk.compile_cmodule(location)
  File "C:\ProgramData\Anaconda3\envs\keras\lib\site-packages\theano\gof\cc.py", line 1527, in compile_cmodule
    preargs=preargs)
  File "C:\ProgramData\Anaconda3\envs\keras\lib\site-packages\theano\gof\cmodule.py", line 2411, in compile_str
    (status, compile_stderr.replace('\n', '. ')))
Exception: ('Compilation failed (return status=1): C:\\Users\\mutation\\AppData\\Local\\Theano\\compiledir_Windows-10-10.0.18362-SP0-Intel64_Family_6_Model_85_Stepping_4_GenuineIntel-3.6.12-64\\tmp9ka7w3a5\\mod.cpp:749:31: error: \'XXMETH_VARARGSXX\' was not declared in this scope\r.   {"instantiate", instantiate, XXMETH_VARARGSXX, "undocumented"} ,\r.                                ^\r. ', '[InplaceDimShuffle{x,x}(TensorConstant{2.0})]')

ERROR (theano.gof.opt): Optimization failure due to: constant_folding
ERROR (theano.gof.opt): node: InplaceDimShuffle{x,x}(TensorConstant{2.0})
ERROR (theano.gof.opt): TRACEBACK:
ERROR (theano.gof.opt): Traceback (most recent call last):
  File "C:\ProgramData\Anaconda3\envs\keras\lib\site-packages\theano\gof\opt.py", line 2034, in process_node
    replacements = lopt.transform(node)
  File "C:\ProgramData\Anaconda3\envs\keras\lib\site-packages\theano\tensor\opt.py", line 6516, in constant_folding
    no_recycling=[], impl=impl)
  File "C:\ProgramData\Anaconda3\envs\keras\lib\site-packages\theano\gof\op.py", line 955, in make_thunk
    no_recycling)
  File "C:\ProgramData\Anaconda3\envs\keras\lib\site-packages\theano\gof\op.py", line 858, in make_c_thunk
    output_storage=node_output_storage)
  File "C:\ProgramData\Anaconda3\envs\keras\lib\site-packages\theano\gof\cc.py", line 1217, in make_thunk
    keep_lock=keep_lock)
  File "C:\ProgramData\Anaconda3\envs\keras\lib\site-packages\theano\gof\cc.py", line 1157, in __compile__
    keep_lock=keep_lock)
  File "C:\ProgramData\Anaconda3\envs\keras\lib\site-packages\theano\gof\cc.py", line 1624, in cthunk_factory
    key=key, lnk=self, keep_lock=keep_lock)
  File "C:\ProgramData\Anaconda3\envs\keras\lib\site-packages\theano\gof\cmodule.py", line 1189, in module_from_key
    module = lnk.compile_cmodule(location)
  File "C:\ProgramData\Anaconda3\envs\keras\lib\site-packages\theano\gof\cc.py", line 1527, in compile_cmodule
    preargs=preargs)
  File "C:\ProgramData\Anaconda3\envs\keras\lib\site-packages\theano\gof\cmodule.py", line 2411, in compile_str
    (status, compile_stderr.replace('\n', '. ')))
Exception: ('Compilation failed (return status=1): C:\\Users\\mutation\\AppData\\Local\\Theano\\compiledir_Windows-10-10.0.18362-SP0-Intel64_Family_6_Model_85_Stepping_4_GenuineIntel-3.6.12-64\\tmp40udy40q\\mod.cpp:749:31: error: \'XXMETH_VARARGSXX\' was not declared in this scope\r.   {"instantiate", instantiate, XXMETH_VARARGSXX, "undocumented"} ,\r.                                ^\r. ', '[InplaceDimShuffle{x,x}(TensorConstant{2.0})]')

E......s.EEE.EEERROR (theano.gof.opt): Optimization failure due to: constant_folding
ERROR (theano.gof.opt): node: InplaceDimShuffle{x}(TensorConstant{2})
ERROR (theano.gof.opt): TRACEBACK:
ERROR (theano.gof.opt): Traceback (most recent call last):
  File "C:\ProgramData\Anaconda3\envs\keras\lib\site-packages\theano\gof\opt.py", line 2034, in process_node
    replacements = lopt.transform(node)
  File "C:\ProgramData\Anaconda3\envs\keras\lib\site-packages\theano\tensor\opt.py", line 6516, in constant_folding
    no_recycling=[], impl=impl)
  File "C:\ProgramData\Anaconda3\envs\keras\lib\site-packages\theano\gof\op.py", line 955, in make_thunk
    no_recycling)
  File "C:\ProgramData\Anaconda3\envs\keras\lib\site-packages\theano\gof\op.py", line 858, in make_c_thunk
    output_storage=node_output_storage)
  File "C:\ProgramData\Anaconda3\envs\keras\lib\site-packages\theano\gof\cc.py", line 1217, in make_thunk
    keep_lock=keep_lock)
  File "C:\ProgramData\Anaconda3\envs\keras\lib\site-packages\theano\gof\cc.py", line 1157, in __compile__
    keep_lock=keep_lock)
  File "C:\ProgramData\Anaconda3\envs\keras\lib\site-packages\theano\gof\cc.py", line 1624, in cthunk_factory
    key=key, lnk=self, keep_lock=keep_lock)
  File "C:\ProgramData\Anaconda3\envs\keras\lib\site-packages\theano\gof\cmodule.py", line 1189, in module_from_key
    module = lnk.compile_cmodule(location)
  File "C:\ProgramData\Anaconda3\envs\keras\lib\site-packages\theano\gof\cc.py", line 1527, in compile_cmodule
    preargs=preargs)
  File "C:\ProgramData\Anaconda3\envs\keras\lib\site-packages\theano\gof\cmodule.py", line 2411, in compile_str
    (status, compile_stderr.replace('\n', '. ')))
Exception: ('Compilation failed (return status=1): C:\\Users\\mutation\\AppData\\Local\\Theano\\compiledir_Windows-10-10.0.18362-SP0-Intel64_Family_6_Model_85_Stepping_4_GenuineIntel-3.6.12-64\\tmpf26r5gj7\\mod.cpp:749:31: error: \'XXMETH_VARARGSXX\' was not declared in this scope\r.   {"instantiate", instantiate, XXMETH_VARARGSXX, "undocumented"} ,\r.                                ^\r. ', '[InplaceDimShuffle{x}(TensorConstant{2})]')

ERROR (theano.gof.opt): Optimization failure due to: constant_folding
ERROR (theano.gof.opt): node: InplaceDimShuffle{x,x}(TensorConstant{0.1})
ERROR (theano.gof.opt): TRACEBACK:
ERROR (theano.gof.opt): Traceback (most recent call last):
  File "C:\ProgramData\Anaconda3\envs\keras\lib\site-packages\theano\gof\opt.py", line 2034, in process_node
    replacements = lopt.transform(node)
  File "C:\ProgramData\Anaconda3\envs\keras\lib\site-packages\theano\tensor\opt.py", line 6516, in constant_folding
    no_recycling=[], impl=impl)
  File "C:\ProgramData\Anaconda3\envs\keras\lib\site-packages\theano\gof\op.py", line 955, in make_thunk
    no_recycling)
  File "C:\ProgramData\Anaconda3\envs\keras\lib\site-packages\theano\gof\op.py", line 858, in make_c_thunk
    output_storage=node_output_storage)
  File "C:\ProgramData\Anaconda3\envs\keras\lib\site-packages\theano\gof\cc.py", line 1217, in make_thunk
    keep_lock=keep_lock)
  File "C:\ProgramData\Anaconda3\envs\keras\lib\site-packages\theano\gof\cc.py", line 1157, in __compile__
    keep_lock=keep_lock)
  File "C:\ProgramData\Anaconda3\envs\keras\lib\site-packages\theano\gof\cc.py", line 1624, in cthunk_factory
    key=key, lnk=self, keep_lock=keep_lock)
  File "C:\ProgramData\Anaconda3\envs\keras\lib\site-packages\theano\gof\cmodule.py", line 1189, in module_from_key
    module = lnk.compile_cmodule(location)
  File "C:\ProgramData\Anaconda3\envs\keras\lib\site-packages\theano\gof\cc.py", line 1527, in compile_cmodule
    preargs=preargs)
  File "C:\ProgramData\Anaconda3\envs\keras\lib\site-packages\theano\gof\cmodule.py", line 2411, in compile_str
    (status, compile_stderr.replace('\n', '. ')))
Exception: ('Compilation failed (return status=1): C:\\Users\\mutation\\AppData\\Local\\Theano\\compiledir_Windows-10-10.0.18362-SP0-Intel64_Family_6_Model_85_Stepping_4_GenuineIntel-3.6.12-64\\tmpb3z1k0hm\\mod.cpp:749:31: error: \'XXMETH_VARARGSXX\' was not declared in this scope\r.   {"instantiate", instantiate, XXMETH_VARARGSXX, "undocumented"} ,\r.                                ^\r. ', '[InplaceDimShuffle{x,x}(TensorConstant{0.1})]')

ERROR (theano.gof.opt): Optimization failure due to: constant_folding
ERROR (theano.gof.opt): node: InplaceDimShuffle{x}(TensorConstant{2})
ERROR (theano.gof.opt): TRACEBACK:
ERROR (theano.gof.opt): Traceback (most recent call last):
  File "C:\ProgramData\Anaconda3\envs\keras\lib\site-packages\theano\gof\opt.py", line 2034, in process_node
    replacements = lopt.transform(node)
  File "C:\ProgramData\Anaconda3\envs\keras\lib\site-packages\theano\tensor\opt.py", line 6516, in constant_folding
    no_recycling=[], impl=impl)
  File "C:\ProgramData\Anaconda3\envs\keras\lib\site-packages\theano\gof\op.py", line 955, in make_thunk
    no_recycling)
  File "C:\ProgramData\Anaconda3\envs\keras\lib\site-packages\theano\gof\op.py", line 858, in make_c_thunk
    output_storage=node_output_storage)
  File "C:\ProgramData\Anaconda3\envs\keras\lib\site-packages\theano\gof\cc.py", line 1217, in make_thunk
    keep_lock=keep_lock)
  File "C:\ProgramData\Anaconda3\envs\keras\lib\site-packages\theano\gof\cc.py", line 1157, in __compile__
    keep_lock=keep_lock)
  File "C:\ProgramData\Anaconda3\envs\keras\lib\site-packages\theano\gof\cc.py", line 1624, in cthunk_factory
    key=key, lnk=self, keep_lock=keep_lock)
  File "C:\ProgramData\Anaconda3\envs\keras\lib\site-packages\theano\gof\cmodule.py", line 1189, in module_from_key
    module = lnk.compile_cmodule(location)
  File "C:\ProgramData\Anaconda3\envs\keras\lib\site-packages\theano\gof\cc.py", line 1527, in compile_cmodule
    preargs=preargs)
  File "C:\ProgramData\Anaconda3\envs\keras\lib\site-packages\theano\gof\cmodule.py", line 2411, in compile_str
    (status, compile_stderr.replace('\n', '. ')))
Exception: ('Compilation failed (return status=1): C:\\Users\\mutation\\AppData\\Local\\Theano\\compiledir_Windows-10-10.0.18362-SP0-Intel64_Family_6_Model_85_Stepping_4_GenuineIntel-3.6.12-64\\tmpk55w6zmz\\mod.cpp:749:31: error: \'XXMETH_VARARGSXX\' was not declared in this scope\r.   {"instantiate", instantiate, XXMETH_VARARGSXX, "undocumented"} ,\r.                                ^\r. ', '[InplaceDimShuffle{x}(TensorConstant{2})]')

ERROR (theano.gof.opt): Optimization failure due to: constant_folding
ERROR (theano.gof.opt): node: InplaceDimShuffle{x,x}(TensorConstant{0.1})
ERROR (theano.gof.opt): TRACEBACK:
ERROR (theano.gof.opt): Traceback (most recent call last):
  File "C:\ProgramData\Anaconda3\envs\keras\lib\site-packages\theano\gof\opt.py", line 2034, in process_node
    replacements = lopt.transform(node)
  File "C:\ProgramData\Anaconda3\envs\keras\lib\site-packages\theano\tensor\opt.py", line 6516, in constant_folding
    no_recycling=[], impl=impl)
  File "C:\ProgramData\Anaconda3\envs\keras\lib\site-packages\theano\gof\op.py", line 955, in make_thunk
    no_recycling)
  File "C:\ProgramData\Anaconda3\envs\keras\lib\site-packages\theano\gof\op.py", line 858, in make_c_thunk
    output_storage=node_output_storage)
  File "C:\ProgramData\Anaconda3\envs\keras\lib\site-packages\theano\gof\cc.py", line 1217, in make_thunk
    keep_lock=keep_lock)
  File "C:\ProgramData\Anaconda3\envs\keras\lib\site-packages\theano\gof\cc.py", line 1157, in __compile__
    keep_lock=keep_lock)
  File "C:\ProgramData\Anaconda3\envs\keras\lib\site-packages\theano\gof\cc.py", line 1624, in cthunk_factory
    key=key, lnk=self, keep_lock=keep_lock)
  File "C:\ProgramData\Anaconda3\envs\keras\lib\site-packages\theano\gof\cmodule.py", line 1189, in module_from_key
    module = lnk.compile_cmodule(location)
  File "C:\ProgramData\Anaconda3\envs\keras\lib\site-packages\theano\gof\cc.py", line 1527, in compile_cmodule
    preargs=preargs)
  File "C:\ProgramData\Anaconda3\envs\keras\lib\site-packages\theano\gof\cmodule.py", line 2411, in compile_str
    (status, compile_stderr.replace('\n', '. ')))
Exception: ('Compilation failed (return status=1): C:\\Users\\mutation\\AppData\\Local\\Theano\\compiledir_Windows-10-10.0.18362-SP0-Intel64_Family_6_Model_85_Stepping_4_GenuineIntel-3.6.12-64\\tmp2pd00c05\\mod.cpp:749:31: error: \'XXMETH_VARARGSXX\' was not declared in this scope\r.   {"instantiate", instantiate, XXMETH_VARARGSXX, "undocumented"} ,\r.                                ^\r. ', '[InplaceDimShuffle{x,x}(TensorConstant{0.1})]')

ERROR (theano.gof.opt): Optimization failure due to: constant_folding
ERROR (theano.gof.opt): node: InplaceDimShuffle{x}(TensorConstant{2})
ERROR (theano.gof.opt): TRACEBACK:
ERROR (theano.gof.opt): Traceback (most recent call last):
  File "C:\ProgramData\Anaconda3\envs\keras\lib\site-packages\theano\gof\opt.py", line 2034, in process_node
    replacements = lopt.transform(node)
  File "C:\ProgramData\Anaconda3\envs\keras\lib\site-packages\theano\tensor\opt.py", line 6516, in constant_folding
    no_recycling=[], impl=impl)
  File "C:\ProgramData\Anaconda3\envs\keras\lib\site-packages\theano\gof\op.py", line 955, in make_thunk
    no_recycling)
  File "C:\ProgramData\Anaconda3\envs\keras\lib\site-packages\theano\gof\op.py", line 858, in make_c_thunk
    output_storage=node_output_storage)
  File "C:\ProgramData\Anaconda3\envs\keras\lib\site-packages\theano\gof\cc.py", line 1217, in make_thunk
    keep_lock=keep_lock)
  File "C:\ProgramData\Anaconda3\envs\keras\lib\site-packages\theano\gof\cc.py", line 1157, in __compile__
    keep_lock=keep_lock)
  File "C:\ProgramData\Anaconda3\envs\keras\lib\site-packages\theano\gof\cc.py", line 1624, in cthunk_factory
    key=key, lnk=self, keep_lock=keep_lock)
  File "C:\ProgramData\Anaconda3\envs\keras\lib\site-packages\theano\gof\cmodule.py", line 1189, in module_from_key
    module = lnk.compile_cmodule(location)
  File "C:\ProgramData\Anaconda3\envs\keras\lib\site-packages\theano\gof\cc.py", line 1527, in compile_cmodule
    preargs=preargs)
  File "C:\ProgramData\Anaconda3\envs\keras\lib\site-packages\theano\gof\cmodule.py", line 2411, in compile_str
    (status, compile_stderr.replace('\n', '. ')))
Exception: ('Compilation failed (return status=1): C:\\Users\\mutation\\AppData\\Local\\Theano\\compiledir_Windows-10-10.0.18362-SP0-Intel64_Family_6_Model_85_Stepping_4_GenuineIntel-3.6.12-64\\tmp3uxvheu5\\mod.cpp:749:31: error: \'XXMETH_VARARGSXX\' was not declared in this scope\r.   {"instantiate", instantiate, XXMETH_VARARGSXX, "undocumented"} ,\r.                                ^\r. ', '[InplaceDimShuffle{x}(TensorConstant{2})]')

ERROR (theano.gof.opt): Optimization failure due to: constant_folding
ERROR (theano.gof.opt): node: InplaceDimShuffle{x,x}(TensorConstant{0.1})
ERROR (theano.gof.opt): TRACEBACK:
ERROR (theano.gof.opt): Traceback (most recent call last):
  File "C:\ProgramData\Anaconda3\envs\keras\lib\site-packages\theano\gof\opt.py", line 2034, in process_node
    replacements = lopt.transform(node)
  File "C:\ProgramData\Anaconda3\envs\keras\lib\site-packages\theano\tensor\opt.py", line 6516, in constant_folding
    no_recycling=[], impl=impl)
  File "C:\ProgramData\Anaconda3\envs\keras\lib\site-packages\theano\gof\op.py", line 955, in make_thunk
    no_recycling)
  File "C:\ProgramData\Anaconda3\envs\keras\lib\site-packages\theano\gof\op.py", line 858, in make_c_thunk
    output_storage=node_output_storage)
  File "C:\ProgramData\Anaconda3\envs\keras\lib\site-packages\theano\gof\cc.py", line 1217, in make_thunk
    keep_lock=keep_lock)
  File "C:\ProgramData\Anaconda3\envs\keras\lib\site-packages\theano\gof\cc.py", line 1157, in __compile__
    keep_lock=keep_lock)
  File "C:\ProgramData\Anaconda3\envs\keras\lib\site-packages\theano\gof\cc.py", line 1624, in cthunk_factory
    key=key, lnk=self, keep_lock=keep_lock)
  File "C:\ProgramData\Anaconda3\envs\keras\lib\site-packages\theano\gof\cmodule.py", line 1189, in module_from_key
    module = lnk.compile_cmodule(location)
  File "C:\ProgramData\Anaconda3\envs\keras\lib\site-packages\theano\gof\cc.py", line 1527, in compile_cmodule
    preargs=preargs)
  File "C:\ProgramData\Anaconda3\envs\keras\lib\site-packages\theano\gof\cmodule.py", line 2411, in compile_str
    (status, compile_stderr.replace('\n', '. ')))
Exception: ('Compilation failed (return status=1): C:\\Users\\mutation\\AppData\\Local\\Theano\\compiledir_Windows-10-10.0.18362-SP0-Intel64_Family_6_Model_85_Stepping_4_GenuineIntel-3.6.12-64\\tmpusp33fxw\\mod.cpp:749:31: error: \'XXMETH_VARARGSXX\' was not declared in this scope\r.   {"instantiate", instantiate, XXMETH_VARARGSXX, "undocumented"} ,\r.                                ^\r. ', '[InplaceDimShuffle{x,x}(TensorConstant{0.1})]')

ERROR (theano.gof.opt): Optimization failure due to: constant_folding
ERROR (theano.gof.opt): node: InplaceDimShuffle{x}(TensorConstant{2})
ERROR (theano.gof.opt): TRACEBACK:
ERROR (theano.gof.opt): Traceback (most recent call last):
  File "C:\ProgramData\Anaconda3\envs\keras\lib\site-packages\theano\gof\opt.py", line 2034, in process_node
    replacements = lopt.transform(node)
  File "C:\ProgramData\Anaconda3\envs\keras\lib\site-packages\theano\tensor\opt.py", line 6516, in constant_folding
    no_recycling=[], impl=impl)
  File "C:\ProgramData\Anaconda3\envs\keras\lib\site-packages\theano\gof\op.py", line 955, in make_thunk
    no_recycling)
  File "C:\ProgramData\Anaconda3\envs\keras\lib\site-packages\theano\gof\op.py", line 858, in make_c_thunk
    output_storage=node_output_storage)
  File "C:\ProgramData\Anaconda3\envs\keras\lib\site-packages\theano\gof\cc.py", line 1217, in make_thunk
    keep_lock=keep_lock)
  File "C:\ProgramData\Anaconda3\envs\keras\lib\site-packages\theano\gof\cc.py", line 1157, in __compile__
    keep_lock=keep_lock)
  File "C:\ProgramData\Anaconda3\envs\keras\lib\site-packages\theano\gof\cc.py", line 1624, in cthunk_factory
    key=key, lnk=self, keep_lock=keep_lock)
  File "C:\ProgramData\Anaconda3\envs\keras\lib\site-packages\theano\gof\cmodule.py", line 1189, in module_from_key
    module = lnk.compile_cmodule(location)
  File "C:\ProgramData\Anaconda3\envs\keras\lib\site-packages\theano\gof\cc.py", line 1527, in compile_cmodule
    preargs=preargs)
  File "C:\ProgramData\Anaconda3\envs\keras\lib\site-packages\theano\gof\cmodule.py", line 2411, in compile_str
    (status, compile_stderr.replace('\n', '. ')))
Exception: ('Compilation failed (return status=1): C:\\Users\\mutation\\AppData\\Local\\Theano\\compiledir_Windows-10-10.0.18362-SP0-Intel64_Family_6_Model_85_Stepping_4_GenuineIntel-3.6.12-64\\tmpim49lbxh\\mod.cpp:749:31: error: \'XXMETH_VARARGSXX\' was not declared in this scope\r.   {"instantiate", instantiate, XXMETH_VARARGSXX, "undocumented"} ,\r.                                ^\r. ', '[InplaceDimShuffle{x}(TensorConstant{2})]')

ERROR (theano.gof.opt): Optimization failure due to: constant_folding
ERROR (theano.gof.opt): node: InplaceDimShuffle{x,x}(TensorConstant{0.1})
ERROR (theano.gof.opt): TRACEBACK:
ERROR (theano.gof.opt): Traceback (most recent call last):
  File "C:\ProgramData\Anaconda3\envs\keras\lib\site-packages\theano\gof\opt.py", line 2034, in process_node
    replacements = lopt.transform(node)
  File "C:\ProgramData\Anaconda3\envs\keras\lib\site-packages\theano\tensor\opt.py", line 6516, in constant_folding
    no_recycling=[], impl=impl)
  File "C:\ProgramData\Anaconda3\envs\keras\lib\site-packages\theano\gof\op.py", line 955, in make_thunk
    no_recycling)
  File "C:\ProgramData\Anaconda3\envs\keras\lib\site-packages\theano\gof\op.py", line 858, in make_c_thunk
    output_storage=node_output_storage)
  File "C:\ProgramData\Anaconda3\envs\keras\lib\site-packages\theano\gof\cc.py", line 1217, in make_thunk
    keep_lock=keep_lock)
  File "C:\ProgramData\Anaconda3\envs\keras\lib\site-packages\theano\gof\cc.py", line 1157, in __compile__
    keep_lock=keep_lock)
  File "C:\ProgramData\Anaconda3\envs\keras\lib\site-packages\theano\gof\cc.py", line 1624, in cthunk_factory
    key=key, lnk=self, keep_lock=keep_lock)
  File "C:\ProgramData\Anaconda3\envs\keras\lib\site-packages\theano\gof\cmodule.py", line 1189, in module_from_key
    module = lnk.compile_cmodule(location)
  File "C:\ProgramData\Anaconda3\envs\keras\lib\site-packages\theano\gof\cc.py", line 1527, in compile_cmodule
    preargs=preargs)
  File "C:\ProgramData\Anaconda3\envs\keras\lib\site-packages\theano\gof\cmodule.py", line 2411, in compile_str
    (status, compile_stderr.replace('\n', '. ')))
Exception: ('Compilation failed (return status=1): C:\\Users\\mutation\\AppData\\Local\\Theano\\compiledir_Windows-10-10.0.18362-SP0-Intel64_Family_6_Model_85_Stepping_4_GenuineIntel-3.6.12-64\\tmpyz2cuqo5\\mod.cpp:749:31: error: \'XXMETH_VARARGSXX\' was not declared in this scope\r.   {"instantiate", instantiate, XXMETH_VARARGSXX, "undocumented"} ,\r.                                ^\r. ', '[InplaceDimShuffle{x,x}(TensorConstant{0.1})]')

ERROR (theano.gof.opt): Optimization failure due to: constant_folding
ERROR (theano.gof.opt): node: InplaceDimShuffle{x}(TensorConstant{2})
ERROR (theano.gof.opt): TRACEBACK:
ERROR (theano.gof.opt): Traceback (most recent call last):
  File "C:\ProgramData\Anaconda3\envs\keras\lib\site-packages\theano\gof\opt.py", line 2034, in process_node
    replacements = lopt.transform(node)
  File "C:\ProgramData\Anaconda3\envs\keras\lib\site-packages\theano\tensor\opt.py", line 6516, in constant_folding
    no_recycling=[], impl=impl)
  File "C:\ProgramData\Anaconda3\envs\keras\lib\site-packages\theano\gof\op.py", line 955, in make_thunk
    no_recycling)
  File "C:\ProgramData\Anaconda3\envs\keras\lib\site-packages\theano\gof\op.py", line 858, in make_c_thunk
    output_storage=node_output_storage)
  File "C:\ProgramData\Anaconda3\envs\keras\lib\site-packages\theano\gof\cc.py", line 1217, in make_thunk
    keep_lock=keep_lock)
  File "C:\ProgramData\Anaconda3\envs\keras\lib\site-packages\theano\gof\cc.py", line 1157, in __compile__
    keep_lock=keep_lock)
  File "C:\ProgramData\Anaconda3\envs\keras\lib\site-packages\theano\gof\cc.py", line 1624, in cthunk_factory
    key=key, lnk=self, keep_lock=keep_lock)
  File "C:\ProgramData\Anaconda3\envs\keras\lib\site-packages\theano\gof\cmodule.py", line 1189, in module_from_key
    module = lnk.compile_cmodule(location)
  File "C:\ProgramData\Anaconda3\envs\keras\lib\site-packages\theano\gof\cc.py", line 1527, in compile_cmodule
    preargs=preargs)
  File "C:\ProgramData\Anaconda3\envs\keras\lib\site-packages\theano\gof\cmodule.py", line 2411, in compile_str
    (status, compile_stderr.replace('\n', '. ')))
Exception: ('Compilation failed (return status=1): C:\\Users\\mutation\\AppData\\Local\\Theano\\compiledir_Windows-10-10.0.18362-SP0-Intel64_Family_6_Model_85_Stepping_4_GenuineIntel-3.6.12-64\\tmpjozr1kw0\\mod.cpp:749:31: error: \'XXMETH_VARARGSXX\' was not declared in this scope\r.   {"instantiate", instantiate, XXMETH_VARARGSXX, "undocumented"} ,\r.                                ^\r. ', '[InplaceDimShuffle{x}(TensorConstant{2})]')

ERROR (theano.gof.opt): Optimization failure due to: constant_folding
ERROR (theano.gof.opt): node: InplaceDimShuffle{x,x}(TensorConstant{0.1})
ERROR (theano.gof.opt): TRACEBACK:
ERROR (theano.gof.opt): Traceback (most recent call last):
  File "C:\ProgramData\Anaconda3\envs\keras\lib\site-packages\theano\gof\opt.py", line 2034, in process_node
    replacements = lopt.transform(node)
  File "C:\ProgramData\Anaconda3\envs\keras\lib\site-packages\theano\tensor\opt.py", line 6516, in constant_folding
    no_recycling=[], impl=impl)
  File "C:\ProgramData\Anaconda3\envs\keras\lib\site-packages\theano\gof\op.py", line 955, in make_thunk
    no_recycling)
  File "C:\ProgramData\Anaconda3\envs\keras\lib\site-packages\theano\gof\op.py", line 858, in make_c_thunk
    output_storage=node_output_storage)
  File "C:\ProgramData\Anaconda3\envs\keras\lib\site-packages\theano\gof\cc.py", line 1217, in make_thunk
    keep_lock=keep_lock)
  File "C:\ProgramData\Anaconda3\envs\keras\lib\site-packages\theano\gof\cc.py", line 1157, in __compile__
    keep_lock=keep_lock)
  File "C:\ProgramData\Anaconda3\envs\keras\lib\site-packages\theano\gof\cc.py", line 1624, in cthunk_factory
    key=key, lnk=self, keep_lock=keep_lock)
  File "C:\ProgramData\Anaconda3\envs\keras\lib\site-packages\theano\gof\cmodule.py", line 1189, in module_from_key
    module = lnk.compile_cmodule(location)
  File "C:\ProgramData\Anaconda3\envs\keras\lib\site-packages\theano\gof\cc.py", line 1527, in compile_cmodule
    preargs=preargs)
  File "C:\ProgramData\Anaconda3\envs\keras\lib\site-packages\theano\gof\cmodule.py", line 2411, in compile_str
    (status, compile_stderr.replace('\n', '. ')))
Exception: ('Compilation failed (return status=1): C:\\Users\\mutation\\AppData\\Local\\Theano\\compiledir_Windows-10-10.0.18362-SP0-Intel64_Family_6_Model_85_Stepping_4_GenuineIntel-3.6.12-64\\tmpz0xro86i\\mod.cpp:749:31: error: \'XXMETH_VARARGSXX\' was not declared in this scope\r.   {"instantiate", instantiate, XXMETH_VARARGSXX, "undocumented"} ,\r.                                ^\r. ', '[InplaceDimShuffle{x,x}(TensorConstant{0.1})]')

ERROR (theano.gof.opt): Optimization failure due to: constant_folding
ERROR (theano.gof.opt): node: InplaceDimShuffle{x}(TensorConstant{2})
ERROR (theano.gof.opt): TRACEBACK:
ERROR (theano.gof.opt): Traceback (most recent call last):
  File "C:\ProgramData\Anaconda3\envs\keras\lib\site-packages\theano\gof\opt.py", line 2034, in process_node
    replacements = lopt.transform(node)
  File "C:\ProgramData\Anaconda3\envs\keras\lib\site-packages\theano\tensor\opt.py", line 6516, in constant_folding
    no_recycling=[], impl=impl)
  File "C:\ProgramData\Anaconda3\envs\keras\lib\site-packages\theano\gof\op.py", line 955, in make_thunk
    no_recycling)
  File "C:\ProgramData\Anaconda3\envs\keras\lib\site-packages\theano\gof\op.py", line 858, in make_c_thunk
    output_storage=node_output_storage)
  File "C:\ProgramData\Anaconda3\envs\keras\lib\site-packages\theano\gof\cc.py", line 1217, in make_thunk
    keep_lock=keep_lock)
  File "C:\ProgramData\Anaconda3\envs\keras\lib\site-packages\theano\gof\cc.py", line 1157, in __compile__
    keep_lock=keep_lock)
  File "C:\ProgramData\Anaconda3\envs\keras\lib\site-packages\theano\gof\cc.py", line 1624, in cthunk_factory
    key=key, lnk=self, keep_lock=keep_lock)
  File "C:\ProgramData\Anaconda3\envs\keras\lib\site-packages\theano\gof\cmodule.py", line 1189, in module_from_key
    module = lnk.compile_cmodule(location)
  File "C:\ProgramData\Anaconda3\envs\keras\lib\site-packages\theano\gof\cc.py", line 1527, in compile_cmodule
    preargs=preargs)
  File "C:\ProgramData\Anaconda3\envs\keras\lib\site-packages\theano\gof\cmodule.py", line 2411, in compile_str
    (status, compile_stderr.replace('\n', '. ')))
Exception: ('Compilation failed (return status=1): C:\\Users\\mutation\\AppData\\Local\\Theano\\compiledir_Windows-10-10.0.18362-SP0-Intel64_Family_6_Model_85_Stepping_4_GenuineIntel-3.6.12-64\\tmp49x4gxpx\\mod.cpp:749:31: error: \'XXMETH_VARARGSXX\' was not declared in this scope\r.   {"instantiate", instantiate, XXMETH_VARARGSXX, "undocumented"} ,\r.                                ^\r. ', '[InplaceDimShuffle{x}(TensorConstant{2})]')

ERROR (theano.gof.opt): Optimization failure due to: constant_folding
ERROR (theano.gof.opt): node: InplaceDimShuffle{x,x}(TensorConstant{0.1})
ERROR (theano.gof.opt): TRACEBACK:
ERROR (theano.gof.opt): Traceback (most recent call last):
  File "C:\ProgramData\Anaconda3\envs\keras\lib\site-packages\theano\gof\opt.py", line 2034, in process_node
    replacements = lopt.transform(node)
  File "C:\ProgramData\Anaconda3\envs\keras\lib\site-packages\theano\tensor\opt.py", line 6516, in constant_folding
    no_recycling=[], impl=impl)
  File "C:\ProgramData\Anaconda3\envs\keras\lib\site-packages\theano\gof\op.py", line 955, in make_thunk
    no_recycling)
  File "C:\ProgramData\Anaconda3\envs\keras\lib\site-packages\theano\gof\op.py", line 858, in make_c_thunk
    output_storage=node_output_storage)
  File "C:\ProgramData\Anaconda3\envs\keras\lib\site-packages\theano\gof\cc.py", line 1217, in make_thunk
    keep_lock=keep_lock)
  File "C:\ProgramData\Anaconda3\envs\keras\lib\site-packages\theano\gof\cc.py", line 1157, in __compile__
    keep_lock=keep_lock)
  File "C:\ProgramData\Anaconda3\envs\keras\lib\site-packages\theano\gof\cc.py", line 1624, in cthunk_factory
    key=key, lnk=self, keep_lock=keep_lock)
  File "C:\ProgramData\Anaconda3\envs\keras\lib\site-packages\theano\gof\cmodule.py", line 1189, in module_from_key
    module = lnk.compile_cmodule(location)
  File "C:\ProgramData\Anaconda3\envs\keras\lib\site-packages\theano\gof\cc.py", line 1527, in compile_cmodule
    preargs=preargs)
  File "C:\ProgramData\Anaconda3\envs\keras\lib\site-packages\theano\gof\cmodule.py", line 2411, in compile_str
    (status, compile_stderr.replace('\n', '. ')))
Exception: ('Compilation failed (return status=1): C:\\Users\\mutation\\AppData\\Local\\Theano\\compiledir_Windows-10-10.0.18362-SP0-Intel64_Family_6_Model_85_Stepping_4_GenuineIntel-3.6.12-64\\tmpje31hblf\\mod.cpp:749:31: error: \'XXMETH_VARARGSXX\' was not declared in this scope\r.   {"instantiate", instantiate, XXMETH_VARARGSXX, "undocumented"} ,\r.                                ^\r. ', '[InplaceDimShuffle{x,x}(TensorConstant{0.1})]')

E.EEEEEEERROR (theano.gof.opt): Optimization failure due to: constant_folding
ERROR (theano.gof.opt): node: InplaceDimShuffle{x}(TensorConstant{2})
ERROR (theano.gof.opt): TRACEBACK:
ERROR (theano.gof.opt): Traceback (most recent call last):
  File "C:\ProgramData\Anaconda3\envs\keras\lib\site-packages\theano\gof\opt.py", line 2034, in process_node
    replacements = lopt.transform(node)
  File "C:\ProgramData\Anaconda3\envs\keras\lib\site-packages\theano\tensor\opt.py", line 6516, in constant_folding
    no_recycling=[], impl=impl)
  File "C:\ProgramData\Anaconda3\envs\keras\lib\site-packages\theano\gof\op.py", line 955, in make_thunk
    no_recycling)
  File "C:\ProgramData\Anaconda3\envs\keras\lib\site-packages\theano\gof\op.py", line 858, in make_c_thunk
    output_storage=node_output_storage)
  File "C:\ProgramData\Anaconda3\envs\keras\lib\site-packages\theano\gof\cc.py", line 1217, in make_thunk
    keep_lock=keep_lock)
  File "C:\ProgramData\Anaconda3\envs\keras\lib\site-packages\theano\gof\cc.py", line 1157, in __compile__
    keep_lock=keep_lock)
  File "C:\ProgramData\Anaconda3\envs\keras\lib\site-packages\theano\gof\cc.py", line 1624, in cthunk_factory
    key=key, lnk=self, keep_lock=keep_lock)
  File "C:\ProgramData\Anaconda3\envs\keras\lib\site-packages\theano\gof\cmodule.py", line 1189, in module_from_key
    module = lnk.compile_cmodule(location)
  File "C:\ProgramData\Anaconda3\envs\keras\lib\site-packages\theano\gof\cc.py", line 1527, in compile_cmodule
    preargs=preargs)
  File "C:\ProgramData\Anaconda3\envs\keras\lib\site-packages\theano\gof\cmodule.py", line 2411, in compile_str
    (status, compile_stderr.replace('\n', '. ')))
Exception: ('Compilation failed (return status=1): C:\\Users\\mutation\\AppData\\Local\\Theano\\compiledir_Windows-10-10.0.18362-SP0-Intel64_Family_6_Model_85_Stepping_4_GenuineIntel-3.6.12-64\\tmpv_dz7dxk\\mod.cpp:749:31: error: \'XXMETH_VARARGSXX\' was not declared in this scope\r.   {"instantiate", instantiate, XXMETH_VARARGSXX, "undocumented"} ,\r.                                ^\r. ', '[InplaceDimShuffle{x}(TensorConstant{2})]')

ERROR (theano.gof.opt): Optimization failure due to: constant_folding
ERROR (theano.gof.opt): node: InplaceDimShuffle{x}(TensorConstant{2})
ERROR (theano.gof.opt): TRACEBACK:
ERROR (theano.gof.opt): Traceback (most recent call last):
  File "C:\ProgramData\Anaconda3\envs\keras\lib\site-packages\theano\gof\opt.py", line 2034, in process_node
    replacements = lopt.transform(node)
  File "C:\ProgramData\Anaconda3\envs\keras\lib\site-packages\theano\tensor\opt.py", line 6516, in constant_folding
    no_recycling=[], impl=impl)
  File "C:\ProgramData\Anaconda3\envs\keras\lib\site-packages\theano\gof\op.py", line 955, in make_thunk
    no_recycling)
  File "C:\ProgramData\Anaconda3\envs\keras\lib\site-packages\theano\gof\op.py", line 858, in make_c_thunk
    output_storage=node_output_storage)
  File "C:\ProgramData\Anaconda3\envs\keras\lib\site-packages\theano\gof\cc.py", line 1217, in make_thunk
    keep_lock=keep_lock)
  File "C:\ProgramData\Anaconda3\envs\keras\lib\site-packages\theano\gof\cc.py", line 1157, in __compile__
    keep_lock=keep_lock)
  File "C:\ProgramData\Anaconda3\envs\keras\lib\site-packages\theano\gof\cc.py", line 1624, in cthunk_factory
    key=key, lnk=self, keep_lock=keep_lock)
  File "C:\ProgramData\Anaconda3\envs\keras\lib\site-packages\theano\gof\cmodule.py", line 1189, in module_from_key
    module = lnk.compile_cmodule(location)
  File "C:\ProgramData\Anaconda3\envs\keras\lib\site-packages\theano\gof\cc.py", line 1527, in compile_cmodule
    preargs=preargs)
  File "C:\ProgramData\Anaconda3\envs\keras\lib\site-packages\theano\gof\cmodule.py", line 2411, in compile_str
    (status, compile_stderr.replace('\n', '. ')))
Exception: ('Compilation failed (return status=1): C:\\Users\\mutation\\AppData\\Local\\Theano\\compiledir_Windows-10-10.0.18362-SP0-Intel64_Family_6_Model_85_Stepping_4_GenuineIntel-3.6.12-64\\tmp5v5c6t6b\\mod.cpp:749:31: error: \'XXMETH_VARARGSXX\' was not declared in this scope\r.   {"instantiate", instantiate, XXMETH_VARARGSXX, "undocumented"} ,\r.                                ^\r. ', '[InplaceDimShuffle{x}(TensorConstant{2})]')

ERROR (theano.gof.opt): Optimization failure due to: constant_folding
ERROR (theano.gof.opt): node: InplaceDimShuffle{x}(TensorConstant{2})
ERROR (theano.gof.opt): TRACEBACK:
ERROR (theano.gof.opt): Traceback (most recent call last):
  File "C:\ProgramData\Anaconda3\envs\keras\lib\site-packages\theano\gof\opt.py", line 2034, in process_node
    replacements = lopt.transform(node)
  File "C:\ProgramData\Anaconda3\envs\keras\lib\site-packages\theano\tensor\opt.py", line 6516, in constant_folding
    no_recycling=[], impl=impl)
  File "C:\ProgramData\Anaconda3\envs\keras\lib\site-packages\theano\gof\op.py", line 955, in make_thunk
    no_recycling)
  File "C:\ProgramData\Anaconda3\envs\keras\lib\site-packages\theano\gof\op.py", line 858, in make_c_thunk
    output_storage=node_output_storage)
  File "C:\ProgramData\Anaconda3\envs\keras\lib\site-packages\theano\gof\cc.py", line 1217, in make_thunk
    keep_lock=keep_lock)
  File "C:\ProgramData\Anaconda3\envs\keras\lib\site-packages\theano\gof\cc.py", line 1157, in __compile__
    keep_lock=keep_lock)
  File "C:\ProgramData\Anaconda3\envs\keras\lib\site-packages\theano\gof\cc.py", line 1624, in cthunk_factory
    key=key, lnk=self, keep_lock=keep_lock)
  File "C:\ProgramData\Anaconda3\envs\keras\lib\site-packages\theano\gof\cmodule.py", line 1189, in module_from_key
    module = lnk.compile_cmodule(location)
  File "C:\ProgramData\Anaconda3\envs\keras\lib\site-packages\theano\gof\cc.py", line 1527, in compile_cmodule
    preargs=preargs)
  File "C:\ProgramData\Anaconda3\envs\keras\lib\site-packages\theano\gof\cmodule.py", line 2411, in compile_str
    (status, compile_stderr.replace('\n', '. ')))
Exception: ('Compilation failed (return status=1): C:\\Users\\mutation\\AppData\\Local\\Theano\\compiledir_Windows-10-10.0.18362-SP0-Intel64_Family_6_Model_85_Stepping_4_GenuineIntel-3.6.12-64\\tmporho89ke\\mod.cpp:749:31: error: \'XXMETH_VARARGSXX\' was not declared in this scope\r.   {"instantiate", instantiate, XXMETH_VARARGSXX, "undocumented"} ,\r.                                ^\r. ', '[InplaceDimShuffle{x}(TensorConstant{2})]')


You can find the C code in this temporary file: C:\Users\mutation\AppData\Local\Temp\theano_compilation_error_7796w85g

You can find the C code in this temporary file: C:\Users\mutation\AppData\Local\Temp\theano_compilation_error_qiu55kfb

You can find the C code in this temporary file: C:\Users\mutation\AppData\Local\Temp\theano_compilation_error_hj_277o0

You can find the C code in this temporary file: C:\Users\mutation\AppData\Local\Temp\theano_compilation_error_pwr4ovfw

You can find the C code in this temporary file: C:\Users\mutation\AppData\Local\Temp\theano_compilation_error_1fmgkg39

You can find the C code in this temporary file: C:\Users\mutation\AppData\Local\Temp\theano_compilation_error_p0xmgkch

You can find the C code in this temporary file: C:\Users\mutation\AppData\Local\Temp\theano_compilation_error_6jl9yzhv

You can find the C code in this temporary file: C:\Users\mutation\AppData\Local\Temp\theano_compilation_error_zq7_dpmp

You can find the C code in this temporary file: C:\Users\mutation\AppData\Local\Temp\theano_compilation_error__p1kpqe4

You can find the C code in this temporary file: C:\Users\mutation\AppData\Local\Temp\theano_compilation_error_mnwx_70z

You can find the C code in this temporary file: C:\Users\mutation\AppData\Local\Temp\theano_compilation_error_bod00esc

You can find the C code in this temporary file: C:\Users\mutation\AppData\Local\Temp\theano_compilation_error_hqn2t2_y

You can find the C code in this temporary file: C:\Users\mutation\AppData\Local\Temp\theano_compilation_error_u_an4f_w

You can find the C code in this temporary file: C:\Users\mutation\AppData\Local\Temp\theano_compilation_error_r7jue9e6

You can find the C code in this temporary file: C:\Users\mutation\AppData\Local\Temp\theano_compilation_error_eksmhuni

You can find the C code in this temporary file: C:\Users\mutation\AppData\Local\Temp\theano_compilation_error_2monlj5s

You can find the C code in this temporary file: C:\Users\mutation\AppData\Local\Temp\theano_compilation_error_5o8dsgfk

You can find the C code in this temporary file: C:\Users\mutation\AppData\Local\Temp\theano_compilation_error_3kb9rl3v

You can find the C code in this temporary file: C:\Users\mutation\AppData\Local\Temp\theano_compilation_error_0yfxgr4m

You can find the C code in this temporary file: C:\Users\mutation\AppData\Local\Temp\theano_compilation_error_1iciajuz

You can find the C code in this temporary file: C:\Users\mutation\AppData\Local\Temp\theano_compilation_error_j9mu8z4c

You can find the C code in this temporary file: C:\Users\mutation\AppData\Local\Temp\theano_compilation_error_8d13nmmn

You can find the C code in this temporary file: C:\Users\mutation\AppData\Local\Temp\theano_compilation_error_hjmu5202

You can find the C code in this temporary file: C:\Users\mutation\AppData\Local\Temp\theano_compilation_error_v8zteqq4

You can find the C code in this temporary file: C:\Users\mutation\AppData\Local\Temp\theano_compilation_error_210gdq7z

You can find the C code in this temporary file: C:\Users\mutation\AppData\Local\Temp\theano_compilation_error_9y9qp94x

You can find the C code in this temporary file: C:\Users\mutation\AppData\Local\Temp\theano_compilation_error_86rzq5yt

You can find the C code in this temporary file: C:\Users\mutation\AppData\Local\Temp\theano_compilation_error_u_crvr3k

You can find the C code in this temporary file: C:\Users\mutation\AppData\Local\Temp\theano_compilation_error_fpgxfgvu

You can find the C code in this temporary file: C:\Users\mutation\AppData\Local\Temp\theano_compilation_error_7exikoo9

You can find the C code in this temporary file: C:\Users\mutation\AppData\Local\Temp\theano_compilation_error_nlh8utdl

You can find the C code in this temporary file: C:\Users\mutation\AppData\Local\Temp\theano_compilation_error_hyahn3kt

You can find the C code in this temporary file: C:\Users\mutation\AppData\Local\Temp\theano_compilation_error_tb46x5ys

You can find the C code in this temporary file: C:\Users\mutation\AppData\Local\Temp\theano_compilation_error_sjpwaaj_

You can find the C code in this temporary file: C:\Users\mutation\AppData\Local\Temp\theano_compilation_error_9i840rk0

You can find the C code in this temporary file: C:\Users\mutation\AppData\Local\Temp\theano_compilation_error_x4xex1ki

You can find the C code in this temporary file: C:\Users\mutation\AppData\Local\Temp\theano_compilation_error_1m0tgwky

You can find the C code in this temporary file: C:\Users\mutation\AppData\Local\Temp\theano_compilation_error_2th1cigk

You can find the C code in this temporary file: C:\Users\mutation\AppData\Local\Temp\theano_compilation_error_rkht5b2z

You can find the C code in this temporary file: C:\Users\mutation\AppData\Local\Temp\theano_compilation_error_x7sl7a1i

You can find the C code in this temporary file: C:\Users\mutation\AppData\Local\Temp\theano_compilation_error_1yi9os98

You can find the C code in this temporary file: C:\Users\mutation\AppData\Local\Temp\theano_compilation_error_xkb0m2q6

You can find the C code in this temporary file: C:\Users\mutation\AppData\Local\Temp\theano_compilation_error_91cmq8op

You can find the C code in this temporary file: C:\Users\mutation\AppData\Local\Temp\theano_compilation_error_66yubtm7

You can find the C code in this temporary file: C:\Users\mutation\AppData\Local\Temp\theano_compilation_error_i9_rgt60

You can find the C code in this temporary file: C:\Users\mutation\AppData\Local\Temp\theano_compilation_error_7g4_7wad

You can find the C code in this temporary file: C:\Users\mutation\AppData\Local\Temp\theano_compilation_error_4g9pp35o

You can find the C code in this temporary file: C:\Users\mutation\AppData\Local\Temp\theano_compilation_error_wdvb04li

You can find the C code in this temporary file: C:\Users\mutation\AppData\Local\Temp\theano_compilation_error_bc48dgi9

You can find the C code in this temporary file: C:\Users\mutation\AppData\Local\Temp\theano_compilation_error_1tvt6uhp

You can find the C code in this temporary file: C:\Users\mutation\AppData\Local\Temp\theano_compilation_error_zaltukg6

You can find the C code in this temporary file: C:\Users\mutation\AppData\Local\Temp\theano_compilation_error_qmp80gvd

You can find the C code in this temporary file: C:\Users\mutation\AppData\Local\Temp\theano_compilation_error_yc6plee8

You can find the C code in this temporary file: C:\Users\mutation\AppData\Local\Temp\theano_compilation_error_erd_wp4_

You can find the C code in this temporary file: C:\Users\mutation\AppData\Local\Temp\theano_compilation_error_r42t_mb2

You can find the C code in this temporary file: C:\Users\mutation\AppData\Local\Temp\theano_compilation_error_qjkhdt_o

You can find the C code in this temporary file: C:\Users\mutation\AppData\Local\Temp\theano_compilation_error_wr8qpv9w

You can find the C code in this temporary file: C:\Users\mutation\AppData\Local\Temp\theano_compilation_error_c5ytl0gn

You can find the C code in this temporary file: C:\Users\mutation\AppData\Local\Temp\theano_compilation_error_485qopgy

You can find the C code in this temporary file: C:\Users\mutation\AppData\Local\Temp\theano_compilation_error_hprpuy12

You can find the C code in this temporary file: C:\Users\mutation\AppData\Local\Temp\theano_compilation_error_hny7lgl_

You can find the C code in this temporary file: C:\Users\mutation\AppData\Local\Temp\theano_compilation_error_enzhde10

You can find the C code in this temporary file: C:\Users\mutation\AppData\Local\Temp\theano_compilation_error_ypk52ic2

You can find the C code in this temporary file: C:\Users\mutation\AppData\Local\Temp\theano_compilation_error_mjcb33zp

You can find the C code in this temporary file: C:\Users\mutation\AppData\Local\Temp\theano_compilation_error_rpeu6yg9

You can find the C code in this temporary file: C:\Users\mutation\AppData\Local\Temp\theano_compilation_error_8b2oqx0z

You can find the C code in this temporary file: C:\Users\mutation\AppData\Local\Temp\theano_compilation_error_ubgbtus4

You can find the C code in this temporary file: C:\Users\mutation\AppData\Local\Temp\theano_compilation_error_v28ijm7lERROR (theano.gof.opt): Optimization failure due to: constant_folding
ERROR (theano.gof.opt): node: InplaceDimShuffle{x}(TensorConstant{2})
ERROR (theano.gof.opt): TRACEBACK:
ERROR (theano.gof.opt): Traceback (most recent call last):
  File "C:\ProgramData\Anaconda3\envs\keras\lib\site-packages\theano\gof\opt.py", line 2034, in process_node
    replacements = lopt.transform(node)
  File "C:\ProgramData\Anaconda3\envs\keras\lib\site-packages\theano\tensor\opt.py", line 6516, in constant_folding
    no_recycling=[], impl=impl)
  File "C:\ProgramData\Anaconda3\envs\keras\lib\site-packages\theano\gof\op.py", line 955, in make_thunk
    no_recycling)
  File "C:\ProgramData\Anaconda3\envs\keras\lib\site-packages\theano\gof\op.py", line 858, in make_c_thunk
    output_storage=node_output_storage)
  File "C:\ProgramData\Anaconda3\envs\keras\lib\site-packages\theano\gof\cc.py", line 1217, in make_thunk
    keep_lock=keep_lock)
  File "C:\ProgramData\Anaconda3\envs\keras\lib\site-packages\theano\gof\cc.py", line 1157, in __compile__
    keep_lock=keep_lock)
  File "C:\ProgramData\Anaconda3\envs\keras\lib\site-packages\theano\gof\cc.py", line 1624, in cthunk_factory
    key=key, lnk=self, keep_lock=keep_lock)
  File "C:\ProgramData\Anaconda3\envs\keras\lib\site-packages\theano\gof\cmodule.py", line 1189, in module_from_key
    module = lnk.compile_cmodule(location)
  File "C:\ProgramData\Anaconda3\envs\keras\lib\site-packages\theano\gof\cc.py", line 1527, in compile_cmodule
    preargs=preargs)
  File "C:\ProgramData\Anaconda3\envs\keras\lib\site-packages\theano\gof\cmodule.py", line 2411, in compile_str
    (status, compile_stderr.replace('\n', '. ')))
Exception: ('Compilation failed (return status=1): C:\\Users\\mutation\\AppData\\Local\\Theano\\compiledir_Windows-10-10.0.18362-SP0-Intel64_Family_6_Model_85_Stepping_4_GenuineIntel-3.6.12-64\\tmpnb4vyur4\\mod.cpp:749:31: error: \'XXMETH_VARARGSXX\' was not declared in this scope\r.   {"instantiate", instantiate, XXMETH_VARARGSXX, "undocumented"} ,\r.                                ^\r. ', '[InplaceDimShuffle{x}(TensorConstant{2})]')

ERROR (theano.gof.opt): Optimization failure due to: constant_folding
ERROR (theano.gof.opt): node: InplaceDimShuffle{x}(TensorConstant{2})
ERROR (theano.gof.opt): TRACEBACK:
ERROR (theano.gof.opt): Traceback (most recent call last):
  File "C:\ProgramData\Anaconda3\envs\keras\lib\site-packages\theano\gof\opt.py", line 2034, in process_node
    replacements = lopt.transform(node)
  File "C:\ProgramData\Anaconda3\envs\keras\lib\site-packages\theano\tensor\opt.py", line 6516, in constant_folding
    no_recycling=[], impl=impl)
  File "C:\ProgramData\Anaconda3\envs\keras\lib\site-packages\theano\gof\op.py", line 955, in make_thunk
    no_recycling)
  File "C:\ProgramData\Anaconda3\envs\keras\lib\site-packages\theano\gof\op.py", line 858, in make_c_thunk
    output_storage=node_output_storage)
  File "C:\ProgramData\Anaconda3\envs\keras\lib\site-packages\theano\gof\cc.py", line 1217, in make_thunk
    keep_lock=keep_lock)
  File "C:\ProgramData\Anaconda3\envs\keras\lib\site-packages\theano\gof\cc.py", line 1157, in __compile__
    keep_lock=keep_lock)
  File "C:\ProgramData\Anaconda3\envs\keras\lib\site-packages\theano\gof\cc.py", line 1624, in cthunk_factory
    key=key, lnk=self, keep_lock=keep_lock)
  File "C:\ProgramData\Anaconda3\envs\keras\lib\site-packages\theano\gof\cmodule.py", line 1189, in module_from_key
    module = lnk.compile_cmodule(location)
  File "C:\ProgramData\Anaconda3\envs\keras\lib\site-packages\theano\gof\cc.py", line 1527, in compile_cmodule
    preargs=preargs)
  File "C:\ProgramData\Anaconda3\envs\keras\lib\site-packages\theano\gof\cmodule.py", line 2411, in compile_str
    (status, compile_stderr.replace('\n', '. ')))
Exception: ('Compilation failed (return status=1): C:\\Users\\mutation\\AppData\\Local\\Theano\\compiledir_Windows-10-10.0.18362-SP0-Intel64_Family_6_Model_85_Stepping_4_GenuineIntel-3.6.12-64\\tmpss_a5dut\\mod.cpp:749:31: error: \'XXMETH_VARARGSXX\' was not declared in this scope\r.   {"instantiate", instantiate, XXMETH_VARARGSXX, "undocumented"} ,\r.                                ^\r. ', '[InplaceDimShuffle{x}(TensorConstant{2})]')

EEE
======================================================================
ERROR: test_borrow_input (__main__.T_function)
----------------------------------------------------------------------
Traceback (most recent call last):
  File "test_function_module.py", line 503, in test_borrow_input
    f = theano.function([In(a, borrow=False)], Out(a + 1, borrow=True))
  File "C:\ProgramData\Anaconda3\envs\keras\lib\site-packages\theano\compile\function.py", line 317, in function
    output_keys=output_keys)
  File "C:\ProgramData\Anaconda3\envs\keras\lib\site-packages\theano\compile\pfunc.py", line 486, in pfunc
    output_keys=output_keys)
  File "C:\ProgramData\Anaconda3\envs\keras\lib\site-packages\theano\compile\function_module.py", line 1841, in orig_function
    fn = m.create(defaults)
  File "C:\ProgramData\Anaconda3\envs\keras\lib\site-packages\theano\compile\function_module.py", line 1715, in create
    input_storage=input_storage_lists, storage_map=storage_map)
  File "C:\ProgramData\Anaconda3\envs\keras\lib\site-packages\theano\gof\link.py", line 699, in make_thunk
    storage_map=storage_map)[:3]
  File "C:\ProgramData\Anaconda3\envs\keras\lib\site-packages\theano\gof\vm.py", line 1091, in make_all
    impl=impl))
  File "C:\ProgramData\Anaconda3\envs\keras\lib\site-packages\theano\gof\op.py", line 955, in make_thunk
    no_recycling)
  File "C:\ProgramData\Anaconda3\envs\keras\lib\site-packages\theano\gof\op.py", line 858, in make_c_thunk
    output_storage=node_output_storage)
  File "C:\ProgramData\Anaconda3\envs\keras\lib\site-packages\theano\gof\cc.py", line 1217, in make_thunk
    keep_lock=keep_lock)
  File "C:\ProgramData\Anaconda3\envs\keras\lib\site-packages\theano\gof\cc.py", line 1157, in __compile__
    keep_lock=keep_lock)
  File "C:\ProgramData\Anaconda3\envs\keras\lib\site-packages\theano\gof\cc.py", line 1624, in cthunk_factory
    key=key, lnk=self, keep_lock=keep_lock)
  File "C:\ProgramData\Anaconda3\envs\keras\lib\site-packages\theano\gof\cmodule.py", line 1189, in module_from_key
    module = lnk.compile_cmodule(location)
  File "C:\ProgramData\Anaconda3\envs\keras\lib\site-packages\theano\gof\cc.py", line 1527, in compile_cmodule
    preargs=preargs)
  File "C:\ProgramData\Anaconda3\envs\keras\lib\site-packages\theano\gof\cmodule.py", line 2411, in compile_str
    (status, compile_stderr.replace('\n', '. ')))
Exception: ('The following error happened while compiling the node', InplaceDimShuffle{x,x}(TensorConstant{1.0}), '\n', 'Compilation failed (return status=1): C:\\Users\\mutation\\AppData\\Local\\Theano\\compiledir_Windows-10-10.0.18362-SP0-Intel64_Family_6_Model_85_Stepping_4_GenuineIntel-3.6.12-64\\tmp2ce8tk9j\\mod.cpp:749:31: error: \'XXMETH_VARARGSXX\' was not declared in this scope\r.   {"instantiate", instantiate, XXMETH_VARARGSXX, "undocumented"} ,\r.                                ^\r. ', '[InplaceDimShuffle{x,x}(TensorConstant{1.0})]')

======================================================================
ERROR: test_borrow_output (__main__.T_function)
----------------------------------------------------------------------
Traceback (most recent call last):
  File "test_function_module.py", line 514, in test_borrow_output
    f = function([a], Out(a, borrow=False))
  File "C:\ProgramData\Anaconda3\envs\keras\lib\site-packages\theano\compile\function.py", line 317, in function
    output_keys=output_keys)
  File "C:\ProgramData\Anaconda3\envs\keras\lib\site-packages\theano\compile\pfunc.py", line 486, in pfunc
    output_keys=output_keys)
  File "C:\ProgramData\Anaconda3\envs\keras\lib\site-packages\theano\compile\function_module.py", line 1841, in orig_function
    fn = m.create(defaults)
  File "C:\ProgramData\Anaconda3\envs\keras\lib\site-packages\theano\compile\function_module.py", line 1715, in create
    input_storage=input_storage_lists, storage_map=storage_map)
  File "C:\ProgramData\Anaconda3\envs\keras\lib\site-packages\theano\gof\link.py", line 699, in make_thunk
    storage_map=storage_map)[:3]
  File "C:\ProgramData\Anaconda3\envs\keras\lib\site-packages\theano\gof\vm.py", line 1091, in make_all
    impl=impl))
  File "C:\ProgramData\Anaconda3\envs\keras\lib\site-packages\theano\gof\op.py", line 955, in make_thunk
    no_recycling)
  File "C:\ProgramData\Anaconda3\envs\keras\lib\site-packages\theano\gof\op.py", line 858, in make_c_thunk
    output_storage=node_output_storage)
  File "C:\ProgramData\Anaconda3\envs\keras\lib\site-packages\theano\gof\cc.py", line 1217, in make_thunk
    keep_lock=keep_lock)
  File "C:\ProgramData\Anaconda3\envs\keras\lib\site-packages\theano\gof\cc.py", line 1157, in __compile__
    keep_lock=keep_lock)
  File "C:\ProgramData\Anaconda3\envs\keras\lib\site-packages\theano\gof\cc.py", line 1624, in cthunk_factory
    key=key, lnk=self, keep_lock=keep_lock)
  File "C:\ProgramData\Anaconda3\envs\keras\lib\site-packages\theano\gof\cmodule.py", line 1189, in module_from_key
    module = lnk.compile_cmodule(location)
  File "C:\ProgramData\Anaconda3\envs\keras\lib\site-packages\theano\gof\cc.py", line 1527, in compile_cmodule
    preargs=preargs)
  File "C:\ProgramData\Anaconda3\envs\keras\lib\site-packages\theano\gof\cmodule.py", line 2411, in compile_str
    (status, compile_stderr.replace('\n', '. ')))
Exception: ('The following error happened while compiling the node', DeepCopyOp(<TensorType(float64, matrix)>), '\n', 'Compilation failed (return status=1): C:\\Users\\mutation\\AppData\\Local\\Theano\\compiledir_Windows-10-10.0.18362-SP0-Intel64_Family_6_Model_85_Stepping_4_GenuineIntel-3.6.12-64\\tmp8ro8dzr4\\mod.cpp:285:31: error: \'XXMETH_VARARGSXX\' was not declared in this scope\r.   {"instantiate", instantiate, XXMETH_VARARGSXX, "undocumented"} ,\r.                                ^\r. ', '[DeepCopyOp(<TensorType(float64, matrix)>)]')

======================================================================
ERROR: test_check_for_aliased_inputs (__main__.T_function)
----------------------------------------------------------------------
Traceback (most recent call last):
  File "test_function_module.py", line 603, in test_check_for_aliased_inputs
    f = theano.function(**d)
  File "C:\ProgramData\Anaconda3\envs\keras\lib\site-packages\theano\compile\function.py", line 317, in function
    output_keys=output_keys)
  File "C:\ProgramData\Anaconda3\envs\keras\lib\site-packages\theano\compile\pfunc.py", line 486, in pfunc
    output_keys=output_keys)
  File "C:\ProgramData\Anaconda3\envs\keras\lib\site-packages\theano\compile\function_module.py", line 1841, in orig_function
    fn = m.create(defaults)
  File "C:\ProgramData\Anaconda3\envs\keras\lib\site-packages\theano\compile\function_module.py", line 1715, in create
    input_storage=input_storage_lists, storage_map=storage_map)
  File "C:\ProgramData\Anaconda3\envs\keras\lib\site-packages\theano\gof\link.py", line 699, in make_thunk
    storage_map=storage_map)[:3]
  File "C:\ProgramData\Anaconda3\envs\keras\lib\site-packages\theano\gof\vm.py", line 1091, in make_all
    impl=impl))
  File "C:\ProgramData\Anaconda3\envs\keras\lib\site-packages\theano\gof\op.py", line 955, in make_thunk
    no_recycling)
  File "C:\ProgramData\Anaconda3\envs\keras\lib\site-packages\theano\gof\op.py", line 858, in make_c_thunk
    output_storage=node_output_storage)
  File "C:\ProgramData\Anaconda3\envs\keras\lib\site-packages\theano\gof\cc.py", line 1217, in make_thunk
    keep_lock=keep_lock)
  File "C:\ProgramData\Anaconda3\envs\keras\lib\site-packages\theano\gof\cc.py", line 1157, in __compile__
    keep_lock=keep_lock)
  File "C:\ProgramData\Anaconda3\envs\keras\lib\site-packages\theano\gof\cc.py", line 1624, in cthunk_factory
    key=key, lnk=self, keep_lock=keep_lock)
  File "C:\ProgramData\Anaconda3\envs\keras\lib\site-packages\theano\gof\cmodule.py", line 1189, in module_from_key
    module = lnk.compile_cmodule(location)
  File "C:\ProgramData\Anaconda3\envs\keras\lib\site-packages\theano\gof\cc.py", line 1527, in compile_cmodule
    preargs=preargs)
  File "C:\ProgramData\Anaconda3\envs\keras\lib\site-packages\theano\gof\cmodule.py", line 2411, in compile_str
    (status, compile_stderr.replace('\n', '. ')))
Exception: ('The following error happened while compiling the node', InplaceDimShuffle{x,x}(TensorConstant{1.0}), '\n', 'Compilation failed (return status=1): C:\\Users\\mutation\\AppData\\Local\\Theano\\compiledir_Windows-10-10.0.18362-SP0-Intel64_Family_6_Model_85_Stepping_4_GenuineIntel-3.6.12-64\\tmpbht4aesm\\mod.cpp:749:31: error: \'XXMETH_VARARGSXX\' was not declared in this scope\r.   {"instantiate", instantiate, XXMETH_VARARGSXX, "undocumented"} ,\r.                                ^\r. ', '[InplaceDimShuffle{x,x}(TensorConstant{1.0})]')

======================================================================
ERROR: test_constant_output (__main__.T_function)
----------------------------------------------------------------------
Traceback (most recent call last):
  File "test_function_module.py", line 467, in test_constant_output
    f = theano.function([], theano.tensor.constant([4]))
  File "C:\ProgramData\Anaconda3\envs\keras\lib\site-packages\theano\compile\function.py", line 317, in function
    output_keys=output_keys)
  File "C:\ProgramData\Anaconda3\envs\keras\lib\site-packages\theano\compile\pfunc.py", line 486, in pfunc
    output_keys=output_keys)
  File "C:\ProgramData\Anaconda3\envs\keras\lib\site-packages\theano\compile\function_module.py", line 1841, in orig_function
    fn = m.create(defaults)
  File "C:\ProgramData\Anaconda3\envs\keras\lib\site-packages\theano\compile\function_module.py", line 1715, in create
    input_storage=input_storage_lists, storage_map=storage_map)
  File "C:\ProgramData\Anaconda3\envs\keras\lib\site-packages\theano\gof\link.py", line 699, in make_thunk
    storage_map=storage_map)[:3]
  File "C:\ProgramData\Anaconda3\envs\keras\lib\site-packages\theano\gof\vm.py", line 1091, in make_all
    impl=impl))
  File "C:\ProgramData\Anaconda3\envs\keras\lib\site-packages\theano\gof\op.py", line 955, in make_thunk
    no_recycling)
  File "C:\ProgramData\Anaconda3\envs\keras\lib\site-packages\theano\gof\op.py", line 858, in make_c_thunk
    output_storage=node_output_storage)
  File "C:\ProgramData\Anaconda3\envs\keras\lib\site-packages\theano\gof\cc.py", line 1217, in make_thunk
    keep_lock=keep_lock)
  File "C:\ProgramData\Anaconda3\envs\keras\lib\site-packages\theano\gof\cc.py", line 1157, in __compile__
    keep_lock=keep_lock)
  File "C:\ProgramData\Anaconda3\envs\keras\lib\site-packages\theano\gof\cc.py", line 1624, in cthunk_factory
    key=key, lnk=self, keep_lock=keep_lock)
  File "C:\ProgramData\Anaconda3\envs\keras\lib\site-packages\theano\gof\cmodule.py", line 1189, in module_from_key
    module = lnk.compile_cmodule(location)
  File "C:\ProgramData\Anaconda3\envs\keras\lib\site-packages\theano\gof\cc.py", line 1527, in compile_cmodule
    preargs=preargs)
  File "C:\ProgramData\Anaconda3\envs\keras\lib\site-packages\theano\gof\cmodule.py", line 2411, in compile_str
    (status, compile_stderr.replace('\n', '. ')))
Exception: ('The following error happened while compiling the node', DeepCopyOp(TensorConstant{(1,) of 4}), '\n', 'Compilation failed (return status=1): C:\\Users\\mutation\\AppData\\Local\\Theano\\compiledir_Windows-10-10.0.18362-SP0-Intel64_Family_6_Model_85_Stepping_4_GenuineIntel-3.6.12-64\\tmpl0e42swc\\mod.cpp:285:31: error: \'XXMETH_VARARGSXX\' was not declared in this scope\r.   {"instantiate", instantiate, XXMETH_VARARGSXX, "undocumented"} ,\r.                                ^\r. ', '[DeepCopyOp(TensorConstant{(1,) of 4})]')

======================================================================
ERROR: test_copy (__main__.T_function)
----------------------------------------------------------------------
Traceback (most recent call last):
  File "test_function_module.py", line 231, in test_copy
    s + a * x)
  File "C:\ProgramData\Anaconda3\envs\keras\lib\site-packages\theano\compile\function.py", line 317, in function
    output_keys=output_keys)
  File "C:\ProgramData\Anaconda3\envs\keras\lib\site-packages\theano\compile\pfunc.py", line 486, in pfunc
    output_keys=output_keys)
  File "C:\ProgramData\Anaconda3\envs\keras\lib\site-packages\theano\compile\function_module.py", line 1841, in orig_function
    fn = m.create(defaults)
  File "C:\ProgramData\Anaconda3\envs\keras\lib\site-packages\theano\compile\function_module.py", line 1715, in create
    input_storage=input_storage_lists, storage_map=storage_map)
  File "C:\ProgramData\Anaconda3\envs\keras\lib\site-packages\theano\gof\link.py", line 699, in make_thunk
    storage_map=storage_map)[:3]
  File "C:\ProgramData\Anaconda3\envs\keras\lib\site-packages\theano\gof\vm.py", line 1091, in make_all
    impl=impl))
  File "C:\ProgramData\Anaconda3\envs\keras\lib\site-packages\theano\gof\op.py", line 955, in make_thunk
    no_recycling)
  File "C:\ProgramData\Anaconda3\envs\keras\lib\site-packages\theano\gof\op.py", line 858, in make_c_thunk
    output_storage=node_output_storage)
  File "C:\ProgramData\Anaconda3\envs\keras\lib\site-packages\theano\gof\cc.py", line 1217, in make_thunk
    keep_lock=keep_lock)
  File "C:\ProgramData\Anaconda3\envs\keras\lib\site-packages\theano\gof\cc.py", line 1157, in __compile__
    keep_lock=keep_lock)
  File "C:\ProgramData\Anaconda3\envs\keras\lib\site-packages\theano\gof\cc.py", line 1624, in cthunk_factory
    key=key, lnk=self, keep_lock=keep_lock)
  File "C:\ProgramData\Anaconda3\envs\keras\lib\site-packages\theano\gof\cmodule.py", line 1189, in module_from_key
    module = lnk.compile_cmodule(location)
  File "C:\ProgramData\Anaconda3\envs\keras\lib\site-packages\theano\gof\cc.py", line 1527, in compile_cmodule
    preargs=preargs)
  File "C:\ProgramData\Anaconda3\envs\keras\lib\site-packages\theano\gof\cmodule.py", line 2411, in compile_str
    (status, compile_stderr.replace('\n', '. ')))
Exception: ('The following error happened while compiling the node', DeepCopyOp(Elemwise{Composite{(i0 + (i1 * i2))}}[(0, 0)].0), '\n', 'Compilation failed (return status=1): C:\\Users\\mutation\\AppData\\Local\\Theano\\compiledir_Windows-10-10.0.18362-SP0-Intel64_Family_6_Model_85_Stepping_4_GenuineIntel-3.6.12-64\\tmpltnq45xw\\mod.cpp:285:31: error: \'XXMETH_VARARGSXX\' was not declared in this scope\r.   {"instantiate", instantiate, XXMETH_VARARGSXX, "undocumented"} ,\r.                                ^\r. ', '[DeepCopyOp(<TensorType(float64, scalar)>)]')

======================================================================
ERROR: test_copy_delete_updates (__main__.T_function)
----------------------------------------------------------------------
Traceback (most recent call last):
  File "test_function_module.py", line 388, in test_copy_delete_updates
    ori = theano.function([x], x, mode=mode, updates={z: z * 2})
  File "C:\ProgramData\Anaconda3\envs\keras\lib\site-packages\theano\compile\function.py", line 317, in function
    output_keys=output_keys)
  File "C:\ProgramData\Anaconda3\envs\keras\lib\site-packages\theano\compile\pfunc.py", line 486, in pfunc
    output_keys=output_keys)
  File "C:\ProgramData\Anaconda3\envs\keras\lib\site-packages\theano\compile\function_module.py", line 1841, in orig_function
    fn = m.create(defaults)
  File "C:\ProgramData\Anaconda3\envs\keras\lib\site-packages\theano\compile\function_module.py", line 1715, in create
    input_storage=input_storage_lists, storage_map=storage_map)
  File "C:\ProgramData\Anaconda3\envs\keras\lib\site-packages\theano\gof\link.py", line 699, in make_thunk
    storage_map=storage_map)[:3]
  File "C:\ProgramData\Anaconda3\envs\keras\lib\site-packages\theano\gof\vm.py", line 1091, in make_all
    impl=impl))
  File "C:\ProgramData\Anaconda3\envs\keras\lib\site-packages\theano\gof\op.py", line 955, in make_thunk
    no_recycling)
  File "C:\ProgramData\Anaconda3\envs\keras\lib\site-packages\theano\gof\op.py", line 858, in make_c_thunk
    output_storage=node_output_storage)
  File "C:\ProgramData\Anaconda3\envs\keras\lib\site-packages\theano\gof\cc.py", line 1217, in make_thunk
    keep_lock=keep_lock)
  File "C:\ProgramData\Anaconda3\envs\keras\lib\site-packages\theano\gof\cc.py", line 1157, in __compile__
    keep_lock=keep_lock)
  File "C:\ProgramData\Anaconda3\envs\keras\lib\site-packages\theano\gof\cc.py", line 1624, in cthunk_factory
    key=key, lnk=self, keep_lock=keep_lock)
  File "C:\ProgramData\Anaconda3\envs\keras\lib\site-packages\theano\gof\cmodule.py", line 1189, in module_from_key
    module = lnk.compile_cmodule(location)
  File "C:\ProgramData\Anaconda3\envs\keras\lib\site-packages\theano\gof\cc.py", line 1527, in compile_cmodule
    preargs=preargs)
  File "C:\ProgramData\Anaconda3\envs\keras\lib\site-packages\theano\gof\cmodule.py", line 2411, in compile_str
    (status, compile_stderr.replace('\n', '. ')))
Exception: ('The following error happened while compiling the node', DeepCopyOp(x), '\n', 'Compilation failed (return status=1): C:\\Users\\mutation\\AppData\\Local\\Theano\\compiledir_Windows-10-10.0.18362-SP0-Intel64_Family_6_Model_85_Stepping_4_GenuineIntel-3.6.12-64\\tmpp3c5_wny\\mod.cpp:285:31: error: \'XXMETH_VARARGSXX\' was not declared in this scope\r.   {"instantiate", instantiate, XXMETH_VARARGSXX, "undocumented"} ,\r.                                ^\r. ', '[DeepCopyOp(x)]')

======================================================================
ERROR: test_disconnected_input (__main__.T_function)
----------------------------------------------------------------------
Traceback (most recent call last):
  File "test_function_module.py", line 541, in test_disconnected_input
    function([a, v], v * 2, on_unused_input='ignore')
  File "C:\ProgramData\Anaconda3\envs\keras\lib\site-packages\theano\compile\function.py", line 317, in function
    output_keys=output_keys)
  File "C:\ProgramData\Anaconda3\envs\keras\lib\site-packages\theano\compile\pfunc.py", line 486, in pfunc
    output_keys=output_keys)
  File "C:\ProgramData\Anaconda3\envs\keras\lib\site-packages\theano\compile\function_module.py", line 1841, in orig_function
    fn = m.create(defaults)
  File "C:\ProgramData\Anaconda3\envs\keras\lib\site-packages\theano\compile\function_module.py", line 1715, in create
    input_storage=input_storage_lists, storage_map=storage_map)
  File "C:\ProgramData\Anaconda3\envs\keras\lib\site-packages\theano\gof\link.py", line 699, in make_thunk
    storage_map=storage_map)[:3]
  File "C:\ProgramData\Anaconda3\envs\keras\lib\site-packages\theano\gof\vm.py", line 1091, in make_all
    impl=impl))
  File "C:\ProgramData\Anaconda3\envs\keras\lib\site-packages\theano\gof\op.py", line 955, in make_thunk
    no_recycling)
  File "C:\ProgramData\Anaconda3\envs\keras\lib\site-packages\theano\gof\op.py", line 858, in make_c_thunk
    output_storage=node_output_storage)
  File "C:\ProgramData\Anaconda3\envs\keras\lib\site-packages\theano\gof\cc.py", line 1217, in make_thunk
    keep_lock=keep_lock)
  File "C:\ProgramData\Anaconda3\envs\keras\lib\site-packages\theano\gof\cc.py", line 1157, in __compile__
    keep_lock=keep_lock)
  File "C:\ProgramData\Anaconda3\envs\keras\lib\site-packages\theano\gof\cc.py", line 1624, in cthunk_factory
    key=key, lnk=self, keep_lock=keep_lock)
  File "C:\ProgramData\Anaconda3\envs\keras\lib\site-packages\theano\gof\cmodule.py", line 1189, in module_from_key
    module = lnk.compile_cmodule(location)
  File "C:\ProgramData\Anaconda3\envs\keras\lib\site-packages\theano\gof\cc.py", line 1527, in compile_cmodule
    preargs=preargs)
  File "C:\ProgramData\Anaconda3\envs\keras\lib\site-packages\theano\gof\cmodule.py", line 2411, in compile_str
    (status, compile_stderr.replace('\n', '. ')))
Exception: ('The following error happened while compiling the node', InplaceDimShuffle{x}(TensorConstant{2.0}), '\n', 'Compilation failed (return status=1): C:\\Users\\mutation\\AppData\\Local\\Theano\\compiledir_Windows-10-10.0.18362-SP0-Intel64_Family_6_Model_85_Stepping_4_GenuineIntel-3.6.12-64\\tmp2njw0cle\\mod.cpp:749:31: error: \'XXMETH_VARARGSXX\' was not declared in this scope\r.   {"instantiate", instantiate, XXMETH_VARARGSXX, "undocumented"} ,\r.                                ^\r. ', '[InplaceDimShuffle{x}(TensorConstant{2.0})]')

======================================================================
ERROR: test_extra_inputs (__main__.T_function)
----------------------------------------------------------------------
Traceback (most recent call last):
  File "test_function_module.py", line 57, in test_extra_inputs
    fn = function([x], [x])
  File "C:\ProgramData\Anaconda3\envs\keras\lib\site-packages\theano\compile\function.py", line 317, in function
    output_keys=output_keys)
  File "C:\ProgramData\Anaconda3\envs\keras\lib\site-packages\theano\compile\pfunc.py", line 486, in pfunc
    output_keys=output_keys)
  File "C:\ProgramData\Anaconda3\envs\keras\lib\site-packages\theano\compile\function_module.py", line 1841, in orig_function
    fn = m.create(defaults)
  File "C:\ProgramData\Anaconda3\envs\keras\lib\site-packages\theano\compile\function_module.py", line 1715, in create
    input_storage=input_storage_lists, storage_map=storage_map)
  File "C:\ProgramData\Anaconda3\envs\keras\lib\site-packages\theano\gof\link.py", line 699, in make_thunk
    storage_map=storage_map)[:3]
  File "C:\ProgramData\Anaconda3\envs\keras\lib\site-packages\theano\gof\vm.py", line 1091, in make_all
    impl=impl))
  File "C:\ProgramData\Anaconda3\envs\keras\lib\site-packages\theano\gof\op.py", line 955, in make_thunk
    no_recycling)
  File "C:\ProgramData\Anaconda3\envs\keras\lib\site-packages\theano\gof\op.py", line 858, in make_c_thunk
    output_storage=node_output_storage)
  File "C:\ProgramData\Anaconda3\envs\keras\lib\site-packages\theano\gof\cc.py", line 1217, in make_thunk
    keep_lock=keep_lock)
  File "C:\ProgramData\Anaconda3\envs\keras\lib\site-packages\theano\gof\cc.py", line 1157, in __compile__
    keep_lock=keep_lock)
  File "C:\ProgramData\Anaconda3\envs\keras\lib\site-packages\theano\gof\cc.py", line 1624, in cthunk_factory
    key=key, lnk=self, keep_lock=keep_lock)
  File "C:\ProgramData\Anaconda3\envs\keras\lib\site-packages\theano\gof\cmodule.py", line 1189, in module_from_key
    module = lnk.compile_cmodule(location)
  File "C:\ProgramData\Anaconda3\envs\keras\lib\site-packages\theano\gof\cc.py", line 1527, in compile_cmodule
    preargs=preargs)
  File "C:\ProgramData\Anaconda3\envs\keras\lib\site-packages\theano\gof\cmodule.py", line 2411, in compile_str
    (status, compile_stderr.replace('\n', '. ')))
Exception: ('The following error happened while compiling the node', DeepCopyOp(x), '\n', 'Compilation failed (return status=1): C:\\Users\\mutation\\AppData\\Local\\Theano\\compiledir_Windows-10-10.0.18362-SP0-Intel64_Family_6_Model_85_Stepping_4_GenuineIntel-3.6.12-64\\tmpmbgbsmod\\mod.cpp:285:31: error: \'XXMETH_VARARGSXX\' was not declared in this scope\r.   {"instantiate", instantiate, XXMETH_VARARGSXX, "undocumented"} ,\r.                                ^\r. ', '[DeepCopyOp(x)]')

======================================================================
ERROR: test_free (__main__.T_function)
----------------------------------------------------------------------
Traceback (most recent call last):
  File "test_function_module.py", line 561, in test_free
    func = function([x], x + 1)
  File "C:\ProgramData\Anaconda3\envs\keras\lib\site-packages\theano\compile\function.py", line 317, in function
    output_keys=output_keys)
  File "C:\ProgramData\Anaconda3\envs\keras\lib\site-packages\theano\compile\pfunc.py", line 486, in pfunc
    output_keys=output_keys)
  File "C:\ProgramData\Anaconda3\envs\keras\lib\site-packages\theano\compile\function_module.py", line 1841, in orig_function
    fn = m.create(defaults)
  File "C:\ProgramData\Anaconda3\envs\keras\lib\site-packages\theano\compile\function_module.py", line 1715, in create
    input_storage=input_storage_lists, storage_map=storage_map)
  File "C:\ProgramData\Anaconda3\envs\keras\lib\site-packages\theano\gof\link.py", line 699, in make_thunk
    storage_map=storage_map)[:3]
  File "C:\ProgramData\Anaconda3\envs\keras\lib\site-packages\theano\gof\vm.py", line 1091, in make_all
    impl=impl))
  File "C:\ProgramData\Anaconda3\envs\keras\lib\site-packages\theano\gof\op.py", line 955, in make_thunk
    no_recycling)
  File "C:\ProgramData\Anaconda3\envs\keras\lib\site-packages\theano\gof\op.py", line 858, in make_c_thunk
    output_storage=node_output_storage)
  File "C:\ProgramData\Anaconda3\envs\keras\lib\site-packages\theano\gof\cc.py", line 1217, in make_thunk
    keep_lock=keep_lock)
  File "C:\ProgramData\Anaconda3\envs\keras\lib\site-packages\theano\gof\cc.py", line 1157, in __compile__
    keep_lock=keep_lock)
  File "C:\ProgramData\Anaconda3\envs\keras\lib\site-packages\theano\gof\cc.py", line 1624, in cthunk_factory
    key=key, lnk=self, keep_lock=keep_lock)
  File "C:\ProgramData\Anaconda3\envs\keras\lib\site-packages\theano\gof\cmodule.py", line 1189, in module_from_key
    module = lnk.compile_cmodule(location)
  File "C:\ProgramData\Anaconda3\envs\keras\lib\site-packages\theano\gof\cc.py", line 1527, in compile_cmodule
    preargs=preargs)
  File "C:\ProgramData\Anaconda3\envs\keras\lib\site-packages\theano\gof\cmodule.py", line 2411, in compile_str
    (status, compile_stderr.replace('\n', '. ')))
Exception: ('The following error happened while compiling the node', InplaceDimShuffle{x}(TensorConstant{1.0}), '\n', 'Compilation failed (return status=1): C:\\Users\\mutation\\AppData\\Local\\Theano\\compiledir_Windows-10-10.0.18362-SP0-Intel64_Family_6_Model_85_Stepping_4_GenuineIntel-3.6.12-64\\tmpld14ingv\\mod.cpp:749:31: error: \'XXMETH_VARARGSXX\' was not declared in this scope\r.   {"instantiate", instantiate, XXMETH_VARARGSXX, "undocumented"} ,\r.                                ^\r. ', '[InplaceDimShuffle{x}(TensorConstant{1.0})]')

======================================================================
ERROR: test_masked_input (__main__.T_function)
----------------------------------------------------------------------
Traceback (most recent call last):
  File "test_function_module.py", line 548, in test_masked_input
    function([m, mt], mt * 2, on_unused_input='ignore')
  File "C:\ProgramData\Anaconda3\envs\keras\lib\site-packages\theano\compile\function.py", line 317, in function
    output_keys=output_keys)
  File "C:\ProgramData\Anaconda3\envs\keras\lib\site-packages\theano\compile\pfunc.py", line 486, in pfunc
    output_keys=output_keys)
  File "C:\ProgramData\Anaconda3\envs\keras\lib\site-packages\theano\compile\function_module.py", line 1841, in orig_function
    fn = m.create(defaults)
  File "C:\ProgramData\Anaconda3\envs\keras\lib\site-packages\theano\compile\function_module.py", line 1715, in create
    input_storage=input_storage_lists, storage_map=storage_map)
  File "C:\ProgramData\Anaconda3\envs\keras\lib\site-packages\theano\gof\link.py", line 699, in make_thunk
    storage_map=storage_map)[:3]
  File "C:\ProgramData\Anaconda3\envs\keras\lib\site-packages\theano\gof\vm.py", line 1091, in make_all
    impl=impl))
  File "C:\ProgramData\Anaconda3\envs\keras\lib\site-packages\theano\gof\op.py", line 955, in make_thunk
    no_recycling)
  File "C:\ProgramData\Anaconda3\envs\keras\lib\site-packages\theano\gof\op.py", line 858, in make_c_thunk
    output_storage=node_output_storage)
  File "C:\ProgramData\Anaconda3\envs\keras\lib\site-packages\theano\gof\cc.py", line 1217, in make_thunk
    keep_lock=keep_lock)
  File "C:\ProgramData\Anaconda3\envs\keras\lib\site-packages\theano\gof\cc.py", line 1157, in __compile__
    keep_lock=keep_lock)
  File "C:\ProgramData\Anaconda3\envs\keras\lib\site-packages\theano\gof\cc.py", line 1624, in cthunk_factory
    key=key, lnk=self, keep_lock=keep_lock)
  File "C:\ProgramData\Anaconda3\envs\keras\lib\site-packages\theano\gof\cmodule.py", line 1189, in module_from_key
    module = lnk.compile_cmodule(location)
  File "C:\ProgramData\Anaconda3\envs\keras\lib\site-packages\theano\gof\cc.py", line 1527, in compile_cmodule
    preargs=preargs)
  File "C:\ProgramData\Anaconda3\envs\keras\lib\site-packages\theano\gof\cmodule.py", line 2411, in compile_str
    (status, compile_stderr.replace('\n', '. ')))
Exception: ('The following error happened while compiling the node', InplaceDimShuffle{x,x}(TensorConstant{2.0}), '\n', 'Compilation failed (return status=1): C:\\Users\\mutation\\AppData\\Local\\Theano\\compiledir_Windows-10-10.0.18362-SP0-Intel64_Family_6_Model_85_Stepping_4_GenuineIntel-3.6.12-64\\tmpcvyki_mt\\mod.cpp:749:31: error: \'XXMETH_VARARGSXX\' was not declared in this scope\r.   {"instantiate", instantiate, XXMETH_VARARGSXX, "undocumented"} ,\r.                                ^\r. ', '[InplaceDimShuffle{x,x}(TensorConstant{2.0})]')

======================================================================
ERROR: test_shared_state0 (__main__.T_function)
----------------------------------------------------------------------
Traceback (most recent call last):
  File "test_function_module.py", line 400, in test_shared_state0
    s + a * x)
  File "C:\ProgramData\Anaconda3\envs\keras\lib\site-packages\theano\compile\function.py", line 317, in function
    output_keys=output_keys)
  File "C:\ProgramData\Anaconda3\envs\keras\lib\site-packages\theano\compile\pfunc.py", line 486, in pfunc
    output_keys=output_keys)
  File "C:\ProgramData\Anaconda3\envs\keras\lib\site-packages\theano\compile\function_module.py", line 1841, in orig_function
    fn = m.create(defaults)
  File "C:\ProgramData\Anaconda3\envs\keras\lib\site-packages\theano\compile\function_module.py", line 1715, in create
    input_storage=input_storage_lists, storage_map=storage_map)
  File "C:\ProgramData\Anaconda3\envs\keras\lib\site-packages\theano\gof\link.py", line 699, in make_thunk
    storage_map=storage_map)[:3]
  File "C:\ProgramData\Anaconda3\envs\keras\lib\site-packages\theano\gof\vm.py", line 1091, in make_all
    impl=impl))
  File "C:\ProgramData\Anaconda3\envs\keras\lib\site-packages\theano\gof\op.py", line 955, in make_thunk
    no_recycling)
  File "C:\ProgramData\Anaconda3\envs\keras\lib\site-packages\theano\gof\op.py", line 858, in make_c_thunk
    output_storage=node_output_storage)
  File "C:\ProgramData\Anaconda3\envs\keras\lib\site-packages\theano\gof\cc.py", line 1217, in make_thunk
    keep_lock=keep_lock)
  File "C:\ProgramData\Anaconda3\envs\keras\lib\site-packages\theano\gof\cc.py", line 1157, in __compile__
    keep_lock=keep_lock)
  File "C:\ProgramData\Anaconda3\envs\keras\lib\site-packages\theano\gof\cc.py", line 1624, in cthunk_factory
    key=key, lnk=self, keep_lock=keep_lock)
  File "C:\ProgramData\Anaconda3\envs\keras\lib\site-packages\theano\gof\cmodule.py", line 1189, in module_from_key
    module = lnk.compile_cmodule(location)
  File "C:\ProgramData\Anaconda3\envs\keras\lib\site-packages\theano\gof\cc.py", line 1527, in compile_cmodule
    preargs=preargs)
  File "C:\ProgramData\Anaconda3\envs\keras\lib\site-packages\theano\gof\cmodule.py", line 2411, in compile_str
    (status, compile_stderr.replace('\n', '. ')))
Exception: ('The following error happened while compiling the node', DeepCopyOp(Elemwise{Composite{(i0 + (i1 * i2))}}[(0, 0)].0), '\n', 'Compilation failed (return status=1): C:\\Users\\mutation\\AppData\\Local\\Theano\\compiledir_Windows-10-10.0.18362-SP0-Intel64_Family_6_Model_85_Stepping_4_GenuineIntel-3.6.12-64\\tmpmnkweln5\\mod.cpp:285:31: error: \'XXMETH_VARARGSXX\' was not declared in this scope\r.   {"instantiate", instantiate, XXMETH_VARARGSXX, "undocumented"} ,\r.                                ^\r. ', '[DeepCopyOp(<TensorType(float64, scalar)>)]')

======================================================================
ERROR: test_shared_state1 (__main__.T_function)
----------------------------------------------------------------------
Traceback (most recent call last):
  File "test_function_module.py", line 417, in test_shared_state1
    In(s, value=0.0, update=s + a * x, mutable=True)], s + a * x)
  File "C:\ProgramData\Anaconda3\envs\keras\lib\site-packages\theano\compile\function.py", line 317, in function
    output_keys=output_keys)
  File "C:\ProgramData\Anaconda3\envs\keras\lib\site-packages\theano\compile\pfunc.py", line 486, in pfunc
    output_keys=output_keys)
  File "C:\ProgramData\Anaconda3\envs\keras\lib\site-packages\theano\compile\function_module.py", line 1841, in orig_function
    fn = m.create(defaults)
  File "C:\ProgramData\Anaconda3\envs\keras\lib\site-packages\theano\compile\function_module.py", line 1715, in create
    input_storage=input_storage_lists, storage_map=storage_map)
  File "C:\ProgramData\Anaconda3\envs\keras\lib\site-packages\theano\gof\link.py", line 699, in make_thunk
    storage_map=storage_map)[:3]
  File "C:\ProgramData\Anaconda3\envs\keras\lib\site-packages\theano\gof\vm.py", line 1091, in make_all
    impl=impl))
  File "C:\ProgramData\Anaconda3\envs\keras\lib\site-packages\theano\gof\op.py", line 955, in make_thunk
    no_recycling)
  File "C:\ProgramData\Anaconda3\envs\keras\lib\site-packages\theano\gof\op.py", line 858, in make_c_thunk
    output_storage=node_output_storage)
  File "C:\ProgramData\Anaconda3\envs\keras\lib\site-packages\theano\gof\cc.py", line 1217, in make_thunk
    keep_lock=keep_lock)
  File "C:\ProgramData\Anaconda3\envs\keras\lib\site-packages\theano\gof\cc.py", line 1157, in __compile__
    keep_lock=keep_lock)
  File "C:\ProgramData\Anaconda3\envs\keras\lib\site-packages\theano\gof\cc.py", line 1624, in cthunk_factory
    key=key, lnk=self, keep_lock=keep_lock)
  File "C:\ProgramData\Anaconda3\envs\keras\lib\site-packages\theano\gof\cmodule.py", line 1189, in module_from_key
    module = lnk.compile_cmodule(location)
  File "C:\ProgramData\Anaconda3\envs\keras\lib\site-packages\theano\gof\cc.py", line 1527, in compile_cmodule
    preargs=preargs)
  File "C:\ProgramData\Anaconda3\envs\keras\lib\site-packages\theano\gof\cmodule.py", line 2411, in compile_str
    (status, compile_stderr.replace('\n', '. ')))
Exception: ('The following error happened while compiling the node', DeepCopyOp(Elemwise{Composite{(i0 + (i1 * i2))}}[(0, 0)].0), '\n', 'Compilation failed (return status=1): C:\\Users\\mutation\\AppData\\Local\\Theano\\compiledir_Windows-10-10.0.18362-SP0-Intel64_Family_6_Model_85_Stepping_4_GenuineIntel-3.6.12-64\\tmpsutt3z6a\\mod.cpp:285:31: error: \'XXMETH_VARARGSXX\' was not declared in this scope\r.   {"instantiate", instantiate, XXMETH_VARARGSXX, "undocumented"} ,\r.                                ^\r. ', '[DeepCopyOp(<TensorType(float64, scalar)>)]')

======================================================================
ERROR: test_shared_state2 (__main__.T_function)
----------------------------------------------------------------------
Traceback (most recent call last):
  File "test_function_module.py", line 434, in test_shared_state2
    mutable=False)], s + a * x)
  File "C:\ProgramData\Anaconda3\envs\keras\lib\site-packages\theano\compile\function.py", line 317, in function
    output_keys=output_keys)
  File "C:\ProgramData\Anaconda3\envs\keras\lib\site-packages\theano\compile\pfunc.py", line 486, in pfunc
    output_keys=output_keys)
  File "C:\ProgramData\Anaconda3\envs\keras\lib\site-packages\theano\compile\function_module.py", line 1841, in orig_function
    fn = m.create(defaults)
  File "C:\ProgramData\Anaconda3\envs\keras\lib\site-packages\theano\compile\function_module.py", line 1715, in create
    input_storage=input_storage_lists, storage_map=storage_map)
  File "C:\ProgramData\Anaconda3\envs\keras\lib\site-packages\theano\gof\link.py", line 699, in make_thunk
    storage_map=storage_map)[:3]
  File "C:\ProgramData\Anaconda3\envs\keras\lib\site-packages\theano\gof\vm.py", line 1091, in make_all
    impl=impl))
  File "C:\ProgramData\Anaconda3\envs\keras\lib\site-packages\theano\gof\op.py", line 955, in make_thunk
    no_recycling)
  File "C:\ProgramData\Anaconda3\envs\keras\lib\site-packages\theano\gof\op.py", line 858, in make_c_thunk
    output_storage=node_output_storage)
  File "C:\ProgramData\Anaconda3\envs\keras\lib\site-packages\theano\gof\cc.py", line 1217, in make_thunk
    keep_lock=keep_lock)
  File "C:\ProgramData\Anaconda3\envs\keras\lib\site-packages\theano\gof\cc.py", line 1157, in __compile__
    keep_lock=keep_lock)
  File "C:\ProgramData\Anaconda3\envs\keras\lib\site-packages\theano\gof\cc.py", line 1624, in cthunk_factory
    key=key, lnk=self, keep_lock=keep_lock)
  File "C:\ProgramData\Anaconda3\envs\keras\lib\site-packages\theano\gof\cmodule.py", line 1189, in module_from_key
    module = lnk.compile_cmodule(location)
  File "C:\ProgramData\Anaconda3\envs\keras\lib\site-packages\theano\gof\cc.py", line 1527, in compile_cmodule
    preargs=preargs)
  File "C:\ProgramData\Anaconda3\envs\keras\lib\site-packages\theano\gof\cmodule.py", line 2411, in compile_str
    (status, compile_stderr.replace('\n', '. ')))
Exception: ('The following error happened while compiling the node', DeepCopyOp(Elemwise{Composite{(i0 + (i1 * i2))}}.0), '\n', 'Compilation failed (return status=1): C:\\Users\\mutation\\AppData\\Local\\Theano\\compiledir_Windows-10-10.0.18362-SP0-Intel64_Family_6_Model_85_Stepping_4_GenuineIntel-3.6.12-64\\tmpj0kxgym8\\mod.cpp:285:31: error: \'XXMETH_VARARGSXX\' was not declared in this scope\r.   {"instantiate", instantiate, XXMETH_VARARGSXX, "undocumented"} ,\r.                                ^\r. ', '[DeepCopyOp(<TensorType(float64, scalar)>)]')

======================================================================
ERROR: test_state_access (__main__.T_function)
----------------------------------------------------------------------
Traceback (most recent call last):
  File "test_function_module.py", line 190, in test_state_access
    f = function([x, In(a, value=1.0, name='a'), In(s, value=0.0, update=s + a * x)], s + a * x)
  File "C:\ProgramData\Anaconda3\envs\keras\lib\site-packages\theano\compile\function.py", line 317, in function
    output_keys=output_keys)
  File "C:\ProgramData\Anaconda3\envs\keras\lib\site-packages\theano\compile\pfunc.py", line 486, in pfunc
    output_keys=output_keys)
  File "C:\ProgramData\Anaconda3\envs\keras\lib\site-packages\theano\compile\function_module.py", line 1841, in orig_function
    fn = m.create(defaults)
  File "C:\ProgramData\Anaconda3\envs\keras\lib\site-packages\theano\compile\function_module.py", line 1715, in create
    input_storage=input_storage_lists, storage_map=storage_map)
  File "C:\ProgramData\Anaconda3\envs\keras\lib\site-packages\theano\gof\link.py", line 699, in make_thunk
    storage_map=storage_map)[:3]
  File "C:\ProgramData\Anaconda3\envs\keras\lib\site-packages\theano\gof\vm.py", line 1091, in make_all
    impl=impl))
  File "C:\ProgramData\Anaconda3\envs\keras\lib\site-packages\theano\gof\op.py", line 955, in make_thunk
    no_recycling)
  File "C:\ProgramData\Anaconda3\envs\keras\lib\site-packages\theano\gof\op.py", line 858, in make_c_thunk
    output_storage=node_output_storage)
  File "C:\ProgramData\Anaconda3\envs\keras\lib\site-packages\theano\gof\cc.py", line 1217, in make_thunk
    keep_lock=keep_lock)
  File "C:\ProgramData\Anaconda3\envs\keras\lib\site-packages\theano\gof\cc.py", line 1157, in __compile__
    keep_lock=keep_lock)
  File "C:\ProgramData\Anaconda3\envs\keras\lib\site-packages\theano\gof\cc.py", line 1624, in cthunk_factory
    key=key, lnk=self, keep_lock=keep_lock)
  File "C:\ProgramData\Anaconda3\envs\keras\lib\site-packages\theano\gof\cmodule.py", line 1189, in module_from_key
    module = lnk.compile_cmodule(location)
  File "C:\ProgramData\Anaconda3\envs\keras\lib\site-packages\theano\gof\cc.py", line 1527, in compile_cmodule
    preargs=preargs)
  File "C:\ProgramData\Anaconda3\envs\keras\lib\site-packages\theano\gof\cmodule.py", line 2411, in compile_str
    (status, compile_stderr.replace('\n', '. ')))
Exception: ('The following error happened while compiling the node', DeepCopyOp(Elemwise{Composite{(i0 + (i1 * i2))}}[(0, 0)].0), '\n', 'Compilation failed (return status=1): C:\\Users\\mutation\\AppData\\Local\\Theano\\compiledir_Windows-10-10.0.18362-SP0-Intel64_Family_6_Model_85_Stepping_4_GenuineIntel-3.6.12-64\\tmpqiap9x6s\\mod.cpp:285:31: error: \'XXMETH_VARARGSXX\' was not declared in this scope\r.   {"instantiate", instantiate, XXMETH_VARARGSXX, "undocumented"} ,\r.                                ^\r. ', '[DeepCopyOp(<TensorType(float64, scalar)>)]')

======================================================================
ERROR: test_swap_SharedVariable (__main__.T_function)
----------------------------------------------------------------------
Traceback (most recent call last):
  File "test_function_module.py", line 305, in test_swap_SharedVariable
    givens={x: x_list[i]})
  File "C:\ProgramData\Anaconda3\envs\keras\lib\site-packages\theano\compile\function.py", line 317, in function
    output_keys=output_keys)
  File "C:\ProgramData\Anaconda3\envs\keras\lib\site-packages\theano\compile\pfunc.py", line 486, in pfunc
    output_keys=output_keys)
  File "C:\ProgramData\Anaconda3\envs\keras\lib\site-packages\theano\compile\function_module.py", line 1841, in orig_function
    fn = m.create(defaults)
  File "C:\ProgramData\Anaconda3\envs\keras\lib\site-packages\theano\compile\function_module.py", line 1715, in create
    input_storage=input_storage_lists, storage_map=storage_map)
  File "C:\ProgramData\Anaconda3\envs\keras\lib\site-packages\theano\gof\link.py", line 699, in make_thunk
    storage_map=storage_map)[:3]
  File "C:\ProgramData\Anaconda3\envs\keras\lib\site-packages\theano\gof\vm.py", line 1091, in make_all
    impl=impl))
  File "C:\ProgramData\Anaconda3\envs\keras\lib\site-packages\theano\gof\op.py", line 955, in make_thunk
    no_recycling)
  File "C:\ProgramData\Anaconda3\envs\keras\lib\site-packages\theano\gof\op.py", line 858, in make_c_thunk
    output_storage=node_output_storage)
  File "C:\ProgramData\Anaconda3\envs\keras\lib\site-packages\theano\gof\cc.py", line 1217, in make_thunk
    keep_lock=keep_lock)
  File "C:\ProgramData\Anaconda3\envs\keras\lib\site-packages\theano\gof\cc.py", line 1157, in __compile__
    keep_lock=keep_lock)
  File "C:\ProgramData\Anaconda3\envs\keras\lib\site-packages\theano\gof\cc.py", line 1624, in cthunk_factory
    key=key, lnk=self, keep_lock=keep_lock)
  File "C:\ProgramData\Anaconda3\envs\keras\lib\site-packages\theano\gof\cmodule.py", line 1189, in module_from_key
    module = lnk.compile_cmodule(location)
  File "C:\ProgramData\Anaconda3\envs\keras\lib\site-packages\theano\gof\cc.py", line 1527, in compile_cmodule
    preargs=preargs)
  File "C:\ProgramData\Anaconda3\envs\keras\lib\site-packages\theano\gof\cmodule.py", line 2411, in compile_str
    (status, compile_stderr.replace('\n', '. ')))
Exception: ('The following error happened while compiling the node', ScalarFromTensor(<TensorType(int32, scalar)>), '\n', 'Compilation failed (return status=1): C:\\Users\\mutation\\AppData\\Local\\Theano\\compiledir_Windows-10-10.0.18362-SP0-Intel64_Family_6_Model_85_Stepping_4_GenuineIntel-3.6.12-64\\tmpp_7_nyy5\\mod.cpp:314:31: error: \'XXMETH_VARARGSXX\' was not declared in this scope\r.   {"instantiate", instantiate, XXMETH_VARARGSXX, "undocumented"} ,\r.                                ^\r. ', '[ScalarFromTensor(<TensorType(int32, scalar)>)]')

======================================================================
ERROR: test_swap_SharedVariable_with_given (__main__.T_function)
----------------------------------------------------------------------
Traceback (most recent call last):
  File "test_function_module.py", line 357, in test_swap_SharedVariable_with_given
    updates={train_x: train_x + 0.1})
  File "C:\ProgramData\Anaconda3\envs\keras\lib\site-packages\theano\compile\function.py", line 317, in function
    output_keys=output_keys)
  File "C:\ProgramData\Anaconda3\envs\keras\lib\site-packages\theano\compile\pfunc.py", line 486, in pfunc
    output_keys=output_keys)
  File "C:\ProgramData\Anaconda3\envs\keras\lib\site-packages\theano\compile\function_module.py", line 1841, in orig_function
    fn = m.create(defaults)
  File "C:\ProgramData\Anaconda3\envs\keras\lib\site-packages\theano\compile\function_module.py", line 1715, in create
    input_storage=input_storage_lists, storage_map=storage_map)
  File "C:\ProgramData\Anaconda3\envs\keras\lib\site-packages\theano\gof\link.py", line 699, in make_thunk
    storage_map=storage_map)[:3]
  File "C:\ProgramData\Anaconda3\envs\keras\lib\site-packages\theano\gof\vm.py", line 1091, in make_all
    impl=impl))
  File "C:\ProgramData\Anaconda3\envs\keras\lib\site-packages\theano\gof\op.py", line 955, in make_thunk
    no_recycling)
  File "C:\ProgramData\Anaconda3\envs\keras\lib\site-packages\theano\gof\op.py", line 858, in make_c_thunk
    output_storage=node_output_storage)
  File "C:\ProgramData\Anaconda3\envs\keras\lib\site-packages\theano\gof\cc.py", line 1217, in make_thunk
    keep_lock=keep_lock)
  File "C:\ProgramData\Anaconda3\envs\keras\lib\site-packages\theano\gof\cc.py", line 1157, in __compile__
    keep_lock=keep_lock)
  File "C:\ProgramData\Anaconda3\envs\keras\lib\site-packages\theano\gof\cc.py", line 1624, in cthunk_factory
    key=key, lnk=self, keep_lock=keep_lock)
  File "C:\ProgramData\Anaconda3\envs\keras\lib\site-packages\theano\gof\cmodule.py", line 1189, in module_from_key
    module = lnk.compile_cmodule(location)
  File "C:\ProgramData\Anaconda3\envs\keras\lib\site-packages\theano\gof\cc.py", line 1527, in compile_cmodule
    preargs=preargs)
  File "C:\ProgramData\Anaconda3\envs\keras\lib\site-packages\theano\gof\cmodule.py", line 2411, in compile_str
    (status, compile_stderr.replace('\n', '. ')))
Exception: ('The following error happened while compiling the node', ScalarFromTensor(index), '\n', 'Compilation failed (return status=1): C:\\Users\\mutation\\AppData\\Local\\Theano\\compiledir_Windows-10-10.0.18362-SP0-Intel64_Family_6_Model_85_Stepping_4_GenuineIntel-3.6.12-64\\tmpo0gg8kcx\\mod.cpp:314:31: error: \'XXMETH_VARARGSXX\' was not declared in this scope\r.   {"instantiate", instantiate, XXMETH_VARARGSXX, "undocumented"} ,\r.                                ^\r. ', '[ScalarFromTensor(index)]')

======================================================================
ERROR: test_broken_pickle_with_shared (__main__.T_picklefunction)
----------------------------------------------------------------------
Traceback (most recent call last):
  File "test_function_module.py", line 897, in test_broken_pickle_with_shared
    f = theano.function([x], theano.tensor.dot(x, y))
  File "C:\ProgramData\Anaconda3\envs\keras\lib\site-packages\theano\compile\function.py", line 317, in function
    output_keys=output_keys)
  File "C:\ProgramData\Anaconda3\envs\keras\lib\site-packages\theano\compile\pfunc.py", line 486, in pfunc
    output_keys=output_keys)
  File "C:\ProgramData\Anaconda3\envs\keras\lib\site-packages\theano\compile\function_module.py", line 1841, in orig_function
    fn = m.create(defaults)
  File "C:\ProgramData\Anaconda3\envs\keras\lib\site-packages\theano\compile\function_module.py", line 1715, in create
    input_storage=input_storage_lists, storage_map=storage_map)
  File "C:\ProgramData\Anaconda3\envs\keras\lib\site-packages\theano\gof\link.py", line 699, in make_thunk
    storage_map=storage_map)[:3]
  File "C:\ProgramData\Anaconda3\envs\keras\lib\site-packages\theano\gof\vm.py", line 1091, in make_all
    impl=impl))
  File "C:\ProgramData\Anaconda3\envs\keras\lib\site-packages\theano\gof\op.py", line 955, in make_thunk
    no_recycling)
  File "C:\ProgramData\Anaconda3\envs\keras\lib\site-packages\theano\gof\op.py", line 858, in make_c_thunk
    output_storage=node_output_storage)
  File "C:\ProgramData\Anaconda3\envs\keras\lib\site-packages\theano\gof\cc.py", line 1217, in make_thunk
    keep_lock=keep_lock)
  File "C:\ProgramData\Anaconda3\envs\keras\lib\site-packages\theano\gof\cc.py", line 1157, in __compile__
    keep_lock=keep_lock)
  File "C:\ProgramData\Anaconda3\envs\keras\lib\site-packages\theano\gof\cc.py", line 1624, in cthunk_factory
    key=key, lnk=self, keep_lock=keep_lock)
  File "C:\ProgramData\Anaconda3\envs\keras\lib\site-packages\theano\gof\cmodule.py", line 1189, in module_from_key
    module = lnk.compile_cmodule(location)
  File "C:\ProgramData\Anaconda3\envs\keras\lib\site-packages\theano\gof\cc.py", line 1527, in compile_cmodule
    preargs=preargs)
  File "C:\ProgramData\Anaconda3\envs\keras\lib\site-packages\theano\gof\cmodule.py", line 2411, in compile_str
    (status, compile_stderr.replace('\n', '. ')))
Exception: ('The following error happened while compiling the node', Dot22(<TensorType(float64, matrix)>, <TensorType(float64, matrix)>), '\n', 'Compilation failed (return status=1): C:\\Users\\mutation\\AppData\\Local\\Theano\\compiledir_Windows-10-10.0.18362-SP0-Intel64_Family_6_Model_85_Stepping_4_GenuineIntel-3.6.12-64\\tmpvziwfku4\\mod.cpp:840:31: error: \'XXMETH_VARARGSXX\' was not declared in this scope\r.   {"instantiate", instantiate, XXMETH_VARARGSXX, "undocumented"} ,\r.                                ^\r. ', '[Dot22(<TensorType(float64, matrix)>, <TensorType(float64, matrix)>)]')

======================================================================
ERROR: test_deepcopy (__main__.T_picklefunction)
----------------------------------------------------------------------
Traceback (most recent call last):
  File "test_function_module.py", line 628, in test_deepcopy
    s + a * x)
  File "C:\ProgramData\Anaconda3\envs\keras\lib\site-packages\theano\compile\function.py", line 317, in function
    output_keys=output_keys)
  File "C:\ProgramData\Anaconda3\envs\keras\lib\site-packages\theano\compile\pfunc.py", line 486, in pfunc
    output_keys=output_keys)
  File "C:\ProgramData\Anaconda3\envs\keras\lib\site-packages\theano\compile\function_module.py", line 1841, in orig_function
    fn = m.create(defaults)
  File "C:\ProgramData\Anaconda3\envs\keras\lib\site-packages\theano\compile\function_module.py", line 1715, in create
    input_storage=input_storage_lists, storage_map=storage_map)
  File "C:\ProgramData\Anaconda3\envs\keras\lib\site-packages\theano\gof\link.py", line 699, in make_thunk
    storage_map=storage_map)[:3]
  File "C:\ProgramData\Anaconda3\envs\keras\lib\site-packages\theano\gof\vm.py", line 1091, in make_all
    impl=impl))
  File "C:\ProgramData\Anaconda3\envs\keras\lib\site-packages\theano\gof\op.py", line 955, in make_thunk
    no_recycling)
  File "C:\ProgramData\Anaconda3\envs\keras\lib\site-packages\theano\gof\op.py", line 858, in make_c_thunk
    output_storage=node_output_storage)
  File "C:\ProgramData\Anaconda3\envs\keras\lib\site-packages\theano\gof\cc.py", line 1217, in make_thunk
    keep_lock=keep_lock)
  File "C:\ProgramData\Anaconda3\envs\keras\lib\site-packages\theano\gof\cc.py", line 1157, in __compile__
    keep_lock=keep_lock)
  File "C:\ProgramData\Anaconda3\envs\keras\lib\site-packages\theano\gof\cc.py", line 1624, in cthunk_factory
    key=key, lnk=self, keep_lock=keep_lock)
  File "C:\ProgramData\Anaconda3\envs\keras\lib\site-packages\theano\gof\cmodule.py", line 1189, in module_from_key
    module = lnk.compile_cmodule(location)
  File "C:\ProgramData\Anaconda3\envs\keras\lib\site-packages\theano\gof\cc.py", line 1527, in compile_cmodule
    preargs=preargs)
  File "C:\ProgramData\Anaconda3\envs\keras\lib\site-packages\theano\gof\cmodule.py", line 2411, in compile_str
    (status, compile_stderr.replace('\n', '. ')))
Exception: ('The following error happened while compiling the node', DeepCopyOp(Elemwise{Composite{(i0 + (i1 * i2))}}[(0, 0)].0), '\n', 'Compilation failed (return status=1): C:\\Users\\mutation\\AppData\\Local\\Theano\\compiledir_Windows-10-10.0.18362-SP0-Intel64_Family_6_Model_85_Stepping_4_GenuineIntel-3.6.12-64\\tmp7sevtm2g\\mod.cpp:285:31: error: \'XXMETH_VARARGSXX\' was not declared in this scope\r.   {"instantiate", instantiate, XXMETH_VARARGSXX, "undocumented"} ,\r.                                ^\r. ', '[DeepCopyOp(<TensorType(float64, scalar)>)]')

======================================================================
ERROR: test_deepcopy_shared_container (__main__.T_picklefunction)
----------------------------------------------------------------------
Traceback (most recent call last):
  File "test_function_module.py", line 705, in test_deepcopy_shared_container
    h = function([In(a, value=0.0)], a)
  File "C:\ProgramData\Anaconda3\envs\keras\lib\site-packages\theano\compile\function.py", line 317, in function
    output_keys=output_keys)
  File "C:\ProgramData\Anaconda3\envs\keras\lib\site-packages\theano\compile\pfunc.py", line 486, in pfunc
    output_keys=output_keys)
  File "C:\ProgramData\Anaconda3\envs\keras\lib\site-packages\theano\compile\function_module.py", line 1841, in orig_function
    fn = m.create(defaults)
  File "C:\ProgramData\Anaconda3\envs\keras\lib\site-packages\theano\compile\function_module.py", line 1715, in create
    input_storage=input_storage_lists, storage_map=storage_map)
  File "C:\ProgramData\Anaconda3\envs\keras\lib\site-packages\theano\gof\link.py", line 699, in make_thunk
    storage_map=storage_map)[:3]
  File "C:\ProgramData\Anaconda3\envs\keras\lib\site-packages\theano\gof\vm.py", line 1091, in make_all
    impl=impl))
  File "C:\ProgramData\Anaconda3\envs\keras\lib\site-packages\theano\gof\op.py", line 955, in make_thunk
    no_recycling)
  File "C:\ProgramData\Anaconda3\envs\keras\lib\site-packages\theano\gof\op.py", line 858, in make_c_thunk
    output_storage=node_output_storage)
  File "C:\ProgramData\Anaconda3\envs\keras\lib\site-packages\theano\gof\cc.py", line 1217, in make_thunk
    keep_lock=keep_lock)
  File "C:\ProgramData\Anaconda3\envs\keras\lib\site-packages\theano\gof\cc.py", line 1157, in __compile__
    keep_lock=keep_lock)
  File "C:\ProgramData\Anaconda3\envs\keras\lib\site-packages\theano\gof\cc.py", line 1624, in cthunk_factory
    key=key, lnk=self, keep_lock=keep_lock)
  File "C:\ProgramData\Anaconda3\envs\keras\lib\site-packages\theano\gof\cmodule.py", line 1189, in module_from_key
    module = lnk.compile_cmodule(location)
  File "C:\ProgramData\Anaconda3\envs\keras\lib\site-packages\theano\gof\cc.py", line 1527, in compile_cmodule
    preargs=preargs)
  File "C:\ProgramData\Anaconda3\envs\keras\lib\site-packages\theano\gof\cmodule.py", line 2411, in compile_str
    (status, compile_stderr.replace('\n', '. ')))
Exception: ('The following error happened while compiling the node', DeepCopyOp(a), '\n', 'Compilation failed (return status=1): C:\\Users\\mutation\\AppData\\Local\\Theano\\compiledir_Windows-10-10.0.18362-SP0-Intel64_Family_6_Model_85_Stepping_4_GenuineIntel-3.6.12-64\\tmpr49i6x56\\mod.cpp:285:31: error: \'XXMETH_VARARGSXX\' was not declared in this scope\r.   {"instantiate", instantiate, XXMETH_VARARGSXX, "undocumented"} ,\r.                                ^\r. ', '[DeepCopyOp(a)]')

======================================================================
ERROR: test_deepcopy_trust_input (__main__.T_picklefunction)
----------------------------------------------------------------------
Traceback (most recent call last):
  File "test_function_module.py", line 673, in test_deepcopy_trust_input
    s + a * x)
  File "C:\ProgramData\Anaconda3\envs\keras\lib\site-packages\theano\compile\function.py", line 317, in function
    output_keys=output_keys)
  File "C:\ProgramData\Anaconda3\envs\keras\lib\site-packages\theano\compile\pfunc.py", line 486, in pfunc
    output_keys=output_keys)
  File "C:\ProgramData\Anaconda3\envs\keras\lib\site-packages\theano\compile\function_module.py", line 1841, in orig_function
    fn = m.create(defaults)
  File "C:\ProgramData\Anaconda3\envs\keras\lib\site-packages\theano\compile\function_module.py", line 1715, in create
    input_storage=input_storage_lists, storage_map=storage_map)
  File "C:\ProgramData\Anaconda3\envs\keras\lib\site-packages\theano\gof\link.py", line 699, in make_thunk
    storage_map=storage_map)[:3]
  File "C:\ProgramData\Anaconda3\envs\keras\lib\site-packages\theano\gof\vm.py", line 1091, in make_all
    impl=impl))
  File "C:\ProgramData\Anaconda3\envs\keras\lib\site-packages\theano\gof\op.py", line 955, in make_thunk
    no_recycling)
  File "C:\ProgramData\Anaconda3\envs\keras\lib\site-packages\theano\gof\op.py", line 858, in make_c_thunk
    output_storage=node_output_storage)
  File "C:\ProgramData\Anaconda3\envs\keras\lib\site-packages\theano\gof\cc.py", line 1217, in make_thunk
    keep_lock=keep_lock)
  File "C:\ProgramData\Anaconda3\envs\keras\lib\site-packages\theano\gof\cc.py", line 1157, in __compile__
    keep_lock=keep_lock)
  File "C:\ProgramData\Anaconda3\envs\keras\lib\site-packages\theano\gof\cc.py", line 1624, in cthunk_factory
    key=key, lnk=self, keep_lock=keep_lock)
  File "C:\ProgramData\Anaconda3\envs\keras\lib\site-packages\theano\gof\cmodule.py", line 1189, in module_from_key
    module = lnk.compile_cmodule(location)
  File "C:\ProgramData\Anaconda3\envs\keras\lib\site-packages\theano\gof\cc.py", line 1527, in compile_cmodule
    preargs=preargs)
  File "C:\ProgramData\Anaconda3\envs\keras\lib\site-packages\theano\gof\cmodule.py", line 2411, in compile_str
    (status, compile_stderr.replace('\n', '. ')))
Exception: ('The following error happened while compiling the node', DeepCopyOp(Elemwise{Composite{(i0 + (i1 * i2))}}[(0, 0)].0), '\n', 'Compilation failed (return status=1): C:\\Users\\mutation\\AppData\\Local\\Theano\\compiledir_Windows-10-10.0.18362-SP0-Intel64_Family_6_Model_85_Stepping_4_GenuineIntel-3.6.12-64\\tmpsxgy7ues\\mod.cpp:285:31: error: \'XXMETH_VARARGSXX\' was not declared in this scope\r.   {"instantiate", instantiate, XXMETH_VARARGSXX, "undocumented"} ,\r.                                ^\r. ', '[DeepCopyOp(<TensorType(float64, scalar)>)]')

======================================================================
ERROR: test_multiple_functions (__main__.T_picklefunction)
----------------------------------------------------------------------
Traceback (most recent call last):
  File "test_function_module.py", line 817, in test_multiple_functions
    s + a * x)
  File "C:\ProgramData\Anaconda3\envs\keras\lib\site-packages\theano\compile\function.py", line 317, in function
    output_keys=output_keys)
  File "C:\ProgramData\Anaconda3\envs\keras\lib\site-packages\theano\compile\pfunc.py", line 486, in pfunc
    output_keys=output_keys)
  File "C:\ProgramData\Anaconda3\envs\keras\lib\site-packages\theano\compile\function_module.py", line 1841, in orig_function
    fn = m.create(defaults)
  File "C:\ProgramData\Anaconda3\envs\keras\lib\site-packages\theano\compile\function_module.py", line 1715, in create
    input_storage=input_storage_lists, storage_map=storage_map)
  File "C:\ProgramData\Anaconda3\envs\keras\lib\site-packages\theano\gof\link.py", line 699, in make_thunk
    storage_map=storage_map)[:3]
  File "C:\ProgramData\Anaconda3\envs\keras\lib\site-packages\theano\gof\vm.py", line 1091, in make_all
    impl=impl))
  File "C:\ProgramData\Anaconda3\envs\keras\lib\site-packages\theano\gof\op.py", line 955, in make_thunk
    no_recycling)
  File "C:\ProgramData\Anaconda3\envs\keras\lib\site-packages\theano\gof\op.py", line 858, in make_c_thunk
    output_storage=node_output_storage)
  File "C:\ProgramData\Anaconda3\envs\keras\lib\site-packages\theano\gof\cc.py", line 1217, in make_thunk
    keep_lock=keep_lock)
  File "C:\ProgramData\Anaconda3\envs\keras\lib\site-packages\theano\gof\cc.py", line 1157, in __compile__
    keep_lock=keep_lock)
  File "C:\ProgramData\Anaconda3\envs\keras\lib\site-packages\theano\gof\cc.py", line 1624, in cthunk_factory
    key=key, lnk=self, keep_lock=keep_lock)
  File "C:\ProgramData\Anaconda3\envs\keras\lib\site-packages\theano\gof\cmodule.py", line 1189, in module_from_key
    module = lnk.compile_cmodule(location)
  File "C:\ProgramData\Anaconda3\envs\keras\lib\site-packages\theano\gof\cc.py", line 1527, in compile_cmodule
    preargs=preargs)
  File "C:\ProgramData\Anaconda3\envs\keras\lib\site-packages\theano\gof\cmodule.py", line 2411, in compile_str
    (status, compile_stderr.replace('\n', '. ')))
Exception: ('The following error happened while compiling the node', DeepCopyOp(Elemwise{Composite{(i0 + (i1 * i2))}}[(0, 0)].0), '\n', 'Compilation failed (return status=1): C:\\Users\\mutation\\AppData\\Local\\Theano\\compiledir_Windows-10-10.0.18362-SP0-Intel64_Family_6_Model_85_Stepping_4_GenuineIntel-3.6.12-64\\tmpo68ltzel\\mod.cpp:285:31: error: \'XXMETH_VARARGSXX\' was not declared in this scope\r.   {"instantiate", instantiate, XXMETH_VARARGSXX, "undocumented"} ,\r.                                ^\r. ', '[DeepCopyOp(<TensorType(float64, scalar)>)]')

======================================================================
ERROR: test_optimizations_preserved (__main__.T_picklefunction)
----------------------------------------------------------------------
Traceback (most recent call last):
  File "test_function_module.py", line 768, in test_optimizations_preserved
    f = function([a, x, s, xm, sm], ((a.T.T) * (tensor.dot(xm, (sm.T.T.T)) + x).T * (x / x) + s))
  File "C:\ProgramData\Anaconda3\envs\keras\lib\site-packages\theano\compile\function.py", line 317, in function
    output_keys=output_keys)
  File "C:\ProgramData\Anaconda3\envs\keras\lib\site-packages\theano\compile\pfunc.py", line 486, in pfunc
    output_keys=output_keys)
  File "C:\ProgramData\Anaconda3\envs\keras\lib\site-packages\theano\compile\function_module.py", line 1841, in orig_function
    fn = m.create(defaults)
  File "C:\ProgramData\Anaconda3\envs\keras\lib\site-packages\theano\compile\function_module.py", line 1715, in create
    input_storage=input_storage_lists, storage_map=storage_map)
  File "C:\ProgramData\Anaconda3\envs\keras\lib\site-packages\theano\gof\link.py", line 699, in make_thunk
    storage_map=storage_map)[:3]
  File "C:\ProgramData\Anaconda3\envs\keras\lib\site-packages\theano\gof\vm.py", line 1091, in make_all
    impl=impl))
  File "C:\ProgramData\Anaconda3\envs\keras\lib\site-packages\theano\gof\op.py", line 955, in make_thunk
    no_recycling)
  File "C:\ProgramData\Anaconda3\envs\keras\lib\site-packages\theano\gof\op.py", line 858, in make_c_thunk
    output_storage=node_output_storage)
  File "C:\ProgramData\Anaconda3\envs\keras\lib\site-packages\theano\gof\cc.py", line 1217, in make_thunk
    keep_lock=keep_lock)
  File "C:\ProgramData\Anaconda3\envs\keras\lib\site-packages\theano\gof\cc.py", line 1157, in __compile__
    keep_lock=keep_lock)
  File "C:\ProgramData\Anaconda3\envs\keras\lib\site-packages\theano\gof\cc.py", line 1624, in cthunk_factory
    key=key, lnk=self, keep_lock=keep_lock)
  File "C:\ProgramData\Anaconda3\envs\keras\lib\site-packages\theano\gof\cmodule.py", line 1189, in module_from_key
    module = lnk.compile_cmodule(location)
  File "C:\ProgramData\Anaconda3\envs\keras\lib\site-packages\theano\gof\cc.py", line 1527, in compile_cmodule
    preargs=preargs)
  File "C:\ProgramData\Anaconda3\envs\keras\lib\site-packages\theano\gof\cmodule.py", line 2411, in compile_str
    (status, compile_stderr.replace('\n', '. ')))
Exception: ('The following error happened while compiling the node', InplaceDimShuffle{x,0}(s), '\n', 'Compilation failed (return status=1): C:\\Users\\mutation\\AppData\\Local\\Theano\\compiledir_Windows-10-10.0.18362-SP0-Intel64_Family_6_Model_85_Stepping_4_GenuineIntel-3.6.12-64\\tmplv6k0dp8\\mod.cpp:749:31: error: \'XXMETH_VARARGSXX\' was not declared in this scope\r.   {"instantiate", instantiate, XXMETH_VARARGSXX, "undocumented"} ,\r.                                ^\r. ', '[InplaceDimShuffle{x,0}(s)]')

======================================================================
ERROR: test_output_keys (__main__.T_picklefunction)
----------------------------------------------------------------------
Traceback (most recent call last):
  File "test_function_module.py", line 692, in test_output_keys
    f = theano.function([x], {'vec': x**2})
  File "C:\ProgramData\Anaconda3\envs\keras\lib\site-packages\theano\compile\function.py", line 317, in function
    output_keys=output_keys)
  File "C:\ProgramData\Anaconda3\envs\keras\lib\site-packages\theano\compile\pfunc.py", line 486, in pfunc
    output_keys=output_keys)
  File "C:\ProgramData\Anaconda3\envs\keras\lib\site-packages\theano\compile\function_module.py", line 1841, in orig_function
    fn = m.create(defaults)
  File "C:\ProgramData\Anaconda3\envs\keras\lib\site-packages\theano\compile\function_module.py", line 1715, in create
    input_storage=input_storage_lists, storage_map=storage_map)
  File "C:\ProgramData\Anaconda3\envs\keras\lib\site-packages\theano\gof\link.py", line 699, in make_thunk
    storage_map=storage_map)[:3]
  File "C:\ProgramData\Anaconda3\envs\keras\lib\site-packages\theano\gof\vm.py", line 1091, in make_all
    impl=impl))
  File "C:\ProgramData\Anaconda3\envs\keras\lib\site-packages\theano\gof\op.py", line 955, in make_thunk
    no_recycling)
  File "C:\ProgramData\Anaconda3\envs\keras\lib\site-packages\theano\gof\op.py", line 858, in make_c_thunk
    output_storage=node_output_storage)
  File "C:\ProgramData\Anaconda3\envs\keras\lib\site-packages\theano\gof\cc.py", line 1217, in make_thunk
    keep_lock=keep_lock)
  File "C:\ProgramData\Anaconda3\envs\keras\lib\site-packages\theano\gof\cc.py", line 1157, in __compile__
    keep_lock=keep_lock)
  File "C:\ProgramData\Anaconda3\envs\keras\lib\site-packages\theano\gof\cc.py", line 1624, in cthunk_factory
    key=key, lnk=self, keep_lock=keep_lock)
  File "C:\ProgramData\Anaconda3\envs\keras\lib\site-packages\theano\gof\cmodule.py", line 1189, in module_from_key
    module = lnk.compile_cmodule(location)
  File "C:\ProgramData\Anaconda3\envs\keras\lib\site-packages\theano\gof\cc.py", line 1527, in compile_cmodule
    preargs=preargs)
  File "C:\ProgramData\Anaconda3\envs\keras\lib\site-packages\theano\gof\cmodule.py", line 2411, in compile_str
    (status, compile_stderr.replace('\n', '. ')))
Exception: ('The following error happened while compiling the node', InplaceDimShuffle{x}(TensorConstant{2}), '\n', 'Compilation failed (return status=1): C:\\Users\\mutation\\AppData\\Local\\Theano\\compiledir_Windows-10-10.0.18362-SP0-Intel64_Family_6_Model_85_Stepping_4_GenuineIntel-3.6.12-64\\tmp3houftda\\mod.cpp:749:31: error: \'XXMETH_VARARGSXX\' was not declared in this scope\r.   {"instantiate", instantiate, XXMETH_VARARGSXX, "undocumented"} ,\r.                                ^\r. ', '[InplaceDimShuffle{x}(TensorConstant{2})]')

======================================================================
ERROR: test_pickle (__main__.T_picklefunction)
----------------------------------------------------------------------
Traceback (most recent call last):
  File "test_function_module.py", line 730, in test_pickle
    In(s, value=0.0, update=s + a * x, mutable=True)], s + a * x)
  File "C:\ProgramData\Anaconda3\envs\keras\lib\site-packages\theano\compile\function.py", line 317, in function
    output_keys=output_keys)
  File "C:\ProgramData\Anaconda3\envs\keras\lib\site-packages\theano\compile\pfunc.py", line 486, in pfunc
    output_keys=output_keys)
  File "C:\ProgramData\Anaconda3\envs\keras\lib\site-packages\theano\compile\function_module.py", line 1841, in orig_function
    fn = m.create(defaults)
  File "C:\ProgramData\Anaconda3\envs\keras\lib\site-packages\theano\compile\function_module.py", line 1715, in create
    input_storage=input_storage_lists, storage_map=storage_map)
  File "C:\ProgramData\Anaconda3\envs\keras\lib\site-packages\theano\gof\link.py", line 699, in make_thunk
    storage_map=storage_map)[:3]
  File "C:\ProgramData\Anaconda3\envs\keras\lib\site-packages\theano\gof\vm.py", line 1091, in make_all
    impl=impl))
  File "C:\ProgramData\Anaconda3\envs\keras\lib\site-packages\theano\gof\op.py", line 955, in make_thunk
    no_recycling)
  File "C:\ProgramData\Anaconda3\envs\keras\lib\site-packages\theano\gof\op.py", line 858, in make_c_thunk
    output_storage=node_output_storage)
  File "C:\ProgramData\Anaconda3\envs\keras\lib\site-packages\theano\gof\cc.py", line 1217, in make_thunk
    keep_lock=keep_lock)
  File "C:\ProgramData\Anaconda3\envs\keras\lib\site-packages\theano\gof\cc.py", line 1157, in __compile__
    keep_lock=keep_lock)
  File "C:\ProgramData\Anaconda3\envs\keras\lib\site-packages\theano\gof\cc.py", line 1624, in cthunk_factory
    key=key, lnk=self, keep_lock=keep_lock)
  File "C:\ProgramData\Anaconda3\envs\keras\lib\site-packages\theano\gof\cmodule.py", line 1189, in module_from_key
    module = lnk.compile_cmodule(location)
  File "C:\ProgramData\Anaconda3\envs\keras\lib\site-packages\theano\gof\cc.py", line 1527, in compile_cmodule
    preargs=preargs)
  File "C:\ProgramData\Anaconda3\envs\keras\lib\site-packages\theano\gof\cmodule.py", line 2411, in compile_str
    (status, compile_stderr.replace('\n', '. ')))
Exception: ('The following error happened while compiling the node', DeepCopyOp(Elemwise{Composite{(i0 + (i1 * i2))}}[(0, 0)].0), '\n', 'Compilation failed (return status=1): C:\\Users\\mutation\\AppData\\Local\\Theano\\compiledir_Windows-10-10.0.18362-SP0-Intel64_Family_6_Model_85_Stepping_4_GenuineIntel-3.6.12-64\\tmpq2eatej5\\mod.cpp:285:31: error: \'XXMETH_VARARGSXX\' was not declared in this scope\r.   {"instantiate", instantiate, XXMETH_VARARGSXX, "undocumented"} ,\r.                                ^\r. ', '[DeepCopyOp(<TensorType(float64, scalar)>)]')

======================================================================
ERROR: test_pickle_class_with_functions (__main__.T_picklefunction)
----------------------------------------------------------------------
Traceback (most recent call last):
  File "test_function_module.py", line 919, in test_pickle_class_with_functions
    blah = SomethingToPickle()
  File "test_function_module.py", line 952, in __init__
    s + a * x)
  File "C:\ProgramData\Anaconda3\envs\keras\lib\site-packages\theano\compile\function.py", line 317, in function
    output_keys=output_keys)
  File "C:\ProgramData\Anaconda3\envs\keras\lib\site-packages\theano\compile\pfunc.py", line 486, in pfunc
    output_keys=output_keys)
  File "C:\ProgramData\Anaconda3\envs\keras\lib\site-packages\theano\compile\function_module.py", line 1841, in orig_function
    fn = m.create(defaults)
  File "C:\ProgramData\Anaconda3\envs\keras\lib\site-packages\theano\compile\function_module.py", line 1715, in create
    input_storage=input_storage_lists, storage_map=storage_map)
  File "C:\ProgramData\Anaconda3\envs\keras\lib\site-packages\theano\gof\link.py", line 699, in make_thunk
    storage_map=storage_map)[:3]
  File "C:\ProgramData\Anaconda3\envs\keras\lib\site-packages\theano\gof\vm.py", line 1091, in make_all
    impl=impl))
  File "C:\ProgramData\Anaconda3\envs\keras\lib\site-packages\theano\gof\op.py", line 955, in make_thunk
    no_recycling)
  File "C:\ProgramData\Anaconda3\envs\keras\lib\site-packages\theano\gof\op.py", line 858, in make_c_thunk
    output_storage=node_output_storage)
  File "C:\ProgramData\Anaconda3\envs\keras\lib\site-packages\theano\gof\cc.py", line 1217, in make_thunk
    keep_lock=keep_lock)
  File "C:\ProgramData\Anaconda3\envs\keras\lib\site-packages\theano\gof\cc.py", line 1157, in __compile__
    keep_lock=keep_lock)
  File "C:\ProgramData\Anaconda3\envs\keras\lib\site-packages\theano\gof\cc.py", line 1624, in cthunk_factory
    key=key, lnk=self, keep_lock=keep_lock)
  File "C:\ProgramData\Anaconda3\envs\keras\lib\site-packages\theano\gof\cmodule.py", line 1189, in module_from_key
    module = lnk.compile_cmodule(location)
  File "C:\ProgramData\Anaconda3\envs\keras\lib\site-packages\theano\gof\cc.py", line 1527, in compile_cmodule
    preargs=preargs)
  File "C:\ProgramData\Anaconda3\envs\keras\lib\site-packages\theano\gof\cmodule.py", line 2411, in compile_str
    (status, compile_stderr.replace('\n', '. ')))
Exception: ('The following error happened while compiling the node', DeepCopyOp(Elemwise{Composite{(i0 + (i1 * i2))}}[(0, 0)].0), '\n', 'Compilation failed (return status=1): C:\\Users\\mutation\\AppData\\Local\\Theano\\compiledir_Windows-10-10.0.18362-SP0-Intel64_Family_6_Model_85_Stepping_4_GenuineIntel-3.6.12-64\\tmprlys8ttp\\mod.cpp:285:31: error: \'XXMETH_VARARGSXX\' was not declared in this scope\r.   {"instantiate", instantiate, XXMETH_VARARGSXX, "undocumented"} ,\r.                                ^\r. ', '[DeepCopyOp(<TensorType(float64, scalar)>)]')

----------------------------------------------------------------------
Ran 41 tests in 25.636s

FAILED (errors=25, skipped=1)


You can find the C code in this temporary file: C:\Users\mutation\AppData\Local\Temp\theano_compilation_error_my1g2hmi

You can find the C code in this temporary file: C:\Users\mutation\AppData\Local\Temp\theano_compilation_error_5giu9y5i

You can find the C code in this temporary file: C:\Users\mutation\AppData\Local\Temp\theano_compilation_error_0zdghq37

You can find the C code in this temporary file: C:\Users\mutation\AppData\Local\Temp\theano_compilation_error__bkdxad3
