2020-10-06 14:33:34.152608: I tensorflow/stream_executor/platform/default/dso_loader.cc:44] Successfully opened dynamic library cudart64_100.dll
Running tests under Python 3.6.12: C:\ProgramData\Anaconda3\envs\keras\python.exe
[ RUN      ] AdagradOptimizerTest.testBasic
WARNING:tensorflow:From C:\ProgramData\Anaconda3\envs\keras\lib\site-packages\tensorflow_core\python\ops\resource_variable_ops.py:1630: calling BaseResourceVariable.__init__ (from tensorflow.python.ops.resource_variable_ops) with constraint is deprecated and will be removed in a future version.
Instructions for updating:
If using Keras pass *_constraint arguments to layers.
W1006 14:33:37.125895 10600 deprecation.py:506] From C:\ProgramData\Anaconda3\envs\keras\lib\site-packages\tensorflow_core\python\ops\resource_variable_ops.py:1630: calling BaseResourceVariable.__init__ (from tensorflow.python.ops.resource_variable_ops) with constraint is deprecated and will be removed in a future version.
Instructions for updating:
If using Keras pass *_constraint arguments to layers.
WARNING:tensorflow:From C:\ProgramData\Anaconda3\envs\keras\lib\site-packages\tensorflow_core\python\training\adagrad.py:76: calling Constant.__init__ (from tensorflow.python.ops.init_ops) with dtype is deprecated and will be removed in a future version.
Instructions for updating:
Call initializer instance with the dtype argument instead of passing it to the constructor
W1006 14:33:37.125895 10600 deprecation.py:506] From C:\ProgramData\Anaconda3\envs\keras\lib\site-packages\tensorflow_core\python\training\adagrad.py:76: calling Constant.__init__ (from tensorflow.python.ops.init_ops) with dtype is deprecated and will be removed in a future version.
Instructions for updating:
Call initializer instance with the dtype argument instead of passing it to the constructor
[  FAILED  ] AdagradOptimizerTest.testBasic
[ RUN      ] AdagradOptimizerTest.testBasicCallableParams
2020-10-06 14:33:37.140307: I tensorflow/stream_executor/platform/default/dso_loader.cc:44] Successfully opened dynamic library nvcuda.dll
2020-10-06 14:33:37.312598: I tensorflow/core/common_runtime/gpu/gpu_device.cc:1618] Found device 0 with properties: 
name: GeForce RTX 2080 Ti major: 7 minor: 5 memoryClockRate(GHz): 1.65
pciBusID: 0000:73:00.0
2020-10-06 14:33:37.313121: I tensorflow/stream_executor/platform/default/dso_loader.cc:44] Successfully opened dynamic library cudart64_100.dll
2020-10-06 14:33:37.316656: I tensorflow/stream_executor/platform/default/dso_loader.cc:44] Successfully opened dynamic library cublas64_100.dll
2020-10-06 14:33:37.320099: I tensorflow/stream_executor/platform/default/dso_loader.cc:44] Successfully opened dynamic library cufft64_100.dll
2020-10-06 14:33:37.321737: I tensorflow/stream_executor/platform/default/dso_loader.cc:44] Successfully opened dynamic library curand64_100.dll
2020-10-06 14:33:37.326437: I tensorflow/stream_executor/platform/default/dso_loader.cc:44] Successfully opened dynamic library cusolver64_100.dll
2020-10-06 14:33:37.329560: I tensorflow/stream_executor/platform/default/dso_loader.cc:44] Successfully opened dynamic library cusparse64_100.dll
2020-10-06 14:33:37.338915: I tensorflow/stream_executor/platform/default/dso_loader.cc:44] Successfully opened dynamic library cudnn64_7.dll
2020-10-06 14:33:37.339875: I tensorflow/core/common_runtime/gpu/gpu_device.cc:1746] Adding visible gpu devices: 0
2020-10-06 14:33:37.340402: I tensorflow/core/platform/cpu_feature_guard.cc:142] Your CPU supports instructions that this TensorFlow binary was not compiled to use: AVX2
2020-10-06 14:33:37.354678: I tensorflow/core/common_runtime/gpu/gpu_device.cc:1618] Found device 0 with properties: 
name: GeForce RTX 2080 Ti major: 7 minor: 5 memoryClockRate(GHz): 1.65
pciBusID: 0000:73:00.0
2020-10-06 14:33:37.355229: I tensorflow/stream_executor/platform/default/dso_loader.cc:44] Successfully opened dynamic library cudart64_100.dll
2020-10-06 14:33:37.355575: I tensorflow/stream_executor/platform/default/dso_loader.cc:44] Successfully opened dynamic library cublas64_100.dll
2020-10-06 14:33:37.355971: I tensorflow/stream_executor/platform/default/dso_loader.cc:44] Successfully opened dynamic library cufft64_100.dll
2020-10-06 14:33:37.356314: I tensorflow/stream_executor/platform/default/dso_loader.cc:44] Successfully opened dynamic library curand64_100.dll
2020-10-06 14:33:37.356655: I tensorflow/stream_executor/platform/default/dso_loader.cc:44] Successfully opened dynamic library cusolver64_100.dll
2020-10-06 14:33:37.357000: I tensorflow/stream_executor/platform/default/dso_loader.cc:44] Successfully opened dynamic library cusparse64_100.dll
2020-10-06 14:33:37.357351: I tensorflow/stream_executor/platform/default/dso_loader.cc:44] Successfully opened dynamic library cudnn64_7.dll
2020-10-06 14:33:37.358240: I tensorflow/core/common_runtime/gpu/gpu_device.cc:1746] Adding visible gpu devices: 0
2020-10-06 14:33:38.293380: I tensorflow/core/common_runtime/gpu/gpu_device.cc:1159] Device interconnect StreamExecutor with strength 1 edge matrix:
2020-10-06 14:33:38.293790: I tensorflow/core/common_runtime/gpu/gpu_device.cc:1165]      0 
2020-10-06 14:33:38.294009: I tensorflow/core/common_runtime/gpu/gpu_device.cc:1178] 0:   N 
2020-10-06 14:33:38.294750: I tensorflow/core/common_runtime/gpu/gpu_device.cc:1304] Created TensorFlow device (/job:localhost/replica:0/task:0/device:GPU:0 with 8686 MB memory) -> physical GPU (device: 0, name: GeForce RTX 2080 Ti, pci bus id: 0000:73:00.0, compute capability: 7.5)
[  FAILED  ] AdagradOptimizerTest.testBasicCallableParams
[ RUN      ] AdagradOptimizerTest.testBasicLocked
[  FAILED  ] AdagradOptimizerTest.testBasicLocked
[ RUN      ] AdagradOptimizerTest.testBasicResource
WARNING:tensorflow:From C:\ProgramData\Anaconda3\envs\keras\lib\contextlib.py:60: TensorFlowTestCase.test_session (from tensorflow.python.framework.test_util) is deprecated and will be removed in a future version.
Instructions for updating:
Use `self.session()` or `self.cached_session()` instead.
W1006 14:33:38.734950 10600 deprecation.py:323] From C:\ProgramData\Anaconda3\envs\keras\lib\contextlib.py:60: TensorFlowTestCase.test_session (from tensorflow.python.framework.test_util) is deprecated and will be removed in a future version.
Instructions for updating:
Use `self.session()` or `self.cached_session()` instead.
2020-10-06 14:33:38.736683: I tensorflow/core/common_runtime/gpu/gpu_device.cc:1618] Found device 0 with properties: 
name: GeForce RTX 2080 Ti major: 7 minor: 5 memoryClockRate(GHz): 1.65
pciBusID: 0000:73:00.0
2020-10-06 14:33:38.737202: I tensorflow/stream_executor/platform/default/dso_loader.cc:44] Successfully opened dynamic library cudart64_100.dll
2020-10-06 14:33:38.737547: I tensorflow/stream_executor/platform/default/dso_loader.cc:44] Successfully opened dynamic library cublas64_100.dll
2020-10-06 14:33:38.737888: I tensorflow/stream_executor/platform/default/dso_loader.cc:44] Successfully opened dynamic library cufft64_100.dll
2020-10-06 14:33:38.738228: I tensorflow/stream_executor/platform/default/dso_loader.cc:44] Successfully opened dynamic library curand64_100.dll
2020-10-06 14:33:38.738567: I tensorflow/stream_executor/platform/default/dso_loader.cc:44] Successfully opened dynamic library cusolver64_100.dll
2020-10-06 14:33:38.738910: I tensorflow/stream_executor/platform/default/dso_loader.cc:44] Successfully opened dynamic library cusparse64_100.dll
2020-10-06 14:33:38.739262: I tensorflow/stream_executor/platform/default/dso_loader.cc:44] Successfully opened dynamic library cudnn64_7.dll
2020-10-06 14:33:38.739853: I tensorflow/core/common_runtime/gpu/gpu_device.cc:1746] Adding visible gpu devices: 0
2020-10-06 14:33:38.740157: I tensorflow/core/common_runtime/gpu/gpu_device.cc:1159] Device interconnect StreamExecutor with strength 1 edge matrix:
2020-10-06 14:33:38.740511: I tensorflow/core/common_runtime/gpu/gpu_device.cc:1165]      0 
2020-10-06 14:33:38.740733: I tensorflow/core/common_runtime/gpu/gpu_device.cc:1178] 0:   N 
2020-10-06 14:33:38.741232: I tensorflow/core/common_runtime/gpu/gpu_device.cc:1304] Created TensorFlow device (/job:localhost/replica:0/task:0/device:GPU:0 with 8686 MB memory) -> physical GPU (device: 0, name: GeForce RTX 2080 Ti, pci bus id: 0000:73:00.0, compute capability: 7.5)
[  FAILED  ] AdagradOptimizerTest.testBasicResource
[ RUN      ] AdagradOptimizerTest.testDynamicShapeVariableWithCallableInit
[  FAILED  ] AdagradOptimizerTest.testDynamicShapeVariableWithCallableInit
[ RUN      ] AdagradOptimizerTest.testDynamicShapeVariable_Ok
2020-10-06 14:33:38.783087: I tensorflow/core/common_runtime/gpu/gpu_device.cc:1618] Found device 0 with properties: 
name: GeForce RTX 2080 Ti major: 7 minor: 5 memoryClockRate(GHz): 1.65
pciBusID: 0000:73:00.0
2020-10-06 14:33:38.783623: I tensorflow/stream_executor/platform/default/dso_loader.cc:44] Successfully opened dynamic library cudart64_100.dll
2020-10-06 14:33:38.783973: I tensorflow/stream_executor/platform/default/dso_loader.cc:44] Successfully opened dynamic library cublas64_100.dll
2020-10-06 14:33:38.784318: I tensorflow/stream_executor/platform/default/dso_loader.cc:44] Successfully opened dynamic library cufft64_100.dll
2020-10-06 14:33:38.784655: I tensorflow/stream_executor/platform/default/dso_loader.cc:44] Successfully opened dynamic library curand64_100.dll
2020-10-06 14:33:38.785000: I tensorflow/stream_executor/platform/default/dso_loader.cc:44] Successfully opened dynamic library cusolver64_100.dll
2020-10-06 14:33:38.785342: I tensorflow/stream_executor/platform/default/dso_loader.cc:44] Successfully opened dynamic library cusparse64_100.dll
2020-10-06 14:33:38.785684: I tensorflow/stream_executor/platform/default/dso_loader.cc:44] Successfully opened dynamic library cudnn64_7.dll
2020-10-06 14:33:38.786259: I tensorflow/core/common_runtime/gpu/gpu_device.cc:1746] Adding visible gpu devices: 0
2020-10-06 14:33:38.786563: I tensorflow/core/common_runtime/gpu/gpu_device.cc:1159] Device interconnect StreamExecutor with strength 1 edge matrix:
2020-10-06 14:33:38.786920: I tensorflow/core/common_runtime/gpu/gpu_device.cc:1165]      0 
2020-10-06 14:33:38.787140: I tensorflow/core/common_runtime/gpu/gpu_device.cc:1178] 0:   N 
2020-10-06 14:33:38.787633: I tensorflow/core/common_runtime/gpu/gpu_device.cc:1304] Created TensorFlow device (/job:localhost/replica:0/task:0/device:GPU:0 with 8686 MB memory) -> physical GPU (device: 0, name: GeForce RTX 2080 Ti, pci bus id: 0000:73:00.0, compute capability: 7.5)
[       OK ] AdagradOptimizerTest.testDynamicShapeVariable_Ok
[ RUN      ] AdagradOptimizerTest.testMinimizeSparseResourceVariable
2020-10-06 14:33:38.791363: I tensorflow/core/common_runtime/gpu/gpu_device.cc:1618] Found device 0 with properties: 
name: GeForce RTX 2080 Ti major: 7 minor: 5 memoryClockRate(GHz): 1.65
pciBusID: 0000:73:00.0
2020-10-06 14:33:38.791882: I tensorflow/stream_executor/platform/default/dso_loader.cc:44] Successfully opened dynamic library cudart64_100.dll
2020-10-06 14:33:38.792229: I tensorflow/stream_executor/platform/default/dso_loader.cc:44] Successfully opened dynamic library cublas64_100.dll
2020-10-06 14:33:38.792589: I tensorflow/stream_executor/platform/default/dso_loader.cc:44] Successfully opened dynamic library cufft64_100.dll
2020-10-06 14:33:38.792930: I tensorflow/stream_executor/platform/default/dso_loader.cc:44] Successfully opened dynamic library curand64_100.dll
2020-10-06 14:33:38.793277: I tensorflow/stream_executor/platform/default/dso_loader.cc:44] Successfully opened dynamic library cusolver64_100.dll
2020-10-06 14:33:38.793628: I tensorflow/stream_executor/platform/default/dso_loader.cc:44] Successfully opened dynamic library cusparse64_100.dll
2020-10-06 14:33:38.793972: I tensorflow/stream_executor/platform/default/dso_loader.cc:44] Successfully opened dynamic library cudnn64_7.dll
2020-10-06 14:33:38.794535: I tensorflow/core/common_runtime/gpu/gpu_device.cc:1746] Adding visible gpu devices: 0
2020-10-06 14:33:38.794839: I tensorflow/core/common_runtime/gpu/gpu_device.cc:1159] Device interconnect StreamExecutor with strength 1 edge matrix:
2020-10-06 14:33:38.795189: I tensorflow/core/common_runtime/gpu/gpu_device.cc:1165]      0 
2020-10-06 14:33:38.795421: I tensorflow/core/common_runtime/gpu/gpu_device.cc:1178] 0:   N 
2020-10-06 14:33:38.795932: I tensorflow/core/common_runtime/gpu/gpu_device.cc:1304] Created TensorFlow device (/job:localhost/replica:0/task:0/device:GPU:0 with 8686 MB memory) -> physical GPU (device: 0, name: GeForce RTX 2080 Ti, pci bus id: 0000:73:00.0, compute capability: 7.5)
[  FAILED  ] AdagradOptimizerTest.testMinimizeSparseResourceVariable
[ RUN      ] AdagradOptimizerTest.testSharing
2020-10-06 14:33:38.822291: I tensorflow/core/common_runtime/gpu/gpu_device.cc:1618] Found device 0 with properties: 
name: GeForce RTX 2080 Ti major: 7 minor: 5 memoryClockRate(GHz): 1.65
pciBusID: 0000:73:00.0
2020-10-06 14:33:38.822805: I tensorflow/stream_executor/platform/default/dso_loader.cc:44] Successfully opened dynamic library cudart64_100.dll
2020-10-06 14:33:38.823151: I tensorflow/stream_executor/platform/default/dso_loader.cc:44] Successfully opened dynamic library cublas64_100.dll
2020-10-06 14:33:38.823498: I tensorflow/stream_executor/platform/default/dso_loader.cc:44] Successfully opened dynamic library cufft64_100.dll
2020-10-06 14:33:38.823835: I tensorflow/stream_executor/platform/default/dso_loader.cc:44] Successfully opened dynamic library curand64_100.dll
2020-10-06 14:33:38.824197: I tensorflow/stream_executor/platform/default/dso_loader.cc:44] Successfully opened dynamic library cusolver64_100.dll
2020-10-06 14:33:38.824545: I tensorflow/stream_executor/platform/default/dso_loader.cc:44] Successfully opened dynamic library cusparse64_100.dll
2020-10-06 14:33:38.824896: I tensorflow/stream_executor/platform/default/dso_loader.cc:44] Successfully opened dynamic library cudnn64_7.dll
2020-10-06 14:33:38.825462: I tensorflow/core/common_runtime/gpu/gpu_device.cc:1746] Adding visible gpu devices: 0
2020-10-06 14:33:38.825769: I tensorflow/core/common_runtime/gpu/gpu_device.cc:1159] Device interconnect StreamExecutor with strength 1 edge matrix:
2020-10-06 14:33:38.826123: I tensorflow/core/common_runtime/gpu/gpu_device.cc:1165]      0 
2020-10-06 14:33:38.826344: I tensorflow/core/common_runtime/gpu/gpu_device.cc:1178] 0:   N 
2020-10-06 14:33:38.826856: I tensorflow/core/common_runtime/gpu/gpu_device.cc:1304] Created TensorFlow device (/job:localhost/replica:0/task:0/device:GPU:0 with 8686 MB memory) -> physical GPU (device: 0, name: GeForce RTX 2080 Ti, pci bus id: 0000:73:00.0, compute capability: 7.5)
[  FAILED  ] AdagradOptimizerTest.testSharing
[ RUN      ] AdagradOptimizerTest.testSparseBasic
2020-10-06 14:33:38.835165: I tensorflow/core/common_runtime/gpu/gpu_device.cc:1618] Found device 0 with properties: 
name: GeForce RTX 2080 Ti major: 7 minor: 5 memoryClockRate(GHz): 1.65
pciBusID: 0000:73:00.0
2020-10-06 14:33:38.835681: I tensorflow/stream_executor/platform/default/dso_loader.cc:44] Successfully opened dynamic library cudart64_100.dll
2020-10-06 14:33:38.836020: I tensorflow/stream_executor/platform/default/dso_loader.cc:44] Successfully opened dynamic library cublas64_100.dll
2020-10-06 14:33:38.836364: I tensorflow/stream_executor/platform/default/dso_loader.cc:44] Successfully opened dynamic library cufft64_100.dll
2020-10-06 14:33:38.836707: I tensorflow/stream_executor/platform/default/dso_loader.cc:44] Successfully opened dynamic library curand64_100.dll
2020-10-06 14:33:38.837045: I tensorflow/stream_executor/platform/default/dso_loader.cc:44] Successfully opened dynamic library cusolver64_100.dll
2020-10-06 14:33:38.837393: I tensorflow/stream_executor/platform/default/dso_loader.cc:44] Successfully opened dynamic library cusparse64_100.dll
2020-10-06 14:33:38.837754: I tensorflow/stream_executor/platform/default/dso_loader.cc:44] Successfully opened dynamic library cudnn64_7.dll
2020-10-06 14:33:38.838321: I tensorflow/core/common_runtime/gpu/gpu_device.cc:1746] Adding visible gpu devices: 0
2020-10-06 14:33:38.838618: I tensorflow/core/common_runtime/gpu/gpu_device.cc:1159] Device interconnect StreamExecutor with strength 1 edge matrix:
2020-10-06 14:33:38.838971: I tensorflow/core/common_runtime/gpu/gpu_device.cc:1165]      0 
2020-10-06 14:33:38.839252: I tensorflow/core/common_runtime/gpu/gpu_device.cc:1178] 0:   N 
2020-10-06 14:33:38.839751: I tensorflow/core/common_runtime/gpu/gpu_device.cc:1304] Created TensorFlow device (/job:localhost/replica:0/task:0/device:GPU:0 with 8686 MB memory) -> physical GPU (device: 0, name: GeForce RTX 2080 Ti, pci bus id: 0000:73:00.0, compute capability: 7.5)
[  FAILED  ] AdagradOptimizerTest.testSparseBasic
[ RUN      ] AdagradOptimizerTest.testSparseRepeatedIndices
2020-10-06 14:33:38.849846: I tensorflow/core/common_runtime/gpu/gpu_device.cc:1618] Found device 0 with properties: 
name: GeForce RTX 2080 Ti major: 7 minor: 5 memoryClockRate(GHz): 1.65
pciBusID: 0000:73:00.0
2020-10-06 14:33:38.850364: I tensorflow/stream_executor/platform/default/dso_loader.cc:44] Successfully opened dynamic library cudart64_100.dll
2020-10-06 14:33:38.850717: I tensorflow/stream_executor/platform/default/dso_loader.cc:44] Successfully opened dynamic library cublas64_100.dll
2020-10-06 14:33:38.851071: I tensorflow/stream_executor/platform/default/dso_loader.cc:44] Successfully opened dynamic library cufft64_100.dll
2020-10-06 14:33:38.851418: I tensorflow/stream_executor/platform/default/dso_loader.cc:44] Successfully opened dynamic library curand64_100.dll
2020-10-06 14:33:38.851759: I tensorflow/stream_executor/platform/default/dso_loader.cc:44] Successfully opened dynamic library cusolver64_100.dll
2020-10-06 14:33:38.852104: I tensorflow/stream_executor/platform/default/dso_loader.cc:44] Successfully opened dynamic library cusparse64_100.dll
2020-10-06 14:33:38.852446: I tensorflow/stream_executor/platform/default/dso_loader.cc:44] Successfully opened dynamic library cudnn64_7.dll
2020-10-06 14:33:38.853013: I tensorflow/core/common_runtime/gpu/gpu_device.cc:1746] Adding visible gpu devices: 0
2020-10-06 14:33:38.853317: I tensorflow/core/common_runtime/gpu/gpu_device.cc:1159] Device interconnect StreamExecutor with strength 1 edge matrix:
2020-10-06 14:33:38.853686: I tensorflow/core/common_runtime/gpu/gpu_device.cc:1165]      0 
2020-10-06 14:33:38.853909: I tensorflow/core/common_runtime/gpu/gpu_device.cc:1178] 0:   N 
2020-10-06 14:33:38.854389: I tensorflow/core/common_runtime/gpu/gpu_device.cc:1304] Created TensorFlow device (/job:localhost/replica:0/task:0/device:GPU:0 with 8686 MB memory) -> physical GPU (device: 0, name: GeForce RTX 2080 Ti, pci bus id: 0000:73:00.0, compute capability: 7.5)
[  FAILED  ] AdagradOptimizerTest.testSparseRepeatedIndices
[ RUN      ] AdagradOptimizerTest.testSparseRepeatedIndicesResourceVariable
2020-10-06 14:33:38.864281: I tensorflow/core/common_runtime/gpu/gpu_device.cc:1618] Found device 0 with properties: 
name: GeForce RTX 2080 Ti major: 7 minor: 5 memoryClockRate(GHz): 1.65
pciBusID: 0000:73:00.0
2020-10-06 14:33:38.864800: I tensorflow/stream_executor/platform/default/dso_loader.cc:44] Successfully opened dynamic library cudart64_100.dll
2020-10-06 14:33:38.865159: I tensorflow/stream_executor/platform/default/dso_loader.cc:44] Successfully opened dynamic library cublas64_100.dll
2020-10-06 14:33:38.865504: I tensorflow/stream_executor/platform/default/dso_loader.cc:44] Successfully opened dynamic library cufft64_100.dll
2020-10-06 14:33:38.865839: I tensorflow/stream_executor/platform/default/dso_loader.cc:44] Successfully opened dynamic library curand64_100.dll
2020-10-06 14:33:38.866176: I tensorflow/stream_executor/platform/default/dso_loader.cc:44] Successfully opened dynamic library cusolver64_100.dll
2020-10-06 14:33:38.866519: I tensorflow/stream_executor/platform/default/dso_loader.cc:44] Successfully opened dynamic library cusparse64_100.dll
2020-10-06 14:33:38.866862: I tensorflow/stream_executor/platform/default/dso_loader.cc:44] Successfully opened dynamic library cudnn64_7.dll
2020-10-06 14:33:38.867422: I tensorflow/core/common_runtime/gpu/gpu_device.cc:1746] Adding visible gpu devices: 0
2020-10-06 14:33:38.867718: I tensorflow/core/common_runtime/gpu/gpu_device.cc:1159] Device interconnect StreamExecutor with strength 1 edge matrix:
2020-10-06 14:33:38.868096: I tensorflow/core/common_runtime/gpu/gpu_device.cc:1165]      0 
2020-10-06 14:33:38.868324: I tensorflow/core/common_runtime/gpu/gpu_device.cc:1178] 0:   N 
2020-10-06 14:33:38.868805: I tensorflow/core/common_runtime/gpu/gpu_device.cc:1304] Created TensorFlow device (/job:localhost/replica:0/task:0/device:GPU:0 with 8686 MB memory) -> physical GPU (device: 0, name: GeForce RTX 2080 Ti, pci bus id: 0000:73:00.0, compute capability: 7.5)
[  FAILED  ] AdagradOptimizerTest.testSparseRepeatedIndicesResourceVariable
[ RUN      ] AdagradOptimizerTest.testSparseStability
2020-10-06 14:33:38.892476: I tensorflow/core/common_runtime/gpu/gpu_device.cc:1618] Found device 0 with properties: 
name: GeForce RTX 2080 Ti major: 7 minor: 5 memoryClockRate(GHz): 1.65
pciBusID: 0000:73:00.0
2020-10-06 14:33:38.892994: I tensorflow/stream_executor/platform/default/dso_loader.cc:44] Successfully opened dynamic library cudart64_100.dll
2020-10-06 14:33:38.893333: I tensorflow/stream_executor/platform/default/dso_loader.cc:44] Successfully opened dynamic library cublas64_100.dll
2020-10-06 14:33:38.893676: I tensorflow/stream_executor/platform/default/dso_loader.cc:44] Successfully opened dynamic library cufft64_100.dll
2020-10-06 14:33:38.894014: I tensorflow/stream_executor/platform/default/dso_loader.cc:44] Successfully opened dynamic library curand64_100.dll
2020-10-06 14:33:38.894379: I tensorflow/stream_executor/platform/default/dso_loader.cc:44] Successfully opened dynamic library cusolver64_100.dll
2020-10-06 14:33:38.894725: I tensorflow/stream_executor/platform/default/dso_loader.cc:44] Successfully opened dynamic library cusparse64_100.dll
2020-10-06 14:33:38.895112: I tensorflow/stream_executor/platform/default/dso_loader.cc:44] Successfully opened dynamic library cudnn64_7.dll
2020-10-06 14:33:38.895713: I tensorflow/core/common_runtime/gpu/gpu_device.cc:1746] Adding visible gpu devices: 0
2020-10-06 14:33:38.896038: I tensorflow/core/common_runtime/gpu/gpu_device.cc:1159] Device interconnect StreamExecutor with strength 1 edge matrix:
2020-10-06 14:33:38.896392: I tensorflow/core/common_runtime/gpu/gpu_device.cc:1165]      0 
2020-10-06 14:33:38.896613: I tensorflow/core/common_runtime/gpu/gpu_device.cc:1178] 0:   N 
2020-10-06 14:33:38.897092: I tensorflow/core/common_runtime/gpu/gpu_device.cc:1304] Created TensorFlow device (/job:localhost/replica:0/task:0/device:GPU:0 with 8686 MB memory) -> physical GPU (device: 0, name: GeForce RTX 2080 Ti, pci bus id: 0000:73:00.0, compute capability: 7.5)
[  FAILED  ] AdagradOptimizerTest.testSparseStability
[ RUN      ] AdagradOptimizerTest.testTensorLearningRate
2020-10-06 14:33:38.903184: I tensorflow/core/common_runtime/gpu/gpu_device.cc:1618] Found device 0 with properties: 
name: GeForce RTX 2080 Ti major: 7 minor: 5 memoryClockRate(GHz): 1.65
pciBusID: 0000:73:00.0
2020-10-06 14:33:38.903748: I tensorflow/stream_executor/platform/default/dso_loader.cc:44] Successfully opened dynamic library cudart64_100.dll
2020-10-06 14:33:38.904127: I tensorflow/stream_executor/platform/default/dso_loader.cc:44] Successfully opened dynamic library cublas64_100.dll
2020-10-06 14:33:38.904471: I tensorflow/stream_executor/platform/default/dso_loader.cc:44] Successfully opened dynamic library cufft64_100.dll
2020-10-06 14:33:38.904811: I tensorflow/stream_executor/platform/default/dso_loader.cc:44] Successfully opened dynamic library curand64_100.dll
2020-10-06 14:33:38.905149: I tensorflow/stream_executor/platform/default/dso_loader.cc:44] Successfully opened dynamic library cusolver64_100.dll
2020-10-06 14:33:38.905491: I tensorflow/stream_executor/platform/default/dso_loader.cc:44] Successfully opened dynamic library cusparse64_100.dll
2020-10-06 14:33:38.905832: I tensorflow/stream_executor/platform/default/dso_loader.cc:44] Successfully opened dynamic library cudnn64_7.dll
2020-10-06 14:33:38.906402: I tensorflow/core/common_runtime/gpu/gpu_device.cc:1746] Adding visible gpu devices: 0
2020-10-06 14:33:38.906699: I tensorflow/core/common_runtime/gpu/gpu_device.cc:1159] Device interconnect StreamExecutor with strength 1 edge matrix:
2020-10-06 14:33:38.907061: I tensorflow/core/common_runtime/gpu/gpu_device.cc:1165]      0 
2020-10-06 14:33:38.907281: I tensorflow/core/common_runtime/gpu/gpu_device.cc:1178] 0:   N 
2020-10-06 14:33:38.907762: I tensorflow/core/common_runtime/gpu/gpu_device.cc:1304] Created TensorFlow device (/job:localhost/replica:0/task:0/device:GPU:0 with 8686 MB memory) -> physical GPU (device: 0, name: GeForce RTX 2080 Ti, pci bus id: 0000:73:00.0, compute capability: 7.5)
[  FAILED  ] AdagradOptimizerTest.testTensorLearningRate
[ RUN      ] AdagradOptimizerTest.test_session
[  SKIPPED ] AdagradOptimizerTest.test_session
======================================================================
ERROR: testBasic (__main__.AdagradOptimizerTest)
AdagradOptimizerTest.testBasic
----------------------------------------------------------------------
Traceback (most recent call last):
  File "adagrad_test.py", line 171, in testBasic
    self.doTestBasic(use_locking=False)
  File "adagrad_test.py", line 125, in doTestBasic
    zip([grads0, grads1], [var0, var1]))
  File "C:\ProgramData\Anaconda3\envs\keras\lib\site-packages\tensorflow_core\python\training\optimizer.py", line 597, in apply_gradients
    self._create_slots(var_list)
  File "C:\ProgramData\Anaconda3\envs\keras\lib\site-packages\tensorflow_core\python\training\adagrad.py", line 76, in _create_slots
    dtype=dtype)
  File "C:\ProgramData\Anaconda3\envs\keras\lib\site-packages\tensorflow_core\python\util\deprecation.py", line 507, in new_func
    return func(*args, **kwargs)
  File "C:\ProgramData\Anaconda3\envs\keras\lib\site-packages\tensorflow_core\python\util\deprecation.py", line 507, in new_func
    return func(*args, **kwargs)
  File "C:\ProgramData\Anaconda3\envs\keras\lib\site-packages\tensorflow_core\python\ops\init_ops.py", line 232, in __init__
    "tuple of values, or numpy.ndarray)." % type(value))
TypeError: Invalid type for initial value: <class 'NoneType'> (expected Python scalar, list or tuple of values, or numpy.ndarray).

======================================================================
ERROR: testBasicCallableParams (__main__.AdagradOptimizerTest)
AdagradOptimizerTest.testBasicCallableParams
----------------------------------------------------------------------
Traceback (most recent call last):
  File "adagrad_test.py", line 189, in testBasicCallableParams
    use_locking=False, use_resource=True, use_callable_params=True)
  File "adagrad_test.py", line 151, in doTestBasic
    ada_opt.apply_gradients(zip([grads0, grads1], [var0, var1]))
  File "C:\ProgramData\Anaconda3\envs\keras\lib\site-packages\tensorflow_core\python\training\optimizer.py", line 597, in apply_gradients
    self._create_slots(var_list)
  File "C:\ProgramData\Anaconda3\envs\keras\lib\site-packages\tensorflow_core\python\training\adagrad.py", line 76, in _create_slots
    dtype=dtype)
  File "C:\ProgramData\Anaconda3\envs\keras\lib\site-packages\tensorflow_core\python\util\deprecation.py", line 507, in new_func
    return func(*args, **kwargs)
  File "C:\ProgramData\Anaconda3\envs\keras\lib\site-packages\tensorflow_core\python\util\deprecation.py", line 507, in new_func
    return func(*args, **kwargs)
  File "C:\ProgramData\Anaconda3\envs\keras\lib\site-packages\tensorflow_core\python\ops\init_ops.py", line 232, in __init__
    "tuple of values, or numpy.ndarray)." % type(value))
TypeError: Invalid type for initial value: <class 'NoneType'> (expected Python scalar, list or tuple of values, or numpy.ndarray).

======================================================================
ERROR: testBasicLocked (__main__.AdagradOptimizerTest)
AdagradOptimizerTest.testBasicLocked
----------------------------------------------------------------------
Traceback (most recent call last):
  File "adagrad_test.py", line 195, in testBasicLocked
    self.doTestBasic(use_locking=True)
  File "adagrad_test.py", line 125, in doTestBasic
    zip([grads0, grads1], [var0, var1]))
  File "C:\ProgramData\Anaconda3\envs\keras\lib\site-packages\tensorflow_core\python\training\optimizer.py", line 597, in apply_gradients
    self._create_slots(var_list)
  File "C:\ProgramData\Anaconda3\envs\keras\lib\site-packages\tensorflow_core\python\training\adagrad.py", line 76, in _create_slots
    dtype=dtype)
  File "C:\ProgramData\Anaconda3\envs\keras\lib\site-packages\tensorflow_core\python\util\deprecation.py", line 507, in new_func
    return func(*args, **kwargs)
  File "C:\ProgramData\Anaconda3\envs\keras\lib\site-packages\tensorflow_core\python\util\deprecation.py", line 507, in new_func
    return func(*args, **kwargs)
  File "C:\ProgramData\Anaconda3\envs\keras\lib\site-packages\tensorflow_core\python\ops\init_ops.py", line 232, in __init__
    "tuple of values, or numpy.ndarray)." % type(value))
TypeError: Invalid type for initial value: <class 'NoneType'> (expected Python scalar, list or tuple of values, or numpy.ndarray).

======================================================================
ERROR: testBasicResource (__main__.AdagradOptimizerTest)
AdagradOptimizerTest.testBasicResource
----------------------------------------------------------------------
Traceback (most recent call last):
  File "C:\ProgramData\Anaconda3\envs\keras\lib\site-packages\tensorflow_core\python\framework\test_util.py", line 1080, in decorated
    f(self, *args, **kwargs)
  File "adagrad_test.py", line 179, in testBasicResource
    self.doTestBasic(use_locking=False, use_resource=True)
  File "adagrad_test.py", line 125, in doTestBasic
    zip([grads0, grads1], [var0, var1]))
  File "C:\ProgramData\Anaconda3\envs\keras\lib\site-packages\tensorflow_core\python\training\optimizer.py", line 597, in apply_gradients
    self._create_slots(var_list)
  File "C:\ProgramData\Anaconda3\envs\keras\lib\site-packages\tensorflow_core\python\training\adagrad.py", line 76, in _create_slots
    dtype=dtype)
  File "C:\ProgramData\Anaconda3\envs\keras\lib\site-packages\tensorflow_core\python\util\deprecation.py", line 507, in new_func
    return func(*args, **kwargs)
  File "C:\ProgramData\Anaconda3\envs\keras\lib\site-packages\tensorflow_core\python\util\deprecation.py", line 507, in new_func
    return func(*args, **kwargs)
  File "C:\ProgramData\Anaconda3\envs\keras\lib\site-packages\tensorflow_core\python\ops\init_ops.py", line 232, in __init__
    "tuple of values, or numpy.ndarray)." % type(value))
TypeError: Invalid type for initial value: <class 'NoneType'> (expected Python scalar, list or tuple of values, or numpy.ndarray).

======================================================================
ERROR: testDynamicShapeVariableWithCallableInit (__main__.AdagradOptimizerTest)
AdagradOptimizerTest.testDynamicShapeVariableWithCallableInit
----------------------------------------------------------------------
Traceback (most recent call last):
  File "C:\ProgramData\Anaconda3\envs\keras\lib\site-packages\tensorflow_core\python\framework\op_def_library.py", line 528, in _apply_op_helper
    preferred_dtype=default_dtype)
  File "C:\ProgramData\Anaconda3\envs\keras\lib\site-packages\tensorflow_core\python\framework\ops.py", line 1297, in internal_convert_to_tensor
    ret = conversion_func(value, dtype=dtype, name=name, as_ref=as_ref)
  File "C:\ProgramData\Anaconda3\envs\keras\lib\site-packages\tensorflow_core\python\framework\constant_op.py", line 286, in _constant_tensor_conversion_function
    return constant(v, dtype=dtype, name=name)
  File "C:\ProgramData\Anaconda3\envs\keras\lib\site-packages\tensorflow_core\python\framework\constant_op.py", line 227, in constant
    allow_broadcast=True)
  File "C:\ProgramData\Anaconda3\envs\keras\lib\site-packages\tensorflow_core\python\framework\constant_op.py", line 265, in _constant_impl
    allow_broadcast=allow_broadcast))
  File "C:\ProgramData\Anaconda3\envs\keras\lib\site-packages\tensorflow_core\python\framework\tensor_util.py", line 437, in make_tensor_proto
    raise ValueError("None values not supported.")
ValueError: None values not supported.

During handling of the above exception, another exception occurred:

Traceback (most recent call last):
  File "C:\ProgramData\Anaconda3\envs\keras\lib\site-packages\tensorflow_core\python\framework\op_def_library.py", line 542, in _apply_op_helper
    values, as_ref=input_arg.is_ref).dtype.name
  File "C:\ProgramData\Anaconda3\envs\keras\lib\site-packages\tensorflow_core\python\framework\ops.py", line 1297, in internal_convert_to_tensor
    ret = conversion_func(value, dtype=dtype, name=name, as_ref=as_ref)
  File "C:\ProgramData\Anaconda3\envs\keras\lib\site-packages\tensorflow_core\python\framework\constant_op.py", line 286, in _constant_tensor_conversion_function
    return constant(v, dtype=dtype, name=name)
  File "C:\ProgramData\Anaconda3\envs\keras\lib\site-packages\tensorflow_core\python\framework\constant_op.py", line 227, in constant
    allow_broadcast=True)
  File "C:\ProgramData\Anaconda3\envs\keras\lib\site-packages\tensorflow_core\python\framework\constant_op.py", line 265, in _constant_impl
    allow_broadcast=allow_broadcast))
  File "C:\ProgramData\Anaconda3\envs\keras\lib\site-packages\tensorflow_core\python\framework\tensor_util.py", line 437, in make_tensor_proto
    raise ValueError("None values not supported.")
ValueError: None values not supported.

During handling of the above exception, another exception occurred:

Traceback (most recent call last):
  File "C:\ProgramData\Anaconda3\envs\keras\lib\site-packages\tensorflow_core\python\framework\test_util.py", line 1272, in decorated
    return f(self, *args, **kwargs)
  File "adagrad_test.py", line 667, in testDynamicShapeVariableWithCallableInit
    zip([grads0], [var0]))
  File "C:\ProgramData\Anaconda3\envs\keras\lib\site-packages\tensorflow_core\python\training\optimizer.py", line 597, in apply_gradients
    self._create_slots(var_list)
  File "C:\ProgramData\Anaconda3\envs\keras\lib\site-packages\tensorflow_core\python\training\adagrad.py", line 80, in _create_slots
    "accumulator", self._name)
  File "C:\ProgramData\Anaconda3\envs\keras\lib\site-packages\tensorflow_core\python\training\optimizer.py", line 1135, in _get_or_make_slot_with_initializer
    var, initializer, shape, dtype, op_name)
  File "C:\ProgramData\Anaconda3\envs\keras\lib\site-packages\tensorflow_core\python\training\slot_creator.py", line 164, in create_slot_with_initializer
    dtype)
  File "C:\ProgramData\Anaconda3\envs\keras\lib\site-packages\tensorflow_core\python\training\slot_creator.py", line 74, in _create_slot_var
    validate_shape=validate_shape)
  File "C:\ProgramData\Anaconda3\envs\keras\lib\site-packages\tensorflow_core\python\ops\variable_scope.py", line 1500, in get_variable
    aggregation=aggregation)
  File "C:\ProgramData\Anaconda3\envs\keras\lib\site-packages\tensorflow_core\python\ops\variable_scope.py", line 1243, in get_variable
    aggregation=aggregation)
  File "C:\ProgramData\Anaconda3\envs\keras\lib\site-packages\tensorflow_core\python\ops\variable_scope.py", line 567, in get_variable
    aggregation=aggregation)
  File "C:\ProgramData\Anaconda3\envs\keras\lib\site-packages\tensorflow_core\python\ops\variable_scope.py", line 519, in _true_getter
    aggregation=aggregation)
  File "C:\ProgramData\Anaconda3\envs\keras\lib\site-packages\tensorflow_core\python\ops\variable_scope.py", line 933, in _get_single_variable
    aggregation=aggregation)
  File "C:\ProgramData\Anaconda3\envs\keras\lib\site-packages\tensorflow_core\python\ops\variables.py", line 258, in __call__
    return cls._variable_v1_call(*args, **kwargs)
  File "C:\ProgramData\Anaconda3\envs\keras\lib\site-packages\tensorflow_core\python\ops\variables.py", line 219, in _variable_v1_call
    shape=shape)
  File "C:\ProgramData\Anaconda3\envs\keras\lib\site-packages\tensorflow_core\python\ops\variables.py", line 197, in <lambda>
    previous_getter = lambda **kwargs: default_variable_creator(None, **kwargs)
  File "C:\ProgramData\Anaconda3\envs\keras\lib\site-packages\tensorflow_core\python\ops\variable_scope.py", line 2519, in default_variable_creator
    shape=shape)
  File "C:\ProgramData\Anaconda3\envs\keras\lib\site-packages\tensorflow_core\python\ops\variables.py", line 262, in __call__
    return super(VariableMetaclass, cls).__call__(*args, **kwargs)
  File "C:\ProgramData\Anaconda3\envs\keras\lib\site-packages\tensorflow_core\python\ops\variables.py", line 1688, in __init__
    shape=shape)
  File "C:\ProgramData\Anaconda3\envs\keras\lib\site-packages\tensorflow_core\python\ops\variables.py", line 1818, in _init_from_args
    initial_value(), name="initial_value", dtype=dtype)
  File "C:\ProgramData\Anaconda3\envs\keras\lib\site-packages\tensorflow_core\python\training\adagrad.py", line 87, in init
    self._initial_accumulator_value)
  File "C:\ProgramData\Anaconda3\envs\keras\lib\site-packages\tensorflow_core\python\ops\gen_array_ops.py", line 3602, in fill
    "Fill", dims=dims, value=value, name=name)
  File "C:\ProgramData\Anaconda3\envs\keras\lib\site-packages\tensorflow_core\python\framework\op_def_library.py", line 546, in _apply_op_helper
    (input_name, err))
ValueError: Tried to convert 'value' to a tensor and failed. Error: None values not supported.

======================================================================
ERROR: testMinimizeSparseResourceVariable (__main__.AdagradOptimizerTest)
AdagradOptimizerTest.testMinimizeSparseResourceVariable
----------------------------------------------------------------------
Traceback (most recent call last):
  File "C:\ProgramData\Anaconda3\envs\keras\lib\site-packages\tensorflow_core\python\framework\test_util.py", line 1216, in decorated
    return f(self, *args, **kwargs)
  File "adagrad_test.py", line 217, in testMinimizeSparseResourceVariable
    sgd_op = adagrad.AdagradOptimizer(1.0).minimize(loss)
  File "C:\ProgramData\Anaconda3\envs\keras\lib\site-packages\tensorflow_core\python\training\optimizer.py", line 413, in minimize
    name=name)
  File "C:\ProgramData\Anaconda3\envs\keras\lib\site-packages\tensorflow_core\python\training\optimizer.py", line 597, in apply_gradients
    self._create_slots(var_list)
  File "C:\ProgramData\Anaconda3\envs\keras\lib\site-packages\tensorflow_core\python\training\adagrad.py", line 76, in _create_slots
    dtype=dtype)
  File "C:\ProgramData\Anaconda3\envs\keras\lib\site-packages\tensorflow_core\python\util\deprecation.py", line 507, in new_func
    return func(*args, **kwargs)
  File "C:\ProgramData\Anaconda3\envs\keras\lib\site-packages\tensorflow_core\python\util\deprecation.py", line 507, in new_func
    return func(*args, **kwargs)
  File "C:\ProgramData\Anaconda3\envs\keras\lib\site-packages\tensorflow_core\python\ops\init_ops.py", line 232, in __init__
    "tuple of values, or numpy.ndarray)." % type(value))
TypeError: Invalid type for initial value: <class 'NoneType'> (expected Python scalar, list or tuple of values, or numpy.ndarray).

======================================================================
ERROR: testSharing (__main__.AdagradOptimizerTest)
AdagradOptimizerTest.testSharing
----------------------------------------------------------------------
Traceback (most recent call last):
  File "C:\ProgramData\Anaconda3\envs\keras\lib\site-packages\tensorflow_core\python\framework\test_util.py", line 1216, in decorated
    return f(self, *args, **kwargs)
  File "adagrad_test.py", line 569, in testSharing
    zip([grads0, grads1], [var0, var1]))
  File "C:\ProgramData\Anaconda3\envs\keras\lib\site-packages\tensorflow_core\python\training\optimizer.py", line 597, in apply_gradients
    self._create_slots(var_list)
  File "C:\ProgramData\Anaconda3\envs\keras\lib\site-packages\tensorflow_core\python\training\adagrad.py", line 76, in _create_slots
    dtype=dtype)
  File "C:\ProgramData\Anaconda3\envs\keras\lib\site-packages\tensorflow_core\python\util\deprecation.py", line 507, in new_func
    return func(*args, **kwargs)
  File "C:\ProgramData\Anaconda3\envs\keras\lib\site-packages\tensorflow_core\python\util\deprecation.py", line 507, in new_func
    return func(*args, **kwargs)
  File "C:\ProgramData\Anaconda3\envs\keras\lib\site-packages\tensorflow_core\python\ops\init_ops.py", line 232, in __init__
    "tuple of values, or numpy.ndarray)." % type(value))
TypeError: Invalid type for initial value: <class 'NoneType'> (expected Python scalar, list or tuple of values, or numpy.ndarray).

======================================================================
ERROR: testSparseBasic (__main__.AdagradOptimizerTest)
AdagradOptimizerTest.testSparseBasic
----------------------------------------------------------------------
Traceback (most recent call last):
  File "C:\ProgramData\Anaconda3\envs\keras\lib\site-packages\tensorflow_core\python\framework\test_util.py", line 1216, in decorated
    return f(self, *args, **kwargs)
  File "adagrad_test.py", line 331, in testSparseBasic
    zip([grads0, grads1], [var0, var1]))
  File "C:\ProgramData\Anaconda3\envs\keras\lib\site-packages\tensorflow_core\python\training\optimizer.py", line 597, in apply_gradients
    self._create_slots(var_list)
  File "C:\ProgramData\Anaconda3\envs\keras\lib\site-packages\tensorflow_core\python\training\adagrad.py", line 76, in _create_slots
    dtype=dtype)
  File "C:\ProgramData\Anaconda3\envs\keras\lib\site-packages\tensorflow_core\python\util\deprecation.py", line 507, in new_func
    return func(*args, **kwargs)
  File "C:\ProgramData\Anaconda3\envs\keras\lib\site-packages\tensorflow_core\python\util\deprecation.py", line 507, in new_func
    return func(*args, **kwargs)
  File "C:\ProgramData\Anaconda3\envs\keras\lib\site-packages\tensorflow_core\python\ops\init_ops.py", line 232, in __init__
    "tuple of values, or numpy.ndarray)." % type(value))
TypeError: Invalid type for initial value: <class 'NoneType'> (expected Python scalar, list or tuple of values, or numpy.ndarray).

======================================================================
ERROR: testSparseRepeatedIndices (__main__.AdagradOptimizerTest)
AdagradOptimizerTest.testSparseRepeatedIndices
----------------------------------------------------------------------
Traceback (most recent call last):
  File "C:\ProgramData\Anaconda3\envs\keras\lib\site-packages\tensorflow_core\python\framework\test_util.py", line 1216, in decorated
    return f(self, *args, **kwargs)
  File "adagrad_test.py", line 397, in testSparseRepeatedIndices
    [(grad_repeated_index, repeated_index_update_var)])
  File "C:\ProgramData\Anaconda3\envs\keras\lib\site-packages\tensorflow_core\python\training\optimizer.py", line 597, in apply_gradients
    self._create_slots(var_list)
  File "C:\ProgramData\Anaconda3\envs\keras\lib\site-packages\tensorflow_core\python\training\adagrad.py", line 76, in _create_slots
    dtype=dtype)
  File "C:\ProgramData\Anaconda3\envs\keras\lib\site-packages\tensorflow_core\python\util\deprecation.py", line 507, in new_func
    return func(*args, **kwargs)
  File "C:\ProgramData\Anaconda3\envs\keras\lib\site-packages\tensorflow_core\python\util\deprecation.py", line 507, in new_func
    return func(*args, **kwargs)
  File "C:\ProgramData\Anaconda3\envs\keras\lib\site-packages\tensorflow_core\python\ops\init_ops.py", line 232, in __init__
    "tuple of values, or numpy.ndarray)." % type(value))
TypeError: Invalid type for initial value: <class 'NoneType'> (expected Python scalar, list or tuple of values, or numpy.ndarray).

======================================================================
ERROR: testSparseRepeatedIndicesResourceVariable (__main__.AdagradOptimizerTest)
AdagradOptimizerTest.testSparseRepeatedIndicesResourceVariable
----------------------------------------------------------------------
Traceback (most recent call last):
  File "C:\ProgramData\Anaconda3\envs\keras\lib\site-packages\tensorflow_core\python\framework\test_util.py", line 1216, in decorated
    return f(self, *args, **kwargs)
  File "adagrad_test.py", line 447, in testSparseRepeatedIndicesResourceVariable
    2.0).minimize(loss_repeated)
  File "C:\ProgramData\Anaconda3\envs\keras\lib\site-packages\tensorflow_core\python\training\optimizer.py", line 413, in minimize
    name=name)
  File "C:\ProgramData\Anaconda3\envs\keras\lib\site-packages\tensorflow_core\python\training\optimizer.py", line 597, in apply_gradients
    self._create_slots(var_list)
  File "C:\ProgramData\Anaconda3\envs\keras\lib\site-packages\tensorflow_core\python\training\adagrad.py", line 76, in _create_slots
    dtype=dtype)
  File "C:\ProgramData\Anaconda3\envs\keras\lib\site-packages\tensorflow_core\python\util\deprecation.py", line 507, in new_func
    return func(*args, **kwargs)
  File "C:\ProgramData\Anaconda3\envs\keras\lib\site-packages\tensorflow_core\python\util\deprecation.py", line 507, in new_func
    return func(*args, **kwargs)
  File "C:\ProgramData\Anaconda3\envs\keras\lib\site-packages\tensorflow_core\python\ops\init_ops.py", line 232, in __init__
    "tuple of values, or numpy.ndarray)." % type(value))
TypeError: Invalid type for initial value: <class 'NoneType'> (expected Python scalar, list or tuple of values, or numpy.ndarray).

======================================================================
ERROR: testSparseStability (__main__.AdagradOptimizerTest)
AdagradOptimizerTest.testSparseStability
----------------------------------------------------------------------
Traceback (most recent call last):
  File "C:\ProgramData\Anaconda3\envs\keras\lib\site-packages\tensorflow_core\python\framework\test_util.py", line 1216, in decorated
    return f(self, *args, **kwargs)
  File "adagrad_test.py", line 515, in testSparseStability
    ada_update = ada_opt.apply_gradients(zip([grads0], [var0]))
  File "C:\ProgramData\Anaconda3\envs\keras\lib\site-packages\tensorflow_core\python\training\optimizer.py", line 597, in apply_gradients
    self._create_slots(var_list)
  File "C:\ProgramData\Anaconda3\envs\keras\lib\site-packages\tensorflow_core\python\training\adagrad.py", line 76, in _create_slots
    dtype=dtype)
  File "C:\ProgramData\Anaconda3\envs\keras\lib\site-packages\tensorflow_core\python\util\deprecation.py", line 507, in new_func
    return func(*args, **kwargs)
  File "C:\ProgramData\Anaconda3\envs\keras\lib\site-packages\tensorflow_core\python\util\deprecation.py", line 507, in new_func
    return func(*args, **kwargs)
  File "C:\ProgramData\Anaconda3\envs\keras\lib\site-packages\tensorflow_core\python\ops\init_ops.py", line 232, in __init__
    "tuple of values, or numpy.ndarray)." % type(value))
TypeError: Invalid type for initial value: <class 'NoneType'> (expected Python scalar, list or tuple of values, or numpy.ndarray).

======================================================================
ERROR: testTensorLearningRate (__main__.AdagradOptimizerTest)
AdagradOptimizerTest.testTensorLearningRate
----------------------------------------------------------------------
Traceback (most recent call last):
  File "C:\ProgramData\Anaconda3\envs\keras\lib\site-packages\tensorflow_core\python\framework\test_util.py", line 1216, in decorated
    return f(self, *args, **kwargs)
  File "adagrad_test.py", line 263, in testTensorLearningRate
    zip([grads0, grads1], [var0, var1]))
  File "C:\ProgramData\Anaconda3\envs\keras\lib\site-packages\tensorflow_core\python\training\optimizer.py", line 597, in apply_gradients
    self._create_slots(var_list)
  File "C:\ProgramData\Anaconda3\envs\keras\lib\site-packages\tensorflow_core\python\training\adagrad.py", line 76, in _create_slots
    dtype=dtype)
  File "C:\ProgramData\Anaconda3\envs\keras\lib\site-packages\tensorflow_core\python\util\deprecation.py", line 507, in new_func
    return func(*args, **kwargs)
  File "C:\ProgramData\Anaconda3\envs\keras\lib\site-packages\tensorflow_core\python\util\deprecation.py", line 507, in new_func
    return func(*args, **kwargs)
  File "C:\ProgramData\Anaconda3\envs\keras\lib\site-packages\tensorflow_core\python\ops\init_ops.py", line 232, in __init__
    "tuple of values, or numpy.ndarray)." % type(value))
TypeError: Invalid type for initial value: <class 'NoneType'> (expected Python scalar, list or tuple of values, or numpy.ndarray).

----------------------------------------------------------------------
Ran 14 tests in 1.797s

FAILED (errors=12, skipped=1)
