EEE..EEEEEE.EE........EE....
======================================================================
ERROR: test_compute_test_value (test_builders.T_OpFromGraph)
----------------------------------------------------------------------
Traceback (most recent call last):
  File "C:\ProgramData\Anaconda3\envs\keras\lib\site-packages\theano\configparser.py", line 117, in res
    return f(*args, **kwargs)
  File "C:\Users\mutation\Desktop\theano-testcase\tests\test_builders.py", line 385, in test_compute_test_value
    grad_f = T.grad(f, y)
  File "C:\ProgramData\Anaconda3\envs\keras\lib\site-packages\theano\gradient.py", line 511, in grad
    outputs, wrt, consider_constant)
  File "C:\ProgramData\Anaconda3\envs\keras\lib\site-packages\theano\gradient.py", line 930, in _populate_var_to_app_to_idx
    account_for(output)
  File "C:\ProgramData\Anaconda3\envs\keras\lib\site-packages\theano\gradient.py", line 901, in account_for
    connection_pattern = _node_to_pattern(app)
  File "C:\ProgramData\Anaconda3\envs\keras\lib\site-packages\theano\gradient.py", line 782, in _node_to_pattern
    connection_pattern = node.op.connection_pattern(node)
  File "C:\ProgramData\Anaconda3\envs\keras\lib\site-packages\theano\compile\builders.py", line 658, in connection_pattern
    lop_op.local_inputs[inp_len:],
AttributeError: 'str' object has no attribute 'local_inputs'

======================================================================
ERROR: test_connection_pattern_0 (test_builders.T_OpFromGraph)
----------------------------------------------------------------------
Traceback (most recent call last):
  File "C:\ProgramData\Anaconda3\envs\keras\lib\site-packages\parameterized\parameterized.py", line 530, in standalone_func
    return func(*(a + p.args), **p.kwargs)
  File "C:\Users\mutation\Desktop\theano-testcase\tests\test_builders.py", line 325, in test_connection_pattern
    results = op1.connection_pattern(None)
  File "C:\ProgramData\Anaconda3\envs\keras\lib\site-packages\theano\compile\builders.py", line 658, in connection_pattern
    lop_op.local_inputs[inp_len:],
AttributeError: 'str' object has no attribute 'local_inputs'

======================================================================
ERROR: test_connection_pattern_1 (test_builders.T_OpFromGraph)
----------------------------------------------------------------------
Traceback (most recent call last):
  File "C:\ProgramData\Anaconda3\envs\keras\lib\site-packages\parameterized\parameterized.py", line 530, in standalone_func
    return func(*(a + p.args), **p.kwargs)
  File "C:\Users\mutation\Desktop\theano-testcase\tests\test_builders.py", line 325, in test_connection_pattern
    results = op1.connection_pattern(None)
  File "C:\ProgramData\Anaconda3\envs\keras\lib\site-packages\theano\compile\builders.py", line 658, in connection_pattern
    lop_op.local_inputs[inp_len:],
AttributeError: 'str' object has no attribute 'local_inputs'

======================================================================
ERROR: test_grad_0 (test_builders.T_OpFromGraph)
----------------------------------------------------------------------
Traceback (most recent call last):
  File "C:\ProgramData\Anaconda3\envs\keras\lib\site-packages\parameterized\parameterized.py", line 530, in standalone_func
    return func(*(a + p.args), **p.kwargs)
  File "C:\Users\mutation\Desktop\theano-testcase\tests\test_builders.py", line 66, in test_grad
    f = f - T.grad(T.sum(f), y)
  File "C:\ProgramData\Anaconda3\envs\keras\lib\site-packages\theano\gradient.py", line 511, in grad
    outputs, wrt, consider_constant)
  File "C:\ProgramData\Anaconda3\envs\keras\lib\site-packages\theano\gradient.py", line 930, in _populate_var_to_app_to_idx
    account_for(output)
  File "C:\ProgramData\Anaconda3\envs\keras\lib\site-packages\theano\gradient.py", line 926, in account_for
    account_for(ipt)
  File "C:\ProgramData\Anaconda3\envs\keras\lib\site-packages\theano\gradient.py", line 901, in account_for
    connection_pattern = _node_to_pattern(app)
  File "C:\ProgramData\Anaconda3\envs\keras\lib\site-packages\theano\gradient.py", line 782, in _node_to_pattern
    connection_pattern = node.op.connection_pattern(node)
  File "C:\ProgramData\Anaconda3\envs\keras\lib\site-packages\theano\compile\builders.py", line 658, in connection_pattern
    lop_op.local_inputs[inp_len:],
AttributeError: 'str' object has no attribute 'local_inputs'

======================================================================
ERROR: test_grad_1 (test_builders.T_OpFromGraph)
----------------------------------------------------------------------
Traceback (most recent call last):
  File "C:\ProgramData\Anaconda3\envs\keras\lib\site-packages\parameterized\parameterized.py", line 530, in standalone_func
    return func(*(a + p.args), **p.kwargs)
  File "C:\Users\mutation\Desktop\theano-testcase\tests\test_builders.py", line 66, in test_grad
    f = f - T.grad(T.sum(f), y)
  File "C:\ProgramData\Anaconda3\envs\keras\lib\site-packages\theano\gradient.py", line 511, in grad
    outputs, wrt, consider_constant)
  File "C:\ProgramData\Anaconda3\envs\keras\lib\site-packages\theano\gradient.py", line 930, in _populate_var_to_app_to_idx
    account_for(output)
  File "C:\ProgramData\Anaconda3\envs\keras\lib\site-packages\theano\gradient.py", line 926, in account_for
    account_for(ipt)
  File "C:\ProgramData\Anaconda3\envs\keras\lib\site-packages\theano\gradient.py", line 901, in account_for
    connection_pattern = _node_to_pattern(app)
  File "C:\ProgramData\Anaconda3\envs\keras\lib\site-packages\theano\gradient.py", line 782, in _node_to_pattern
    connection_pattern = node.op.connection_pattern(node)
  File "C:\ProgramData\Anaconda3\envs\keras\lib\site-packages\theano\compile\builders.py", line 658, in connection_pattern
    lop_op.local_inputs[inp_len:],
AttributeError: 'str' object has no attribute 'local_inputs'

======================================================================
ERROR: test_grad_grad_0 (test_builders.T_OpFromGraph)
----------------------------------------------------------------------
Traceback (most recent call last):
  File "C:\ProgramData\Anaconda3\envs\keras\lib\site-packages\parameterized\parameterized.py", line 530, in standalone_func
    return func(*(a + p.args), **p.kwargs)
  File "C:\Users\mutation\Desktop\theano-testcase\tests\test_builders.py", line 79, in test_grad_grad
    f = f - T.grad(T.sum(f), y)
  File "C:\ProgramData\Anaconda3\envs\keras\lib\site-packages\theano\gradient.py", line 511, in grad
    outputs, wrt, consider_constant)
  File "C:\ProgramData\Anaconda3\envs\keras\lib\site-packages\theano\gradient.py", line 930, in _populate_var_to_app_to_idx
    account_for(output)
  File "C:\ProgramData\Anaconda3\envs\keras\lib\site-packages\theano\gradient.py", line 926, in account_for
    account_for(ipt)
  File "C:\ProgramData\Anaconda3\envs\keras\lib\site-packages\theano\gradient.py", line 901, in account_for
    connection_pattern = _node_to_pattern(app)
  File "C:\ProgramData\Anaconda3\envs\keras\lib\site-packages\theano\gradient.py", line 782, in _node_to_pattern
    connection_pattern = node.op.connection_pattern(node)
  File "C:\ProgramData\Anaconda3\envs\keras\lib\site-packages\theano\compile\builders.py", line 658, in connection_pattern
    lop_op.local_inputs[inp_len:],
AttributeError: 'str' object has no attribute 'local_inputs'

======================================================================
ERROR: test_grad_grad_1 (test_builders.T_OpFromGraph)
----------------------------------------------------------------------
Traceback (most recent call last):
  File "C:\ProgramData\Anaconda3\envs\keras\lib\site-packages\parameterized\parameterized.py", line 530, in standalone_func
    return func(*(a + p.args), **p.kwargs)
  File "C:\Users\mutation\Desktop\theano-testcase\tests\test_builders.py", line 79, in test_grad_grad
    f = f - T.grad(T.sum(f), y)
  File "C:\ProgramData\Anaconda3\envs\keras\lib\site-packages\theano\gradient.py", line 511, in grad
    outputs, wrt, consider_constant)
  File "C:\ProgramData\Anaconda3\envs\keras\lib\site-packages\theano\gradient.py", line 930, in _populate_var_to_app_to_idx
    account_for(output)
  File "C:\ProgramData\Anaconda3\envs\keras\lib\site-packages\theano\gradient.py", line 926, in account_for
    account_for(ipt)
  File "C:\ProgramData\Anaconda3\envs\keras\lib\site-packages\theano\gradient.py", line 901, in account_for
    connection_pattern = _node_to_pattern(app)
  File "C:\ProgramData\Anaconda3\envs\keras\lib\site-packages\theano\gradient.py", line 782, in _node_to_pattern
    connection_pattern = node.op.connection_pattern(node)
  File "C:\ProgramData\Anaconda3\envs\keras\lib\site-packages\theano\compile\builders.py", line 658, in connection_pattern
    lop_op.local_inputs[inp_len:],
AttributeError: 'str' object has no attribute 'local_inputs'

======================================================================
ERROR: test_grad_override_0 (test_builders.T_OpFromGraph)
----------------------------------------------------------------------
Traceback (most recent call last):
  File "C:\ProgramData\Anaconda3\envs\keras\lib\site-packages\parameterized\parameterized.py", line 530, in standalone_func
    return func(*(a + p.args), **p.kwargs)
  File "C:\Users\mutation\Desktop\theano-testcase\tests\test_builders.py", line 145, in test_grad_override
    dx, dy = T.grad(zz, [xx, yy])
  File "C:\ProgramData\Anaconda3\envs\keras\lib\site-packages\theano\gradient.py", line 511, in grad
    outputs, wrt, consider_constant)
  File "C:\ProgramData\Anaconda3\envs\keras\lib\site-packages\theano\gradient.py", line 930, in _populate_var_to_app_to_idx
    account_for(output)
  File "C:\ProgramData\Anaconda3\envs\keras\lib\site-packages\theano\gradient.py", line 926, in account_for
    account_for(ipt)
  File "C:\ProgramData\Anaconda3\envs\keras\lib\site-packages\theano\gradient.py", line 901, in account_for
    connection_pattern = _node_to_pattern(app)
  File "C:\ProgramData\Anaconda3\envs\keras\lib\site-packages\theano\gradient.py", line 782, in _node_to_pattern
    connection_pattern = node.op.connection_pattern(node)
  File "C:\ProgramData\Anaconda3\envs\keras\lib\site-packages\theano\compile\builders.py", line 658, in connection_pattern
    lop_op.local_inputs[inp_len:],
AttributeError: 'function' object has no attribute 'local_inputs'

======================================================================
ERROR: test_grad_override_1 (test_builders.T_OpFromGraph)
----------------------------------------------------------------------
Traceback (most recent call last):
  File "C:\ProgramData\Anaconda3\envs\keras\lib\site-packages\parameterized\parameterized.py", line 530, in standalone_func
    return func(*(a + p.args), **p.kwargs)
  File "C:\Users\mutation\Desktop\theano-testcase\tests\test_builders.py", line 145, in test_grad_override
    dx, dy = T.grad(zz, [xx, yy])
  File "C:\ProgramData\Anaconda3\envs\keras\lib\site-packages\theano\gradient.py", line 511, in grad
    outputs, wrt, consider_constant)
  File "C:\ProgramData\Anaconda3\envs\keras\lib\site-packages\theano\gradient.py", line 930, in _populate_var_to_app_to_idx
    account_for(output)
  File "C:\ProgramData\Anaconda3\envs\keras\lib\site-packages\theano\gradient.py", line 926, in account_for
    account_for(ipt)
  File "C:\ProgramData\Anaconda3\envs\keras\lib\site-packages\theano\gradient.py", line 901, in account_for
    connection_pattern = _node_to_pattern(app)
  File "C:\ProgramData\Anaconda3\envs\keras\lib\site-packages\theano\gradient.py", line 782, in _node_to_pattern
    connection_pattern = node.op.connection_pattern(node)
  File "C:\ProgramData\Anaconda3\envs\keras\lib\site-packages\theano\compile\builders.py", line 658, in connection_pattern
    lop_op.local_inputs[inp_len:],
AttributeError: 'function' object has no attribute 'local_inputs'

======================================================================
ERROR: test_lop_override_0 (test_builders.T_OpFromGraph)
----------------------------------------------------------------------
Traceback (most recent call last):
  File "C:\ProgramData\Anaconda3\envs\keras\lib\site-packages\parameterized\parameterized.py", line 530, in standalone_func
    return func(*(a + p.args), **p.kwargs)
  File "C:\Users\mutation\Desktop\theano-testcase\tests\test_builders.py", line 215, in test_lop_override
    gyy2 = T.grad(yy2, xx)
  File "C:\ProgramData\Anaconda3\envs\keras\lib\site-packages\theano\gradient.py", line 511, in grad
    outputs, wrt, consider_constant)
  File "C:\ProgramData\Anaconda3\envs\keras\lib\site-packages\theano\gradient.py", line 930, in _populate_var_to_app_to_idx
    account_for(output)
  File "C:\ProgramData\Anaconda3\envs\keras\lib\site-packages\theano\gradient.py", line 926, in account_for
    account_for(ipt)
  File "C:\ProgramData\Anaconda3\envs\keras\lib\site-packages\theano\gradient.py", line 901, in account_for
    connection_pattern = _node_to_pattern(app)
  File "C:\ProgramData\Anaconda3\envs\keras\lib\site-packages\theano\gradient.py", line 782, in _node_to_pattern
    connection_pattern = node.op.connection_pattern(node)
  File "C:\ProgramData\Anaconda3\envs\keras\lib\site-packages\theano\compile\builders.py", line 658, in connection_pattern
    lop_op.local_inputs[inp_len:],
AttributeError: 'function' object has no attribute 'local_inputs'

======================================================================
ERROR: test_lop_override_1 (test_builders.T_OpFromGraph)
----------------------------------------------------------------------
Traceback (most recent call last):
  File "C:\ProgramData\Anaconda3\envs\keras\lib\site-packages\parameterized\parameterized.py", line 530, in standalone_func
    return func(*(a + p.args), **p.kwargs)
  File "C:\Users\mutation\Desktop\theano-testcase\tests\test_builders.py", line 215, in test_lop_override
    gyy2 = T.grad(yy2, xx)
  File "C:\ProgramData\Anaconda3\envs\keras\lib\site-packages\theano\gradient.py", line 511, in grad
    outputs, wrt, consider_constant)
  File "C:\ProgramData\Anaconda3\envs\keras\lib\site-packages\theano\gradient.py", line 930, in _populate_var_to_app_to_idx
    account_for(output)
  File "C:\ProgramData\Anaconda3\envs\keras\lib\site-packages\theano\gradient.py", line 926, in account_for
    account_for(ipt)
  File "C:\ProgramData\Anaconda3\envs\keras\lib\site-packages\theano\gradient.py", line 901, in account_for
    connection_pattern = _node_to_pattern(app)
  File "C:\ProgramData\Anaconda3\envs\keras\lib\site-packages\theano\gradient.py", line 782, in _node_to_pattern
    connection_pattern = node.op.connection_pattern(node)
  File "C:\ProgramData\Anaconda3\envs\keras\lib\site-packages\theano\compile\builders.py", line 658, in connection_pattern
    lop_op.local_inputs[inp_len:],
AttributeError: 'function' object has no attribute 'local_inputs'

======================================================================
ERROR: test_shared_grad_0 (test_builders.T_OpFromGraph)
----------------------------------------------------------------------
Traceback (most recent call last):
  File "C:\ProgramData\Anaconda3\envs\keras\lib\site-packages\parameterized\parameterized.py", line 530, in standalone_func
    return func(*(a + p.args), **p.kwargs)
  File "C:\Users\mutation\Desktop\theano-testcase\tests\test_builders.py", line 112, in test_shared_grad
    f = f - T.grad(T.sum(f), y)
  File "C:\ProgramData\Anaconda3\envs\keras\lib\site-packages\theano\gradient.py", line 511, in grad
    outputs, wrt, consider_constant)
  File "C:\ProgramData\Anaconda3\envs\keras\lib\site-packages\theano\gradient.py", line 930, in _populate_var_to_app_to_idx
    account_for(output)
  File "C:\ProgramData\Anaconda3\envs\keras\lib\site-packages\theano\gradient.py", line 926, in account_for
    account_for(ipt)
  File "C:\ProgramData\Anaconda3\envs\keras\lib\site-packages\theano\gradient.py", line 901, in account_for
    connection_pattern = _node_to_pattern(app)
  File "C:\ProgramData\Anaconda3\envs\keras\lib\site-packages\theano\gradient.py", line 782, in _node_to_pattern
    connection_pattern = node.op.connection_pattern(node)
  File "C:\ProgramData\Anaconda3\envs\keras\lib\site-packages\theano\compile\builders.py", line 658, in connection_pattern
    lop_op.local_inputs[inp_len:],
AttributeError: 'str' object has no attribute 'local_inputs'

======================================================================
ERROR: test_shared_grad_1 (test_builders.T_OpFromGraph)
----------------------------------------------------------------------
Traceback (most recent call last):
  File "C:\ProgramData\Anaconda3\envs\keras\lib\site-packages\parameterized\parameterized.py", line 530, in standalone_func
    return func(*(a + p.args), **p.kwargs)
  File "C:\Users\mutation\Desktop\theano-testcase\tests\test_builders.py", line 112, in test_shared_grad
    f = f - T.grad(T.sum(f), y)
  File "C:\ProgramData\Anaconda3\envs\keras\lib\site-packages\theano\gradient.py", line 511, in grad
    outputs, wrt, consider_constant)
  File "C:\ProgramData\Anaconda3\envs\keras\lib\site-packages\theano\gradient.py", line 930, in _populate_var_to_app_to_idx
    account_for(output)
  File "C:\ProgramData\Anaconda3\envs\keras\lib\site-packages\theano\gradient.py", line 926, in account_for
    account_for(ipt)
  File "C:\ProgramData\Anaconda3\envs\keras\lib\site-packages\theano\gradient.py", line 901, in account_for
    connection_pattern = _node_to_pattern(app)
  File "C:\ProgramData\Anaconda3\envs\keras\lib\site-packages\theano\gradient.py", line 782, in _node_to_pattern
    connection_pattern = node.op.connection_pattern(node)
  File "C:\ProgramData\Anaconda3\envs\keras\lib\site-packages\theano\compile\builders.py", line 658, in connection_pattern
    lop_op.local_inputs[inp_len:],
AttributeError: 'str' object has no attribute 'local_inputs'

----------------------------------------------------------------------
Ran 28 tests in 7.530s

FAILED (errors=13)
