...EE.......................
======================================================================
ERROR: test_connection_pattern_override_0 (test_builders.T_OpFromGraph)
----------------------------------------------------------------------
Traceback (most recent call last):
  File "C:\ProgramData\Anaconda3\envs\keras\lib\site-packages\parameterized\parameterized.py", line 530, in standalone_func
    return func(*(a + p.args), **p.kwargs)
  File "C:\Users\mutation\Desktop\theano-testcase\tests\test_builders.py", line 293, in test_connection_pattern_override
    g1 = theano.grad(c.sum(), x)
  File "C:\ProgramData\Anaconda3\envs\keras\lib\site-packages\theano\gradient.py", line 605, in grad
    grad_dict, wrt, cost_name)
  File "C:\ProgramData\Anaconda3\envs\keras\lib\site-packages\theano\gradient.py", line 1371, in _populate_grad_dict
    rval = [access_grad_cache(elem) for elem in wrt]
  File "C:\ProgramData\Anaconda3\envs\keras\lib\site-packages\theano\gradient.py", line 1371, in <listcomp>
    rval = [access_grad_cache(elem) for elem in wrt]
  File "C:\ProgramData\Anaconda3\envs\keras\lib\site-packages\theano\gradient.py", line 1326, in access_grad_cache
    term = access_term_cache(node)[idx]
  File "C:\ProgramData\Anaconda3\envs\keras\lib\site-packages\theano\gradient.py", line 1162, in access_term_cache
    new_output_grads)
  File "C:\ProgramData\Anaconda3\envs\keras\lib\site-packages\theano\compile\builders.py", line 614, in L_op
    *inps, return_list=True)
TypeError: f1_back() got an unexpected keyword argument 'return_list'

======================================================================
ERROR: test_connection_pattern_override_1 (test_builders.T_OpFromGraph)
----------------------------------------------------------------------
Traceback (most recent call last):
  File "C:\ProgramData\Anaconda3\envs\keras\lib\site-packages\parameterized\parameterized.py", line 530, in standalone_func
    return func(*(a + p.args), **p.kwargs)
  File "C:\Users\mutation\Desktop\theano-testcase\tests\test_builders.py", line 293, in test_connection_pattern_override
    g1 = theano.grad(c.sum(), x)
  File "C:\ProgramData\Anaconda3\envs\keras\lib\site-packages\theano\gradient.py", line 605, in grad
    grad_dict, wrt, cost_name)
  File "C:\ProgramData\Anaconda3\envs\keras\lib\site-packages\theano\gradient.py", line 1371, in _populate_grad_dict
    rval = [access_grad_cache(elem) for elem in wrt]
  File "C:\ProgramData\Anaconda3\envs\keras\lib\site-packages\theano\gradient.py", line 1371, in <listcomp>
    rval = [access_grad_cache(elem) for elem in wrt]
  File "C:\ProgramData\Anaconda3\envs\keras\lib\site-packages\theano\gradient.py", line 1326, in access_grad_cache
    term = access_term_cache(node)[idx]
  File "C:\ProgramData\Anaconda3\envs\keras\lib\site-packages\theano\gradient.py", line 1162, in access_term_cache
    new_output_grads)
  File "C:\ProgramData\Anaconda3\envs\keras\lib\site-packages\theano\compile\builders.py", line 614, in L_op
    *inps, return_list=True)
TypeError: f1_back() got an unexpected keyword argument 'return_list'

----------------------------------------------------------------------
Ran 28 tests in 9.201s

FAILED (errors=2)
