EEEEEEEEEEE.EE........EE....
======================================================================
ERROR: test_compute_test_value (test_builders.T_OpFromGraph)
----------------------------------------------------------------------
Traceback (most recent call last):
  File "C:\ProgramData\Anaconda3\envs\keras\lib\site-packages\theano\configparser.py", line 117, in res
    return f(*args, **kwargs)
  File "C:\Users\mutation\Desktop\theano-testcase\tests\test_builders.py", line 385, in test_compute_test_value
    grad_f = T.grad(f, y)
  File "C:\ProgramData\Anaconda3\envs\keras\lib\site-packages\theano\gradient.py", line 511, in grad
    outputs, wrt, consider_constant)
  File "C:\ProgramData\Anaconda3\envs\keras\lib\site-packages\theano\gradient.py", line 930, in _populate_var_to_app_to_idx
    account_for(output)
  File "C:\ProgramData\Anaconda3\envs\keras\lib\site-packages\theano\gradient.py", line 901, in account_for
    connection_pattern = _node_to_pattern(app)
  File "C:\ProgramData\Anaconda3\envs\keras\lib\site-packages\theano\gradient.py", line 782, in _node_to_pattern
    connection_pattern = node.op.connection_pattern(node)
  File "C:\ProgramData\Anaconda3\envs\keras\lib\site-packages\theano\compile\builders.py", line 656, in connection_pattern
    lop_op = self.get_lop_op()
  File "C:\ProgramData\Anaconda3\envs\keras\lib\site-packages\theano\compile\builders.py", line 566, in get_lop_op
    self._recompute_lop_op()
  File "C:\ProgramData\Anaconda3\envs\keras\lib\site-packages\theano\configparser.py", line 116, in res
    with self:
  File "C:\ProgramData\Anaconda3\envs\keras\lib\site-packages\theano\configparser.py", line 126, in __enter__
    v.__set__(None, self.new_vals[k])
  File "C:\ProgramData\Anaconda3\envs\keras\lib\site-packages\theano\configparser.py", line 346, in __set__
    self.val = self.filter(val)
  File "C:\ProgramData\Anaconda3\envs\keras\lib\site-packages\theano\configparser.py", line 373, in filter
    % (val, self.fullname, self.all)))
ValueError: Invalid value ("XXoffXX") for configuration variable "compute_test_value". Valid options are ('off', 'ignore', 'warn', 'raise', 'pdb')

======================================================================
ERROR: test_connection_pattern_0 (test_builders.T_OpFromGraph)
----------------------------------------------------------------------
Traceback (most recent call last):
  File "C:\ProgramData\Anaconda3\envs\keras\lib\site-packages\parameterized\parameterized.py", line 530, in standalone_func
    return func(*(a + p.args), **p.kwargs)
  File "C:\Users\mutation\Desktop\theano-testcase\tests\test_builders.py", line 325, in test_connection_pattern
    results = op1.connection_pattern(None)
  File "C:\ProgramData\Anaconda3\envs\keras\lib\site-packages\theano\compile\builders.py", line 656, in connection_pattern
    lop_op = self.get_lop_op()
  File "C:\ProgramData\Anaconda3\envs\keras\lib\site-packages\theano\compile\builders.py", line 566, in get_lop_op
    self._recompute_lop_op()
  File "C:\ProgramData\Anaconda3\envs\keras\lib\site-packages\theano\configparser.py", line 116, in res
    with self:
  File "C:\ProgramData\Anaconda3\envs\keras\lib\site-packages\theano\configparser.py", line 126, in __enter__
    v.__set__(None, self.new_vals[k])
  File "C:\ProgramData\Anaconda3\envs\keras\lib\site-packages\theano\configparser.py", line 346, in __set__
    self.val = self.filter(val)
  File "C:\ProgramData\Anaconda3\envs\keras\lib\site-packages\theano\configparser.py", line 373, in filter
    % (val, self.fullname, self.all)))
ValueError: Invalid value ("XXoffXX") for configuration variable "compute_test_value". Valid options are ('off', 'ignore', 'warn', 'raise', 'pdb')

======================================================================
ERROR: test_connection_pattern_1 (test_builders.T_OpFromGraph)
----------------------------------------------------------------------
Traceback (most recent call last):
  File "C:\ProgramData\Anaconda3\envs\keras\lib\site-packages\parameterized\parameterized.py", line 530, in standalone_func
    return func(*(a + p.args), **p.kwargs)
  File "C:\Users\mutation\Desktop\theano-testcase\tests\test_builders.py", line 325, in test_connection_pattern
    results = op1.connection_pattern(None)
  File "C:\ProgramData\Anaconda3\envs\keras\lib\site-packages\theano\compile\builders.py", line 656, in connection_pattern
    lop_op = self.get_lop_op()
  File "C:\ProgramData\Anaconda3\envs\keras\lib\site-packages\theano\compile\builders.py", line 566, in get_lop_op
    self._recompute_lop_op()
  File "C:\ProgramData\Anaconda3\envs\keras\lib\site-packages\theano\configparser.py", line 116, in res
    with self:
  File "C:\ProgramData\Anaconda3\envs\keras\lib\site-packages\theano\configparser.py", line 126, in __enter__
    v.__set__(None, self.new_vals[k])
  File "C:\ProgramData\Anaconda3\envs\keras\lib\site-packages\theano\configparser.py", line 346, in __set__
    self.val = self.filter(val)
  File "C:\ProgramData\Anaconda3\envs\keras\lib\site-packages\theano\configparser.py", line 373, in filter
    % (val, self.fullname, self.all)))
ValueError: Invalid value ("XXoffXX") for configuration variable "compute_test_value". Valid options are ('off', 'ignore', 'warn', 'raise', 'pdb')

======================================================================
ERROR: test_connection_pattern_override_0 (test_builders.T_OpFromGraph)
----------------------------------------------------------------------
Traceback (most recent call last):
  File "C:\ProgramData\Anaconda3\envs\keras\lib\site-packages\parameterized\parameterized.py", line 530, in standalone_func
    return func(*(a + p.args), **p.kwargs)
  File "C:\Users\mutation\Desktop\theano-testcase\tests\test_builders.py", line 293, in test_connection_pattern_override
    g1 = theano.grad(c.sum(), x)
  File "C:\ProgramData\Anaconda3\envs\keras\lib\site-packages\theano\gradient.py", line 605, in grad
    grad_dict, wrt, cost_name)
  File "C:\ProgramData\Anaconda3\envs\keras\lib\site-packages\theano\gradient.py", line 1371, in _populate_grad_dict
    rval = [access_grad_cache(elem) for elem in wrt]
  File "C:\ProgramData\Anaconda3\envs\keras\lib\site-packages\theano\gradient.py", line 1371, in <listcomp>
    rval = [access_grad_cache(elem) for elem in wrt]
  File "C:\ProgramData\Anaconda3\envs\keras\lib\site-packages\theano\gradient.py", line 1326, in access_grad_cache
    term = access_term_cache(node)[idx]
  File "C:\ProgramData\Anaconda3\envs\keras\lib\site-packages\theano\gradient.py", line 1162, in access_term_cache
    new_output_grads)
  File "C:\ProgramData\Anaconda3\envs\keras\lib\site-packages\theano\compile\builders.py", line 611, in L_op
    self._recompute_lop_op()
  File "C:\ProgramData\Anaconda3\envs\keras\lib\site-packages\theano\configparser.py", line 116, in res
    with self:
  File "C:\ProgramData\Anaconda3\envs\keras\lib\site-packages\theano\configparser.py", line 126, in __enter__
    v.__set__(None, self.new_vals[k])
  File "C:\ProgramData\Anaconda3\envs\keras\lib\site-packages\theano\configparser.py", line 346, in __set__
    self.val = self.filter(val)
  File "C:\ProgramData\Anaconda3\envs\keras\lib\site-packages\theano\configparser.py", line 373, in filter
    % (val, self.fullname, self.all)))
ValueError: Invalid value ("XXoffXX") for configuration variable "compute_test_value". Valid options are ('off', 'ignore', 'warn', 'raise', 'pdb')

======================================================================
ERROR: test_connection_pattern_override_1 (test_builders.T_OpFromGraph)
----------------------------------------------------------------------
Traceback (most recent call last):
  File "C:\ProgramData\Anaconda3\envs\keras\lib\site-packages\parameterized\parameterized.py", line 530, in standalone_func
    return func(*(a + p.args), **p.kwargs)
  File "C:\Users\mutation\Desktop\theano-testcase\tests\test_builders.py", line 293, in test_connection_pattern_override
    g1 = theano.grad(c.sum(), x)
  File "C:\ProgramData\Anaconda3\envs\keras\lib\site-packages\theano\gradient.py", line 605, in grad
    grad_dict, wrt, cost_name)
  File "C:\ProgramData\Anaconda3\envs\keras\lib\site-packages\theano\gradient.py", line 1371, in _populate_grad_dict
    rval = [access_grad_cache(elem) for elem in wrt]
  File "C:\ProgramData\Anaconda3\envs\keras\lib\site-packages\theano\gradient.py", line 1371, in <listcomp>
    rval = [access_grad_cache(elem) for elem in wrt]
  File "C:\ProgramData\Anaconda3\envs\keras\lib\site-packages\theano\gradient.py", line 1326, in access_grad_cache
    term = access_term_cache(node)[idx]
  File "C:\ProgramData\Anaconda3\envs\keras\lib\site-packages\theano\gradient.py", line 1162, in access_term_cache
    new_output_grads)
  File "C:\ProgramData\Anaconda3\envs\keras\lib\site-packages\theano\compile\builders.py", line 611, in L_op
    self._recompute_lop_op()
  File "C:\ProgramData\Anaconda3\envs\keras\lib\site-packages\theano\configparser.py", line 116, in res
    with self:
  File "C:\ProgramData\Anaconda3\envs\keras\lib\site-packages\theano\configparser.py", line 126, in __enter__
    v.__set__(None, self.new_vals[k])
  File "C:\ProgramData\Anaconda3\envs\keras\lib\site-packages\theano\configparser.py", line 346, in __set__
    self.val = self.filter(val)
  File "C:\ProgramData\Anaconda3\envs\keras\lib\site-packages\theano\configparser.py", line 373, in filter
    % (val, self.fullname, self.all)))
ValueError: Invalid value ("XXoffXX") for configuration variable "compute_test_value". Valid options are ('off', 'ignore', 'warn', 'raise', 'pdb')

======================================================================
ERROR: test_grad_0 (test_builders.T_OpFromGraph)
----------------------------------------------------------------------
Traceback (most recent call last):
  File "C:\ProgramData\Anaconda3\envs\keras\lib\site-packages\parameterized\parameterized.py", line 530, in standalone_func
    return func(*(a + p.args), **p.kwargs)
  File "C:\Users\mutation\Desktop\theano-testcase\tests\test_builders.py", line 66, in test_grad
    f = f - T.grad(T.sum(f), y)
  File "C:\ProgramData\Anaconda3\envs\keras\lib\site-packages\theano\gradient.py", line 511, in grad
    outputs, wrt, consider_constant)
  File "C:\ProgramData\Anaconda3\envs\keras\lib\site-packages\theano\gradient.py", line 930, in _populate_var_to_app_to_idx
    account_for(output)
  File "C:\ProgramData\Anaconda3\envs\keras\lib\site-packages\theano\gradient.py", line 926, in account_for
    account_for(ipt)
  File "C:\ProgramData\Anaconda3\envs\keras\lib\site-packages\theano\gradient.py", line 901, in account_for
    connection_pattern = _node_to_pattern(app)
  File "C:\ProgramData\Anaconda3\envs\keras\lib\site-packages\theano\gradient.py", line 782, in _node_to_pattern
    connection_pattern = node.op.connection_pattern(node)
  File "C:\ProgramData\Anaconda3\envs\keras\lib\site-packages\theano\compile\builders.py", line 656, in connection_pattern
    lop_op = self.get_lop_op()
  File "C:\ProgramData\Anaconda3\envs\keras\lib\site-packages\theano\compile\builders.py", line 566, in get_lop_op
    self._recompute_lop_op()
  File "C:\ProgramData\Anaconda3\envs\keras\lib\site-packages\theano\configparser.py", line 116, in res
    with self:
  File "C:\ProgramData\Anaconda3\envs\keras\lib\site-packages\theano\configparser.py", line 126, in __enter__
    v.__set__(None, self.new_vals[k])
  File "C:\ProgramData\Anaconda3\envs\keras\lib\site-packages\theano\configparser.py", line 346, in __set__
    self.val = self.filter(val)
  File "C:\ProgramData\Anaconda3\envs\keras\lib\site-packages\theano\configparser.py", line 373, in filter
    % (val, self.fullname, self.all)))
ValueError: Invalid value ("XXoffXX") for configuration variable "compute_test_value". Valid options are ('off', 'ignore', 'warn', 'raise', 'pdb')

======================================================================
ERROR: test_grad_1 (test_builders.T_OpFromGraph)
----------------------------------------------------------------------
Traceback (most recent call last):
  File "C:\ProgramData\Anaconda3\envs\keras\lib\site-packages\parameterized\parameterized.py", line 530, in standalone_func
    return func(*(a + p.args), **p.kwargs)
  File "C:\Users\mutation\Desktop\theano-testcase\tests\test_builders.py", line 66, in test_grad
    f = f - T.grad(T.sum(f), y)
  File "C:\ProgramData\Anaconda3\envs\keras\lib\site-packages\theano\gradient.py", line 511, in grad
    outputs, wrt, consider_constant)
  File "C:\ProgramData\Anaconda3\envs\keras\lib\site-packages\theano\gradient.py", line 930, in _populate_var_to_app_to_idx
    account_for(output)
  File "C:\ProgramData\Anaconda3\envs\keras\lib\site-packages\theano\gradient.py", line 926, in account_for
    account_for(ipt)
  File "C:\ProgramData\Anaconda3\envs\keras\lib\site-packages\theano\gradient.py", line 901, in account_for
    connection_pattern = _node_to_pattern(app)
  File "C:\ProgramData\Anaconda3\envs\keras\lib\site-packages\theano\gradient.py", line 782, in _node_to_pattern
    connection_pattern = node.op.connection_pattern(node)
  File "C:\ProgramData\Anaconda3\envs\keras\lib\site-packages\theano\compile\builders.py", line 656, in connection_pattern
    lop_op = self.get_lop_op()
  File "C:\ProgramData\Anaconda3\envs\keras\lib\site-packages\theano\compile\builders.py", line 566, in get_lop_op
    self._recompute_lop_op()
  File "C:\ProgramData\Anaconda3\envs\keras\lib\site-packages\theano\configparser.py", line 116, in res
    with self:
  File "C:\ProgramData\Anaconda3\envs\keras\lib\site-packages\theano\configparser.py", line 126, in __enter__
    v.__set__(None, self.new_vals[k])
  File "C:\ProgramData\Anaconda3\envs\keras\lib\site-packages\theano\configparser.py", line 346, in __set__
    self.val = self.filter(val)
  File "C:\ProgramData\Anaconda3\envs\keras\lib\site-packages\theano\configparser.py", line 373, in filter
    % (val, self.fullname, self.all)))
ValueError: Invalid value ("XXoffXX") for configuration variable "compute_test_value". Valid options are ('off', 'ignore', 'warn', 'raise', 'pdb')

======================================================================
ERROR: test_grad_grad_0 (test_builders.T_OpFromGraph)
----------------------------------------------------------------------
Traceback (most recent call last):
  File "C:\ProgramData\Anaconda3\envs\keras\lib\site-packages\parameterized\parameterized.py", line 530, in standalone_func
    return func(*(a + p.args), **p.kwargs)
  File "C:\Users\mutation\Desktop\theano-testcase\tests\test_builders.py", line 79, in test_grad_grad
    f = f - T.grad(T.sum(f), y)
  File "C:\ProgramData\Anaconda3\envs\keras\lib\site-packages\theano\gradient.py", line 511, in grad
    outputs, wrt, consider_constant)
  File "C:\ProgramData\Anaconda3\envs\keras\lib\site-packages\theano\gradient.py", line 930, in _populate_var_to_app_to_idx
    account_for(output)
  File "C:\ProgramData\Anaconda3\envs\keras\lib\site-packages\theano\gradient.py", line 926, in account_for
    account_for(ipt)
  File "C:\ProgramData\Anaconda3\envs\keras\lib\site-packages\theano\gradient.py", line 901, in account_for
    connection_pattern = _node_to_pattern(app)
  File "C:\ProgramData\Anaconda3\envs\keras\lib\site-packages\theano\gradient.py", line 782, in _node_to_pattern
    connection_pattern = node.op.connection_pattern(node)
  File "C:\ProgramData\Anaconda3\envs\keras\lib\site-packages\theano\compile\builders.py", line 656, in connection_pattern
    lop_op = self.get_lop_op()
  File "C:\ProgramData\Anaconda3\envs\keras\lib\site-packages\theano\compile\builders.py", line 566, in get_lop_op
    self._recompute_lop_op()
  File "C:\ProgramData\Anaconda3\envs\keras\lib\site-packages\theano\configparser.py", line 116, in res
    with self:
  File "C:\ProgramData\Anaconda3\envs\keras\lib\site-packages\theano\configparser.py", line 126, in __enter__
    v.__set__(None, self.new_vals[k])
  File "C:\ProgramData\Anaconda3\envs\keras\lib\site-packages\theano\configparser.py", line 346, in __set__
    self.val = self.filter(val)
  File "C:\ProgramData\Anaconda3\envs\keras\lib\site-packages\theano\configparser.py", line 373, in filter
    % (val, self.fullname, self.all)))
ValueError: Invalid value ("XXoffXX") for configuration variable "compute_test_value". Valid options are ('off', 'ignore', 'warn', 'raise', 'pdb')

======================================================================
ERROR: test_grad_grad_1 (test_builders.T_OpFromGraph)
----------------------------------------------------------------------
Traceback (most recent call last):
  File "C:\ProgramData\Anaconda3\envs\keras\lib\site-packages\parameterized\parameterized.py", line 530, in standalone_func
    return func(*(a + p.args), **p.kwargs)
  File "C:\Users\mutation\Desktop\theano-testcase\tests\test_builders.py", line 79, in test_grad_grad
    f = f - T.grad(T.sum(f), y)
  File "C:\ProgramData\Anaconda3\envs\keras\lib\site-packages\theano\gradient.py", line 511, in grad
    outputs, wrt, consider_constant)
  File "C:\ProgramData\Anaconda3\envs\keras\lib\site-packages\theano\gradient.py", line 930, in _populate_var_to_app_to_idx
    account_for(output)
  File "C:\ProgramData\Anaconda3\envs\keras\lib\site-packages\theano\gradient.py", line 926, in account_for
    account_for(ipt)
  File "C:\ProgramData\Anaconda3\envs\keras\lib\site-packages\theano\gradient.py", line 901, in account_for
    connection_pattern = _node_to_pattern(app)
  File "C:\ProgramData\Anaconda3\envs\keras\lib\site-packages\theano\gradient.py", line 782, in _node_to_pattern
    connection_pattern = node.op.connection_pattern(node)
  File "C:\ProgramData\Anaconda3\envs\keras\lib\site-packages\theano\compile\builders.py", line 656, in connection_pattern
    lop_op = self.get_lop_op()
  File "C:\ProgramData\Anaconda3\envs\keras\lib\site-packages\theano\compile\builders.py", line 566, in get_lop_op
    self._recompute_lop_op()
  File "C:\ProgramData\Anaconda3\envs\keras\lib\site-packages\theano\configparser.py", line 116, in res
    with self:
  File "C:\ProgramData\Anaconda3\envs\keras\lib\site-packages\theano\configparser.py", line 126, in __enter__
    v.__set__(None, self.new_vals[k])
  File "C:\ProgramData\Anaconda3\envs\keras\lib\site-packages\theano\configparser.py", line 346, in __set__
    self.val = self.filter(val)
  File "C:\ProgramData\Anaconda3\envs\keras\lib\site-packages\theano\configparser.py", line 373, in filter
    % (val, self.fullname, self.all)))
ValueError: Invalid value ("XXoffXX") for configuration variable "compute_test_value". Valid options are ('off', 'ignore', 'warn', 'raise', 'pdb')

======================================================================
ERROR: test_grad_override_0 (test_builders.T_OpFromGraph)
----------------------------------------------------------------------
Traceback (most recent call last):
  File "C:\ProgramData\Anaconda3\envs\keras\lib\site-packages\parameterized\parameterized.py", line 530, in standalone_func
    return func(*(a + p.args), **p.kwargs)
  File "C:\Users\mutation\Desktop\theano-testcase\tests\test_builders.py", line 145, in test_grad_override
    dx, dy = T.grad(zz, [xx, yy])
  File "C:\ProgramData\Anaconda3\envs\keras\lib\site-packages\theano\gradient.py", line 511, in grad
    outputs, wrt, consider_constant)
  File "C:\ProgramData\Anaconda3\envs\keras\lib\site-packages\theano\gradient.py", line 930, in _populate_var_to_app_to_idx
    account_for(output)
  File "C:\ProgramData\Anaconda3\envs\keras\lib\site-packages\theano\gradient.py", line 926, in account_for
    account_for(ipt)
  File "C:\ProgramData\Anaconda3\envs\keras\lib\site-packages\theano\gradient.py", line 901, in account_for
    connection_pattern = _node_to_pattern(app)
  File "C:\ProgramData\Anaconda3\envs\keras\lib\site-packages\theano\gradient.py", line 782, in _node_to_pattern
    connection_pattern = node.op.connection_pattern(node)
  File "C:\ProgramData\Anaconda3\envs\keras\lib\site-packages\theano\compile\builders.py", line 656, in connection_pattern
    lop_op = self.get_lop_op()
  File "C:\ProgramData\Anaconda3\envs\keras\lib\site-packages\theano\compile\builders.py", line 566, in get_lop_op
    self._recompute_lop_op()
  File "C:\ProgramData\Anaconda3\envs\keras\lib\site-packages\theano\configparser.py", line 116, in res
    with self:
  File "C:\ProgramData\Anaconda3\envs\keras\lib\site-packages\theano\configparser.py", line 126, in __enter__
    v.__set__(None, self.new_vals[k])
  File "C:\ProgramData\Anaconda3\envs\keras\lib\site-packages\theano\configparser.py", line 346, in __set__
    self.val = self.filter(val)
  File "C:\ProgramData\Anaconda3\envs\keras\lib\site-packages\theano\configparser.py", line 373, in filter
    % (val, self.fullname, self.all)))
ValueError: Invalid value ("XXoffXX") for configuration variable "compute_test_value". Valid options are ('off', 'ignore', 'warn', 'raise', 'pdb')

======================================================================
ERROR: test_grad_override_1 (test_builders.T_OpFromGraph)
----------------------------------------------------------------------
Traceback (most recent call last):
  File "C:\ProgramData\Anaconda3\envs\keras\lib\site-packages\parameterized\parameterized.py", line 530, in standalone_func
    return func(*(a + p.args), **p.kwargs)
  File "C:\Users\mutation\Desktop\theano-testcase\tests\test_builders.py", line 145, in test_grad_override
    dx, dy = T.grad(zz, [xx, yy])
  File "C:\ProgramData\Anaconda3\envs\keras\lib\site-packages\theano\gradient.py", line 511, in grad
    outputs, wrt, consider_constant)
  File "C:\ProgramData\Anaconda3\envs\keras\lib\site-packages\theano\gradient.py", line 930, in _populate_var_to_app_to_idx
    account_for(output)
  File "C:\ProgramData\Anaconda3\envs\keras\lib\site-packages\theano\gradient.py", line 926, in account_for
    account_for(ipt)
  File "C:\ProgramData\Anaconda3\envs\keras\lib\site-packages\theano\gradient.py", line 901, in account_for
    connection_pattern = _node_to_pattern(app)
  File "C:\ProgramData\Anaconda3\envs\keras\lib\site-packages\theano\gradient.py", line 782, in _node_to_pattern
    connection_pattern = node.op.connection_pattern(node)
  File "C:\ProgramData\Anaconda3\envs\keras\lib\site-packages\theano\compile\builders.py", line 656, in connection_pattern
    lop_op = self.get_lop_op()
  File "C:\ProgramData\Anaconda3\envs\keras\lib\site-packages\theano\compile\builders.py", line 566, in get_lop_op
    self._recompute_lop_op()
  File "C:\ProgramData\Anaconda3\envs\keras\lib\site-packages\theano\configparser.py", line 116, in res
    with self:
  File "C:\ProgramData\Anaconda3\envs\keras\lib\site-packages\theano\configparser.py", line 126, in __enter__
    v.__set__(None, self.new_vals[k])
  File "C:\ProgramData\Anaconda3\envs\keras\lib\site-packages\theano\configparser.py", line 346, in __set__
    self.val = self.filter(val)
  File "C:\ProgramData\Anaconda3\envs\keras\lib\site-packages\theano\configparser.py", line 373, in filter
    % (val, self.fullname, self.all)))
ValueError: Invalid value ("XXoffXX") for configuration variable "compute_test_value". Valid options are ('off', 'ignore', 'warn', 'raise', 'pdb')

======================================================================
ERROR: test_lop_override_0 (test_builders.T_OpFromGraph)
----------------------------------------------------------------------
Traceback (most recent call last):
  File "C:\ProgramData\Anaconda3\envs\keras\lib\site-packages\parameterized\parameterized.py", line 530, in standalone_func
    return func(*(a + p.args), **p.kwargs)
  File "C:\Users\mutation\Desktop\theano-testcase\tests\test_builders.py", line 215, in test_lop_override
    gyy2 = T.grad(yy2, xx)
  File "C:\ProgramData\Anaconda3\envs\keras\lib\site-packages\theano\gradient.py", line 511, in grad
    outputs, wrt, consider_constant)
  File "C:\ProgramData\Anaconda3\envs\keras\lib\site-packages\theano\gradient.py", line 930, in _populate_var_to_app_to_idx
    account_for(output)
  File "C:\ProgramData\Anaconda3\envs\keras\lib\site-packages\theano\gradient.py", line 926, in account_for
    account_for(ipt)
  File "C:\ProgramData\Anaconda3\envs\keras\lib\site-packages\theano\gradient.py", line 901, in account_for
    connection_pattern = _node_to_pattern(app)
  File "C:\ProgramData\Anaconda3\envs\keras\lib\site-packages\theano\gradient.py", line 782, in _node_to_pattern
    connection_pattern = node.op.connection_pattern(node)
  File "C:\ProgramData\Anaconda3\envs\keras\lib\site-packages\theano\compile\builders.py", line 656, in connection_pattern
    lop_op = self.get_lop_op()
  File "C:\ProgramData\Anaconda3\envs\keras\lib\site-packages\theano\compile\builders.py", line 566, in get_lop_op
    self._recompute_lop_op()
  File "C:\ProgramData\Anaconda3\envs\keras\lib\site-packages\theano\configparser.py", line 116, in res
    with self:
  File "C:\ProgramData\Anaconda3\envs\keras\lib\site-packages\theano\configparser.py", line 126, in __enter__
    v.__set__(None, self.new_vals[k])
  File "C:\ProgramData\Anaconda3\envs\keras\lib\site-packages\theano\configparser.py", line 346, in __set__
    self.val = self.filter(val)
  File "C:\ProgramData\Anaconda3\envs\keras\lib\site-packages\theano\configparser.py", line 373, in filter
    % (val, self.fullname, self.all)))
ValueError: Invalid value ("XXoffXX") for configuration variable "compute_test_value". Valid options are ('off', 'ignore', 'warn', 'raise', 'pdb')

======================================================================
ERROR: test_lop_override_1 (test_builders.T_OpFromGraph)
----------------------------------------------------------------------
Traceback (most recent call last):
  File "C:\ProgramData\Anaconda3\envs\keras\lib\site-packages\parameterized\parameterized.py", line 530, in standalone_func
    return func(*(a + p.args), **p.kwargs)
  File "C:\Users\mutation\Desktop\theano-testcase\tests\test_builders.py", line 215, in test_lop_override
    gyy2 = T.grad(yy2, xx)
  File "C:\ProgramData\Anaconda3\envs\keras\lib\site-packages\theano\gradient.py", line 511, in grad
    outputs, wrt, consider_constant)
  File "C:\ProgramData\Anaconda3\envs\keras\lib\site-packages\theano\gradient.py", line 930, in _populate_var_to_app_to_idx
    account_for(output)
  File "C:\ProgramData\Anaconda3\envs\keras\lib\site-packages\theano\gradient.py", line 926, in account_for
    account_for(ipt)
  File "C:\ProgramData\Anaconda3\envs\keras\lib\site-packages\theano\gradient.py", line 901, in account_for
    connection_pattern = _node_to_pattern(app)
  File "C:\ProgramData\Anaconda3\envs\keras\lib\site-packages\theano\gradient.py", line 782, in _node_to_pattern
    connection_pattern = node.op.connection_pattern(node)
  File "C:\ProgramData\Anaconda3\envs\keras\lib\site-packages\theano\compile\builders.py", line 656, in connection_pattern
    lop_op = self.get_lop_op()
  File "C:\ProgramData\Anaconda3\envs\keras\lib\site-packages\theano\compile\builders.py", line 566, in get_lop_op
    self._recompute_lop_op()
  File "C:\ProgramData\Anaconda3\envs\keras\lib\site-packages\theano\configparser.py", line 116, in res
    with self:
  File "C:\ProgramData\Anaconda3\envs\keras\lib\site-packages\theano\configparser.py", line 126, in __enter__
    v.__set__(None, self.new_vals[k])
  File "C:\ProgramData\Anaconda3\envs\keras\lib\site-packages\theano\configparser.py", line 346, in __set__
    self.val = self.filter(val)
  File "C:\ProgramData\Anaconda3\envs\keras\lib\site-packages\theano\configparser.py", line 373, in filter
    % (val, self.fullname, self.all)))
ValueError: Invalid value ("XXoffXX") for configuration variable "compute_test_value". Valid options are ('off', 'ignore', 'warn', 'raise', 'pdb')

======================================================================
ERROR: test_shared_grad_0 (test_builders.T_OpFromGraph)
----------------------------------------------------------------------
Traceback (most recent call last):
  File "C:\ProgramData\Anaconda3\envs\keras\lib\site-packages\parameterized\parameterized.py", line 530, in standalone_func
    return func(*(a + p.args), **p.kwargs)
  File "C:\Users\mutation\Desktop\theano-testcase\tests\test_builders.py", line 112, in test_shared_grad
    f = f - T.grad(T.sum(f), y)
  File "C:\ProgramData\Anaconda3\envs\keras\lib\site-packages\theano\gradient.py", line 511, in grad
    outputs, wrt, consider_constant)
  File "C:\ProgramData\Anaconda3\envs\keras\lib\site-packages\theano\gradient.py", line 930, in _populate_var_to_app_to_idx
    account_for(output)
  File "C:\ProgramData\Anaconda3\envs\keras\lib\site-packages\theano\gradient.py", line 926, in account_for
    account_for(ipt)
  File "C:\ProgramData\Anaconda3\envs\keras\lib\site-packages\theano\gradient.py", line 901, in account_for
    connection_pattern = _node_to_pattern(app)
  File "C:\ProgramData\Anaconda3\envs\keras\lib\site-packages\theano\gradient.py", line 782, in _node_to_pattern
    connection_pattern = node.op.connection_pattern(node)
  File "C:\ProgramData\Anaconda3\envs\keras\lib\site-packages\theano\compile\builders.py", line 656, in connection_pattern
    lop_op = self.get_lop_op()
  File "C:\ProgramData\Anaconda3\envs\keras\lib\site-packages\theano\compile\builders.py", line 566, in get_lop_op
    self._recompute_lop_op()
  File "C:\ProgramData\Anaconda3\envs\keras\lib\site-packages\theano\configparser.py", line 116, in res
    with self:
  File "C:\ProgramData\Anaconda3\envs\keras\lib\site-packages\theano\configparser.py", line 126, in __enter__
    v.__set__(None, self.new_vals[k])
  File "C:\ProgramData\Anaconda3\envs\keras\lib\site-packages\theano\configparser.py", line 346, in __set__
    self.val = self.filter(val)
  File "C:\ProgramData\Anaconda3\envs\keras\lib\site-packages\theano\configparser.py", line 373, in filter
    % (val, self.fullname, self.all)))
ValueError: Invalid value ("XXoffXX") for configuration variable "compute_test_value". Valid options are ('off', 'ignore', 'warn', 'raise', 'pdb')

======================================================================
ERROR: test_shared_grad_1 (test_builders.T_OpFromGraph)
----------------------------------------------------------------------
Traceback (most recent call last):
  File "C:\ProgramData\Anaconda3\envs\keras\lib\site-packages\parameterized\parameterized.py", line 530, in standalone_func
    return func(*(a + p.args), **p.kwargs)
  File "C:\Users\mutation\Desktop\theano-testcase\tests\test_builders.py", line 112, in test_shared_grad
    f = f - T.grad(T.sum(f), y)
  File "C:\ProgramData\Anaconda3\envs\keras\lib\site-packages\theano\gradient.py", line 511, in grad
    outputs, wrt, consider_constant)
  File "C:\ProgramData\Anaconda3\envs\keras\lib\site-packages\theano\gradient.py", line 930, in _populate_var_to_app_to_idx
    account_for(output)
  File "C:\ProgramData\Anaconda3\envs\keras\lib\site-packages\theano\gradient.py", line 926, in account_for
    account_for(ipt)
  File "C:\ProgramData\Anaconda3\envs\keras\lib\site-packages\theano\gradient.py", line 901, in account_for
    connection_pattern = _node_to_pattern(app)
  File "C:\ProgramData\Anaconda3\envs\keras\lib\site-packages\theano\gradient.py", line 782, in _node_to_pattern
    connection_pattern = node.op.connection_pattern(node)
  File "C:\ProgramData\Anaconda3\envs\keras\lib\site-packages\theano\compile\builders.py", line 656, in connection_pattern
    lop_op = self.get_lop_op()
  File "C:\ProgramData\Anaconda3\envs\keras\lib\site-packages\theano\compile\builders.py", line 566, in get_lop_op
    self._recompute_lop_op()
  File "C:\ProgramData\Anaconda3\envs\keras\lib\site-packages\theano\configparser.py", line 116, in res
    with self:
  File "C:\ProgramData\Anaconda3\envs\keras\lib\site-packages\theano\configparser.py", line 126, in __enter__
    v.__set__(None, self.new_vals[k])
  File "C:\ProgramData\Anaconda3\envs\keras\lib\site-packages\theano\configparser.py", line 346, in __set__
    self.val = self.filter(val)
  File "C:\ProgramData\Anaconda3\envs\keras\lib\site-packages\theano\configparser.py", line 373, in filter
    % (val, self.fullname, self.all)))
ValueError: Invalid value ("XXoffXX") for configuration variable "compute_test_value". Valid options are ('off', 'ignore', 'warn', 'raise', 'pdb')

----------------------------------------------------------------------
Ran 28 tests in 7.086s

FAILED (errors=15)
