EEEEEEEEEEEEEEEEEEEEEEEEEEEE
======================================================================
ERROR: test_compute_test_value (test_builders.T_OpFromGraph)
----------------------------------------------------------------------
Traceback (most recent call last):
  File "C:\ProgramData\Anaconda3\envs\keras\lib\site-packages\theano\configparser.py", line 117, in res
    return f(*args, **kwargs)
  File "C:\Users\mutation\Desktop\theano-testcase\tests\test_builders.py", line 381, in test_compute_test_value
    op = OpFromGraph([x], [x ** 3])
  File "C:\ProgramData\Anaconda3\envs\keras\lib\site-packages\theano\compile\builders.py", line 260, in __init__
    raise TypeError('outputs must be list, got %s' % type(outputs))
TypeError: outputs must be list, got <class 'list'>

======================================================================
ERROR: test_connection_pattern_0 (test_builders.T_OpFromGraph)
----------------------------------------------------------------------
Traceback (most recent call last):
  File "C:\ProgramData\Anaconda3\envs\keras\lib\site-packages\parameterized\parameterized.py", line 530, in standalone_func
    return func(*(a + p.args), **p.kwargs)
  File "C:\Users\mutation\Desktop\theano-testcase\tests\test_builders.py", line 324, in test_connection_pattern
    op1 = cls_ofg([x, y, z], [out1, out2])
  File "C:\ProgramData\Anaconda3\envs\keras\lib\site-packages\theano\compile\builders.py", line 260, in __init__
    raise TypeError('outputs must be list, got %s' % type(outputs))
TypeError: outputs must be list, got <class 'list'>

======================================================================
ERROR: test_connection_pattern_1 (test_builders.T_OpFromGraph)
----------------------------------------------------------------------
Traceback (most recent call last):
  File "C:\ProgramData\Anaconda3\envs\keras\lib\site-packages\parameterized\parameterized.py", line 530, in standalone_func
    return func(*(a + p.args), **p.kwargs)
  File "C:\Users\mutation\Desktop\theano-testcase\tests\test_builders.py", line 324, in test_connection_pattern
    op1 = cls_ofg([x, y, z], [out1, out2])
  File "C:\ProgramData\Anaconda3\envs\keras\lib\site-packages\theano\compile\builders.py", line 260, in __init__
    raise TypeError('outputs must be list, got %s' % type(outputs))
TypeError: outputs must be list, got <class 'list'>

======================================================================
ERROR: test_connection_pattern_override_0 (test_builders.T_OpFromGraph)
----------------------------------------------------------------------
Traceback (most recent call last):
  File "C:\ProgramData\Anaconda3\envs\keras\lib\site-packages\parameterized\parameterized.py", line 530, in standalone_func
    return func(*(a + p.args), **p.kwargs)
  File "C:\Users\mutation\Desktop\theano-testcase\tests\test_builders.py", line 289, in test_connection_pattern_override
    on_unused_input='ignore')  # This is new
  File "C:\ProgramData\Anaconda3\envs\keras\lib\site-packages\theano\compile\builders.py", line 260, in __init__
    raise TypeError('outputs must be list, got %s' % type(outputs))
TypeError: outputs must be list, got <class 'list'>

======================================================================
ERROR: test_connection_pattern_override_1 (test_builders.T_OpFromGraph)
----------------------------------------------------------------------
Traceback (most recent call last):
  File "C:\ProgramData\Anaconda3\envs\keras\lib\site-packages\parameterized\parameterized.py", line 530, in standalone_func
    return func(*(a + p.args), **p.kwargs)
  File "C:\Users\mutation\Desktop\theano-testcase\tests\test_builders.py", line 289, in test_connection_pattern_override
    on_unused_input='ignore')  # This is new
  File "C:\ProgramData\Anaconda3\envs\keras\lib\site-packages\theano\compile\builders.py", line 260, in __init__
    raise TypeError('outputs must be list, got %s' % type(outputs))
TypeError: outputs must be list, got <class 'list'>

======================================================================
ERROR: test_grad_0 (test_builders.T_OpFromGraph)
----------------------------------------------------------------------
Traceback (most recent call last):
  File "C:\ProgramData\Anaconda3\envs\keras\lib\site-packages\parameterized\parameterized.py", line 530, in standalone_func
    return func(*(a + p.args), **p.kwargs)
  File "C:\Users\mutation\Desktop\theano-testcase\tests\test_builders.py", line 64, in test_grad
    op = cls_ofg([x, y, z], [e])
  File "C:\ProgramData\Anaconda3\envs\keras\lib\site-packages\theano\compile\builders.py", line 260, in __init__
    raise TypeError('outputs must be list, got %s' % type(outputs))
TypeError: outputs must be list, got <class 'list'>

======================================================================
ERROR: test_grad_1 (test_builders.T_OpFromGraph)
----------------------------------------------------------------------
Traceback (most recent call last):
  File "C:\ProgramData\Anaconda3\envs\keras\lib\site-packages\parameterized\parameterized.py", line 530, in standalone_func
    return func(*(a + p.args), **p.kwargs)
  File "C:\Users\mutation\Desktop\theano-testcase\tests\test_builders.py", line 64, in test_grad
    op = cls_ofg([x, y, z], [e])
  File "C:\ProgramData\Anaconda3\envs\keras\lib\site-packages\theano\compile\builders.py", line 260, in __init__
    raise TypeError('outputs must be list, got %s' % type(outputs))
TypeError: outputs must be list, got <class 'list'>

======================================================================
ERROR: test_grad_grad_0 (test_builders.T_OpFromGraph)
----------------------------------------------------------------------
Traceback (most recent call last):
  File "C:\ProgramData\Anaconda3\envs\keras\lib\site-packages\parameterized\parameterized.py", line 530, in standalone_func
    return func(*(a + p.args), **p.kwargs)
  File "C:\Users\mutation\Desktop\theano-testcase\tests\test_builders.py", line 77, in test_grad_grad
    op = cls_ofg([x, y, z], [e])
  File "C:\ProgramData\Anaconda3\envs\keras\lib\site-packages\theano\compile\builders.py", line 260, in __init__
    raise TypeError('outputs must be list, got %s' % type(outputs))
TypeError: outputs must be list, got <class 'list'>

======================================================================
ERROR: test_grad_grad_1 (test_builders.T_OpFromGraph)
----------------------------------------------------------------------
Traceback (most recent call last):
  File "C:\ProgramData\Anaconda3\envs\keras\lib\site-packages\parameterized\parameterized.py", line 530, in standalone_func
    return func(*(a + p.args), **p.kwargs)
  File "C:\Users\mutation\Desktop\theano-testcase\tests\test_builders.py", line 77, in test_grad_grad
    op = cls_ofg([x, y, z], [e])
  File "C:\ProgramData\Anaconda3\envs\keras\lib\site-packages\theano\compile\builders.py", line 260, in __init__
    raise TypeError('outputs must be list, got %s' % type(outputs))
TypeError: outputs must be list, got <class 'list'>

======================================================================
ERROR: test_grad_override_0 (test_builders.T_OpFromGraph)
----------------------------------------------------------------------
Traceback (most recent call last):
  File "C:\ProgramData\Anaconda3\envs\keras\lib\site-packages\parameterized\parameterized.py", line 530, in standalone_func
    return func(*(a + p.args), **p.kwargs)
  File "C:\Users\mutation\Desktop\theano-testcase\tests\test_builders.py", line 136, in test_grad_override
    op_mul_grad = cls_ofg([x, y, dedz], go([x, y], [dedz]))
  File "C:\ProgramData\Anaconda3\envs\keras\lib\site-packages\theano\compile\builders.py", line 260, in __init__
    raise TypeError('outputs must be list, got %s' % type(outputs))
TypeError: outputs must be list, got <class 'list'>

======================================================================
ERROR: test_grad_override_1 (test_builders.T_OpFromGraph)
----------------------------------------------------------------------
Traceback (most recent call last):
  File "C:\ProgramData\Anaconda3\envs\keras\lib\site-packages\parameterized\parameterized.py", line 530, in standalone_func
    return func(*(a + p.args), **p.kwargs)
  File "C:\Users\mutation\Desktop\theano-testcase\tests\test_builders.py", line 136, in test_grad_override
    op_mul_grad = cls_ofg([x, y, dedz], go([x, y], [dedz]))
  File "C:\ProgramData\Anaconda3\envs\keras\lib\site-packages\theano\compile\builders.py", line 260, in __init__
    raise TypeError('outputs must be list, got %s' % type(outputs))
TypeError: outputs must be list, got <class 'list'>

======================================================================
ERROR: test_infer_shape (test_builders.T_OpFromGraph)
----------------------------------------------------------------------
Traceback (most recent call last):
  File "C:\Users\mutation\Desktop\theano-testcase\tests\test_builders.py", line 367, in test_infer_shape
    op_graph = OpFromGraph([x, y], [o1, o2])
  File "C:\ProgramData\Anaconda3\envs\keras\lib\site-packages\theano\compile\builders.py", line 260, in __init__
    raise TypeError('outputs must be list, got %s' % type(outputs))
TypeError: outputs must be list, got <class 'list'>

======================================================================
ERROR: test_lop_override_0 (test_builders.T_OpFromGraph)
----------------------------------------------------------------------
Traceback (most recent call last):
  File "C:\ProgramData\Anaconda3\envs\keras\lib\site-packages\parameterized\parameterized.py", line 530, in standalone_func
    return func(*(a + p.args), **p.kwargs)
  File "C:\Users\mutation\Desktop\theano-testcase\tests\test_builders.py", line 206, in test_lop_override
    op_lop_ov = cls_ofg([x, y_, dedy], [2. * y_ * (1. - y_) * dedy])
  File "C:\ProgramData\Anaconda3\envs\keras\lib\site-packages\theano\compile\builders.py", line 260, in __init__
    raise TypeError('outputs must be list, got %s' % type(outputs))
TypeError: outputs must be list, got <class 'list'>

======================================================================
ERROR: test_lop_override_1 (test_builders.T_OpFromGraph)
----------------------------------------------------------------------
Traceback (most recent call last):
  File "C:\ProgramData\Anaconda3\envs\keras\lib\site-packages\parameterized\parameterized.py", line 530, in standalone_func
    return func(*(a + p.args), **p.kwargs)
  File "C:\Users\mutation\Desktop\theano-testcase\tests\test_builders.py", line 206, in test_lop_override
    op_lop_ov = cls_ofg([x, y_, dedy], [2. * y_ * (1. - y_) * dedy])
  File "C:\ProgramData\Anaconda3\envs\keras\lib\site-packages\theano\compile\builders.py", line 260, in __init__
    raise TypeError('outputs must be list, got %s' % type(outputs))
TypeError: outputs must be list, got <class 'list'>

======================================================================
ERROR: test_nested_0 (test_builders.T_OpFromGraph)
----------------------------------------------------------------------
Traceback (most recent call last):
  File "C:\ProgramData\Anaconda3\envs\keras\lib\site-packages\parameterized\parameterized.py", line 530, in standalone_func
    return func(*(a + p.args), **p.kwargs)
  File "C:\Users\mutation\Desktop\theano-testcase\tests\test_builders.py", line 304, in test_nested
    op_ft = cls_ofg([x, y], [u, v])
  File "C:\ProgramData\Anaconda3\envs\keras\lib\site-packages\theano\compile\builders.py", line 260, in __init__
    raise TypeError('outputs must be list, got %s' % type(outputs))
TypeError: outputs must be list, got <class 'list'>

======================================================================
ERROR: test_nested_1 (test_builders.T_OpFromGraph)
----------------------------------------------------------------------
Traceback (most recent call last):
  File "C:\ProgramData\Anaconda3\envs\keras\lib\site-packages\parameterized\parameterized.py", line 530, in standalone_func
    return func(*(a + p.args), **p.kwargs)
  File "C:\Users\mutation\Desktop\theano-testcase\tests\test_builders.py", line 304, in test_nested
    op_ft = cls_ofg([x, y], [u, v])
  File "C:\ProgramData\Anaconda3\envs\keras\lib\site-packages\theano\compile\builders.py", line 260, in __init__
    raise TypeError('outputs must be list, got %s' % type(outputs))
TypeError: outputs must be list, got <class 'list'>

======================================================================
ERROR: test_rop_0 (test_builders.T_OpFromGraph)
----------------------------------------------------------------------
Traceback (most recent call last):
  File "C:\ProgramData\Anaconda3\envs\keras\lib\site-packages\parameterized\parameterized.py", line 530, in standalone_func
    return func(*(a + p.args), **p.kwargs)
  File "C:\Users\mutation\Desktop\theano-testcase\tests\test_builders.py", line 227, in test_rop
    op_matmul = cls_ofg([a, M], [b])
  File "C:\ProgramData\Anaconda3\envs\keras\lib\site-packages\theano\compile\builders.py", line 260, in __init__
    raise TypeError('outputs must be list, got %s' % type(outputs))
TypeError: outputs must be list, got <class 'list'>

======================================================================
ERROR: test_rop_1 (test_builders.T_OpFromGraph)
----------------------------------------------------------------------
Traceback (most recent call last):
  File "C:\ProgramData\Anaconda3\envs\keras\lib\site-packages\parameterized\parameterized.py", line 530, in standalone_func
    return func(*(a + p.args), **p.kwargs)
  File "C:\Users\mutation\Desktop\theano-testcase\tests\test_builders.py", line 227, in test_rop
    op_matmul = cls_ofg([a, M], [b])
  File "C:\ProgramData\Anaconda3\envs\keras\lib\site-packages\theano\compile\builders.py", line 260, in __init__
    raise TypeError('outputs must be list, got %s' % type(outputs))
TypeError: outputs must be list, got <class 'list'>

======================================================================
ERROR: test_rop_override_0 (test_builders.T_OpFromGraph)
----------------------------------------------------------------------
Traceback (most recent call last):
  File "C:\ProgramData\Anaconda3\envs\keras\lib\site-packages\parameterized\parameterized.py", line 530, in standalone_func
    return func(*(a + p.args), **p.kwargs)
  File "C:\Users\mutation\Desktop\theano-testcase\tests\test_builders.py", line 251, in test_rop_override
    op_mul_rop = cls_ofg([x, y, u, v], ro([x, y], [u, v]))
  File "C:\ProgramData\Anaconda3\envs\keras\lib\site-packages\theano\compile\builders.py", line 260, in __init__
    raise TypeError('outputs must be list, got %s' % type(outputs))
TypeError: outputs must be list, got <class 'list'>

======================================================================
ERROR: test_rop_override_1 (test_builders.T_OpFromGraph)
----------------------------------------------------------------------
Traceback (most recent call last):
  File "C:\ProgramData\Anaconda3\envs\keras\lib\site-packages\parameterized\parameterized.py", line 530, in standalone_func
    return func(*(a + p.args), **p.kwargs)
  File "C:\Users\mutation\Desktop\theano-testcase\tests\test_builders.py", line 251, in test_rop_override
    op_mul_rop = cls_ofg([x, y, u, v], ro([x, y], [u, v]))
  File "C:\ProgramData\Anaconda3\envs\keras\lib\site-packages\theano\compile\builders.py", line 260, in __init__
    raise TypeError('outputs must be list, got %s' % type(outputs))
TypeError: outputs must be list, got <class 'list'>

======================================================================
ERROR: test_shared_0 (test_builders.T_OpFromGraph)
----------------------------------------------------------------------
Traceback (most recent call last):
  File "C:\ProgramData\Anaconda3\envs\keras\lib\site-packages\parameterized\parameterized.py", line 530, in standalone_func
    return func(*(a + p.args), **p.kwargs)
  File "C:\Users\mutation\Desktop\theano-testcase\tests\test_builders.py", line 92, in test_shared
    op = cls_ofg([x, y, z], [e])
  File "C:\ProgramData\Anaconda3\envs\keras\lib\site-packages\theano\compile\builders.py", line 260, in __init__
    raise TypeError('outputs must be list, got %s' % type(outputs))
TypeError: outputs must be list, got <class 'list'>

======================================================================
ERROR: test_shared_1 (test_builders.T_OpFromGraph)
----------------------------------------------------------------------
Traceback (most recent call last):
  File "C:\ProgramData\Anaconda3\envs\keras\lib\site-packages\parameterized\parameterized.py", line 530, in standalone_func
    return func(*(a + p.args), **p.kwargs)
  File "C:\Users\mutation\Desktop\theano-testcase\tests\test_builders.py", line 92, in test_shared
    op = cls_ofg([x, y, z], [e])
  File "C:\ProgramData\Anaconda3\envs\keras\lib\site-packages\theano\compile\builders.py", line 260, in __init__
    raise TypeError('outputs must be list, got %s' % type(outputs))
TypeError: outputs must be list, got <class 'list'>

======================================================================
ERROR: test_shared_grad_0 (test_builders.T_OpFromGraph)
----------------------------------------------------------------------
Traceback (most recent call last):
  File "C:\ProgramData\Anaconda3\envs\keras\lib\site-packages\parameterized\parameterized.py", line 530, in standalone_func
    return func(*(a + p.args), **p.kwargs)
  File "C:\Users\mutation\Desktop\theano-testcase\tests\test_builders.py", line 110, in test_shared_grad
    op = cls_ofg([x, y, z], [e])
  File "C:\ProgramData\Anaconda3\envs\keras\lib\site-packages\theano\compile\builders.py", line 260, in __init__
    raise TypeError('outputs must be list, got %s' % type(outputs))
TypeError: outputs must be list, got <class 'list'>

======================================================================
ERROR: test_shared_grad_1 (test_builders.T_OpFromGraph)
----------------------------------------------------------------------
Traceback (most recent call last):
  File "C:\ProgramData\Anaconda3\envs\keras\lib\site-packages\parameterized\parameterized.py", line 530, in standalone_func
    return func(*(a + p.args), **p.kwargs)
  File "C:\Users\mutation\Desktop\theano-testcase\tests\test_builders.py", line 110, in test_shared_grad
    op = cls_ofg([x, y, z], [e])
  File "C:\ProgramData\Anaconda3\envs\keras\lib\site-packages\theano\compile\builders.py", line 260, in __init__
    raise TypeError('outputs must be list, got %s' % type(outputs))
TypeError: outputs must be list, got <class 'list'>

======================================================================
ERROR: test_size_changes_0 (test_builders.T_OpFromGraph)
----------------------------------------------------------------------
Traceback (most recent call last):
  File "C:\ProgramData\Anaconda3\envs\keras\lib\site-packages\parameterized\parameterized.py", line 530, in standalone_func
    return func(*(a + p.args), **p.kwargs)
  File "C:\Users\mutation\Desktop\theano-testcase\tests\test_builders.py", line 47, in test_size_changes
    op = cls_ofg([x, y], [e])
  File "C:\ProgramData\Anaconda3\envs\keras\lib\site-packages\theano\compile\builders.py", line 260, in __init__
    raise TypeError('outputs must be list, got %s' % type(outputs))
TypeError: outputs must be list, got <class 'list'>

======================================================================
ERROR: test_size_changes_1 (test_builders.T_OpFromGraph)
----------------------------------------------------------------------
Traceback (most recent call last):
  File "C:\ProgramData\Anaconda3\envs\keras\lib\site-packages\parameterized\parameterized.py", line 530, in standalone_func
    return func(*(a + p.args), **p.kwargs)
  File "C:\Users\mutation\Desktop\theano-testcase\tests\test_builders.py", line 47, in test_size_changes
    op = cls_ofg([x, y], [e])
  File "C:\ProgramData\Anaconda3\envs\keras\lib\site-packages\theano\compile\builders.py", line 260, in __init__
    raise TypeError('outputs must be list, got %s' % type(outputs))
TypeError: outputs must be list, got <class 'list'>

======================================================================
ERROR: test_straightforward_0 (test_builders.T_OpFromGraph)
----------------------------------------------------------------------
Traceback (most recent call last):
  File "C:\ProgramData\Anaconda3\envs\keras\lib\site-packages\parameterized\parameterized.py", line 530, in standalone_func
    return func(*(a + p.args), **p.kwargs)
  File "C:\Users\mutation\Desktop\theano-testcase\tests\test_builders.py", line 29, in test_straightforward
    op = cls_ofg([x, y, z], [e])
  File "C:\ProgramData\Anaconda3\envs\keras\lib\site-packages\theano\compile\builders.py", line 260, in __init__
    raise TypeError('outputs must be list, got %s' % type(outputs))
TypeError: outputs must be list, got <class 'list'>

======================================================================
ERROR: test_straightforward_1 (test_builders.T_OpFromGraph)
----------------------------------------------------------------------
Traceback (most recent call last):
  File "C:\ProgramData\Anaconda3\envs\keras\lib\site-packages\parameterized\parameterized.py", line 530, in standalone_func
    return func(*(a + p.args), **p.kwargs)
  File "C:\Users\mutation\Desktop\theano-testcase\tests\test_builders.py", line 29, in test_straightforward
    op = cls_ofg([x, y, z], [e])
  File "C:\ProgramData\Anaconda3\envs\keras\lib\site-packages\theano\compile\builders.py", line 260, in __init__
    raise TypeError('outputs must be list, got %s' % type(outputs))
TypeError: outputs must be list, got <class 'list'>

----------------------------------------------------------------------
Ran 28 tests in 1.788s

FAILED (errors=28)
