...........F................
======================================================================
FAIL: test_infer_shape (test_builders.T_OpFromGraph)
----------------------------------------------------------------------
Traceback (most recent call last):
  File "C:\Users\mutation\Desktop\theano-testcase\tests\test_builders.py", line 375, in test_infer_shape
    OpFromGraph)
  File "C:\ProgramData\Anaconda3\envs\keras\lib\site-packages\theano\tests\unittest_tools.py", line 269, in _compile_and_check
    assert any(isinstance(t.op, cls) for t in topo_out)
AssertionError

----------------------------------------------------------------------
Ran 28 tests in 9.498s

FAILED (failures=1)
