EEEEEEEEEEEEEEEEEEEEEEEEEEEE
======================================================================
ERROR: test_compute_test_value (test_builders.T_OpFromGraph)
----------------------------------------------------------------------
Traceback (most recent call last):
  File "C:\ProgramData\Anaconda3\envs\keras\lib\site-packages\theano\configparser.py", line 117, in res
    return f(*args, **kwargs)
  File "C:\Users\mutation\Desktop\theano-testcase\tests\test_builders.py", line 384, in test_compute_test_value
    f = op(y)
  File "C:\ProgramData\Anaconda3\envs\keras\lib\site-packages\theano\gof\op.py", line 615, in __call__
    node = self.make_node(*inputs, **kwargs)
  File "C:\ProgramData\Anaconda3\envs\keras\lib\site-packages\theano\compile\builders.py", line 634, in make_node
    "Expected %d inputs, got %d" % (num_expected_inps, len(inputs)))
ValueError: Expected 1 inputs, got 1

======================================================================
ERROR: test_connection_pattern_0 (test_builders.T_OpFromGraph)
----------------------------------------------------------------------
Traceback (most recent call last):
  File "C:\ProgramData\Anaconda3\envs\keras\lib\site-packages\parameterized\parameterized.py", line 530, in standalone_func
    return func(*(a + p.args), **p.kwargs)
  File "C:\Users\mutation\Desktop\theano-testcase\tests\test_builders.py", line 334, in test_connection_pattern
    o1, o2 = op1(m, n, p)
  File "C:\ProgramData\Anaconda3\envs\keras\lib\site-packages\theano\gof\op.py", line 615, in __call__
    node = self.make_node(*inputs, **kwargs)
  File "C:\ProgramData\Anaconda3\envs\keras\lib\site-packages\theano\compile\builders.py", line 634, in make_node
    "Expected %d inputs, got %d" % (num_expected_inps, len(inputs)))
ValueError: Expected 3 inputs, got 3

======================================================================
ERROR: test_connection_pattern_1 (test_builders.T_OpFromGraph)
----------------------------------------------------------------------
Traceback (most recent call last):
  File "C:\ProgramData\Anaconda3\envs\keras\lib\site-packages\parameterized\parameterized.py", line 530, in standalone_func
    return func(*(a + p.args), **p.kwargs)
  File "C:\Users\mutation\Desktop\theano-testcase\tests\test_builders.py", line 334, in test_connection_pattern
    o1, o2 = op1(m, n, p)
  File "C:\ProgramData\Anaconda3\envs\keras\lib\site-packages\theano\gof\op.py", line 615, in __call__
    node = self.make_node(*inputs, **kwargs)
  File "C:\ProgramData\Anaconda3\envs\keras\lib\site-packages\theano\compile\builders.py", line 634, in make_node
    "Expected %d inputs, got %d" % (num_expected_inps, len(inputs)))
ValueError: Expected 3 inputs, got 3

======================================================================
ERROR: test_connection_pattern_override_0 (test_builders.T_OpFromGraph)
----------------------------------------------------------------------
Traceback (most recent call last):
  File "C:\ProgramData\Anaconda3\envs\keras\lib\site-packages\parameterized\parameterized.py", line 530, in standalone_func
    return func(*(a + p.args), **p.kwargs)
  File "C:\Users\mutation\Desktop\theano-testcase\tests\test_builders.py", line 291, in test_connection_pattern_override
    c = op(x, y)
  File "C:\ProgramData\Anaconda3\envs\keras\lib\site-packages\theano\gof\op.py", line 615, in __call__
    node = self.make_node(*inputs, **kwargs)
  File "C:\ProgramData\Anaconda3\envs\keras\lib\site-packages\theano\compile\builders.py", line 634, in make_node
    "Expected %d inputs, got %d" % (num_expected_inps, len(inputs)))
ValueError: Expected 2 inputs, got 2

======================================================================
ERROR: test_connection_pattern_override_1 (test_builders.T_OpFromGraph)
----------------------------------------------------------------------
Traceback (most recent call last):
  File "C:\ProgramData\Anaconda3\envs\keras\lib\site-packages\parameterized\parameterized.py", line 530, in standalone_func
    return func(*(a + p.args), **p.kwargs)
  File "C:\Users\mutation\Desktop\theano-testcase\tests\test_builders.py", line 291, in test_connection_pattern_override
    c = op(x, y)
  File "C:\ProgramData\Anaconda3\envs\keras\lib\site-packages\theano\gof\op.py", line 615, in __call__
    node = self.make_node(*inputs, **kwargs)
  File "C:\ProgramData\Anaconda3\envs\keras\lib\site-packages\theano\compile\builders.py", line 634, in make_node
    "Expected %d inputs, got %d" % (num_expected_inps, len(inputs)))
ValueError: Expected 2 inputs, got 2

======================================================================
ERROR: test_grad_0 (test_builders.T_OpFromGraph)
----------------------------------------------------------------------
Traceback (most recent call last):
  File "C:\ProgramData\Anaconda3\envs\keras\lib\site-packages\parameterized\parameterized.py", line 530, in standalone_func
    return func(*(a + p.args), **p.kwargs)
  File "C:\Users\mutation\Desktop\theano-testcase\tests\test_builders.py", line 65, in test_grad
    f = op(x, y, z)
  File "C:\ProgramData\Anaconda3\envs\keras\lib\site-packages\theano\gof\op.py", line 615, in __call__
    node = self.make_node(*inputs, **kwargs)
  File "C:\ProgramData\Anaconda3\envs\keras\lib\site-packages\theano\compile\builders.py", line 634, in make_node
    "Expected %d inputs, got %d" % (num_expected_inps, len(inputs)))
ValueError: Expected 3 inputs, got 3

======================================================================
ERROR: test_grad_1 (test_builders.T_OpFromGraph)
----------------------------------------------------------------------
Traceback (most recent call last):
  File "C:\ProgramData\Anaconda3\envs\keras\lib\site-packages\parameterized\parameterized.py", line 530, in standalone_func
    return func(*(a + p.args), **p.kwargs)
  File "C:\Users\mutation\Desktop\theano-testcase\tests\test_builders.py", line 65, in test_grad
    f = op(x, y, z)
  File "C:\ProgramData\Anaconda3\envs\keras\lib\site-packages\theano\gof\op.py", line 615, in __call__
    node = self.make_node(*inputs, **kwargs)
  File "C:\ProgramData\Anaconda3\envs\keras\lib\site-packages\theano\compile\builders.py", line 634, in make_node
    "Expected %d inputs, got %d" % (num_expected_inps, len(inputs)))
ValueError: Expected 3 inputs, got 3

======================================================================
ERROR: test_grad_grad_0 (test_builders.T_OpFromGraph)
----------------------------------------------------------------------
Traceback (most recent call last):
  File "C:\ProgramData\Anaconda3\envs\keras\lib\site-packages\parameterized\parameterized.py", line 530, in standalone_func
    return func(*(a + p.args), **p.kwargs)
  File "C:\Users\mutation\Desktop\theano-testcase\tests\test_builders.py", line 78, in test_grad_grad
    f = op(x, y, z)
  File "C:\ProgramData\Anaconda3\envs\keras\lib\site-packages\theano\gof\op.py", line 615, in __call__
    node = self.make_node(*inputs, **kwargs)
  File "C:\ProgramData\Anaconda3\envs\keras\lib\site-packages\theano\compile\builders.py", line 634, in make_node
    "Expected %d inputs, got %d" % (num_expected_inps, len(inputs)))
ValueError: Expected 3 inputs, got 3

======================================================================
ERROR: test_grad_grad_1 (test_builders.T_OpFromGraph)
----------------------------------------------------------------------
Traceback (most recent call last):
  File "C:\ProgramData\Anaconda3\envs\keras\lib\site-packages\parameterized\parameterized.py", line 530, in standalone_func
    return func(*(a + p.args), **p.kwargs)
  File "C:\Users\mutation\Desktop\theano-testcase\tests\test_builders.py", line 78, in test_grad_grad
    f = op(x, y, z)
  File "C:\ProgramData\Anaconda3\envs\keras\lib\site-packages\theano\gof\op.py", line 615, in __call__
    node = self.make_node(*inputs, **kwargs)
  File "C:\ProgramData\Anaconda3\envs\keras\lib\site-packages\theano\compile\builders.py", line 634, in make_node
    "Expected %d inputs, got %d" % (num_expected_inps, len(inputs)))
ValueError: Expected 3 inputs, got 3

======================================================================
ERROR: test_grad_override_0 (test_builders.T_OpFromGraph)
----------------------------------------------------------------------
Traceback (most recent call last):
  File "C:\ProgramData\Anaconda3\envs\keras\lib\site-packages\parameterized\parameterized.py", line 530, in standalone_func
    return func(*(a + p.args), **p.kwargs)
  File "C:\Users\mutation\Desktop\theano-testcase\tests\test_builders.py", line 144, in test_grad_override
    zz = T.sum(op(xx, yy))
  File "C:\ProgramData\Anaconda3\envs\keras\lib\site-packages\theano\gof\op.py", line 615, in __call__
    node = self.make_node(*inputs, **kwargs)
  File "C:\ProgramData\Anaconda3\envs\keras\lib\site-packages\theano\compile\builders.py", line 634, in make_node
    "Expected %d inputs, got %d" % (num_expected_inps, len(inputs)))
ValueError: Expected 2 inputs, got 2

======================================================================
ERROR: test_grad_override_1 (test_builders.T_OpFromGraph)
----------------------------------------------------------------------
Traceback (most recent call last):
  File "C:\ProgramData\Anaconda3\envs\keras\lib\site-packages\parameterized\parameterized.py", line 530, in standalone_func
    return func(*(a + p.args), **p.kwargs)
  File "C:\Users\mutation\Desktop\theano-testcase\tests\test_builders.py", line 144, in test_grad_override
    zz = T.sum(op(xx, yy))
  File "C:\ProgramData\Anaconda3\envs\keras\lib\site-packages\theano\gof\op.py", line 615, in __call__
    node = self.make_node(*inputs, **kwargs)
  File "C:\ProgramData\Anaconda3\envs\keras\lib\site-packages\theano\compile\builders.py", line 634, in make_node
    "Expected %d inputs, got %d" % (num_expected_inps, len(inputs)))
ValueError: Expected 2 inputs, got 2

======================================================================
ERROR: test_infer_shape (test_builders.T_OpFromGraph)
----------------------------------------------------------------------
Traceback (most recent call last):
  File "C:\Users\mutation\Desktop\theano-testcase\tests\test_builders.py", line 372, in test_infer_shape
    op_graph(q, p),
  File "C:\ProgramData\Anaconda3\envs\keras\lib\site-packages\theano\gof\op.py", line 615, in __call__
    node = self.make_node(*inputs, **kwargs)
  File "C:\ProgramData\Anaconda3\envs\keras\lib\site-packages\theano\compile\builders.py", line 634, in make_node
    "Expected %d inputs, got %d" % (num_expected_inps, len(inputs)))
ValueError: Expected 2 inputs, got 2

======================================================================
ERROR: test_lop_override_0 (test_builders.T_OpFromGraph)
----------------------------------------------------------------------
Traceback (most recent call last):
  File "C:\ProgramData\Anaconda3\envs\keras\lib\site-packages\parameterized\parameterized.py", line 530, in standalone_func
    return func(*(a + p.args), **p.kwargs)
  File "C:\Users\mutation\Desktop\theano-testcase\tests\test_builders.py", line 214, in test_lop_override
    yy2 = T.sum(op(xx))
  File "C:\ProgramData\Anaconda3\envs\keras\lib\site-packages\theano\gof\op.py", line 615, in __call__
    node = self.make_node(*inputs, **kwargs)
  File "C:\ProgramData\Anaconda3\envs\keras\lib\site-packages\theano\compile\builders.py", line 634, in make_node
    "Expected %d inputs, got %d" % (num_expected_inps, len(inputs)))
ValueError: Expected 1 inputs, got 1

======================================================================
ERROR: test_lop_override_1 (test_builders.T_OpFromGraph)
----------------------------------------------------------------------
Traceback (most recent call last):
  File "C:\ProgramData\Anaconda3\envs\keras\lib\site-packages\parameterized\parameterized.py", line 530, in standalone_func
    return func(*(a + p.args), **p.kwargs)
  File "C:\Users\mutation\Desktop\theano-testcase\tests\test_builders.py", line 214, in test_lop_override
    yy2 = T.sum(op(xx))
  File "C:\ProgramData\Anaconda3\envs\keras\lib\site-packages\theano\gof\op.py", line 615, in __call__
    node = self.make_node(*inputs, **kwargs)
  File "C:\ProgramData\Anaconda3\envs\keras\lib\site-packages\theano\compile\builders.py", line 634, in make_node
    "Expected %d inputs, got %d" % (num_expected_inps, len(inputs)))
ValueError: Expected 1 inputs, got 1

======================================================================
ERROR: test_nested_0 (test_builders.T_OpFromGraph)
----------------------------------------------------------------------
Traceback (most recent call last):
  File "C:\ProgramData\Anaconda3\envs\keras\lib\site-packages\parameterized\parameterized.py", line 530, in standalone_func
    return func(*(a + p.args), **p.kwargs)
  File "C:\Users\mutation\Desktop\theano-testcase\tests\test_builders.py", line 308, in test_nested
    xx2, yy2 = op_ift(*op_ft(xx, yy))
  File "C:\ProgramData\Anaconda3\envs\keras\lib\site-packages\theano\gof\op.py", line 615, in __call__
    node = self.make_node(*inputs, **kwargs)
  File "C:\ProgramData\Anaconda3\envs\keras\lib\site-packages\theano\compile\builders.py", line 634, in make_node
    "Expected %d inputs, got %d" % (num_expected_inps, len(inputs)))
ValueError: Expected 2 inputs, got 2

======================================================================
ERROR: test_nested_1 (test_builders.T_OpFromGraph)
----------------------------------------------------------------------
Traceback (most recent call last):
  File "C:\ProgramData\Anaconda3\envs\keras\lib\site-packages\parameterized\parameterized.py", line 530, in standalone_func
    return func(*(a + p.args), **p.kwargs)
  File "C:\Users\mutation\Desktop\theano-testcase\tests\test_builders.py", line 308, in test_nested
    xx2, yy2 = op_ift(*op_ft(xx, yy))
  File "C:\ProgramData\Anaconda3\envs\keras\lib\site-packages\theano\gof\op.py", line 615, in __call__
    node = self.make_node(*inputs, **kwargs)
  File "C:\ProgramData\Anaconda3\envs\keras\lib\site-packages\theano\compile\builders.py", line 634, in make_node
    "Expected %d inputs, got %d" % (num_expected_inps, len(inputs)))
ValueError: Expected 2 inputs, got 2

======================================================================
ERROR: test_rop_0 (test_builders.T_OpFromGraph)
----------------------------------------------------------------------
Traceback (most recent call last):
  File "C:\ProgramData\Anaconda3\envs\keras\lib\site-packages\parameterized\parameterized.py", line 530, in standalone_func
    return func(*(a + p.args), **p.kwargs)
  File "C:\Users\mutation\Desktop\theano-testcase\tests\test_builders.py", line 230, in test_rop
    y = op_matmul(x, W)
  File "C:\ProgramData\Anaconda3\envs\keras\lib\site-packages\theano\gof\op.py", line 615, in __call__
    node = self.make_node(*inputs, **kwargs)
  File "C:\ProgramData\Anaconda3\envs\keras\lib\site-packages\theano\compile\builders.py", line 634, in make_node
    "Expected %d inputs, got %d" % (num_expected_inps, len(inputs)))
ValueError: Expected 2 inputs, got 2

======================================================================
ERROR: test_rop_1 (test_builders.T_OpFromGraph)
----------------------------------------------------------------------
Traceback (most recent call last):
  File "C:\ProgramData\Anaconda3\envs\keras\lib\site-packages\parameterized\parameterized.py", line 530, in standalone_func
    return func(*(a + p.args), **p.kwargs)
  File "C:\Users\mutation\Desktop\theano-testcase\tests\test_builders.py", line 230, in test_rop
    y = op_matmul(x, W)
  File "C:\ProgramData\Anaconda3\envs\keras\lib\site-packages\theano\gof\op.py", line 615, in __call__
    node = self.make_node(*inputs, **kwargs)
  File "C:\ProgramData\Anaconda3\envs\keras\lib\site-packages\theano\compile\builders.py", line 634, in make_node
    "Expected %d inputs, got %d" % (num_expected_inps, len(inputs)))
ValueError: Expected 2 inputs, got 2

======================================================================
ERROR: test_rop_override_0 (test_builders.T_OpFromGraph)
----------------------------------------------------------------------
Traceback (most recent call last):
  File "C:\ProgramData\Anaconda3\envs\keras\lib\site-packages\parameterized\parameterized.py", line 530, in standalone_func
    return func(*(a + p.args), **p.kwargs)
  File "C:\Users\mutation\Desktop\theano-testcase\tests\test_builders.py", line 259, in test_rop_override
    zz = op_mul(xx, yy)
  File "C:\ProgramData\Anaconda3\envs\keras\lib\site-packages\theano\gof\op.py", line 615, in __call__
    node = self.make_node(*inputs, **kwargs)
  File "C:\ProgramData\Anaconda3\envs\keras\lib\site-packages\theano\compile\builders.py", line 634, in make_node
    "Expected %d inputs, got %d" % (num_expected_inps, len(inputs)))
ValueError: Expected 2 inputs, got 2

======================================================================
ERROR: test_rop_override_1 (test_builders.T_OpFromGraph)
----------------------------------------------------------------------
Traceback (most recent call last):
  File "C:\ProgramData\Anaconda3\envs\keras\lib\site-packages\parameterized\parameterized.py", line 530, in standalone_func
    return func(*(a + p.args), **p.kwargs)
  File "C:\Users\mutation\Desktop\theano-testcase\tests\test_builders.py", line 259, in test_rop_override
    zz = op_mul(xx, yy)
  File "C:\ProgramData\Anaconda3\envs\keras\lib\site-packages\theano\gof\op.py", line 615, in __call__
    node = self.make_node(*inputs, **kwargs)
  File "C:\ProgramData\Anaconda3\envs\keras\lib\site-packages\theano\compile\builders.py", line 634, in make_node
    "Expected %d inputs, got %d" % (num_expected_inps, len(inputs)))
ValueError: Expected 2 inputs, got 2

======================================================================
ERROR: test_shared_0 (test_builders.T_OpFromGraph)
----------------------------------------------------------------------
Traceback (most recent call last):
  File "C:\ProgramData\Anaconda3\envs\keras\lib\site-packages\parameterized\parameterized.py", line 530, in standalone_func
    return func(*(a + p.args), **p.kwargs)
  File "C:\Users\mutation\Desktop\theano-testcase\tests\test_builders.py", line 94, in test_shared
    f = op(x, y, z) - op(y, z, x)
  File "C:\ProgramData\Anaconda3\envs\keras\lib\site-packages\theano\gof\op.py", line 615, in __call__
    node = self.make_node(*inputs, **kwargs)
  File "C:\ProgramData\Anaconda3\envs\keras\lib\site-packages\theano\compile\builders.py", line 634, in make_node
    "Expected %d inputs, got %d" % (num_expected_inps, len(inputs)))
ValueError: Expected 3 inputs, got 3

======================================================================
ERROR: test_shared_1 (test_builders.T_OpFromGraph)
----------------------------------------------------------------------
Traceback (most recent call last):
  File "C:\ProgramData\Anaconda3\envs\keras\lib\site-packages\parameterized\parameterized.py", line 530, in standalone_func
    return func(*(a + p.args), **p.kwargs)
  File "C:\Users\mutation\Desktop\theano-testcase\tests\test_builders.py", line 94, in test_shared
    f = op(x, y, z) - op(y, z, x)
  File "C:\ProgramData\Anaconda3\envs\keras\lib\site-packages\theano\gof\op.py", line 615, in __call__
    node = self.make_node(*inputs, **kwargs)
  File "C:\ProgramData\Anaconda3\envs\keras\lib\site-packages\theano\compile\builders.py", line 634, in make_node
    "Expected %d inputs, got %d" % (num_expected_inps, len(inputs)))
ValueError: Expected 3 inputs, got 3

======================================================================
ERROR: test_shared_grad_0 (test_builders.T_OpFromGraph)
----------------------------------------------------------------------
Traceback (most recent call last):
  File "C:\ProgramData\Anaconda3\envs\keras\lib\site-packages\parameterized\parameterized.py", line 530, in standalone_func
    return func(*(a + p.args), **p.kwargs)
  File "C:\Users\mutation\Desktop\theano-testcase\tests\test_builders.py", line 111, in test_shared_grad
    f = op(x, y, z)
  File "C:\ProgramData\Anaconda3\envs\keras\lib\site-packages\theano\gof\op.py", line 615, in __call__
    node = self.make_node(*inputs, **kwargs)
  File "C:\ProgramData\Anaconda3\envs\keras\lib\site-packages\theano\compile\builders.py", line 634, in make_node
    "Expected %d inputs, got %d" % (num_expected_inps, len(inputs)))
ValueError: Expected 3 inputs, got 3

======================================================================
ERROR: test_shared_grad_1 (test_builders.T_OpFromGraph)
----------------------------------------------------------------------
Traceback (most recent call last):
  File "C:\ProgramData\Anaconda3\envs\keras\lib\site-packages\parameterized\parameterized.py", line 530, in standalone_func
    return func(*(a + p.args), **p.kwargs)
  File "C:\Users\mutation\Desktop\theano-testcase\tests\test_builders.py", line 111, in test_shared_grad
    f = op(x, y, z)
  File "C:\ProgramData\Anaconda3\envs\keras\lib\site-packages\theano\gof\op.py", line 615, in __call__
    node = self.make_node(*inputs, **kwargs)
  File "C:\ProgramData\Anaconda3\envs\keras\lib\site-packages\theano\compile\builders.py", line 634, in make_node
    "Expected %d inputs, got %d" % (num_expected_inps, len(inputs)))
ValueError: Expected 3 inputs, got 3

======================================================================
ERROR: test_size_changes_0 (test_builders.T_OpFromGraph)
----------------------------------------------------------------------
Traceback (most recent call last):
  File "C:\ProgramData\Anaconda3\envs\keras\lib\site-packages\parameterized\parameterized.py", line 530, in standalone_func
    return func(*(a + p.args), **p.kwargs)
  File "C:\Users\mutation\Desktop\theano-testcase\tests\test_builders.py", line 48, in test_size_changes
    f = op(x, op(y, z))
  File "C:\ProgramData\Anaconda3\envs\keras\lib\site-packages\theano\gof\op.py", line 615, in __call__
    node = self.make_node(*inputs, **kwargs)
  File "C:\ProgramData\Anaconda3\envs\keras\lib\site-packages\theano\compile\builders.py", line 634, in make_node
    "Expected %d inputs, got %d" % (num_expected_inps, len(inputs)))
ValueError: Expected 2 inputs, got 2

======================================================================
ERROR: test_size_changes_1 (test_builders.T_OpFromGraph)
----------------------------------------------------------------------
Traceback (most recent call last):
  File "C:\ProgramData\Anaconda3\envs\keras\lib\site-packages\parameterized\parameterized.py", line 530, in standalone_func
    return func(*(a + p.args), **p.kwargs)
  File "C:\Users\mutation\Desktop\theano-testcase\tests\test_builders.py", line 48, in test_size_changes
    f = op(x, op(y, z))
  File "C:\ProgramData\Anaconda3\envs\keras\lib\site-packages\theano\gof\op.py", line 615, in __call__
    node = self.make_node(*inputs, **kwargs)
  File "C:\ProgramData\Anaconda3\envs\keras\lib\site-packages\theano\compile\builders.py", line 634, in make_node
    "Expected %d inputs, got %d" % (num_expected_inps, len(inputs)))
ValueError: Expected 2 inputs, got 2

======================================================================
ERROR: test_straightforward_0 (test_builders.T_OpFromGraph)
----------------------------------------------------------------------
Traceback (most recent call last):
  File "C:\ProgramData\Anaconda3\envs\keras\lib\site-packages\parameterized\parameterized.py", line 530, in standalone_func
    return func(*(a + p.args), **p.kwargs)
  File "C:\Users\mutation\Desktop\theano-testcase\tests\test_builders.py", line 31, in test_straightforward
    f = op(x, y, z) - op(y, z, x)
  File "C:\ProgramData\Anaconda3\envs\keras\lib\site-packages\theano\gof\op.py", line 615, in __call__
    node = self.make_node(*inputs, **kwargs)
  File "C:\ProgramData\Anaconda3\envs\keras\lib\site-packages\theano\compile\builders.py", line 634, in make_node
    "Expected %d inputs, got %d" % (num_expected_inps, len(inputs)))
ValueError: Expected 3 inputs, got 3

======================================================================
ERROR: test_straightforward_1 (test_builders.T_OpFromGraph)
----------------------------------------------------------------------
Traceback (most recent call last):
  File "C:\ProgramData\Anaconda3\envs\keras\lib\site-packages\parameterized\parameterized.py", line 530, in standalone_func
    return func(*(a + p.args), **p.kwargs)
  File "C:\Users\mutation\Desktop\theano-testcase\tests\test_builders.py", line 31, in test_straightforward
    f = op(x, y, z) - op(y, z, x)
  File "C:\ProgramData\Anaconda3\envs\keras\lib\site-packages\theano\gof\op.py", line 615, in __call__
    node = self.make_node(*inputs, **kwargs)
  File "C:\ProgramData\Anaconda3\envs\keras\lib\site-packages\theano\compile\builders.py", line 634, in make_node
    "Expected %d inputs, got %d" % (num_expected_inps, len(inputs)))
ValueError: Expected 3 inputs, got 3

----------------------------------------------------------------------
Ran 28 tests in 1.843s

FAILED (errors=28)
