...EE....EE.................
======================================================================
ERROR: test_connection_pattern_override_0 (test_builders.T_OpFromGraph)
----------------------------------------------------------------------
Traceback (most recent call last):
  File "C:\ProgramData\Anaconda3\envs\keras\lib\site-packages\parameterized\parameterized.py", line 530, in standalone_func
    return func(*(a + p.args), **p.kwargs)
  File "C:\Users\mutation\Desktop\theano-testcase\tests\test_builders.py", line 289, in test_connection_pattern_override
    on_unused_input='ignore')  # This is new
  File "C:\ProgramData\Anaconda3\envs\keras\lib\site-packages\theano\compile\builders.py", line 295, in __init__
    raise ValueError('lop_overrides and grad_overrides are mutually exclusive')
ValueError: lop_overrides and grad_overrides are mutually exclusive

======================================================================
ERROR: test_connection_pattern_override_1 (test_builders.T_OpFromGraph)
----------------------------------------------------------------------
Traceback (most recent call last):
  File "C:\ProgramData\Anaconda3\envs\keras\lib\site-packages\parameterized\parameterized.py", line 530, in standalone_func
    return func(*(a + p.args), **p.kwargs)
  File "C:\Users\mutation\Desktop\theano-testcase\tests\test_builders.py", line 289, in test_connection_pattern_override
    on_unused_input='ignore')  # This is new
  File "C:\ProgramData\Anaconda3\envs\keras\lib\site-packages\theano\compile\builders.py", line 295, in __init__
    raise ValueError('lop_overrides and grad_overrides are mutually exclusive')
ValueError: lop_overrides and grad_overrides are mutually exclusive

======================================================================
ERROR: test_grad_override_0 (test_builders.T_OpFromGraph)
----------------------------------------------------------------------
Traceback (most recent call last):
  File "C:\ProgramData\Anaconda3\envs\keras\lib\site-packages\parameterized\parameterized.py", line 530, in standalone_func
    return func(*(a + p.args), **p.kwargs)
  File "C:\Users\mutation\Desktop\theano-testcase\tests\test_builders.py", line 138, in test_grad_override
    op_mul = cls_ofg([x, y], [x * y], grad_overrides=go)
  File "C:\ProgramData\Anaconda3\envs\keras\lib\site-packages\theano\compile\builders.py", line 295, in __init__
    raise ValueError('lop_overrides and grad_overrides are mutually exclusive')
ValueError: lop_overrides and grad_overrides are mutually exclusive

======================================================================
ERROR: test_grad_override_1 (test_builders.T_OpFromGraph)
----------------------------------------------------------------------
Traceback (most recent call last):
  File "C:\ProgramData\Anaconda3\envs\keras\lib\site-packages\parameterized\parameterized.py", line 530, in standalone_func
    return func(*(a + p.args), **p.kwargs)
  File "C:\Users\mutation\Desktop\theano-testcase\tests\test_builders.py", line 138, in test_grad_override
    op_mul = cls_ofg([x, y], [x * y], grad_overrides=go)
  File "C:\ProgramData\Anaconda3\envs\keras\lib\site-packages\theano\compile\builders.py", line 295, in __init__
    raise ValueError('lop_overrides and grad_overrides are mutually exclusive')
ValueError: lop_overrides and grad_overrides are mutually exclusive

----------------------------------------------------------------------
Ran 28 tests in 9.092s

FAILED (errors=4)
