2020-10-04 18:58:10.355089: I tensorflow/stream_executor/platform/default/dso_loader.cc:44] Successfully opened dynamic library cudart64_100.dll
============================= test session starts =============================
platform win32 -- Python 3.6.12, pytest-6.0.2, py-1.9.0, pluggy-0.13.1
rootdir: C:\Users\mutation\Desktop\testcase\tests\keras\legacy
plugins: flaky-3.7.0
collected 38 items

interface_test.py ..........................F...........                 [100%]Using TensorFlow backend.


================================== FAILURES ===================================
________________________ test_conv3d_legacy_interface _________________________

    def test_conv3d_legacy_interface():
        old_layer = keras.layers.Convolution3D(5, 3, 3, 4, name='conv')
>       new_layer = keras.layers.Conv3D(5, (3, 3, 4), name='conv')

interface_test.py:621: 
_ _ _ _ _ _ _ _ _ _ _ _ _ _ _ _ _ _ _ _ _ _ _ _ _ _ _ _ _ _ _ _ _ _ _ _ _ _ _ _
C:\ProgramData\Anaconda3\envs\keras\lib\site-packages\keras\legacy\interfaces.py:34: in wrapper
    args, kwargs, converted = preprocessor(args, kwargs)
_ _ _ _ _ _ _ _ _ _ _ _ _ _ _ _ _ _ _ _ _ _ _ _ _ _ _ _ _ _ _ _ _ _ _ _ _ _ _ _

args = (<keras.layers.convolutional.Conv3D object at 0x0000021C1F83DC50>, 5, (3, 3, 4))
kwargs = {'name': 'conv'}

    def conv3d_args_preprocessor(args, kwargs):
        converted = []
        if len(args) > 5:
            raise TypeError('Layer can receive at most 4 positional arguments.')
        if len(args) == 5:
            if all([isinstance(x, int) for x in args[2:5]]):
                kernel_size = (args[2], args[3], args[4])
                args = [args[0], args[1], kernel_size]
                converted.append(('kernel_size', 'kernel_dim*'))
>       elif len(args) == 4 or isinstance(args[3], int):
E       IndexError: tuple index out of range

C:\ProgramData\Anaconda3\envs\keras\lib\site-packages\keras\legacy\interfaces.py:386: IndexError
============================== warnings summary ===============================
interface_test.py::test_embedding_legacy_interface
  C:\Users\mutation\Desktop\testcase\tests\keras\legacy\interface_test.py:55: UserWarning: The `dropout` argument is no longer support in `Embedding`. You can apply a `keras.layers.SpatialDropout1D` layer right after the `Embedding` layer to get the same behavior.
    old_layer = keras.layers.Embedding(1, 1, dropout=0.0, name='d')

interface_test.py::test_lstm_legacy_interface
  C:\Users\mutation\Desktop\testcase\tests\keras\legacy\interface_test.py:111: UserWarning: The `input_dim` and `input_length` arguments in recurrent layers are deprecated. Use `input_shape` instead.
    output_dim=2, name='d', consume_less='mem')

interface_test.py::test_lstm_legacy_interface
  C:\Users\mutation\Desktop\testcase\tests\keras\legacy\interface_test.py:116: UserWarning: The `input_dim` and `input_length` arguments in recurrent layers are deprecated. Use `input_shape` instead.
    output_dim=2, name='d', consume_less='mem')

interface_test.py::test_lstm_legacy_interface
  C:\Users\mutation\Desktop\testcase\tests\keras\legacy\interface_test.py:159: UserWarning: The `forget_bias_init` argument has been ignored. Use `unit_forget_bias=True` instead to initialize with ones.
    name='LSTM')

interface_test.py::test_atrousconv1d_legacy_interface
  C:\ProgramData\Anaconda3\envs\keras\lib\site-packages\keras\legacy\layers.py:290: UserWarning: The `AtrousConvolution1D` layer  has been deprecated. Use instead the `Conv1D` layer with the `dilation_rate` argument.
    warnings.warn('The `AtrousConvolution1D` layer '

interface_test.py::test_atrousconv2d_legacy_interface
  C:\ProgramData\Anaconda3\envs\keras\lib\site-packages\keras\legacy\layers.py:304: UserWarning: The `AtrousConvolution2D` layer  has been deprecated. Use instead the `Conv2D` layer with the `dilation_rate` argument.
    warnings.warn('The `AtrousConvolution2D` layer '

-- Docs: https://docs.pytest.org/en/stable/warnings.html
=========================== short test summary info ===========================
FAILED interface_test.py::test_conv3d_legacy_interface - IndexError: tuple in...
================== 1 failed, 37 passed, 6 warnings in 1.53s ===================
