2020-10-04 19:01:19.758540: I tensorflow/stream_executor/platform/default/dso_loader.cc:44] Successfully opened dynamic library cudart64_100.dll
============================= test session starts =============================
platform win32 -- Python 3.6.12, pytest-6.0.2, py-1.9.0, pluggy-0.13.1
rootdir: C:\Users\mutation\Desktop\testcase\tests\keras\legacy
plugins: flaky-3.7.0
collected 38 items

interface_test.py ..........................F...........                 [100%]Using TensorFlow backend.


================================== FAILURES ===================================
________________________ test_conv3d_legacy_interface _________________________

    def test_conv3d_legacy_interface():
>       old_layer = keras.layers.Convolution3D(5, 3, 3, 4, name='conv')

interface_test.py:620: 
_ _ _ _ _ _ _ _ _ _ _ _ _ _ _ _ _ _ _ _ _ _ _ _ _ _ _ _ _ _ _ _ _ _ _ _ _ _ _ _

args = (<keras.layers.convolutional.Conv3D object at 0x00000212B552D438>, 5, 3, 3, 4)
kwargs = {'name': 'conv'}, object_name = 'Conv3D', converted = []

    @six.wraps(func)
    def wrapper(*args, **kwargs):
        if object_type == 'class':
            object_name = args[0].__class__.__name__
        else:
            object_name = func.__name__
        if preprocessor:
            args, kwargs, converted = preprocessor(args, kwargs)
        else:
            converted = []
        if check_positional_args:
            if len(args) > len(allowed_positional_args) + 1:
                raise TypeError('`' + object_name +
                                '` can accept only ' +
                                str(len(allowed_positional_args)) +
                                ' positional arguments ' +
                                str(tuple(allowed_positional_args)) +
                                ', but you passed the following '
                                'positional arguments: ' +
>                               str(list(args[1:])))
E               TypeError: `Conv3D` can accept only 2 positional arguments ('filters', 'kernel_size'), but you passed the following positional arguments: [5, 3, 3, 4]

C:\ProgramData\Anaconda3\envs\keras\lib\site-packages\keras\legacy\interfaces.py:46: TypeError
============================== warnings summary ===============================
interface_test.py::test_embedding_legacy_interface
  C:\Users\mutation\Desktop\testcase\tests\keras\legacy\interface_test.py:55: UserWarning: The `dropout` argument is no longer support in `Embedding`. You can apply a `keras.layers.SpatialDropout1D` layer right after the `Embedding` layer to get the same behavior.
    old_layer = keras.layers.Embedding(1, 1, dropout=0.0, name='d')

interface_test.py::test_lstm_legacy_interface
  C:\Users\mutation\Desktop\testcase\tests\keras\legacy\interface_test.py:111: UserWarning: The `input_dim` and `input_length` arguments in recurrent layers are deprecated. Use `input_shape` instead.
    output_dim=2, name='d', consume_less='mem')

interface_test.py::test_lstm_legacy_interface
  C:\Users\mutation\Desktop\testcase\tests\keras\legacy\interface_test.py:116: UserWarning: The `input_dim` and `input_length` arguments in recurrent layers are deprecated. Use `input_shape` instead.
    output_dim=2, name='d', consume_less='mem')

interface_test.py::test_lstm_legacy_interface
  C:\Users\mutation\Desktop\testcase\tests\keras\legacy\interface_test.py:159: UserWarning: The `forget_bias_init` argument has been ignored. Use `unit_forget_bias=True` instead to initialize with ones.
    name='LSTM')

interface_test.py::test_atrousconv1d_legacy_interface
  C:\ProgramData\Anaconda3\envs\keras\lib\site-packages\keras\legacy\layers.py:290: UserWarning: The `AtrousConvolution1D` layer  has been deprecated. Use instead the `Conv1D` layer with the `dilation_rate` argument.
    warnings.warn('The `AtrousConvolution1D` layer '

interface_test.py::test_atrousconv2d_legacy_interface
  C:\ProgramData\Anaconda3\envs\keras\lib\site-packages\keras\legacy\layers.py:304: UserWarning: The `AtrousConvolution2D` layer  has been deprecated. Use instead the `Conv2D` layer with the `dilation_rate` argument.
    warnings.warn('The `AtrousConvolution2D` layer '

-- Docs: https://docs.pytest.org/en/stable/warnings.html
=========================== short test summary info ===========================
FAILED interface_test.py::test_conv3d_legacy_interface - TypeError: `Conv3D` ...
================== 1 failed, 37 passed, 6 warnings in 1.50s ===================
