2020-10-04 15:16:00.289018: I tensorflow/stream_executor/platform/default/dso_loader.cc:44] Successfully opened dynamic library cudart64_100.dll
============================= test session starts =============================
platform win32 -- Python 3.6.12, pytest-6.0.2, py-1.9.0, pluggy-0.13.1
rootdir: C:\Users\mutation\Desktop\testcase\tests\keras\utils
plugins: flaky-3.7.0
collected 7 items

conv_utils_test.py ..F....                                               [100%]Using TensorFlow backend.


================================== FAILURES ===================================
____________________________ test_invalid_padding _____________________________

    def test_invalid_padding():
        with pytest.raises(ValueError):
>           conv_utils.normalize_padding('diagonal')

conv_utils_test.py:26: 
_ _ _ _ _ _ _ _ _ _ _ _ _ _ _ _ _ _ _ _ _ _ _ _ _ _ _ _ _ _ _ _ _ _ _ _ _ _ _ _

value = 'diagonal'

    def normalize_padding(value):
        padding = value.lower()
        allowed = None
        if K.backend() == 'theano':
            allowed.add('full')
>       if padding not in allowed:
E       TypeError: argument of type 'NoneType' is not iterable

C:\ProgramData\Anaconda3\envs\keras\lib\site-packages\keras\utils\conv_utils.py:56: TypeError
=========================== short test summary info ===========================
FAILED conv_utils_test.py::test_invalid_padding - TypeError: argument of type...
========================= 1 failed, 6 passed in 1.37s =========================
