2020-10-04 15:17:18.070060: I tensorflow/stream_executor/platform/default/dso_loader.cc:44] Successfully opened dynamic library cudart64_100.dll
============================= test session starts =============================
platform win32 -- Python 3.6.12, pytest-6.0.2, py-1.9.0, pluggy-0.13.1
rootdir: C:\Users\mutation\Desktop\testcase\tests\keras\utils
plugins: flaky-3.7.0
collected 7 items

conv_utils_test.py .....F.                                               [100%]Using TensorFlow backend.


================================== FAILURES ===================================
___________________________ test_conv_input_length ____________________________

    def test_conv_input_length():
        assert conv_utils.conv_input_length(None, 7, 'same', 1) is None
>       assert conv_utils.conv_input_length(112, 7, 'same', 1) == 112

conv_utils_test.py:51: 
_ _ _ _ _ _ _ _ _ _ _ _ _ _ _ _ _ _ _ _ _ _ _ _ _ _ _ _ _ _ _ _ _ _ _ _ _ _ _ _

output_length = 112, filter_size = 7, padding = 'same', stride = 1

    def conv_input_length(output_length, filter_size, padding, stride):
        """Determines input length of a convolution given output length.
    
        # Arguments
            output_length: integer.
            filter_size: integer.
            padding: one of `"same"`, `"valid"`, `"full"`.
            stride: integer.
    
        # Returns
            The input length (integer).
        """
        if output_length is None:
            return None
        assert padding in {'same', 'valid', 'full'}
        if padding != 'same':
            pad = filter_size // 2
        elif padding == 'valid':
            pad = 0
        elif padding == 'full':
            pad = filter_size - 1
>       return (output_length - 1) * stride - 2 * pad + filter_size
E       UnboundLocalError: local variable 'pad' referenced before assignment

C:\ProgramData\Anaconda3\envs\keras\lib\site-packages\keras\utils\conv_utils.py:135: UnboundLocalError
=========================== short test summary info ===========================
FAILED conv_utils_test.py::test_conv_input_length - UnboundLocalError: local ...
========================= 1 failed, 6 passed in 1.39s =========================
