FE.E.E....E...........s...........E......
======================================================================
ERROR: test_borrow_output (__main__.T_function)
----------------------------------------------------------------------
Traceback (most recent call last):
  File "test_function_module.py", line 514, in test_borrow_output
    f = function([a], Out(a, borrow=False))
  File "C:\ProgramData\Anaconda3\envs\keras\lib\site-packages\theano\compile\function.py", line 317, in function
    output_keys=output_keys)
  File "C:\ProgramData\Anaconda3\envs\keras\lib\site-packages\theano\compile\pfunc.py", line 486, in pfunc
    output_keys=output_keys)
  File "C:\ProgramData\Anaconda3\envs\keras\lib\site-packages\theano\compile\function_module.py", line 1839, in orig_function
    name=name)
  File "C:\ProgramData\Anaconda3\envs\keras\lib\site-packages\theano\compile\function_module.py", line 1526, in __init__
    insert_deepcopy(fgraph, inputs, outputs + additional_outputs)
  File "C:\ProgramData\Anaconda3\envs\keras\lib\site-packages\theano\compile\function_module.py", line 1127, in insert_deepcopy
    view_tree_set(alias_root(fgraph.outputs[i]), views_of_output_i)
  File "C:\ProgramData\Anaconda3\envs\keras\lib\site-packages\theano\compile\function_module.py", line 50, in alias_root
    vmap = getattr(v.owner.op, 'view_map', {})
AttributeError: 'NoneType' object has no attribute 'op'

======================================================================
ERROR: test_constant_output (__main__.T_function)
----------------------------------------------------------------------
Traceback (most recent call last):
  File "test_function_module.py", line 467, in test_constant_output
    f = theano.function([], theano.tensor.constant([4]))
  File "C:\ProgramData\Anaconda3\envs\keras\lib\site-packages\theano\compile\function.py", line 317, in function
    output_keys=output_keys)
  File "C:\ProgramData\Anaconda3\envs\keras\lib\site-packages\theano\compile\pfunc.py", line 486, in pfunc
    output_keys=output_keys)
  File "C:\ProgramData\Anaconda3\envs\keras\lib\site-packages\theano\compile\function_module.py", line 1839, in orig_function
    name=name)
  File "C:\ProgramData\Anaconda3\envs\keras\lib\site-packages\theano\compile\function_module.py", line 1526, in __init__
    insert_deepcopy(fgraph, inputs, outputs + additional_outputs)
  File "C:\ProgramData\Anaconda3\envs\keras\lib\site-packages\theano\compile\function_module.py", line 1127, in insert_deepcopy
    view_tree_set(alias_root(fgraph.outputs[i]), views_of_output_i)
  File "C:\ProgramData\Anaconda3\envs\keras\lib\site-packages\theano\compile\function_module.py", line 50, in alias_root
    vmap = getattr(v.owner.op, 'view_map', {})
AttributeError: 'NoneType' object has no attribute 'op'

======================================================================
ERROR: test_copy_delete_updates (__main__.T_function)
----------------------------------------------------------------------
Traceback (most recent call last):
  File "test_function_module.py", line 388, in test_copy_delete_updates
    ori = theano.function([x], x, mode=mode, updates={z: z * 2})
  File "C:\ProgramData\Anaconda3\envs\keras\lib\site-packages\theano\compile\function.py", line 317, in function
    output_keys=output_keys)
  File "C:\ProgramData\Anaconda3\envs\keras\lib\site-packages\theano\compile\pfunc.py", line 486, in pfunc
    output_keys=output_keys)
  File "C:\ProgramData\Anaconda3\envs\keras\lib\site-packages\theano\compile\function_module.py", line 1839, in orig_function
    name=name)
  File "C:\ProgramData\Anaconda3\envs\keras\lib\site-packages\theano\compile\function_module.py", line 1526, in __init__
    insert_deepcopy(fgraph, inputs, outputs + additional_outputs)
  File "C:\ProgramData\Anaconda3\envs\keras\lib\site-packages\theano\compile\function_module.py", line 1127, in insert_deepcopy
    view_tree_set(alias_root(fgraph.outputs[i]), views_of_output_i)
  File "C:\ProgramData\Anaconda3\envs\keras\lib\site-packages\theano\compile\function_module.py", line 50, in alias_root
    vmap = getattr(v.owner.op, 'view_map', {})
AttributeError: 'NoneType' object has no attribute 'op'

======================================================================
ERROR: test_extra_inputs (__main__.T_function)
----------------------------------------------------------------------
Traceback (most recent call last):
  File "test_function_module.py", line 57, in test_extra_inputs
    fn = function([x], [x])
  File "C:\ProgramData\Anaconda3\envs\keras\lib\site-packages\theano\compile\function.py", line 317, in function
    output_keys=output_keys)
  File "C:\ProgramData\Anaconda3\envs\keras\lib\site-packages\theano\compile\pfunc.py", line 486, in pfunc
    output_keys=output_keys)
  File "C:\ProgramData\Anaconda3\envs\keras\lib\site-packages\theano\compile\function_module.py", line 1839, in orig_function
    name=name)
  File "C:\ProgramData\Anaconda3\envs\keras\lib\site-packages\theano\compile\function_module.py", line 1526, in __init__
    insert_deepcopy(fgraph, inputs, outputs + additional_outputs)
  File "C:\ProgramData\Anaconda3\envs\keras\lib\site-packages\theano\compile\function_module.py", line 1127, in insert_deepcopy
    view_tree_set(alias_root(fgraph.outputs[i]), views_of_output_i)
  File "C:\ProgramData\Anaconda3\envs\keras\lib\site-packages\theano\compile\function_module.py", line 50, in alias_root
    vmap = getattr(v.owner.op, 'view_map', {})
AttributeError: 'NoneType' object has no attribute 'op'

======================================================================
ERROR: test_deepcopy_shared_container (__main__.T_picklefunction)
----------------------------------------------------------------------
Traceback (most recent call last):
  File "test_function_module.py", line 705, in test_deepcopy_shared_container
    h = function([In(a, value=0.0)], a)
  File "C:\ProgramData\Anaconda3\envs\keras\lib\site-packages\theano\compile\function.py", line 317, in function
    output_keys=output_keys)
  File "C:\ProgramData\Anaconda3\envs\keras\lib\site-packages\theano\compile\pfunc.py", line 486, in pfunc
    output_keys=output_keys)
  File "C:\ProgramData\Anaconda3\envs\keras\lib\site-packages\theano\compile\function_module.py", line 1839, in orig_function
    name=name)
  File "C:\ProgramData\Anaconda3\envs\keras\lib\site-packages\theano\compile\function_module.py", line 1526, in __init__
    insert_deepcopy(fgraph, inputs, outputs + additional_outputs)
  File "C:\ProgramData\Anaconda3\envs\keras\lib\site-packages\theano\compile\function_module.py", line 1127, in insert_deepcopy
    view_tree_set(alias_root(fgraph.outputs[i]), views_of_output_i)
  File "C:\ProgramData\Anaconda3\envs\keras\lib\site-packages\theano\compile\function_module.py", line 50, in alias_root
    vmap = getattr(v.owner.op, 'view_map', {})
AttributeError: 'NoneType' object has no attribute 'op'

======================================================================
FAIL: test_borrow_input (__main__.T_function)
----------------------------------------------------------------------
Traceback (most recent call last):
  File "test_function_module.py", line 510, in test_borrow_input
    assert not np.may_share_memory(aval, f(aval))
AssertionError

----------------------------------------------------------------------
Ran 41 tests in 5.146s

FAILED (failures=1, errors=5, skipped=1)
