...........F..........s..................
======================================================================
FAIL: test_free (__main__.T_function)
----------------------------------------------------------------------
Traceback (most recent call last):
  File "test_function_module.py", line 575, in test_free
    assert (val[0] is None)
AssertionError

----------------------------------------------------------------------
Ran 41 tests in 5.843s

FAILED (failures=1, skipped=1)
