....F.E...............s......F...........
======================================================================
ERROR: test_copy_share_memory (__main__.T_function)
----------------------------------------------------------------------
Traceback (most recent call last):
  File "test_function_module.py", line 259, in test_copy_share_memory
    cpy = ori.copy(share_memory=True)
  File "C:\ProgramData\Anaconda3\envs\keras\lib\site-packages\theano\compile\function_module.py", line 677, in copy
    new_storage_map[memo[key]] = storage_map[key]
KeyError: TensorConstant{1}

======================================================================
FAIL: test_copy (__main__.T_function)
----------------------------------------------------------------------
Traceback (most recent call last):
  File "test_function_module.py", line 245, in test_copy
    self.assertTrue(f(2, 1) == g(2))  # they should be in sync, default value should be copied.
AssertionError: array([False]) is not true

======================================================================
FAIL: test_swap_SharedVariable (__main__.T_function)
----------------------------------------------------------------------
Traceback (most recent call last):
  File "test_function_module.py", line 314, in test_swap_SharedVariable
    assert m.get_value() == 6
AssertionError

----------------------------------------------------------------------
Ran 41 tests in 5.624s

FAILED (failures=2, errors=1, skipped=1)
