......................s...............E..
======================================================================
ERROR: test_output_keys (__main__.T_picklefunction)
----------------------------------------------------------------------
Traceback (most recent call last):
  File "test_function_module.py", line 693, in test_output_keys
    o = f([2, 3, 4])
  File "C:\ProgramData\Anaconda3\envs\keras\lib\site-packages\theano\compile\function_module.py", line 783, in __call__
    [self.output_keys.index(key) for key in output_subset]
TypeError: 'NoneType' object is not iterable

----------------------------------------------------------------------
Ran 41 tests in 5.749s

FAILED (errors=1, skipped=1)
