F.....................s..................
======================================================================
FAIL: test_borrow_input (__main__.T_function)
----------------------------------------------------------------------
Traceback (most recent call last):
  File "test_function_module.py", line 510, in test_borrow_input
    assert not np.may_share_memory(aval, f(aval))
AssertionError

----------------------------------------------------------------------
Ran 41 tests in 5.718s

FAILED (failures=1, skipped=1)
