..............................F........
======================================================================
FAIL: test_check_shape (test_abstract_conv.TestConvGradInputsShape)
----------------------------------------------------------------------
Traceback (most recent call last):
  File "C:\Users\mutation\Desktop\theano-testcase\tests\test_abstract_conv.py", line 155, in test_check_shape
    image_shape, kernel_shape, computed_shape, b, (s, s), (d, d)))
AssertionError: False is not true

----------------------------------------------------------------------
Ran 39 tests in 85.224s

FAILED (failures=1)
