........................EEEEE..F..FF...
======================================================================
ERROR: test_fractional_bilinear_upsampling (test_abstract_conv.TestBilinearUpsampling)
Test bilinear upsampling with nonsimilar fractional
----------------------------------------------------------------------
Traceback (most recent call last):
  File "C:\ProgramData\Anaconda3\envs\keras\lib\site-packages\theano\compile\function_module.py", line 903, in __call__
    self.fn() if output_subset is None else\
ValueError: cannot reshape array of size 48 into shape (3,8,8)

During handling of the above exception, another exception occurred:

Traceback (most recent call last):
  File "C:\Users\mutation\Desktop\theano-testcase\tests\test_abstract_conv.py", line 1327, in test_fractional_bilinear_upsampling
    utt.assert_allclose(f_up_x(), num_up_x, rtol=1e-6)
  File "C:\ProgramData\Anaconda3\envs\keras\lib\site-packages\theano\compile\function_module.py", line 917, in __call__
    storage_map=getattr(self.fn, 'storage_map', None))
  File "C:\ProgramData\Anaconda3\envs\keras\lib\site-packages\theano\gof\link.py", line 325, in raise_with_op
    reraise(exc_type, exc_value, exc_trace)
  File "C:\ProgramData\Anaconda3\envs\keras\lib\site-packages\six.py", line 702, in reraise
    raise value.with_traceback(tb)
  File "C:\ProgramData\Anaconda3\envs\keras\lib\site-packages\theano\compile\function_module.py", line 903, in __call__
    self.fn() if output_subset is None else\
ValueError: cannot reshape array of size 48 into shape (3,8,8)
Apply node that caused the error: Reshape{3}(CorrMM{valid, (4, 3), (7, 5), 1 False}.0, TensorConstant{[3 8 8]})
Toposort index: 2
Inputs types: [TensorType(float64, (True, False, False, False)), TensorType(int64, vector)]
Inputs shapes: [(1, 3, 4, 4), (3,)]
Inputs strides: [(384, 128, 32, 8), (8,)]
Inputs values: ['not shown', array([3, 8, 8], dtype=int64)]
Outputs clients: [[InplaceDimShuffle{x,0,1,2}(Reshape{3}.0)]]

Backtrace when the node is created(use Theano flag traceback.limit=N to make it longer):
  File "C:\ProgramData\Anaconda3\envs\keras\lib\unittest\suite.py", line 122, in run
    test(result)
  File "C:\ProgramData\Anaconda3\envs\keras\lib\unittest\suite.py", line 84, in __call__
    return self.run(*args, **kwds)
  File "C:\ProgramData\Anaconda3\envs\keras\lib\unittest\suite.py", line 122, in run
    test(result)
  File "C:\ProgramData\Anaconda3\envs\keras\lib\unittest\suite.py", line 84, in __call__
    return self.run(*args, **kwds)
  File "C:\ProgramData\Anaconda3\envs\keras\lib\unittest\suite.py", line 122, in run
    test(result)
  File "C:\ProgramData\Anaconda3\envs\keras\lib\unittest\case.py", line 653, in __call__
    return self.run(*args, **kwds)
  File "C:\ProgramData\Anaconda3\envs\keras\lib\unittest\case.py", line 605, in run
    testMethod()
  File "C:\Users\mutation\Desktop\theano-testcase\tests\test_abstract_conv.py", line 1311, in test_fractional_bilinear_upsampling
    use_1D_kernel=False)

HINT: Use the Theano flag 'exception_verbosity=high' for a debugprint and storage map footprint of this apply node.

======================================================================
ERROR: test_fractional_bilinear_upsampling_shape (test_abstract_conv.TestBilinearUpsampling)
----------------------------------------------------------------------
Traceback (most recent call last):
  File "C:\Users\mutation\Desktop\theano-testcase\tests\test_abstract_conv.py", line 1334, in test_fractional_bilinear_upsampling_shape
    utt.assert_allclose(out, (1, 1, 240, 240))
  File "C:\ProgramData\Anaconda3\envs\keras\lib\site-packages\theano\tests\unittest_tools.py", line 358, in assert_allclose
    raise WrongValue(expected, value, rtol, atol)
theano.tests.unittest_tools.WrongValue: <unprintable WrongValue object>

======================================================================
ERROR: test_interface (test_abstract_conv.TestCausalConv)
----------------------------------------------------------------------
Traceback (most recent call last):
  File "C:\ProgramData\Anaconda3\envs\keras\lib\site-packages\theano\compile\function_module.py", line 903, in __call__
    self.fn() if output_subset is None else\
  File "C:\ProgramData\Anaconda3\envs\keras\lib\site-packages\theano\gof\op.py", line 892, in rval
    r = p(n, [x[0] for x in i], o)
  File "C:\ProgramData\Anaconda3\envs\keras\lib\site-packages\theano\tensor\nnet\abstract_conv.py", line 2412, in perform
    unshared=self.unshared)
  File "C:\ProgramData\Anaconda3\envs\keras\lib\site-packages\theano\tensor\nnet\abstract_conv.py", line 2256, in conv
    1, val, bval, 0)
ValueError: operands could not be broadcast together with shapes (7,1) (5,1) (7,1) 

During handling of the above exception, another exception occurred:

Traceback (most recent call last):
  File "C:\Users\mutation\Desktop\theano-testcase\tests\test_abstract_conv.py", line 2100, in test_interface
    output = causal_func(self.img, self.kern)
  File "C:\ProgramData\Anaconda3\envs\keras\lib\site-packages\theano\compile\function_module.py", line 917, in __call__
    storage_map=getattr(self.fn, 'storage_map', None))
  File "C:\ProgramData\Anaconda3\envs\keras\lib\site-packages\theano\gof\link.py", line 325, in raise_with_op
    reraise(exc_type, exc_value, exc_trace)
  File "C:\ProgramData\Anaconda3\envs\keras\lib\site-packages\six.py", line 702, in reraise
    raise value.with_traceback(tb)
  File "C:\ProgramData\Anaconda3\envs\keras\lib\site-packages\theano\compile\function_module.py", line 903, in __call__
    self.fn() if output_subset is None else\
  File "C:\ProgramData\Anaconda3\envs\keras\lib\site-packages\theano\gof\op.py", line 892, in rval
    r = p(n, [x[0] for x in i], o)
  File "C:\ProgramData\Anaconda3\envs\keras\lib\site-packages\theano\tensor\nnet\abstract_conv.py", line 2412, in perform
    unshared=self.unshared)
  File "C:\ProgramData\Anaconda3\envs\keras\lib\site-packages\theano\tensor\nnet\abstract_conv.py", line 2256, in conv
    1, val, bval, 0)
ValueError: operands could not be broadcast together with shapes (7,1) (5,1) (7,1) 
Apply node that caused the error: AbstractConv2d{convdim=2, border_mode=((4, 0), 0), subsample=(1, 1), filter_flip=True, imshp=(None, None, None, None), kshp=(2, 2, 3, 1), filter_dilation=(2, 1), num_groups=1, unshared=False}(InplaceDimShuffle{0,1,2,x}.0, InplaceDimShuffle{0,1,2,x}.0)
Toposort index: 2
Inputs types: [TensorType(float64, (False, False, False, True)), TensorType(float64, (False, False, False, True))]
Inputs shapes: [(3, 2, 5, 1), (2, 2, 3, 1)]
Inputs strides: [(80, 40, 8, 8), (48, 24, 8, 8)]
Inputs values: ['not shown', 'not shown']
Outputs clients: [[Subtensor{::, ::, ::, int64}(AbstractConv2d{convdim=2, border_mode=((4, 0), 0), subsample=(1, 1), filter_flip=True, imshp=(None, None, None, None), kshp=(2, 2, 3, 1), filter_dilation=(2, 1), num_groups=1, unshared=False}.0, Constant{0})]]

Backtrace when the node is created(use Theano flag traceback.limit=N to make it longer):
  File "C:\ProgramData\Anaconda3\envs\keras\lib\unittest\suite.py", line 122, in run
    test(result)
  File "C:\ProgramData\Anaconda3\envs\keras\lib\unittest\suite.py", line 84, in __call__
    return self.run(*args, **kwds)
  File "C:\ProgramData\Anaconda3\envs\keras\lib\unittest\suite.py", line 122, in run
    test(result)
  File "C:\ProgramData\Anaconda3\envs\keras\lib\unittest\suite.py", line 84, in __call__
    return self.run(*args, **kwds)
  File "C:\ProgramData\Anaconda3\envs\keras\lib\unittest\suite.py", line 122, in run
    test(result)
  File "C:\ProgramData\Anaconda3\envs\keras\lib\unittest\case.py", line 653, in __call__
    return self.run(*args, **kwds)
  File "C:\ProgramData\Anaconda3\envs\keras\lib\unittest\case.py", line 605, in run
    testMethod()
  File "C:\Users\mutation\Desktop\theano-testcase\tests\test_abstract_conv.py", line 2096, in test_interface
    sym_out = causal_conv1d(img_sym, kern_sym, self.kern.shape, filter_dilation=self.dilation)

HINT: Use the Theano flag 'exception_verbosity=high' for a debugprint and storage map footprint of this apply node.

======================================================================
ERROR: test_conv2d_grad_wrt_inputs (test_abstract_conv.TestConv2dGrads)
----------------------------------------------------------------------
Traceback (most recent call last):
  File "C:\Users\mutation\Desktop\theano-testcase\tests\test_abstract_conv.py", line 1413, in test_conv2d_grad_wrt_inputs
    subsample=ss)
  File "C:\ProgramData\Anaconda3\envs\keras\lib\site-packages\theano\tensor\nnet\abstract_conv.py", line 94, in get_conv_output_shape
    subsample[i], filter_dilation[i]) for i in range(len(subsample)))
  File "C:\ProgramData\Anaconda3\envs\keras\lib\site-packages\theano\tensor\nnet\abstract_conv.py", line 94, in <genexpr>
    subsample[i], filter_dilation[i]) for i in range(len(subsample)))
TypeError: 'NoneType' object is not subscriptable

======================================================================
ERROR: test_conv2d_grad_wrt_weights (test_abstract_conv.TestConv2dGrads)
----------------------------------------------------------------------
Traceback (most recent call last):
  File "C:\Users\mutation\Desktop\theano-testcase\tests\test_abstract_conv.py", line 1454, in test_conv2d_grad_wrt_weights
    subsample=ss)
  File "C:\ProgramData\Anaconda3\envs\keras\lib\site-packages\theano\tensor\nnet\abstract_conv.py", line 94, in get_conv_output_shape
    subsample[i], filter_dilation[i]) for i in range(len(subsample)))
  File "C:\ProgramData\Anaconda3\envs\keras\lib\site-packages\theano\tensor\nnet\abstract_conv.py", line 94, in <genexpr>
    subsample[i], filter_dilation[i]) for i in range(len(subsample)))
TypeError: 'NoneType' object is not subscriptable

======================================================================
FAIL: test_get_shape (test_abstract_conv.TestConvGradInputsShape)
----------------------------------------------------------------------
Traceback (most recent call last):
  File "C:\Users\mutation\Desktop\theano-testcase\tests\test_abstract_conv.py", line 189, in test_get_shape
    self.assertEqual(computed_image_shape, image_shape)
AssertionError: Tuples differ: (59, 61, 2, 2) != (59, 61, 1, 1)

First differing element 2:
2
1

- (59, 61, 2, 2)
?          ^  ^

+ (59, 61, 1, 1)
?          ^  ^


======================================================================
FAIL: test_basic (test_abstract_conv.TestGetConvOutShape)
----------------------------------------------------------------------
Traceback (most recent call last):
  File "C:\Users\mutation\Desktop\theano-testcase\tests\test_abstract_conv.py", line 116, in test_basic
    self.assertTrue(test1_params == (3, 4, 4, 2))
AssertionError: False is not true

======================================================================
FAIL: test_basic_3d (test_abstract_conv.TestGetConvOutShape)
----------------------------------------------------------------------
Traceback (most recent call last):
  File "C:\Users\mutation\Desktop\theano-testcase\tests\test_abstract_conv.py", line 134, in test_basic_3d
    self.assertTrue(test1_params == (3, 4, 4, 2, 4))
AssertionError: False is not true

----------------------------------------------------------------------
Ran 39 tests in 85.543s

FAILED (failures=3, errors=5)
