EEEEEEWARNING (theano.tensor.opt): Failed to infer_shape from Op AbstractConv2d{convdim=2, border_mode='valid', subsample=(1, 1), filter_flip=True, imshp=(None, None, None, None), kshp=(None, None, None, None), filter_dilation=(1, 1), num_groups=2, unshared=False}.
Input shapes: [(Shape_i{0}.0, Shape_i{1}.0, Shape_i{2}.0, Shape_i{3}.0), (Shape_i{0}.0, Shape_i{1}.0, Shape_i{2}.0, Shape_i{3}.0)]
Exception encountered during infer_shape: <class 'TypeError'>
Exception message: '<' not supported between instances of 'str' and 'int'
Traceback: Traceback (most recent call last):
  File "C:\ProgramData\Anaconda3\envs\keras\lib\site-packages\theano\tensor\opt.py", line 946, in get_node_infer_shape
    [self.shape_of[r] for r in node.inputs])
  File "C:\ProgramData\Anaconda3\envs\keras\lib\site-packages\theano\tensor\nnet\abstract_conv.py", line 2450, in infer_shape
    self.subsample, self.filter_dilation)
  File "C:\ProgramData\Anaconda3\envs\keras\lib\site-packages\theano\tensor\nnet\abstract_conv.py", line 94, in get_conv_output_shape
    subsample[i], filter_dilation[i]) for i in range(len(subsample)))
  File "C:\ProgramData\Anaconda3\envs\keras\lib\site-packages\theano\tensor\nnet\abstract_conv.py", line 94, in <genexpr>
    subsample[i], filter_dilation[i]) for i in range(len(subsample)))
  File "C:\ProgramData\Anaconda3\envs\keras\lib\site-packages\theano\tensor\nnet\abstract_conv.py", line 143, in get_conv_shape_1axis
    if pad_l < 0 or pad_r < 0:
TypeError: '<' not supported between instances of 'str' and 'int'

WARNING (theano.tensor.opt): Failed to infer_shape from Op AbstractConv2d{convdim=2, border_mode='valid', subsample=(1, 1), filter_flip=True, imshp=(None, None, None, None), kshp=(None, None, None, None), filter_dilation=(1, 1), num_groups=1, unshared=False}.
Input shapes: [(Shape_i{0}.0, Shape_i{1}.0, Shape_i{2}.0, Shape_i{3}.0), (Shape_i{0}.0, Shape_i{1}.0, Shape_i{2}.0, Shape_i{3}.0)]
Exception encountered during infer_shape: <class 'TypeError'>
Exception message: '<' not supported between instances of 'str' and 'int'
Traceback: Traceback (most recent call last):
  File "C:\ProgramData\Anaconda3\envs\keras\lib\site-packages\theano\tensor\opt.py", line 946, in get_node_infer_shape
    [self.shape_of[r] for r in node.inputs])
  File "C:\ProgramData\Anaconda3\envs\keras\lib\site-packages\theano\tensor\nnet\abstract_conv.py", line 2450, in infer_shape
    self.subsample, self.filter_dilation)
  File "C:\ProgramData\Anaconda3\envs\keras\lib\site-packages\theano\tensor\nnet\abstract_conv.py", line 94, in get_conv_output_shape
    subsample[i], filter_dilation[i]) for i in range(len(subsample)))
  File "C:\ProgramData\Anaconda3\envs\keras\lib\site-packages\theano\tensor\nnet\abstract_conv.py", line 94, in <genexpr>
    subsample[i], filter_dilation[i]) for i in range(len(subsample)))
  File "C:\ProgramData\Anaconda3\envs\keras\lib\site-packages\theano\tensor\nnet\abstract_conv.py", line 143, in get_conv_shape_1axis
    if pad_l < 0 or pad_r < 0:
TypeError: '<' not supported between instances of 'str' and 'int'

WARNING (theano.tensor.opt): Failed to infer_shape from Op CorrMM{valid, (1, 1), (1, 1), 1 False}.
Input shapes: [(Shape_i{0}.0, Shape_i{1}.0, Shape_i{2}.0, Shape_i{3}.0), (Shape_i{0}.0, Shape_i{1}.0, Elemwise{sub,no_inplace}.0, Elemwise{sub,no_inplace}.0)]
Exception encountered during infer_shape: <class 'TypeError'>
Exception message: '<' not supported between instances of 'str' and 'int'
Traceback: Traceback (most recent call last):
  File "C:\ProgramData\Anaconda3\envs\keras\lib\site-packages\theano\tensor\opt.py", line 946, in get_node_infer_shape
    [self.shape_of[r] for r in node.inputs])
  File "C:\ProgramData\Anaconda3\envs\keras\lib\site-packages\theano\tensor\nnet\corr.py", line 659, in infer_shape
    self.filter_dilation)
  File "C:\ProgramData\Anaconda3\envs\keras\lib\site-packages\theano\tensor\nnet\abstract_conv.py", line 94, in get_conv_output_shape
    subsample[i], filter_dilation[i]) for i in range(len(subsample)))
  File "C:\ProgramData\Anaconda3\envs\keras\lib\site-packages\theano\tensor\nnet\abstract_conv.py", line 94, in <genexpr>
    subsample[i], filter_dilation[i]) for i in range(len(subsample)))
  File "C:\ProgramData\Anaconda3\envs\keras\lib\site-packages\theano\tensor\nnet\abstract_conv.py", line 143, in get_conv_shape_1axis
    if pad_l < 0 or pad_r < 0:
TypeError: '<' not supported between instances of 'str' and 'int'

WARNING (theano.tensor.opt): Failed to infer_shape from Op CorrMM{valid, (1, 1), (1, 1), 2 False}.
Input shapes: [(Shape_i{0}.0, Shape_i{1}.0, Shape_i{2}.0, Shape_i{3}.0), (Shape_i{0}.0, Shape_i{1}.0, Elemwise{sub,no_inplace}.0, Elemwise{sub,no_inplace}.0)]
Exception encountered during infer_shape: <class 'TypeError'>
Exception message: '<' not supported between instances of 'str' and 'int'
Traceback: Traceback (most recent call last):
  File "C:\ProgramData\Anaconda3\envs\keras\lib\site-packages\theano\tensor\opt.py", line 946, in get_node_infer_shape
    [self.shape_of[r] for r in node.inputs])
  File "C:\ProgramData\Anaconda3\envs\keras\lib\site-packages\theano\tensor\nnet\corr.py", line 659, in infer_shape
    self.filter_dilation)
  File "C:\ProgramData\Anaconda3\envs\keras\lib\site-packages\theano\tensor\nnet\abstract_conv.py", line 94, in get_conv_output_shape
    subsample[i], filter_dilation[i]) for i in range(len(subsample)))
  File "C:\ProgramData\Anaconda3\envs\keras\lib\site-packages\theano\tensor\nnet\abstract_conv.py", line 94, in <genexpr>
    subsample[i], filter_dilation[i]) for i in range(len(subsample)))
  File "C:\ProgramData\Anaconda3\envs\keras\lib\site-packages\theano\tensor\nnet\abstract_conv.py", line 143, in get_conv_shape_1axis
    if pad_l < 0 or pad_r < 0:
TypeError: '<' not supported between instances of 'str' and 'int'

EWARNING (theano.tensor.opt): Failed to infer_shape from Op AbstractConv3d{convdim=3, border_mode='valid', subsample=(1, 1, 1), filter_flip=True, imshp=(None, None, None, None, None), kshp=(None, None, None, None, None), filter_dilation=(1, 1, 1), num_groups=2, unshared=False}.
Input shapes: [(Shape_i{0}.0, Shape_i{1}.0, Shape_i{2}.0, Shape_i{3}.0, Shape_i{4}.0), (Shape_i{0}.0, Shape_i{1}.0, Shape_i{2}.0, Shape_i{3}.0, Shape_i{4}.0)]
Exception encountered during infer_shape: <class 'TypeError'>
Exception message: '<' not supported between instances of 'str' and 'int'
Traceback: Traceback (most recent call last):
  File "C:\ProgramData\Anaconda3\envs\keras\lib\site-packages\theano\tensor\opt.py", line 946, in get_node_infer_shape
    [self.shape_of[r] for r in node.inputs])
  File "C:\ProgramData\Anaconda3\envs\keras\lib\site-packages\theano\tensor\nnet\abstract_conv.py", line 2450, in infer_shape
    self.subsample, self.filter_dilation)
  File "C:\ProgramData\Anaconda3\envs\keras\lib\site-packages\theano\tensor\nnet\abstract_conv.py", line 94, in get_conv_output_shape
    subsample[i], filter_dilation[i]) for i in range(len(subsample)))
  File "C:\ProgramData\Anaconda3\envs\keras\lib\site-packages\theano\tensor\nnet\abstract_conv.py", line 94, in <genexpr>
    subsample[i], filter_dilation[i]) for i in range(len(subsample)))
  File "C:\ProgramData\Anaconda3\envs\keras\lib\site-packages\theano\tensor\nnet\abstract_conv.py", line 143, in get_conv_shape_1axis
    if pad_l < 0 or pad_r < 0:
TypeError: '<' not supported between instances of 'str' and 'int'

WARNING (theano.tensor.opt): Failed to infer_shape from Op AbstractConv3d{convdim=3, border_mode='valid', subsample=(1, 1, 1), filter_flip=True, imshp=(None, None, None, None, None), kshp=(None, None, None, None, None), filter_dilation=(1, 1, 1), num_groups=1, unshared=False}.
Input shapes: [(Shape_i{0}.0, Shape_i{1}.0, Shape_i{2}.0, Shape_i{3}.0, Shape_i{4}.0), (Shape_i{0}.0, Shape_i{1}.0, Shape_i{2}.0, Shape_i{3}.0, Shape_i{4}.0)]
Exception encountered during infer_shape: <class 'TypeError'>
Exception message: '<' not supported between instances of 'str' and 'int'
Traceback: Traceback (most recent call last):
  File "C:\ProgramData\Anaconda3\envs\keras\lib\site-packages\theano\tensor\opt.py", line 946, in get_node_infer_shape
    [self.shape_of[r] for r in node.inputs])
  File "C:\ProgramData\Anaconda3\envs\keras\lib\site-packages\theano\tensor\nnet\abstract_conv.py", line 2450, in infer_shape
    self.subsample, self.filter_dilation)
  File "C:\ProgramData\Anaconda3\envs\keras\lib\site-packages\theano\tensor\nnet\abstract_conv.py", line 94, in get_conv_output_shape
    subsample[i], filter_dilation[i]) for i in range(len(subsample)))
  File "C:\ProgramData\Anaconda3\envs\keras\lib\site-packages\theano\tensor\nnet\abstract_conv.py", line 94, in <genexpr>
    subsample[i], filter_dilation[i]) for i in range(len(subsample)))
  File "C:\ProgramData\Anaconda3\envs\keras\lib\site-packages\theano\tensor\nnet\abstract_conv.py", line 143, in get_conv_shape_1axis
    if pad_l < 0 or pad_r < 0:
TypeError: '<' not supported between instances of 'str' and 'int'

WARNING (theano.tensor.opt): Failed to infer_shape from Op Corr3dMM{valid, (1, 1, 1), (1, 1, 1), 1}.
Input shapes: [(Shape_i{0}.0, Shape_i{1}.0, Shape_i{2}.0, Shape_i{3}.0, Shape_i{4}.0), (Shape_i{0}.0, Shape_i{1}.0, Elemwise{sub,no_inplace}.0, Elemwise{sub,no_inplace}.0, Elemwise{sub,no_inplace}.0)]
Exception encountered during infer_shape: <class 'TypeError'>
Exception message: '<' not supported between instances of 'str' and 'int'
Traceback: Traceback (most recent call last):
  File "C:\ProgramData\Anaconda3\envs\keras\lib\site-packages\theano\tensor\opt.py", line 946, in get_node_infer_shape
    [self.shape_of[r] for r in node.inputs])
  File "C:\ProgramData\Anaconda3\envs\keras\lib\site-packages\theano\tensor\nnet\corr3d.py", line 597, in infer_shape
    self.filter_dilation)
  File "C:\ProgramData\Anaconda3\envs\keras\lib\site-packages\theano\tensor\nnet\abstract_conv.py", line 94, in get_conv_output_shape
    subsample[i], filter_dilation[i]) for i in range(len(subsample)))
  File "C:\ProgramData\Anaconda3\envs\keras\lib\site-packages\theano\tensor\nnet\abstract_conv.py", line 94, in <genexpr>
    subsample[i], filter_dilation[i]) for i in range(len(subsample)))
  File "C:\ProgramData\Anaconda3\envs\keras\lib\site-packages\theano\tensor\nnet\abstract_conv.py", line 143, in get_conv_shape_1axis
    if pad_l < 0 or pad_r < 0:
TypeError: '<' not supported between instances of 'str' and 'int'

WARNING (theano.tensor.opt): Failed to infer_shape from Op Corr3dMM{valid, (1, 1, 1), (1, 1, 1), 2}.
Input shapes: [(Shape_i{0}.0, Shape_i{1}.0, Shape_i{2}.0, Shape_i{3}.0, Shape_i{4}.0), (Shape_i{0}.0, Shape_i{1}.0, Elemwise{sub,no_inplace}.0, Elemwise{sub,no_inplace}.0, Elemwise{sub,no_inplace}.0)]
Exception encountered during infer_shape: <class 'TypeError'>
Exception message: '<' not supported between instances of 'str' and 'int'
Traceback: Traceback (most recent call last):
  File "C:\ProgramData\Anaconda3\envs\keras\lib\site-packages\theano\tensor\opt.py", line 946, in get_node_infer_shape
    [self.shape_of[r] for r in node.inputs])
  File "C:\ProgramData\Anaconda3\envs\keras\lib\site-packages\theano\tensor\nnet\corr3d.py", line 597, in infer_shape
    self.filter_dilation)
  File "C:\ProgramData\Anaconda3\envs\keras\lib\site-packages\theano\tensor\nnet\abstract_conv.py", line 94, in get_conv_output_shape
    subsample[i], filter_dilation[i]) for i in range(len(subsample)))
  File "C:\ProgramData\Anaconda3\envs\keras\lib\site-packages\theano\tensor\nnet\abstract_conv.py", line 94, in <genexpr>
    subsample[i], filter_dilation[i]) for i in range(len(subsample)))
  File "C:\ProgramData\Anaconda3\envs\keras\lib\site-packages\theano\tensor\nnet\abstract_conv.py", line 143, in get_conv_shape_1axis
    if pad_l < 0 or pad_r < 0:
TypeError: '<' not supported between instances of 'str' and 'int'

E..WARNING (theano.tensor.opt): Failed to infer_shape from Op AbstractConv2d{convdim=2, border_mode='valid', subsample=(1, 1), filter_flip=True, imshp=(3, 5, 7, 11), kshp=(7, 5, 3, 3), filter_dilation=(1, 1), num_groups=1, unshared=False}.
Input shapes: [(Shape_i{0}.0, Shape_i{1}.0, Shape_i{2}.0, Shape_i{3}.0), (Shape_i{0}.0, Shape_i{1}.0, Shape_i{2}.0, Shape_i{3}.0)]
Exception encountered during infer_shape: <class 'TypeError'>
Exception message: '<' not supported between instances of 'str' and 'int'
Traceback: Traceback (most recent call last):
  File "C:\ProgramData\Anaconda3\envs\keras\lib\site-packages\theano\tensor\opt.py", line 946, in get_node_infer_shape
    [self.shape_of[r] for r in node.inputs])
  File "C:\ProgramData\Anaconda3\envs\keras\lib\site-packages\theano\tensor\nnet\abstract_conv.py", line 2450, in infer_shape
    self.subsample, self.filter_dilation)
  File "C:\ProgramData\Anaconda3\envs\keras\lib\site-packages\theano\tensor\nnet\abstract_conv.py", line 94, in get_conv_output_shape
    subsample[i], filter_dilation[i]) for i in range(len(subsample)))
  File "C:\ProgramData\Anaconda3\envs\keras\lib\site-packages\theano\tensor\nnet\abstract_conv.py", line 94, in <genexpr>
    subsample[i], filter_dilation[i]) for i in range(len(subsample)))
  File "C:\ProgramData\Anaconda3\envs\keras\lib\site-packages\theano\tensor\nnet\abstract_conv.py", line 143, in get_conv_shape_1axis
    if pad_l < 0 or pad_r < 0:
TypeError: '<' not supported between instances of 'str' and 'int'

WARNING (theano.tensor.opt): Failed to infer_shape from Op CorrMM{valid, (1, 1), (1, 1), 1 False}.
Input shapes: [(Shape_i{0}.0, Shape_i{1}.0, Shape_i{2}.0, Shape_i{3}.0), (Shape_i{0}.0, Shape_i{1}.0, Elemwise{sub,no_inplace}.0, Elemwise{sub,no_inplace}.0)]
Exception encountered during infer_shape: <class 'TypeError'>
Exception message: '<' not supported between instances of 'str' and 'int'
Traceback: Traceback (most recent call last):
  File "C:\ProgramData\Anaconda3\envs\keras\lib\site-packages\theano\tensor\opt.py", line 946, in get_node_infer_shape
    [self.shape_of[r] for r in node.inputs])
  File "C:\ProgramData\Anaconda3\envs\keras\lib\site-packages\theano\tensor\nnet\corr.py", line 659, in infer_shape
    self.filter_dilation)
  File "C:\ProgramData\Anaconda3\envs\keras\lib\site-packages\theano\tensor\nnet\abstract_conv.py", line 94, in get_conv_output_shape
    subsample[i], filter_dilation[i]) for i in range(len(subsample)))
  File "C:\ProgramData\Anaconda3\envs\keras\lib\site-packages\theano\tensor\nnet\abstract_conv.py", line 94, in <genexpr>
    subsample[i], filter_dilation[i]) for i in range(len(subsample)))
  File "C:\ProgramData\Anaconda3\envs\keras\lib\site-packages\theano\tensor\nnet\abstract_conv.py", line 143, in get_conv_shape_1axis
    if pad_l < 0 or pad_r < 0:
TypeError: '<' not supported between instances of 'str' and 'int'

...WARNING (theano.tensor.opt): Failed to infer_shape from Op AbstractConv3d{convdim=3, border_mode='valid', subsample=(1, 1, 1), filter_flip=True, imshp=(3, 5, 7, 11, 13), kshp=(7, 5, 3, 3, 3), filter_dilation=(1, 1, 1), num_groups=1, unshared=False}.
Input shapes: [(Shape_i{0}.0, Shape_i{1}.0, Shape_i{2}.0, Shape_i{3}.0, Shape_i{4}.0), (Shape_i{0}.0, Shape_i{1}.0, Shape_i{2}.0, Shape_i{3}.0, Shape_i{4}.0)]
Exception encountered during infer_shape: <class 'TypeError'>
Exception message: '<' not supported between instances of 'str' and 'int'
Traceback: Traceback (most recent call last):
  File "C:\ProgramData\Anaconda3\envs\keras\lib\site-packages\theano\tensor\opt.py", line 946, in get_node_infer_shape
    [self.shape_of[r] for r in node.inputs])
  File "C:\ProgramData\Anaconda3\envs\keras\lib\site-packages\theano\tensor\nnet\abstract_conv.py", line 2450, in infer_shape
    self.subsample, self.filter_dilation)
  File "C:\ProgramData\Anaconda3\envs\keras\lib\site-packages\theano\tensor\nnet\abstract_conv.py", line 94, in get_conv_output_shape
    subsample[i], filter_dilation[i]) for i in range(len(subsample)))
  File "C:\ProgramData\Anaconda3\envs\keras\lib\site-packages\theano\tensor\nnet\abstract_conv.py", line 94, in <genexpr>
    subsample[i], filter_dilation[i]) for i in range(len(subsample)))
  File "C:\ProgramData\Anaconda3\envs\keras\lib\site-packages\theano\tensor\nnet\abstract_conv.py", line 143, in get_conv_shape_1axis
    if pad_l < 0 or pad_r < 0:
TypeError: '<' not supported between instances of 'str' and 'int'

WARNING (theano.tensor.opt): Failed to infer_shape from Op Corr3dMM{valid, (1, 1, 1), (1, 1, 1), 1}.
Input shapes: [(Shape_i{0}.0, Shape_i{1}.0, Shape_i{2}.0, Shape_i{3}.0, Shape_i{4}.0), (Shape_i{0}.0, Shape_i{1}.0, Elemwise{sub,no_inplace}.0, Elemwise{sub,no_inplace}.0, Elemwise{sub,no_inplace}.0)]
Exception encountered during infer_shape: <class 'TypeError'>
Exception message: '<' not supported between instances of 'str' and 'int'
Traceback: Traceback (most recent call last):
  File "C:\ProgramData\Anaconda3\envs\keras\lib\site-packages\theano\tensor\opt.py", line 946, in get_node_infer_shape
    [self.shape_of[r] for r in node.inputs])
  File "C:\ProgramData\Anaconda3\envs\keras\lib\site-packages\theano\tensor\nnet\corr3d.py", line 597, in infer_shape
    self.filter_dilation)
  File "C:\ProgramData\Anaconda3\envs\keras\lib\site-packages\theano\tensor\nnet\abstract_conv.py", line 94, in get_conv_output_shape
    subsample[i], filter_dilation[i]) for i in range(len(subsample)))
  File "C:\ProgramData\Anaconda3\envs\keras\lib\site-packages\theano\tensor\nnet\abstract_conv.py", line 94, in <genexpr>
    subsample[i], filter_dilation[i]) for i in range(len(subsample)))
  File "C:\ProgramData\Anaconda3\envs\keras\lib\site-packages\theano\tensor\nnet\abstract_conv.py", line 143, in get_conv_shape_1axis
    if pad_l < 0 or pad_r < 0:
TypeError: '<' not supported between instances of 'str' and 'int'

...EEE....C:\ProgramData\Anaconda3\envs\keras\lib\site-packages\theano\tensor\nnet\corr.py:244: ResourceWarning: unclosed file <_io.TextIOWrapper name='C:\\ProgramData\\Anaconda3\\envs\\keras\\lib\\site-packages\\theano\\tensor\\nnet\\c_code\\corr_gemm.c' mode='r' encoding='cp936'>
  for f in files]
.WARNING (theano.tensor.opt): Failed to infer_shape from Op AbstractConv2d{convdim=2, border_mode='valid', subsample=(4, 3), filter_flip=True, imshp=(None, None, None, None), kshp=(None, None, None, None), filter_dilation=(7, 5), num_groups=1, unshared=False}.
Input shapes: [(TensorConstant{1}, TensorConstant{1}, Elemwise{switch,no_inplace}.0, Elemwise{switch,no_inplace}.0), (Elemwise{switch,no_inplace}.0, TensorConstant{1}, Elemwise{switch,no_inplace}.0, Elemwise{switch,no_inplace}.0)]
Exception encountered during infer_shape: <class 'TypeError'>
Exception message: '<' not supported between instances of 'str' and 'int'
Traceback: Traceback (most recent call last):
  File "C:\ProgramData\Anaconda3\envs\keras\lib\site-packages\theano\tensor\opt.py", line 946, in get_node_infer_shape
    [self.shape_of[r] for r in node.inputs])
  File "C:\ProgramData\Anaconda3\envs\keras\lib\site-packages\theano\tensor\nnet\abstract_conv.py", line 2450, in infer_shape
    self.subsample, self.filter_dilation)
  File "C:\ProgramData\Anaconda3\envs\keras\lib\site-packages\theano\tensor\nnet\abstract_conv.py", line 94, in get_conv_output_shape
    subsample[i], filter_dilation[i]) for i in range(len(subsample)))
  File "C:\ProgramData\Anaconda3\envs\keras\lib\site-packages\theano\tensor\nnet\abstract_conv.py", line 94, in <genexpr>
    subsample[i], filter_dilation[i]) for i in range(len(subsample)))
  File "C:\ProgramData\Anaconda3\envs\keras\lib\site-packages\theano\tensor\nnet\abstract_conv.py", line 143, in get_conv_shape_1axis
    if pad_l < 0 or pad_r < 0:
TypeError: '<' not supported between instances of 'str' and 'int'

WARNING (theano.tensor.opt): Failed to infer_shape from Op CorrMM{valid, (4, 3), (7, 5), 1 False}.
Input shapes: [(TensorConstant{1}, TensorConstant{1}, TensorConstant{35}, TensorConstant{25}), (TensorConstant{3}, TensorConstant{1}, Elemwise{sub,no_inplace}.0, Elemwise{sub,no_inplace}.0)]
Exception encountered during infer_shape: <class 'TypeError'>
Exception message: '<' not supported between instances of 'str' and 'int'
Traceback: Traceback (most recent call last):
  File "C:\ProgramData\Anaconda3\envs\keras\lib\site-packages\theano\tensor\opt.py", line 946, in get_node_infer_shape
    [self.shape_of[r] for r in node.inputs])
  File "C:\ProgramData\Anaconda3\envs\keras\lib\site-packages\theano\tensor\nnet\corr.py", line 659, in infer_shape
    self.filter_dilation)
  File "C:\ProgramData\Anaconda3\envs\keras\lib\site-packages\theano\tensor\nnet\abstract_conv.py", line 94, in get_conv_output_shape
    subsample[i], filter_dilation[i]) for i in range(len(subsample)))
  File "C:\ProgramData\Anaconda3\envs\keras\lib\site-packages\theano\tensor\nnet\abstract_conv.py", line 94, in <genexpr>
    subsample[i], filter_dilation[i]) for i in range(len(subsample)))
  File "C:\ProgramData\Anaconda3\envs\keras\lib\site-packages\theano\tensor\nnet\abstract_conv.py", line 143, in get_conv_shape_1axis
    if pad_l < 0 or pad_r < 0:
TypeError: '<' not supported between instances of 'str' and 'int'

.WARNING (theano.tensor.opt): Failed to infer_shape from Op AbstractConv2d{convdim=2, border_mode='valid', subsample=(5, 5), filter_flip=True, imshp=(None, None, None, None), kshp=(None, None, None, None), filter_dilation=(6, 6), num_groups=1, unshared=False}.
Input shapes: [(TensorConstant{1}, TensorConstant{1}, Elemwise{switch,no_inplace}.0, Elemwise{switch,no_inplace}.0), (Elemwise{switch,no_inplace}.0, TensorConstant{1}, Elemwise{switch,no_inplace}.0, Elemwise{switch,no_inplace}.0)]
Exception encountered during infer_shape: <class 'TypeError'>
Exception message: '<' not supported between instances of 'str' and 'int'
Traceback: Traceback (most recent call last):
  File "C:\ProgramData\Anaconda3\envs\keras\lib\site-packages\theano\tensor\opt.py", line 946, in get_node_infer_shape
    [self.shape_of[r] for r in node.inputs])
  File "C:\ProgramData\Anaconda3\envs\keras\lib\site-packages\theano\tensor\nnet\abstract_conv.py", line 2450, in infer_shape
    self.subsample, self.filter_dilation)
  File "C:\ProgramData\Anaconda3\envs\keras\lib\site-packages\theano\tensor\nnet\abstract_conv.py", line 94, in get_conv_output_shape
    subsample[i], filter_dilation[i]) for i in range(len(subsample)))
  File "C:\ProgramData\Anaconda3\envs\keras\lib\site-packages\theano\tensor\nnet\abstract_conv.py", line 94, in <genexpr>
    subsample[i], filter_dilation[i]) for i in range(len(subsample)))
  File "C:\ProgramData\Anaconda3\envs\keras\lib\site-packages\theano\tensor\nnet\abstract_conv.py", line 143, in get_conv_shape_1axis
    if pad_l < 0 or pad_r < 0:
TypeError: '<' not supported between instances of 'str' and 'int'

WARNING (theano.tensor.opt): Failed to infer_shape from Op CorrMM{valid, (5, 5), (6, 6), 1 False}.
Input shapes: [(TensorConstant{1}, TensorConstant{1}, TensorConstant{2406}, TensorConstant{2406}), (TensorConstant{1}, TensorConstant{1}, Elemwise{sub,no_inplace}.0, Elemwise{sub,no_inplace}.0)]
Exception encountered during infer_shape: <class 'TypeError'>
Exception message: '<' not supported between instances of 'str' and 'int'
Traceback: Traceback (most recent call last):
  File "C:\ProgramData\Anaconda3\envs\keras\lib\site-packages\theano\tensor\opt.py", line 946, in get_node_infer_shape
    [self.shape_of[r] for r in node.inputs])
  File "C:\ProgramData\Anaconda3\envs\keras\lib\site-packages\theano\tensor\nnet\corr.py", line 659, in infer_shape
    self.filter_dilation)
  File "C:\ProgramData\Anaconda3\envs\keras\lib\site-packages\theano\tensor\nnet\abstract_conv.py", line 94, in get_conv_output_shape
    subsample[i], filter_dilation[i]) for i in range(len(subsample)))
  File "C:\ProgramData\Anaconda3\envs\keras\lib\site-packages\theano\tensor\nnet\abstract_conv.py", line 94, in <genexpr>
    subsample[i], filter_dilation[i]) for i in range(len(subsample)))
  File "C:\ProgramData\Anaconda3\envs\keras\lib\site-packages\theano\tensor\nnet\abstract_conv.py", line 143, in get_conv_shape_1axis
    if pad_l < 0 or pad_r < 0:
TypeError: '<' not supported between instances of 'str' and 'int'

.EEE.EE..EEEEE
======================================================================
ERROR: test_fwd (test_abstract_conv.Grouped_conv3d_noOptim)
----------------------------------------------------------------------
Traceback (most recent call last):
  File "C:\ProgramData\Anaconda3\envs\keras\lib\site-packages\theano\compile\function_module.py", line 903, in __call__
    self.fn() if output_subset is None else\
  File "C:\ProgramData\Anaconda3\envs\keras\lib\site-packages\theano\gof\op.py", line 892, in rval
    r = p(n, [x[0] for x in i], o)
  File "C:\ProgramData\Anaconda3\envs\keras\lib\site-packages\theano\tensor\nnet\abstract_conv.py", line 2412, in perform
    unshared=self.unshared)
  File "C:\ProgramData\Anaconda3\envs\keras\lib\site-packages\theano\tensor\nnet\abstract_conv.py", line 2213, in conv
    mode, [1] * self.convdim, dilation)
  File "C:\ProgramData\Anaconda3\envs\keras\lib\site-packages\theano\tensor\nnet\abstract_conv.py", line 94, in get_conv_output_shape
    subsample[i], filter_dilation[i]) for i in range(len(subsample)))
  File "C:\ProgramData\Anaconda3\envs\keras\lib\site-packages\theano\tensor\nnet\abstract_conv.py", line 94, in <genexpr>
    subsample[i], filter_dilation[i]) for i in range(len(subsample)))
  File "C:\ProgramData\Anaconda3\envs\keras\lib\site-packages\theano\tensor\nnet\abstract_conv.py", line 143, in get_conv_shape_1axis
    if pad_l < 0 or pad_r < 0:
TypeError: '<' not supported between instances of 'str' and 'int'

During handling of the above exception, another exception occurred:

Traceback (most recent call last):
  File "C:\Users\mutation\Desktop\theano-testcase\tests\test_abstract_conv.py", line 1528, in test_fwd
    grouped_output = grouped_func(img, kern)
  File "C:\ProgramData\Anaconda3\envs\keras\lib\site-packages\theano\compile\function_module.py", line 917, in __call__
    storage_map=getattr(self.fn, 'storage_map', None))
  File "C:\ProgramData\Anaconda3\envs\keras\lib\site-packages\theano\gof\link.py", line 325, in raise_with_op
    reraise(exc_type, exc_value, exc_trace)
  File "C:\ProgramData\Anaconda3\envs\keras\lib\site-packages\six.py", line 702, in reraise
    raise value.with_traceback(tb)
  File "C:\ProgramData\Anaconda3\envs\keras\lib\site-packages\theano\compile\function_module.py", line 903, in __call__
    self.fn() if output_subset is None else\
  File "C:\ProgramData\Anaconda3\envs\keras\lib\site-packages\theano\gof\op.py", line 892, in rval
    r = p(n, [x[0] for x in i], o)
  File "C:\ProgramData\Anaconda3\envs\keras\lib\site-packages\theano\tensor\nnet\abstract_conv.py", line 2412, in perform
    unshared=self.unshared)
  File "C:\ProgramData\Anaconda3\envs\keras\lib\site-packages\theano\tensor\nnet\abstract_conv.py", line 2213, in conv
    mode, [1] * self.convdim, dilation)
  File "C:\ProgramData\Anaconda3\envs\keras\lib\site-packages\theano\tensor\nnet\abstract_conv.py", line 94, in get_conv_output_shape
    subsample[i], filter_dilation[i]) for i in range(len(subsample)))
  File "C:\ProgramData\Anaconda3\envs\keras\lib\site-packages\theano\tensor\nnet\abstract_conv.py", line 94, in <genexpr>
    subsample[i], filter_dilation[i]) for i in range(len(subsample)))
  File "C:\ProgramData\Anaconda3\envs\keras\lib\site-packages\theano\tensor\nnet\abstract_conv.py", line 143, in get_conv_shape_1axis
    if pad_l < 0 or pad_r < 0:
TypeError: '<' not supported between instances of 'str' and 'int'
Apply node that caused the error: AbstractConv3d{convdim=3, border_mode='valid', subsample=(1, 1, 1), filter_flip=True, imshp=(None, None, None, None, None), kshp=(None, None, None, None, None), filter_dilation=(1, 1, 1), num_groups=3, unshared=False}(img, kern)
Toposort index: 0
Inputs types: [TensorType(float64, 5D), TensorType(float64, 5D)]
Inputs shapes: [(2, 6, 5, 5, 5), (3, 2, 3, 3, 3)]
Inputs strides: [(6000, 1000, 200, 40, 8), (432, 216, 72, 24, 8)]
Inputs values: ['not shown', 'not shown']
Outputs clients: [['output']]

Backtrace when the node is created(use Theano flag traceback.limit=N to make it longer):
  File "C:\ProgramData\Anaconda3\envs\keras\lib\unittest\suite.py", line 122, in run
    test(result)
  File "C:\ProgramData\Anaconda3\envs\keras\lib\unittest\suite.py", line 84, in __call__
    return self.run(*args, **kwds)
  File "C:\ProgramData\Anaconda3\envs\keras\lib\unittest\suite.py", line 122, in run
    test(result)
  File "C:\ProgramData\Anaconda3\envs\keras\lib\unittest\suite.py", line 84, in __call__
    return self.run(*args, **kwds)
  File "C:\ProgramData\Anaconda3\envs\keras\lib\unittest\suite.py", line 122, in run
    test(result)
  File "C:\ProgramData\Anaconda3\envs\keras\lib\unittest\case.py", line 653, in __call__
    return self.run(*args, **kwds)
  File "C:\ProgramData\Anaconda3\envs\keras\lib\unittest\case.py", line 605, in run
    testMethod()
  File "C:\Users\mutation\Desktop\theano-testcase\tests\test_abstract_conv.py", line 1523, in test_fwd
    grouped_conv_output = grouped_conv_op(img_sym, kern_sym)

HINT: Use the Theano flag 'exception_verbosity=high' for a debugprint and storage map footprint of this apply node.

======================================================================
ERROR: test_gradinputs (test_abstract_conv.Grouped_conv3d_noOptim)
----------------------------------------------------------------------
Traceback (most recent call last):
  File "C:\ProgramData\Anaconda3\envs\keras\lib\site-packages\theano\compile\function_module.py", line 903, in __call__
    self.fn() if output_subset is None else\
  File "C:\ProgramData\Anaconda3\envs\keras\lib\site-packages\theano\gof\op.py", line 892, in rval
    r = p(n, [x[0] for x in i], o)
  File "C:\ProgramData\Anaconda3\envs\keras\lib\site-packages\theano\tensor\nnet\abstract_conv.py", line 2948, in perform
    self.border_mode, self.subsample, self.filter_dilation)
  File "C:\ProgramData\Anaconda3\envs\keras\lib\site-packages\theano\tensor\nnet\abstract_conv.py", line 94, in get_conv_output_shape
    subsample[i], filter_dilation[i]) for i in range(len(subsample)))
  File "C:\ProgramData\Anaconda3\envs\keras\lib\site-packages\theano\tensor\nnet\abstract_conv.py", line 94, in <genexpr>
    subsample[i], filter_dilation[i]) for i in range(len(subsample)))
  File "C:\ProgramData\Anaconda3\envs\keras\lib\site-packages\theano\tensor\nnet\abstract_conv.py", line 143, in get_conv_shape_1axis
    if pad_l < 0 or pad_r < 0:
TypeError: '<' not supported between instances of 'str' and 'int'

During handling of the above exception, another exception occurred:

Traceback (most recent call last):
  File "C:\Users\mutation\Desktop\theano-testcase\tests\test_abstract_conv.py", line 1621, in test_gradinputs
    grouped_output = grouped_func(kern, top)
  File "C:\ProgramData\Anaconda3\envs\keras\lib\site-packages\theano\compile\function_module.py", line 917, in __call__
    storage_map=getattr(self.fn, 'storage_map', None))
  File "C:\ProgramData\Anaconda3\envs\keras\lib\site-packages\theano\gof\link.py", line 325, in raise_with_op
    reraise(exc_type, exc_value, exc_trace)
  File "C:\ProgramData\Anaconda3\envs\keras\lib\site-packages\six.py", line 702, in reraise
    raise value.with_traceback(tb)
  File "C:\ProgramData\Anaconda3\envs\keras\lib\site-packages\theano\compile\function_module.py", line 903, in __call__
    self.fn() if output_subset is None else\
  File "C:\ProgramData\Anaconda3\envs\keras\lib\site-packages\theano\gof\op.py", line 892, in rval
    r = p(n, [x[0] for x in i], o)
  File "C:\ProgramData\Anaconda3\envs\keras\lib\site-packages\theano\tensor\nnet\abstract_conv.py", line 2948, in perform
    self.border_mode, self.subsample, self.filter_dilation)
  File "C:\ProgramData\Anaconda3\envs\keras\lib\site-packages\theano\tensor\nnet\abstract_conv.py", line 94, in get_conv_output_shape
    subsample[i], filter_dilation[i]) for i in range(len(subsample)))
  File "C:\ProgramData\Anaconda3\envs\keras\lib\site-packages\theano\tensor\nnet\abstract_conv.py", line 94, in <genexpr>
    subsample[i], filter_dilation[i]) for i in range(len(subsample)))
  File "C:\ProgramData\Anaconda3\envs\keras\lib\site-packages\theano\tensor\nnet\abstract_conv.py", line 143, in get_conv_shape_1axis
    if pad_l < 0 or pad_r < 0:
TypeError: '<' not supported between instances of 'str' and 'int'
Apply node that caused the error: AbstractConv3d_gradInputs{convdim=3, border_mode='valid', subsample=(1, 1, 1), filter_flip=True, imshp=(None, None, None, None, None), kshp=(None, None, None, None, None), filter_dilation=(1, 1, 1), num_groups=3, unshared=False}(kern, top, TensorConstant{(3,) of 5})
Toposort index: 0
Inputs types: [TensorType(float64, 5D), TensorType(float64, 5D), TensorType(int32, vector)]
Inputs shapes: [(3, 2, 3, 3, 3), (2, 3, 3, 3, 3), (3,)]
Inputs strides: [(432, 216, 72, 24, 8), (648, 216, 72, 24, 8), (4,)]
Inputs values: ['not shown', 'not shown', array([5, 5, 5])]
Outputs clients: [['output']]

Backtrace when the node is created(use Theano flag traceback.limit=N to make it longer):
  File "C:\ProgramData\Anaconda3\envs\keras\lib\unittest\suite.py", line 122, in run
    test(result)
  File "C:\ProgramData\Anaconda3\envs\keras\lib\unittest\suite.py", line 84, in __call__
    return self.run(*args, **kwds)
  File "C:\ProgramData\Anaconda3\envs\keras\lib\unittest\suite.py", line 122, in run
    test(result)
  File "C:\ProgramData\Anaconda3\envs\keras\lib\unittest\suite.py", line 84, in __call__
    return self.run(*args, **kwds)
  File "C:\ProgramData\Anaconda3\envs\keras\lib\unittest\suite.py", line 122, in run
    test(result)
  File "C:\ProgramData\Anaconda3\envs\keras\lib\unittest\case.py", line 653, in __call__
    return self.run(*args, **kwds)
  File "C:\ProgramData\Anaconda3\envs\keras\lib\unittest\case.py", line 605, in run
    testMethod()
  File "C:\Users\mutation\Desktop\theano-testcase\tests\test_abstract_conv.py", line 1617, in test_gradinputs
    imshp[-self.convdim:]))

HINT: Use the Theano flag 'exception_verbosity=high' for a debugprint and storage map footprint of this apply node.

======================================================================
ERROR: test_gradweights (test_abstract_conv.Grouped_conv3d_noOptim)
----------------------------------------------------------------------
Traceback (most recent call last):
  File "C:\ProgramData\Anaconda3\envs\keras\lib\site-packages\theano\compile\function_module.py", line 903, in __call__
    self.fn() if output_subset is None else\
  File "C:\ProgramData\Anaconda3\envs\keras\lib\site-packages\theano\gof\op.py", line 892, in rval
    r = p(n, [x[0] for x in i], o)
  File "C:\ProgramData\Anaconda3\envs\keras\lib\site-packages\theano\tensor\nnet\abstract_conv.py", line 2692, in perform
    kern = self.conv(img, topgrad, mode="valid", num_groups=self.num_groups)
  File "C:\ProgramData\Anaconda3\envs\keras\lib\site-packages\theano\tensor\nnet\abstract_conv.py", line 2213, in conv
    mode, [1] * self.convdim, dilation)
  File "C:\ProgramData\Anaconda3\envs\keras\lib\site-packages\theano\tensor\nnet\abstract_conv.py", line 94, in get_conv_output_shape
    subsample[i], filter_dilation[i]) for i in range(len(subsample)))
  File "C:\ProgramData\Anaconda3\envs\keras\lib\site-packages\theano\tensor\nnet\abstract_conv.py", line 94, in <genexpr>
    subsample[i], filter_dilation[i]) for i in range(len(subsample)))
  File "C:\ProgramData\Anaconda3\envs\keras\lib\site-packages\theano\tensor\nnet\abstract_conv.py", line 143, in get_conv_shape_1axis
    if pad_l < 0 or pad_r < 0:
TypeError: '<' not supported between instances of 'str' and 'int'

During handling of the above exception, another exception occurred:

Traceback (most recent call last):
  File "C:\Users\mutation\Desktop\theano-testcase\tests\test_abstract_conv.py", line 1572, in test_gradweights
    grouped_output = grouped_func(img, top)
  File "C:\ProgramData\Anaconda3\envs\keras\lib\site-packages\theano\compile\function_module.py", line 917, in __call__
    storage_map=getattr(self.fn, 'storage_map', None))
  File "C:\ProgramData\Anaconda3\envs\keras\lib\site-packages\theano\gof\link.py", line 325, in raise_with_op
    reraise(exc_type, exc_value, exc_trace)
  File "C:\ProgramData\Anaconda3\envs\keras\lib\site-packages\six.py", line 702, in reraise
    raise value.with_traceback(tb)
  File "C:\ProgramData\Anaconda3\envs\keras\lib\site-packages\theano\compile\function_module.py", line 903, in __call__
    self.fn() if output_subset is None else\
  File "C:\ProgramData\Anaconda3\envs\keras\lib\site-packages\theano\gof\op.py", line 892, in rval
    r = p(n, [x[0] for x in i], o)
  File "C:\ProgramData\Anaconda3\envs\keras\lib\site-packages\theano\tensor\nnet\abstract_conv.py", line 2692, in perform
    kern = self.conv(img, topgrad, mode="valid", num_groups=self.num_groups)
  File "C:\ProgramData\Anaconda3\envs\keras\lib\site-packages\theano\tensor\nnet\abstract_conv.py", line 2213, in conv
    mode, [1] * self.convdim, dilation)
  File "C:\ProgramData\Anaconda3\envs\keras\lib\site-packages\theano\tensor\nnet\abstract_conv.py", line 94, in get_conv_output_shape
    subsample[i], filter_dilation[i]) for i in range(len(subsample)))
  File "C:\ProgramData\Anaconda3\envs\keras\lib\site-packages\theano\tensor\nnet\abstract_conv.py", line 94, in <genexpr>
    subsample[i], filter_dilation[i]) for i in range(len(subsample)))
  File "C:\ProgramData\Anaconda3\envs\keras\lib\site-packages\theano\tensor\nnet\abstract_conv.py", line 143, in get_conv_shape_1axis
    if pad_l < 0 or pad_r < 0:
TypeError: '<' not supported between instances of 'str' and 'int'
Apply node that caused the error: AbstractConv3d_gradWeights{convdim=3, border_mode='valid', subsample=(1, 1, 1), filter_flip=True, imshp=(None, None, None, None, None), kshp=(None, None, None, None, None), filter_dilation=(1, 1, 1), num_groups=3, unshared=False}(img, kern, TensorConstant{(3,) of 3})
Toposort index: 0
Inputs types: [TensorType(float64, 5D), TensorType(float64, 5D), TensorType(int32, vector)]
Inputs shapes: [(2, 6, 5, 5, 5), (2, 3, 3, 3, 3), (3,)]
Inputs strides: [(6000, 1000, 200, 40, 8), (648, 216, 72, 24, 8), (4,)]
Inputs values: ['not shown', 'not shown', array([3, 3, 3])]
Outputs clients: [['output']]

Backtrace when the node is created(use Theano flag traceback.limit=N to make it longer):
  File "C:\ProgramData\Anaconda3\envs\keras\lib\unittest\suite.py", line 122, in run
    test(result)
  File "C:\ProgramData\Anaconda3\envs\keras\lib\unittest\suite.py", line 84, in __call__
    return self.run(*args, **kwds)
  File "C:\ProgramData\Anaconda3\envs\keras\lib\unittest\suite.py", line 122, in run
    test(result)
  File "C:\ProgramData\Anaconda3\envs\keras\lib\unittest\suite.py", line 84, in __call__
    return self.run(*args, **kwds)
  File "C:\ProgramData\Anaconda3\envs\keras\lib\unittest\suite.py", line 122, in run
    test(result)
  File "C:\ProgramData\Anaconda3\envs\keras\lib\unittest\case.py", line 653, in __call__
    return self.run(*args, **kwds)
  File "C:\ProgramData\Anaconda3\envs\keras\lib\unittest\case.py", line 605, in run
    testMethod()
  File "C:\Users\mutation\Desktop\theano-testcase\tests\test_abstract_conv.py", line 1568, in test_gradweights
    kshp[-self.convdim:]))

HINT: Use the Theano flag 'exception_verbosity=high' for a debugprint and storage map footprint of this apply node.

======================================================================
ERROR: test_fwd (test_abstract_conv.Grouped_conv_noOptim)
----------------------------------------------------------------------
Traceback (most recent call last):
  File "C:\ProgramData\Anaconda3\envs\keras\lib\site-packages\theano\compile\function_module.py", line 903, in __call__
    self.fn() if output_subset is None else\
  File "C:\ProgramData\Anaconda3\envs\keras\lib\site-packages\theano\gof\op.py", line 892, in rval
    r = p(n, [x[0] for x in i], o)
  File "C:\ProgramData\Anaconda3\envs\keras\lib\site-packages\theano\tensor\nnet\abstract_conv.py", line 2412, in perform
    unshared=self.unshared)
  File "C:\ProgramData\Anaconda3\envs\keras\lib\site-packages\theano\tensor\nnet\abstract_conv.py", line 2213, in conv
    mode, [1] * self.convdim, dilation)
  File "C:\ProgramData\Anaconda3\envs\keras\lib\site-packages\theano\tensor\nnet\abstract_conv.py", line 94, in get_conv_output_shape
    subsample[i], filter_dilation[i]) for i in range(len(subsample)))
  File "C:\ProgramData\Anaconda3\envs\keras\lib\site-packages\theano\tensor\nnet\abstract_conv.py", line 94, in <genexpr>
    subsample[i], filter_dilation[i]) for i in range(len(subsample)))
  File "C:\ProgramData\Anaconda3\envs\keras\lib\site-packages\theano\tensor\nnet\abstract_conv.py", line 143, in get_conv_shape_1axis
    if pad_l < 0 or pad_r < 0:
TypeError: '<' not supported between instances of 'str' and 'int'

During handling of the above exception, another exception occurred:

Traceback (most recent call last):
  File "C:\Users\mutation\Desktop\theano-testcase\tests\test_abstract_conv.py", line 1528, in test_fwd
    grouped_output = grouped_func(img, kern)
  File "C:\ProgramData\Anaconda3\envs\keras\lib\site-packages\theano\compile\function_module.py", line 917, in __call__
    storage_map=getattr(self.fn, 'storage_map', None))
  File "C:\ProgramData\Anaconda3\envs\keras\lib\site-packages\theano\gof\link.py", line 325, in raise_with_op
    reraise(exc_type, exc_value, exc_trace)
  File "C:\ProgramData\Anaconda3\envs\keras\lib\site-packages\six.py", line 702, in reraise
    raise value.with_traceback(tb)
  File "C:\ProgramData\Anaconda3\envs\keras\lib\site-packages\theano\compile\function_module.py", line 903, in __call__
    self.fn() if output_subset is None else\
  File "C:\ProgramData\Anaconda3\envs\keras\lib\site-packages\theano\gof\op.py", line 892, in rval
    r = p(n, [x[0] for x in i], o)
  File "C:\ProgramData\Anaconda3\envs\keras\lib\site-packages\theano\tensor\nnet\abstract_conv.py", line 2412, in perform
    unshared=self.unshared)
  File "C:\ProgramData\Anaconda3\envs\keras\lib\site-packages\theano\tensor\nnet\abstract_conv.py", line 2213, in conv
    mode, [1] * self.convdim, dilation)
  File "C:\ProgramData\Anaconda3\envs\keras\lib\site-packages\theano\tensor\nnet\abstract_conv.py", line 94, in get_conv_output_shape
    subsample[i], filter_dilation[i]) for i in range(len(subsample)))
  File "C:\ProgramData\Anaconda3\envs\keras\lib\site-packages\theano\tensor\nnet\abstract_conv.py", line 94, in <genexpr>
    subsample[i], filter_dilation[i]) for i in range(len(subsample)))
  File "C:\ProgramData\Anaconda3\envs\keras\lib\site-packages\theano\tensor\nnet\abstract_conv.py", line 143, in get_conv_shape_1axis
    if pad_l < 0 or pad_r < 0:
TypeError: '<' not supported between instances of 'str' and 'int'
Apply node that caused the error: AbstractConv2d{convdim=2, border_mode='valid', subsample=(1, 1), filter_flip=True, imshp=(None, None, None, None), kshp=(None, None, None, None), filter_dilation=(1, 1), num_groups=3, unshared=False}(img, kern)
Toposort index: 0
Inputs types: [TensorType(float64, 4D), TensorType(float64, 4D)]
Inputs shapes: [(5, 6, 5, 5), (6, 2, 3, 3)]
Inputs strides: [(1200, 200, 40, 8), (144, 72, 24, 8)]
Inputs values: ['not shown', 'not shown']
Outputs clients: [['output']]

Backtrace when the node is created(use Theano flag traceback.limit=N to make it longer):
  File "C:\ProgramData\Anaconda3\envs\keras\lib\unittest\suite.py", line 122, in run
    test(result)
  File "C:\ProgramData\Anaconda3\envs\keras\lib\unittest\suite.py", line 84, in __call__
    return self.run(*args, **kwds)
  File "C:\ProgramData\Anaconda3\envs\keras\lib\unittest\suite.py", line 122, in run
    test(result)
  File "C:\ProgramData\Anaconda3\envs\keras\lib\unittest\suite.py", line 84, in __call__
    return self.run(*args, **kwds)
  File "C:\ProgramData\Anaconda3\envs\keras\lib\unittest\suite.py", line 122, in run
    test(result)
  File "C:\ProgramData\Anaconda3\envs\keras\lib\unittest\case.py", line 653, in __call__
    return self.run(*args, **kwds)
  File "C:\ProgramData\Anaconda3\envs\keras\lib\unittest\case.py", line 605, in run
    testMethod()
  File "C:\Users\mutation\Desktop\theano-testcase\tests\test_abstract_conv.py", line 1523, in test_fwd
    grouped_conv_output = grouped_conv_op(img_sym, kern_sym)

HINT: Use the Theano flag 'exception_verbosity=high' for a debugprint and storage map footprint of this apply node.

======================================================================
ERROR: test_gradinputs (test_abstract_conv.Grouped_conv_noOptim)
----------------------------------------------------------------------
Traceback (most recent call last):
  File "C:\ProgramData\Anaconda3\envs\keras\lib\site-packages\theano\compile\function_module.py", line 903, in __call__
    self.fn() if output_subset is None else\
  File "C:\ProgramData\Anaconda3\envs\keras\lib\site-packages\theano\gof\op.py", line 892, in rval
    r = p(n, [x[0] for x in i], o)
  File "C:\ProgramData\Anaconda3\envs\keras\lib\site-packages\theano\tensor\nnet\abstract_conv.py", line 2948, in perform
    self.border_mode, self.subsample, self.filter_dilation)
  File "C:\ProgramData\Anaconda3\envs\keras\lib\site-packages\theano\tensor\nnet\abstract_conv.py", line 94, in get_conv_output_shape
    subsample[i], filter_dilation[i]) for i in range(len(subsample)))
  File "C:\ProgramData\Anaconda3\envs\keras\lib\site-packages\theano\tensor\nnet\abstract_conv.py", line 94, in <genexpr>
    subsample[i], filter_dilation[i]) for i in range(len(subsample)))
  File "C:\ProgramData\Anaconda3\envs\keras\lib\site-packages\theano\tensor\nnet\abstract_conv.py", line 143, in get_conv_shape_1axis
    if pad_l < 0 or pad_r < 0:
TypeError: '<' not supported between instances of 'str' and 'int'

During handling of the above exception, another exception occurred:

Traceback (most recent call last):
  File "C:\Users\mutation\Desktop\theano-testcase\tests\test_abstract_conv.py", line 1621, in test_gradinputs
    grouped_output = grouped_func(kern, top)
  File "C:\ProgramData\Anaconda3\envs\keras\lib\site-packages\theano\compile\function_module.py", line 917, in __call__
    storage_map=getattr(self.fn, 'storage_map', None))
  File "C:\ProgramData\Anaconda3\envs\keras\lib\site-packages\theano\gof\link.py", line 325, in raise_with_op
    reraise(exc_type, exc_value, exc_trace)
  File "C:\ProgramData\Anaconda3\envs\keras\lib\site-packages\six.py", line 702, in reraise
    raise value.with_traceback(tb)
  File "C:\ProgramData\Anaconda3\envs\keras\lib\site-packages\theano\compile\function_module.py", line 903, in __call__
    self.fn() if output_subset is None else\
  File "C:\ProgramData\Anaconda3\envs\keras\lib\site-packages\theano\gof\op.py", line 892, in rval
    r = p(n, [x[0] for x in i], o)
  File "C:\ProgramData\Anaconda3\envs\keras\lib\site-packages\theano\tensor\nnet\abstract_conv.py", line 2948, in perform
    self.border_mode, self.subsample, self.filter_dilation)
  File "C:\ProgramData\Anaconda3\envs\keras\lib\site-packages\theano\tensor\nnet\abstract_conv.py", line 94, in get_conv_output_shape
    subsample[i], filter_dilation[i]) for i in range(len(subsample)))
  File "C:\ProgramData\Anaconda3\envs\keras\lib\site-packages\theano\tensor\nnet\abstract_conv.py", line 94, in <genexpr>
    subsample[i], filter_dilation[i]) for i in range(len(subsample)))
  File "C:\ProgramData\Anaconda3\envs\keras\lib\site-packages\theano\tensor\nnet\abstract_conv.py", line 143, in get_conv_shape_1axis
    if pad_l < 0 or pad_r < 0:
TypeError: '<' not supported between instances of 'str' and 'int'
Apply node that caused the error: AbstractConv2d_gradInputs{convdim=2, border_mode='valid', subsample=(1, 1), filter_flip=True, imshp=(None, None, None, None), kshp=(None, None, None, None), filter_dilation=(1, 1), num_groups=3, unshared=False}(kern, top, TensorConstant{(2,) of 5})
Toposort index: 0
Inputs types: [TensorType(float64, 4D), TensorType(float64, 4D), TensorType(int32, vector)]
Inputs shapes: [(6, 2, 3, 3), (5, 6, 3, 3), (2,)]
Inputs strides: [(144, 72, 24, 8), (432, 72, 24, 8), (4,)]
Inputs values: ['not shown', 'not shown', array([5, 5])]
Outputs clients: [['output']]

Backtrace when the node is created(use Theano flag traceback.limit=N to make it longer):
  File "C:\ProgramData\Anaconda3\envs\keras\lib\unittest\suite.py", line 122, in run
    test(result)
  File "C:\ProgramData\Anaconda3\envs\keras\lib\unittest\suite.py", line 84, in __call__
    return self.run(*args, **kwds)
  File "C:\ProgramData\Anaconda3\envs\keras\lib\unittest\suite.py", line 122, in run
    test(result)
  File "C:\ProgramData\Anaconda3\envs\keras\lib\unittest\suite.py", line 84, in __call__
    return self.run(*args, **kwds)
  File "C:\ProgramData\Anaconda3\envs\keras\lib\unittest\suite.py", line 122, in run
    test(result)
  File "C:\ProgramData\Anaconda3\envs\keras\lib\unittest\case.py", line 653, in __call__
    return self.run(*args, **kwds)
  File "C:\ProgramData\Anaconda3\envs\keras\lib\unittest\case.py", line 605, in run
    testMethod()
  File "C:\Users\mutation\Desktop\theano-testcase\tests\test_abstract_conv.py", line 1617, in test_gradinputs
    imshp[-self.convdim:]))

HINT: Use the Theano flag 'exception_verbosity=high' for a debugprint and storage map footprint of this apply node.

======================================================================
ERROR: test_gradweights (test_abstract_conv.Grouped_conv_noOptim)
----------------------------------------------------------------------
Traceback (most recent call last):
  File "C:\ProgramData\Anaconda3\envs\keras\lib\site-packages\theano\compile\function_module.py", line 903, in __call__
    self.fn() if output_subset is None else\
  File "C:\ProgramData\Anaconda3\envs\keras\lib\site-packages\theano\gof\op.py", line 892, in rval
    r = p(n, [x[0] for x in i], o)
  File "C:\ProgramData\Anaconda3\envs\keras\lib\site-packages\theano\tensor\nnet\abstract_conv.py", line 2692, in perform
    kern = self.conv(img, topgrad, mode="valid", num_groups=self.num_groups)
  File "C:\ProgramData\Anaconda3\envs\keras\lib\site-packages\theano\tensor\nnet\abstract_conv.py", line 2213, in conv
    mode, [1] * self.convdim, dilation)
  File "C:\ProgramData\Anaconda3\envs\keras\lib\site-packages\theano\tensor\nnet\abstract_conv.py", line 94, in get_conv_output_shape
    subsample[i], filter_dilation[i]) for i in range(len(subsample)))
  File "C:\ProgramData\Anaconda3\envs\keras\lib\site-packages\theano\tensor\nnet\abstract_conv.py", line 94, in <genexpr>
    subsample[i], filter_dilation[i]) for i in range(len(subsample)))
  File "C:\ProgramData\Anaconda3\envs\keras\lib\site-packages\theano\tensor\nnet\abstract_conv.py", line 143, in get_conv_shape_1axis
    if pad_l < 0 or pad_r < 0:
TypeError: '<' not supported between instances of 'str' and 'int'

During handling of the above exception, another exception occurred:

Traceback (most recent call last):
  File "C:\Users\mutation\Desktop\theano-testcase\tests\test_abstract_conv.py", line 1572, in test_gradweights
    grouped_output = grouped_func(img, top)
  File "C:\ProgramData\Anaconda3\envs\keras\lib\site-packages\theano\compile\function_module.py", line 917, in __call__
    storage_map=getattr(self.fn, 'storage_map', None))
  File "C:\ProgramData\Anaconda3\envs\keras\lib\site-packages\theano\gof\link.py", line 325, in raise_with_op
    reraise(exc_type, exc_value, exc_trace)
  File "C:\ProgramData\Anaconda3\envs\keras\lib\site-packages\six.py", line 702, in reraise
    raise value.with_traceback(tb)
  File "C:\ProgramData\Anaconda3\envs\keras\lib\site-packages\theano\compile\function_module.py", line 903, in __call__
    self.fn() if output_subset is None else\
  File "C:\ProgramData\Anaconda3\envs\keras\lib\site-packages\theano\gof\op.py", line 892, in rval
    r = p(n, [x[0] for x in i], o)
  File "C:\ProgramData\Anaconda3\envs\keras\lib\site-packages\theano\tensor\nnet\abstract_conv.py", line 2692, in perform
    kern = self.conv(img, topgrad, mode="valid", num_groups=self.num_groups)
  File "C:\ProgramData\Anaconda3\envs\keras\lib\site-packages\theano\tensor\nnet\abstract_conv.py", line 2213, in conv
    mode, [1] * self.convdim, dilation)
  File "C:\ProgramData\Anaconda3\envs\keras\lib\site-packages\theano\tensor\nnet\abstract_conv.py", line 94, in get_conv_output_shape
    subsample[i], filter_dilation[i]) for i in range(len(subsample)))
  File "C:\ProgramData\Anaconda3\envs\keras\lib\site-packages\theano\tensor\nnet\abstract_conv.py", line 94, in <genexpr>
    subsample[i], filter_dilation[i]) for i in range(len(subsample)))
  File "C:\ProgramData\Anaconda3\envs\keras\lib\site-packages\theano\tensor\nnet\abstract_conv.py", line 143, in get_conv_shape_1axis
    if pad_l < 0 or pad_r < 0:
TypeError: '<' not supported between instances of 'str' and 'int'
Apply node that caused the error: AbstractConv2d_gradWeights{convdim=2, border_mode='valid', subsample=(1, 1), filter_flip=True, imshp=(None, None, None, None), kshp=(None, None, None, None), filter_dilation=(1, 1), num_groups=3, unshared=False}(img, kern, TensorConstant{(2,) of 3})
Toposort index: 0
Inputs types: [TensorType(float64, 4D), TensorType(float64, 4D), TensorType(int32, vector)]
Inputs shapes: [(5, 6, 5, 5), (5, 6, 3, 3), (2,)]
Inputs strides: [(1200, 200, 40, 8), (432, 72, 24, 8), (4,)]
Inputs values: ['not shown', 'not shown', array([3, 3])]
Outputs clients: [['output']]

Backtrace when the node is created(use Theano flag traceback.limit=N to make it longer):
  File "C:\ProgramData\Anaconda3\envs\keras\lib\unittest\suite.py", line 122, in run
    test(result)
  File "C:\ProgramData\Anaconda3\envs\keras\lib\unittest\suite.py", line 84, in __call__
    return self.run(*args, **kwds)
  File "C:\ProgramData\Anaconda3\envs\keras\lib\unittest\suite.py", line 122, in run
    test(result)
  File "C:\ProgramData\Anaconda3\envs\keras\lib\unittest\suite.py", line 84, in __call__
    return self.run(*args, **kwds)
  File "C:\ProgramData\Anaconda3\envs\keras\lib\unittest\suite.py", line 122, in run
    test(result)
  File "C:\ProgramData\Anaconda3\envs\keras\lib\unittest\case.py", line 653, in __call__
    return self.run(*args, **kwds)
  File "C:\ProgramData\Anaconda3\envs\keras\lib\unittest\case.py", line 605, in run
    testMethod()
  File "C:\Users\mutation\Desktop\theano-testcase\tests\test_abstract_conv.py", line 1568, in test_gradweights
    kshp[-self.convdim:]))

HINT: Use the Theano flag 'exception_verbosity=high' for a debugprint and storage map footprint of this apply node.

======================================================================
ERROR: test_interface2d (test_abstract_conv.Separable_conv)
----------------------------------------------------------------------
Traceback (most recent call last):
  File "C:\Users\mutation\Desktop\theano-testcase\tests\test_abstract_conv.py", line 1723, in test_interface2d
    pointwise_filter_shape=self.pointwise_filter.shape)
  File "C:\ProgramData\Anaconda3\envs\keras\lib\site-packages\theano\tensor\nnet\abstract_conv.py", line 761, in separable_conv2d
    depthwise_op_shape = conv_op.infer_shape(None, [input_shape, depthwise_filter_shape])[0]
  File "C:\ProgramData\Anaconda3\envs\keras\lib\site-packages\theano\tensor\nnet\abstract_conv.py", line 2450, in infer_shape
    self.subsample, self.filter_dilation)
  File "C:\ProgramData\Anaconda3\envs\keras\lib\site-packages\theano\tensor\nnet\abstract_conv.py", line 94, in get_conv_output_shape
    subsample[i], filter_dilation[i]) for i in range(len(subsample)))
  File "C:\ProgramData\Anaconda3\envs\keras\lib\site-packages\theano\tensor\nnet\abstract_conv.py", line 94, in <genexpr>
    subsample[i], filter_dilation[i]) for i in range(len(subsample)))
  File "C:\ProgramData\Anaconda3\envs\keras\lib\site-packages\theano\tensor\nnet\abstract_conv.py", line 143, in get_conv_shape_1axis
    if pad_l < 0 or pad_r < 0:
TypeError: '<' not supported between instances of 'str' and 'int'

======================================================================
ERROR: test_interface3d (test_abstract_conv.Separable_conv)
----------------------------------------------------------------------
Traceback (most recent call last):
  File "C:\Users\mutation\Desktop\theano-testcase\tests\test_abstract_conv.py", line 1773, in test_interface3d
    pointwise_filter_shape=pointwise_filter.shape)
  File "C:\ProgramData\Anaconda3\envs\keras\lib\site-packages\theano\tensor\nnet\abstract_conv.py", line 885, in separable_conv3d
    depthwise_op_shape = conv_op.infer_shape(None, [input_shape, depthwise_filter_shape])[0]
  File "C:\ProgramData\Anaconda3\envs\keras\lib\site-packages\theano\tensor\nnet\abstract_conv.py", line 2450, in infer_shape
    self.subsample, self.filter_dilation)
  File "C:\ProgramData\Anaconda3\envs\keras\lib\site-packages\theano\tensor\nnet\abstract_conv.py", line 94, in get_conv_output_shape
    subsample[i], filter_dilation[i]) for i in range(len(subsample)))
  File "C:\ProgramData\Anaconda3\envs\keras\lib\site-packages\theano\tensor\nnet\abstract_conv.py", line 94, in <genexpr>
    subsample[i], filter_dilation[i]) for i in range(len(subsample)))
  File "C:\ProgramData\Anaconda3\envs\keras\lib\site-packages\theano\tensor\nnet\abstract_conv.py", line 143, in get_conv_shape_1axis
    if pad_l < 0 or pad_r < 0:
TypeError: '<' not supported between instances of 'str' and 'int'

======================================================================
ERROR: test_fwd (test_abstract_conv.TestAsymmetricPadding)
----------------------------------------------------------------------
Traceback (most recent call last):
  File "C:\ProgramData\Anaconda3\envs\keras\lib\site-packages\theano\compile\function_module.py", line 903, in __call__
    self.fn() if output_subset is None else\
  File "C:\ProgramData\Anaconda3\envs\keras\lib\site-packages\theano\gof\op.py", line 892, in rval
    r = p(n, [x[0] for x in i], o)
  File "C:\ProgramData\Anaconda3\envs\keras\lib\site-packages\theano\tensor\nnet\abstract_conv.py", line 2412, in perform
    unshared=self.unshared)
  File "C:\ProgramData\Anaconda3\envs\keras\lib\site-packages\theano\tensor\nnet\abstract_conv.py", line 2213, in conv
    mode, [1] * self.convdim, dilation)
  File "C:\ProgramData\Anaconda3\envs\keras\lib\site-packages\theano\tensor\nnet\abstract_conv.py", line 94, in get_conv_output_shape
    subsample[i], filter_dilation[i]) for i in range(len(subsample)))
  File "C:\ProgramData\Anaconda3\envs\keras\lib\site-packages\theano\tensor\nnet\abstract_conv.py", line 94, in <genexpr>
    subsample[i], filter_dilation[i]) for i in range(len(subsample)))
  File "C:\ProgramData\Anaconda3\envs\keras\lib\site-packages\theano\tensor\nnet\abstract_conv.py", line 143, in get_conv_shape_1axis
    if pad_l < 0 or pad_r < 0:
TypeError: '<' not supported between instances of 'str' and 'int'

During handling of the above exception, another exception occurred:

Traceback (most recent call last):
  File "C:\Users\mutation\Desktop\theano-testcase\tests\test_abstract_conv.py", line 1980, in test_fwd
    asymmetric_output = asymmetric_func(img, kern)
  File "C:\ProgramData\Anaconda3\envs\keras\lib\site-packages\theano\compile\function_module.py", line 917, in __call__
    storage_map=getattr(self.fn, 'storage_map', None))
  File "C:\ProgramData\Anaconda3\envs\keras\lib\site-packages\theano\gof\link.py", line 325, in raise_with_op
    reraise(exc_type, exc_value, exc_trace)
  File "C:\ProgramData\Anaconda3\envs\keras\lib\site-packages\six.py", line 702, in reraise
    raise value.with_traceback(tb)
  File "C:\ProgramData\Anaconda3\envs\keras\lib\site-packages\theano\compile\function_module.py", line 903, in __call__
    self.fn() if output_subset is None else\
  File "C:\ProgramData\Anaconda3\envs\keras\lib\site-packages\theano\gof\op.py", line 892, in rval
    r = p(n, [x[0] for x in i], o)
  File "C:\ProgramData\Anaconda3\envs\keras\lib\site-packages\theano\tensor\nnet\abstract_conv.py", line 2412, in perform
    unshared=self.unshared)
  File "C:\ProgramData\Anaconda3\envs\keras\lib\site-packages\theano\tensor\nnet\abstract_conv.py", line 2213, in conv
    mode, [1] * self.convdim, dilation)
  File "C:\ProgramData\Anaconda3\envs\keras\lib\site-packages\theano\tensor\nnet\abstract_conv.py", line 94, in get_conv_output_shape
    subsample[i], filter_dilation[i]) for i in range(len(subsample)))
  File "C:\ProgramData\Anaconda3\envs\keras\lib\site-packages\theano\tensor\nnet\abstract_conv.py", line 94, in <genexpr>
    subsample[i], filter_dilation[i]) for i in range(len(subsample)))
  File "C:\ProgramData\Anaconda3\envs\keras\lib\site-packages\theano\tensor\nnet\abstract_conv.py", line 143, in get_conv_shape_1axis
    if pad_l < 0 or pad_r < 0:
TypeError: '<' not supported between instances of 'str' and 'int'
Apply node that caused the error: AbstractConv2d{convdim=2, border_mode=((1, 2), (2, 1)), subsample=(1, 1), filter_flip=True, imshp=(None, None, None, None), kshp=(None, None, None, None), filter_dilation=(1, 1), num_groups=1, unshared=False}(img, kern)
Toposort index: 0
Inputs types: [TensorType(float64, 4D), TensorType(float64, 4D)]
Inputs shapes: [(2, 2, 4, 4), (4, 2, 2, 2)]
Inputs strides: [(256, 128, 32, 8), (64, 32, 16, 8)]
Inputs values: ['not shown', 'not shown']
Outputs clients: [['output']]

Backtrace when the node is created(use Theano flag traceback.limit=N to make it longer):
  File "C:\ProgramData\Anaconda3\envs\keras\lib\unittest\suite.py", line 122, in run
    test(result)
  File "C:\ProgramData\Anaconda3\envs\keras\lib\unittest\suite.py", line 84, in __call__
    return self.run(*args, **kwds)
  File "C:\ProgramData\Anaconda3\envs\keras\lib\unittest\suite.py", line 122, in run
    test(result)
  File "C:\ProgramData\Anaconda3\envs\keras\lib\unittest\suite.py", line 84, in __call__
    return self.run(*args, **kwds)
  File "C:\ProgramData\Anaconda3\envs\keras\lib\unittest\suite.py", line 122, in run
    test(result)
  File "C:\ProgramData\Anaconda3\envs\keras\lib\unittest\case.py", line 653, in __call__
    return self.run(*args, **kwds)
  File "C:\ProgramData\Anaconda3\envs\keras\lib\unittest\case.py", line 605, in run
    testMethod()
  File "C:\Users\mutation\Desktop\theano-testcase\tests\test_abstract_conv.py", line 1976, in test_fwd
    asymmetric_out_sym = asymmetric_conv_op(img_sym, kern_sym)

HINT: Use the Theano flag 'exception_verbosity=high' for a debugprint and storage map footprint of this apply node.

======================================================================
ERROR: test_gradinput (test_abstract_conv.TestAsymmetricPadding)
----------------------------------------------------------------------
Traceback (most recent call last):
  File "C:\ProgramData\Anaconda3\envs\keras\lib\site-packages\theano\compile\function_module.py", line 903, in __call__
    self.fn() if output_subset is None else\
  File "C:\ProgramData\Anaconda3\envs\keras\lib\site-packages\theano\gof\op.py", line 892, in rval
    r = p(n, [x[0] for x in i], o)
  File "C:\ProgramData\Anaconda3\envs\keras\lib\site-packages\theano\tensor\nnet\abstract_conv.py", line 2954, in perform
    tuple(topgrad.shape)))
ValueError: invalid input_shape for gradInputs: the given input_shape would produce an output of shape (2, 4, 3, 3), but the given topgrad has shape (2, 4, 6, 6)

During handling of the above exception, another exception occurred:

Traceback (most recent call last):
  File "C:\Users\mutation\Desktop\theano-testcase\tests\test_abstract_conv.py", line 2056, in test_gradinput
    asymmetric_output = asymmetric_func(kern, top)
  File "C:\ProgramData\Anaconda3\envs\keras\lib\site-packages\theano\compile\function_module.py", line 917, in __call__
    storage_map=getattr(self.fn, 'storage_map', None))
  File "C:\ProgramData\Anaconda3\envs\keras\lib\site-packages\theano\gof\link.py", line 325, in raise_with_op
    reraise(exc_type, exc_value, exc_trace)
  File "C:\ProgramData\Anaconda3\envs\keras\lib\site-packages\six.py", line 702, in reraise
    raise value.with_traceback(tb)
  File "C:\ProgramData\Anaconda3\envs\keras\lib\site-packages\theano\compile\function_module.py", line 903, in __call__
    self.fn() if output_subset is None else\
  File "C:\ProgramData\Anaconda3\envs\keras\lib\site-packages\theano\gof\op.py", line 892, in rval
    r = p(n, [x[0] for x in i], o)
  File "C:\ProgramData\Anaconda3\envs\keras\lib\site-packages\theano\tensor\nnet\abstract_conv.py", line 2954, in perform
    tuple(topgrad.shape)))
ValueError: invalid input_shape for gradInputs: the given input_shape would produce an output of shape (2, 4, 3, 3), but the given topgrad has shape (2, 4, 6, 6)
Apply node that caused the error: AbstractConv2d_gradInputs{convdim=2, border_mode=((1, 2), (2, 1)), subsample=(1, 1), filter_flip=True, imshp=(None, None, None, None), kshp=(None, None, None, None), filter_dilation=(1, 1), num_groups=1, unshared=False}(kern, top, TensorConstant{(2,) of 4})
Toposort index: 0
Inputs types: [TensorType(float64, 4D), TensorType(float64, 4D), TensorType(int32, vector)]
Inputs shapes: [(4, 2, 2, 2), (2, 4, 6, 6), (2,)]
Inputs strides: [(64, 32, 16, 8), (1152, 288, 48, 8), (4,)]
Inputs values: ['not shown', 'not shown', array([4, 4])]
Outputs clients: [['output']]

Backtrace when the node is created(use Theano flag traceback.limit=N to make it longer):
  File "C:\ProgramData\Anaconda3\envs\keras\lib\unittest\suite.py", line 122, in run
    test(result)
  File "C:\ProgramData\Anaconda3\envs\keras\lib\unittest\suite.py", line 84, in __call__
    return self.run(*args, **kwds)
  File "C:\ProgramData\Anaconda3\envs\keras\lib\unittest\suite.py", line 122, in run
    test(result)
  File "C:\ProgramData\Anaconda3\envs\keras\lib\unittest\suite.py", line 84, in __call__
    return self.run(*args, **kwds)
  File "C:\ProgramData\Anaconda3\envs\keras\lib\unittest\suite.py", line 122, in run
    test(result)
  File "C:\ProgramData\Anaconda3\envs\keras\lib\unittest\case.py", line 653, in __call__
    return self.run(*args, **kwds)
  File "C:\ProgramData\Anaconda3\envs\keras\lib\unittest\case.py", line 605, in run
    testMethod()
  File "C:\Users\mutation\Desktop\theano-testcase\tests\test_abstract_conv.py", line 2052, in test_gradinput
    asymmetric_out_sym = asymmetric_conv_op(kern_sym, top_sym, imshp[-2:])

HINT: Use the Theano flag 'exception_verbosity=high' for a debugprint and storage map footprint of this apply node.

======================================================================
ERROR: test_gradweight (test_abstract_conv.TestAsymmetricPadding)
----------------------------------------------------------------------
Traceback (most recent call last):
  File "C:\ProgramData\Anaconda3\envs\keras\lib\site-packages\theano\compile\function_module.py", line 903, in __call__
    self.fn() if output_subset is None else\
  File "C:\ProgramData\Anaconda3\envs\keras\lib\site-packages\theano\gof\op.py", line 892, in rval
    r = p(n, [x[0] for x in i], o)
  File "C:\ProgramData\Anaconda3\envs\keras\lib\site-packages\theano\tensor\nnet\abstract_conv.py", line 2692, in perform
    kern = self.conv(img, topgrad, mode="valid", num_groups=self.num_groups)
  File "C:\ProgramData\Anaconda3\envs\keras\lib\site-packages\theano\tensor\nnet\abstract_conv.py", line 2213, in conv
    mode, [1] * self.convdim, dilation)
  File "C:\ProgramData\Anaconda3\envs\keras\lib\site-packages\theano\tensor\nnet\abstract_conv.py", line 94, in get_conv_output_shape
    subsample[i], filter_dilation[i]) for i in range(len(subsample)))
  File "C:\ProgramData\Anaconda3\envs\keras\lib\site-packages\theano\tensor\nnet\abstract_conv.py", line 94, in <genexpr>
    subsample[i], filter_dilation[i]) for i in range(len(subsample)))
  File "C:\ProgramData\Anaconda3\envs\keras\lib\site-packages\theano\tensor\nnet\abstract_conv.py", line 143, in get_conv_shape_1axis
    if pad_l < 0 or pad_r < 0:
TypeError: '<' not supported between instances of 'str' and 'int'

During handling of the above exception, another exception occurred:

Traceback (most recent call last):
  File "C:\Users\mutation\Desktop\theano-testcase\tests\test_abstract_conv.py", line 2017, in test_gradweight
    asymmetric_output = asymmetric_func(img, top)
  File "C:\ProgramData\Anaconda3\envs\keras\lib\site-packages\theano\compile\function_module.py", line 917, in __call__
    storage_map=getattr(self.fn, 'storage_map', None))
  File "C:\ProgramData\Anaconda3\envs\keras\lib\site-packages\theano\gof\link.py", line 325, in raise_with_op
    reraise(exc_type, exc_value, exc_trace)
  File "C:\ProgramData\Anaconda3\envs\keras\lib\site-packages\six.py", line 702, in reraise
    raise value.with_traceback(tb)
  File "C:\ProgramData\Anaconda3\envs\keras\lib\site-packages\theano\compile\function_module.py", line 903, in __call__
    self.fn() if output_subset is None else\
  File "C:\ProgramData\Anaconda3\envs\keras\lib\site-packages\theano\gof\op.py", line 892, in rval
    r = p(n, [x[0] for x in i], o)
  File "C:\ProgramData\Anaconda3\envs\keras\lib\site-packages\theano\tensor\nnet\abstract_conv.py", line 2692, in perform
    kern = self.conv(img, topgrad, mode="valid", num_groups=self.num_groups)
  File "C:\ProgramData\Anaconda3\envs\keras\lib\site-packages\theano\tensor\nnet\abstract_conv.py", line 2213, in conv
    mode, [1] * self.convdim, dilation)
  File "C:\ProgramData\Anaconda3\envs\keras\lib\site-packages\theano\tensor\nnet\abstract_conv.py", line 94, in get_conv_output_shape
    subsample[i], filter_dilation[i]) for i in range(len(subsample)))
  File "C:\ProgramData\Anaconda3\envs\keras\lib\site-packages\theano\tensor\nnet\abstract_conv.py", line 94, in <genexpr>
    subsample[i], filter_dilation[i]) for i in range(len(subsample)))
  File "C:\ProgramData\Anaconda3\envs\keras\lib\site-packages\theano\tensor\nnet\abstract_conv.py", line 143, in get_conv_shape_1axis
    if pad_l < 0 or pad_r < 0:
TypeError: '<' not supported between instances of 'str' and 'int'
Apply node that caused the error: AbstractConv2d_gradWeights{convdim=2, border_mode=((1, 2), (2, 1)), subsample=(1, 1), filter_flip=True, imshp=(None, None, None, None), kshp=(None, None, None, None), filter_dilation=(1, 1), num_groups=1, unshared=False}(img, top, TensorConstant{(2,) of 2})
Toposort index: 0
Inputs types: [TensorType(float64, 4D), TensorType(float64, 4D), TensorType(int32, vector)]
Inputs shapes: [(2, 2, 4, 4), (2, 4, 6, 6), (2,)]
Inputs strides: [(256, 128, 32, 8), (1152, 288, 48, 8), (4,)]
Inputs values: ['not shown', 'not shown', array([2, 2])]
Outputs clients: [['output']]

Backtrace when the node is created(use Theano flag traceback.limit=N to make it longer):
  File "C:\ProgramData\Anaconda3\envs\keras\lib\unittest\suite.py", line 122, in run
    test(result)
  File "C:\ProgramData\Anaconda3\envs\keras\lib\unittest\suite.py", line 84, in __call__
    return self.run(*args, **kwds)
  File "C:\ProgramData\Anaconda3\envs\keras\lib\unittest\suite.py", line 122, in run
    test(result)
  File "C:\ProgramData\Anaconda3\envs\keras\lib\unittest\suite.py", line 84, in __call__
    return self.run(*args, **kwds)
  File "C:\ProgramData\Anaconda3\envs\keras\lib\unittest\suite.py", line 122, in run
    test(result)
  File "C:\ProgramData\Anaconda3\envs\keras\lib\unittest\case.py", line 653, in __call__
    return self.run(*args, **kwds)
  File "C:\ProgramData\Anaconda3\envs\keras\lib\unittest\case.py", line 605, in run
    testMethod()
  File "C:\Users\mutation\Desktop\theano-testcase\tests\test_abstract_conv.py", line 2013, in test_gradweight
    asymmetric_out_sym = asymmetric_conv_op(img_sym, top_sym, kshp[-2:])

HINT: Use the Theano flag 'exception_verbosity=high' for a debugprint and storage map footprint of this apply node.

======================================================================
ERROR: test_interface (test_abstract_conv.TestCausalConv)
----------------------------------------------------------------------
Traceback (most recent call last):
  File "C:\ProgramData\Anaconda3\envs\keras\lib\site-packages\theano\compile\function_module.py", line 903, in __call__
    self.fn() if output_subset is None else\
  File "C:\ProgramData\Anaconda3\envs\keras\lib\site-packages\theano\gof\op.py", line 892, in rval
    r = p(n, [x[0] for x in i], o)
  File "C:\ProgramData\Anaconda3\envs\keras\lib\site-packages\theano\tensor\nnet\abstract_conv.py", line 2412, in perform
    unshared=self.unshared)
  File "C:\ProgramData\Anaconda3\envs\keras\lib\site-packages\theano\tensor\nnet\abstract_conv.py", line 2213, in conv
    mode, [1] * self.convdim, dilation)
  File "C:\ProgramData\Anaconda3\envs\keras\lib\site-packages\theano\tensor\nnet\abstract_conv.py", line 94, in get_conv_output_shape
    subsample[i], filter_dilation[i]) for i in range(len(subsample)))
  File "C:\ProgramData\Anaconda3\envs\keras\lib\site-packages\theano\tensor\nnet\abstract_conv.py", line 94, in <genexpr>
    subsample[i], filter_dilation[i]) for i in range(len(subsample)))
  File "C:\ProgramData\Anaconda3\envs\keras\lib\site-packages\theano\tensor\nnet\abstract_conv.py", line 143, in get_conv_shape_1axis
    if pad_l < 0 or pad_r < 0:
TypeError: '<' not supported between instances of 'str' and 'int'

During handling of the above exception, another exception occurred:

Traceback (most recent call last):
  File "C:\Users\mutation\Desktop\theano-testcase\tests\test_abstract_conv.py", line 2100, in test_interface
    output = causal_func(self.img, self.kern)
  File "C:\ProgramData\Anaconda3\envs\keras\lib\site-packages\theano\compile\function_module.py", line 917, in __call__
    storage_map=getattr(self.fn, 'storage_map', None))
  File "C:\ProgramData\Anaconda3\envs\keras\lib\site-packages\theano\gof\link.py", line 325, in raise_with_op
    reraise(exc_type, exc_value, exc_trace)
  File "C:\ProgramData\Anaconda3\envs\keras\lib\site-packages\six.py", line 702, in reraise
    raise value.with_traceback(tb)
  File "C:\ProgramData\Anaconda3\envs\keras\lib\site-packages\theano\compile\function_module.py", line 903, in __call__
    self.fn() if output_subset is None else\
  File "C:\ProgramData\Anaconda3\envs\keras\lib\site-packages\theano\gof\op.py", line 892, in rval
    r = p(n, [x[0] for x in i], o)
  File "C:\ProgramData\Anaconda3\envs\keras\lib\site-packages\theano\tensor\nnet\abstract_conv.py", line 2412, in perform
    unshared=self.unshared)
  File "C:\ProgramData\Anaconda3\envs\keras\lib\site-packages\theano\tensor\nnet\abstract_conv.py", line 2213, in conv
    mode, [1] * self.convdim, dilation)
  File "C:\ProgramData\Anaconda3\envs\keras\lib\site-packages\theano\tensor\nnet\abstract_conv.py", line 94, in get_conv_output_shape
    subsample[i], filter_dilation[i]) for i in range(len(subsample)))
  File "C:\ProgramData\Anaconda3\envs\keras\lib\site-packages\theano\tensor\nnet\abstract_conv.py", line 94, in <genexpr>
    subsample[i], filter_dilation[i]) for i in range(len(subsample)))
  File "C:\ProgramData\Anaconda3\envs\keras\lib\site-packages\theano\tensor\nnet\abstract_conv.py", line 143, in get_conv_shape_1axis
    if pad_l < 0 or pad_r < 0:
TypeError: '<' not supported between instances of 'str' and 'int'
Apply node that caused the error: AbstractConv2d{convdim=2, border_mode=((4, 0), 0), subsample=(1, 1), filter_flip=True, imshp=(None, None, None, None), kshp=(2, 2, 3, 1), filter_dilation=(2, 1), num_groups=1, unshared=False}(InplaceDimShuffle{0,1,2,x}.0, InplaceDimShuffle{0,1,2,x}.0)
Toposort index: 2
Inputs types: [TensorType(float64, (False, False, False, True)), TensorType(float64, (False, False, False, True))]
Inputs shapes: [(3, 2, 5, 1), (2, 2, 3, 1)]
Inputs strides: [(80, 40, 8, 8), (48, 24, 8, 8)]
Inputs values: ['not shown', 'not shown']
Outputs clients: [[Subtensor{::, ::, ::, int64}(AbstractConv2d{convdim=2, border_mode=((4, 0), 0), subsample=(1, 1), filter_flip=True, imshp=(None, None, None, None), kshp=(2, 2, 3, 1), filter_dilation=(2, 1), num_groups=1, unshared=False}.0, Constant{0})]]

Backtrace when the node is created(use Theano flag traceback.limit=N to make it longer):
  File "C:\ProgramData\Anaconda3\envs\keras\lib\unittest\suite.py", line 122, in run
    test(result)
  File "C:\ProgramData\Anaconda3\envs\keras\lib\unittest\suite.py", line 84, in __call__
    return self.run(*args, **kwds)
  File "C:\ProgramData\Anaconda3\envs\keras\lib\unittest\suite.py", line 122, in run
    test(result)
  File "C:\ProgramData\Anaconda3\envs\keras\lib\unittest\suite.py", line 84, in __call__
    return self.run(*args, **kwds)
  File "C:\ProgramData\Anaconda3\envs\keras\lib\unittest\suite.py", line 122, in run
    test(result)
  File "C:\ProgramData\Anaconda3\envs\keras\lib\unittest\case.py", line 653, in __call__
    return self.run(*args, **kwds)
  File "C:\ProgramData\Anaconda3\envs\keras\lib\unittest\case.py", line 605, in run
    testMethod()
  File "C:\Users\mutation\Desktop\theano-testcase\tests\test_abstract_conv.py", line 2096, in test_interface
    sym_out = causal_conv1d(img_sym, kern_sym, self.kern.shape, filter_dilation=self.dilation)

HINT: Use the Theano flag 'exception_verbosity=high' for a debugprint and storage map footprint of this apply node.

======================================================================
ERROR: test_conv2d_grad_wrt_inputs (test_abstract_conv.TestConv2dGrads)
----------------------------------------------------------------------
Traceback (most recent call last):
  File "C:\Users\mutation\Desktop\theano-testcase\tests\test_abstract_conv.py", line 1413, in test_conv2d_grad_wrt_inputs
    subsample=ss)
  File "C:\ProgramData\Anaconda3\envs\keras\lib\site-packages\theano\tensor\nnet\abstract_conv.py", line 94, in get_conv_output_shape
    subsample[i], filter_dilation[i]) for i in range(len(subsample)))
  File "C:\ProgramData\Anaconda3\envs\keras\lib\site-packages\theano\tensor\nnet\abstract_conv.py", line 94, in <genexpr>
    subsample[i], filter_dilation[i]) for i in range(len(subsample)))
  File "C:\ProgramData\Anaconda3\envs\keras\lib\site-packages\theano\tensor\nnet\abstract_conv.py", line 143, in get_conv_shape_1axis
    if pad_l < 0 or pad_r < 0:
TypeError: '<' not supported between instances of 'str' and 'int'

======================================================================
ERROR: test_conv2d_grad_wrt_weights (test_abstract_conv.TestConv2dGrads)
----------------------------------------------------------------------
Traceback (most recent call last):
  File "C:\Users\mutation\Desktop\theano-testcase\tests\test_abstract_conv.py", line 1454, in test_conv2d_grad_wrt_weights
    subsample=ss)
  File "C:\ProgramData\Anaconda3\envs\keras\lib\site-packages\theano\tensor\nnet\abstract_conv.py", line 94, in get_conv_output_shape
    subsample[i], filter_dilation[i]) for i in range(len(subsample)))
  File "C:\ProgramData\Anaconda3\envs\keras\lib\site-packages\theano\tensor\nnet\abstract_conv.py", line 94, in <genexpr>
    subsample[i], filter_dilation[i]) for i in range(len(subsample)))
  File "C:\ProgramData\Anaconda3\envs\keras\lib\site-packages\theano\tensor\nnet\abstract_conv.py", line 143, in get_conv_shape_1axis
    if pad_l < 0 or pad_r < 0:
TypeError: '<' not supported between instances of 'str' and 'int'

======================================================================
ERROR: test_check_shape (test_abstract_conv.TestConvGradInputsShape)
----------------------------------------------------------------------
Traceback (most recent call last):
  File "C:\Users\mutation\Desktop\theano-testcase\tests\test_abstract_conv.py", line 152, in test_check_shape
    image_shape, kernel_shape, b, (s, s), (d, d))
  File "C:\ProgramData\Anaconda3\envs\keras\lib\site-packages\theano\tensor\nnet\abstract_conv.py", line 94, in get_conv_output_shape
    subsample[i], filter_dilation[i]) for i in range(len(subsample)))
  File "C:\ProgramData\Anaconda3\envs\keras\lib\site-packages\theano\tensor\nnet\abstract_conv.py", line 94, in <genexpr>
    subsample[i], filter_dilation[i]) for i in range(len(subsample)))
  File "C:\ProgramData\Anaconda3\envs\keras\lib\site-packages\theano\tensor\nnet\abstract_conv.py", line 143, in get_conv_shape_1axis
    if pad_l < 0 or pad_r < 0:
TypeError: '<' not supported between instances of 'str' and 'int'

======================================================================
ERROR: test_get_shape (test_abstract_conv.TestConvGradInputsShape)
----------------------------------------------------------------------
Traceback (most recent call last):
  File "C:\Users\mutation\Desktop\theano-testcase\tests\test_abstract_conv.py", line 184, in test_get_shape
    image_shape, kernel_shape, b, (1, 1), (d, d))
  File "C:\ProgramData\Anaconda3\envs\keras\lib\site-packages\theano\tensor\nnet\abstract_conv.py", line 94, in get_conv_output_shape
    subsample[i], filter_dilation[i]) for i in range(len(subsample)))
  File "C:\ProgramData\Anaconda3\envs\keras\lib\site-packages\theano\tensor\nnet\abstract_conv.py", line 94, in <genexpr>
    subsample[i], filter_dilation[i]) for i in range(len(subsample)))
  File "C:\ProgramData\Anaconda3\envs\keras\lib\site-packages\theano\tensor\nnet\abstract_conv.py", line 143, in get_conv_shape_1axis
    if pad_l < 0 or pad_r < 0:
TypeError: '<' not supported between instances of 'str' and 'int'

======================================================================
ERROR: test_basic (test_abstract_conv.TestGetConvOutShape)
----------------------------------------------------------------------
Traceback (most recent call last):
  File "C:\Users\mutation\Desktop\theano-testcase\tests\test_abstract_conv.py", line 108, in test_basic
    image_shape, kernel_shape, 'valid', sub_sample, filter_dilation)
  File "C:\ProgramData\Anaconda3\envs\keras\lib\site-packages\theano\tensor\nnet\abstract_conv.py", line 94, in get_conv_output_shape
    subsample[i], filter_dilation[i]) for i in range(len(subsample)))
  File "C:\ProgramData\Anaconda3\envs\keras\lib\site-packages\theano\tensor\nnet\abstract_conv.py", line 94, in <genexpr>
    subsample[i], filter_dilation[i]) for i in range(len(subsample)))
  File "C:\ProgramData\Anaconda3\envs\keras\lib\site-packages\theano\tensor\nnet\abstract_conv.py", line 143, in get_conv_shape_1axis
    if pad_l < 0 or pad_r < 0:
TypeError: '<' not supported between instances of 'str' and 'int'

======================================================================
ERROR: test_basic_3d (test_abstract_conv.TestGetConvOutShape)
----------------------------------------------------------------------
Traceback (most recent call last):
  File "C:\Users\mutation\Desktop\theano-testcase\tests\test_abstract_conv.py", line 126, in test_basic_3d
    image_shape, kernel_shape, 'valid', sub_sample, filter_dilation)
  File "C:\ProgramData\Anaconda3\envs\keras\lib\site-packages\theano\tensor\nnet\abstract_conv.py", line 94, in get_conv_output_shape
    subsample[i], filter_dilation[i]) for i in range(len(subsample)))
  File "C:\ProgramData\Anaconda3\envs\keras\lib\site-packages\theano\tensor\nnet\abstract_conv.py", line 94, in <genexpr>
    subsample[i], filter_dilation[i]) for i in range(len(subsample)))
  File "C:\ProgramData\Anaconda3\envs\keras\lib\site-packages\theano\tensor\nnet\abstract_conv.py", line 143, in get_conv_shape_1axis
    if pad_l < 0 or pad_r < 0:
TypeError: '<' not supported between instances of 'str' and 'int'

======================================================================
ERROR: test_fwd (test_abstract_conv.TestUnsharedConv)
----------------------------------------------------------------------
Traceback (most recent call last):
  File "C:\ProgramData\Anaconda3\envs\keras\lib\site-packages\theano\compile\function_module.py", line 903, in __call__
    self.fn() if output_subset is None else\
  File "C:\ProgramData\Anaconda3\envs\keras\lib\site-packages\theano\gof\op.py", line 892, in rval
    r = p(n, [x[0] for x in i], o)
  File "C:\ProgramData\Anaconda3\envs\keras\lib\site-packages\theano\tensor\nnet\abstract_conv.py", line 2389, in perform
    mode, self.subsample, self.filter_dilation)
  File "C:\ProgramData\Anaconda3\envs\keras\lib\site-packages\theano\tensor\nnet\abstract_conv.py", line 94, in get_conv_output_shape
    subsample[i], filter_dilation[i]) for i in range(len(subsample)))
  File "C:\ProgramData\Anaconda3\envs\keras\lib\site-packages\theano\tensor\nnet\abstract_conv.py", line 94, in <genexpr>
    subsample[i], filter_dilation[i]) for i in range(len(subsample)))
  File "C:\ProgramData\Anaconda3\envs\keras\lib\site-packages\theano\tensor\nnet\abstract_conv.py", line 143, in get_conv_shape_1axis
    if pad_l < 0 or pad_r < 0:
TypeError: '<' not supported between instances of 'str' and 'int'

During handling of the above exception, another exception occurred:

Traceback (most recent call last):
  File "C:\Users\mutation\Desktop\theano-testcase\tests\test_abstract_conv.py", line 1843, in test_fwd
    unshared_output = unshared_func(img, kern)
  File "C:\ProgramData\Anaconda3\envs\keras\lib\site-packages\theano\compile\function_module.py", line 917, in __call__
    storage_map=getattr(self.fn, 'storage_map', None))
  File "C:\ProgramData\Anaconda3\envs\keras\lib\site-packages\theano\gof\link.py", line 325, in raise_with_op
    reraise(exc_type, exc_value, exc_trace)
  File "C:\ProgramData\Anaconda3\envs\keras\lib\site-packages\six.py", line 702, in reraise
    raise value.with_traceback(tb)
  File "C:\ProgramData\Anaconda3\envs\keras\lib\site-packages\theano\compile\function_module.py", line 903, in __call__
    self.fn() if output_subset is None else\
  File "C:\ProgramData\Anaconda3\envs\keras\lib\site-packages\theano\gof\op.py", line 892, in rval
    r = p(n, [x[0] for x in i], o)
  File "C:\ProgramData\Anaconda3\envs\keras\lib\site-packages\theano\tensor\nnet\abstract_conv.py", line 2389, in perform
    mode, self.subsample, self.filter_dilation)
  File "C:\ProgramData\Anaconda3\envs\keras\lib\site-packages\theano\tensor\nnet\abstract_conv.py", line 94, in get_conv_output_shape
    subsample[i], filter_dilation[i]) for i in range(len(subsample)))
  File "C:\ProgramData\Anaconda3\envs\keras\lib\site-packages\theano\tensor\nnet\abstract_conv.py", line 94, in <genexpr>
    subsample[i], filter_dilation[i]) for i in range(len(subsample)))
  File "C:\ProgramData\Anaconda3\envs\keras\lib\site-packages\theano\tensor\nnet\abstract_conv.py", line 143, in get_conv_shape_1axis
    if pad_l < 0 or pad_r < 0:
TypeError: '<' not supported between instances of 'str' and 'int'
Apply node that caused the error: AbstractConv2d{convdim=2, border_mode='valid', subsample=(1, 1), filter_flip=True, imshp=(None, None, None, None), kshp=(None, None, None, None, None, None), filter_dilation=(1, 1), num_groups=1, unshared=True}(img, kern)
Toposort index: 0
Inputs types: [TensorType(float64, 4D), TensorType(float64, 6D)]
Inputs shapes: [(2, 2, 4, 4), (2, 2, 2, 2, 3, 3)]
Inputs strides: [(256, 128, 32, 8), (576, 288, 144, 72, 24, 8)]
Inputs values: ['not shown', 'not shown']
Outputs clients: [['output']]

Backtrace when the node is created(use Theano flag traceback.limit=N to make it longer):
  File "C:\ProgramData\Anaconda3\envs\keras\lib\unittest\suite.py", line 122, in run
    test(result)
  File "C:\ProgramData\Anaconda3\envs\keras\lib\unittest\suite.py", line 84, in __call__
    return self.run(*args, **kwds)
  File "C:\ProgramData\Anaconda3\envs\keras\lib\unittest\suite.py", line 122, in run
    test(result)
  File "C:\ProgramData\Anaconda3\envs\keras\lib\unittest\suite.py", line 84, in __call__
    return self.run(*args, **kwds)
  File "C:\ProgramData\Anaconda3\envs\keras\lib\unittest\suite.py", line 122, in run
    test(result)
  File "C:\ProgramData\Anaconda3\envs\keras\lib\unittest\case.py", line 653, in __call__
    return self.run(*args, **kwds)
  File "C:\ProgramData\Anaconda3\envs\keras\lib\unittest\case.py", line 605, in run
    testMethod()
  File "C:\Users\mutation\Desktop\theano-testcase\tests\test_abstract_conv.py", line 1839, in test_fwd
    unshared_out_sym = unshared_conv_op(img_sym, kern_sym)

HINT: Use the Theano flag 'exception_verbosity=high' for a debugprint and storage map footprint of this apply node.

======================================================================
ERROR: test_gradinput (test_abstract_conv.TestUnsharedConv)
----------------------------------------------------------------------
Traceback (most recent call last):
  File "C:\ProgramData\Anaconda3\envs\keras\lib\site-packages\theano\compile\function_module.py", line 903, in __call__
    self.fn() if output_subset is None else\
  File "C:\ProgramData\Anaconda3\envs\keras\lib\site-packages\theano\gof\op.py", line 892, in rval
    r = p(n, [x[0] for x in i], o)
  File "C:\ProgramData\Anaconda3\envs\keras\lib\site-packages\theano\tensor\nnet\abstract_conv.py", line 2948, in perform
    self.border_mode, self.subsample, self.filter_dilation)
  File "C:\ProgramData\Anaconda3\envs\keras\lib\site-packages\theano\tensor\nnet\abstract_conv.py", line 94, in get_conv_output_shape
    subsample[i], filter_dilation[i]) for i in range(len(subsample)))
  File "C:\ProgramData\Anaconda3\envs\keras\lib\site-packages\theano\tensor\nnet\abstract_conv.py", line 94, in <genexpr>
    subsample[i], filter_dilation[i]) for i in range(len(subsample)))
  File "C:\ProgramData\Anaconda3\envs\keras\lib\site-packages\theano\tensor\nnet\abstract_conv.py", line 143, in get_conv_shape_1axis
    if pad_l < 0 or pad_r < 0:
TypeError: '<' not supported between instances of 'str' and 'int'

During handling of the above exception, another exception occurred:

Traceback (most recent call last):
  File "C:\Users\mutation\Desktop\theano-testcase\tests\test_abstract_conv.py", line 1923, in test_gradinput
    unshared_output = unshared_func(kern, top)
  File "C:\ProgramData\Anaconda3\envs\keras\lib\site-packages\theano\compile\function_module.py", line 917, in __call__
    storage_map=getattr(self.fn, 'storage_map', None))
  File "C:\ProgramData\Anaconda3\envs\keras\lib\site-packages\theano\gof\link.py", line 325, in raise_with_op
    reraise(exc_type, exc_value, exc_trace)
  File "C:\ProgramData\Anaconda3\envs\keras\lib\site-packages\six.py", line 702, in reraise
    raise value.with_traceback(tb)
  File "C:\ProgramData\Anaconda3\envs\keras\lib\site-packages\theano\compile\function_module.py", line 903, in __call__
    self.fn() if output_subset is None else\
  File "C:\ProgramData\Anaconda3\envs\keras\lib\site-packages\theano\gof\op.py", line 892, in rval
    r = p(n, [x[0] for x in i], o)
  File "C:\ProgramData\Anaconda3\envs\keras\lib\site-packages\theano\tensor\nnet\abstract_conv.py", line 2948, in perform
    self.border_mode, self.subsample, self.filter_dilation)
  File "C:\ProgramData\Anaconda3\envs\keras\lib\site-packages\theano\tensor\nnet\abstract_conv.py", line 94, in get_conv_output_shape
    subsample[i], filter_dilation[i]) for i in range(len(subsample)))
  File "C:\ProgramData\Anaconda3\envs\keras\lib\site-packages\theano\tensor\nnet\abstract_conv.py", line 94, in <genexpr>
    subsample[i], filter_dilation[i]) for i in range(len(subsample)))
  File "C:\ProgramData\Anaconda3\envs\keras\lib\site-packages\theano\tensor\nnet\abstract_conv.py", line 143, in get_conv_shape_1axis
    if pad_l < 0 or pad_r < 0:
TypeError: '<' not supported between instances of 'str' and 'int'
Apply node that caused the error: AbstractConv2d_gradInputs{convdim=2, border_mode='valid', subsample=(1, 1), filter_flip=True, imshp=(None, None, None, None), kshp=(None, None, None, None, None, None), filter_dilation=(1, 1), num_groups=1, unshared=True}(kern, top, TensorConstant{(2,) of 4})
Toposort index: 0
Inputs types: [TensorType(float64, 6D), TensorType(float64, 4D), TensorType(int32, vector)]
Inputs shapes: [(2, 2, 2, 2, 3, 3), (2, 2, 2, 2), (2,)]
Inputs strides: [(576, 288, 144, 72, 24, 8), (64, 32, 16, 8), (4,)]
Inputs values: ['not shown', 'not shown', array([4, 4])]
Outputs clients: [['output']]

Backtrace when the node is created(use Theano flag traceback.limit=N to make it longer):
  File "C:\ProgramData\Anaconda3\envs\keras\lib\unittest\suite.py", line 122, in run
    test(result)
  File "C:\ProgramData\Anaconda3\envs\keras\lib\unittest\suite.py", line 84, in __call__
    return self.run(*args, **kwds)
  File "C:\ProgramData\Anaconda3\envs\keras\lib\unittest\suite.py", line 122, in run
    test(result)
  File "C:\ProgramData\Anaconda3\envs\keras\lib\unittest\suite.py", line 84, in __call__
    return self.run(*args, **kwds)
  File "C:\ProgramData\Anaconda3\envs\keras\lib\unittest\suite.py", line 122, in run
    test(result)
  File "C:\ProgramData\Anaconda3\envs\keras\lib\unittest\case.py", line 653, in __call__
    return self.run(*args, **kwds)
  File "C:\ProgramData\Anaconda3\envs\keras\lib\unittest\case.py", line 605, in run
    testMethod()
  File "C:\Users\mutation\Desktop\theano-testcase\tests\test_abstract_conv.py", line 1919, in test_gradinput
    unshared_out_sym = unshared_conv_op(kern_sym, top_sym, tensor.as_tensor_variable(imshp[-2:]))

HINT: Use the Theano flag 'exception_verbosity=high' for a debugprint and storage map footprint of this apply node.

======================================================================
ERROR: test_gradweight (test_abstract_conv.TestUnsharedConv)
----------------------------------------------------------------------
Traceback (most recent call last):
  File "C:\ProgramData\Anaconda3\envs\keras\lib\site-packages\theano\compile\function_module.py", line 903, in __call__
    self.fn() if output_subset is None else\
  File "C:\ProgramData\Anaconda3\envs\keras\lib\site-packages\theano\gof\op.py", line 892, in rval
    r = p(n, [x[0] for x in i], o)
  File "C:\ProgramData\Anaconda3\envs\keras\lib\site-packages\theano\tensor\nnet\abstract_conv.py", line 2692, in perform
    kern = self.conv(img, topgrad, mode="valid", num_groups=self.num_groups)
  File "C:\ProgramData\Anaconda3\envs\keras\lib\site-packages\theano\tensor\nnet\abstract_conv.py", line 2213, in conv
    mode, [1] * self.convdim, dilation)
  File "C:\ProgramData\Anaconda3\envs\keras\lib\site-packages\theano\tensor\nnet\abstract_conv.py", line 94, in get_conv_output_shape
    subsample[i], filter_dilation[i]) for i in range(len(subsample)))
  File "C:\ProgramData\Anaconda3\envs\keras\lib\site-packages\theano\tensor\nnet\abstract_conv.py", line 94, in <genexpr>
    subsample[i], filter_dilation[i]) for i in range(len(subsample)))
  File "C:\ProgramData\Anaconda3\envs\keras\lib\site-packages\theano\tensor\nnet\abstract_conv.py", line 143, in get_conv_shape_1axis
    if pad_l < 0 or pad_r < 0:
TypeError: '<' not supported between instances of 'str' and 'int'

During handling of the above exception, another exception occurred:

Traceback (most recent call last):
  File "C:\Users\mutation\Desktop\theano-testcase\tests\test_abstract_conv.py", line 1893, in test_gradweight
    ref_output = ref_func(img, top_single)
  File "C:\ProgramData\Anaconda3\envs\keras\lib\site-packages\theano\compile\function_module.py", line 917, in __call__
    storage_map=getattr(self.fn, 'storage_map', None))
  File "C:\ProgramData\Anaconda3\envs\keras\lib\site-packages\theano\gof\link.py", line 325, in raise_with_op
    reraise(exc_type, exc_value, exc_trace)
  File "C:\ProgramData\Anaconda3\envs\keras\lib\site-packages\six.py", line 702, in reraise
    raise value.with_traceback(tb)
  File "C:\ProgramData\Anaconda3\envs\keras\lib\site-packages\theano\compile\function_module.py", line 903, in __call__
    self.fn() if output_subset is None else\
  File "C:\ProgramData\Anaconda3\envs\keras\lib\site-packages\theano\gof\op.py", line 892, in rval
    r = p(n, [x[0] for x in i], o)
  File "C:\ProgramData\Anaconda3\envs\keras\lib\site-packages\theano\tensor\nnet\abstract_conv.py", line 2692, in perform
    kern = self.conv(img, topgrad, mode="valid", num_groups=self.num_groups)
  File "C:\ProgramData\Anaconda3\envs\keras\lib\site-packages\theano\tensor\nnet\abstract_conv.py", line 2213, in conv
    mode, [1] * self.convdim, dilation)
  File "C:\ProgramData\Anaconda3\envs\keras\lib\site-packages\theano\tensor\nnet\abstract_conv.py", line 94, in get_conv_output_shape
    subsample[i], filter_dilation[i]) for i in range(len(subsample)))
  File "C:\ProgramData\Anaconda3\envs\keras\lib\site-packages\theano\tensor\nnet\abstract_conv.py", line 94, in <genexpr>
    subsample[i], filter_dilation[i]) for i in range(len(subsample)))
  File "C:\ProgramData\Anaconda3\envs\keras\lib\site-packages\theano\tensor\nnet\abstract_conv.py", line 143, in get_conv_shape_1axis
    if pad_l < 0 or pad_r < 0:
TypeError: '<' not supported between instances of 'str' and 'int'
Apply node that caused the error: AbstractConv2d_gradWeights{convdim=2, border_mode='valid', subsample=(1, 1), filter_flip=True, imshp=(None, None, None, None), kshp=(None, None, None, None), filter_dilation=(1, 1), num_groups=1, unshared=False}(img, top, TensorConstant{(2,) of 3})
Toposort index: 0
Inputs types: [TensorType(float64, 4D), TensorType(float64, 4D), TensorType(int32, vector)]
Inputs shapes: [(2, 2, 4, 4), (2, 2, 2, 2), (2,)]
Inputs strides: [(256, 128, 32, 8), (64, 32, 16, 8), (4,)]
Inputs values: ['not shown', 'not shown', array([3, 3])]
Outputs clients: [['output']]

Backtrace when the node is created(use Theano flag traceback.limit=N to make it longer):
  File "C:\ProgramData\Anaconda3\envs\keras\lib\unittest\suite.py", line 122, in run
    test(result)
  File "C:\ProgramData\Anaconda3\envs\keras\lib\unittest\suite.py", line 84, in __call__
    return self.run(*args, **kwds)
  File "C:\ProgramData\Anaconda3\envs\keras\lib\unittest\suite.py", line 122, in run
    test(result)
  File "C:\ProgramData\Anaconda3\envs\keras\lib\unittest\suite.py", line 84, in __call__
    return self.run(*args, **kwds)
  File "C:\ProgramData\Anaconda3\envs\keras\lib\unittest\suite.py", line 122, in run
    test(result)
  File "C:\ProgramData\Anaconda3\envs\keras\lib\unittest\case.py", line 653, in __call__
    return self.run(*args, **kwds)
  File "C:\ProgramData\Anaconda3\envs\keras\lib\unittest\case.py", line 605, in run
    testMethod()
  File "C:\Users\mutation\Desktop\theano-testcase\tests\test_abstract_conv.py", line 1886, in test_gradweight
    ref_out_sym = ref_conv_op(img_sym, top_sym, tensor.as_tensor_variable(single_kshp[-2:]))

HINT: Use the Theano flag 'exception_verbosity=high' for a debugprint and storage map footprint of this apply node.

----------------------------------------------------------------------
Ran 39 tests in 33.946s

FAILED (errors=21)
