...............................F.......
======================================================================
FAIL: test_get_shape (test_abstract_conv.TestConvGradInputsShape)
----------------------------------------------------------------------
Traceback (most recent call last):
  File "C:\Users\mutation\Desktop\theano-testcase\tests\test_abstract_conv.py", line 206, in test_get_shape
    self.assertEqual(computed_kernel_shape, kernel_shape)
AssertionError: Tuples differ: (67, 61, None, None) != (67, 61, 1, 1)

First differing element 2:
None
1

- (67, 61, None, None)
+ (67, 61, 1, 1)

----------------------------------------------------------------------
Ran 39 tests in 84.269s

FAILED (failures=1)
