...............................E.......
======================================================================
ERROR: test_get_shape (test_abstract_conv.TestConvGradInputsShape)
----------------------------------------------------------------------
Traceback (most recent call last):
  File "C:\Users\mutation\Desktop\theano-testcase\tests\test_abstract_conv.py", line 188, in test_get_shape
    kernel_shape, output_shape, b, (1, 1), (d, d))
  File "C:\ProgramData\Anaconda3\envs\keras\lib\site-packages\theano\tensor\nnet\abstract_conv.py", line 328, in get_conv_gradinputs_shape
    bsize, topshp = None
TypeError: 'NoneType' object is not iterable

----------------------------------------------------------------------
Ran 39 tests in 87.743s

FAILED (errors=1)
