...............................F.......
======================================================================
FAIL: test_get_shape (test_abstract_conv.TestConvGradInputsShape)
----------------------------------------------------------------------
Traceback (most recent call last):
  File "C:\Users\mutation\Desktop\theano-testcase\tests\test_abstract_conv.py", line 189, in test_get_shape
    self.assertEqual(computed_image_shape, image_shape)
AssertionError: Tuples differ: (59, 61, None, None) != (59, 61, 1, 1)

First differing element 2:
None
1

- (59, 61, None, None)
+ (59, 61, 1, 1)

----------------------------------------------------------------------
Ran 39 tests in 87.178s

FAILED (failures=1)
