EEEE.EE
======================================================================
ERROR: test_1Drfft (test_fft.TestFFT)
----------------------------------------------------------------------
Traceback (most recent call last):
  File "C:\Users\mutation\Desktop\theano-testcase\tests\test_fft.py", line 36, in test_1Drfft
    res_rfft_comp = (np.asarray(res_rfft[:, :, 0]) +
IndexError: too many indices for array

======================================================================
ERROR: test_grad_rfft (test_fft.TestFFT)
----------------------------------------------------------------------
Traceback (most recent call last):
  File "C:\ProgramData\Anaconda3\envs\keras\lib\site-packages\theano\compile\function_module.py", line 903, in __call__
    self.fn() if output_subset is None else\
  File "C:\ProgramData\Anaconda3\envs\keras\lib\site-packages\theano\gof\op.py", line 892, in rval
    r = p(n, [x[0] for x in i], o)
  File "C:\ProgramData\Anaconda3\envs\keras\lib\site-packages\theano\tensor\fft.py", line 37, in perform
    A = np.fft.rfftn(a, s=tuple(s))
  File "<__array_function__ internals>", line 6, in rfftn
  File "C:\ProgramData\Anaconda3\envs\keras\lib\site-packages\numpy\fft\_pocketfft.py", line 1126, in rfftn
    a = fft(a, s[ii], axes[ii], norm)
  File "<__array_function__ internals>", line 6, in fft
  File "C:\ProgramData\Anaconda3\envs\keras\lib\site-packages\numpy\fft\_pocketfft.py", line 188, in fft
    output = _raw_fft(a, n, axis, False, True, inv_norm)
  File "C:\ProgramData\Anaconda3\envs\keras\lib\site-packages\numpy\fft\_pocketfft.py", line 52, in _raw_fft
    axis = normalize_axis_index(axis, a.ndim)
numpy.AxisError: axis -2 is out of bounds for array of dimension 1

During handling of the above exception, another exception occurred:

Traceback (most recent call last):
  File "C:\Users\mutation\Desktop\theano-testcase\tests\test_fft.py", line 171, in test_grad_rfft
    utt.verify_grad(f_rfft, [inputs_val], eps=eps)
  File "C:\ProgramData\Anaconda3\envs\keras\lib\site-packages\theano\tests\unittest_tools.py", line 92, in verify_grad
    T.verify_grad(op, pt, n_tests, rng, *args, **kwargs)
  File "C:\ProgramData\Anaconda3\envs\keras\lib\site-packages\theano\gradient.py", line 1738, in verify_grad
    o_fn_out = o_fn(*[p.copy() for p in pt])
  File "C:\ProgramData\Anaconda3\envs\keras\lib\site-packages\theano\compile\function_module.py", line 917, in __call__
    storage_map=getattr(self.fn, 'storage_map', None))
  File "C:\ProgramData\Anaconda3\envs\keras\lib\site-packages\theano\gof\link.py", line 325, in raise_with_op
    reraise(exc_type, exc_value, exc_trace)
  File "C:\ProgramData\Anaconda3\envs\keras\lib\site-packages\six.py", line 702, in reraise
    raise value.with_traceback(tb)
  File "C:\ProgramData\Anaconda3\envs\keras\lib\site-packages\theano\compile\function_module.py", line 903, in __call__
    self.fn() if output_subset is None else\
  File "C:\ProgramData\Anaconda3\envs\keras\lib\site-packages\theano\gof\op.py", line 892, in rval
    r = p(n, [x[0] for x in i], o)
  File "C:\ProgramData\Anaconda3\envs\keras\lib\site-packages\theano\tensor\fft.py", line 37, in perform
    A = np.fft.rfftn(a, s=tuple(s))
  File "<__array_function__ internals>", line 6, in rfftn
  File "C:\ProgramData\Anaconda3\envs\keras\lib\site-packages\numpy\fft\_pocketfft.py", line 1126, in rfftn
    a = fft(a, s[ii], axes[ii], norm)
  File "<__array_function__ internals>", line 6, in fft
  File "C:\ProgramData\Anaconda3\envs\keras\lib\site-packages\numpy\fft\_pocketfft.py", line 188, in fft
    output = _raw_fft(a, n, axis, False, True, inv_norm)
  File "C:\ProgramData\Anaconda3\envs\keras\lib\site-packages\numpy\fft\_pocketfft.py", line 52, in _raw_fft
    axis = normalize_axis_index(axis, a.ndim)
numpy.AxisError: axis -2 is out of bounds for array of dimension 1
Apply node that caused the error: RFFTOp(input 0, MakeVector{dtype='int64'}.0)
Toposort index: 3
Inputs types: [TensorType(float64, (True, False, False)), TensorType(int64, vector)]
Inputs shapes: [(1, 16, 16), (2,)]
Inputs strides: [(2048, 128, 8), (8,)]
Inputs values: ['not shown', array([16, 16], dtype=int64)]
Outputs clients: [['output']]

Backtrace when the node is created(use Theano flag traceback.limit=N to make it longer):
  File "C:\ProgramData\Anaconda3\envs\keras\lib\unittest\suite.py", line 84, in __call__
    return self.run(*args, **kwds)
  File "C:\ProgramData\Anaconda3\envs\keras\lib\unittest\suite.py", line 122, in run
    test(result)
  File "C:\ProgramData\Anaconda3\envs\keras\lib\unittest\case.py", line 653, in __call__
    return self.run(*args, **kwds)
  File "C:\ProgramData\Anaconda3\envs\keras\lib\unittest\case.py", line 605, in run
    testMethod()
  File "C:\Users\mutation\Desktop\theano-testcase\tests\test_fft.py", line 171, in test_grad_rfft
    utt.verify_grad(f_rfft, [inputs_val], eps=eps)
  File "C:\ProgramData\Anaconda3\envs\keras\lib\site-packages\theano\tests\unittest_tools.py", line 92, in verify_grad
    T.verify_grad(op, pt, n_tests, rng, *args, **kwargs)
  File "C:\ProgramData\Anaconda3\envs\keras\lib\site-packages\theano\gradient.py", line 1728, in verify_grad
    o_output = fun(*tensor_pt)
  File "C:\Users\mutation\Desktop\theano-testcase\tests\test_fft.py", line 169, in f_rfft
    return fft.rfft(inp)

HINT: Use the Theano flag 'exception_verbosity=high' for a debugprint and storage map footprint of this apply node.

======================================================================
ERROR: test_irfft (test_fft.TestFFT)
----------------------------------------------------------------------
Traceback (most recent call last):
  File "C:\ProgramData\Anaconda3\envs\keras\lib\site-packages\theano\compile\function_module.py", line 903, in __call__
    self.fn() if output_subset is None else\
  File "C:\ProgramData\Anaconda3\envs\keras\lib\site-packages\theano\gof\op.py", line 892, in rval
    r = p(n, [x[0] for x in i], o)
  File "C:\ProgramData\Anaconda3\envs\keras\lib\site-packages\theano\tensor\fft.py", line 37, in perform
    A = np.fft.rfftn(a, s=tuple(s))
  File "<__array_function__ internals>", line 6, in rfftn
  File "C:\ProgramData\Anaconda3\envs\keras\lib\site-packages\numpy\fft\_pocketfft.py", line 1126, in rfftn
    a = fft(a, s[ii], axes[ii], norm)
  File "<__array_function__ internals>", line 6, in fft
  File "C:\ProgramData\Anaconda3\envs\keras\lib\site-packages\numpy\fft\_pocketfft.py", line 188, in fft
    output = _raw_fft(a, n, axis, False, True, inv_norm)
  File "C:\ProgramData\Anaconda3\envs\keras\lib\site-packages\numpy\fft\_pocketfft.py", line 52, in _raw_fft
    axis = normalize_axis_index(axis, a.ndim)
numpy.AxisError: axis -2 is out of bounds for array of dimension 1

During handling of the above exception, another exception occurred:

Traceback (most recent call last):
  File "C:\Users\mutation\Desktop\theano-testcase\tests\test_fft.py", line 85, in test_irfft
    res_fft = f_rfft()
  File "C:\ProgramData\Anaconda3\envs\keras\lib\site-packages\theano\compile\function_module.py", line 917, in __call__
    storage_map=getattr(self.fn, 'storage_map', None))
  File "C:\ProgramData\Anaconda3\envs\keras\lib\site-packages\theano\gof\link.py", line 325, in raise_with_op
    reraise(exc_type, exc_value, exc_trace)
  File "C:\ProgramData\Anaconda3\envs\keras\lib\site-packages\six.py", line 702, in reraise
    raise value.with_traceback(tb)
  File "C:\ProgramData\Anaconda3\envs\keras\lib\site-packages\theano\compile\function_module.py", line 903, in __call__
    self.fn() if output_subset is None else\
  File "C:\ProgramData\Anaconda3\envs\keras\lib\site-packages\theano\gof\op.py", line 892, in rval
    r = p(n, [x[0] for x in i], o)
  File "C:\ProgramData\Anaconda3\envs\keras\lib\site-packages\theano\tensor\fft.py", line 37, in perform
    A = np.fft.rfftn(a, s=tuple(s))
  File "<__array_function__ internals>", line 6, in rfftn
  File "C:\ProgramData\Anaconda3\envs\keras\lib\site-packages\numpy\fft\_pocketfft.py", line 1126, in rfftn
    a = fft(a, s[ii], axes[ii], norm)
  File "<__array_function__ internals>", line 6, in fft
  File "C:\ProgramData\Anaconda3\envs\keras\lib\site-packages\numpy\fft\_pocketfft.py", line 188, in fft
    output = _raw_fft(a, n, axis, False, True, inv_norm)
  File "C:\ProgramData\Anaconda3\envs\keras\lib\site-packages\numpy\fft\_pocketfft.py", line 52, in _raw_fft
    axis = normalize_axis_index(axis, a.ndim)
numpy.AxisError: axis -2 is out of bounds for array of dimension 1
Apply node that caused the error: RFFTOp(<TensorType(float64, 3D)>, MakeVector{dtype='int64'}.0)
Toposort index: 3
Inputs types: [TensorType(float64, 3D), TensorType(int64, vector)]
Inputs shapes: [(1, 16, 16), (2,)]
Inputs strides: [(2048, 128, 8), (8,)]
Inputs values: ['not shown', array([16, 16], dtype=int64)]
Outputs clients: [['output']]

Backtrace when the node is created(use Theano flag traceback.limit=N to make it longer):
  File "C:\ProgramData\Anaconda3\envs\keras\lib\unittest\suite.py", line 122, in run
    test(result)
  File "C:\ProgramData\Anaconda3\envs\keras\lib\unittest\suite.py", line 84, in __call__
    return self.run(*args, **kwds)
  File "C:\ProgramData\Anaconda3\envs\keras\lib\unittest\suite.py", line 122, in run
    test(result)
  File "C:\ProgramData\Anaconda3\envs\keras\lib\unittest\suite.py", line 84, in __call__
    return self.run(*args, **kwds)
  File "C:\ProgramData\Anaconda3\envs\keras\lib\unittest\suite.py", line 122, in run
    test(result)
  File "C:\ProgramData\Anaconda3\envs\keras\lib\unittest\case.py", line 653, in __call__
    return self.run(*args, **kwds)
  File "C:\ProgramData\Anaconda3\envs\keras\lib\unittest\case.py", line 605, in run
    testMethod()
  File "C:\Users\mutation\Desktop\theano-testcase\tests\test_fft.py", line 83, in test_irfft
    rfft = fft.rfft(inputs)

HINT: Use the Theano flag 'exception_verbosity=high' for a debugprint and storage map footprint of this apply node.

======================================================================
ERROR: test_norm_rfft (test_fft.TestFFT)
----------------------------------------------------------------------
Traceback (most recent call last):
  File "C:\ProgramData\Anaconda3\envs\keras\lib\site-packages\theano\compile\function_module.py", line 903, in __call__
    self.fn() if output_subset is None else\
  File "C:\ProgramData\Anaconda3\envs\keras\lib\site-packages\theano\gof\op.py", line 892, in rval
    r = p(n, [x[0] for x in i], o)
  File "C:\ProgramData\Anaconda3\envs\keras\lib\site-packages\theano\tensor\fft.py", line 37, in perform
    A = np.fft.rfftn(a, s=tuple(s))
  File "<__array_function__ internals>", line 6, in rfftn
  File "C:\ProgramData\Anaconda3\envs\keras\lib\site-packages\numpy\fft\_pocketfft.py", line 1126, in rfftn
    a = fft(a, s[ii], axes[ii], norm)
  File "<__array_function__ internals>", line 6, in fft
  File "C:\ProgramData\Anaconda3\envs\keras\lib\site-packages\numpy\fft\_pocketfft.py", line 188, in fft
    output = _raw_fft(a, n, axis, False, True, inv_norm)
  File "C:\ProgramData\Anaconda3\envs\keras\lib\site-packages\numpy\fft\_pocketfft.py", line 52, in _raw_fft
    axis = normalize_axis_index(axis, a.ndim)
numpy.AxisError: axis -2 is out of bounds for array of dimension 1

During handling of the above exception, another exception occurred:

Traceback (most recent call last):
  File "C:\Users\mutation\Desktop\theano-testcase\tests\test_fft.py", line 113, in test_norm_rfft
    res_rfft = f_rfft()
  File "C:\ProgramData\Anaconda3\envs\keras\lib\site-packages\theano\compile\function_module.py", line 917, in __call__
    storage_map=getattr(self.fn, 'storage_map', None))
  File "C:\ProgramData\Anaconda3\envs\keras\lib\site-packages\theano\gof\link.py", line 325, in raise_with_op
    reraise(exc_type, exc_value, exc_trace)
  File "C:\ProgramData\Anaconda3\envs\keras\lib\site-packages\six.py", line 702, in reraise
    raise value.with_traceback(tb)
  File "C:\ProgramData\Anaconda3\envs\keras\lib\site-packages\theano\compile\function_module.py", line 903, in __call__
    self.fn() if output_subset is None else\
  File "C:\ProgramData\Anaconda3\envs\keras\lib\site-packages\theano\gof\op.py", line 892, in rval
    r = p(n, [x[0] for x in i], o)
  File "C:\ProgramData\Anaconda3\envs\keras\lib\site-packages\theano\tensor\fft.py", line 37, in perform
    A = np.fft.rfftn(a, s=tuple(s))
  File "<__array_function__ internals>", line 6, in rfftn
  File "C:\ProgramData\Anaconda3\envs\keras\lib\site-packages\numpy\fft\_pocketfft.py", line 1126, in rfftn
    a = fft(a, s[ii], axes[ii], norm)
  File "<__array_function__ internals>", line 6, in fft
  File "C:\ProgramData\Anaconda3\envs\keras\lib\site-packages\numpy\fft\_pocketfft.py", line 188, in fft
    output = _raw_fft(a, n, axis, False, True, inv_norm)
  File "C:\ProgramData\Anaconda3\envs\keras\lib\site-packages\numpy\fft\_pocketfft.py", line 52, in _raw_fft
    axis = normalize_axis_index(axis, a.ndim)
numpy.AxisError: axis -2 is out of bounds for array of dimension 1
Apply node that caused the error: RFFTOp(<TensorType(float64, 3D)>, MakeVector{dtype='int64'}.0)
Toposort index: 6
Inputs types: [TensorType(float64, 3D), TensorType(int64, vector)]
Inputs shapes: [(1, 16, 16), (2,)]
Inputs strides: [(2048, 128, 8), (8,)]
Inputs values: ['not shown', array([16, 16], dtype=int64)]
Outputs clients: [[Elemwise{TrueDiv}[(0, 0)](RFFTOp.0, Elemwise{Composite{sqrt(Cast{float64}(i0))}}.0)]]

Backtrace when the node is created(use Theano flag traceback.limit=N to make it longer):
  File "C:\ProgramData\Anaconda3\envs\keras\lib\unittest\suite.py", line 122, in run
    test(result)
  File "C:\ProgramData\Anaconda3\envs\keras\lib\unittest\suite.py", line 84, in __call__
    return self.run(*args, **kwds)
  File "C:\ProgramData\Anaconda3\envs\keras\lib\unittest\suite.py", line 122, in run
    test(result)
  File "C:\ProgramData\Anaconda3\envs\keras\lib\unittest\suite.py", line 84, in __call__
    return self.run(*args, **kwds)
  File "C:\ProgramData\Anaconda3\envs\keras\lib\unittest\suite.py", line 122, in run
    test(result)
  File "C:\ProgramData\Anaconda3\envs\keras\lib\unittest\case.py", line 653, in __call__
    return self.run(*args, **kwds)
  File "C:\ProgramData\Anaconda3\envs\keras\lib\unittest\case.py", line 605, in run
    testMethod()
  File "C:\Users\mutation\Desktop\theano-testcase\tests\test_fft.py", line 111, in test_norm_rfft
    rfft = fft.rfft(inputs, norm='ortho')

HINT: Use the Theano flag 'exception_verbosity=high' for a debugprint and storage map footprint of this apply node.

======================================================================
ERROR: test_rfft (test_fft.TestFFT)
----------------------------------------------------------------------
Traceback (most recent call last):
  File "C:\ProgramData\Anaconda3\envs\keras\lib\site-packages\theano\compile\function_module.py", line 903, in __call__
    self.fn() if output_subset is None else\
  File "C:\ProgramData\Anaconda3\envs\keras\lib\site-packages\theano\gof\op.py", line 892, in rval
    r = p(n, [x[0] for x in i], o)
  File "C:\ProgramData\Anaconda3\envs\keras\lib\site-packages\theano\tensor\fft.py", line 37, in perform
    A = np.fft.rfftn(a, s=tuple(s))
  File "<__array_function__ internals>", line 6, in rfftn
  File "C:\ProgramData\Anaconda3\envs\keras\lib\site-packages\numpy\fft\_pocketfft.py", line 1126, in rfftn
    a = fft(a, s[ii], axes[ii], norm)
  File "<__array_function__ internals>", line 6, in fft
  File "C:\ProgramData\Anaconda3\envs\keras\lib\site-packages\numpy\fft\_pocketfft.py", line 188, in fft
    output = _raw_fft(a, n, axis, False, True, inv_norm)
  File "C:\ProgramData\Anaconda3\envs\keras\lib\site-packages\numpy\fft\_pocketfft.py", line 52, in _raw_fft
    axis = normalize_axis_index(axis, a.ndim)
numpy.AxisError: axis -2 is out of bounds for array of dimension 1

During handling of the above exception, another exception occurred:

Traceback (most recent call last):
  File "C:\Users\mutation\Desktop\theano-testcase\tests\test_fft.py", line 71, in test_rfft
    res_rfft = f_rfft()
  File "C:\ProgramData\Anaconda3\envs\keras\lib\site-packages\theano\compile\function_module.py", line 917, in __call__
    storage_map=getattr(self.fn, 'storage_map', None))
  File "C:\ProgramData\Anaconda3\envs\keras\lib\site-packages\theano\gof\link.py", line 325, in raise_with_op
    reraise(exc_type, exc_value, exc_trace)
  File "C:\ProgramData\Anaconda3\envs\keras\lib\site-packages\six.py", line 702, in reraise
    raise value.with_traceback(tb)
  File "C:\ProgramData\Anaconda3\envs\keras\lib\site-packages\theano\compile\function_module.py", line 903, in __call__
    self.fn() if output_subset is None else\
  File "C:\ProgramData\Anaconda3\envs\keras\lib\site-packages\theano\gof\op.py", line 892, in rval
    r = p(n, [x[0] for x in i], o)
  File "C:\ProgramData\Anaconda3\envs\keras\lib\site-packages\theano\tensor\fft.py", line 37, in perform
    A = np.fft.rfftn(a, s=tuple(s))
  File "<__array_function__ internals>", line 6, in rfftn
  File "C:\ProgramData\Anaconda3\envs\keras\lib\site-packages\numpy\fft\_pocketfft.py", line 1126, in rfftn
    a = fft(a, s[ii], axes[ii], norm)
  File "<__array_function__ internals>", line 6, in fft
  File "C:\ProgramData\Anaconda3\envs\keras\lib\site-packages\numpy\fft\_pocketfft.py", line 188, in fft
    output = _raw_fft(a, n, axis, False, True, inv_norm)
  File "C:\ProgramData\Anaconda3\envs\keras\lib\site-packages\numpy\fft\_pocketfft.py", line 52, in _raw_fft
    axis = normalize_axis_index(axis, a.ndim)
numpy.AxisError: axis -2 is out of bounds for array of dimension 1
Apply node that caused the error: RFFTOp(<TensorType(float64, 3D)>, MakeVector{dtype='int64'}.0)
Toposort index: 3
Inputs types: [TensorType(float64, 3D), TensorType(int64, vector)]
Inputs shapes: [(1, 16, 16), (2,)]
Inputs strides: [(2048, 128, 8), (8,)]
Inputs values: ['not shown', array([16, 16], dtype=int64)]
Outputs clients: [['output']]

Backtrace when the node is created(use Theano flag traceback.limit=N to make it longer):
  File "C:\ProgramData\Anaconda3\envs\keras\lib\unittest\suite.py", line 122, in run
    test(result)
  File "C:\ProgramData\Anaconda3\envs\keras\lib\unittest\suite.py", line 84, in __call__
    return self.run(*args, **kwds)
  File "C:\ProgramData\Anaconda3\envs\keras\lib\unittest\suite.py", line 122, in run
    test(result)
  File "C:\ProgramData\Anaconda3\envs\keras\lib\unittest\suite.py", line 84, in __call__
    return self.run(*args, **kwds)
  File "C:\ProgramData\Anaconda3\envs\keras\lib\unittest\suite.py", line 122, in run
    test(result)
  File "C:\ProgramData\Anaconda3\envs\keras\lib\unittest\case.py", line 653, in __call__
    return self.run(*args, **kwds)
  File "C:\ProgramData\Anaconda3\envs\keras\lib\unittest\case.py", line 605, in run
    testMethod()
  File "C:\Users\mutation\Desktop\theano-testcase\tests\test_fft.py", line 69, in test_rfft
    rfft = fft.rfft(inputs)

HINT: Use the Theano flag 'exception_verbosity=high' for a debugprint and storage map footprint of this apply node.

======================================================================
ERROR: test_rfft_float (test_fft.TestFFT)
----------------------------------------------------------------------
Traceback (most recent call last):
  File "C:\ProgramData\Anaconda3\envs\keras\lib\site-packages\theano\compile\function_module.py", line 903, in __call__
    self.fn() if output_subset is None else\
TypeError: expected type_num 12 (NPY_FLOAT64) got 9

During handling of the above exception, another exception occurred:

Traceback (most recent call last):
  File "C:\Users\mutation\Desktop\theano-testcase\tests\test_fft.py", line 22, in test_rfft_float
    utt.verify_grad(f_rfft, [inputs_val], eps=eps)
  File "C:\ProgramData\Anaconda3\envs\keras\lib\site-packages\theano\tests\unittest_tools.py", line 92, in verify_grad
    T.verify_grad(op, pt, n_tests, rng, *args, **kwargs)
  File "C:\ProgramData\Anaconda3\envs\keras\lib\site-packages\theano\gradient.py", line 1778, in verify_grad
    eps, out_type)
  File "C:\ProgramData\Anaconda3\envs\keras\lib\site-packages\theano\gradient.py", line 1507, in __init__
    f_x = f(*[p.copy() for p in apt])
  File "C:\ProgramData\Anaconda3\envs\keras\lib\site-packages\theano\compile\function_module.py", line 917, in __call__
    storage_map=getattr(self.fn, 'storage_map', None))
  File "C:\ProgramData\Anaconda3\envs\keras\lib\site-packages\theano\gof\link.py", line 325, in raise_with_op
    reraise(exc_type, exc_value, exc_trace)
  File "C:\ProgramData\Anaconda3\envs\keras\lib\site-packages\six.py", line 702, in reraise
    raise value.with_traceback(tb)
  File "C:\ProgramData\Anaconda3\envs\keras\lib\site-packages\theano\compile\function_module.py", line 903, in __call__
    self.fn() if output_subset is None else\
TypeError: ("expected type_num 12 (NPY_FLOAT64) got 9\nApply node that caused the error: Elemwise{Mul}[(0, 1)](InplaceDimShuffle{x,0,1}.0, RFFTOp.0)\nToposort index: 4\nInputs types: [TensorType(float64, (True, False, False)), TensorType(float64, 3D)]\nInputs shapes: [(1, 9, 2), (9, 2)]\nInputs strides: [(144, 16, 8), (16, 8)]\nInputs values: ['not shown', 'not shown']\nOutputs clients: [[Sum{acc_dtype=float64}(Elemwise{Mul}[(0, 1)].0)]]\n\nHINT: Re-running with most Theano optimization disabled could give you a back-trace of when this node was created. This can be done with by setting the Theano flag 'optimizer=fast_compile'. If that does not work, Theano optimizations can be disabled with 'optimizer=None'.\nHINT: Use the Theano flag 'exception_verbosity=high' for a debugprint and storage map footprint of this apply node.", '\nThe error happened with the following inputs:', [array([[0.31318319, 0.12316385, 0.61023826, 0.73298428, 0.64512313,
        0.48285432, 0.58613644, 0.08857069, 0.71296366, 0.69024353,
        0.10364318, 0.81836811, 0.18747622, 0.79867537, 0.84509177,
        0.04843805]])], '\nThe value of eps is:', 0.1, '\nThe out_type is:', None)

----------------------------------------------------------------------
Ran 7 tests in 7.561s

FAILED (errors=6)
