ERROR (theano.gof.opt): Optimization failure due to: local_mul_zero
ERROR (theano.gof.opt): node: Elemwise{mul,no_inplace}(TensorConstant{2}, Elemwise{add,no_inplace}.0)
ERROR (theano.gof.opt): TRACEBACK:
ERROR (theano.gof.opt): Traceback (most recent call last):
  File "C:\ProgramData\Anaconda3\envs\keras\lib\site-packages\theano\gof\opt.py", line 2034, in process_node
    replacements = lopt.transform(node)
  File "C:\ProgramData\Anaconda3\envs\keras\lib\site-packages\theano\tensor\opt.py", line 5811, in local_mul_zero
    value = get_scalar_constant_value(i)
  File "C:\ProgramData\Anaconda3\envs\keras\lib\site-packages\theano\tensor\basic.py", line 509, in get_scalar_constant_value
    for i in v.owner.inputs]
  File "C:\ProgramData\Anaconda3\envs\keras\lib\site-packages\theano\tensor\basic.py", line 509, in <listcomp>
    for i in v.owner.inputs]
  File "C:\ProgramData\Anaconda3\envs\keras\lib\site-packages\theano\tensor\basic.py", line 591, in get_scalar_constant_value
    ret = v.owner.inputs[0].owner.inputs[idx]
IndexError: list index out of range

ERROR (theano.gof.opt): Optimization failure due to: local_mul_zero
ERROR (theano.gof.opt): node: Elemwise{mul,no_inplace}(TensorConstant{2}, Elemwise{add,no_inplace}.0)
ERROR (theano.gof.opt): TRACEBACK:
ERROR (theano.gof.opt): Traceback (most recent call last):
  File "C:\ProgramData\Anaconda3\envs\keras\lib\site-packages\theano\gof\opt.py", line 2034, in process_node
    replacements = lopt.transform(node)
  File "C:\ProgramData\Anaconda3\envs\keras\lib\site-packages\theano\tensor\opt.py", line 5811, in local_mul_zero
    value = get_scalar_constant_value(i)
  File "C:\ProgramData\Anaconda3\envs\keras\lib\site-packages\theano\tensor\basic.py", line 509, in get_scalar_constant_value
    for i in v.owner.inputs]
  File "C:\ProgramData\Anaconda3\envs\keras\lib\site-packages\theano\tensor\basic.py", line 509, in <listcomp>
    for i in v.owner.inputs]
  File "C:\ProgramData\Anaconda3\envs\keras\lib\site-packages\theano\tensor\basic.py", line 591, in get_scalar_constant_value
    ret = v.owner.inputs[0].owner.inputs[idx]
IndexError: list index out of range

ERROR (theano.gof.opt): Optimization failure due to: local_add_specialize
ERROR (theano.gof.opt): node: Elemwise{add,no_inplace}(TensorConstant{-1}, Subtensor{int64}.0)
ERROR (theano.gof.opt): TRACEBACK:
ERROR (theano.gof.opt): Traceback (most recent call last):
  File "C:\ProgramData\Anaconda3\envs\keras\lib\site-packages\theano\gof\opt.py", line 2034, in process_node
    replacements = lopt.transform(node)
  File "C:\ProgramData\Anaconda3\envs\keras\lib\site-packages\theano\tensor\opt.py", line 6102, in local_add_specialize
    y = get_scalar_constant_value(input)
  File "C:\ProgramData\Anaconda3\envs\keras\lib\site-packages\theano\tensor\basic.py", line 591, in get_scalar_constant_value
    ret = v.owner.inputs[0].owner.inputs[idx]
IndexError: list index out of range

EEEE..ERROR (theano.gof.opt): Optimization failure due to: local_mul_zero
ERROR (theano.gof.opt): node: Elemwise{mul,no_inplace}(TensorConstant{2}, Elemwise{add,no_inplace}.0)
ERROR (theano.gof.opt): TRACEBACK:
ERROR (theano.gof.opt): Traceback (most recent call last):
  File "C:\ProgramData\Anaconda3\envs\keras\lib\site-packages\theano\gof\opt.py", line 2034, in process_node
    replacements = lopt.transform(node)
  File "C:\ProgramData\Anaconda3\envs\keras\lib\site-packages\theano\tensor\opt.py", line 5811, in local_mul_zero
    value = get_scalar_constant_value(i)
  File "C:\ProgramData\Anaconda3\envs\keras\lib\site-packages\theano\tensor\basic.py", line 509, in get_scalar_constant_value
    for i in v.owner.inputs]
  File "C:\ProgramData\Anaconda3\envs\keras\lib\site-packages\theano\tensor\basic.py", line 509, in <listcomp>
    for i in v.owner.inputs]
  File "C:\ProgramData\Anaconda3\envs\keras\lib\site-packages\theano\tensor\basic.py", line 591, in get_scalar_constant_value
    ret = v.owner.inputs[0].owner.inputs[idx]
IndexError: list index out of range

ERROR (theano.gof.opt): Optimization failure due to: local_mul_zero
ERROR (theano.gof.opt): node: Elemwise{mul,no_inplace}(TensorConstant{2}, Elemwise{add,no_inplace}.0)
ERROR (theano.gof.opt): TRACEBACK:
ERROR (theano.gof.opt): Traceback (most recent call last):
  File "C:\ProgramData\Anaconda3\envs\keras\lib\site-packages\theano\gof\opt.py", line 2034, in process_node
    replacements = lopt.transform(node)
  File "C:\ProgramData\Anaconda3\envs\keras\lib\site-packages\theano\tensor\opt.py", line 5811, in local_mul_zero
    value = get_scalar_constant_value(i)
  File "C:\ProgramData\Anaconda3\envs\keras\lib\site-packages\theano\tensor\basic.py", line 509, in get_scalar_constant_value
    for i in v.owner.inputs]
  File "C:\ProgramData\Anaconda3\envs\keras\lib\site-packages\theano\tensor\basic.py", line 509, in <listcomp>
    for i in v.owner.inputs]
  File "C:\ProgramData\Anaconda3\envs\keras\lib\site-packages\theano\tensor\basic.py", line 591, in get_scalar_constant_value
    ret = v.owner.inputs[0].owner.inputs[idx]
IndexError: list index out of range

ERROR (theano.gof.opt): Optimization failure due to: local_add_specialize
ERROR (theano.gof.opt): node: Elemwise{add,no_inplace}(TensorConstant{-1}, Subtensor{int64}.0)
ERROR (theano.gof.opt): TRACEBACK:
ERROR (theano.gof.opt): Traceback (most recent call last):
  File "C:\ProgramData\Anaconda3\envs\keras\lib\site-packages\theano\gof\opt.py", line 2034, in process_node
    replacements = lopt.transform(node)
  File "C:\ProgramData\Anaconda3\envs\keras\lib\site-packages\theano\tensor\opt.py", line 6102, in local_add_specialize
    y = get_scalar_constant_value(input)
  File "C:\ProgramData\Anaconda3\envs\keras\lib\site-packages\theano\tensor\basic.py", line 591, in get_scalar_constant_value
    ret = v.owner.inputs[0].owner.inputs[idx]
IndexError: list index out of range

E
======================================================================
ERROR: test_1Drfft (test_fft.TestFFT)
----------------------------------------------------------------------
Traceback (most recent call last):
  File "C:\ProgramData\Anaconda3\envs\keras\lib\site-packages\theano\compile\function_module.py", line 903, in __call__
    self.fn() if output_subset is None else\
IndexError: index out of bounds

During handling of the above exception, another exception occurred:

Traceback (most recent call last):
  File "C:\Users\mutation\Desktop\theano-testcase\tests\test_fft.py", line 47, in test_1Drfft
    res_irfft = f_irfft(res_rfft)
  File "C:\ProgramData\Anaconda3\envs\keras\lib\site-packages\theano\compile\function_module.py", line 917, in __call__
    storage_map=getattr(self.fn, 'storage_map', None))
  File "C:\ProgramData\Anaconda3\envs\keras\lib\site-packages\theano\gof\link.py", line 325, in raise_with_op
    reraise(exc_type, exc_value, exc_trace)
  File "C:\ProgramData\Anaconda3\envs\keras\lib\site-packages\six.py", line 702, in reraise
    raise value.with_traceback(tb)
  File "C:\ProgramData\Anaconda3\envs\keras\lib\site-packages\theano\compile\function_module.py", line 903, in __call__
    self.fn() if output_subset is None else\
IndexError: index out of bounds
Apply node that caused the error: Subtensor{int64}(MakeVector{dtype='int64'}.0, Constant{-4})
Toposort index: 4
Inputs types: [TensorType(int64, vector), Scalar(int64)]
Inputs shapes: [(3,), ()]
Inputs strides: [(8,), ()]
Inputs values: [array([1, 9, 2], dtype=int64), -4]
Outputs clients: [[Elemwise{Composite{(i0 * (i1 + i2))}}[(0, 2)](TensorConstant{2}, TensorConstant{-1}, Subtensor{int64}.0)]]

Backtrace when the node is created(use Theano flag traceback.limit=N to make it longer):
  File "C:\ProgramData\Anaconda3\envs\keras\lib\unittest\suite.py", line 122, in run
    test(result)
  File "C:\ProgramData\Anaconda3\envs\keras\lib\unittest\suite.py", line 84, in __call__
    return self.run(*args, **kwds)
  File "C:\ProgramData\Anaconda3\envs\keras\lib\unittest\suite.py", line 122, in run
    test(result)
  File "C:\ProgramData\Anaconda3\envs\keras\lib\unittest\suite.py", line 84, in __call__
    return self.run(*args, **kwds)
  File "C:\ProgramData\Anaconda3\envs\keras\lib\unittest\suite.py", line 122, in run
    test(result)
  File "C:\ProgramData\Anaconda3\envs\keras\lib\unittest\case.py", line 653, in __call__
    return self.run(*args, **kwds)
  File "C:\ProgramData\Anaconda3\envs\keras\lib\unittest\case.py", line 605, in run
    testMethod()
  File "C:\Users\mutation\Desktop\theano-testcase\tests\test_fft.py", line 45, in test_1Drfft
    irfft = fft.irfft(m)
  File "C:\ProgramData\Anaconda3\envs\keras\lib\unittest\suite.py", line 122, in run
    test(result)
  File "C:\ProgramData\Anaconda3\envs\keras\lib\unittest\suite.py", line 84, in __call__
    return self.run(*args, **kwds)
  File "C:\ProgramData\Anaconda3\envs\keras\lib\unittest\suite.py", line 122, in run
    test(result)
  File "C:\ProgramData\Anaconda3\envs\keras\lib\unittest\suite.py", line 84, in __call__
    return self.run(*args, **kwds)
  File "C:\ProgramData\Anaconda3\envs\keras\lib\unittest\suite.py", line 122, in run
    test(result)
  File "C:\ProgramData\Anaconda3\envs\keras\lib\unittest\case.py", line 653, in __call__
    return self.run(*args, **kwds)
  File "C:\ProgramData\Anaconda3\envs\keras\lib\unittest\case.py", line 605, in run
    testMethod()
  File "C:\Users\mutation\Desktop\theano-testcase\tests\test_fft.py", line 45, in test_1Drfft
    irfft = fft.irfft(m)

HINT: Use the Theano flag 'exception_verbosity=high' for a debugprint and storage map footprint of this apply node.

======================================================================
ERROR: test_grad_rfft (test_fft.TestFFT)
----------------------------------------------------------------------
Traceback (most recent call last):
  File "C:\Users\mutation\Desktop\theano-testcase\tests\test_fft.py", line 176, in test_grad_rfft
    utt.verify_grad(f_irfft, [inputs_val], eps=eps)
  File "C:\ProgramData\Anaconda3\envs\keras\lib\site-packages\theano\tests\unittest_tools.py", line 92, in verify_grad
    T.verify_grad(op, pt, n_tests, rng, *args, **kwargs)
  File "C:\ProgramData\Anaconda3\envs\keras\lib\site-packages\theano\gradient.py", line 1786, in verify_grad
    analytic_grad, abs_tol, rel_tol)
  File "C:\ProgramData\Anaconda3\envs\keras\lib\site-packages\theano\gradient.py", line 1594, in max_err
    abs_rel_errs = self.abs_rel_errors(g_pt)
  File "C:\ProgramData\Anaconda3\envs\keras\lib\site-packages\theano\gradient.py", line 1575, in abs_rel_errors
    i, str((a.shape, b.shape))))
ValueError: ('argument element 0 has wrong shape ((1, 16, 16, 2), (1, 16, 9, 2))', '\nThe error happened with the following inputs:', [array([[[[0.52299754, 0.62150589],
         [0.06079509, 0.01869926],
         [0.298045  , 0.50473419],
         [0.29961557, 0.44283401],
         [0.38418648, 0.06549254],
         [0.32960424, 0.72942794],
         [0.55509967, 0.5288396 ],
         [0.20307535, 0.9765716 ],
         [0.15416925, 0.3708895 ]],

        [[0.22272072, 0.36039982],
         [0.48498188, 0.24948877],
         [0.9814008 , 0.9433964 ],
         [0.79067807, 0.67931535],
         [0.09682639, 0.262803  ],
         [0.99367036, 0.71032453],
         [0.3901081 , 0.56717598],
         [0.08951013, 0.44073919],
         [0.10495735, 0.68183782]],

        [[0.31150283, 0.66919707],
         [0.98841389, 0.3930208 ],
         [0.29226331, 0.46756277],
         [0.29031652, 0.84918804],
         [0.712163  , 0.34929942],
         [0.45208028, 0.42877569],
         [0.60850074, 0.73609298],
         [0.35253624, 0.35601395],
         [0.59136704, 0.82312425]],

        [[0.65087742, 0.57607829],
         [0.50310554, 0.09924719],
         [0.27264032, 0.03344569],
         [0.70604898, 0.64870168],
         [0.41037587, 0.00773816],
         [0.58266509, 0.74501867],
         [0.92419115, 0.09815225],
         [0.03236548, 0.106822  ],
         [0.17913859, 0.17518167]],

        [[0.20578784, 0.3271364 ],
         [0.4913322 , 0.48687574],
         [0.5032574 , 0.28815934],
         [0.47458508, 0.06431285],
         [0.3308476 , 0.48623288],
         [0.29528988, 0.37818203],
         [0.5417532 , 0.40010546],
         [0.76240955, 0.47955264],
         [0.15861623, 0.13080003]],

        [[0.48172727, 0.24642311],
         [0.92249391, 0.57461442],
         [0.07461399, 0.37269671],
         [0.19748517, 0.63225866],
         [0.94114428, 0.82023108],
         [0.26307149, 0.86991022],
         [0.39742133, 0.88811711],
         [0.71855562, 0.66002236],
         [0.97249178, 0.09441107]],

        [[0.30465039, 0.0762231 ],
         [0.78761657, 0.64670505],
         [0.96267341, 0.95592698],
         [0.86098628, 0.95262915],
         [0.04407321, 0.77759974],
         [0.57376583, 0.71569645],
         [0.15618335, 0.53053071],
         [0.34794832, 0.14246731],
         [0.83683726, 0.39317949]],

        [[0.81061229, 0.61630338],
         [0.63907216, 0.12253074],
         [0.35538833, 0.04429985],
         [0.15362478, 0.19122078],
         [0.82903655, 0.96854568],
         [0.43481821, 0.31767392],
         [0.77021078, 0.28244732],
         [0.38467936, 0.22577154],
         [0.59839337, 0.93039134]],

        [[0.13158445, 0.31302627],
         [0.36936329, 0.86175496],
         [0.27551035, 0.8822734 ],
         [0.51128198, 0.77603478],
         [0.05065324, 0.01078841],
         [0.36965792, 0.56117075],
         [0.29515017, 0.40854509],
         [0.2270829 , 0.07465744],
         [0.89673015, 0.65823359]],

        [[0.58300058, 0.34835623],
         [0.6598614 , 0.32660515],
         [0.69166244, 0.21705726],
         [0.71085574, 0.49495187],
         [0.85774804, 0.59884657],
         [0.70694106, 0.24421088],
         [0.51280413, 0.1258849 ],
         [0.47038107, 0.39499497],
         [0.16628639, 0.48889568]],

        [[0.66479674, 0.33969304],
         [0.31799934, 0.2297029 ],
         [0.05338387, 0.66195348],
         [0.11347362, 0.16848512],
         [0.9107186 , 0.34193589],
         [0.46852936, 0.06549789],
         [0.94881844, 0.45298171],
         [0.52923887, 0.49652562],
         [0.45500212, 0.59928577]],

        [[0.26176364, 0.86341968],
         [0.40887141, 0.52253318],
         [0.52862963, 0.02526051],
         [0.69934208, 0.43672267],
         [0.06465723, 0.30489059],
         [0.11921288, 0.40982387],
         [0.87844812, 0.36521498],
         [0.779061  , 0.72191177],
         [0.74037803, 0.38926291]],

        [[0.38578523, 0.51769566],
         [0.74273174, 0.46173375],
         [0.63698593, 0.9206278 ],
         [0.58796342, 0.71476336],
         [0.16907287, 0.61311718],
         [0.31318319, 0.12316385],
         [0.61023826, 0.73298428],
         [0.64512313, 0.48285432],
         [0.58613644, 0.08857069]],

        [[0.71296366, 0.69024353],
         [0.10364318, 0.81836811],
         [0.18747622, 0.79867537],
         [0.84509177, 0.04843805],
         [0.45924854, 0.66491386],
         [0.07354179, 0.50894196],
         [0.02303884, 0.62830588],
         [0.73496715, 0.97180981],
         [0.96178439, 0.2374969 ]],

        [[0.95344329, 0.79215238],
         [0.34187733, 0.83511901],
         [0.04164837, 0.59160107],
         [0.37956115, 0.83265946],
         [0.29193523, 0.81490331],
         [0.29666307, 0.38133984],
         [0.04289927, 0.90272136],
         [0.37460166, 0.98899718],
         [0.64508647, 0.82934657]],

        [[0.18699918, 0.66854153],
         [0.9021616 , 0.2385075 ],
         [0.88599241, 0.33782956],
         [0.67034004, 0.73646854],
         [0.09175239, 0.26982124],
         [0.28174549, 0.9985896 ],
         [0.67200059, 0.67909835],
         [0.05733078, 0.35599393],
         [0.95902684, 0.95464241]]]])], '\nThe value of eps is:', 0.1, '\nThe out_type is:', None)

======================================================================
ERROR: test_irfft (test_fft.TestFFT)
----------------------------------------------------------------------
Traceback (most recent call last):
  File "C:\Users\mutation\Desktop\theano-testcase\tests\test_fft.py", line 92, in test_irfft
    utt.assert_allclose(inputs_val, np.asarray(res_irfft))
  File "C:\ProgramData\Anaconda3\envs\keras\lib\site-packages\theano\tests\unittest_tools.py", line 357, in assert_allclose
    if not T.basic._allclose(expected, value, rtol, atol):
  File "C:\ProgramData\Anaconda3\envs\keras\lib\site-packages\theano\tensor\basic.py", line 347, in _allclose
    return np.allclose(a, b, atol=atol_, rtol=rtol_)
  File "<__array_function__ internals>", line 6, in allclose
  File "C:\ProgramData\Anaconda3\envs\keras\lib\site-packages\numpy\core\numeric.py", line 2159, in allclose
    res = all(isclose(a, b, rtol=rtol, atol=atol, equal_nan=equal_nan))
  File "<__array_function__ internals>", line 6, in isclose
  File "C:\ProgramData\Anaconda3\envs\keras\lib\site-packages\numpy\core\numeric.py", line 2260, in isclose
    return within_tol(x, y, atol, rtol)
  File "C:\ProgramData\Anaconda3\envs\keras\lib\site-packages\numpy\core\numeric.py", line 2246, in within_tol
    return less_equal(abs(x-y), atol + rtol * abs(y))
ValueError: operands could not be broadcast together with shapes (1,16,16) (1,16,30) 

======================================================================
ERROR: test_norm_rfft (test_fft.TestFFT)
----------------------------------------------------------------------
Traceback (most recent call last):
  File "C:\Users\mutation\Desktop\theano-testcase\tests\test_fft.py", line 142, in test_norm_rfft
    utt.assert_allclose(irfft_ref * N, res_irfft, atol=1e-4, rtol=1e-4)
  File "C:\ProgramData\Anaconda3\envs\keras\lib\site-packages\theano\tests\unittest_tools.py", line 357, in assert_allclose
    if not T.basic._allclose(expected, value, rtol, atol):
  File "C:\ProgramData\Anaconda3\envs\keras\lib\site-packages\theano\tensor\basic.py", line 347, in _allclose
    return np.allclose(a, b, atol=atol_, rtol=rtol_)
  File "<__array_function__ internals>", line 6, in allclose
  File "C:\ProgramData\Anaconda3\envs\keras\lib\site-packages\numpy\core\numeric.py", line 2159, in allclose
    res = all(isclose(a, b, rtol=rtol, atol=atol, equal_nan=equal_nan))
  File "<__array_function__ internals>", line 6, in isclose
  File "C:\ProgramData\Anaconda3\envs\keras\lib\site-packages\numpy\core\numeric.py", line 2260, in isclose
    return within_tol(x, y, atol, rtol)
  File "C:\ProgramData\Anaconda3\envs\keras\lib\site-packages\numpy\core\numeric.py", line 2246, in within_tol
    return less_equal(abs(x-y), atol + rtol * abs(y))
ValueError: operands could not be broadcast together with shapes (1,16,16) (1,16,30) 

======================================================================
ERROR: test_rfft_float (test_fft.TestFFT)
----------------------------------------------------------------------
Traceback (most recent call last):
  File "C:\ProgramData\Anaconda3\envs\keras\lib\site-packages\theano\compile\function_module.py", line 903, in __call__
    self.fn() if output_subset is None else\
IndexError: index out of bounds

During handling of the above exception, another exception occurred:

Traceback (most recent call last):
  File "C:\Users\mutation\Desktop\theano-testcase\tests\test_fft.py", line 27, in test_rfft_float
    utt.verify_grad(f_irfft, [inputs_val], eps=eps)
  File "C:\ProgramData\Anaconda3\envs\keras\lib\site-packages\theano\tests\unittest_tools.py", line 92, in verify_grad
    T.verify_grad(op, pt, n_tests, rng, *args, **kwargs)
  File "C:\ProgramData\Anaconda3\envs\keras\lib\site-packages\theano\gradient.py", line 1738, in verify_grad
    o_fn_out = o_fn(*[p.copy() for p in pt])
  File "C:\ProgramData\Anaconda3\envs\keras\lib\site-packages\theano\compile\function_module.py", line 917, in __call__
    storage_map=getattr(self.fn, 'storage_map', None))
  File "C:\ProgramData\Anaconda3\envs\keras\lib\site-packages\theano\gof\link.py", line 325, in raise_with_op
    reraise(exc_type, exc_value, exc_trace)
  File "C:\ProgramData\Anaconda3\envs\keras\lib\site-packages\six.py", line 702, in reraise
    raise value.with_traceback(tb)
  File "C:\ProgramData\Anaconda3\envs\keras\lib\site-packages\theano\compile\function_module.py", line 903, in __call__
    self.fn() if output_subset is None else\
IndexError: index out of bounds
Apply node that caused the error: Subtensor{int64}(MakeVector{dtype='int64'}.0, Constant{-4})
Toposort index: 3
Inputs types: [TensorType(int64, vector), Scalar(int64)]
Inputs shapes: [(3,), ()]
Inputs strides: [(8,), ()]
Inputs values: [array([1, 9, 2], dtype=int64), -4]
Outputs clients: [[Elemwise{Composite{(i0 * (i1 + i2))}}[(0, 2)](TensorConstant{2}, TensorConstant{-1}, Subtensor{int64}.0)]]

Backtrace when the node is created(use Theano flag traceback.limit=N to make it longer):
  File "C:\ProgramData\Anaconda3\envs\keras\lib\unittest\suite.py", line 84, in __call__
    return self.run(*args, **kwds)
  File "C:\ProgramData\Anaconda3\envs\keras\lib\unittest\suite.py", line 122, in run
    test(result)
  File "C:\ProgramData\Anaconda3\envs\keras\lib\unittest\case.py", line 653, in __call__
    return self.run(*args, **kwds)
  File "C:\ProgramData\Anaconda3\envs\keras\lib\unittest\case.py", line 605, in run
    testMethod()
  File "C:\Users\mutation\Desktop\theano-testcase\tests\test_fft.py", line 27, in test_rfft_float
    utt.verify_grad(f_irfft, [inputs_val], eps=eps)
  File "C:\ProgramData\Anaconda3\envs\keras\lib\site-packages\theano\tests\unittest_tools.py", line 92, in verify_grad
    T.verify_grad(op, pt, n_tests, rng, *args, **kwargs)
  File "C:\ProgramData\Anaconda3\envs\keras\lib\site-packages\theano\gradient.py", line 1728, in verify_grad
    o_output = fun(*tensor_pt)
  File "C:\Users\mutation\Desktop\theano-testcase\tests\test_fft.py", line 25, in f_irfft
    return fft.irfft(inp)
  File "C:\ProgramData\Anaconda3\envs\keras\lib\unittest\suite.py", line 84, in __call__
    return self.run(*args, **kwds)
  File "C:\ProgramData\Anaconda3\envs\keras\lib\unittest\suite.py", line 122, in run
    test(result)
  File "C:\ProgramData\Anaconda3\envs\keras\lib\unittest\case.py", line 653, in __call__
    return self.run(*args, **kwds)
  File "C:\ProgramData\Anaconda3\envs\keras\lib\unittest\case.py", line 605, in run
    testMethod()
  File "C:\Users\mutation\Desktop\theano-testcase\tests\test_fft.py", line 27, in test_rfft_float
    utt.verify_grad(f_irfft, [inputs_val], eps=eps)
  File "C:\ProgramData\Anaconda3\envs\keras\lib\site-packages\theano\tests\unittest_tools.py", line 92, in verify_grad
    T.verify_grad(op, pt, n_tests, rng, *args, **kwargs)
  File "C:\ProgramData\Anaconda3\envs\keras\lib\site-packages\theano\gradient.py", line 1728, in verify_grad
    o_output = fun(*tensor_pt)
  File "C:\Users\mutation\Desktop\theano-testcase\tests\test_fft.py", line 25, in f_irfft
    return fft.irfft(inp)

HINT: Use the Theano flag 'exception_verbosity=high' for a debugprint and storage map footprint of this apply node.

----------------------------------------------------------------------
Ran 7 tests in 5.249s

FAILED (errors=5)
3
