ERROR (theano.gof.opt): Optimization failure due to: local_mul_zero
ERROR (theano.gof.opt): node: Elemwise{mul,no_inplace}(TensorConstant{2}, Elemwise{add,no_inplace}.0)
ERROR (theano.gof.opt): TRACEBACK:
ERROR (theano.gof.opt): Traceback (most recent call last):
  File "C:\ProgramData\Anaconda3\envs\keras\lib\site-packages\theano\gof\opt.py", line 2034, in process_node
    replacements = lopt.transform(node)
  File "C:\ProgramData\Anaconda3\envs\keras\lib\site-packages\theano\tensor\opt.py", line 5811, in local_mul_zero
    value = get_scalar_constant_value(i)
  File "C:\ProgramData\Anaconda3\envs\keras\lib\site-packages\theano\tensor\basic.py", line 509, in get_scalar_constant_value
    for i in v.owner.inputs]
  File "C:\ProgramData\Anaconda3\envs\keras\lib\site-packages\theano\tensor\basic.py", line 509, in <listcomp>
    for i in v.owner.inputs]
  File "C:\ProgramData\Anaconda3\envs\keras\lib\site-packages\theano\tensor\basic.py", line 591, in get_scalar_constant_value
    ret = v.owner.inputs[0].owner.inputs[idx]
IndexError: list index out of range

ERROR (theano.gof.opt): Optimization failure due to: local_mul_zero
ERROR (theano.gof.opt): node: Elemwise{mul,no_inplace}(TensorConstant{2}, Elemwise{add,no_inplace}.0)
ERROR (theano.gof.opt): TRACEBACK:
ERROR (theano.gof.opt): Traceback (most recent call last):
  File "C:\ProgramData\Anaconda3\envs\keras\lib\site-packages\theano\gof\opt.py", line 2034, in process_node
    replacements = lopt.transform(node)
  File "C:\ProgramData\Anaconda3\envs\keras\lib\site-packages\theano\tensor\opt.py", line 5811, in local_mul_zero
    value = get_scalar_constant_value(i)
  File "C:\ProgramData\Anaconda3\envs\keras\lib\site-packages\theano\tensor\basic.py", line 509, in get_scalar_constant_value
    for i in v.owner.inputs]
  File "C:\ProgramData\Anaconda3\envs\keras\lib\site-packages\theano\tensor\basic.py", line 509, in <listcomp>
    for i in v.owner.inputs]
  File "C:\ProgramData\Anaconda3\envs\keras\lib\site-packages\theano\tensor\basic.py", line 591, in get_scalar_constant_value
    ret = v.owner.inputs[0].owner.inputs[idx]
IndexError: list index out of range

ERROR (theano.gof.opt): Optimization failure due to: local_add_specialize
ERROR (theano.gof.opt): node: Elemwise{add,no_inplace}(TensorConstant{-1}, Subtensor{int64}.0)
ERROR (theano.gof.opt): TRACEBACK:
ERROR (theano.gof.opt): Traceback (most recent call last):
  File "C:\ProgramData\Anaconda3\envs\keras\lib\site-packages\theano\gof\opt.py", line 2034, in process_node
    replacements = lopt.transform(node)
  File "C:\ProgramData\Anaconda3\envs\keras\lib\site-packages\theano\tensor\opt.py", line 6102, in local_add_specialize
    y = get_scalar_constant_value(input)
  File "C:\ProgramData\Anaconda3\envs\keras\lib\site-packages\theano\tensor\basic.py", line 591, in get_scalar_constant_value
    ret = v.owner.inputs[0].owner.inputs[idx]
IndexError: list index out of range

EERROR (theano.gof.opt): Optimization failure due to: local_mul_zero
ERROR (theano.gof.opt): node: Elemwise{mul,no_inplace}(TensorConstant{2}, Elemwise{add,no_inplace}.0)
ERROR (theano.gof.opt): TRACEBACK:
ERROR (theano.gof.opt): Traceback (most recent call last):
  File "C:\ProgramData\Anaconda3\envs\keras\lib\site-packages\theano\gof\opt.py", line 2034, in process_node
    replacements = lopt.transform(node)
  File "C:\ProgramData\Anaconda3\envs\keras\lib\site-packages\theano\tensor\opt.py", line 5811, in local_mul_zero
    value = get_scalar_constant_value(i)
  File "C:\ProgramData\Anaconda3\envs\keras\lib\site-packages\theano\tensor\basic.py", line 509, in get_scalar_constant_value
    for i in v.owner.inputs]
  File "C:\ProgramData\Anaconda3\envs\keras\lib\site-packages\theano\tensor\basic.py", line 509, in <listcomp>
    for i in v.owner.inputs]
  File "C:\ProgramData\Anaconda3\envs\keras\lib\site-packages\theano\tensor\basic.py", line 591, in get_scalar_constant_value
    ret = v.owner.inputs[0].owner.inputs[idx]
IndexError: list index out of range

ERROR (theano.gof.opt): Optimization failure due to: local_mul_zero
ERROR (theano.gof.opt): node: Elemwise{mul,no_inplace}(TensorConstant{2}, Elemwise{add,no_inplace}.0)
ERROR (theano.gof.opt): TRACEBACK:
ERROR (theano.gof.opt): Traceback (most recent call last):
  File "C:\ProgramData\Anaconda3\envs\keras\lib\site-packages\theano\gof\opt.py", line 2034, in process_node
    replacements = lopt.transform(node)
  File "C:\ProgramData\Anaconda3\envs\keras\lib\site-packages\theano\tensor\opt.py", line 5811, in local_mul_zero
    value = get_scalar_constant_value(i)
  File "C:\ProgramData\Anaconda3\envs\keras\lib\site-packages\theano\tensor\basic.py", line 509, in get_scalar_constant_value
    for i in v.owner.inputs]
  File "C:\ProgramData\Anaconda3\envs\keras\lib\site-packages\theano\tensor\basic.py", line 509, in <listcomp>
    for i in v.owner.inputs]
  File "C:\ProgramData\Anaconda3\envs\keras\lib\site-packages\theano\tensor\basic.py", line 591, in get_scalar_constant_value
    ret = v.owner.inputs[0].owner.inputs[idx]
IndexError: list index out of range

ERROR (theano.gof.opt): Optimization failure due to: local_add_specialize
ERROR (theano.gof.opt): node: Elemwise{add,no_inplace}(TensorConstant{-1}, Subtensor{int64}.0)
ERROR (theano.gof.opt): TRACEBACK:
ERROR (theano.gof.opt): Traceback (most recent call last):
  File "C:\ProgramData\Anaconda3\envs\keras\lib\site-packages\theano\gof\opt.py", line 2034, in process_node
    replacements = lopt.transform(node)
  File "C:\ProgramData\Anaconda3\envs\keras\lib\site-packages\theano\tensor\opt.py", line 6102, in local_add_specialize
    y = get_scalar_constant_value(input)
  File "C:\ProgramData\Anaconda3\envs\keras\lib\site-packages\theano\tensor\basic.py", line 591, in get_scalar_constant_value
    ret = v.owner.inputs[0].owner.inputs[idx]
IndexError: list index out of range

EERROR (theano.gof.opt): Optimization failure due to: local_mul_zero
ERROR (theano.gof.opt): node: Elemwise{mul,no_inplace}(TensorConstant{2}, Elemwise{add,no_inplace}.0)
ERROR (theano.gof.opt): TRACEBACK:
ERROR (theano.gof.opt): Traceback (most recent call last):
  File "C:\ProgramData\Anaconda3\envs\keras\lib\site-packages\theano\gof\opt.py", line 2034, in process_node
    replacements = lopt.transform(node)
  File "C:\ProgramData\Anaconda3\envs\keras\lib\site-packages\theano\tensor\opt.py", line 5811, in local_mul_zero
    value = get_scalar_constant_value(i)
  File "C:\ProgramData\Anaconda3\envs\keras\lib\site-packages\theano\tensor\basic.py", line 509, in get_scalar_constant_value
    for i in v.owner.inputs]
  File "C:\ProgramData\Anaconda3\envs\keras\lib\site-packages\theano\tensor\basic.py", line 509, in <listcomp>
    for i in v.owner.inputs]
  File "C:\ProgramData\Anaconda3\envs\keras\lib\site-packages\theano\tensor\basic.py", line 591, in get_scalar_constant_value
    ret = v.owner.inputs[0].owner.inputs[idx]
IndexError: list index out of range

ERROR (theano.gof.opt): Optimization failure due to: local_mul_zero
ERROR (theano.gof.opt): node: Elemwise{mul,no_inplace}(TensorConstant{2}, Elemwise{add,no_inplace}.0)
ERROR (theano.gof.opt): TRACEBACK:
ERROR (theano.gof.opt): Traceback (most recent call last):
  File "C:\ProgramData\Anaconda3\envs\keras\lib\site-packages\theano\gof\opt.py", line 2034, in process_node
    replacements = lopt.transform(node)
  File "C:\ProgramData\Anaconda3\envs\keras\lib\site-packages\theano\tensor\opt.py", line 5811, in local_mul_zero
    value = get_scalar_constant_value(i)
  File "C:\ProgramData\Anaconda3\envs\keras\lib\site-packages\theano\tensor\basic.py", line 509, in get_scalar_constant_value
    for i in v.owner.inputs]
  File "C:\ProgramData\Anaconda3\envs\keras\lib\site-packages\theano\tensor\basic.py", line 509, in <listcomp>
    for i in v.owner.inputs]
  File "C:\ProgramData\Anaconda3\envs\keras\lib\site-packages\theano\tensor\basic.py", line 591, in get_scalar_constant_value
    ret = v.owner.inputs[0].owner.inputs[idx]
IndexError: list index out of range

ERROR (theano.gof.opt): Optimization failure due to: local_add_specialize
ERROR (theano.gof.opt): node: Elemwise{add,no_inplace}(TensorConstant{-1}, Subtensor{int64}.0)
ERROR (theano.gof.opt): TRACEBACK:
ERROR (theano.gof.opt): Traceback (most recent call last):
  File "C:\ProgramData\Anaconda3\envs\keras\lib\site-packages\theano\gof\opt.py", line 2034, in process_node
    replacements = lopt.transform(node)
  File "C:\ProgramData\Anaconda3\envs\keras\lib\site-packages\theano\tensor\opt.py", line 6102, in local_add_specialize
    y = get_scalar_constant_value(input)
  File "C:\ProgramData\Anaconda3\envs\keras\lib\site-packages\theano\tensor\basic.py", line 591, in get_scalar_constant_value
    ret = v.owner.inputs[0].owner.inputs[idx]
IndexError: list index out of range

EERROR (theano.gof.opt): Optimization failure due to: local_mul_zero
ERROR (theano.gof.opt): node: Elemwise{mul,no_inplace}(TensorConstant{2}, Elemwise{add,no_inplace}.0)
ERROR (theano.gof.opt): TRACEBACK:
ERROR (theano.gof.opt): Traceback (most recent call last):
  File "C:\ProgramData\Anaconda3\envs\keras\lib\site-packages\theano\gof\opt.py", line 2034, in process_node
    replacements = lopt.transform(node)
  File "C:\ProgramData\Anaconda3\envs\keras\lib\site-packages\theano\tensor\opt.py", line 5811, in local_mul_zero
    value = get_scalar_constant_value(i)
  File "C:\ProgramData\Anaconda3\envs\keras\lib\site-packages\theano\tensor\basic.py", line 509, in get_scalar_constant_value
    for i in v.owner.inputs]
  File "C:\ProgramData\Anaconda3\envs\keras\lib\site-packages\theano\tensor\basic.py", line 509, in <listcomp>
    for i in v.owner.inputs]
  File "C:\ProgramData\Anaconda3\envs\keras\lib\site-packages\theano\tensor\basic.py", line 591, in get_scalar_constant_value
    ret = v.owner.inputs[0].owner.inputs[idx]
IndexError: list index out of range

ERROR (theano.gof.opt): Optimization failure due to: local_mul_zero
ERROR (theano.gof.opt): node: Elemwise{mul,no_inplace}(TensorConstant{2}, Elemwise{add,no_inplace}.0)
ERROR (theano.gof.opt): TRACEBACK:
ERROR (theano.gof.opt): Traceback (most recent call last):
  File "C:\ProgramData\Anaconda3\envs\keras\lib\site-packages\theano\gof\opt.py", line 2034, in process_node
    replacements = lopt.transform(node)
  File "C:\ProgramData\Anaconda3\envs\keras\lib\site-packages\theano\tensor\opt.py", line 5811, in local_mul_zero
    value = get_scalar_constant_value(i)
  File "C:\ProgramData\Anaconda3\envs\keras\lib\site-packages\theano\tensor\basic.py", line 509, in get_scalar_constant_value
    for i in v.owner.inputs]
  File "C:\ProgramData\Anaconda3\envs\keras\lib\site-packages\theano\tensor\basic.py", line 509, in <listcomp>
    for i in v.owner.inputs]
  File "C:\ProgramData\Anaconda3\envs\keras\lib\site-packages\theano\tensor\basic.py", line 591, in get_scalar_constant_value
    ret = v.owner.inputs[0].owner.inputs[idx]
IndexError: list index out of range

ERROR (theano.gof.opt): Optimization failure due to: local_add_specialize
ERROR (theano.gof.opt): node: Elemwise{add,no_inplace}(TensorConstant{-1}, Subtensor{int64}.0)
ERROR (theano.gof.opt): TRACEBACK:
ERROR (theano.gof.opt): Traceback (most recent call last):
  File "C:\ProgramData\Anaconda3\envs\keras\lib\site-packages\theano\gof\opt.py", line 2034, in process_node
    replacements = lopt.transform(node)
  File "C:\ProgramData\Anaconda3\envs\keras\lib\site-packages\theano\tensor\opt.py", line 6102, in local_add_specialize
    y = get_scalar_constant_value(input)
  File "C:\ProgramData\Anaconda3\envs\keras\lib\site-packages\theano\tensor\basic.py", line 591, in get_scalar_constant_value
    ret = v.owner.inputs[0].owner.inputs[idx]
IndexError: list index out of range

E..ERROR (theano.gof.opt): Optimization failure due to: local_mul_zero
ERROR (theano.gof.opt): node: Elemwise{mul,no_inplace}(TensorConstant{2}, Elemwise{add,no_inplace}.0)
ERROR (theano.gof.opt): TRACEBACK:
ERROR (theano.gof.opt): Traceback (most recent call last):
  File "C:\ProgramData\Anaconda3\envs\keras\lib\site-packages\theano\gof\opt.py", line 2034, in process_node
    replacements = lopt.transform(node)
  File "C:\ProgramData\Anaconda3\envs\keras\lib\site-packages\theano\tensor\opt.py", line 5811, in local_mul_zero
    value = get_scalar_constant_value(i)
  File "C:\ProgramData\Anaconda3\envs\keras\lib\site-packages\theano\tensor\basic.py", line 509, in get_scalar_constant_value
    for i in v.owner.inputs]
  File "C:\ProgramData\Anaconda3\envs\keras\lib\site-packages\theano\tensor\basic.py", line 509, in <listcomp>
    for i in v.owner.inputs]
  File "C:\ProgramData\Anaconda3\envs\keras\lib\site-packages\theano\tensor\basic.py", line 591, in get_scalar_constant_value
    ret = v.owner.inputs[0].owner.inputs[idx]
IndexError: list index out of range

ERROR (theano.gof.opt): Optimization failure due to: local_mul_zero
ERROR (theano.gof.opt): node: Elemwise{mul,no_inplace}(TensorConstant{2}, Elemwise{add,no_inplace}.0)
ERROR (theano.gof.opt): TRACEBACK:
ERROR (theano.gof.opt): Traceback (most recent call last):
  File "C:\ProgramData\Anaconda3\envs\keras\lib\site-packages\theano\gof\opt.py", line 2034, in process_node
    replacements = lopt.transform(node)
  File "C:\ProgramData\Anaconda3\envs\keras\lib\site-packages\theano\tensor\opt.py", line 5811, in local_mul_zero
    value = get_scalar_constant_value(i)
  File "C:\ProgramData\Anaconda3\envs\keras\lib\site-packages\theano\tensor\basic.py", line 509, in get_scalar_constant_value
    for i in v.owner.inputs]
  File "C:\ProgramData\Anaconda3\envs\keras\lib\site-packages\theano\tensor\basic.py", line 509, in <listcomp>
    for i in v.owner.inputs]
  File "C:\ProgramData\Anaconda3\envs\keras\lib\site-packages\theano\tensor\basic.py", line 591, in get_scalar_constant_value
    ret = v.owner.inputs[0].owner.inputs[idx]
IndexError: list index out of range

ERROR (theano.gof.opt): Optimization failure due to: local_add_specialize
ERROR (theano.gof.opt): node: Elemwise{add,no_inplace}(TensorConstant{-1}, Subtensor{int64}.0)
ERROR (theano.gof.opt): TRACEBACK:
ERROR (theano.gof.opt): Traceback (most recent call last):
  File "C:\ProgramData\Anaconda3\envs\keras\lib\site-packages\theano\gof\opt.py", line 2034, in process_node
    replacements = lopt.transform(node)
  File "C:\ProgramData\Anaconda3\envs\keras\lib\site-packages\theano\tensor\opt.py", line 6102, in local_add_specialize
    y = get_scalar_constant_value(input)
  File "C:\ProgramData\Anaconda3\envs\keras\lib\site-packages\theano\tensor\basic.py", line 591, in get_scalar_constant_value
    ret = v.owner.inputs[0].owner.inputs[idx]
IndexError: list index out of range

E
======================================================================
ERROR: test_1Drfft (test_fft.TestFFT)
----------------------------------------------------------------------
Traceback (most recent call last):
  File "C:\ProgramData\Anaconda3\envs\keras\lib\site-packages\theano\compile\function_module.py", line 903, in __call__
    self.fn() if output_subset is None else\
IndexError: index out of bounds

During handling of the above exception, another exception occurred:

Traceback (most recent call last):
  File "C:\Users\mutation\Desktop\theano-testcase\tests\test_fft.py", line 47, in test_1Drfft
    res_irfft = f_irfft(res_rfft)
  File "C:\ProgramData\Anaconda3\envs\keras\lib\site-packages\theano\compile\function_module.py", line 917, in __call__
    storage_map=getattr(self.fn, 'storage_map', None))
  File "C:\ProgramData\Anaconda3\envs\keras\lib\site-packages\theano\gof\link.py", line 325, in raise_with_op
    reraise(exc_type, exc_value, exc_trace)
  File "C:\ProgramData\Anaconda3\envs\keras\lib\site-packages\six.py", line 702, in reraise
    raise value.with_traceback(tb)
  File "C:\ProgramData\Anaconda3\envs\keras\lib\site-packages\theano\compile\function_module.py", line 903, in __call__
    self.fn() if output_subset is None else\
IndexError: index out of bounds
Apply node that caused the error: Subtensor{int64}(MakeVector{dtype='int64'}.0, Constant{-4})
Toposort index: 4
Inputs types: [TensorType(int64, vector), Scalar(int64)]
Inputs shapes: [(3,), ()]
Inputs strides: [(8,), ()]
Inputs values: [array([1, 9, 2], dtype=int64), -4]
Outputs clients: [[Elemwise{Composite{(i0 * (i1 + i2))}}[(0, 2)](TensorConstant{2}, TensorConstant{-1}, Subtensor{int64}.0)]]

Backtrace when the node is created(use Theano flag traceback.limit=N to make it longer):
  File "C:\ProgramData\Anaconda3\envs\keras\lib\unittest\suite.py", line 122, in run
    test(result)
  File "C:\ProgramData\Anaconda3\envs\keras\lib\unittest\suite.py", line 84, in __call__
    return self.run(*args, **kwds)
  File "C:\ProgramData\Anaconda3\envs\keras\lib\unittest\suite.py", line 122, in run
    test(result)
  File "C:\ProgramData\Anaconda3\envs\keras\lib\unittest\suite.py", line 84, in __call__
    return self.run(*args, **kwds)
  File "C:\ProgramData\Anaconda3\envs\keras\lib\unittest\suite.py", line 122, in run
    test(result)
  File "C:\ProgramData\Anaconda3\envs\keras\lib\unittest\case.py", line 653, in __call__
    return self.run(*args, **kwds)
  File "C:\ProgramData\Anaconda3\envs\keras\lib\unittest\case.py", line 605, in run
    testMethod()
  File "C:\Users\mutation\Desktop\theano-testcase\tests\test_fft.py", line 45, in test_1Drfft
    irfft = fft.irfft(m)
  File "C:\ProgramData\Anaconda3\envs\keras\lib\unittest\suite.py", line 122, in run
    test(result)
  File "C:\ProgramData\Anaconda3\envs\keras\lib\unittest\suite.py", line 84, in __call__
    return self.run(*args, **kwds)
  File "C:\ProgramData\Anaconda3\envs\keras\lib\unittest\suite.py", line 122, in run
    test(result)
  File "C:\ProgramData\Anaconda3\envs\keras\lib\unittest\suite.py", line 84, in __call__
    return self.run(*args, **kwds)
  File "C:\ProgramData\Anaconda3\envs\keras\lib\unittest\suite.py", line 122, in run
    test(result)
  File "C:\ProgramData\Anaconda3\envs\keras\lib\unittest\case.py", line 653, in __call__
    return self.run(*args, **kwds)
  File "C:\ProgramData\Anaconda3\envs\keras\lib\unittest\case.py", line 605, in run
    testMethod()
  File "C:\Users\mutation\Desktop\theano-testcase\tests\test_fft.py", line 45, in test_1Drfft
    irfft = fft.irfft(m)

HINT: Use the Theano flag 'exception_verbosity=high' for a debugprint and storage map footprint of this apply node.

======================================================================
ERROR: test_grad_rfft (test_fft.TestFFT)
----------------------------------------------------------------------
Traceback (most recent call last):
  File "C:\ProgramData\Anaconda3\envs\keras\lib\site-packages\theano\compile\function_module.py", line 903, in __call__
    self.fn() if output_subset is None else\
IndexError: index out of bounds

During handling of the above exception, another exception occurred:

Traceback (most recent call last):
  File "C:\Users\mutation\Desktop\theano-testcase\tests\test_fft.py", line 176, in test_grad_rfft
    utt.verify_grad(f_irfft, [inputs_val], eps=eps)
  File "C:\ProgramData\Anaconda3\envs\keras\lib\site-packages\theano\tests\unittest_tools.py", line 92, in verify_grad
    T.verify_grad(op, pt, n_tests, rng, *args, **kwargs)
  File "C:\ProgramData\Anaconda3\envs\keras\lib\site-packages\theano\gradient.py", line 1738, in verify_grad
    o_fn_out = o_fn(*[p.copy() for p in pt])
  File "C:\ProgramData\Anaconda3\envs\keras\lib\site-packages\theano\compile\function_module.py", line 917, in __call__
    storage_map=getattr(self.fn, 'storage_map', None))
  File "C:\ProgramData\Anaconda3\envs\keras\lib\site-packages\theano\gof\link.py", line 325, in raise_with_op
    reraise(exc_type, exc_value, exc_trace)
  File "C:\ProgramData\Anaconda3\envs\keras\lib\site-packages\six.py", line 702, in reraise
    raise value.with_traceback(tb)
  File "C:\ProgramData\Anaconda3\envs\keras\lib\site-packages\theano\compile\function_module.py", line 903, in __call__
    self.fn() if output_subset is None else\
IndexError: index out of bounds
Apply node that caused the error: Subtensor{int64}(MakeVector{dtype='int64'}.0, Constant{-5})
Toposort index: 4
Inputs types: [TensorType(int64, vector), Scalar(int64)]
Inputs shapes: [(4,), ()]
Inputs strides: [(8,), ()]
Inputs values: [array([ 1, 16,  9,  2], dtype=int64), -5]
Outputs clients: [[Elemwise{Composite{(i0 * (i1 + i2))}}[(0, 2)](TensorConstant{2}, TensorConstant{-1}, Subtensor{int64}.0)]]

Backtrace when the node is created(use Theano flag traceback.limit=N to make it longer):
  File "C:\ProgramData\Anaconda3\envs\keras\lib\unittest\suite.py", line 84, in __call__
    return self.run(*args, **kwds)
  File "C:\ProgramData\Anaconda3\envs\keras\lib\unittest\suite.py", line 122, in run
    test(result)
  File "C:\ProgramData\Anaconda3\envs\keras\lib\unittest\case.py", line 653, in __call__
    return self.run(*args, **kwds)
  File "C:\ProgramData\Anaconda3\envs\keras\lib\unittest\case.py", line 605, in run
    testMethod()
  File "C:\Users\mutation\Desktop\theano-testcase\tests\test_fft.py", line 176, in test_grad_rfft
    utt.verify_grad(f_irfft, [inputs_val], eps=eps)
  File "C:\ProgramData\Anaconda3\envs\keras\lib\site-packages\theano\tests\unittest_tools.py", line 92, in verify_grad
    T.verify_grad(op, pt, n_tests, rng, *args, **kwargs)
  File "C:\ProgramData\Anaconda3\envs\keras\lib\site-packages\theano\gradient.py", line 1728, in verify_grad
    o_output = fun(*tensor_pt)
  File "C:\Users\mutation\Desktop\theano-testcase\tests\test_fft.py", line 174, in f_irfft
    return fft.irfft(inp)
  File "C:\ProgramData\Anaconda3\envs\keras\lib\unittest\suite.py", line 84, in __call__
    return self.run(*args, **kwds)
  File "C:\ProgramData\Anaconda3\envs\keras\lib\unittest\suite.py", line 122, in run
    test(result)
  File "C:\ProgramData\Anaconda3\envs\keras\lib\unittest\case.py", line 653, in __call__
    return self.run(*args, **kwds)
  File "C:\ProgramData\Anaconda3\envs\keras\lib\unittest\case.py", line 605, in run
    testMethod()
  File "C:\Users\mutation\Desktop\theano-testcase\tests\test_fft.py", line 176, in test_grad_rfft
    utt.verify_grad(f_irfft, [inputs_val], eps=eps)
  File "C:\ProgramData\Anaconda3\envs\keras\lib\site-packages\theano\tests\unittest_tools.py", line 92, in verify_grad
    T.verify_grad(op, pt, n_tests, rng, *args, **kwargs)
  File "C:\ProgramData\Anaconda3\envs\keras\lib\site-packages\theano\gradient.py", line 1728, in verify_grad
    o_output = fun(*tensor_pt)
  File "C:\Users\mutation\Desktop\theano-testcase\tests\test_fft.py", line 174, in f_irfft
    return fft.irfft(inp)

HINT: Use the Theano flag 'exception_verbosity=high' for a debugprint and storage map footprint of this apply node.

======================================================================
ERROR: test_irfft (test_fft.TestFFT)
----------------------------------------------------------------------
Traceback (most recent call last):
  File "C:\ProgramData\Anaconda3\envs\keras\lib\site-packages\theano\compile\function_module.py", line 903, in __call__
    self.fn() if output_subset is None else\
IndexError: index out of bounds

During handling of the above exception, another exception occurred:

Traceback (most recent call last):
  File "C:\Users\mutation\Desktop\theano-testcase\tests\test_fft.py", line 90, in test_irfft
    res_irfft = f_irfft(res_fft)
  File "C:\ProgramData\Anaconda3\envs\keras\lib\site-packages\theano\compile\function_module.py", line 917, in __call__
    storage_map=getattr(self.fn, 'storage_map', None))
  File "C:\ProgramData\Anaconda3\envs\keras\lib\site-packages\theano\gof\link.py", line 325, in raise_with_op
    reraise(exc_type, exc_value, exc_trace)
  File "C:\ProgramData\Anaconda3\envs\keras\lib\site-packages\six.py", line 702, in reraise
    raise value.with_traceback(tb)
  File "C:\ProgramData\Anaconda3\envs\keras\lib\site-packages\theano\compile\function_module.py", line 903, in __call__
    self.fn() if output_subset is None else\
IndexError: index out of bounds
Apply node that caused the error: Subtensor{int64}(MakeVector{dtype='int64'}.0, Constant{-5})
Toposort index: 5
Inputs types: [TensorType(int64, vector), Scalar(int64)]
Inputs shapes: [(4,), ()]
Inputs strides: [(8,), ()]
Inputs values: [array([ 1, 16,  9,  2], dtype=int64), -5]
Outputs clients: [[Elemwise{Composite{(i0 * (i1 + i2))}}[(0, 2)](TensorConstant{2}, TensorConstant{-1}, Subtensor{int64}.0)]]

Backtrace when the node is created(use Theano flag traceback.limit=N to make it longer):
  File "C:\ProgramData\Anaconda3\envs\keras\lib\unittest\suite.py", line 122, in run
    test(result)
  File "C:\ProgramData\Anaconda3\envs\keras\lib\unittest\suite.py", line 84, in __call__
    return self.run(*args, **kwds)
  File "C:\ProgramData\Anaconda3\envs\keras\lib\unittest\suite.py", line 122, in run
    test(result)
  File "C:\ProgramData\Anaconda3\envs\keras\lib\unittest\suite.py", line 84, in __call__
    return self.run(*args, **kwds)
  File "C:\ProgramData\Anaconda3\envs\keras\lib\unittest\suite.py", line 122, in run
    test(result)
  File "C:\ProgramData\Anaconda3\envs\keras\lib\unittest\case.py", line 653, in __call__
    return self.run(*args, **kwds)
  File "C:\ProgramData\Anaconda3\envs\keras\lib\unittest\case.py", line 605, in run
    testMethod()
  File "C:\Users\mutation\Desktop\theano-testcase\tests\test_fft.py", line 88, in test_irfft
    irfft = fft.irfft(m)
  File "C:\ProgramData\Anaconda3\envs\keras\lib\unittest\suite.py", line 122, in run
    test(result)
  File "C:\ProgramData\Anaconda3\envs\keras\lib\unittest\suite.py", line 84, in __call__
    return self.run(*args, **kwds)
  File "C:\ProgramData\Anaconda3\envs\keras\lib\unittest\suite.py", line 122, in run
    test(result)
  File "C:\ProgramData\Anaconda3\envs\keras\lib\unittest\suite.py", line 84, in __call__
    return self.run(*args, **kwds)
  File "C:\ProgramData\Anaconda3\envs\keras\lib\unittest\suite.py", line 122, in run
    test(result)
  File "C:\ProgramData\Anaconda3\envs\keras\lib\unittest\case.py", line 653, in __call__
    return self.run(*args, **kwds)
  File "C:\ProgramData\Anaconda3\envs\keras\lib\unittest\case.py", line 605, in run
    testMethod()
  File "C:\Users\mutation\Desktop\theano-testcase\tests\test_fft.py", line 88, in test_irfft
    irfft = fft.irfft(m)

HINT: Use the Theano flag 'exception_verbosity=high' for a debugprint and storage map footprint of this apply node.

======================================================================
ERROR: test_norm_rfft (test_fft.TestFFT)
----------------------------------------------------------------------
Traceback (most recent call last):
  File "C:\ProgramData\Anaconda3\envs\keras\lib\site-packages\theano\compile\function_module.py", line 903, in __call__
    self.fn() if output_subset is None else\
IndexError: index out of bounds

During handling of the above exception, another exception occurred:

Traceback (most recent call last):
  File "C:\Users\mutation\Desktop\theano-testcase\tests\test_fft.py", line 138, in test_norm_rfft
    res_irfft = f_irfft()
  File "C:\ProgramData\Anaconda3\envs\keras\lib\site-packages\theano\compile\function_module.py", line 917, in __call__
    storage_map=getattr(self.fn, 'storage_map', None))
  File "C:\ProgramData\Anaconda3\envs\keras\lib\site-packages\theano\gof\link.py", line 325, in raise_with_op
    reraise(exc_type, exc_value, exc_trace)
  File "C:\ProgramData\Anaconda3\envs\keras\lib\site-packages\six.py", line 702, in reraise
    raise value.with_traceback(tb)
  File "C:\ProgramData\Anaconda3\envs\keras\lib\site-packages\theano\compile\function_module.py", line 903, in __call__
    self.fn() if output_subset is None else\
IndexError: index out of bounds
Apply node that caused the error: Subtensor{int64}(MakeVector{dtype='int64'}.0, Constant{-5})
Toposort index: 5
Inputs types: [TensorType(int64, vector), Scalar(int64)]
Inputs shapes: [(4,), ()]
Inputs strides: [(8,), ()]
Inputs values: [array([ 1, 16,  9,  2], dtype=int64), -5]
Outputs clients: [[Elemwise{Composite{(i0 * (i1 + i2))}}[(0, 2)](TensorConstant{2}, TensorConstant{-1}, Subtensor{int64}.0)]]

Backtrace when the node is created(use Theano flag traceback.limit=N to make it longer):
  File "C:\ProgramData\Anaconda3\envs\keras\lib\unittest\suite.py", line 122, in run
    test(result)
  File "C:\ProgramData\Anaconda3\envs\keras\lib\unittest\suite.py", line 84, in __call__
    return self.run(*args, **kwds)
  File "C:\ProgramData\Anaconda3\envs\keras\lib\unittest\suite.py", line 122, in run
    test(result)
  File "C:\ProgramData\Anaconda3\envs\keras\lib\unittest\suite.py", line 84, in __call__
    return self.run(*args, **kwds)
  File "C:\ProgramData\Anaconda3\envs\keras\lib\unittest\suite.py", line 122, in run
    test(result)
  File "C:\ProgramData\Anaconda3\envs\keras\lib\unittest\case.py", line 653, in __call__
    return self.run(*args, **kwds)
  File "C:\ProgramData\Anaconda3\envs\keras\lib\unittest\case.py", line 605, in run
    testMethod()
  File "C:\Users\mutation\Desktop\theano-testcase\tests\test_fft.py", line 136, in test_norm_rfft
    irfft = fft.irfft(inputs, norm='ortho')
  File "C:\ProgramData\Anaconda3\envs\keras\lib\unittest\suite.py", line 122, in run
    test(result)
  File "C:\ProgramData\Anaconda3\envs\keras\lib\unittest\suite.py", line 84, in __call__
    return self.run(*args, **kwds)
  File "C:\ProgramData\Anaconda3\envs\keras\lib\unittest\suite.py", line 122, in run
    test(result)
  File "C:\ProgramData\Anaconda3\envs\keras\lib\unittest\suite.py", line 84, in __call__
    return self.run(*args, **kwds)
  File "C:\ProgramData\Anaconda3\envs\keras\lib\unittest\suite.py", line 122, in run
    test(result)
  File "C:\ProgramData\Anaconda3\envs\keras\lib\unittest\case.py", line 653, in __call__
    return self.run(*args, **kwds)
  File "C:\ProgramData\Anaconda3\envs\keras\lib\unittest\case.py", line 605, in run
    testMethod()
  File "C:\Users\mutation\Desktop\theano-testcase\tests\test_fft.py", line 136, in test_norm_rfft
    irfft = fft.irfft(inputs, norm='ortho')

HINT: Use the Theano flag 'exception_verbosity=high' for a debugprint and storage map footprint of this apply node.

======================================================================
ERROR: test_rfft_float (test_fft.TestFFT)
----------------------------------------------------------------------
Traceback (most recent call last):
  File "C:\ProgramData\Anaconda3\envs\keras\lib\site-packages\theano\compile\function_module.py", line 903, in __call__
    self.fn() if output_subset is None else\
IndexError: index out of bounds

During handling of the above exception, another exception occurred:

Traceback (most recent call last):
  File "C:\Users\mutation\Desktop\theano-testcase\tests\test_fft.py", line 27, in test_rfft_float
    utt.verify_grad(f_irfft, [inputs_val], eps=eps)
  File "C:\ProgramData\Anaconda3\envs\keras\lib\site-packages\theano\tests\unittest_tools.py", line 92, in verify_grad
    T.verify_grad(op, pt, n_tests, rng, *args, **kwargs)
  File "C:\ProgramData\Anaconda3\envs\keras\lib\site-packages\theano\gradient.py", line 1738, in verify_grad
    o_fn_out = o_fn(*[p.copy() for p in pt])
  File "C:\ProgramData\Anaconda3\envs\keras\lib\site-packages\theano\compile\function_module.py", line 917, in __call__
    storage_map=getattr(self.fn, 'storage_map', None))
  File "C:\ProgramData\Anaconda3\envs\keras\lib\site-packages\theano\gof\link.py", line 325, in raise_with_op
    reraise(exc_type, exc_value, exc_trace)
  File "C:\ProgramData\Anaconda3\envs\keras\lib\site-packages\six.py", line 702, in reraise
    raise value.with_traceback(tb)
  File "C:\ProgramData\Anaconda3\envs\keras\lib\site-packages\theano\compile\function_module.py", line 903, in __call__
    self.fn() if output_subset is None else\
IndexError: index out of bounds
Apply node that caused the error: Subtensor{int64}(MakeVector{dtype='int64'}.0, Constant{-4})
Toposort index: 3
Inputs types: [TensorType(int64, vector), Scalar(int64)]
Inputs shapes: [(3,), ()]
Inputs strides: [(8,), ()]
Inputs values: [array([1, 9, 2], dtype=int64), -4]
Outputs clients: [[Elemwise{Composite{(i0 * (i1 + i2))}}[(0, 2)](TensorConstant{2}, TensorConstant{-1}, Subtensor{int64}.0)]]

Backtrace when the node is created(use Theano flag traceback.limit=N to make it longer):
  File "C:\ProgramData\Anaconda3\envs\keras\lib\unittest\suite.py", line 84, in __call__
    return self.run(*args, **kwds)
  File "C:\ProgramData\Anaconda3\envs\keras\lib\unittest\suite.py", line 122, in run
    test(result)
  File "C:\ProgramData\Anaconda3\envs\keras\lib\unittest\case.py", line 653, in __call__
    return self.run(*args, **kwds)
  File "C:\ProgramData\Anaconda3\envs\keras\lib\unittest\case.py", line 605, in run
    testMethod()
  File "C:\Users\mutation\Desktop\theano-testcase\tests\test_fft.py", line 27, in test_rfft_float
    utt.verify_grad(f_irfft, [inputs_val], eps=eps)
  File "C:\ProgramData\Anaconda3\envs\keras\lib\site-packages\theano\tests\unittest_tools.py", line 92, in verify_grad
    T.verify_grad(op, pt, n_tests, rng, *args, **kwargs)
  File "C:\ProgramData\Anaconda3\envs\keras\lib\site-packages\theano\gradient.py", line 1728, in verify_grad
    o_output = fun(*tensor_pt)
  File "C:\Users\mutation\Desktop\theano-testcase\tests\test_fft.py", line 25, in f_irfft
    return fft.irfft(inp)
  File "C:\ProgramData\Anaconda3\envs\keras\lib\unittest\suite.py", line 84, in __call__
    return self.run(*args, **kwds)
  File "C:\ProgramData\Anaconda3\envs\keras\lib\unittest\suite.py", line 122, in run
    test(result)
  File "C:\ProgramData\Anaconda3\envs\keras\lib\unittest\case.py", line 653, in __call__
    return self.run(*args, **kwds)
  File "C:\ProgramData\Anaconda3\envs\keras\lib\unittest\case.py", line 605, in run
    testMethod()
  File "C:\Users\mutation\Desktop\theano-testcase\tests\test_fft.py", line 27, in test_rfft_float
    utt.verify_grad(f_irfft, [inputs_val], eps=eps)
  File "C:\ProgramData\Anaconda3\envs\keras\lib\site-packages\theano\tests\unittest_tools.py", line 92, in verify_grad
    T.verify_grad(op, pt, n_tests, rng, *args, **kwargs)
  File "C:\ProgramData\Anaconda3\envs\keras\lib\site-packages\theano\gradient.py", line 1728, in verify_grad
    o_output = fun(*tensor_pt)
  File "C:\Users\mutation\Desktop\theano-testcase\tests\test_fft.py", line 25, in f_irfft
    return fft.irfft(inp)

HINT: Use the Theano flag 'exception_verbosity=high' for a debugprint and storage map footprint of this apply node.

----------------------------------------------------------------------
Ran 7 tests in 4.847s

FAILED (errors=5)
3
