EEEEE.E
======================================================================
ERROR: test_1Drfft (test_fft.TestFFT)
----------------------------------------------------------------------
Traceback (most recent call last):
  File "C:\Users\mutation\Desktop\theano-testcase\tests\test_fft.py", line 45, in test_1Drfft
    irfft = fft.irfft(m)
  File "C:\ProgramData\Anaconda3\envs\keras\lib\site-packages\theano\tensor\fft.py", line 189, in irfft
    s = T.set_subtensor(s[-1], (s[-1] - 1) * 2)
TypeError: 'NoneType' object is not subscriptable

======================================================================
ERROR: test_grad_rfft (test_fft.TestFFT)
----------------------------------------------------------------------
Traceback (most recent call last):
  File "C:\Users\mutation\Desktop\theano-testcase\tests\test_fft.py", line 176, in test_grad_rfft
    utt.verify_grad(f_irfft, [inputs_val], eps=eps)
  File "C:\ProgramData\Anaconda3\envs\keras\lib\site-packages\theano\tests\unittest_tools.py", line 92, in verify_grad
    T.verify_grad(op, pt, n_tests, rng, *args, **kwargs)
  File "C:\ProgramData\Anaconda3\envs\keras\lib\site-packages\theano\gradient.py", line 1728, in verify_grad
    o_output = fun(*tensor_pt)
  File "C:\Users\mutation\Desktop\theano-testcase\tests\test_fft.py", line 174, in f_irfft
    return fft.irfft(inp)
  File "C:\ProgramData\Anaconda3\envs\keras\lib\site-packages\theano\tensor\fft.py", line 189, in irfft
    s = T.set_subtensor(s[-1], (s[-1] - 1) * 2)
TypeError: 'NoneType' object is not subscriptable

======================================================================
ERROR: test_irfft (test_fft.TestFFT)
----------------------------------------------------------------------
Traceback (most recent call last):
  File "C:\Users\mutation\Desktop\theano-testcase\tests\test_fft.py", line 88, in test_irfft
    irfft = fft.irfft(m)
  File "C:\ProgramData\Anaconda3\envs\keras\lib\site-packages\theano\tensor\fft.py", line 189, in irfft
    s = T.set_subtensor(s[-1], (s[-1] - 1) * 2)
TypeError: 'NoneType' object is not subscriptable

======================================================================
ERROR: test_norm_rfft (test_fft.TestFFT)
----------------------------------------------------------------------
Traceback (most recent call last):
  File "C:\Users\mutation\Desktop\theano-testcase\tests\test_fft.py", line 136, in test_norm_rfft
    irfft = fft.irfft(inputs, norm='ortho')
  File "C:\ProgramData\Anaconda3\envs\keras\lib\site-packages\theano\tensor\fft.py", line 189, in irfft
    s = T.set_subtensor(s[-1], (s[-1] - 1) * 2)
TypeError: 'NoneType' object is not subscriptable

======================================================================
ERROR: test_params (test_fft.TestFFT)
----------------------------------------------------------------------
Traceback (most recent call last):
  File "C:\Users\mutation\Desktop\theano-testcase\tests\test_fft.py", line 160, in test_params
    self.assertRaises(ValueError, fft.irfft, inputs, norm=123)
  File "C:\ProgramData\Anaconda3\envs\keras\lib\unittest\case.py", line 733, in assertRaises
    return context.handle('assertRaises', args, kwargs)
  File "C:\ProgramData\Anaconda3\envs\keras\lib\unittest\case.py", line 178, in handle
    callable_obj(*args, **kwargs)
  File "C:\ProgramData\Anaconda3\envs\keras\lib\site-packages\theano\tensor\fft.py", line 189, in irfft
    s = T.set_subtensor(s[-1], (s[-1] - 1) * 2)
TypeError: 'NoneType' object is not subscriptable

======================================================================
ERROR: test_rfft_float (test_fft.TestFFT)
----------------------------------------------------------------------
Traceback (most recent call last):
  File "C:\Users\mutation\Desktop\theano-testcase\tests\test_fft.py", line 27, in test_rfft_float
    utt.verify_grad(f_irfft, [inputs_val], eps=eps)
  File "C:\ProgramData\Anaconda3\envs\keras\lib\site-packages\theano\tests\unittest_tools.py", line 92, in verify_grad
    T.verify_grad(op, pt, n_tests, rng, *args, **kwargs)
  File "C:\ProgramData\Anaconda3\envs\keras\lib\site-packages\theano\gradient.py", line 1728, in verify_grad
    o_output = fun(*tensor_pt)
  File "C:\Users\mutation\Desktop\theano-testcase\tests\test_fft.py", line 25, in f_irfft
    return fft.irfft(inp)
  File "C:\ProgramData\Anaconda3\envs\keras\lib\site-packages\theano\tensor\fft.py", line 189, in irfft
    s = T.set_subtensor(s[-1], (s[-1] - 1) * 2)
TypeError: 'NoneType' object is not subscriptable

----------------------------------------------------------------------
Ran 7 tests in 3.890s

FAILED (errors=6)
3
