2020-10-06 16:33:27.232363: I tensorflow/stream_executor/platform/default/dso_loader.cc:44] Successfully opened dynamic library cudart64_100.dll
Running tests under Python 3.6.12: C:\ProgramData\Anaconda3\envs\keras\python.exe
[ RUN      ] ControlFlowTest.test_for_composite_state_initialized_in_loop
[  FAILED  ] ControlFlowTest.test_for_composite_state_initialized_in_loop
[ RUN      ] ControlFlowTest.test_for_iterated_expression
[  FAILED  ] ControlFlowTest.test_for_iterated_expression
[ RUN      ] ControlFlowTest.test_for_single_output
[  FAILED  ] ControlFlowTest.test_for_single_output
[ RUN      ] ControlFlowTest.test_for_tuple_unpacking
[  FAILED  ] ControlFlowTest.test_for_tuple_unpacking
[ RUN      ] ControlFlowTest.test_for_with_comprehension_in_body
[  FAILED  ] ControlFlowTest.test_for_with_comprehension_in_body
[ RUN      ] ControlFlowTest.test_if_basic
[  FAILED  ] ControlFlowTest.test_if_basic
[ RUN      ] ControlFlowTest.test_if_complex_outputs
[  FAILED  ] ControlFlowTest.test_if_complex_outputs
[ RUN      ] ControlFlowTest.test_if_local_var
[  FAILED  ] ControlFlowTest.test_if_local_var
[ RUN      ] ControlFlowTest.test_if_no_outputs
[  FAILED  ] ControlFlowTest.test_if_no_outputs
[ RUN      ] ControlFlowTest.test_if_semi
[  FAILED  ] ControlFlowTest.test_if_semi
[ RUN      ] ControlFlowTest.test_if_single_output
[  FAILED  ] ControlFlowTest.test_if_single_output
[ RUN      ] ControlFlowTest.test_if_sparse_tensor
[  FAILED  ] ControlFlowTest.test_if_sparse_tensor
[ RUN      ] ControlFlowTest.test_if_unbalanced_composite
[  FAILED  ] ControlFlowTest.test_if_unbalanced_composite
[ RUN      ] ControlFlowTest.test_if_unbalanced_multiple_composites
[  FAILED  ] ControlFlowTest.test_if_unbalanced_multiple_composites
[ RUN      ] ControlFlowTest.test_session
[  SKIPPED ] ControlFlowTest.test_session
[ RUN      ] ControlFlowTest.test_simple_for
[  FAILED  ] ControlFlowTest.test_simple_for
[ RUN      ] ControlFlowTest.test_while_basic
[  FAILED  ] ControlFlowTest.test_while_basic
[ RUN      ] ControlFlowTest.test_while_composite_state
[  FAILED  ] ControlFlowTest.test_while_composite_state
[ RUN      ] ControlFlowTest.test_while_composite_state_initialized_in_loop
[  FAILED  ] ControlFlowTest.test_while_composite_state_initialized_in_loop
[ RUN      ] ControlFlowTest.test_while_dispatches_by_cond_only
[  FAILED  ] ControlFlowTest.test_while_dispatches_by_cond_only
[ RUN      ] ControlFlowTest.test_while_local_composite
[  FAILED  ] ControlFlowTest.test_while_local_composite
[ RUN      ] ControlFlowTest.test_while_local_composite_complex_illegal
[  FAILED  ] ControlFlowTest.test_while_local_composite_complex_illegal
[ RUN      ] ControlFlowTest.test_while_local_composite_complex_nestable
[  FAILED  ] ControlFlowTest.test_while_local_composite_complex_nestable
[ RUN      ] ControlFlowTest.test_while_nested
[  FAILED  ] ControlFlowTest.test_while_nested
[ RUN      ] ControlFlowTest.test_while_nested_composite_state
[  FAILED  ] ControlFlowTest.test_while_nested_composite_state
[ RUN      ] ControlFlowTest.test_while_single_output
[  FAILED  ] ControlFlowTest.test_while_single_output
======================================================================
ERROR: test_for_composite_state_initialized_in_loop (__main__.ControlFlowTest)
ControlFlowTest.test_for_composite_state_initialized_in_loop
----------------------------------------------------------------------
Traceback (most recent call last):
  File "C:\ProgramData\Anaconda3\envs\keras\lib\site-packages\tensorflow_core\python\autograph\core\converter_testing.py", line 69, in compiled
    node, include_source_map=True)
  File "C:\ProgramData\Anaconda3\envs\keras\lib\site-packages\tensorflow_core\python\autograph\pyct\compiler.py", line 134, in ast_to_object
    source = ast_to_source(nodes, indentation=indentation)
  File "C:\ProgramData\Anaconda3\envs\keras\lib\site-packages\tensorflow_core\python\autograph\pyct\compiler.py", line 61, in ast_to_source
    generator.visit(n)
  File "C:\ProgramData\Anaconda3\envs\keras\lib\site-packages\astor\node_util.py", line 143, in visit
    return visitor(node)
  File "C:\ProgramData\Anaconda3\envs\keras\lib\site-packages\astor\node_util.py", line 137, in abort_visit
    raise AttributeError(msg % node.__class__.__name__)
AttributeError: No defined handler for node of type NoneType

During handling of the above exception, another exception occurred:

Traceback (most recent call last):
  File "control_flow_test.py", line 860, in test_for_composite_state_initialized_in_loop
    symbols={'TestClass': TestClass})
  File "control_flow_test.py", line 58, in assertTransformedResult
    (constant_op.constant,)) as result:
  File "C:\ProgramData\Anaconda3\envs\keras\lib\contextlib.py", line 81, in __enter__
    return next(self.gen)
  File "C:\ProgramData\Anaconda3\envs\keras\lib\site-packages\tensorflow_core\python\autograph\core\converter_testing.py", line 105, in converted
    with self.compiled(node, namespace, tf_symbols) as result:
  File "C:\ProgramData\Anaconda3\envs\keras\lib\contextlib.py", line 81, in __enter__
    return next(self.gen)
  File "C:\ProgramData\Anaconda3\envs\keras\lib\site-packages\tensorflow_core\python\autograph\core\converter_testing.py", line 89, in compiled
    print('Offending AST:\n%s' % pretty_printer.fmt(node, color=False))
  File "C:\ProgramData\Anaconda3\envs\keras\lib\site-packages\tensorflow_core\python\autograph\pyct\pretty_printer.py", line 135, in fmt
    printer.visit(node)
  File "C:\ProgramData\Anaconda3\envs\keras\lib\ast.py", line 253, in visit
    return visitor(node)
  File "C:\ProgramData\Anaconda3\envs\keras\lib\site-packages\tensorflow_core\python\autograph\pyct\pretty_printer.py", line 70, in generic_visit
    if node._fields:
AttributeError: 'NoneType' object has no attribute '_fields'

======================================================================
ERROR: test_for_iterated_expression (__main__.ControlFlowTest)
ControlFlowTest.test_for_iterated_expression
----------------------------------------------------------------------
Traceback (most recent call last):
  File "C:\ProgramData\Anaconda3\envs\keras\lib\site-packages\tensorflow_core\python\autograph\core\converter_testing.py", line 69, in compiled
    node, include_source_map=True)
  File "C:\ProgramData\Anaconda3\envs\keras\lib\site-packages\tensorflow_core\python\autograph\pyct\compiler.py", line 134, in ast_to_object
    source = ast_to_source(nodes, indentation=indentation)
  File "C:\ProgramData\Anaconda3\envs\keras\lib\site-packages\tensorflow_core\python\autograph\pyct\compiler.py", line 61, in ast_to_source
    generator.visit(n)
  File "C:\ProgramData\Anaconda3\envs\keras\lib\site-packages\astor\node_util.py", line 143, in visit
    return visitor(node)
  File "C:\ProgramData\Anaconda3\envs\keras\lib\site-packages\astor\node_util.py", line 137, in abort_visit
    raise AttributeError(msg % node.__class__.__name__)
AttributeError: No defined handler for node of type NoneType

During handling of the above exception, another exception occurred:

Traceback (most recent call last):
  File "control_flow_test.py", line 818, in test_for_iterated_expression
    with self.compiled(node, ns) as result:
  File "C:\ProgramData\Anaconda3\envs\keras\lib\contextlib.py", line 81, in __enter__
    return next(self.gen)
  File "C:\ProgramData\Anaconda3\envs\keras\lib\site-packages\tensorflow_core\python\autograph\core\converter_testing.py", line 89, in compiled
    print('Offending AST:\n%s' % pretty_printer.fmt(node, color=False))
  File "C:\ProgramData\Anaconda3\envs\keras\lib\site-packages\tensorflow_core\python\autograph\pyct\pretty_printer.py", line 135, in fmt
    printer.visit(node)
  File "C:\ProgramData\Anaconda3\envs\keras\lib\ast.py", line 253, in visit
    return visitor(node)
  File "C:\ProgramData\Anaconda3\envs\keras\lib\site-packages\tensorflow_core\python\autograph\pyct\pretty_printer.py", line 70, in generic_visit
    if node._fields:
AttributeError: 'NoneType' object has no attribute '_fields'

======================================================================
ERROR: test_for_single_output (__main__.ControlFlowTest)
ControlFlowTest.test_for_single_output
----------------------------------------------------------------------
Traceback (most recent call last):
  File "C:\ProgramData\Anaconda3\envs\keras\lib\site-packages\tensorflow_core\python\autograph\core\converter_testing.py", line 69, in compiled
    node, include_source_map=True)
  File "C:\ProgramData\Anaconda3\envs\keras\lib\site-packages\tensorflow_core\python\autograph\pyct\compiler.py", line 134, in ast_to_object
    source = ast_to_source(nodes, indentation=indentation)
  File "C:\ProgramData\Anaconda3\envs\keras\lib\site-packages\tensorflow_core\python\autograph\pyct\compiler.py", line 61, in ast_to_source
    generator.visit(n)
  File "C:\ProgramData\Anaconda3\envs\keras\lib\site-packages\astor\node_util.py", line 143, in visit
    return visitor(node)
  File "C:\ProgramData\Anaconda3\envs\keras\lib\site-packages\astor\node_util.py", line 137, in abort_visit
    raise AttributeError(msg % node.__class__.__name__)
AttributeError: No defined handler for node of type NoneType

During handling of the above exception, another exception occurred:

Traceback (most recent call last):
  File "C:\ProgramData\Anaconda3\envs\keras\lib\site-packages\tensorflow_core\python\framework\test_util.py", line 1216, in decorated
    return f(self, *args, **kwargs)
  File "control_flow_test.py", line 774, in test_for_single_output
    self.assertTransformedResult(test_fn, constant_op.constant([1, 3]), 4)
  File "control_flow_test.py", line 58, in assertTransformedResult
    (constant_op.constant,)) as result:
  File "C:\ProgramData\Anaconda3\envs\keras\lib\contextlib.py", line 81, in __enter__
    return next(self.gen)
  File "C:\ProgramData\Anaconda3\envs\keras\lib\site-packages\tensorflow_core\python\autograph\core\converter_testing.py", line 105, in converted
    with self.compiled(node, namespace, tf_symbols) as result:
  File "C:\ProgramData\Anaconda3\envs\keras\lib\contextlib.py", line 81, in __enter__
    return next(self.gen)
  File "C:\ProgramData\Anaconda3\envs\keras\lib\site-packages\tensorflow_core\python\autograph\core\converter_testing.py", line 89, in compiled
    print('Offending AST:\n%s' % pretty_printer.fmt(node, color=False))
  File "C:\ProgramData\Anaconda3\envs\keras\lib\site-packages\tensorflow_core\python\autograph\pyct\pretty_printer.py", line 135, in fmt
    printer.visit(node)
  File "C:\ProgramData\Anaconda3\envs\keras\lib\ast.py", line 253, in visit
    return visitor(node)
  File "C:\ProgramData\Anaconda3\envs\keras\lib\site-packages\tensorflow_core\python\autograph\pyct\pretty_printer.py", line 70, in generic_visit
    if node._fields:
AttributeError: 'NoneType' object has no attribute '_fields'

======================================================================
ERROR: test_for_tuple_unpacking (__main__.ControlFlowTest)
ControlFlowTest.test_for_tuple_unpacking
----------------------------------------------------------------------
Traceback (most recent call last):
  File "C:\ProgramData\Anaconda3\envs\keras\lib\site-packages\tensorflow_core\python\autograph\core\converter_testing.py", line 69, in compiled
    node, include_source_map=True)
  File "C:\ProgramData\Anaconda3\envs\keras\lib\site-packages\tensorflow_core\python\autograph\pyct\compiler.py", line 134, in ast_to_object
    source = ast_to_source(nodes, indentation=indentation)
  File "C:\ProgramData\Anaconda3\envs\keras\lib\site-packages\tensorflow_core\python\autograph\pyct\compiler.py", line 61, in ast_to_source
    generator.visit(n)
  File "C:\ProgramData\Anaconda3\envs\keras\lib\site-packages\astor\node_util.py", line 143, in visit
    return visitor(node)
  File "C:\ProgramData\Anaconda3\envs\keras\lib\site-packages\astor\node_util.py", line 137, in abort_visit
    raise AttributeError(msg % node.__class__.__name__)
AttributeError: No defined handler for node of type NoneType

During handling of the above exception, another exception occurred:

Traceback (most recent call last):
  File "C:\ProgramData\Anaconda3\envs\keras\lib\site-packages\tensorflow_core\python\framework\test_util.py", line 1216, in decorated
    return f(self, *args, **kwargs)
  File "control_flow_test.py", line 894, in test_for_tuple_unpacking
    self.assertTransformedResult(test_fn, [3, 3], 7)
  File "control_flow_test.py", line 58, in assertTransformedResult
    (constant_op.constant,)) as result:
  File "C:\ProgramData\Anaconda3\envs\keras\lib\contextlib.py", line 81, in __enter__
    return next(self.gen)
  File "C:\ProgramData\Anaconda3\envs\keras\lib\site-packages\tensorflow_core\python\autograph\core\converter_testing.py", line 105, in converted
    with self.compiled(node, namespace, tf_symbols) as result:
  File "C:\ProgramData\Anaconda3\envs\keras\lib\contextlib.py", line 81, in __enter__
    return next(self.gen)
  File "C:\ProgramData\Anaconda3\envs\keras\lib\site-packages\tensorflow_core\python\autograph\core\converter_testing.py", line 89, in compiled
    print('Offending AST:\n%s' % pretty_printer.fmt(node, color=False))
  File "C:\ProgramData\Anaconda3\envs\keras\lib\site-packages\tensorflow_core\python\autograph\pyct\pretty_printer.py", line 135, in fmt
    printer.visit(node)
  File "C:\ProgramData\Anaconda3\envs\keras\lib\ast.py", line 253, in visit
    return visitor(node)
  File "C:\ProgramData\Anaconda3\envs\keras\lib\site-packages\tensorflow_core\python\autograph\pyct\pretty_printer.py", line 70, in generic_visit
    if node._fields:
AttributeError: 'NoneType' object has no attribute '_fields'

======================================================================
ERROR: test_for_with_comprehension_in_body (__main__.ControlFlowTest)
ControlFlowTest.test_for_with_comprehension_in_body
----------------------------------------------------------------------
Traceback (most recent call last):
  File "C:\ProgramData\Anaconda3\envs\keras\lib\site-packages\tensorflow_core\python\autograph\core\converter_testing.py", line 69, in compiled
    node, include_source_map=True)
  File "C:\ProgramData\Anaconda3\envs\keras\lib\site-packages\tensorflow_core\python\autograph\pyct\compiler.py", line 134, in ast_to_object
    source = ast_to_source(nodes, indentation=indentation)
  File "C:\ProgramData\Anaconda3\envs\keras\lib\site-packages\tensorflow_core\python\autograph\pyct\compiler.py", line 61, in ast_to_source
    generator.visit(n)
  File "C:\ProgramData\Anaconda3\envs\keras\lib\site-packages\astor\node_util.py", line 143, in visit
    return visitor(node)
  File "C:\ProgramData\Anaconda3\envs\keras\lib\site-packages\astor\node_util.py", line 137, in abort_visit
    raise AttributeError(msg % node.__class__.__name__)
AttributeError: No defined handler for node of type NoneType

During handling of the above exception, another exception occurred:

Traceback (most recent call last):
  File "control_flow_test.py", line 920, in test_for_with_comprehension_in_body
    symbols={'constant_op': constant_op})
  File "control_flow_test.py", line 58, in assertTransformedResult
    (constant_op.constant,)) as result:
  File "C:\ProgramData\Anaconda3\envs\keras\lib\contextlib.py", line 81, in __enter__
    return next(self.gen)
  File "C:\ProgramData\Anaconda3\envs\keras\lib\site-packages\tensorflow_core\python\autograph\core\converter_testing.py", line 105, in converted
    with self.compiled(node, namespace, tf_symbols) as result:
  File "C:\ProgramData\Anaconda3\envs\keras\lib\contextlib.py", line 81, in __enter__
    return next(self.gen)
  File "C:\ProgramData\Anaconda3\envs\keras\lib\site-packages\tensorflow_core\python\autograph\core\converter_testing.py", line 89, in compiled
    print('Offending AST:\n%s' % pretty_printer.fmt(node, color=False))
  File "C:\ProgramData\Anaconda3\envs\keras\lib\site-packages\tensorflow_core\python\autograph\pyct\pretty_printer.py", line 135, in fmt
    printer.visit(node)
  File "C:\ProgramData\Anaconda3\envs\keras\lib\ast.py", line 253, in visit
    return visitor(node)
  File "C:\ProgramData\Anaconda3\envs\keras\lib\site-packages\tensorflow_core\python\autograph\pyct\pretty_printer.py", line 70, in generic_visit
    if node._fields:
AttributeError: 'NoneType' object has no attribute '_fields'

======================================================================
ERROR: test_if_basic (__main__.ControlFlowTest)
ControlFlowTest.test_if_basic
----------------------------------------------------------------------
Traceback (most recent call last):
  File "C:\ProgramData\Anaconda3\envs\keras\lib\site-packages\tensorflow_core\python\autograph\core\converter_testing.py", line 69, in compiled
    node, include_source_map=True)
  File "C:\ProgramData\Anaconda3\envs\keras\lib\site-packages\tensorflow_core\python\autograph\pyct\compiler.py", line 134, in ast_to_object
    source = ast_to_source(nodes, indentation=indentation)
  File "C:\ProgramData\Anaconda3\envs\keras\lib\site-packages\tensorflow_core\python\autograph\pyct\compiler.py", line 61, in ast_to_source
    generator.visit(n)
  File "C:\ProgramData\Anaconda3\envs\keras\lib\site-packages\astor\node_util.py", line 143, in visit
    return visitor(node)
  File "C:\ProgramData\Anaconda3\envs\keras\lib\site-packages\astor\node_util.py", line 137, in abort_visit
    raise AttributeError(msg % node.__class__.__name__)
AttributeError: No defined handler for node of type NoneType

During handling of the above exception, another exception occurred:

Traceback (most recent call last):
  File "C:\ProgramData\Anaconda3\envs\keras\lib\site-packages\tensorflow_core\python\framework\test_util.py", line 1216, in decorated
    return f(self, *args, **kwargs)
  File "control_flow_test.py", line 464, in test_if_basic
    self.assertTransformedResult(test_fn, constant_op.constant(1), (-1, 0))
  File "control_flow_test.py", line 58, in assertTransformedResult
    (constant_op.constant,)) as result:
  File "C:\ProgramData\Anaconda3\envs\keras\lib\contextlib.py", line 81, in __enter__
    return next(self.gen)
  File "C:\ProgramData\Anaconda3\envs\keras\lib\site-packages\tensorflow_core\python\autograph\core\converter_testing.py", line 105, in converted
    with self.compiled(node, namespace, tf_symbols) as result:
  File "C:\ProgramData\Anaconda3\envs\keras\lib\contextlib.py", line 81, in __enter__
    return next(self.gen)
  File "C:\ProgramData\Anaconda3\envs\keras\lib\site-packages\tensorflow_core\python\autograph\core\converter_testing.py", line 89, in compiled
    print('Offending AST:\n%s' % pretty_printer.fmt(node, color=False))
  File "C:\ProgramData\Anaconda3\envs\keras\lib\site-packages\tensorflow_core\python\autograph\pyct\pretty_printer.py", line 135, in fmt
    printer.visit(node)
  File "C:\ProgramData\Anaconda3\envs\keras\lib\ast.py", line 253, in visit
    return visitor(node)
  File "C:\ProgramData\Anaconda3\envs\keras\lib\site-packages\tensorflow_core\python\autograph\pyct\pretty_printer.py", line 70, in generic_visit
    if node._fields:
AttributeError: 'NoneType' object has no attribute '_fields'

======================================================================
ERROR: test_if_complex_outputs (__main__.ControlFlowTest)
ControlFlowTest.test_if_complex_outputs
----------------------------------------------------------------------
Traceback (most recent call last):
  File "C:\ProgramData\Anaconda3\envs\keras\lib\site-packages\tensorflow_core\python\autograph\core\converter_testing.py", line 69, in compiled
    node, include_source_map=True)
  File "C:\ProgramData\Anaconda3\envs\keras\lib\site-packages\tensorflow_core\python\autograph\pyct\compiler.py", line 134, in ast_to_object
    source = ast_to_source(nodes, indentation=indentation)
  File "C:\ProgramData\Anaconda3\envs\keras\lib\site-packages\tensorflow_core\python\autograph\pyct\compiler.py", line 61, in ast_to_source
    generator.visit(n)
  File "C:\ProgramData\Anaconda3\envs\keras\lib\site-packages\astor\node_util.py", line 143, in visit
    return visitor(node)
  File "C:\ProgramData\Anaconda3\envs\keras\lib\site-packages\astor\node_util.py", line 137, in abort_visit
    raise AttributeError(msg % node.__class__.__name__)
AttributeError: No defined handler for node of type NoneType

During handling of the above exception, another exception occurred:

Traceback (most recent call last):
  File "C:\ProgramData\Anaconda3\envs\keras\lib\site-packages\tensorflow_core\python\framework\test_util.py", line 1216, in decorated
    return f(self, *args, **kwargs)
  File "control_flow_test.py", line 530, in test_if_complex_outputs
    with self.converted(test_fn, control_flow, {}) as result:
  File "C:\ProgramData\Anaconda3\envs\keras\lib\contextlib.py", line 81, in __enter__
    return next(self.gen)
  File "C:\ProgramData\Anaconda3\envs\keras\lib\site-packages\tensorflow_core\python\autograph\core\converter_testing.py", line 105, in converted
    with self.compiled(node, namespace, tf_symbols) as result:
  File "C:\ProgramData\Anaconda3\envs\keras\lib\contextlib.py", line 81, in __enter__
    return next(self.gen)
  File "C:\ProgramData\Anaconda3\envs\keras\lib\site-packages\tensorflow_core\python\autograph\core\converter_testing.py", line 89, in compiled
    print('Offending AST:\n%s' % pretty_printer.fmt(node, color=False))
  File "C:\ProgramData\Anaconda3\envs\keras\lib\site-packages\tensorflow_core\python\autograph\pyct\pretty_printer.py", line 135, in fmt
    printer.visit(node)
  File "C:\ProgramData\Anaconda3\envs\keras\lib\ast.py", line 253, in visit
    return visitor(node)
  File "C:\ProgramData\Anaconda3\envs\keras\lib\site-packages\tensorflow_core\python\autograph\pyct\pretty_printer.py", line 70, in generic_visit
    if node._fields:
AttributeError: 'NoneType' object has no attribute '_fields'

======================================================================
ERROR: test_if_local_var (__main__.ControlFlowTest)
ControlFlowTest.test_if_local_var
----------------------------------------------------------------------
Traceback (most recent call last):
  File "C:\ProgramData\Anaconda3\envs\keras\lib\site-packages\tensorflow_core\python\autograph\core\converter_testing.py", line 69, in compiled
    node, include_source_map=True)
  File "C:\ProgramData\Anaconda3\envs\keras\lib\site-packages\tensorflow_core\python\autograph\pyct\compiler.py", line 134, in ast_to_object
    source = ast_to_source(nodes, indentation=indentation)
  File "C:\ProgramData\Anaconda3\envs\keras\lib\site-packages\tensorflow_core\python\autograph\pyct\compiler.py", line 61, in ast_to_source
    generator.visit(n)
  File "C:\ProgramData\Anaconda3\envs\keras\lib\site-packages\astor\node_util.py", line 143, in visit
    return visitor(node)
  File "C:\ProgramData\Anaconda3\envs\keras\lib\site-packages\astor\node_util.py", line 137, in abort_visit
    raise AttributeError(msg % node.__class__.__name__)
AttributeError: No defined handler for node of type NoneType

During handling of the above exception, another exception occurred:

Traceback (most recent call last):
  File "C:\ProgramData\Anaconda3\envs\keras\lib\site-packages\tensorflow_core\python\framework\test_util.py", line 1216, in decorated
    return f(self, *args, **kwargs)
  File "control_flow_test.py", line 602, in test_if_local_var
    self.assertTransformedResult(test_fn, constant_op.constant(1), 5)
  File "control_flow_test.py", line 58, in assertTransformedResult
    (constant_op.constant,)) as result:
  File "C:\ProgramData\Anaconda3\envs\keras\lib\contextlib.py", line 81, in __enter__
    return next(self.gen)
  File "C:\ProgramData\Anaconda3\envs\keras\lib\site-packages\tensorflow_core\python\autograph\core\converter_testing.py", line 105, in converted
    with self.compiled(node, namespace, tf_symbols) as result:
  File "C:\ProgramData\Anaconda3\envs\keras\lib\contextlib.py", line 81, in __enter__
    return next(self.gen)
  File "C:\ProgramData\Anaconda3\envs\keras\lib\site-packages\tensorflow_core\python\autograph\core\converter_testing.py", line 89, in compiled
    print('Offending AST:\n%s' % pretty_printer.fmt(node, color=False))
  File "C:\ProgramData\Anaconda3\envs\keras\lib\site-packages\tensorflow_core\python\autograph\pyct\pretty_printer.py", line 135, in fmt
    printer.visit(node)
  File "C:\ProgramData\Anaconda3\envs\keras\lib\ast.py", line 253, in visit
    return visitor(node)
  File "C:\ProgramData\Anaconda3\envs\keras\lib\site-packages\tensorflow_core\python\autograph\pyct\pretty_printer.py", line 70, in generic_visit
    if node._fields:
AttributeError: 'NoneType' object has no attribute '_fields'

======================================================================
ERROR: test_if_no_outputs (__main__.ControlFlowTest)
ControlFlowTest.test_if_no_outputs
----------------------------------------------------------------------
Traceback (most recent call last):
  File "C:\ProgramData\Anaconda3\envs\keras\lib\site-packages\tensorflow_core\python\autograph\core\converter_testing.py", line 69, in compiled
    node, include_source_map=True)
  File "C:\ProgramData\Anaconda3\envs\keras\lib\site-packages\tensorflow_core\python\autograph\pyct\compiler.py", line 134, in ast_to_object
    source = ast_to_source(nodes, indentation=indentation)
  File "C:\ProgramData\Anaconda3\envs\keras\lib\site-packages\tensorflow_core\python\autograph\pyct\compiler.py", line 61, in ast_to_source
    generator.visit(n)
  File "C:\ProgramData\Anaconda3\envs\keras\lib\site-packages\astor\node_util.py", line 143, in visit
    return visitor(node)
  File "C:\ProgramData\Anaconda3\envs\keras\lib\site-packages\astor\node_util.py", line 137, in abort_visit
    raise AttributeError(msg % node.__class__.__name__)
AttributeError: No defined handler for node of type NoneType

During handling of the above exception, another exception occurred:

Traceback (most recent call last):
  File "C:\ProgramData\Anaconda3\envs\keras\lib\site-packages\tensorflow_core\python\framework\test_util.py", line 1216, in decorated
    return f(self, *args, **kwargs)
  File "control_flow_test.py", line 628, in test_if_no_outputs
    self.assertTransformedResult(test_fn, constant_op.constant(1), 1)
  File "control_flow_test.py", line 58, in assertTransformedResult
    (constant_op.constant,)) as result:
  File "C:\ProgramData\Anaconda3\envs\keras\lib\contextlib.py", line 81, in __enter__
    return next(self.gen)
  File "C:\ProgramData\Anaconda3\envs\keras\lib\site-packages\tensorflow_core\python\autograph\core\converter_testing.py", line 105, in converted
    with self.compiled(node, namespace, tf_symbols) as result:
  File "C:\ProgramData\Anaconda3\envs\keras\lib\contextlib.py", line 81, in __enter__
    return next(self.gen)
  File "C:\ProgramData\Anaconda3\envs\keras\lib\site-packages\tensorflow_core\python\autograph\core\converter_testing.py", line 89, in compiled
    print('Offending AST:\n%s' % pretty_printer.fmt(node, color=False))
  File "C:\ProgramData\Anaconda3\envs\keras\lib\site-packages\tensorflow_core\python\autograph\pyct\pretty_printer.py", line 135, in fmt
    printer.visit(node)
  File "C:\ProgramData\Anaconda3\envs\keras\lib\ast.py", line 253, in visit
    return visitor(node)
  File "C:\ProgramData\Anaconda3\envs\keras\lib\site-packages\tensorflow_core\python\autograph\pyct\pretty_printer.py", line 70, in generic_visit
    if node._fields:
AttributeError: 'NoneType' object has no attribute '_fields'

======================================================================
ERROR: test_if_semi (__main__.ControlFlowTest)
ControlFlowTest.test_if_semi
----------------------------------------------------------------------
Traceback (most recent call last):
  File "C:\ProgramData\Anaconda3\envs\keras\lib\site-packages\tensorflow_core\python\autograph\core\converter_testing.py", line 69, in compiled
    node, include_source_map=True)
  File "C:\ProgramData\Anaconda3\envs\keras\lib\site-packages\tensorflow_core\python\autograph\pyct\compiler.py", line 134, in ast_to_object
    source = ast_to_source(nodes, indentation=indentation)
  File "C:\ProgramData\Anaconda3\envs\keras\lib\site-packages\tensorflow_core\python\autograph\pyct\compiler.py", line 61, in ast_to_source
    generator.visit(n)
  File "C:\ProgramData\Anaconda3\envs\keras\lib\site-packages\astor\node_util.py", line 143, in visit
    return visitor(node)
  File "C:\ProgramData\Anaconda3\envs\keras\lib\site-packages\astor\node_util.py", line 137, in abort_visit
    raise AttributeError(msg % node.__class__.__name__)
AttributeError: No defined handler for node of type NoneType

During handling of the above exception, another exception occurred:

Traceback (most recent call last):
  File "C:\ProgramData\Anaconda3\envs\keras\lib\site-packages\tensorflow_core\python\framework\test_util.py", line 1216, in decorated
    return f(self, *args, **kwargs)
  File "control_flow_test.py", line 578, in test_if_semi
    self.assertTransformedResult(test_fn, constant_op.constant(2), 3)
  File "control_flow_test.py", line 58, in assertTransformedResult
    (constant_op.constant,)) as result:
  File "C:\ProgramData\Anaconda3\envs\keras\lib\contextlib.py", line 81, in __enter__
    return next(self.gen)
  File "C:\ProgramData\Anaconda3\envs\keras\lib\site-packages\tensorflow_core\python\autograph\core\converter_testing.py", line 105, in converted
    with self.compiled(node, namespace, tf_symbols) as result:
  File "C:\ProgramData\Anaconda3\envs\keras\lib\contextlib.py", line 81, in __enter__
    return next(self.gen)
  File "C:\ProgramData\Anaconda3\envs\keras\lib\site-packages\tensorflow_core\python\autograph\core\converter_testing.py", line 89, in compiled
    print('Offending AST:\n%s' % pretty_printer.fmt(node, color=False))
  File "C:\ProgramData\Anaconda3\envs\keras\lib\site-packages\tensorflow_core\python\autograph\pyct\pretty_printer.py", line 135, in fmt
    printer.visit(node)
  File "C:\ProgramData\Anaconda3\envs\keras\lib\ast.py", line 253, in visit
    return visitor(node)
  File "C:\ProgramData\Anaconda3\envs\keras\lib\site-packages\tensorflow_core\python\autograph\pyct\pretty_printer.py", line 70, in generic_visit
    if node._fields:
AttributeError: 'NoneType' object has no attribute '_fields'

======================================================================
ERROR: test_if_single_output (__main__.ControlFlowTest)
ControlFlowTest.test_if_single_output
----------------------------------------------------------------------
Traceback (most recent call last):
  File "C:\ProgramData\Anaconda3\envs\keras\lib\site-packages\tensorflow_core\python\autograph\core\converter_testing.py", line 69, in compiled
    node, include_source_map=True)
  File "C:\ProgramData\Anaconda3\envs\keras\lib\site-packages\tensorflow_core\python\autograph\pyct\compiler.py", line 134, in ast_to_object
    source = ast_to_source(nodes, indentation=indentation)
  File "C:\ProgramData\Anaconda3\envs\keras\lib\site-packages\tensorflow_core\python\autograph\pyct\compiler.py", line 61, in ast_to_source
    generator.visit(n)
  File "C:\ProgramData\Anaconda3\envs\keras\lib\site-packages\astor\node_util.py", line 143, in visit
    return visitor(node)
  File "C:\ProgramData\Anaconda3\envs\keras\lib\site-packages\astor\node_util.py", line 137, in abort_visit
    raise AttributeError(msg % node.__class__.__name__)
AttributeError: No defined handler for node of type NoneType

During handling of the above exception, another exception occurred:

Traceback (most recent call last):
  File "C:\ProgramData\Anaconda3\envs\keras\lib\site-packages\tensorflow_core\python\framework\test_util.py", line 1216, in decorated
    return f(self, *args, **kwargs)
  File "control_flow_test.py", line 558, in test_if_single_output
    self.assertTransformedResult(test_fn, constant_op.constant(1), -1)
  File "control_flow_test.py", line 58, in assertTransformedResult
    (constant_op.constant,)) as result:
  File "C:\ProgramData\Anaconda3\envs\keras\lib\contextlib.py", line 81, in __enter__
    return next(self.gen)
  File "C:\ProgramData\Anaconda3\envs\keras\lib\site-packages\tensorflow_core\python\autograph\core\converter_testing.py", line 105, in converted
    with self.compiled(node, namespace, tf_symbols) as result:
  File "C:\ProgramData\Anaconda3\envs\keras\lib\contextlib.py", line 81, in __enter__
    return next(self.gen)
  File "C:\ProgramData\Anaconda3\envs\keras\lib\site-packages\tensorflow_core\python\autograph\core\converter_testing.py", line 89, in compiled
    print('Offending AST:\n%s' % pretty_printer.fmt(node, color=False))
  File "C:\ProgramData\Anaconda3\envs\keras\lib\site-packages\tensorflow_core\python\autograph\pyct\pretty_printer.py", line 135, in fmt
    printer.visit(node)
  File "C:\ProgramData\Anaconda3\envs\keras\lib\ast.py", line 253, in visit
    return visitor(node)
  File "C:\ProgramData\Anaconda3\envs\keras\lib\site-packages\tensorflow_core\python\autograph\pyct\pretty_printer.py", line 70, in generic_visit
    if node._fields:
AttributeError: 'NoneType' object has no attribute '_fields'

======================================================================
ERROR: test_if_sparse_tensor (__main__.ControlFlowTest)
ControlFlowTest.test_if_sparse_tensor
----------------------------------------------------------------------
Traceback (most recent call last):
  File "C:\ProgramData\Anaconda3\envs\keras\lib\site-packages\tensorflow_core\python\autograph\core\converter_testing.py", line 69, in compiled
    node, include_source_map=True)
  File "C:\ProgramData\Anaconda3\envs\keras\lib\site-packages\tensorflow_core\python\autograph\pyct\compiler.py", line 134, in ast_to_object
    source = ast_to_source(nodes, indentation=indentation)
  File "C:\ProgramData\Anaconda3\envs\keras\lib\site-packages\tensorflow_core\python\autograph\pyct\compiler.py", line 61, in ast_to_source
    generator.visit(n)
  File "C:\ProgramData\Anaconda3\envs\keras\lib\site-packages\astor\node_util.py", line 143, in visit
    return visitor(node)
  File "C:\ProgramData\Anaconda3\envs\keras\lib\site-packages\astor\node_util.py", line 137, in abort_visit
    raise AttributeError(msg % node.__class__.__name__)
AttributeError: No defined handler for node of type NoneType

During handling of the above exception, another exception occurred:

Traceback (most recent call last):
  File "control_flow_test.py", line 488, in test_if_sparse_tensor
    self.assertTransformedResult(test_fn, (st, constant_op.constant(1)), -1)
  File "control_flow_test.py", line 58, in assertTransformedResult
    (constant_op.constant,)) as result:
  File "C:\ProgramData\Anaconda3\envs\keras\lib\contextlib.py", line 81, in __enter__
    return next(self.gen)
  File "C:\ProgramData\Anaconda3\envs\keras\lib\site-packages\tensorflow_core\python\autograph\core\converter_testing.py", line 105, in converted
    with self.compiled(node, namespace, tf_symbols) as result:
  File "C:\ProgramData\Anaconda3\envs\keras\lib\contextlib.py", line 81, in __enter__
    return next(self.gen)
  File "C:\ProgramData\Anaconda3\envs\keras\lib\site-packages\tensorflow_core\python\autograph\core\converter_testing.py", line 89, in compiled
    print('Offending AST:\n%s' % pretty_printer.fmt(node, color=False))
  File "C:\ProgramData\Anaconda3\envs\keras\lib\site-packages\tensorflow_core\python\autograph\pyct\pretty_printer.py", line 135, in fmt
    printer.visit(node)
  File "C:\ProgramData\Anaconda3\envs\keras\lib\ast.py", line 253, in visit
    return visitor(node)
  File "C:\ProgramData\Anaconda3\envs\keras\lib\site-packages\tensorflow_core\python\autograph\pyct\pretty_printer.py", line 70, in generic_visit
    if node._fields:
AttributeError: 'NoneType' object has no attribute '_fields'

======================================================================
ERROR: test_if_unbalanced_composite (__main__.ControlFlowTest)
ControlFlowTest.test_if_unbalanced_composite
----------------------------------------------------------------------
Traceback (most recent call last):
  File "C:\ProgramData\Anaconda3\envs\keras\lib\site-packages\tensorflow_core\python\autograph\core\converter_testing.py", line 69, in compiled
    node, include_source_map=True)
  File "C:\ProgramData\Anaconda3\envs\keras\lib\site-packages\tensorflow_core\python\autograph\pyct\compiler.py", line 134, in ast_to_object
    source = ast_to_source(nodes, indentation=indentation)
  File "C:\ProgramData\Anaconda3\envs\keras\lib\site-packages\tensorflow_core\python\autograph\pyct\compiler.py", line 61, in ast_to_source
    generator.visit(n)
  File "C:\ProgramData\Anaconda3\envs\keras\lib\site-packages\astor\node_util.py", line 143, in visit
    return visitor(node)
  File "C:\ProgramData\Anaconda3\envs\keras\lib\site-packages\astor\node_util.py", line 137, in abort_visit
    raise AttributeError(msg % node.__class__.__name__)
AttributeError: No defined handler for node of type NoneType

During handling of the above exception, another exception occurred:

Traceback (most recent call last):
  File "C:\ProgramData\Anaconda3\envs\keras\lib\site-packages\tensorflow_core\python\framework\test_util.py", line 1216, in decorated
    return f(self, *args, **kwargs)
  File "control_flow_test.py", line 718, in test_if_unbalanced_composite
    (7, 13))
  File "control_flow_test.py", line 58, in assertTransformedResult
    (constant_op.constant,)) as result:
  File "C:\ProgramData\Anaconda3\envs\keras\lib\contextlib.py", line 81, in __enter__
    return next(self.gen)
  File "C:\ProgramData\Anaconda3\envs\keras\lib\site-packages\tensorflow_core\python\autograph\core\converter_testing.py", line 105, in converted
    with self.compiled(node, namespace, tf_symbols) as result:
  File "C:\ProgramData\Anaconda3\envs\keras\lib\contextlib.py", line 81, in __enter__
    return next(self.gen)
  File "C:\ProgramData\Anaconda3\envs\keras\lib\site-packages\tensorflow_core\python\autograph\core\converter_testing.py", line 89, in compiled
    print('Offending AST:\n%s' % pretty_printer.fmt(node, color=False))
  File "C:\ProgramData\Anaconda3\envs\keras\lib\site-packages\tensorflow_core\python\autograph\pyct\pretty_printer.py", line 135, in fmt
    printer.visit(node)
  File "C:\ProgramData\Anaconda3\envs\keras\lib\ast.py", line 253, in visit
    return visitor(node)
  File "C:\ProgramData\Anaconda3\envs\keras\lib\site-packages\tensorflow_core\python\autograph\pyct\pretty_printer.py", line 70, in generic_visit
    if node._fields:
AttributeError: 'NoneType' object has no attribute '_fields'

======================================================================
ERROR: test_if_unbalanced_multiple_composites (__main__.ControlFlowTest)
ControlFlowTest.test_if_unbalanced_multiple_composites
----------------------------------------------------------------------
Traceback (most recent call last):
  File "C:\ProgramData\Anaconda3\envs\keras\lib\site-packages\tensorflow_core\python\autograph\core\converter_testing.py", line 69, in compiled
    node, include_source_map=True)
  File "C:\ProgramData\Anaconda3\envs\keras\lib\site-packages\tensorflow_core\python\autograph\pyct\compiler.py", line 134, in ast_to_object
    source = ast_to_source(nodes, indentation=indentation)
  File "C:\ProgramData\Anaconda3\envs\keras\lib\site-packages\tensorflow_core\python\autograph\pyct\compiler.py", line 61, in ast_to_source
    generator.visit(n)
  File "C:\ProgramData\Anaconda3\envs\keras\lib\site-packages\astor\node_util.py", line 143, in visit
    return visitor(node)
  File "C:\ProgramData\Anaconda3\envs\keras\lib\site-packages\astor\node_util.py", line 137, in abort_visit
    raise AttributeError(msg % node.__class__.__name__)
AttributeError: No defined handler for node of type NoneType

During handling of the above exception, another exception occurred:

Traceback (most recent call last):
  File "C:\ProgramData\Anaconda3\envs\keras\lib\site-packages\tensorflow_core\python\framework\test_util.py", line 1216, in decorated
    return f(self, *args, **kwargs)
  File "control_flow_test.py", line 674, in test_if_unbalanced_multiple_composites
    (7, 11, 13))
  File "control_flow_test.py", line 58, in assertTransformedResult
    (constant_op.constant,)) as result:
  File "C:\ProgramData\Anaconda3\envs\keras\lib\contextlib.py", line 81, in __enter__
    return next(self.gen)
  File "C:\ProgramData\Anaconda3\envs\keras\lib\site-packages\tensorflow_core\python\autograph\core\converter_testing.py", line 105, in converted
    with self.compiled(node, namespace, tf_symbols) as result:
  File "C:\ProgramData\Anaconda3\envs\keras\lib\contextlib.py", line 81, in __enter__
    return next(self.gen)
  File "C:\ProgramData\Anaconda3\envs\keras\lib\site-packages\tensorflow_core\python\autograph\core\converter_testing.py", line 89, in compiled
    print('Offending AST:\n%s' % pretty_printer.fmt(node, color=False))
  File "C:\ProgramData\Anaconda3\envs\keras\lib\site-packages\tensorflow_core\python\autograph\pyct\pretty_printer.py", line 135, in fmt
    printer.visit(node)
  File "C:\ProgramData\Anaconda3\envs\keras\lib\ast.py", line 253, in visit
    return visitor(node)
  File "C:\ProgramData\Anaconda3\envs\keras\lib\site-packages\tensorflow_core\python\autograph\pyct\pretty_printer.py", line 70, in generic_visit
    if node._fields:
AttributeError: 'NoneType' object has no attribute '_fields'

======================================================================
ERROR: test_simple_for (__main__.ControlFlowTest)
ControlFlowTest.test_simple_for
----------------------------------------------------------------------
Traceback (most recent call last):
  File "C:\ProgramData\Anaconda3\envs\keras\lib\site-packages\tensorflow_core\python\autograph\core\converter_testing.py", line 69, in compiled
    node, include_source_map=True)
  File "C:\ProgramData\Anaconda3\envs\keras\lib\site-packages\tensorflow_core\python\autograph\pyct\compiler.py", line 134, in ast_to_object
    source = ast_to_source(nodes, indentation=indentation)
  File "C:\ProgramData\Anaconda3\envs\keras\lib\site-packages\tensorflow_core\python\autograph\pyct\compiler.py", line 61, in ast_to_source
    generator.visit(n)
  File "C:\ProgramData\Anaconda3\envs\keras\lib\site-packages\astor\node_util.py", line 143, in visit
    return visitor(node)
  File "C:\ProgramData\Anaconda3\envs\keras\lib\site-packages\astor\node_util.py", line 137, in abort_visit
    raise AttributeError(msg % node.__class__.__name__)
AttributeError: No defined handler for node of type NoneType

During handling of the above exception, another exception occurred:

Traceback (most recent call last):
  File "C:\ProgramData\Anaconda3\envs\keras\lib\site-packages\tensorflow_core\python\framework\test_util.py", line 1216, in decorated
    return f(self, *args, **kwargs)
  File "control_flow_test.py", line 748, in test_simple_for
    self.assertTransformedResult(test_fn, constant_op.constant([1, 3]), (4, 10))
  File "control_flow_test.py", line 58, in assertTransformedResult
    (constant_op.constant,)) as result:
  File "C:\ProgramData\Anaconda3\envs\keras\lib\contextlib.py", line 81, in __enter__
    return next(self.gen)
  File "C:\ProgramData\Anaconda3\envs\keras\lib\site-packages\tensorflow_core\python\autograph\core\converter_testing.py", line 105, in converted
    with self.compiled(node, namespace, tf_symbols) as result:
  File "C:\ProgramData\Anaconda3\envs\keras\lib\contextlib.py", line 81, in __enter__
    return next(self.gen)
  File "C:\ProgramData\Anaconda3\envs\keras\lib\site-packages\tensorflow_core\python\autograph\core\converter_testing.py", line 89, in compiled
    print('Offending AST:\n%s' % pretty_printer.fmt(node, color=False))
  File "C:\ProgramData\Anaconda3\envs\keras\lib\site-packages\tensorflow_core\python\autograph\pyct\pretty_printer.py", line 135, in fmt
    printer.visit(node)
  File "C:\ProgramData\Anaconda3\envs\keras\lib\ast.py", line 253, in visit
    return visitor(node)
  File "C:\ProgramData\Anaconda3\envs\keras\lib\site-packages\tensorflow_core\python\autograph\pyct\pretty_printer.py", line 70, in generic_visit
    if node._fields:
AttributeError: 'NoneType' object has no attribute '_fields'

======================================================================
ERROR: test_while_basic (__main__.ControlFlowTest)
ControlFlowTest.test_while_basic
----------------------------------------------------------------------
Traceback (most recent call last):
  File "C:\ProgramData\Anaconda3\envs\keras\lib\site-packages\tensorflow_core\python\autograph\core\converter_testing.py", line 69, in compiled
    node, include_source_map=True)
  File "C:\ProgramData\Anaconda3\envs\keras\lib\site-packages\tensorflow_core\python\autograph\pyct\compiler.py", line 134, in ast_to_object
    source = ast_to_source(nodes, indentation=indentation)
  File "C:\ProgramData\Anaconda3\envs\keras\lib\site-packages\tensorflow_core\python\autograph\pyct\compiler.py", line 61, in ast_to_source
    generator.visit(n)
  File "C:\ProgramData\Anaconda3\envs\keras\lib\site-packages\astor\node_util.py", line 143, in visit
    return visitor(node)
  File "C:\ProgramData\Anaconda3\envs\keras\lib\site-packages\astor\node_util.py", line 137, in abort_visit
    raise AttributeError(msg % node.__class__.__name__)
AttributeError: No defined handler for node of type NoneType

During handling of the above exception, another exception occurred:

Traceback (most recent call last):
  File "C:\ProgramData\Anaconda3\envs\keras\lib\site-packages\tensorflow_core\python\framework\test_util.py", line 1216, in decorated
    return f(self, *args, **kwargs)
  File "control_flow_test.py", line 86, in test_while_basic
    self.assertTransformedResult(test_fn, constant_op.constant(5), (10, 5, 5))
  File "control_flow_test.py", line 58, in assertTransformedResult
    (constant_op.constant,)) as result:
  File "C:\ProgramData\Anaconda3\envs\keras\lib\contextlib.py", line 81, in __enter__
    return next(self.gen)
  File "C:\ProgramData\Anaconda3\envs\keras\lib\site-packages\tensorflow_core\python\autograph\core\converter_testing.py", line 105, in converted
    with self.compiled(node, namespace, tf_symbols) as result:
  File "C:\ProgramData\Anaconda3\envs\keras\lib\contextlib.py", line 81, in __enter__
    return next(self.gen)
  File "C:\ProgramData\Anaconda3\envs\keras\lib\site-packages\tensorflow_core\python\autograph\core\converter_testing.py", line 89, in compiled
    print('Offending AST:\n%s' % pretty_printer.fmt(node, color=False))
  File "C:\ProgramData\Anaconda3\envs\keras\lib\site-packages\tensorflow_core\python\autograph\pyct\pretty_printer.py", line 135, in fmt
    printer.visit(node)
  File "C:\ProgramData\Anaconda3\envs\keras\lib\ast.py", line 253, in visit
    return visitor(node)
  File "C:\ProgramData\Anaconda3\envs\keras\lib\site-packages\tensorflow_core\python\autograph\pyct\pretty_printer.py", line 70, in generic_visit
    if node._fields:
AttributeError: 'NoneType' object has no attribute '_fields'

======================================================================
ERROR: test_while_composite_state (__main__.ControlFlowTest)
ControlFlowTest.test_while_composite_state
----------------------------------------------------------------------
Traceback (most recent call last):
  File "C:\ProgramData\Anaconda3\envs\keras\lib\site-packages\tensorflow_core\python\autograph\core\converter_testing.py", line 69, in compiled
    node, include_source_map=True)
  File "C:\ProgramData\Anaconda3\envs\keras\lib\site-packages\tensorflow_core\python\autograph\pyct\compiler.py", line 134, in ast_to_object
    source = ast_to_source(nodes, indentation=indentation)
  File "C:\ProgramData\Anaconda3\envs\keras\lib\site-packages\tensorflow_core\python\autograph\pyct\compiler.py", line 61, in ast_to_source
    generator.visit(n)
  File "C:\ProgramData\Anaconda3\envs\keras\lib\site-packages\astor\node_util.py", line 143, in visit
    return visitor(node)
  File "C:\ProgramData\Anaconda3\envs\keras\lib\site-packages\astor\node_util.py", line 137, in abort_visit
    raise AttributeError(msg % node.__class__.__name__)
AttributeError: No defined handler for node of type NoneType

During handling of the above exception, another exception occurred:

Traceback (most recent call last):
  File "control_flow_test.py", line 178, in test_while_composite_state
    test_fn, constant_op.constant(5), 0, symbols={'TestClass': TestClass})
  File "control_flow_test.py", line 58, in assertTransformedResult
    (constant_op.constant,)) as result:
  File "C:\ProgramData\Anaconda3\envs\keras\lib\contextlib.py", line 81, in __enter__
    return next(self.gen)
  File "C:\ProgramData\Anaconda3\envs\keras\lib\site-packages\tensorflow_core\python\autograph\core\converter_testing.py", line 105, in converted
    with self.compiled(node, namespace, tf_symbols) as result:
  File "C:\ProgramData\Anaconda3\envs\keras\lib\contextlib.py", line 81, in __enter__
    return next(self.gen)
  File "C:\ProgramData\Anaconda3\envs\keras\lib\site-packages\tensorflow_core\python\autograph\core\converter_testing.py", line 89, in compiled
    print('Offending AST:\n%s' % pretty_printer.fmt(node, color=False))
  File "C:\ProgramData\Anaconda3\envs\keras\lib\site-packages\tensorflow_core\python\autograph\pyct\pretty_printer.py", line 135, in fmt
    printer.visit(node)
  File "C:\ProgramData\Anaconda3\envs\keras\lib\ast.py", line 253, in visit
    return visitor(node)
  File "C:\ProgramData\Anaconda3\envs\keras\lib\site-packages\tensorflow_core\python\autograph\pyct\pretty_printer.py", line 70, in generic_visit
    if node._fields:
AttributeError: 'NoneType' object has no attribute '_fields'

======================================================================
ERROR: test_while_composite_state_initialized_in_loop (__main__.ControlFlowTest)
ControlFlowTest.test_while_composite_state_initialized_in_loop
----------------------------------------------------------------------
Traceback (most recent call last):
  File "C:\ProgramData\Anaconda3\envs\keras\lib\site-packages\tensorflow_core\python\autograph\core\converter_testing.py", line 69, in compiled
    node, include_source_map=True)
  File "C:\ProgramData\Anaconda3\envs\keras\lib\site-packages\tensorflow_core\python\autograph\pyct\compiler.py", line 134, in ast_to_object
    source = ast_to_source(nodes, indentation=indentation)
  File "C:\ProgramData\Anaconda3\envs\keras\lib\site-packages\tensorflow_core\python\autograph\pyct\compiler.py", line 61, in ast_to_source
    generator.visit(n)
  File "C:\ProgramData\Anaconda3\envs\keras\lib\site-packages\astor\node_util.py", line 143, in visit
    return visitor(node)
  File "C:\ProgramData\Anaconda3\envs\keras\lib\site-packages\astor\node_util.py", line 137, in abort_visit
    raise AttributeError(msg % node.__class__.__name__)
AttributeError: No defined handler for node of type NoneType

During handling of the above exception, another exception occurred:

Traceback (most recent call last):
  File "control_flow_test.py", line 218, in test_while_composite_state_initialized_in_loop
    symbols={'TestClass': TestClass})
  File "control_flow_test.py", line 58, in assertTransformedResult
    (constant_op.constant,)) as result:
  File "C:\ProgramData\Anaconda3\envs\keras\lib\contextlib.py", line 81, in __enter__
    return next(self.gen)
  File "C:\ProgramData\Anaconda3\envs\keras\lib\site-packages\tensorflow_core\python\autograph\core\converter_testing.py", line 105, in converted
    with self.compiled(node, namespace, tf_symbols) as result:
  File "C:\ProgramData\Anaconda3\envs\keras\lib\contextlib.py", line 81, in __enter__
    return next(self.gen)
  File "C:\ProgramData\Anaconda3\envs\keras\lib\site-packages\tensorflow_core\python\autograph\core\converter_testing.py", line 89, in compiled
    print('Offending AST:\n%s' % pretty_printer.fmt(node, color=False))
  File "C:\ProgramData\Anaconda3\envs\keras\lib\site-packages\tensorflow_core\python\autograph\pyct\pretty_printer.py", line 135, in fmt
    printer.visit(node)
  File "C:\ProgramData\Anaconda3\envs\keras\lib\ast.py", line 253, in visit
    return visitor(node)
  File "C:\ProgramData\Anaconda3\envs\keras\lib\site-packages\tensorflow_core\python\autograph\pyct\pretty_printer.py", line 70, in generic_visit
    if node._fields:
AttributeError: 'NoneType' object has no attribute '_fields'

======================================================================
ERROR: test_while_dispatches_by_cond_only (__main__.ControlFlowTest)
ControlFlowTest.test_while_dispatches_by_cond_only
----------------------------------------------------------------------
Traceback (most recent call last):
  File "C:\ProgramData\Anaconda3\envs\keras\lib\site-packages\tensorflow_core\python\autograph\core\converter_testing.py", line 69, in compiled
    node, include_source_map=True)
  File "C:\ProgramData\Anaconda3\envs\keras\lib\site-packages\tensorflow_core\python\autograph\pyct\compiler.py", line 134, in ast_to_object
    source = ast_to_source(nodes, indentation=indentation)
  File "C:\ProgramData\Anaconda3\envs\keras\lib\site-packages\tensorflow_core\python\autograph\pyct\compiler.py", line 61, in ast_to_source
    generator.visit(n)
  File "C:\ProgramData\Anaconda3\envs\keras\lib\site-packages\astor\node_util.py", line 143, in visit
    return visitor(node)
  File "C:\ProgramData\Anaconda3\envs\keras\lib\site-packages\astor\node_util.py", line 137, in abort_visit
    raise AttributeError(msg % node.__class__.__name__)
AttributeError: No defined handler for node of type NoneType

During handling of the above exception, another exception occurred:

Traceback (most recent call last):
  File "C:\ProgramData\Anaconda3\envs\keras\lib\site-packages\tensorflow_core\python\framework\test_util.py", line 1216, in decorated
    return f(self, *args, **kwargs)
  File "control_flow_test.py", line 422, in test_while_dispatches_by_cond_only
    self.assertTransformedResult(test_fn, (constant_op.constant(5), 0), 10)
  File "control_flow_test.py", line 58, in assertTransformedResult
    (constant_op.constant,)) as result:
  File "C:\ProgramData\Anaconda3\envs\keras\lib\contextlib.py", line 81, in __enter__
    return next(self.gen)
  File "C:\ProgramData\Anaconda3\envs\keras\lib\site-packages\tensorflow_core\python\autograph\core\converter_testing.py", line 105, in converted
    with self.compiled(node, namespace, tf_symbols) as result:
  File "C:\ProgramData\Anaconda3\envs\keras\lib\contextlib.py", line 81, in __enter__
    return next(self.gen)
  File "C:\ProgramData\Anaconda3\envs\keras\lib\site-packages\tensorflow_core\python\autograph\core\converter_testing.py", line 89, in compiled
    print('Offending AST:\n%s' % pretty_printer.fmt(node, color=False))
  File "C:\ProgramData\Anaconda3\envs\keras\lib\site-packages\tensorflow_core\python\autograph\pyct\pretty_printer.py", line 135, in fmt
    printer.visit(node)
  File "C:\ProgramData\Anaconda3\envs\keras\lib\ast.py", line 253, in visit
    return visitor(node)
  File "C:\ProgramData\Anaconda3\envs\keras\lib\site-packages\tensorflow_core\python\autograph\pyct\pretty_printer.py", line 70, in generic_visit
    if node._fields:
AttributeError: 'NoneType' object has no attribute '_fields'

======================================================================
ERROR: test_while_local_composite (__main__.ControlFlowTest)
ControlFlowTest.test_while_local_composite
----------------------------------------------------------------------
Traceback (most recent call last):
  File "C:\ProgramData\Anaconda3\envs\keras\lib\site-packages\tensorflow_core\python\autograph\core\converter_testing.py", line 69, in compiled
    node, include_source_map=True)
  File "C:\ProgramData\Anaconda3\envs\keras\lib\site-packages\tensorflow_core\python\autograph\pyct\compiler.py", line 134, in ast_to_object
    source = ast_to_source(nodes, indentation=indentation)
  File "C:\ProgramData\Anaconda3\envs\keras\lib\site-packages\tensorflow_core\python\autograph\pyct\compiler.py", line 61, in ast_to_source
    generator.visit(n)
  File "C:\ProgramData\Anaconda3\envs\keras\lib\site-packages\astor\node_util.py", line 143, in visit
    return visitor(node)
  File "C:\ProgramData\Anaconda3\envs\keras\lib\site-packages\astor\node_util.py", line 137, in abort_visit
    raise AttributeError(msg % node.__class__.__name__)
AttributeError: No defined handler for node of type NoneType

During handling of the above exception, another exception occurred:

Traceback (most recent call last):
  File "control_flow_test.py", line 300, in test_while_local_composite
    test_fn, constant_op.constant(5), 0, symbols={'TestClass': TestClass})
  File "control_flow_test.py", line 58, in assertTransformedResult
    (constant_op.constant,)) as result:
  File "C:\ProgramData\Anaconda3\envs\keras\lib\contextlib.py", line 81, in __enter__
    return next(self.gen)
  File "C:\ProgramData\Anaconda3\envs\keras\lib\site-packages\tensorflow_core\python\autograph\core\converter_testing.py", line 105, in converted
    with self.compiled(node, namespace, tf_symbols) as result:
  File "C:\ProgramData\Anaconda3\envs\keras\lib\contextlib.py", line 81, in __enter__
    return next(self.gen)
  File "C:\ProgramData\Anaconda3\envs\keras\lib\site-packages\tensorflow_core\python\autograph\core\converter_testing.py", line 89, in compiled
    print('Offending AST:\n%s' % pretty_printer.fmt(node, color=False))
  File "C:\ProgramData\Anaconda3\envs\keras\lib\site-packages\tensorflow_core\python\autograph\pyct\pretty_printer.py", line 135, in fmt
    printer.visit(node)
  File "C:\ProgramData\Anaconda3\envs\keras\lib\ast.py", line 253, in visit
    return visitor(node)
  File "C:\ProgramData\Anaconda3\envs\keras\lib\site-packages\tensorflow_core\python\autograph\pyct\pretty_printer.py", line 70, in generic_visit
    if node._fields:
AttributeError: 'NoneType' object has no attribute '_fields'

======================================================================
ERROR: test_while_local_composite_complex_illegal (__main__.ControlFlowTest)
ControlFlowTest.test_while_local_composite_complex_illegal
----------------------------------------------------------------------
Traceback (most recent call last):
  File "C:\ProgramData\Anaconda3\envs\keras\lib\site-packages\tensorflow_core\python\autograph\core\converter_testing.py", line 69, in compiled
    node, include_source_map=True)
  File "C:\ProgramData\Anaconda3\envs\keras\lib\site-packages\tensorflow_core\python\autograph\pyct\compiler.py", line 134, in ast_to_object
    source = ast_to_source(nodes, indentation=indentation)
  File "C:\ProgramData\Anaconda3\envs\keras\lib\site-packages\tensorflow_core\python\autograph\pyct\compiler.py", line 61, in ast_to_source
    generator.visit(n)
  File "C:\ProgramData\Anaconda3\envs\keras\lib\site-packages\astor\node_util.py", line 143, in visit
    return visitor(node)
  File "C:\ProgramData\Anaconda3\envs\keras\lib\site-packages\astor\node_util.py", line 137, in abort_visit
    raise AttributeError(msg % node.__class__.__name__)
AttributeError: No defined handler for node of type NoneType

During handling of the above exception, another exception occurred:

Traceback (most recent call last):
  File "control_flow_test.py", line 372, in test_while_local_composite_complex_illegal
    test_fn, control_flow, {'TestClass': TestClass}) as result:
  File "C:\ProgramData\Anaconda3\envs\keras\lib\contextlib.py", line 81, in __enter__
    return next(self.gen)
  File "C:\ProgramData\Anaconda3\envs\keras\lib\site-packages\tensorflow_core\python\autograph\core\converter_testing.py", line 105, in converted
    with self.compiled(node, namespace, tf_symbols) as result:
  File "C:\ProgramData\Anaconda3\envs\keras\lib\contextlib.py", line 81, in __enter__
    return next(self.gen)
  File "C:\ProgramData\Anaconda3\envs\keras\lib\site-packages\tensorflow_core\python\autograph\core\converter_testing.py", line 89, in compiled
    print('Offending AST:\n%s' % pretty_printer.fmt(node, color=False))
  File "C:\ProgramData\Anaconda3\envs\keras\lib\site-packages\tensorflow_core\python\autograph\pyct\pretty_printer.py", line 135, in fmt
    printer.visit(node)
  File "C:\ProgramData\Anaconda3\envs\keras\lib\ast.py", line 253, in visit
    return visitor(node)
  File "C:\ProgramData\Anaconda3\envs\keras\lib\site-packages\tensorflow_core\python\autograph\pyct\pretty_printer.py", line 70, in generic_visit
    if node._fields:
AttributeError: 'NoneType' object has no attribute '_fields'

======================================================================
ERROR: test_while_local_composite_complex_nestable (__main__.ControlFlowTest)
ControlFlowTest.test_while_local_composite_complex_nestable
----------------------------------------------------------------------
Traceback (most recent call last):
  File "C:\ProgramData\Anaconda3\envs\keras\lib\site-packages\tensorflow_core\python\autograph\core\converter_testing.py", line 69, in compiled
    node, include_source_map=True)
  File "C:\ProgramData\Anaconda3\envs\keras\lib\site-packages\tensorflow_core\python\autograph\pyct\compiler.py", line 134, in ast_to_object
    source = ast_to_source(nodes, indentation=indentation)
  File "C:\ProgramData\Anaconda3\envs\keras\lib\site-packages\tensorflow_core\python\autograph\pyct\compiler.py", line 61, in ast_to_source
    generator.visit(n)
  File "C:\ProgramData\Anaconda3\envs\keras\lib\site-packages\astor\node_util.py", line 143, in visit
    return visitor(node)
  File "C:\ProgramData\Anaconda3\envs\keras\lib\site-packages\astor\node_util.py", line 137, in abort_visit
    raise AttributeError(msg % node.__class__.__name__)
AttributeError: No defined handler for node of type NoneType

During handling of the above exception, another exception occurred:

Traceback (most recent call last):
  File "control_flow_test.py", line 338, in test_while_local_composite_complex_nestable
    test_fn, constant_op.constant(5), 4, symbols=ns)
  File "control_flow_test.py", line 58, in assertTransformedResult
    (constant_op.constant,)) as result:
  File "C:\ProgramData\Anaconda3\envs\keras\lib\contextlib.py", line 81, in __enter__
    return next(self.gen)
  File "C:\ProgramData\Anaconda3\envs\keras\lib\site-packages\tensorflow_core\python\autograph\core\converter_testing.py", line 105, in converted
    with self.compiled(node, namespace, tf_symbols) as result:
  File "C:\ProgramData\Anaconda3\envs\keras\lib\contextlib.py", line 81, in __enter__
    return next(self.gen)
  File "C:\ProgramData\Anaconda3\envs\keras\lib\site-packages\tensorflow_core\python\autograph\core\converter_testing.py", line 89, in compiled
    print('Offending AST:\n%s' % pretty_printer.fmt(node, color=False))
  File "C:\ProgramData\Anaconda3\envs\keras\lib\site-packages\tensorflow_core\python\autograph\pyct\pretty_printer.py", line 135, in fmt
    printer.visit(node)
  File "C:\ProgramData\Anaconda3\envs\keras\lib\ast.py", line 253, in visit
    return visitor(node)
  File "C:\ProgramData\Anaconda3\envs\keras\lib\site-packages\tensorflow_core\python\autograph\pyct\pretty_printer.py", line 70, in generic_visit
    if node._fields:
AttributeError: 'NoneType' object has no attribute '_fields'

======================================================================
ERROR: test_while_nested (__main__.ControlFlowTest)
ControlFlowTest.test_while_nested
----------------------------------------------------------------------
Traceback (most recent call last):
  File "C:\ProgramData\Anaconda3\envs\keras\lib\site-packages\tensorflow_core\python\autograph\core\converter_testing.py", line 69, in compiled
    node, include_source_map=True)
  File "C:\ProgramData\Anaconda3\envs\keras\lib\site-packages\tensorflow_core\python\autograph\pyct\compiler.py", line 134, in ast_to_object
    source = ast_to_source(nodes, indentation=indentation)
  File "C:\ProgramData\Anaconda3\envs\keras\lib\site-packages\tensorflow_core\python\autograph\pyct\compiler.py", line 61, in ast_to_source
    generator.visit(n)
  File "C:\ProgramData\Anaconda3\envs\keras\lib\site-packages\astor\node_util.py", line 143, in visit
    return visitor(node)
  File "C:\ProgramData\Anaconda3\envs\keras\lib\site-packages\astor\node_util.py", line 137, in abort_visit
    raise AttributeError(msg % node.__class__.__name__)
AttributeError: No defined handler for node of type NoneType

During handling of the above exception, another exception occurred:

Traceback (most recent call last):
  File "C:\ProgramData\Anaconda3\envs\keras\lib\site-packages\tensorflow_core\python\framework\test_util.py", line 1216, in decorated
    return f(self, *args, **kwargs)
  File "control_flow_test.py", line 124, in test_while_nested
    (25, 5, 0, 5))
  File "control_flow_test.py", line 58, in assertTransformedResult
    (constant_op.constant,)) as result:
  File "C:\ProgramData\Anaconda3\envs\keras\lib\contextlib.py", line 81, in __enter__
    return next(self.gen)
  File "C:\ProgramData\Anaconda3\envs\keras\lib\site-packages\tensorflow_core\python\autograph\core\converter_testing.py", line 105, in converted
    with self.compiled(node, namespace, tf_symbols) as result:
  File "C:\ProgramData\Anaconda3\envs\keras\lib\contextlib.py", line 81, in __enter__
    return next(self.gen)
  File "C:\ProgramData\Anaconda3\envs\keras\lib\site-packages\tensorflow_core\python\autograph\core\converter_testing.py", line 89, in compiled
    print('Offending AST:\n%s' % pretty_printer.fmt(node, color=False))
  File "C:\ProgramData\Anaconda3\envs\keras\lib\site-packages\tensorflow_core\python\autograph\pyct\pretty_printer.py", line 135, in fmt
    printer.visit(node)
  File "C:\ProgramData\Anaconda3\envs\keras\lib\ast.py", line 253, in visit
    return visitor(node)
  File "C:\ProgramData\Anaconda3\envs\keras\lib\site-packages\tensorflow_core\python\autograph\pyct\pretty_printer.py", line 70, in generic_visit
    if node._fields:
AttributeError: 'NoneType' object has no attribute '_fields'

======================================================================
ERROR: test_while_nested_composite_state (__main__.ControlFlowTest)
ControlFlowTest.test_while_nested_composite_state
----------------------------------------------------------------------
Traceback (most recent call last):
  File "C:\ProgramData\Anaconda3\envs\keras\lib\site-packages\tensorflow_core\python\autograph\core\converter_testing.py", line 69, in compiled
    node, include_source_map=True)
  File "C:\ProgramData\Anaconda3\envs\keras\lib\site-packages\tensorflow_core\python\autograph\pyct\compiler.py", line 134, in ast_to_object
    source = ast_to_source(nodes, indentation=indentation)
  File "C:\ProgramData\Anaconda3\envs\keras\lib\site-packages\tensorflow_core\python\autograph\pyct\compiler.py", line 61, in ast_to_source
    generator.visit(n)
  File "C:\ProgramData\Anaconda3\envs\keras\lib\site-packages\astor\node_util.py", line 143, in visit
    return visitor(node)
  File "C:\ProgramData\Anaconda3\envs\keras\lib\site-packages\astor\node_util.py", line 137, in abort_visit
    raise AttributeError(msg % node.__class__.__name__)
AttributeError: No defined handler for node of type NoneType

During handling of the above exception, another exception occurred:

Traceback (most recent call last):
  File "control_flow_test.py", line 266, in test_while_nested_composite_state
    test_fn, constant_op.constant(5), 0, symbols={'TestClass': TestClass})
  File "control_flow_test.py", line 58, in assertTransformedResult
    (constant_op.constant,)) as result:
  File "C:\ProgramData\Anaconda3\envs\keras\lib\contextlib.py", line 81, in __enter__
    return next(self.gen)
  File "C:\ProgramData\Anaconda3\envs\keras\lib\site-packages\tensorflow_core\python\autograph\core\converter_testing.py", line 105, in converted
    with self.compiled(node, namespace, tf_symbols) as result:
  File "C:\ProgramData\Anaconda3\envs\keras\lib\contextlib.py", line 81, in __enter__
    return next(self.gen)
  File "C:\ProgramData\Anaconda3\envs\keras\lib\site-packages\tensorflow_core\python\autograph\core\converter_testing.py", line 89, in compiled
    print('Offending AST:\n%s' % pretty_printer.fmt(node, color=False))
  File "C:\ProgramData\Anaconda3\envs\keras\lib\site-packages\tensorflow_core\python\autograph\pyct\pretty_printer.py", line 135, in fmt
    printer.visit(node)
  File "C:\ProgramData\Anaconda3\envs\keras\lib\ast.py", line 253, in visit
    return visitor(node)
  File "C:\ProgramData\Anaconda3\envs\keras\lib\site-packages\tensorflow_core\python\autograph\pyct\pretty_printer.py", line 70, in generic_visit
    if node._fields:
AttributeError: 'NoneType' object has no attribute '_fields'

======================================================================
ERROR: test_while_single_output (__main__.ControlFlowTest)
ControlFlowTest.test_while_single_output
----------------------------------------------------------------------
Traceback (most recent call last):
  File "C:\ProgramData\Anaconda3\envs\keras\lib\site-packages\tensorflow_core\python\autograph\core\converter_testing.py", line 69, in compiled
    node, include_source_map=True)
  File "C:\ProgramData\Anaconda3\envs\keras\lib\site-packages\tensorflow_core\python\autograph\pyct\compiler.py", line 134, in ast_to_object
    source = ast_to_source(nodes, indentation=indentation)
  File "C:\ProgramData\Anaconda3\envs\keras\lib\site-packages\tensorflow_core\python\autograph\pyct\compiler.py", line 61, in ast_to_source
    generator.visit(n)
  File "C:\ProgramData\Anaconda3\envs\keras\lib\site-packages\astor\node_util.py", line 143, in visit
    return visitor(node)
  File "C:\ProgramData\Anaconda3\envs\keras\lib\site-packages\astor\node_util.py", line 137, in abort_visit
    raise AttributeError(msg % node.__class__.__name__)
AttributeError: No defined handler for node of type NoneType

During handling of the above exception, another exception occurred:

Traceback (most recent call last):
  File "C:\ProgramData\Anaconda3\envs\keras\lib\site-packages\tensorflow_core\python\framework\test_util.py", line 1216, in decorated
    return f(self, *args, **kwargs)
  File "control_flow_test.py", line 144, in test_while_single_output
    self.assertTransformedResult(test_fn, constant_op.constant(5), 0)
  File "control_flow_test.py", line 58, in assertTransformedResult
    (constant_op.constant,)) as result:
  File "C:\ProgramData\Anaconda3\envs\keras\lib\contextlib.py", line 81, in __enter__
    return next(self.gen)
  File "C:\ProgramData\Anaconda3\envs\keras\lib\site-packages\tensorflow_core\python\autograph\core\converter_testing.py", line 105, in converted
    with self.compiled(node, namespace, tf_symbols) as result:
  File "C:\ProgramData\Anaconda3\envs\keras\lib\contextlib.py", line 81, in __enter__
    return next(self.gen)
  File "C:\ProgramData\Anaconda3\envs\keras\lib\site-packages\tensorflow_core\python\autograph\core\converter_testing.py", line 89, in compiled
    print('Offending AST:\n%s' % pretty_printer.fmt(node, color=False))
  File "C:\ProgramData\Anaconda3\envs\keras\lib\site-packages\tensorflow_core\python\autograph\pyct\pretty_printer.py", line 135, in fmt
    printer.visit(node)
  File "C:\ProgramData\Anaconda3\envs\keras\lib\ast.py", line 253, in visit
    return visitor(node)
  File "C:\ProgramData\Anaconda3\envs\keras\lib\site-packages\tensorflow_core\python\autograph\pyct\pretty_printer.py", line 70, in generic_visit
    if node._fields:
AttributeError: 'NoneType' object has no attribute '_fields'

----------------------------------------------------------------------
Ran 26 tests in 0.984s

FAILED (errors=25, skipped=1)
