2020-10-06 16:34:53.107970: I tensorflow/stream_executor/platform/default/dso_loader.cc:44] Successfully opened dynamic library cudart64_100.dll
Running tests under Python 3.6.12: C:\ProgramData\Anaconda3\envs\keras\python.exe
[ RUN      ] ControlFlowTest.test_for_composite_state_initialized_in_loop
[  FAILED  ] ControlFlowTest.test_for_composite_state_initialized_in_loop
[ RUN      ] ControlFlowTest.test_for_iterated_expression
[       OK ] ControlFlowTest.test_for_iterated_expression
[ RUN      ] ControlFlowTest.test_for_single_output
WARNING:tensorflow:From C:\ProgramData\Anaconda3\envs\keras\lib\contextlib.py:60: TensorFlowTestCase.test_session (from tensorflow.python.framework.test_util) is deprecated and will be removed in a future version.
Instructions for updating:
Use `self.session()` or `self.cached_session()` instead.
W1006 16:34:58.162487 19688 deprecation.py:323] From C:\ProgramData\Anaconda3\envs\keras\lib\contextlib.py:60: TensorFlowTestCase.test_session (from tensorflow.python.framework.test_util) is deprecated and will be removed in a future version.
Instructions for updating:
Use `self.session()` or `self.cached_session()` instead.
2020-10-06 16:34:58.177364: I tensorflow/stream_executor/platform/default/dso_loader.cc:44] Successfully opened dynamic library nvcuda.dll
2020-10-06 16:34:58.293962: I tensorflow/core/common_runtime/gpu/gpu_device.cc:1618] Found device 0 with properties: 
name: GeForce RTX 2080 Ti major: 7 minor: 5 memoryClockRate(GHz): 1.65
pciBusID: 0000:73:00.0
2020-10-06 16:34:58.294488: I tensorflow/stream_executor/platform/default/dso_loader.cc:44] Successfully opened dynamic library cudart64_100.dll
2020-10-06 16:34:58.298113: I tensorflow/stream_executor/platform/default/dso_loader.cc:44] Successfully opened dynamic library cublas64_100.dll
2020-10-06 16:34:58.301563: I tensorflow/stream_executor/platform/default/dso_loader.cc:44] Successfully opened dynamic library cufft64_100.dll
2020-10-06 16:34:58.303197: I tensorflow/stream_executor/platform/default/dso_loader.cc:44] Successfully opened dynamic library curand64_100.dll
2020-10-06 16:34:58.307865: I tensorflow/stream_executor/platform/default/dso_loader.cc:44] Successfully opened dynamic library cusolver64_100.dll
2020-10-06 16:34:58.311041: I tensorflow/stream_executor/platform/default/dso_loader.cc:44] Successfully opened dynamic library cusparse64_100.dll
2020-10-06 16:34:58.320675: I tensorflow/stream_executor/platform/default/dso_loader.cc:44] Successfully opened dynamic library cudnn64_7.dll
2020-10-06 16:34:58.321616: I tensorflow/core/common_runtime/gpu/gpu_device.cc:1746] Adding visible gpu devices: 0
2020-10-06 16:34:58.322236: I tensorflow/core/platform/cpu_feature_guard.cc:142] Your CPU supports instructions that this TensorFlow binary was not compiled to use: AVX2
2020-10-06 16:34:58.336775: I tensorflow/core/common_runtime/gpu/gpu_device.cc:1618] Found device 0 with properties: 
name: GeForce RTX 2080 Ti major: 7 minor: 5 memoryClockRate(GHz): 1.65
pciBusID: 0000:73:00.0
2020-10-06 16:34:58.337348: I tensorflow/stream_executor/platform/default/dso_loader.cc:44] Successfully opened dynamic library cudart64_100.dll
2020-10-06 16:34:58.337691: I tensorflow/stream_executor/platform/default/dso_loader.cc:44] Successfully opened dynamic library cublas64_100.dll
2020-10-06 16:34:58.338033: I tensorflow/stream_executor/platform/default/dso_loader.cc:44] Successfully opened dynamic library cufft64_100.dll
2020-10-06 16:34:58.338377: I tensorflow/stream_executor/platform/default/dso_loader.cc:44] Successfully opened dynamic library curand64_100.dll
2020-10-06 16:34:58.338722: I tensorflow/stream_executor/platform/default/dso_loader.cc:44] Successfully opened dynamic library cusolver64_100.dll
2020-10-06 16:34:58.339065: I tensorflow/stream_executor/platform/default/dso_loader.cc:44] Successfully opened dynamic library cusparse64_100.dll
2020-10-06 16:34:58.339409: I tensorflow/stream_executor/platform/default/dso_loader.cc:44] Successfully opened dynamic library cudnn64_7.dll
2020-10-06 16:34:58.340237: I tensorflow/core/common_runtime/gpu/gpu_device.cc:1746] Adding visible gpu devices: 0
2020-10-06 16:34:59.272507: I tensorflow/core/common_runtime/gpu/gpu_device.cc:1159] Device interconnect StreamExecutor with strength 1 edge matrix:
2020-10-06 16:34:59.272986: I tensorflow/core/common_runtime/gpu/gpu_device.cc:1165]      0 
2020-10-06 16:34:59.273270: I tensorflow/core/common_runtime/gpu/gpu_device.cc:1178] 0:   N 
2020-10-06 16:34:59.274022: I tensorflow/core/common_runtime/gpu/gpu_device.cc:1304] Created TensorFlow device (/job:localhost/replica:0/task:0/device:GPU:0 with 8686 MB memory) -> physical GPU (device: 0, name: GeForce RTX 2080 Ti, pci bus id: 0000:73:00.0, compute capability: 7.5)
[       OK ] ControlFlowTest.test_for_single_output
[ RUN      ] ControlFlowTest.test_for_tuple_unpacking
2020-10-06 16:34:59.845724: I tensorflow/core/common_runtime/gpu/gpu_device.cc:1618] Found device 0 with properties: 
name: GeForce RTX 2080 Ti major: 7 minor: 5 memoryClockRate(GHz): 1.65
pciBusID: 0000:73:00.0
2020-10-06 16:34:59.846773: I tensorflow/stream_executor/platform/default/dso_loader.cc:44] Successfully opened dynamic library cudart64_100.dll
2020-10-06 16:34:59.847457: I tensorflow/stream_executor/platform/default/dso_loader.cc:44] Successfully opened dynamic library cublas64_100.dll
2020-10-06 16:34:59.848144: I tensorflow/stream_executor/platform/default/dso_loader.cc:44] Successfully opened dynamic library cufft64_100.dll
2020-10-06 16:34:59.848817: I tensorflow/stream_executor/platform/default/dso_loader.cc:44] Successfully opened dynamic library curand64_100.dll
2020-10-06 16:34:59.849499: I tensorflow/stream_executor/platform/default/dso_loader.cc:44] Successfully opened dynamic library cusolver64_100.dll
2020-10-06 16:34:59.849995: I tensorflow/stream_executor/platform/default/dso_loader.cc:44] Successfully opened dynamic library cusparse64_100.dll
2020-10-06 16:34:59.850495: I tensorflow/stream_executor/platform/default/dso_loader.cc:44] Successfully opened dynamic library cudnn64_7.dll
2020-10-06 16:34:59.851267: I tensorflow/core/common_runtime/gpu/gpu_device.cc:1746] Adding visible gpu devices: 0
2020-10-06 16:34:59.851702: I tensorflow/core/common_runtime/gpu/gpu_device.cc:1159] Device interconnect StreamExecutor with strength 1 edge matrix:
2020-10-06 16:34:59.852198: I tensorflow/core/common_runtime/gpu/gpu_device.cc:1165]      0 
2020-10-06 16:34:59.852507: I tensorflow/core/common_runtime/gpu/gpu_device.cc:1178] 0:   N 
2020-10-06 16:34:59.853168: I tensorflow/core/common_runtime/gpu/gpu_device.cc:1304] Created TensorFlow device (/job:localhost/replica:0/task:0/device:GPU:0 with 8686 MB memory) -> physical GPU (device: 0, name: GeForce RTX 2080 Ti, pci bus id: 0000:73:00.0, compute capability: 7.5)
[       OK ] ControlFlowTest.test_for_tuple_unpacking
[ RUN      ] ControlFlowTest.test_for_with_comprehension_in_body
2020-10-06 16:34:59.923060: I tensorflow/core/common_runtime/gpu/gpu_device.cc:1618] Found device 0 with properties: 
name: GeForce RTX 2080 Ti major: 7 minor: 5 memoryClockRate(GHz): 1.65
pciBusID: 0000:73:00.0
2020-10-06 16:34:59.923595: I tensorflow/stream_executor/platform/default/dso_loader.cc:44] Successfully opened dynamic library cudart64_100.dll
2020-10-06 16:34:59.923943: I tensorflow/stream_executor/platform/default/dso_loader.cc:44] Successfully opened dynamic library cublas64_100.dll
2020-10-06 16:34:59.924285: I tensorflow/stream_executor/platform/default/dso_loader.cc:44] Successfully opened dynamic library cufft64_100.dll
2020-10-06 16:34:59.924621: I tensorflow/stream_executor/platform/default/dso_loader.cc:44] Successfully opened dynamic library curand64_100.dll
2020-10-06 16:34:59.924958: I tensorflow/stream_executor/platform/default/dso_loader.cc:44] Successfully opened dynamic library cusolver64_100.dll
2020-10-06 16:34:59.925300: I tensorflow/stream_executor/platform/default/dso_loader.cc:44] Successfully opened dynamic library cusparse64_100.dll
2020-10-06 16:34:59.925643: I tensorflow/stream_executor/platform/default/dso_loader.cc:44] Successfully opened dynamic library cudnn64_7.dll
2020-10-06 16:34:59.926254: I tensorflow/core/common_runtime/gpu/gpu_device.cc:1746] Adding visible gpu devices: 0
2020-10-06 16:34:59.926568: I tensorflow/core/common_runtime/gpu/gpu_device.cc:1159] Device interconnect StreamExecutor with strength 1 edge matrix:
2020-10-06 16:34:59.926917: I tensorflow/core/common_runtime/gpu/gpu_device.cc:1165]      0 
2020-10-06 16:34:59.927138: I tensorflow/core/common_runtime/gpu/gpu_device.cc:1178] 0:   N 
2020-10-06 16:34:59.927622: I tensorflow/core/common_runtime/gpu/gpu_device.cc:1304] Created TensorFlow device (/job:localhost/replica:0/task:0/device:GPU:0 with 8686 MB memory) -> physical GPU (device: 0, name: GeForce RTX 2080 Ti, pci bus id: 0000:73:00.0, compute capability: 7.5)
[       OK ] ControlFlowTest.test_for_with_comprehension_in_body
[ RUN      ] ControlFlowTest.test_if_basic
[  FAILED  ] ControlFlowTest.test_if_basic
[ RUN      ] ControlFlowTest.test_if_complex_outputs
[  FAILED  ] ControlFlowTest.test_if_complex_outputs
[ RUN      ] ControlFlowTest.test_if_local_var
[  FAILED  ] ControlFlowTest.test_if_local_var
[ RUN      ] ControlFlowTest.test_if_no_outputs
[  FAILED  ] ControlFlowTest.test_if_no_outputs
[ RUN      ] ControlFlowTest.test_if_semi
[  FAILED  ] ControlFlowTest.test_if_semi
[ RUN      ] ControlFlowTest.test_if_single_output
[  FAILED  ] ControlFlowTest.test_if_single_output
[ RUN      ] ControlFlowTest.test_if_sparse_tensor
[  FAILED  ] ControlFlowTest.test_if_sparse_tensor
[ RUN      ] ControlFlowTest.test_if_unbalanced_composite
[  FAILED  ] ControlFlowTest.test_if_unbalanced_composite
[ RUN      ] ControlFlowTest.test_if_unbalanced_multiple_composites
[  FAILED  ] ControlFlowTest.test_if_unbalanced_multiple_composites
[ RUN      ] ControlFlowTest.test_session
[  SKIPPED ] ControlFlowTest.test_session
[ RUN      ] ControlFlowTest.test_simple_for
2020-10-06 16:35:00.062205: I tensorflow/core/common_runtime/gpu/gpu_device.cc:1618] Found device 0 with properties: 
name: GeForce RTX 2080 Ti major: 7 minor: 5 memoryClockRate(GHz): 1.65
pciBusID: 0000:73:00.0
2020-10-06 16:35:00.062751: I tensorflow/stream_executor/platform/default/dso_loader.cc:44] Successfully opened dynamic library cudart64_100.dll
2020-10-06 16:35:00.063097: I tensorflow/stream_executor/platform/default/dso_loader.cc:44] Successfully opened dynamic library cublas64_100.dll
2020-10-06 16:35:00.063444: I tensorflow/stream_executor/platform/default/dso_loader.cc:44] Successfully opened dynamic library cufft64_100.dll
2020-10-06 16:35:00.063785: I tensorflow/stream_executor/platform/default/dso_loader.cc:44] Successfully opened dynamic library curand64_100.dll
2020-10-06 16:35:00.064160: I tensorflow/stream_executor/platform/default/dso_loader.cc:44] Successfully opened dynamic library cusolver64_100.dll
2020-10-06 16:35:00.064532: I tensorflow/stream_executor/platform/default/dso_loader.cc:44] Successfully opened dynamic library cusparse64_100.dll
2020-10-06 16:35:00.064968: I tensorflow/stream_executor/platform/default/dso_loader.cc:44] Successfully opened dynamic library cudnn64_7.dll
2020-10-06 16:35:00.065585: I tensorflow/core/common_runtime/gpu/gpu_device.cc:1746] Adding visible gpu devices: 0
2020-10-06 16:35:00.065922: I tensorflow/core/common_runtime/gpu/gpu_device.cc:1159] Device interconnect StreamExecutor with strength 1 edge matrix:
2020-10-06 16:35:00.066295: I tensorflow/core/common_runtime/gpu/gpu_device.cc:1165]      0 
2020-10-06 16:35:00.066528: I tensorflow/core/common_runtime/gpu/gpu_device.cc:1178] 0:   N 
2020-10-06 16:35:00.067035: I tensorflow/core/common_runtime/gpu/gpu_device.cc:1304] Created TensorFlow device (/job:localhost/replica:0/task:0/device:GPU:0 with 8686 MB memory) -> physical GPU (device: 0, name: GeForce RTX 2080 Ti, pci bus id: 0000:73:00.0, compute capability: 7.5)
[       OK ] ControlFlowTest.test_simple_for
[ RUN      ] ControlFlowTest.test_while_basic
2020-10-06 16:35:00.192902: I tensorflow/core/common_runtime/gpu/gpu_device.cc:1618] Found device 0 with properties: 
name: GeForce RTX 2080 Ti major: 7 minor: 5 memoryClockRate(GHz): 1.65
pciBusID: 0000:73:00.0
2020-10-06 16:35:00.193492: I tensorflow/stream_executor/platform/default/dso_loader.cc:44] Successfully opened dynamic library cudart64_100.dll
2020-10-06 16:35:00.193866: I tensorflow/stream_executor/platform/default/dso_loader.cc:44] Successfully opened dynamic library cublas64_100.dll
2020-10-06 16:35:00.194236: I tensorflow/stream_executor/platform/default/dso_loader.cc:44] Successfully opened dynamic library cufft64_100.dll
2020-10-06 16:35:00.194601: I tensorflow/stream_executor/platform/default/dso_loader.cc:44] Successfully opened dynamic library curand64_100.dll
2020-10-06 16:35:00.194964: I tensorflow/stream_executor/platform/default/dso_loader.cc:44] Successfully opened dynamic library cusolver64_100.dll
2020-10-06 16:35:00.195333: I tensorflow/stream_executor/platform/default/dso_loader.cc:44] Successfully opened dynamic library cusparse64_100.dll
2020-10-06 16:35:00.195707: I tensorflow/stream_executor/platform/default/dso_loader.cc:44] Successfully opened dynamic library cudnn64_7.dll
2020-10-06 16:35:00.196304: I tensorflow/core/common_runtime/gpu/gpu_device.cc:1746] Adding visible gpu devices: 0
2020-10-06 16:35:00.196638: I tensorflow/core/common_runtime/gpu/gpu_device.cc:1159] Device interconnect StreamExecutor with strength 1 edge matrix:
2020-10-06 16:35:00.197011: I tensorflow/core/common_runtime/gpu/gpu_device.cc:1165]      0 
2020-10-06 16:35:00.197243: I tensorflow/core/common_runtime/gpu/gpu_device.cc:1178] 0:   N 
2020-10-06 16:35:00.197757: I tensorflow/core/common_runtime/gpu/gpu_device.cc:1304] Created TensorFlow device (/job:localhost/replica:0/task:0/device:GPU:0 with 8686 MB memory) -> physical GPU (device: 0, name: GeForce RTX 2080 Ti, pci bus id: 0000:73:00.0, compute capability: 7.5)
[       OK ] ControlFlowTest.test_while_basic
[ RUN      ] ControlFlowTest.test_while_composite_state
2020-10-06 16:35:00.242064: I tensorflow/core/common_runtime/gpu/gpu_device.cc:1618] Found device 0 with properties: 
name: GeForce RTX 2080 Ti major: 7 minor: 5 memoryClockRate(GHz): 1.65
pciBusID: 0000:73:00.0
2020-10-06 16:35:00.242643: I tensorflow/stream_executor/platform/default/dso_loader.cc:44] Successfully opened dynamic library cudart64_100.dll
2020-10-06 16:35:00.243008: I tensorflow/stream_executor/platform/default/dso_loader.cc:44] Successfully opened dynamic library cublas64_100.dll
2020-10-06 16:35:00.243352: I tensorflow/stream_executor/platform/default/dso_loader.cc:44] Successfully opened dynamic library cufft64_100.dll
2020-10-06 16:35:00.243690: I tensorflow/stream_executor/platform/default/dso_loader.cc:44] Successfully opened dynamic library curand64_100.dll
2020-10-06 16:35:00.244031: I tensorflow/stream_executor/platform/default/dso_loader.cc:44] Successfully opened dynamic library cusolver64_100.dll
2020-10-06 16:35:00.244374: I tensorflow/stream_executor/platform/default/dso_loader.cc:44] Successfully opened dynamic library cusparse64_100.dll
2020-10-06 16:35:00.244717: I tensorflow/stream_executor/platform/default/dso_loader.cc:44] Successfully opened dynamic library cudnn64_7.dll
2020-10-06 16:35:00.245431: I tensorflow/core/common_runtime/gpu/gpu_device.cc:1746] Adding visible gpu devices: 0
2020-10-06 16:35:00.245739: I tensorflow/core/common_runtime/gpu/gpu_device.cc:1159] Device interconnect StreamExecutor with strength 1 edge matrix:
2020-10-06 16:35:00.246096: I tensorflow/core/common_runtime/gpu/gpu_device.cc:1165]      0 
2020-10-06 16:35:00.246313: I tensorflow/core/common_runtime/gpu/gpu_device.cc:1178] 0:   N 
2020-10-06 16:35:00.246797: I tensorflow/core/common_runtime/gpu/gpu_device.cc:1304] Created TensorFlow device (/job:localhost/replica:0/task:0/device:GPU:0 with 8686 MB memory) -> physical GPU (device: 0, name: GeForce RTX 2080 Ti, pci bus id: 0000:73:00.0, compute capability: 7.5)
[       OK ] ControlFlowTest.test_while_composite_state
[ RUN      ] ControlFlowTest.test_while_composite_state_initialized_in_loop
[  FAILED  ] ControlFlowTest.test_while_composite_state_initialized_in_loop
[ RUN      ] ControlFlowTest.test_while_dispatches_by_cond_only
2020-10-06 16:35:00.338255: I tensorflow/core/common_runtime/gpu/gpu_device.cc:1618] Found device 0 with properties: 
name: GeForce RTX 2080 Ti major: 7 minor: 5 memoryClockRate(GHz): 1.65
pciBusID: 0000:73:00.0
2020-10-06 16:35:00.339077: I tensorflow/stream_executor/platform/default/dso_loader.cc:44] Successfully opened dynamic library cudart64_100.dll
2020-10-06 16:35:00.339620: I tensorflow/stream_executor/platform/default/dso_loader.cc:44] Successfully opened dynamic library cublas64_100.dll
2020-10-06 16:35:00.340159: I tensorflow/stream_executor/platform/default/dso_loader.cc:44] Successfully opened dynamic library cufft64_100.dll
2020-10-06 16:35:00.340698: I tensorflow/stream_executor/platform/default/dso_loader.cc:44] Successfully opened dynamic library curand64_100.dll
2020-10-06 16:35:00.341233: I tensorflow/stream_executor/platform/default/dso_loader.cc:44] Successfully opened dynamic library cusolver64_100.dll
2020-10-06 16:35:00.341750: I tensorflow/stream_executor/platform/default/dso_loader.cc:44] Successfully opened dynamic library cusparse64_100.dll
2020-10-06 16:35:00.342094: I tensorflow/stream_executor/platform/default/dso_loader.cc:44] Successfully opened dynamic library cudnn64_7.dll
2020-10-06 16:35:00.342651: I tensorflow/core/common_runtime/gpu/gpu_device.cc:1746] Adding visible gpu devices: 0
2020-10-06 16:35:00.342959: I tensorflow/core/common_runtime/gpu/gpu_device.cc:1159] Device interconnect StreamExecutor with strength 1 edge matrix:
2020-10-06 16:35:00.343307: I tensorflow/core/common_runtime/gpu/gpu_device.cc:1165]      0 
2020-10-06 16:35:00.343526: I tensorflow/core/common_runtime/gpu/gpu_device.cc:1178] 0:   N 
2020-10-06 16:35:00.344014: I tensorflow/core/common_runtime/gpu/gpu_device.cc:1304] Created TensorFlow device (/job:localhost/replica:0/task:0/device:GPU:0 with 8686 MB memory) -> physical GPU (device: 0, name: GeForce RTX 2080 Ti, pci bus id: 0000:73:00.0, compute capability: 7.5)
[       OK ] ControlFlowTest.test_while_dispatches_by_cond_only
[ RUN      ] ControlFlowTest.test_while_local_composite
2020-10-06 16:35:00.411012: I tensorflow/core/common_runtime/gpu/gpu_device.cc:1618] Found device 0 with properties: 
name: GeForce RTX 2080 Ti major: 7 minor: 5 memoryClockRate(GHz): 1.65
pciBusID: 0000:73:00.0
2020-10-06 16:35:00.411544: I tensorflow/stream_executor/platform/default/dso_loader.cc:44] Successfully opened dynamic library cudart64_100.dll
2020-10-06 16:35:00.411886: I tensorflow/stream_executor/platform/default/dso_loader.cc:44] Successfully opened dynamic library cublas64_100.dll
2020-10-06 16:35:00.412302: I tensorflow/stream_executor/platform/default/dso_loader.cc:44] Successfully opened dynamic library cufft64_100.dll
2020-10-06 16:35:00.412667: I tensorflow/stream_executor/platform/default/dso_loader.cc:44] Successfully opened dynamic library curand64_100.dll
2020-10-06 16:35:00.413038: I tensorflow/stream_executor/platform/default/dso_loader.cc:44] Successfully opened dynamic library cusolver64_100.dll
2020-10-06 16:35:00.413405: I tensorflow/stream_executor/platform/default/dso_loader.cc:44] Successfully opened dynamic library cusparse64_100.dll
2020-10-06 16:35:00.413773: I tensorflow/stream_executor/platform/default/dso_loader.cc:44] Successfully opened dynamic library cudnn64_7.dll
2020-10-06 16:35:00.414331: I tensorflow/core/common_runtime/gpu/gpu_device.cc:1746] Adding visible gpu devices: 0
2020-10-06 16:35:00.414639: I tensorflow/core/common_runtime/gpu/gpu_device.cc:1159] Device interconnect StreamExecutor with strength 1 edge matrix:
2020-10-06 16:35:00.414985: I tensorflow/core/common_runtime/gpu/gpu_device.cc:1165]      0 
2020-10-06 16:35:00.415201: I tensorflow/core/common_runtime/gpu/gpu_device.cc:1178] 0:   N 
2020-10-06 16:35:00.415685: I tensorflow/core/common_runtime/gpu/gpu_device.cc:1304] Created TensorFlow device (/job:localhost/replica:0/task:0/device:GPU:0 with 8686 MB memory) -> physical GPU (device: 0, name: GeForce RTX 2080 Ti, pci bus id: 0000:73:00.0, compute capability: 7.5)
[       OK ] ControlFlowTest.test_while_local_composite
[ RUN      ] ControlFlowTest.test_while_local_composite_complex_illegal
[       OK ] ControlFlowTest.test_while_local_composite_complex_illegal
[ RUN      ] ControlFlowTest.test_while_local_composite_complex_nestable
2020-10-06 16:35:00.532707: I tensorflow/core/common_runtime/gpu/gpu_device.cc:1618] Found device 0 with properties: 
name: GeForce RTX 2080 Ti major: 7 minor: 5 memoryClockRate(GHz): 1.65
pciBusID: 0000:73:00.0
2020-10-06 16:35:00.533469: I tensorflow/stream_executor/platform/default/dso_loader.cc:44] Successfully opened dynamic library cudart64_100.dll
2020-10-06 16:35:00.533809: I tensorflow/stream_executor/platform/default/dso_loader.cc:44] Successfully opened dynamic library cublas64_100.dll
2020-10-06 16:35:00.534151: I tensorflow/stream_executor/platform/default/dso_loader.cc:44] Successfully opened dynamic library cufft64_100.dll
2020-10-06 16:35:00.534488: I tensorflow/stream_executor/platform/default/dso_loader.cc:44] Successfully opened dynamic library curand64_100.dll
2020-10-06 16:35:00.534827: I tensorflow/stream_executor/platform/default/dso_loader.cc:44] Successfully opened dynamic library cusolver64_100.dll
2020-10-06 16:35:00.535174: I tensorflow/stream_executor/platform/default/dso_loader.cc:44] Successfully opened dynamic library cusparse64_100.dll
2020-10-06 16:35:00.535550: I tensorflow/stream_executor/platform/default/dso_loader.cc:44] Successfully opened dynamic library cudnn64_7.dll
2020-10-06 16:35:00.536146: I tensorflow/core/common_runtime/gpu/gpu_device.cc:1746] Adding visible gpu devices: 0
2020-10-06 16:35:00.536478: I tensorflow/core/common_runtime/gpu/gpu_device.cc:1159] Device interconnect StreamExecutor with strength 1 edge matrix:
2020-10-06 16:35:00.536840: I tensorflow/core/common_runtime/gpu/gpu_device.cc:1165]      0 
2020-10-06 16:35:00.537057: I tensorflow/core/common_runtime/gpu/gpu_device.cc:1178] 0:   N 
2020-10-06 16:35:00.537628: I tensorflow/core/common_runtime/gpu/gpu_device.cc:1304] Created TensorFlow device (/job:localhost/replica:0/task:0/device:GPU:0 with 8686 MB memory) -> physical GPU (device: 0, name: GeForce RTX 2080 Ti, pci bus id: 0000:73:00.0, compute capability: 7.5)
[       OK ] ControlFlowTest.test_while_local_composite_complex_nestable
[ RUN      ] ControlFlowTest.test_while_nested
2020-10-06 16:35:00.623592: I tensorflow/core/common_runtime/gpu/gpu_device.cc:1618] Found device 0 with properties: 
name: GeForce RTX 2080 Ti major: 7 minor: 5 memoryClockRate(GHz): 1.65
pciBusID: 0000:73:00.0
2020-10-06 16:35:00.624121: I tensorflow/stream_executor/platform/default/dso_loader.cc:44] Successfully opened dynamic library cudart64_100.dll
2020-10-06 16:35:00.624464: I tensorflow/stream_executor/platform/default/dso_loader.cc:44] Successfully opened dynamic library cublas64_100.dll
2020-10-06 16:35:00.624807: I tensorflow/stream_executor/platform/default/dso_loader.cc:44] Successfully opened dynamic library cufft64_100.dll
2020-10-06 16:35:00.625148: I tensorflow/stream_executor/platform/default/dso_loader.cc:44] Successfully opened dynamic library curand64_100.dll
2020-10-06 16:35:00.625486: I tensorflow/stream_executor/platform/default/dso_loader.cc:44] Successfully opened dynamic library cusolver64_100.dll
2020-10-06 16:35:00.625830: I tensorflow/stream_executor/platform/default/dso_loader.cc:44] Successfully opened dynamic library cusparse64_100.dll
2020-10-06 16:35:00.626177: I tensorflow/stream_executor/platform/default/dso_loader.cc:44] Successfully opened dynamic library cudnn64_7.dll
2020-10-06 16:35:00.626741: I tensorflow/core/common_runtime/gpu/gpu_device.cc:1746] Adding visible gpu devices: 0
2020-10-06 16:35:00.627054: I tensorflow/core/common_runtime/gpu/gpu_device.cc:1159] Device interconnect StreamExecutor with strength 1 edge matrix:
2020-10-06 16:35:00.627402: I tensorflow/core/common_runtime/gpu/gpu_device.cc:1165]      0 
2020-10-06 16:35:00.627617: I tensorflow/core/common_runtime/gpu/gpu_device.cc:1178] 0:   N 
2020-10-06 16:35:00.628104: I tensorflow/core/common_runtime/gpu/gpu_device.cc:1304] Created TensorFlow device (/job:localhost/replica:0/task:0/device:GPU:0 with 8686 MB memory) -> physical GPU (device: 0, name: GeForce RTX 2080 Ti, pci bus id: 0000:73:00.0, compute capability: 7.5)
[       OK ] ControlFlowTest.test_while_nested
[ RUN      ] ControlFlowTest.test_while_nested_composite_state
[  FAILED  ] ControlFlowTest.test_while_nested_composite_state
[ RUN      ] ControlFlowTest.test_while_single_output
2020-10-06 16:35:00.708531: I tensorflow/core/common_runtime/gpu/gpu_device.cc:1618] Found device 0 with properties: 
name: GeForce RTX 2080 Ti major: 7 minor: 5 memoryClockRate(GHz): 1.65
pciBusID: 0000:73:00.0
2020-10-06 16:35:00.709557: I tensorflow/stream_executor/platform/default/dso_loader.cc:44] Successfully opened dynamic library cudart64_100.dll
2020-10-06 16:35:00.710198: I tensorflow/stream_executor/platform/default/dso_loader.cc:44] Successfully opened dynamic library cublas64_100.dll
2020-10-06 16:35:00.710833: I tensorflow/stream_executor/platform/default/dso_loader.cc:44] Successfully opened dynamic library cufft64_100.dll
2020-10-06 16:35:00.711463: I tensorflow/stream_executor/platform/default/dso_loader.cc:44] Successfully opened dynamic library curand64_100.dll
2020-10-06 16:35:00.712098: I tensorflow/stream_executor/platform/default/dso_loader.cc:44] Successfully opened dynamic library cusolver64_100.dll
2020-10-06 16:35:00.712738: I tensorflow/stream_executor/platform/default/dso_loader.cc:44] Successfully opened dynamic library cusparse64_100.dll
2020-10-06 16:35:00.713380: I tensorflow/stream_executor/platform/default/dso_loader.cc:44] Successfully opened dynamic library cudnn64_7.dll
2020-10-06 16:35:00.714329: I tensorflow/core/common_runtime/gpu/gpu_device.cc:1746] Adding visible gpu devices: 0
2020-10-06 16:35:00.714685: I tensorflow/core/common_runtime/gpu/gpu_device.cc:1159] Device interconnect StreamExecutor with strength 1 edge matrix:
2020-10-06 16:35:00.715086: I tensorflow/core/common_runtime/gpu/gpu_device.cc:1165]      0 
2020-10-06 16:35:00.715337: I tensorflow/core/common_runtime/gpu/gpu_device.cc:1178] 0:   N 
2020-10-06 16:35:00.715881: I tensorflow/core/common_runtime/gpu/gpu_device.cc:1304] Created TensorFlow device (/job:localhost/replica:0/task:0/device:GPU:0 with 8686 MB memory) -> physical GPU (device: 0, name: GeForce RTX 2080 Ti, pci bus id: 0000:73:00.0, compute capability: 7.5)
[       OK ] ControlFlowTest.test_while_single_output
======================================================================
ERROR: test_for_composite_state_initialized_in_loop (__main__.ControlFlowTest)
ControlFlowTest.test_for_composite_state_initialized_in_loop
----------------------------------------------------------------------
Traceback (most recent call last):
  File "control_flow_test.py", line 860, in test_for_composite_state_initialized_in_loop
    symbols={'TestClass': TestClass})
  File "control_flow_test.py", line 58, in assertTransformedResult
    (constant_op.constant,)) as result:
  File "C:\ProgramData\Anaconda3\envs\keras\lib\contextlib.py", line 81, in __enter__
    return next(self.gen)
  File "C:\ProgramData\Anaconda3\envs\keras\lib\site-packages\tensorflow_core\python\autograph\core\converter_testing.py", line 103, in converted
    node = m.transform(node, ctx)
  File "C:\ProgramData\Anaconda3\envs\keras\lib\site-packages\tensorflow_core\python\autograph\converters\control_flow.py", line 578, in transform
    node = ControlFlowTransformer(ctx).visit(node)
  File "C:\ProgramData\Anaconda3\envs\keras\lib\site-packages\tensorflow_core\python\autograph\core\converter.py", line 346, in visit
    return super(Base, self).visit(node)
  File "C:\ProgramData\Anaconda3\envs\keras\lib\site-packages\tensorflow_core\python\autograph\pyct\transformer.py", line 480, in visit
    result = super(Base, self).visit(node)
  File "C:\ProgramData\Anaconda3\envs\keras\lib\ast.py", line 253, in visit
    return visitor(node)
  File "C:\ProgramData\Anaconda3\envs\keras\lib\ast.py", line 308, in generic_visit
    value = self.visit(value)
  File "C:\ProgramData\Anaconda3\envs\keras\lib\site-packages\tensorflow_core\python\autograph\core\converter.py", line 346, in visit
    return super(Base, self).visit(node)
  File "C:\ProgramData\Anaconda3\envs\keras\lib\site-packages\tensorflow_core\python\autograph\pyct\transformer.py", line 480, in visit
    result = super(Base, self).visit(node)
  File "C:\ProgramData\Anaconda3\envs\keras\lib\ast.py", line 253, in visit
    return visitor(node)
  File "C:\ProgramData\Anaconda3\envs\keras\lib\site-packages\tensorflow_core\python\autograph\converters\control_flow.py", line 451, in visit_For
    node = self.generic_visit(node)
  File "C:\ProgramData\Anaconda3\envs\keras\lib\ast.py", line 308, in generic_visit
    value = self.visit(value)
  File "C:\ProgramData\Anaconda3\envs\keras\lib\site-packages\tensorflow_core\python\autograph\core\converter.py", line 346, in visit
    return super(Base, self).visit(node)
  File "C:\ProgramData\Anaconda3\envs\keras\lib\site-packages\tensorflow_core\python\autograph\pyct\transformer.py", line 480, in visit
    result = super(Base, self).visit(node)
  File "C:\ProgramData\Anaconda3\envs\keras\lib\ast.py", line 253, in visit
    return visitor(node)
  File "C:\ProgramData\Anaconda3\envs\keras\lib\site-packages\tensorflow_core\python\autograph\converters\control_flow.py", line 232, in visit_If
    node_body = ast_util.rename_symbols(node.body, alias_body_map)
AttributeError: 'NoneType' object has no attribute 'body'

======================================================================
ERROR: test_if_basic (__main__.ControlFlowTest)
ControlFlowTest.test_if_basic
----------------------------------------------------------------------
Traceback (most recent call last):
  File "C:\ProgramData\Anaconda3\envs\keras\lib\site-packages\tensorflow_core\python\framework\test_util.py", line 1216, in decorated
    return f(self, *args, **kwargs)
  File "control_flow_test.py", line 464, in test_if_basic
    self.assertTransformedResult(test_fn, constant_op.constant(1), (-1, 0))
  File "control_flow_test.py", line 58, in assertTransformedResult
    (constant_op.constant,)) as result:
  File "C:\ProgramData\Anaconda3\envs\keras\lib\contextlib.py", line 81, in __enter__
    return next(self.gen)
  File "C:\ProgramData\Anaconda3\envs\keras\lib\site-packages\tensorflow_core\python\autograph\core\converter_testing.py", line 103, in converted
    node = m.transform(node, ctx)
  File "C:\ProgramData\Anaconda3\envs\keras\lib\site-packages\tensorflow_core\python\autograph\converters\control_flow.py", line 578, in transform
    node = ControlFlowTransformer(ctx).visit(node)
  File "C:\ProgramData\Anaconda3\envs\keras\lib\site-packages\tensorflow_core\python\autograph\core\converter.py", line 346, in visit
    return super(Base, self).visit(node)
  File "C:\ProgramData\Anaconda3\envs\keras\lib\site-packages\tensorflow_core\python\autograph\pyct\transformer.py", line 480, in visit
    result = super(Base, self).visit(node)
  File "C:\ProgramData\Anaconda3\envs\keras\lib\ast.py", line 253, in visit
    return visitor(node)
  File "C:\ProgramData\Anaconda3\envs\keras\lib\ast.py", line 308, in generic_visit
    value = self.visit(value)
  File "C:\ProgramData\Anaconda3\envs\keras\lib\site-packages\tensorflow_core\python\autograph\core\converter.py", line 346, in visit
    return super(Base, self).visit(node)
  File "C:\ProgramData\Anaconda3\envs\keras\lib\site-packages\tensorflow_core\python\autograph\pyct\transformer.py", line 480, in visit
    result = super(Base, self).visit(node)
  File "C:\ProgramData\Anaconda3\envs\keras\lib\ast.py", line 253, in visit
    return visitor(node)
  File "C:\ProgramData\Anaconda3\envs\keras\lib\site-packages\tensorflow_core\python\autograph\converters\control_flow.py", line 232, in visit_If
    node_body = ast_util.rename_symbols(node.body, alias_body_map)
AttributeError: 'NoneType' object has no attribute 'body'

======================================================================
ERROR: test_if_complex_outputs (__main__.ControlFlowTest)
ControlFlowTest.test_if_complex_outputs
----------------------------------------------------------------------
Traceback (most recent call last):
  File "C:\ProgramData\Anaconda3\envs\keras\lib\site-packages\tensorflow_core\python\framework\test_util.py", line 1216, in decorated
    return f(self, *args, **kwargs)
  File "control_flow_test.py", line 530, in test_if_complex_outputs
    with self.converted(test_fn, control_flow, {}) as result:
  File "C:\ProgramData\Anaconda3\envs\keras\lib\contextlib.py", line 81, in __enter__
    return next(self.gen)
  File "C:\ProgramData\Anaconda3\envs\keras\lib\site-packages\tensorflow_core\python\autograph\core\converter_testing.py", line 103, in converted
    node = m.transform(node, ctx)
  File "C:\ProgramData\Anaconda3\envs\keras\lib\site-packages\tensorflow_core\python\autograph\converters\control_flow.py", line 578, in transform
    node = ControlFlowTransformer(ctx).visit(node)
  File "C:\ProgramData\Anaconda3\envs\keras\lib\site-packages\tensorflow_core\python\autograph\core\converter.py", line 346, in visit
    return super(Base, self).visit(node)
  File "C:\ProgramData\Anaconda3\envs\keras\lib\site-packages\tensorflow_core\python\autograph\pyct\transformer.py", line 480, in visit
    result = super(Base, self).visit(node)
  File "C:\ProgramData\Anaconda3\envs\keras\lib\ast.py", line 253, in visit
    return visitor(node)
  File "C:\ProgramData\Anaconda3\envs\keras\lib\ast.py", line 308, in generic_visit
    value = self.visit(value)
  File "C:\ProgramData\Anaconda3\envs\keras\lib\site-packages\tensorflow_core\python\autograph\core\converter.py", line 346, in visit
    return super(Base, self).visit(node)
  File "C:\ProgramData\Anaconda3\envs\keras\lib\site-packages\tensorflow_core\python\autograph\pyct\transformer.py", line 480, in visit
    result = super(Base, self).visit(node)
  File "C:\ProgramData\Anaconda3\envs\keras\lib\ast.py", line 253, in visit
    return visitor(node)
  File "C:\ProgramData\Anaconda3\envs\keras\lib\site-packages\tensorflow_core\python\autograph\converters\control_flow.py", line 232, in visit_If
    node_body = ast_util.rename_symbols(node.body, alias_body_map)
AttributeError: 'NoneType' object has no attribute 'body'

======================================================================
ERROR: test_if_local_var (__main__.ControlFlowTest)
ControlFlowTest.test_if_local_var
----------------------------------------------------------------------
Traceback (most recent call last):
  File "C:\ProgramData\Anaconda3\envs\keras\lib\site-packages\tensorflow_core\python\framework\test_util.py", line 1216, in decorated
    return f(self, *args, **kwargs)
  File "control_flow_test.py", line 602, in test_if_local_var
    self.assertTransformedResult(test_fn, constant_op.constant(1), 5)
  File "control_flow_test.py", line 58, in assertTransformedResult
    (constant_op.constant,)) as result:
  File "C:\ProgramData\Anaconda3\envs\keras\lib\contextlib.py", line 81, in __enter__
    return next(self.gen)
  File "C:\ProgramData\Anaconda3\envs\keras\lib\site-packages\tensorflow_core\python\autograph\core\converter_testing.py", line 103, in converted
    node = m.transform(node, ctx)
  File "C:\ProgramData\Anaconda3\envs\keras\lib\site-packages\tensorflow_core\python\autograph\converters\control_flow.py", line 578, in transform
    node = ControlFlowTransformer(ctx).visit(node)
  File "C:\ProgramData\Anaconda3\envs\keras\lib\site-packages\tensorflow_core\python\autograph\core\converter.py", line 346, in visit
    return super(Base, self).visit(node)
  File "C:\ProgramData\Anaconda3\envs\keras\lib\site-packages\tensorflow_core\python\autograph\pyct\transformer.py", line 480, in visit
    result = super(Base, self).visit(node)
  File "C:\ProgramData\Anaconda3\envs\keras\lib\ast.py", line 253, in visit
    return visitor(node)
  File "C:\ProgramData\Anaconda3\envs\keras\lib\ast.py", line 308, in generic_visit
    value = self.visit(value)
  File "C:\ProgramData\Anaconda3\envs\keras\lib\site-packages\tensorflow_core\python\autograph\core\converter.py", line 346, in visit
    return super(Base, self).visit(node)
  File "C:\ProgramData\Anaconda3\envs\keras\lib\site-packages\tensorflow_core\python\autograph\pyct\transformer.py", line 480, in visit
    result = super(Base, self).visit(node)
  File "C:\ProgramData\Anaconda3\envs\keras\lib\ast.py", line 253, in visit
    return visitor(node)
  File "C:\ProgramData\Anaconda3\envs\keras\lib\site-packages\tensorflow_core\python\autograph\converters\control_flow.py", line 232, in visit_If
    node_body = ast_util.rename_symbols(node.body, alias_body_map)
AttributeError: 'NoneType' object has no attribute 'body'

======================================================================
ERROR: test_if_no_outputs (__main__.ControlFlowTest)
ControlFlowTest.test_if_no_outputs
----------------------------------------------------------------------
Traceback (most recent call last):
  File "C:\ProgramData\Anaconda3\envs\keras\lib\site-packages\tensorflow_core\python\framework\test_util.py", line 1216, in decorated
    return f(self, *args, **kwargs)
  File "control_flow_test.py", line 628, in test_if_no_outputs
    self.assertTransformedResult(test_fn, constant_op.constant(1), 1)
  File "control_flow_test.py", line 58, in assertTransformedResult
    (constant_op.constant,)) as result:
  File "C:\ProgramData\Anaconda3\envs\keras\lib\contextlib.py", line 81, in __enter__
    return next(self.gen)
  File "C:\ProgramData\Anaconda3\envs\keras\lib\site-packages\tensorflow_core\python\autograph\core\converter_testing.py", line 103, in converted
    node = m.transform(node, ctx)
  File "C:\ProgramData\Anaconda3\envs\keras\lib\site-packages\tensorflow_core\python\autograph\converters\control_flow.py", line 578, in transform
    node = ControlFlowTransformer(ctx).visit(node)
  File "C:\ProgramData\Anaconda3\envs\keras\lib\site-packages\tensorflow_core\python\autograph\core\converter.py", line 346, in visit
    return super(Base, self).visit(node)
  File "C:\ProgramData\Anaconda3\envs\keras\lib\site-packages\tensorflow_core\python\autograph\pyct\transformer.py", line 480, in visit
    result = super(Base, self).visit(node)
  File "C:\ProgramData\Anaconda3\envs\keras\lib\ast.py", line 253, in visit
    return visitor(node)
  File "C:\ProgramData\Anaconda3\envs\keras\lib\ast.py", line 308, in generic_visit
    value = self.visit(value)
  File "C:\ProgramData\Anaconda3\envs\keras\lib\site-packages\tensorflow_core\python\autograph\core\converter.py", line 346, in visit
    return super(Base, self).visit(node)
  File "C:\ProgramData\Anaconda3\envs\keras\lib\site-packages\tensorflow_core\python\autograph\pyct\transformer.py", line 480, in visit
    result = super(Base, self).visit(node)
  File "C:\ProgramData\Anaconda3\envs\keras\lib\ast.py", line 253, in visit
    return visitor(node)
  File "C:\ProgramData\Anaconda3\envs\keras\lib\site-packages\tensorflow_core\python\autograph\converters\control_flow.py", line 232, in visit_If
    node_body = ast_util.rename_symbols(node.body, alias_body_map)
AttributeError: 'NoneType' object has no attribute 'body'

======================================================================
ERROR: test_if_semi (__main__.ControlFlowTest)
ControlFlowTest.test_if_semi
----------------------------------------------------------------------
Traceback (most recent call last):
  File "C:\ProgramData\Anaconda3\envs\keras\lib\site-packages\tensorflow_core\python\framework\test_util.py", line 1216, in decorated
    return f(self, *args, **kwargs)
  File "control_flow_test.py", line 578, in test_if_semi
    self.assertTransformedResult(test_fn, constant_op.constant(2), 3)
  File "control_flow_test.py", line 58, in assertTransformedResult
    (constant_op.constant,)) as result:
  File "C:\ProgramData\Anaconda3\envs\keras\lib\contextlib.py", line 81, in __enter__
    return next(self.gen)
  File "C:\ProgramData\Anaconda3\envs\keras\lib\site-packages\tensorflow_core\python\autograph\core\converter_testing.py", line 103, in converted
    node = m.transform(node, ctx)
  File "C:\ProgramData\Anaconda3\envs\keras\lib\site-packages\tensorflow_core\python\autograph\converters\control_flow.py", line 578, in transform
    node = ControlFlowTransformer(ctx).visit(node)
  File "C:\ProgramData\Anaconda3\envs\keras\lib\site-packages\tensorflow_core\python\autograph\core\converter.py", line 346, in visit
    return super(Base, self).visit(node)
  File "C:\ProgramData\Anaconda3\envs\keras\lib\site-packages\tensorflow_core\python\autograph\pyct\transformer.py", line 480, in visit
    result = super(Base, self).visit(node)
  File "C:\ProgramData\Anaconda3\envs\keras\lib\ast.py", line 253, in visit
    return visitor(node)
  File "C:\ProgramData\Anaconda3\envs\keras\lib\ast.py", line 308, in generic_visit
    value = self.visit(value)
  File "C:\ProgramData\Anaconda3\envs\keras\lib\site-packages\tensorflow_core\python\autograph\core\converter.py", line 346, in visit
    return super(Base, self).visit(node)
  File "C:\ProgramData\Anaconda3\envs\keras\lib\site-packages\tensorflow_core\python\autograph\pyct\transformer.py", line 480, in visit
    result = super(Base, self).visit(node)
  File "C:\ProgramData\Anaconda3\envs\keras\lib\ast.py", line 253, in visit
    return visitor(node)
  File "C:\ProgramData\Anaconda3\envs\keras\lib\site-packages\tensorflow_core\python\autograph\converters\control_flow.py", line 232, in visit_If
    node_body = ast_util.rename_symbols(node.body, alias_body_map)
AttributeError: 'NoneType' object has no attribute 'body'

======================================================================
ERROR: test_if_single_output (__main__.ControlFlowTest)
ControlFlowTest.test_if_single_output
----------------------------------------------------------------------
Traceback (most recent call last):
  File "C:\ProgramData\Anaconda3\envs\keras\lib\site-packages\tensorflow_core\python\framework\test_util.py", line 1216, in decorated
    return f(self, *args, **kwargs)
  File "control_flow_test.py", line 558, in test_if_single_output
    self.assertTransformedResult(test_fn, constant_op.constant(1), -1)
  File "control_flow_test.py", line 58, in assertTransformedResult
    (constant_op.constant,)) as result:
  File "C:\ProgramData\Anaconda3\envs\keras\lib\contextlib.py", line 81, in __enter__
    return next(self.gen)
  File "C:\ProgramData\Anaconda3\envs\keras\lib\site-packages\tensorflow_core\python\autograph\core\converter_testing.py", line 103, in converted
    node = m.transform(node, ctx)
  File "C:\ProgramData\Anaconda3\envs\keras\lib\site-packages\tensorflow_core\python\autograph\converters\control_flow.py", line 578, in transform
    node = ControlFlowTransformer(ctx).visit(node)
  File "C:\ProgramData\Anaconda3\envs\keras\lib\site-packages\tensorflow_core\python\autograph\core\converter.py", line 346, in visit
    return super(Base, self).visit(node)
  File "C:\ProgramData\Anaconda3\envs\keras\lib\site-packages\tensorflow_core\python\autograph\pyct\transformer.py", line 480, in visit
    result = super(Base, self).visit(node)
  File "C:\ProgramData\Anaconda3\envs\keras\lib\ast.py", line 253, in visit
    return visitor(node)
  File "C:\ProgramData\Anaconda3\envs\keras\lib\ast.py", line 308, in generic_visit
    value = self.visit(value)
  File "C:\ProgramData\Anaconda3\envs\keras\lib\site-packages\tensorflow_core\python\autograph\core\converter.py", line 346, in visit
    return super(Base, self).visit(node)
  File "C:\ProgramData\Anaconda3\envs\keras\lib\site-packages\tensorflow_core\python\autograph\pyct\transformer.py", line 480, in visit
    result = super(Base, self).visit(node)
  File "C:\ProgramData\Anaconda3\envs\keras\lib\ast.py", line 253, in visit
    return visitor(node)
  File "C:\ProgramData\Anaconda3\envs\keras\lib\site-packages\tensorflow_core\python\autograph\converters\control_flow.py", line 232, in visit_If
    node_body = ast_util.rename_symbols(node.body, alias_body_map)
AttributeError: 'NoneType' object has no attribute 'body'

======================================================================
ERROR: test_if_sparse_tensor (__main__.ControlFlowTest)
ControlFlowTest.test_if_sparse_tensor
----------------------------------------------------------------------
Traceback (most recent call last):
  File "control_flow_test.py", line 488, in test_if_sparse_tensor
    self.assertTransformedResult(test_fn, (st, constant_op.constant(1)), -1)
  File "control_flow_test.py", line 58, in assertTransformedResult
    (constant_op.constant,)) as result:
  File "C:\ProgramData\Anaconda3\envs\keras\lib\contextlib.py", line 81, in __enter__
    return next(self.gen)
  File "C:\ProgramData\Anaconda3\envs\keras\lib\site-packages\tensorflow_core\python\autograph\core\converter_testing.py", line 103, in converted
    node = m.transform(node, ctx)
  File "C:\ProgramData\Anaconda3\envs\keras\lib\site-packages\tensorflow_core\python\autograph\converters\control_flow.py", line 578, in transform
    node = ControlFlowTransformer(ctx).visit(node)
  File "C:\ProgramData\Anaconda3\envs\keras\lib\site-packages\tensorflow_core\python\autograph\core\converter.py", line 346, in visit
    return super(Base, self).visit(node)
  File "C:\ProgramData\Anaconda3\envs\keras\lib\site-packages\tensorflow_core\python\autograph\pyct\transformer.py", line 480, in visit
    result = super(Base, self).visit(node)
  File "C:\ProgramData\Anaconda3\envs\keras\lib\ast.py", line 253, in visit
    return visitor(node)
  File "C:\ProgramData\Anaconda3\envs\keras\lib\ast.py", line 308, in generic_visit
    value = self.visit(value)
  File "C:\ProgramData\Anaconda3\envs\keras\lib\site-packages\tensorflow_core\python\autograph\core\converter.py", line 346, in visit
    return super(Base, self).visit(node)
  File "C:\ProgramData\Anaconda3\envs\keras\lib\site-packages\tensorflow_core\python\autograph\pyct\transformer.py", line 480, in visit
    result = super(Base, self).visit(node)
  File "C:\ProgramData\Anaconda3\envs\keras\lib\ast.py", line 253, in visit
    return visitor(node)
  File "C:\ProgramData\Anaconda3\envs\keras\lib\site-packages\tensorflow_core\python\autograph\converters\control_flow.py", line 232, in visit_If
    node_body = ast_util.rename_symbols(node.body, alias_body_map)
AttributeError: 'NoneType' object has no attribute 'body'

======================================================================
ERROR: test_if_unbalanced_composite (__main__.ControlFlowTest)
ControlFlowTest.test_if_unbalanced_composite
----------------------------------------------------------------------
Traceback (most recent call last):
  File "C:\ProgramData\Anaconda3\envs\keras\lib\site-packages\tensorflow_core\python\framework\test_util.py", line 1216, in decorated
    return f(self, *args, **kwargs)
  File "control_flow_test.py", line 718, in test_if_unbalanced_composite
    (7, 13))
  File "control_flow_test.py", line 58, in assertTransformedResult
    (constant_op.constant,)) as result:
  File "C:\ProgramData\Anaconda3\envs\keras\lib\contextlib.py", line 81, in __enter__
    return next(self.gen)
  File "C:\ProgramData\Anaconda3\envs\keras\lib\site-packages\tensorflow_core\python\autograph\core\converter_testing.py", line 103, in converted
    node = m.transform(node, ctx)
  File "C:\ProgramData\Anaconda3\envs\keras\lib\site-packages\tensorflow_core\python\autograph\converters\control_flow.py", line 578, in transform
    node = ControlFlowTransformer(ctx).visit(node)
  File "C:\ProgramData\Anaconda3\envs\keras\lib\site-packages\tensorflow_core\python\autograph\core\converter.py", line 346, in visit
    return super(Base, self).visit(node)
  File "C:\ProgramData\Anaconda3\envs\keras\lib\site-packages\tensorflow_core\python\autograph\pyct\transformer.py", line 480, in visit
    result = super(Base, self).visit(node)
  File "C:\ProgramData\Anaconda3\envs\keras\lib\ast.py", line 253, in visit
    return visitor(node)
  File "C:\ProgramData\Anaconda3\envs\keras\lib\ast.py", line 308, in generic_visit
    value = self.visit(value)
  File "C:\ProgramData\Anaconda3\envs\keras\lib\site-packages\tensorflow_core\python\autograph\core\converter.py", line 346, in visit
    return super(Base, self).visit(node)
  File "C:\ProgramData\Anaconda3\envs\keras\lib\site-packages\tensorflow_core\python\autograph\pyct\transformer.py", line 480, in visit
    result = super(Base, self).visit(node)
  File "C:\ProgramData\Anaconda3\envs\keras\lib\ast.py", line 253, in visit
    return visitor(node)
  File "C:\ProgramData\Anaconda3\envs\keras\lib\site-packages\tensorflow_core\python\autograph\converters\control_flow.py", line 232, in visit_If
    node_body = ast_util.rename_symbols(node.body, alias_body_map)
AttributeError: 'NoneType' object has no attribute 'body'

======================================================================
ERROR: test_if_unbalanced_multiple_composites (__main__.ControlFlowTest)
ControlFlowTest.test_if_unbalanced_multiple_composites
----------------------------------------------------------------------
Traceback (most recent call last):
  File "C:\ProgramData\Anaconda3\envs\keras\lib\site-packages\tensorflow_core\python\framework\test_util.py", line 1216, in decorated
    return f(self, *args, **kwargs)
  File "control_flow_test.py", line 674, in test_if_unbalanced_multiple_composites
    (7, 11, 13))
  File "control_flow_test.py", line 58, in assertTransformedResult
    (constant_op.constant,)) as result:
  File "C:\ProgramData\Anaconda3\envs\keras\lib\contextlib.py", line 81, in __enter__
    return next(self.gen)
  File "C:\ProgramData\Anaconda3\envs\keras\lib\site-packages\tensorflow_core\python\autograph\core\converter_testing.py", line 103, in converted
    node = m.transform(node, ctx)
  File "C:\ProgramData\Anaconda3\envs\keras\lib\site-packages\tensorflow_core\python\autograph\converters\control_flow.py", line 578, in transform
    node = ControlFlowTransformer(ctx).visit(node)
  File "C:\ProgramData\Anaconda3\envs\keras\lib\site-packages\tensorflow_core\python\autograph\core\converter.py", line 346, in visit
    return super(Base, self).visit(node)
  File "C:\ProgramData\Anaconda3\envs\keras\lib\site-packages\tensorflow_core\python\autograph\pyct\transformer.py", line 480, in visit
    result = super(Base, self).visit(node)
  File "C:\ProgramData\Anaconda3\envs\keras\lib\ast.py", line 253, in visit
    return visitor(node)
  File "C:\ProgramData\Anaconda3\envs\keras\lib\ast.py", line 308, in generic_visit
    value = self.visit(value)
  File "C:\ProgramData\Anaconda3\envs\keras\lib\site-packages\tensorflow_core\python\autograph\core\converter.py", line 346, in visit
    return super(Base, self).visit(node)
  File "C:\ProgramData\Anaconda3\envs\keras\lib\site-packages\tensorflow_core\python\autograph\pyct\transformer.py", line 480, in visit
    result = super(Base, self).visit(node)
  File "C:\ProgramData\Anaconda3\envs\keras\lib\ast.py", line 253, in visit
    return visitor(node)
  File "C:\ProgramData\Anaconda3\envs\keras\lib\site-packages\tensorflow_core\python\autograph\converters\control_flow.py", line 232, in visit_If
    node_body = ast_util.rename_symbols(node.body, alias_body_map)
AttributeError: 'NoneType' object has no attribute 'body'

======================================================================
ERROR: test_while_composite_state_initialized_in_loop (__main__.ControlFlowTest)
ControlFlowTest.test_while_composite_state_initialized_in_loop
----------------------------------------------------------------------
Traceback (most recent call last):
  File "control_flow_test.py", line 218, in test_while_composite_state_initialized_in_loop
    symbols={'TestClass': TestClass})
  File "control_flow_test.py", line 58, in assertTransformedResult
    (constant_op.constant,)) as result:
  File "C:\ProgramData\Anaconda3\envs\keras\lib\contextlib.py", line 81, in __enter__
    return next(self.gen)
  File "C:\ProgramData\Anaconda3\envs\keras\lib\site-packages\tensorflow_core\python\autograph\core\converter_testing.py", line 103, in converted
    node = m.transform(node, ctx)
  File "C:\ProgramData\Anaconda3\envs\keras\lib\site-packages\tensorflow_core\python\autograph\converters\control_flow.py", line 578, in transform
    node = ControlFlowTransformer(ctx).visit(node)
  File "C:\ProgramData\Anaconda3\envs\keras\lib\site-packages\tensorflow_core\python\autograph\core\converter.py", line 346, in visit
    return super(Base, self).visit(node)
  File "C:\ProgramData\Anaconda3\envs\keras\lib\site-packages\tensorflow_core\python\autograph\pyct\transformer.py", line 480, in visit
    result = super(Base, self).visit(node)
  File "C:\ProgramData\Anaconda3\envs\keras\lib\ast.py", line 253, in visit
    return visitor(node)
  File "C:\ProgramData\Anaconda3\envs\keras\lib\ast.py", line 308, in generic_visit
    value = self.visit(value)
  File "C:\ProgramData\Anaconda3\envs\keras\lib\site-packages\tensorflow_core\python\autograph\core\converter.py", line 346, in visit
    return super(Base, self).visit(node)
  File "C:\ProgramData\Anaconda3\envs\keras\lib\site-packages\tensorflow_core\python\autograph\pyct\transformer.py", line 480, in visit
    result = super(Base, self).visit(node)
  File "C:\ProgramData\Anaconda3\envs\keras\lib\ast.py", line 253, in visit
    return visitor(node)
  File "C:\ProgramData\Anaconda3\envs\keras\lib\site-packages\tensorflow_core\python\autograph\converters\control_flow.py", line 367, in visit_While
    node = self.generic_visit(node)
  File "C:\ProgramData\Anaconda3\envs\keras\lib\ast.py", line 308, in generic_visit
    value = self.visit(value)
  File "C:\ProgramData\Anaconda3\envs\keras\lib\site-packages\tensorflow_core\python\autograph\core\converter.py", line 346, in visit
    return super(Base, self).visit(node)
  File "C:\ProgramData\Anaconda3\envs\keras\lib\site-packages\tensorflow_core\python\autograph\pyct\transformer.py", line 480, in visit
    result = super(Base, self).visit(node)
  File "C:\ProgramData\Anaconda3\envs\keras\lib\ast.py", line 253, in visit
    return visitor(node)
  File "C:\ProgramData\Anaconda3\envs\keras\lib\site-packages\tensorflow_core\python\autograph\converters\control_flow.py", line 232, in visit_If
    node_body = ast_util.rename_symbols(node.body, alias_body_map)
AttributeError: 'NoneType' object has no attribute 'body'

======================================================================
ERROR: test_while_nested_composite_state (__main__.ControlFlowTest)
ControlFlowTest.test_while_nested_composite_state
----------------------------------------------------------------------
Traceback (most recent call last):
  File "control_flow_test.py", line 266, in test_while_nested_composite_state
    test_fn, constant_op.constant(5), 0, symbols={'TestClass': TestClass})
  File "control_flow_test.py", line 58, in assertTransformedResult
    (constant_op.constant,)) as result:
  File "C:\ProgramData\Anaconda3\envs\keras\lib\contextlib.py", line 81, in __enter__
    return next(self.gen)
  File "C:\ProgramData\Anaconda3\envs\keras\lib\site-packages\tensorflow_core\python\autograph\core\converter_testing.py", line 103, in converted
    node = m.transform(node, ctx)
  File "C:\ProgramData\Anaconda3\envs\keras\lib\site-packages\tensorflow_core\python\autograph\converters\control_flow.py", line 578, in transform
    node = ControlFlowTransformer(ctx).visit(node)
  File "C:\ProgramData\Anaconda3\envs\keras\lib\site-packages\tensorflow_core\python\autograph\core\converter.py", line 346, in visit
    return super(Base, self).visit(node)
  File "C:\ProgramData\Anaconda3\envs\keras\lib\site-packages\tensorflow_core\python\autograph\pyct\transformer.py", line 480, in visit
    result = super(Base, self).visit(node)
  File "C:\ProgramData\Anaconda3\envs\keras\lib\ast.py", line 253, in visit
    return visitor(node)
  File "C:\ProgramData\Anaconda3\envs\keras\lib\ast.py", line 308, in generic_visit
    value = self.visit(value)
  File "C:\ProgramData\Anaconda3\envs\keras\lib\site-packages\tensorflow_core\python\autograph\core\converter.py", line 346, in visit
    return super(Base, self).visit(node)
  File "C:\ProgramData\Anaconda3\envs\keras\lib\site-packages\tensorflow_core\python\autograph\pyct\transformer.py", line 480, in visit
    result = super(Base, self).visit(node)
  File "C:\ProgramData\Anaconda3\envs\keras\lib\ast.py", line 253, in visit
    return visitor(node)
  File "C:\ProgramData\Anaconda3\envs\keras\lib\site-packages\tensorflow_core\python\autograph\converters\control_flow.py", line 367, in visit_While
    node = self.generic_visit(node)
  File "C:\ProgramData\Anaconda3\envs\keras\lib\ast.py", line 308, in generic_visit
    value = self.visit(value)
  File "C:\ProgramData\Anaconda3\envs\keras\lib\site-packages\tensorflow_core\python\autograph\core\converter.py", line 346, in visit
    return super(Base, self).visit(node)
  File "C:\ProgramData\Anaconda3\envs\keras\lib\site-packages\tensorflow_core\python\autograph\pyct\transformer.py", line 480, in visit
    result = super(Base, self).visit(node)
  File "C:\ProgramData\Anaconda3\envs\keras\lib\ast.py", line 253, in visit
    return visitor(node)
  File "C:\ProgramData\Anaconda3\envs\keras\lib\site-packages\tensorflow_core\python\autograph\converters\control_flow.py", line 232, in visit_If
    node_body = ast_util.rename_symbols(node.body, alias_body_map)
AttributeError: 'NoneType' object has no attribute 'body'

----------------------------------------------------------------------
Ran 26 tests in 3.734s

FAILED (errors=12, skipped=1)
