2020-10-06 16:33:49.983961: I tensorflow/stream_executor/platform/default/dso_loader.cc:44] Successfully opened dynamic library cudart64_100.dll
Running tests under Python 3.6.12: C:\ProgramData\Anaconda3\envs\keras\python.exe
[ RUN      ] ControlFlowTest.test_for_composite_state_initialized_in_loop
[  FAILED  ] ControlFlowTest.test_for_composite_state_initialized_in_loop
[ RUN      ] ControlFlowTest.test_for_iterated_expression
[       OK ] ControlFlowTest.test_for_iterated_expression
[ RUN      ] ControlFlowTest.test_for_single_output
WARNING:tensorflow:From C:\ProgramData\Anaconda3\envs\keras\lib\contextlib.py:60: TensorFlowTestCase.test_session (from tensorflow.python.framework.test_util) is deprecated and will be removed in a future version.
Instructions for updating:
Use `self.session()` or `self.cached_session()` instead.
W1006 16:33:53.957847  6372 deprecation.py:323] From C:\ProgramData\Anaconda3\envs\keras\lib\contextlib.py:60: TensorFlowTestCase.test_session (from tensorflow.python.framework.test_util) is deprecated and will be removed in a future version.
Instructions for updating:
Use `self.session()` or `self.cached_session()` instead.
2020-10-06 16:33:53.969053: I tensorflow/stream_executor/platform/default/dso_loader.cc:44] Successfully opened dynamic library nvcuda.dll
2020-10-06 16:33:54.096481: I tensorflow/core/common_runtime/gpu/gpu_device.cc:1618] Found device 0 with properties: 
name: GeForce RTX 2080 Ti major: 7 minor: 5 memoryClockRate(GHz): 1.65
pciBusID: 0000:73:00.0
2020-10-06 16:33:54.097030: I tensorflow/stream_executor/platform/default/dso_loader.cc:44] Successfully opened dynamic library cudart64_100.dll
2020-10-06 16:33:54.100565: I tensorflow/stream_executor/platform/default/dso_loader.cc:44] Successfully opened dynamic library cublas64_100.dll
2020-10-06 16:33:54.104102: I tensorflow/stream_executor/platform/default/dso_loader.cc:44] Successfully opened dynamic library cufft64_100.dll
2020-10-06 16:33:54.105856: I tensorflow/stream_executor/platform/default/dso_loader.cc:44] Successfully opened dynamic library curand64_100.dll
2020-10-06 16:33:54.110629: I tensorflow/stream_executor/platform/default/dso_loader.cc:44] Successfully opened dynamic library cusolver64_100.dll
2020-10-06 16:33:54.113755: I tensorflow/stream_executor/platform/default/dso_loader.cc:44] Successfully opened dynamic library cusparse64_100.dll
2020-10-06 16:33:54.122903: I tensorflow/stream_executor/platform/default/dso_loader.cc:44] Successfully opened dynamic library cudnn64_7.dll
2020-10-06 16:33:54.123868: I tensorflow/core/common_runtime/gpu/gpu_device.cc:1746] Adding visible gpu devices: 0
2020-10-06 16:33:54.124511: I tensorflow/core/platform/cpu_feature_guard.cc:142] Your CPU supports instructions that this TensorFlow binary was not compiled to use: AVX2
2020-10-06 16:33:54.140302: I tensorflow/core/common_runtime/gpu/gpu_device.cc:1618] Found device 0 with properties: 
name: GeForce RTX 2080 Ti major: 7 minor: 5 memoryClockRate(GHz): 1.65
pciBusID: 0000:73:00.0
2020-10-06 16:33:54.140858: I tensorflow/stream_executor/platform/default/dso_loader.cc:44] Successfully opened dynamic library cudart64_100.dll
2020-10-06 16:33:54.141202: I tensorflow/stream_executor/platform/default/dso_loader.cc:44] Successfully opened dynamic library cublas64_100.dll
2020-10-06 16:33:54.141547: I tensorflow/stream_executor/platform/default/dso_loader.cc:44] Successfully opened dynamic library cufft64_100.dll
2020-10-06 16:33:54.141888: I tensorflow/stream_executor/platform/default/dso_loader.cc:44] Successfully opened dynamic library curand64_100.dll
2020-10-06 16:33:54.142244: I tensorflow/stream_executor/platform/default/dso_loader.cc:44] Successfully opened dynamic library cusolver64_100.dll
2020-10-06 16:33:54.142591: I tensorflow/stream_executor/platform/default/dso_loader.cc:44] Successfully opened dynamic library cusparse64_100.dll
2020-10-06 16:33:54.142942: I tensorflow/stream_executor/platform/default/dso_loader.cc:44] Successfully opened dynamic library cudnn64_7.dll
2020-10-06 16:33:54.143792: I tensorflow/core/common_runtime/gpu/gpu_device.cc:1746] Adding visible gpu devices: 0
2020-10-06 16:33:55.091313: I tensorflow/core/common_runtime/gpu/gpu_device.cc:1159] Device interconnect StreamExecutor with strength 1 edge matrix:
2020-10-06 16:33:55.091713: I tensorflow/core/common_runtime/gpu/gpu_device.cc:1165]      0 
2020-10-06 16:33:55.091935: I tensorflow/core/common_runtime/gpu/gpu_device.cc:1178] 0:   N 
2020-10-06 16:33:55.092673: I tensorflow/core/common_runtime/gpu/gpu_device.cc:1304] Created TensorFlow device (/job:localhost/replica:0/task:0/device:GPU:0 with 8686 MB memory) -> physical GPU (device: 0, name: GeForce RTX 2080 Ti, pci bus id: 0000:73:00.0, compute capability: 7.5)
[       OK ] ControlFlowTest.test_for_single_output
[ RUN      ] ControlFlowTest.test_for_tuple_unpacking
2020-10-06 16:33:55.696161: I tensorflow/core/common_runtime/gpu/gpu_device.cc:1618] Found device 0 with properties: 
name: GeForce RTX 2080 Ti major: 7 minor: 5 memoryClockRate(GHz): 1.65
pciBusID: 0000:73:00.0
2020-10-06 16:33:55.696848: I tensorflow/stream_executor/platform/default/dso_loader.cc:44] Successfully opened dynamic library cudart64_100.dll
2020-10-06 16:33:55.697304: I tensorflow/stream_executor/platform/default/dso_loader.cc:44] Successfully opened dynamic library cublas64_100.dll
2020-10-06 16:33:55.697750: I tensorflow/stream_executor/platform/default/dso_loader.cc:44] Successfully opened dynamic library cufft64_100.dll
2020-10-06 16:33:55.698178: I tensorflow/stream_executor/platform/default/dso_loader.cc:44] Successfully opened dynamic library curand64_100.dll
2020-10-06 16:33:55.698606: I tensorflow/stream_executor/platform/default/dso_loader.cc:44] Successfully opened dynamic library cusolver64_100.dll
2020-10-06 16:33:55.699033: I tensorflow/stream_executor/platform/default/dso_loader.cc:44] Successfully opened dynamic library cusparse64_100.dll
2020-10-06 16:33:55.699403: I tensorflow/stream_executor/platform/default/dso_loader.cc:44] Successfully opened dynamic library cudnn64_7.dll
2020-10-06 16:33:55.700020: I tensorflow/core/common_runtime/gpu/gpu_device.cc:1746] Adding visible gpu devices: 0
2020-10-06 16:33:55.700357: I tensorflow/core/common_runtime/gpu/gpu_device.cc:1159] Device interconnect StreamExecutor with strength 1 edge matrix:
2020-10-06 16:33:55.700745: I tensorflow/core/common_runtime/gpu/gpu_device.cc:1165]      0 
2020-10-06 16:33:55.700988: I tensorflow/core/common_runtime/gpu/gpu_device.cc:1178] 0:   N 
2020-10-06 16:33:55.701538: I tensorflow/core/common_runtime/gpu/gpu_device.cc:1304] Created TensorFlow device (/job:localhost/replica:0/task:0/device:GPU:0 with 8686 MB memory) -> physical GPU (device: 0, name: GeForce RTX 2080 Ti, pci bus id: 0000:73:00.0, compute capability: 7.5)
[       OK ] ControlFlowTest.test_for_tuple_unpacking
[ RUN      ] ControlFlowTest.test_for_with_comprehension_in_body
2020-10-06 16:33:55.764224: I tensorflow/core/common_runtime/gpu/gpu_device.cc:1618] Found device 0 with properties: 
name: GeForce RTX 2080 Ti major: 7 minor: 5 memoryClockRate(GHz): 1.65
pciBusID: 0000:73:00.0
2020-10-06 16:33:55.764888: I tensorflow/stream_executor/platform/default/dso_loader.cc:44] Successfully opened dynamic library cudart64_100.dll
2020-10-06 16:33:55.765277: I tensorflow/stream_executor/platform/default/dso_loader.cc:44] Successfully opened dynamic library cublas64_100.dll
2020-10-06 16:33:55.765625: I tensorflow/stream_executor/platform/default/dso_loader.cc:44] Successfully opened dynamic library cufft64_100.dll
2020-10-06 16:33:55.765966: I tensorflow/stream_executor/platform/default/dso_loader.cc:44] Successfully opened dynamic library curand64_100.dll
2020-10-06 16:33:55.766325: I tensorflow/stream_executor/platform/default/dso_loader.cc:44] Successfully opened dynamic library cusolver64_100.dll
2020-10-06 16:33:55.766732: I tensorflow/stream_executor/platform/default/dso_loader.cc:44] Successfully opened dynamic library cusparse64_100.dll
2020-10-06 16:33:55.767178: I tensorflow/stream_executor/platform/default/dso_loader.cc:44] Successfully opened dynamic library cudnn64_7.dll
2020-10-06 16:33:55.767956: I tensorflow/core/common_runtime/gpu/gpu_device.cc:1746] Adding visible gpu devices: 0
2020-10-06 16:33:55.768347: I tensorflow/core/common_runtime/gpu/gpu_device.cc:1159] Device interconnect StreamExecutor with strength 1 edge matrix:
2020-10-06 16:33:55.768752: I tensorflow/core/common_runtime/gpu/gpu_device.cc:1165]      0 
2020-10-06 16:33:55.768989: I tensorflow/core/common_runtime/gpu/gpu_device.cc:1178] 0:   N 
2020-10-06 16:33:55.769530: I tensorflow/core/common_runtime/gpu/gpu_device.cc:1304] Created TensorFlow device (/job:localhost/replica:0/task:0/device:GPU:0 with 8686 MB memory) -> physical GPU (device: 0, name: GeForce RTX 2080 Ti, pci bus id: 0000:73:00.0, compute capability: 7.5)
[       OK ] ControlFlowTest.test_for_with_comprehension_in_body
[ RUN      ] ControlFlowTest.test_if_basic
[  FAILED  ] ControlFlowTest.test_if_basic
[ RUN      ] ControlFlowTest.test_if_complex_outputs
[  FAILED  ] ControlFlowTest.test_if_complex_outputs
[ RUN      ] ControlFlowTest.test_if_local_var
[  FAILED  ] ControlFlowTest.test_if_local_var
[ RUN      ] ControlFlowTest.test_if_no_outputs
[  FAILED  ] ControlFlowTest.test_if_no_outputs
[ RUN      ] ControlFlowTest.test_if_semi
[  FAILED  ] ControlFlowTest.test_if_semi
[ RUN      ] ControlFlowTest.test_if_single_output
[  FAILED  ] ControlFlowTest.test_if_single_output
[ RUN      ] ControlFlowTest.test_if_sparse_tensor
[  FAILED  ] ControlFlowTest.test_if_sparse_tensor
[ RUN      ] ControlFlowTest.test_if_unbalanced_composite
[  FAILED  ] ControlFlowTest.test_if_unbalanced_composite
[ RUN      ] ControlFlowTest.test_if_unbalanced_multiple_composites
[  FAILED  ] ControlFlowTest.test_if_unbalanced_multiple_composites
[ RUN      ] ControlFlowTest.test_session
[  SKIPPED ] ControlFlowTest.test_session
[ RUN      ] ControlFlowTest.test_simple_for
2020-10-06 16:33:55.934151: I tensorflow/core/common_runtime/gpu/gpu_device.cc:1618] Found device 0 with properties: 
name: GeForce RTX 2080 Ti major: 7 minor: 5 memoryClockRate(GHz): 1.65
pciBusID: 0000:73:00.0
2020-10-06 16:33:55.934727: I tensorflow/stream_executor/platform/default/dso_loader.cc:44] Successfully opened dynamic library cudart64_100.dll
2020-10-06 16:33:55.935078: I tensorflow/stream_executor/platform/default/dso_loader.cc:44] Successfully opened dynamic library cublas64_100.dll
2020-10-06 16:33:55.935423: I tensorflow/stream_executor/platform/default/dso_loader.cc:44] Successfully opened dynamic library cufft64_100.dll
2020-10-06 16:33:55.935773: I tensorflow/stream_executor/platform/default/dso_loader.cc:44] Successfully opened dynamic library curand64_100.dll
2020-10-06 16:33:55.936150: I tensorflow/stream_executor/platform/default/dso_loader.cc:44] Successfully opened dynamic library cusolver64_100.dll
2020-10-06 16:33:55.936585: I tensorflow/stream_executor/platform/default/dso_loader.cc:44] Successfully opened dynamic library cusparse64_100.dll
2020-10-06 16:33:55.937035: I tensorflow/stream_executor/platform/default/dso_loader.cc:44] Successfully opened dynamic library cudnn64_7.dll
2020-10-06 16:33:55.937696: I tensorflow/core/common_runtime/gpu/gpu_device.cc:1746] Adding visible gpu devices: 0
2020-10-06 16:33:55.938055: I tensorflow/core/common_runtime/gpu/gpu_device.cc:1159] Device interconnect StreamExecutor with strength 1 edge matrix:
2020-10-06 16:33:55.938502: I tensorflow/core/common_runtime/gpu/gpu_device.cc:1165]      0 
2020-10-06 16:33:55.938816: I tensorflow/core/common_runtime/gpu/gpu_device.cc:1178] 0:   N 
2020-10-06 16:33:55.939446: I tensorflow/core/common_runtime/gpu/gpu_device.cc:1304] Created TensorFlow device (/job:localhost/replica:0/task:0/device:GPU:0 with 8686 MB memory) -> physical GPU (device: 0, name: GeForce RTX 2080 Ti, pci bus id: 0000:73:00.0, compute capability: 7.5)
[       OK ] ControlFlowTest.test_simple_for
[ RUN      ] ControlFlowTest.test_while_basic
2020-10-06 16:33:56.103136: I tensorflow/core/common_runtime/gpu/gpu_device.cc:1618] Found device 0 with properties: 
name: GeForce RTX 2080 Ti major: 7 minor: 5 memoryClockRate(GHz): 1.65
pciBusID: 0000:73:00.0
2020-10-06 16:33:56.103983: I tensorflow/stream_executor/platform/default/dso_loader.cc:44] Successfully opened dynamic library cudart64_100.dll
2020-10-06 16:33:56.104538: I tensorflow/stream_executor/platform/default/dso_loader.cc:44] Successfully opened dynamic library cublas64_100.dll
2020-10-06 16:33:56.105087: I tensorflow/stream_executor/platform/default/dso_loader.cc:44] Successfully opened dynamic library cufft64_100.dll
2020-10-06 16:33:56.105631: I tensorflow/stream_executor/platform/default/dso_loader.cc:44] Successfully opened dynamic library curand64_100.dll
2020-10-06 16:33:56.106140: I tensorflow/stream_executor/platform/default/dso_loader.cc:44] Successfully opened dynamic library cusolver64_100.dll
2020-10-06 16:33:56.106516: I tensorflow/stream_executor/platform/default/dso_loader.cc:44] Successfully opened dynamic library cusparse64_100.dll
2020-10-06 16:33:56.106881: I tensorflow/stream_executor/platform/default/dso_loader.cc:44] Successfully opened dynamic library cudnn64_7.dll
2020-10-06 16:33:56.107474: I tensorflow/core/common_runtime/gpu/gpu_device.cc:1746] Adding visible gpu devices: 0
2020-10-06 16:33:56.107793: I tensorflow/core/common_runtime/gpu/gpu_device.cc:1159] Device interconnect StreamExecutor with strength 1 edge matrix:
2020-10-06 16:33:56.108150: I tensorflow/core/common_runtime/gpu/gpu_device.cc:1165]      0 
2020-10-06 16:33:56.108373: I tensorflow/core/common_runtime/gpu/gpu_device.cc:1178] 0:   N 
2020-10-06 16:33:56.108881: I tensorflow/core/common_runtime/gpu/gpu_device.cc:1304] Created TensorFlow device (/job:localhost/replica:0/task:0/device:GPU:0 with 8686 MB memory) -> physical GPU (device: 0, name: GeForce RTX 2080 Ti, pci bus id: 0000:73:00.0, compute capability: 7.5)
[       OK ] ControlFlowTest.test_while_basic
[ RUN      ] ControlFlowTest.test_while_composite_state
2020-10-06 16:33:56.178222: I tensorflow/core/common_runtime/gpu/gpu_device.cc:1618] Found device 0 with properties: 
name: GeForce RTX 2080 Ti major: 7 minor: 5 memoryClockRate(GHz): 1.65
pciBusID: 0000:73:00.0
2020-10-06 16:33:56.178841: I tensorflow/stream_executor/platform/default/dso_loader.cc:44] Successfully opened dynamic library cudart64_100.dll
2020-10-06 16:33:56.179289: I tensorflow/stream_executor/platform/default/dso_loader.cc:44] Successfully opened dynamic library cublas64_100.dll
2020-10-06 16:33:56.179728: I tensorflow/stream_executor/platform/default/dso_loader.cc:44] Successfully opened dynamic library cufft64_100.dll
2020-10-06 16:33:56.180149: I tensorflow/stream_executor/platform/default/dso_loader.cc:44] Successfully opened dynamic library curand64_100.dll
2020-10-06 16:33:56.180514: I tensorflow/stream_executor/platform/default/dso_loader.cc:44] Successfully opened dynamic library cusolver64_100.dll
2020-10-06 16:33:56.180886: I tensorflow/stream_executor/platform/default/dso_loader.cc:44] Successfully opened dynamic library cusparse64_100.dll
2020-10-06 16:33:56.181267: I tensorflow/stream_executor/platform/default/dso_loader.cc:44] Successfully opened dynamic library cudnn64_7.dll
2020-10-06 16:33:56.181902: I tensorflow/core/common_runtime/gpu/gpu_device.cc:1746] Adding visible gpu devices: 0
2020-10-06 16:33:56.182223: I tensorflow/core/common_runtime/gpu/gpu_device.cc:1159] Device interconnect StreamExecutor with strength 1 edge matrix:
2020-10-06 16:33:56.182590: I tensorflow/core/common_runtime/gpu/gpu_device.cc:1165]      0 
2020-10-06 16:33:56.182847: I tensorflow/core/common_runtime/gpu/gpu_device.cc:1178] 0:   N 
2020-10-06 16:33:56.183374: I tensorflow/core/common_runtime/gpu/gpu_device.cc:1304] Created TensorFlow device (/job:localhost/replica:0/task:0/device:GPU:0 with 8686 MB memory) -> physical GPU (device: 0, name: GeForce RTX 2080 Ti, pci bus id: 0000:73:00.0, compute capability: 7.5)
[       OK ] ControlFlowTest.test_while_composite_state
[ RUN      ] ControlFlowTest.test_while_composite_state_initialized_in_loop
[  FAILED  ] ControlFlowTest.test_while_composite_state_initialized_in_loop
[ RUN      ] ControlFlowTest.test_while_dispatches_by_cond_only
2020-10-06 16:33:56.237836: I tensorflow/core/common_runtime/gpu/gpu_device.cc:1618] Found device 0 with properties: 
name: GeForce RTX 2080 Ti major: 7 minor: 5 memoryClockRate(GHz): 1.65
pciBusID: 0000:73:00.0
2020-10-06 16:33:56.238372: I tensorflow/stream_executor/platform/default/dso_loader.cc:44] Successfully opened dynamic library cudart64_100.dll
2020-10-06 16:33:56.238713: I tensorflow/stream_executor/platform/default/dso_loader.cc:44] Successfully opened dynamic library cublas64_100.dll
2020-10-06 16:33:56.239055: I tensorflow/stream_executor/platform/default/dso_loader.cc:44] Successfully opened dynamic library cufft64_100.dll
2020-10-06 16:33:56.239396: I tensorflow/stream_executor/platform/default/dso_loader.cc:44] Successfully opened dynamic library curand64_100.dll
2020-10-06 16:33:56.239761: I tensorflow/stream_executor/platform/default/dso_loader.cc:44] Successfully opened dynamic library cusolver64_100.dll
2020-10-06 16:33:56.240140: I tensorflow/stream_executor/platform/default/dso_loader.cc:44] Successfully opened dynamic library cusparse64_100.dll
2020-10-06 16:33:56.240557: I tensorflow/stream_executor/platform/default/dso_loader.cc:44] Successfully opened dynamic library cudnn64_7.dll
2020-10-06 16:33:56.241264: I tensorflow/core/common_runtime/gpu/gpu_device.cc:1746] Adding visible gpu devices: 0
2020-10-06 16:33:56.241599: I tensorflow/core/common_runtime/gpu/gpu_device.cc:1159] Device interconnect StreamExecutor with strength 1 edge matrix:
2020-10-06 16:33:56.241953: I tensorflow/core/common_runtime/gpu/gpu_device.cc:1165]      0 
2020-10-06 16:33:56.242174: I tensorflow/core/common_runtime/gpu/gpu_device.cc:1178] 0:   N 
2020-10-06 16:33:56.242683: I tensorflow/core/common_runtime/gpu/gpu_device.cc:1304] Created TensorFlow device (/job:localhost/replica:0/task:0/device:GPU:0 with 8686 MB memory) -> physical GPU (device: 0, name: GeForce RTX 2080 Ti, pci bus id: 0000:73:00.0, compute capability: 7.5)
[       OK ] ControlFlowTest.test_while_dispatches_by_cond_only
[ RUN      ] ControlFlowTest.test_while_local_composite
2020-10-06 16:33:56.320058: I tensorflow/core/common_runtime/gpu/gpu_device.cc:1618] Found device 0 with properties: 
name: GeForce RTX 2080 Ti major: 7 minor: 5 memoryClockRate(GHz): 1.65
pciBusID: 0000:73:00.0
2020-10-06 16:33:56.320591: I tensorflow/stream_executor/platform/default/dso_loader.cc:44] Successfully opened dynamic library cudart64_100.dll
2020-10-06 16:33:56.320936: I tensorflow/stream_executor/platform/default/dso_loader.cc:44] Successfully opened dynamic library cublas64_100.dll
2020-10-06 16:33:56.321279: I tensorflow/stream_executor/platform/default/dso_loader.cc:44] Successfully opened dynamic library cufft64_100.dll
2020-10-06 16:33:56.321616: I tensorflow/stream_executor/platform/default/dso_loader.cc:44] Successfully opened dynamic library curand64_100.dll
2020-10-06 16:33:56.321960: I tensorflow/stream_executor/platform/default/dso_loader.cc:44] Successfully opened dynamic library cusolver64_100.dll
2020-10-06 16:33:56.322312: I tensorflow/stream_executor/platform/default/dso_loader.cc:44] Successfully opened dynamic library cusparse64_100.dll
2020-10-06 16:33:56.322668: I tensorflow/stream_executor/platform/default/dso_loader.cc:44] Successfully opened dynamic library cudnn64_7.dll
2020-10-06 16:33:56.323247: I tensorflow/core/common_runtime/gpu/gpu_device.cc:1746] Adding visible gpu devices: 0
2020-10-06 16:33:56.323558: I tensorflow/core/common_runtime/gpu/gpu_device.cc:1159] Device interconnect StreamExecutor with strength 1 edge matrix:
2020-10-06 16:33:56.323911: I tensorflow/core/common_runtime/gpu/gpu_device.cc:1165]      0 
2020-10-06 16:33:56.324133: I tensorflow/core/common_runtime/gpu/gpu_device.cc:1178] 0:   N 
2020-10-06 16:33:56.324642: I tensorflow/core/common_runtime/gpu/gpu_device.cc:1304] Created TensorFlow device (/job:localhost/replica:0/task:0/device:GPU:0 with 8686 MB memory) -> physical GPU (device: 0, name: GeForce RTX 2080 Ti, pci bus id: 0000:73:00.0, compute capability: 7.5)
[       OK ] ControlFlowTest.test_while_local_composite
[ RUN      ] ControlFlowTest.test_while_local_composite_complex_illegal
[       OK ] ControlFlowTest.test_while_local_composite_complex_illegal
[ RUN      ] ControlFlowTest.test_while_local_composite_complex_nestable
2020-10-06 16:33:56.446477: I tensorflow/core/common_runtime/gpu/gpu_device.cc:1618] Found device 0 with properties: 
name: GeForce RTX 2080 Ti major: 7 minor: 5 memoryClockRate(GHz): 1.65
pciBusID: 0000:73:00.0
2020-10-06 16:33:56.447145: I tensorflow/stream_executor/platform/default/dso_loader.cc:44] Successfully opened dynamic library cudart64_100.dll
2020-10-06 16:33:56.447579: I tensorflow/stream_executor/platform/default/dso_loader.cc:44] Successfully opened dynamic library cublas64_100.dll
2020-10-06 16:33:56.448009: I tensorflow/stream_executor/platform/default/dso_loader.cc:44] Successfully opened dynamic library cufft64_100.dll
2020-10-06 16:33:56.448423: I tensorflow/stream_executor/platform/default/dso_loader.cc:44] Successfully opened dynamic library curand64_100.dll
2020-10-06 16:33:56.448787: I tensorflow/stream_executor/platform/default/dso_loader.cc:44] Successfully opened dynamic library cusolver64_100.dll
2020-10-06 16:33:56.449158: I tensorflow/stream_executor/platform/default/dso_loader.cc:44] Successfully opened dynamic library cusparse64_100.dll
2020-10-06 16:33:56.449526: I tensorflow/stream_executor/platform/default/dso_loader.cc:44] Successfully opened dynamic library cudnn64_7.dll
2020-10-06 16:33:56.450180: I tensorflow/core/common_runtime/gpu/gpu_device.cc:1746] Adding visible gpu devices: 0
2020-10-06 16:33:56.450522: I tensorflow/core/common_runtime/gpu/gpu_device.cc:1159] Device interconnect StreamExecutor with strength 1 edge matrix:
2020-10-06 16:33:56.450912: I tensorflow/core/common_runtime/gpu/gpu_device.cc:1165]      0 
2020-10-06 16:33:56.451152: I tensorflow/core/common_runtime/gpu/gpu_device.cc:1178] 0:   N 
2020-10-06 16:33:56.451683: I tensorflow/core/common_runtime/gpu/gpu_device.cc:1304] Created TensorFlow device (/job:localhost/replica:0/task:0/device:GPU:0 with 8686 MB memory) -> physical GPU (device: 0, name: GeForce RTX 2080 Ti, pci bus id: 0000:73:00.0, compute capability: 7.5)
[       OK ] ControlFlowTest.test_while_local_composite_complex_nestable
[ RUN      ] ControlFlowTest.test_while_nested
2020-10-06 16:33:56.567926: I tensorflow/core/common_runtime/gpu/gpu_device.cc:1618] Found device 0 with properties: 
name: GeForce RTX 2080 Ti major: 7 minor: 5 memoryClockRate(GHz): 1.65
pciBusID: 0000:73:00.0
2020-10-06 16:33:56.568458: I tensorflow/stream_executor/platform/default/dso_loader.cc:44] Successfully opened dynamic library cudart64_100.dll
2020-10-06 16:33:56.568799: I tensorflow/stream_executor/platform/default/dso_loader.cc:44] Successfully opened dynamic library cublas64_100.dll
2020-10-06 16:33:56.569156: I tensorflow/stream_executor/platform/default/dso_loader.cc:44] Successfully opened dynamic library cufft64_100.dll
2020-10-06 16:33:56.569503: I tensorflow/stream_executor/platform/default/dso_loader.cc:44] Successfully opened dynamic library curand64_100.dll
2020-10-06 16:33:56.569848: I tensorflow/stream_executor/platform/default/dso_loader.cc:44] Successfully opened dynamic library cusolver64_100.dll
2020-10-06 16:33:56.570197: I tensorflow/stream_executor/platform/default/dso_loader.cc:44] Successfully opened dynamic library cusparse64_100.dll
2020-10-06 16:33:56.570541: I tensorflow/stream_executor/platform/default/dso_loader.cc:44] Successfully opened dynamic library cudnn64_7.dll
2020-10-06 16:33:56.571110: I tensorflow/core/common_runtime/gpu/gpu_device.cc:1746] Adding visible gpu devices: 0
2020-10-06 16:33:56.571425: I tensorflow/core/common_runtime/gpu/gpu_device.cc:1159] Device interconnect StreamExecutor with strength 1 edge matrix:
2020-10-06 16:33:56.571781: I tensorflow/core/common_runtime/gpu/gpu_device.cc:1165]      0 
2020-10-06 16:33:56.572002: I tensorflow/core/common_runtime/gpu/gpu_device.cc:1178] 0:   N 
2020-10-06 16:33:56.572524: I tensorflow/core/common_runtime/gpu/gpu_device.cc:1304] Created TensorFlow device (/job:localhost/replica:0/task:0/device:GPU:0 with 8686 MB memory) -> physical GPU (device: 0, name: GeForce RTX 2080 Ti, pci bus id: 0000:73:00.0, compute capability: 7.5)
[       OK ] ControlFlowTest.test_while_nested
[ RUN      ] ControlFlowTest.test_while_nested_composite_state
[  FAILED  ] ControlFlowTest.test_while_nested_composite_state
[ RUN      ] ControlFlowTest.test_while_single_output
2020-10-06 16:33:56.644338: I tensorflow/core/common_runtime/gpu/gpu_device.cc:1618] Found device 0 with properties: 
name: GeForce RTX 2080 Ti major: 7 minor: 5 memoryClockRate(GHz): 1.65
pciBusID: 0000:73:00.0
2020-10-06 16:33:56.644872: I tensorflow/stream_executor/platform/default/dso_loader.cc:44] Successfully opened dynamic library cudart64_100.dll
2020-10-06 16:33:56.645219: I tensorflow/stream_executor/platform/default/dso_loader.cc:44] Successfully opened dynamic library cublas64_100.dll
2020-10-06 16:33:56.645595: I tensorflow/stream_executor/platform/default/dso_loader.cc:44] Successfully opened dynamic library cufft64_100.dll
2020-10-06 16:33:56.645956: I tensorflow/stream_executor/platform/default/dso_loader.cc:44] Successfully opened dynamic library curand64_100.dll
2020-10-06 16:33:56.646342: I tensorflow/stream_executor/platform/default/dso_loader.cc:44] Successfully opened dynamic library cusolver64_100.dll
2020-10-06 16:33:56.646728: I tensorflow/stream_executor/platform/default/dso_loader.cc:44] Successfully opened dynamic library cusparse64_100.dll
2020-10-06 16:33:56.647078: I tensorflow/stream_executor/platform/default/dso_loader.cc:44] Successfully opened dynamic library cudnn64_7.dll
2020-10-06 16:33:56.647650: I tensorflow/core/common_runtime/gpu/gpu_device.cc:1746] Adding visible gpu devices: 0
2020-10-06 16:33:56.647970: I tensorflow/core/common_runtime/gpu/gpu_device.cc:1159] Device interconnect StreamExecutor with strength 1 edge matrix:
2020-10-06 16:33:56.648355: I tensorflow/core/common_runtime/gpu/gpu_device.cc:1165]      0 
2020-10-06 16:33:56.648593: I tensorflow/core/common_runtime/gpu/gpu_device.cc:1178] 0:   N 
2020-10-06 16:33:56.649126: I tensorflow/core/common_runtime/gpu/gpu_device.cc:1304] Created TensorFlow device (/job:localhost/replica:0/task:0/device:GPU:0 with 8686 MB memory) -> physical GPU (device: 0, name: GeForce RTX 2080 Ti, pci bus id: 0000:73:00.0, compute capability: 7.5)
[       OK ] ControlFlowTest.test_while_single_output
======================================================================
ERROR: test_for_composite_state_initialized_in_loop (__main__.ControlFlowTest)
ControlFlowTest.test_for_composite_state_initialized_in_loop
----------------------------------------------------------------------
Traceback (most recent call last):
  File "control_flow_test.py", line 860, in test_for_composite_state_initialized_in_loop
    symbols={'TestClass': TestClass})
  File "control_flow_test.py", line 58, in assertTransformedResult
    (constant_op.constant,)) as result:
  File "C:\ProgramData\Anaconda3\envs\keras\lib\contextlib.py", line 81, in __enter__
    return next(self.gen)
  File "C:\ProgramData\Anaconda3\envs\keras\lib\site-packages\tensorflow_core\python\autograph\core\converter_testing.py", line 103, in converted
    node = m.transform(node, ctx)
  File "C:\ProgramData\Anaconda3\envs\keras\lib\site-packages\tensorflow_core\python\autograph\converters\control_flow.py", line 578, in transform
    node = ControlFlowTransformer(ctx).visit(node)
  File "C:\ProgramData\Anaconda3\envs\keras\lib\site-packages\tensorflow_core\python\autograph\core\converter.py", line 346, in visit
    return super(Base, self).visit(node)
  File "C:\ProgramData\Anaconda3\envs\keras\lib\site-packages\tensorflow_core\python\autograph\pyct\transformer.py", line 480, in visit
    result = super(Base, self).visit(node)
  File "C:\ProgramData\Anaconda3\envs\keras\lib\ast.py", line 253, in visit
    return visitor(node)
  File "C:\ProgramData\Anaconda3\envs\keras\lib\ast.py", line 308, in generic_visit
    value = self.visit(value)
  File "C:\ProgramData\Anaconda3\envs\keras\lib\site-packages\tensorflow_core\python\autograph\core\converter.py", line 346, in visit
    return super(Base, self).visit(node)
  File "C:\ProgramData\Anaconda3\envs\keras\lib\site-packages\tensorflow_core\python\autograph\pyct\transformer.py", line 480, in visit
    result = super(Base, self).visit(node)
  File "C:\ProgramData\Anaconda3\envs\keras\lib\ast.py", line 253, in visit
    return visitor(node)
  File "C:\ProgramData\Anaconda3\envs\keras\lib\site-packages\tensorflow_core\python\autograph\converters\control_flow.py", line 451, in visit_For
    node = self.generic_visit(node)
  File "C:\ProgramData\Anaconda3\envs\keras\lib\ast.py", line 308, in generic_visit
    value = self.visit(value)
  File "C:\ProgramData\Anaconda3\envs\keras\lib\site-packages\tensorflow_core\python\autograph\core\converter.py", line 346, in visit
    return super(Base, self).visit(node)
  File "C:\ProgramData\Anaconda3\envs\keras\lib\site-packages\tensorflow_core\python\autograph\pyct\transformer.py", line 480, in visit
    result = super(Base, self).visit(node)
  File "C:\ProgramData\Anaconda3\envs\keras\lib\ast.py", line 253, in visit
    return visitor(node)
  File "C:\ProgramData\Anaconda3\envs\keras\lib\site-packages\tensorflow_core\python\autograph\converters\control_flow.py", line 182, in visit_If
    body_scope, defined_in, node.body)
  File "C:\ProgramData\Anaconda3\envs\keras\lib\site-packages\tensorflow_core\python\autograph\converters\control_flow.py", line 127, in _determine_aliased_symbols
    return {s for s in modified_live if not s.is_composite()}
TypeError: 'NoneType' object is not iterable

======================================================================
ERROR: test_if_basic (__main__.ControlFlowTest)
ControlFlowTest.test_if_basic
----------------------------------------------------------------------
Traceback (most recent call last):
  File "C:\ProgramData\Anaconda3\envs\keras\lib\site-packages\tensorflow_core\python\framework\test_util.py", line 1216, in decorated
    return f(self, *args, **kwargs)
  File "control_flow_test.py", line 464, in test_if_basic
    self.assertTransformedResult(test_fn, constant_op.constant(1), (-1, 0))
  File "control_flow_test.py", line 58, in assertTransformedResult
    (constant_op.constant,)) as result:
  File "C:\ProgramData\Anaconda3\envs\keras\lib\contextlib.py", line 81, in __enter__
    return next(self.gen)
  File "C:\ProgramData\Anaconda3\envs\keras\lib\site-packages\tensorflow_core\python\autograph\core\converter_testing.py", line 103, in converted
    node = m.transform(node, ctx)
  File "C:\ProgramData\Anaconda3\envs\keras\lib\site-packages\tensorflow_core\python\autograph\converters\control_flow.py", line 578, in transform
    node = ControlFlowTransformer(ctx).visit(node)
  File "C:\ProgramData\Anaconda3\envs\keras\lib\site-packages\tensorflow_core\python\autograph\core\converter.py", line 346, in visit
    return super(Base, self).visit(node)
  File "C:\ProgramData\Anaconda3\envs\keras\lib\site-packages\tensorflow_core\python\autograph\pyct\transformer.py", line 480, in visit
    result = super(Base, self).visit(node)
  File "C:\ProgramData\Anaconda3\envs\keras\lib\ast.py", line 253, in visit
    return visitor(node)
  File "C:\ProgramData\Anaconda3\envs\keras\lib\ast.py", line 308, in generic_visit
    value = self.visit(value)
  File "C:\ProgramData\Anaconda3\envs\keras\lib\site-packages\tensorflow_core\python\autograph\core\converter.py", line 346, in visit
    return super(Base, self).visit(node)
  File "C:\ProgramData\Anaconda3\envs\keras\lib\site-packages\tensorflow_core\python\autograph\pyct\transformer.py", line 480, in visit
    result = super(Base, self).visit(node)
  File "C:\ProgramData\Anaconda3\envs\keras\lib\ast.py", line 253, in visit
    return visitor(node)
  File "C:\ProgramData\Anaconda3\envs\keras\lib\site-packages\tensorflow_core\python\autograph\converters\control_flow.py", line 182, in visit_If
    body_scope, defined_in, node.body)
  File "C:\ProgramData\Anaconda3\envs\keras\lib\site-packages\tensorflow_core\python\autograph\converters\control_flow.py", line 127, in _determine_aliased_symbols
    return {s for s in modified_live if not s.is_composite()}
TypeError: 'NoneType' object is not iterable

======================================================================
ERROR: test_if_complex_outputs (__main__.ControlFlowTest)
ControlFlowTest.test_if_complex_outputs
----------------------------------------------------------------------
Traceback (most recent call last):
  File "C:\ProgramData\Anaconda3\envs\keras\lib\site-packages\tensorflow_core\python\framework\test_util.py", line 1216, in decorated
    return f(self, *args, **kwargs)
  File "control_flow_test.py", line 530, in test_if_complex_outputs
    with self.converted(test_fn, control_flow, {}) as result:
  File "C:\ProgramData\Anaconda3\envs\keras\lib\contextlib.py", line 81, in __enter__
    return next(self.gen)
  File "C:\ProgramData\Anaconda3\envs\keras\lib\site-packages\tensorflow_core\python\autograph\core\converter_testing.py", line 103, in converted
    node = m.transform(node, ctx)
  File "C:\ProgramData\Anaconda3\envs\keras\lib\site-packages\tensorflow_core\python\autograph\converters\control_flow.py", line 578, in transform
    node = ControlFlowTransformer(ctx).visit(node)
  File "C:\ProgramData\Anaconda3\envs\keras\lib\site-packages\tensorflow_core\python\autograph\core\converter.py", line 346, in visit
    return super(Base, self).visit(node)
  File "C:\ProgramData\Anaconda3\envs\keras\lib\site-packages\tensorflow_core\python\autograph\pyct\transformer.py", line 480, in visit
    result = super(Base, self).visit(node)
  File "C:\ProgramData\Anaconda3\envs\keras\lib\ast.py", line 253, in visit
    return visitor(node)
  File "C:\ProgramData\Anaconda3\envs\keras\lib\ast.py", line 308, in generic_visit
    value = self.visit(value)
  File "C:\ProgramData\Anaconda3\envs\keras\lib\site-packages\tensorflow_core\python\autograph\core\converter.py", line 346, in visit
    return super(Base, self).visit(node)
  File "C:\ProgramData\Anaconda3\envs\keras\lib\site-packages\tensorflow_core\python\autograph\pyct\transformer.py", line 480, in visit
    result = super(Base, self).visit(node)
  File "C:\ProgramData\Anaconda3\envs\keras\lib\ast.py", line 253, in visit
    return visitor(node)
  File "C:\ProgramData\Anaconda3\envs\keras\lib\site-packages\tensorflow_core\python\autograph\converters\control_flow.py", line 182, in visit_If
    body_scope, defined_in, node.body)
  File "C:\ProgramData\Anaconda3\envs\keras\lib\site-packages\tensorflow_core\python\autograph\converters\control_flow.py", line 127, in _determine_aliased_symbols
    return {s for s in modified_live if not s.is_composite()}
TypeError: 'NoneType' object is not iterable

======================================================================
ERROR: test_if_local_var (__main__.ControlFlowTest)
ControlFlowTest.test_if_local_var
----------------------------------------------------------------------
Traceback (most recent call last):
  File "C:\ProgramData\Anaconda3\envs\keras\lib\site-packages\tensorflow_core\python\framework\test_util.py", line 1216, in decorated
    return f(self, *args, **kwargs)
  File "control_flow_test.py", line 602, in test_if_local_var
    self.assertTransformedResult(test_fn, constant_op.constant(1), 5)
  File "control_flow_test.py", line 58, in assertTransformedResult
    (constant_op.constant,)) as result:
  File "C:\ProgramData\Anaconda3\envs\keras\lib\contextlib.py", line 81, in __enter__
    return next(self.gen)
  File "C:\ProgramData\Anaconda3\envs\keras\lib\site-packages\tensorflow_core\python\autograph\core\converter_testing.py", line 103, in converted
    node = m.transform(node, ctx)
  File "C:\ProgramData\Anaconda3\envs\keras\lib\site-packages\tensorflow_core\python\autograph\converters\control_flow.py", line 578, in transform
    node = ControlFlowTransformer(ctx).visit(node)
  File "C:\ProgramData\Anaconda3\envs\keras\lib\site-packages\tensorflow_core\python\autograph\core\converter.py", line 346, in visit
    return super(Base, self).visit(node)
  File "C:\ProgramData\Anaconda3\envs\keras\lib\site-packages\tensorflow_core\python\autograph\pyct\transformer.py", line 480, in visit
    result = super(Base, self).visit(node)
  File "C:\ProgramData\Anaconda3\envs\keras\lib\ast.py", line 253, in visit
    return visitor(node)
  File "C:\ProgramData\Anaconda3\envs\keras\lib\ast.py", line 308, in generic_visit
    value = self.visit(value)
  File "C:\ProgramData\Anaconda3\envs\keras\lib\site-packages\tensorflow_core\python\autograph\core\converter.py", line 346, in visit
    return super(Base, self).visit(node)
  File "C:\ProgramData\Anaconda3\envs\keras\lib\site-packages\tensorflow_core\python\autograph\pyct\transformer.py", line 480, in visit
    result = super(Base, self).visit(node)
  File "C:\ProgramData\Anaconda3\envs\keras\lib\ast.py", line 253, in visit
    return visitor(node)
  File "C:\ProgramData\Anaconda3\envs\keras\lib\site-packages\tensorflow_core\python\autograph\converters\control_flow.py", line 182, in visit_If
    body_scope, defined_in, node.body)
  File "C:\ProgramData\Anaconda3\envs\keras\lib\site-packages\tensorflow_core\python\autograph\converters\control_flow.py", line 127, in _determine_aliased_symbols
    return {s for s in modified_live if not s.is_composite()}
TypeError: 'NoneType' object is not iterable

======================================================================
ERROR: test_if_no_outputs (__main__.ControlFlowTest)
ControlFlowTest.test_if_no_outputs
----------------------------------------------------------------------
Traceback (most recent call last):
  File "C:\ProgramData\Anaconda3\envs\keras\lib\site-packages\tensorflow_core\python\framework\test_util.py", line 1216, in decorated
    return f(self, *args, **kwargs)
  File "control_flow_test.py", line 628, in test_if_no_outputs
    self.assertTransformedResult(test_fn, constant_op.constant(1), 1)
  File "control_flow_test.py", line 58, in assertTransformedResult
    (constant_op.constant,)) as result:
  File "C:\ProgramData\Anaconda3\envs\keras\lib\contextlib.py", line 81, in __enter__
    return next(self.gen)
  File "C:\ProgramData\Anaconda3\envs\keras\lib\site-packages\tensorflow_core\python\autograph\core\converter_testing.py", line 103, in converted
    node = m.transform(node, ctx)
  File "C:\ProgramData\Anaconda3\envs\keras\lib\site-packages\tensorflow_core\python\autograph\converters\control_flow.py", line 578, in transform
    node = ControlFlowTransformer(ctx).visit(node)
  File "C:\ProgramData\Anaconda3\envs\keras\lib\site-packages\tensorflow_core\python\autograph\core\converter.py", line 346, in visit
    return super(Base, self).visit(node)
  File "C:\ProgramData\Anaconda3\envs\keras\lib\site-packages\tensorflow_core\python\autograph\pyct\transformer.py", line 480, in visit
    result = super(Base, self).visit(node)
  File "C:\ProgramData\Anaconda3\envs\keras\lib\ast.py", line 253, in visit
    return visitor(node)
  File "C:\ProgramData\Anaconda3\envs\keras\lib\ast.py", line 308, in generic_visit
    value = self.visit(value)
  File "C:\ProgramData\Anaconda3\envs\keras\lib\site-packages\tensorflow_core\python\autograph\core\converter.py", line 346, in visit
    return super(Base, self).visit(node)
  File "C:\ProgramData\Anaconda3\envs\keras\lib\site-packages\tensorflow_core\python\autograph\pyct\transformer.py", line 480, in visit
    result = super(Base, self).visit(node)
  File "C:\ProgramData\Anaconda3\envs\keras\lib\ast.py", line 253, in visit
    return visitor(node)
  File "C:\ProgramData\Anaconda3\envs\keras\lib\site-packages\tensorflow_core\python\autograph\converters\control_flow.py", line 182, in visit_If
    body_scope, defined_in, node.body)
  File "C:\ProgramData\Anaconda3\envs\keras\lib\site-packages\tensorflow_core\python\autograph\converters\control_flow.py", line 127, in _determine_aliased_symbols
    return {s for s in modified_live if not s.is_composite()}
TypeError: 'NoneType' object is not iterable

======================================================================
ERROR: test_if_semi (__main__.ControlFlowTest)
ControlFlowTest.test_if_semi
----------------------------------------------------------------------
Traceback (most recent call last):
  File "C:\ProgramData\Anaconda3\envs\keras\lib\site-packages\tensorflow_core\python\framework\test_util.py", line 1216, in decorated
    return f(self, *args, **kwargs)
  File "control_flow_test.py", line 578, in test_if_semi
    self.assertTransformedResult(test_fn, constant_op.constant(2), 3)
  File "control_flow_test.py", line 58, in assertTransformedResult
    (constant_op.constant,)) as result:
  File "C:\ProgramData\Anaconda3\envs\keras\lib\contextlib.py", line 81, in __enter__
    return next(self.gen)
  File "C:\ProgramData\Anaconda3\envs\keras\lib\site-packages\tensorflow_core\python\autograph\core\converter_testing.py", line 103, in converted
    node = m.transform(node, ctx)
  File "C:\ProgramData\Anaconda3\envs\keras\lib\site-packages\tensorflow_core\python\autograph\converters\control_flow.py", line 578, in transform
    node = ControlFlowTransformer(ctx).visit(node)
  File "C:\ProgramData\Anaconda3\envs\keras\lib\site-packages\tensorflow_core\python\autograph\core\converter.py", line 346, in visit
    return super(Base, self).visit(node)
  File "C:\ProgramData\Anaconda3\envs\keras\lib\site-packages\tensorflow_core\python\autograph\pyct\transformer.py", line 480, in visit
    result = super(Base, self).visit(node)
  File "C:\ProgramData\Anaconda3\envs\keras\lib\ast.py", line 253, in visit
    return visitor(node)
  File "C:\ProgramData\Anaconda3\envs\keras\lib\ast.py", line 308, in generic_visit
    value = self.visit(value)
  File "C:\ProgramData\Anaconda3\envs\keras\lib\site-packages\tensorflow_core\python\autograph\core\converter.py", line 346, in visit
    return super(Base, self).visit(node)
  File "C:\ProgramData\Anaconda3\envs\keras\lib\site-packages\tensorflow_core\python\autograph\pyct\transformer.py", line 480, in visit
    result = super(Base, self).visit(node)
  File "C:\ProgramData\Anaconda3\envs\keras\lib\ast.py", line 253, in visit
    return visitor(node)
  File "C:\ProgramData\Anaconda3\envs\keras\lib\site-packages\tensorflow_core\python\autograph\converters\control_flow.py", line 182, in visit_If
    body_scope, defined_in, node.body)
  File "C:\ProgramData\Anaconda3\envs\keras\lib\site-packages\tensorflow_core\python\autograph\converters\control_flow.py", line 127, in _determine_aliased_symbols
    return {s for s in modified_live if not s.is_composite()}
TypeError: 'NoneType' object is not iterable

======================================================================
ERROR: test_if_single_output (__main__.ControlFlowTest)
ControlFlowTest.test_if_single_output
----------------------------------------------------------------------
Traceback (most recent call last):
  File "C:\ProgramData\Anaconda3\envs\keras\lib\site-packages\tensorflow_core\python\framework\test_util.py", line 1216, in decorated
    return f(self, *args, **kwargs)
  File "control_flow_test.py", line 558, in test_if_single_output
    self.assertTransformedResult(test_fn, constant_op.constant(1), -1)
  File "control_flow_test.py", line 58, in assertTransformedResult
    (constant_op.constant,)) as result:
  File "C:\ProgramData\Anaconda3\envs\keras\lib\contextlib.py", line 81, in __enter__
    return next(self.gen)
  File "C:\ProgramData\Anaconda3\envs\keras\lib\site-packages\tensorflow_core\python\autograph\core\converter_testing.py", line 103, in converted
    node = m.transform(node, ctx)
  File "C:\ProgramData\Anaconda3\envs\keras\lib\site-packages\tensorflow_core\python\autograph\converters\control_flow.py", line 578, in transform
    node = ControlFlowTransformer(ctx).visit(node)
  File "C:\ProgramData\Anaconda3\envs\keras\lib\site-packages\tensorflow_core\python\autograph\core\converter.py", line 346, in visit
    return super(Base, self).visit(node)
  File "C:\ProgramData\Anaconda3\envs\keras\lib\site-packages\tensorflow_core\python\autograph\pyct\transformer.py", line 480, in visit
    result = super(Base, self).visit(node)
  File "C:\ProgramData\Anaconda3\envs\keras\lib\ast.py", line 253, in visit
    return visitor(node)
  File "C:\ProgramData\Anaconda3\envs\keras\lib\ast.py", line 308, in generic_visit
    value = self.visit(value)
  File "C:\ProgramData\Anaconda3\envs\keras\lib\site-packages\tensorflow_core\python\autograph\core\converter.py", line 346, in visit
    return super(Base, self).visit(node)
  File "C:\ProgramData\Anaconda3\envs\keras\lib\site-packages\tensorflow_core\python\autograph\pyct\transformer.py", line 480, in visit
    result = super(Base, self).visit(node)
  File "C:\ProgramData\Anaconda3\envs\keras\lib\ast.py", line 253, in visit
    return visitor(node)
  File "C:\ProgramData\Anaconda3\envs\keras\lib\site-packages\tensorflow_core\python\autograph\converters\control_flow.py", line 182, in visit_If
    body_scope, defined_in, node.body)
  File "C:\ProgramData\Anaconda3\envs\keras\lib\site-packages\tensorflow_core\python\autograph\converters\control_flow.py", line 127, in _determine_aliased_symbols
    return {s for s in modified_live if not s.is_composite()}
TypeError: 'NoneType' object is not iterable

======================================================================
ERROR: test_if_sparse_tensor (__main__.ControlFlowTest)
ControlFlowTest.test_if_sparse_tensor
----------------------------------------------------------------------
Traceback (most recent call last):
  File "control_flow_test.py", line 488, in test_if_sparse_tensor
    self.assertTransformedResult(test_fn, (st, constant_op.constant(1)), -1)
  File "control_flow_test.py", line 58, in assertTransformedResult
    (constant_op.constant,)) as result:
  File "C:\ProgramData\Anaconda3\envs\keras\lib\contextlib.py", line 81, in __enter__
    return next(self.gen)
  File "C:\ProgramData\Anaconda3\envs\keras\lib\site-packages\tensorflow_core\python\autograph\core\converter_testing.py", line 103, in converted
    node = m.transform(node, ctx)
  File "C:\ProgramData\Anaconda3\envs\keras\lib\site-packages\tensorflow_core\python\autograph\converters\control_flow.py", line 578, in transform
    node = ControlFlowTransformer(ctx).visit(node)
  File "C:\ProgramData\Anaconda3\envs\keras\lib\site-packages\tensorflow_core\python\autograph\core\converter.py", line 346, in visit
    return super(Base, self).visit(node)
  File "C:\ProgramData\Anaconda3\envs\keras\lib\site-packages\tensorflow_core\python\autograph\pyct\transformer.py", line 480, in visit
    result = super(Base, self).visit(node)
  File "C:\ProgramData\Anaconda3\envs\keras\lib\ast.py", line 253, in visit
    return visitor(node)
  File "C:\ProgramData\Anaconda3\envs\keras\lib\ast.py", line 308, in generic_visit
    value = self.visit(value)
  File "C:\ProgramData\Anaconda3\envs\keras\lib\site-packages\tensorflow_core\python\autograph\core\converter.py", line 346, in visit
    return super(Base, self).visit(node)
  File "C:\ProgramData\Anaconda3\envs\keras\lib\site-packages\tensorflow_core\python\autograph\pyct\transformer.py", line 480, in visit
    result = super(Base, self).visit(node)
  File "C:\ProgramData\Anaconda3\envs\keras\lib\ast.py", line 253, in visit
    return visitor(node)
  File "C:\ProgramData\Anaconda3\envs\keras\lib\site-packages\tensorflow_core\python\autograph\converters\control_flow.py", line 182, in visit_If
    body_scope, defined_in, node.body)
  File "C:\ProgramData\Anaconda3\envs\keras\lib\site-packages\tensorflow_core\python\autograph\converters\control_flow.py", line 127, in _determine_aliased_symbols
    return {s for s in modified_live if not s.is_composite()}
TypeError: 'NoneType' object is not iterable

======================================================================
ERROR: test_if_unbalanced_composite (__main__.ControlFlowTest)
ControlFlowTest.test_if_unbalanced_composite
----------------------------------------------------------------------
Traceback (most recent call last):
  File "C:\ProgramData\Anaconda3\envs\keras\lib\site-packages\tensorflow_core\python\framework\test_util.py", line 1216, in decorated
    return f(self, *args, **kwargs)
  File "control_flow_test.py", line 718, in test_if_unbalanced_composite
    (7, 13))
  File "control_flow_test.py", line 58, in assertTransformedResult
    (constant_op.constant,)) as result:
  File "C:\ProgramData\Anaconda3\envs\keras\lib\contextlib.py", line 81, in __enter__
    return next(self.gen)
  File "C:\ProgramData\Anaconda3\envs\keras\lib\site-packages\tensorflow_core\python\autograph\core\converter_testing.py", line 103, in converted
    node = m.transform(node, ctx)
  File "C:\ProgramData\Anaconda3\envs\keras\lib\site-packages\tensorflow_core\python\autograph\converters\control_flow.py", line 578, in transform
    node = ControlFlowTransformer(ctx).visit(node)
  File "C:\ProgramData\Anaconda3\envs\keras\lib\site-packages\tensorflow_core\python\autograph\core\converter.py", line 346, in visit
    return super(Base, self).visit(node)
  File "C:\ProgramData\Anaconda3\envs\keras\lib\site-packages\tensorflow_core\python\autograph\pyct\transformer.py", line 480, in visit
    result = super(Base, self).visit(node)
  File "C:\ProgramData\Anaconda3\envs\keras\lib\ast.py", line 253, in visit
    return visitor(node)
  File "C:\ProgramData\Anaconda3\envs\keras\lib\ast.py", line 308, in generic_visit
    value = self.visit(value)
  File "C:\ProgramData\Anaconda3\envs\keras\lib\site-packages\tensorflow_core\python\autograph\core\converter.py", line 346, in visit
    return super(Base, self).visit(node)
  File "C:\ProgramData\Anaconda3\envs\keras\lib\site-packages\tensorflow_core\python\autograph\pyct\transformer.py", line 480, in visit
    result = super(Base, self).visit(node)
  File "C:\ProgramData\Anaconda3\envs\keras\lib\ast.py", line 253, in visit
    return visitor(node)
  File "C:\ProgramData\Anaconda3\envs\keras\lib\site-packages\tensorflow_core\python\autograph\converters\control_flow.py", line 182, in visit_If
    body_scope, defined_in, node.body)
  File "C:\ProgramData\Anaconda3\envs\keras\lib\site-packages\tensorflow_core\python\autograph\converters\control_flow.py", line 127, in _determine_aliased_symbols
    return {s for s in modified_live if not s.is_composite()}
TypeError: 'NoneType' object is not iterable

======================================================================
ERROR: test_if_unbalanced_multiple_composites (__main__.ControlFlowTest)
ControlFlowTest.test_if_unbalanced_multiple_composites
----------------------------------------------------------------------
Traceback (most recent call last):
  File "C:\ProgramData\Anaconda3\envs\keras\lib\site-packages\tensorflow_core\python\framework\test_util.py", line 1216, in decorated
    return f(self, *args, **kwargs)
  File "control_flow_test.py", line 674, in test_if_unbalanced_multiple_composites
    (7, 11, 13))
  File "control_flow_test.py", line 58, in assertTransformedResult
    (constant_op.constant,)) as result:
  File "C:\ProgramData\Anaconda3\envs\keras\lib\contextlib.py", line 81, in __enter__
    return next(self.gen)
  File "C:\ProgramData\Anaconda3\envs\keras\lib\site-packages\tensorflow_core\python\autograph\core\converter_testing.py", line 103, in converted
    node = m.transform(node, ctx)
  File "C:\ProgramData\Anaconda3\envs\keras\lib\site-packages\tensorflow_core\python\autograph\converters\control_flow.py", line 578, in transform
    node = ControlFlowTransformer(ctx).visit(node)
  File "C:\ProgramData\Anaconda3\envs\keras\lib\site-packages\tensorflow_core\python\autograph\core\converter.py", line 346, in visit
    return super(Base, self).visit(node)
  File "C:\ProgramData\Anaconda3\envs\keras\lib\site-packages\tensorflow_core\python\autograph\pyct\transformer.py", line 480, in visit
    result = super(Base, self).visit(node)
  File "C:\ProgramData\Anaconda3\envs\keras\lib\ast.py", line 253, in visit
    return visitor(node)
  File "C:\ProgramData\Anaconda3\envs\keras\lib\ast.py", line 308, in generic_visit
    value = self.visit(value)
  File "C:\ProgramData\Anaconda3\envs\keras\lib\site-packages\tensorflow_core\python\autograph\core\converter.py", line 346, in visit
    return super(Base, self).visit(node)
  File "C:\ProgramData\Anaconda3\envs\keras\lib\site-packages\tensorflow_core\python\autograph\pyct\transformer.py", line 480, in visit
    result = super(Base, self).visit(node)
  File "C:\ProgramData\Anaconda3\envs\keras\lib\ast.py", line 253, in visit
    return visitor(node)
  File "C:\ProgramData\Anaconda3\envs\keras\lib\site-packages\tensorflow_core\python\autograph\converters\control_flow.py", line 182, in visit_If
    body_scope, defined_in, node.body)
  File "C:\ProgramData\Anaconda3\envs\keras\lib\site-packages\tensorflow_core\python\autograph\converters\control_flow.py", line 127, in _determine_aliased_symbols
    return {s for s in modified_live if not s.is_composite()}
TypeError: 'NoneType' object is not iterable

======================================================================
ERROR: test_while_composite_state_initialized_in_loop (__main__.ControlFlowTest)
ControlFlowTest.test_while_composite_state_initialized_in_loop
----------------------------------------------------------------------
Traceback (most recent call last):
  File "control_flow_test.py", line 218, in test_while_composite_state_initialized_in_loop
    symbols={'TestClass': TestClass})
  File "control_flow_test.py", line 58, in assertTransformedResult
    (constant_op.constant,)) as result:
  File "C:\ProgramData\Anaconda3\envs\keras\lib\contextlib.py", line 81, in __enter__
    return next(self.gen)
  File "C:\ProgramData\Anaconda3\envs\keras\lib\site-packages\tensorflow_core\python\autograph\core\converter_testing.py", line 103, in converted
    node = m.transform(node, ctx)
  File "C:\ProgramData\Anaconda3\envs\keras\lib\site-packages\tensorflow_core\python\autograph\converters\control_flow.py", line 578, in transform
    node = ControlFlowTransformer(ctx).visit(node)
  File "C:\ProgramData\Anaconda3\envs\keras\lib\site-packages\tensorflow_core\python\autograph\core\converter.py", line 346, in visit
    return super(Base, self).visit(node)
  File "C:\ProgramData\Anaconda3\envs\keras\lib\site-packages\tensorflow_core\python\autograph\pyct\transformer.py", line 480, in visit
    result = super(Base, self).visit(node)
  File "C:\ProgramData\Anaconda3\envs\keras\lib\ast.py", line 253, in visit
    return visitor(node)
  File "C:\ProgramData\Anaconda3\envs\keras\lib\ast.py", line 308, in generic_visit
    value = self.visit(value)
  File "C:\ProgramData\Anaconda3\envs\keras\lib\site-packages\tensorflow_core\python\autograph\core\converter.py", line 346, in visit
    return super(Base, self).visit(node)
  File "C:\ProgramData\Anaconda3\envs\keras\lib\site-packages\tensorflow_core\python\autograph\pyct\transformer.py", line 480, in visit
    result = super(Base, self).visit(node)
  File "C:\ProgramData\Anaconda3\envs\keras\lib\ast.py", line 253, in visit
    return visitor(node)
  File "C:\ProgramData\Anaconda3\envs\keras\lib\site-packages\tensorflow_core\python\autograph\converters\control_flow.py", line 367, in visit_While
    node = self.generic_visit(node)
  File "C:\ProgramData\Anaconda3\envs\keras\lib\ast.py", line 308, in generic_visit
    value = self.visit(value)
  File "C:\ProgramData\Anaconda3\envs\keras\lib\site-packages\tensorflow_core\python\autograph\core\converter.py", line 346, in visit
    return super(Base, self).visit(node)
  File "C:\ProgramData\Anaconda3\envs\keras\lib\site-packages\tensorflow_core\python\autograph\pyct\transformer.py", line 480, in visit
    result = super(Base, self).visit(node)
  File "C:\ProgramData\Anaconda3\envs\keras\lib\ast.py", line 253, in visit
    return visitor(node)
  File "C:\ProgramData\Anaconda3\envs\keras\lib\site-packages\tensorflow_core\python\autograph\converters\control_flow.py", line 182, in visit_If
    body_scope, defined_in, node.body)
  File "C:\ProgramData\Anaconda3\envs\keras\lib\site-packages\tensorflow_core\python\autograph\converters\control_flow.py", line 127, in _determine_aliased_symbols
    return {s for s in modified_live if not s.is_composite()}
TypeError: 'NoneType' object is not iterable

======================================================================
ERROR: test_while_nested_composite_state (__main__.ControlFlowTest)
ControlFlowTest.test_while_nested_composite_state
----------------------------------------------------------------------
Traceback (most recent call last):
  File "control_flow_test.py", line 266, in test_while_nested_composite_state
    test_fn, constant_op.constant(5), 0, symbols={'TestClass': TestClass})
  File "control_flow_test.py", line 58, in assertTransformedResult
    (constant_op.constant,)) as result:
  File "C:\ProgramData\Anaconda3\envs\keras\lib\contextlib.py", line 81, in __enter__
    return next(self.gen)
  File "C:\ProgramData\Anaconda3\envs\keras\lib\site-packages\tensorflow_core\python\autograph\core\converter_testing.py", line 103, in converted
    node = m.transform(node, ctx)
  File "C:\ProgramData\Anaconda3\envs\keras\lib\site-packages\tensorflow_core\python\autograph\converters\control_flow.py", line 578, in transform
    node = ControlFlowTransformer(ctx).visit(node)
  File "C:\ProgramData\Anaconda3\envs\keras\lib\site-packages\tensorflow_core\python\autograph\core\converter.py", line 346, in visit
    return super(Base, self).visit(node)
  File "C:\ProgramData\Anaconda3\envs\keras\lib\site-packages\tensorflow_core\python\autograph\pyct\transformer.py", line 480, in visit
    result = super(Base, self).visit(node)
  File "C:\ProgramData\Anaconda3\envs\keras\lib\ast.py", line 253, in visit
    return visitor(node)
  File "C:\ProgramData\Anaconda3\envs\keras\lib\ast.py", line 308, in generic_visit
    value = self.visit(value)
  File "C:\ProgramData\Anaconda3\envs\keras\lib\site-packages\tensorflow_core\python\autograph\core\converter.py", line 346, in visit
    return super(Base, self).visit(node)
  File "C:\ProgramData\Anaconda3\envs\keras\lib\site-packages\tensorflow_core\python\autograph\pyct\transformer.py", line 480, in visit
    result = super(Base, self).visit(node)
  File "C:\ProgramData\Anaconda3\envs\keras\lib\ast.py", line 253, in visit
    return visitor(node)
  File "C:\ProgramData\Anaconda3\envs\keras\lib\site-packages\tensorflow_core\python\autograph\converters\control_flow.py", line 367, in visit_While
    node = self.generic_visit(node)
  File "C:\ProgramData\Anaconda3\envs\keras\lib\ast.py", line 308, in generic_visit
    value = self.visit(value)
  File "C:\ProgramData\Anaconda3\envs\keras\lib\site-packages\tensorflow_core\python\autograph\core\converter.py", line 346, in visit
    return super(Base, self).visit(node)
  File "C:\ProgramData\Anaconda3\envs\keras\lib\site-packages\tensorflow_core\python\autograph\pyct\transformer.py", line 480, in visit
    result = super(Base, self).visit(node)
  File "C:\ProgramData\Anaconda3\envs\keras\lib\ast.py", line 253, in visit
    return visitor(node)
  File "C:\ProgramData\Anaconda3\envs\keras\lib\site-packages\tensorflow_core\python\autograph\converters\control_flow.py", line 182, in visit_If
    body_scope, defined_in, node.body)
  File "C:\ProgramData\Anaconda3\envs\keras\lib\site-packages\tensorflow_core\python\autograph\converters\control_flow.py", line 127, in _determine_aliased_symbols
    return {s for s in modified_live if not s.is_composite()}
TypeError: 'NoneType' object is not iterable

----------------------------------------------------------------------
Ran 26 tests in 3.590s

FAILED (errors=12, skipped=1)
