2020-10-06 16:38:07.303430: I tensorflow/stream_executor/platform/default/dso_loader.cc:44] Successfully opened dynamic library cudart64_100.dll
Running tests under Python 3.6.12: C:\ProgramData\Anaconda3\envs\keras\python.exe
[ RUN      ] ControlFlowTest.test_for_composite_state_initialized_in_loop
[  FAILED  ] ControlFlowTest.test_for_composite_state_initialized_in_loop
[ RUN      ] ControlFlowTest.test_for_iterated_expression
[  FAILED  ] ControlFlowTest.test_for_iterated_expression
[ RUN      ] ControlFlowTest.test_for_single_output
[  FAILED  ] ControlFlowTest.test_for_single_output
[ RUN      ] ControlFlowTest.test_for_tuple_unpacking
[  FAILED  ] ControlFlowTest.test_for_tuple_unpacking
[ RUN      ] ControlFlowTest.test_for_with_comprehension_in_body
[  FAILED  ] ControlFlowTest.test_for_with_comprehension_in_body
[ RUN      ] ControlFlowTest.test_if_basic
WARNING:tensorflow:From C:\ProgramData\Anaconda3\envs\keras\lib\contextlib.py:60: TensorFlowTestCase.test_session (from tensorflow.python.framework.test_util) is deprecated and will be removed in a future version.
Instructions for updating:
Use `self.session()` or `self.cached_session()` instead.
W1006 16:38:12.434907 19948 deprecation.py:323] From C:\ProgramData\Anaconda3\envs\keras\lib\contextlib.py:60: TensorFlowTestCase.test_session (from tensorflow.python.framework.test_util) is deprecated and will be removed in a future version.
Instructions for updating:
Use `self.session()` or `self.cached_session()` instead.
2020-10-06 16:38:12.440357: I tensorflow/stream_executor/platform/default/dso_loader.cc:44] Successfully opened dynamic library nvcuda.dll
2020-10-06 16:38:12.549187: I tensorflow/core/common_runtime/gpu/gpu_device.cc:1618] Found device 0 with properties: 
name: GeForce RTX 2080 Ti major: 7 minor: 5 memoryClockRate(GHz): 1.65
pciBusID: 0000:73:00.0
2020-10-06 16:38:12.549748: I tensorflow/stream_executor/platform/default/dso_loader.cc:44] Successfully opened dynamic library cudart64_100.dll
2020-10-06 16:38:12.553393: I tensorflow/stream_executor/platform/default/dso_loader.cc:44] Successfully opened dynamic library cublas64_100.dll
2020-10-06 16:38:12.556798: I tensorflow/stream_executor/platform/default/dso_loader.cc:44] Successfully opened dynamic library cufft64_100.dll
2020-10-06 16:38:12.558410: I tensorflow/stream_executor/platform/default/dso_loader.cc:44] Successfully opened dynamic library curand64_100.dll
2020-10-06 16:38:12.563153: I tensorflow/stream_executor/platform/default/dso_loader.cc:44] Successfully opened dynamic library cusolver64_100.dll
2020-10-06 16:38:12.566294: I tensorflow/stream_executor/platform/default/dso_loader.cc:44] Successfully opened dynamic library cusparse64_100.dll
2020-10-06 16:38:12.575704: I tensorflow/stream_executor/platform/default/dso_loader.cc:44] Successfully opened dynamic library cudnn64_7.dll
2020-10-06 16:38:12.576641: I tensorflow/core/common_runtime/gpu/gpu_device.cc:1746] Adding visible gpu devices: 0
2020-10-06 16:38:12.577275: I tensorflow/core/platform/cpu_feature_guard.cc:142] Your CPU supports instructions that this TensorFlow binary was not compiled to use: AVX2
2020-10-06 16:38:12.592127: I tensorflow/core/common_runtime/gpu/gpu_device.cc:1618] Found device 0 with properties: 
name: GeForce RTX 2080 Ti major: 7 minor: 5 memoryClockRate(GHz): 1.65
pciBusID: 0000:73:00.0
2020-10-06 16:38:12.592680: I tensorflow/stream_executor/platform/default/dso_loader.cc:44] Successfully opened dynamic library cudart64_100.dll
2020-10-06 16:38:12.593020: I tensorflow/stream_executor/platform/default/dso_loader.cc:44] Successfully opened dynamic library cublas64_100.dll
2020-10-06 16:38:12.593360: I tensorflow/stream_executor/platform/default/dso_loader.cc:44] Successfully opened dynamic library cufft64_100.dll
2020-10-06 16:38:12.593695: I tensorflow/stream_executor/platform/default/dso_loader.cc:44] Successfully opened dynamic library curand64_100.dll
2020-10-06 16:38:12.594033: I tensorflow/stream_executor/platform/default/dso_loader.cc:44] Successfully opened dynamic library cusolver64_100.dll
2020-10-06 16:38:12.594431: I tensorflow/stream_executor/platform/default/dso_loader.cc:44] Successfully opened dynamic library cusparse64_100.dll
2020-10-06 16:38:12.594779: I tensorflow/stream_executor/platform/default/dso_loader.cc:44] Successfully opened dynamic library cudnn64_7.dll
2020-10-06 16:38:12.595808: I tensorflow/core/common_runtime/gpu/gpu_device.cc:1746] Adding visible gpu devices: 0
2020-10-06 16:38:13.602284: I tensorflow/core/common_runtime/gpu/gpu_device.cc:1159] Device interconnect StreamExecutor with strength 1 edge matrix:
2020-10-06 16:38:13.602699: I tensorflow/core/common_runtime/gpu/gpu_device.cc:1165]      0 
2020-10-06 16:38:13.602934: I tensorflow/core/common_runtime/gpu/gpu_device.cc:1178] 0:   N 
2020-10-06 16:38:13.603701: I tensorflow/core/common_runtime/gpu/gpu_device.cc:1304] Created TensorFlow device (/job:localhost/replica:0/task:0/device:GPU:0 with 8686 MB memory) -> physical GPU (device: 0, name: GeForce RTX 2080 Ti, pci bus id: 0000:73:00.0, compute capability: 7.5)
[       OK ] ControlFlowTest.test_if_basic
[ RUN      ] ControlFlowTest.test_if_complex_outputs
2020-10-06 16:38:14.155422: I tensorflow/core/common_runtime/gpu/gpu_device.cc:1618] Found device 0 with properties: 
name: GeForce RTX 2080 Ti major: 7 minor: 5 memoryClockRate(GHz): 1.65
pciBusID: 0000:73:00.0
2020-10-06 16:38:14.155953: I tensorflow/stream_executor/platform/default/dso_loader.cc:44] Successfully opened dynamic library cudart64_100.dll
2020-10-06 16:38:14.156293: I tensorflow/stream_executor/platform/default/dso_loader.cc:44] Successfully opened dynamic library cublas64_100.dll
2020-10-06 16:38:14.156637: I tensorflow/stream_executor/platform/default/dso_loader.cc:44] Successfully opened dynamic library cufft64_100.dll
2020-10-06 16:38:14.156974: I tensorflow/stream_executor/platform/default/dso_loader.cc:44] Successfully opened dynamic library curand64_100.dll
2020-10-06 16:38:14.157313: I tensorflow/stream_executor/platform/default/dso_loader.cc:44] Successfully opened dynamic library cusolver64_100.dll
2020-10-06 16:38:14.157663: I tensorflow/stream_executor/platform/default/dso_loader.cc:44] Successfully opened dynamic library cusparse64_100.dll
2020-10-06 16:38:14.158012: I tensorflow/stream_executor/platform/default/dso_loader.cc:44] Successfully opened dynamic library cudnn64_7.dll
2020-10-06 16:38:14.158578: I tensorflow/core/common_runtime/gpu/gpu_device.cc:1746] Adding visible gpu devices: 0
2020-10-06 16:38:14.158886: I tensorflow/core/common_runtime/gpu/gpu_device.cc:1159] Device interconnect StreamExecutor with strength 1 edge matrix:
2020-10-06 16:38:14.159235: I tensorflow/core/common_runtime/gpu/gpu_device.cc:1165]      0 
2020-10-06 16:38:14.159452: I tensorflow/core/common_runtime/gpu/gpu_device.cc:1178] 0:   N 
2020-10-06 16:38:14.159935: I tensorflow/core/common_runtime/gpu/gpu_device.cc:1304] Created TensorFlow device (/job:localhost/replica:0/task:0/device:GPU:0 with 8686 MB memory) -> physical GPU (device: 0, name: GeForce RTX 2080 Ti, pci bus id: 0000:73:00.0, compute capability: 7.5)
[       OK ] ControlFlowTest.test_if_complex_outputs
[ RUN      ] ControlFlowTest.test_if_local_var
2020-10-06 16:38:14.202655: I tensorflow/core/common_runtime/gpu/gpu_device.cc:1618] Found device 0 with properties: 
name: GeForce RTX 2080 Ti major: 7 minor: 5 memoryClockRate(GHz): 1.65
pciBusID: 0000:73:00.0
2020-10-06 16:38:14.203240: I tensorflow/stream_executor/platform/default/dso_loader.cc:44] Successfully opened dynamic library cudart64_100.dll
2020-10-06 16:38:14.203607: I tensorflow/stream_executor/platform/default/dso_loader.cc:44] Successfully opened dynamic library cublas64_100.dll
2020-10-06 16:38:14.203974: I tensorflow/stream_executor/platform/default/dso_loader.cc:44] Successfully opened dynamic library cufft64_100.dll
2020-10-06 16:38:14.204338: I tensorflow/stream_executor/platform/default/dso_loader.cc:44] Successfully opened dynamic library curand64_100.dll
2020-10-06 16:38:14.204708: I tensorflow/stream_executor/platform/default/dso_loader.cc:44] Successfully opened dynamic library cusolver64_100.dll
2020-10-06 16:38:14.205136: I tensorflow/stream_executor/platform/default/dso_loader.cc:44] Successfully opened dynamic library cusparse64_100.dll
2020-10-06 16:38:14.205509: I tensorflow/stream_executor/platform/default/dso_loader.cc:44] Successfully opened dynamic library cudnn64_7.dll
2020-10-06 16:38:14.206107: I tensorflow/core/common_runtime/gpu/gpu_device.cc:1746] Adding visible gpu devices: 0
2020-10-06 16:38:14.206440: I tensorflow/core/common_runtime/gpu/gpu_device.cc:1159] Device interconnect StreamExecutor with strength 1 edge matrix:
2020-10-06 16:38:14.206815: I tensorflow/core/common_runtime/gpu/gpu_device.cc:1165]      0 
2020-10-06 16:38:14.207050: I tensorflow/core/common_runtime/gpu/gpu_device.cc:1178] 0:   N 
2020-10-06 16:38:14.207565: I tensorflow/core/common_runtime/gpu/gpu_device.cc:1304] Created TensorFlow device (/job:localhost/replica:0/task:0/device:GPU:0 with 8686 MB memory) -> physical GPU (device: 0, name: GeForce RTX 2080 Ti, pci bus id: 0000:73:00.0, compute capability: 7.5)
[       OK ] ControlFlowTest.test_if_local_var
[ RUN      ] ControlFlowTest.test_if_no_outputs
2020-10-06 16:38:14.275087: I tensorflow/core/common_runtime/gpu/gpu_device.cc:1618] Found device 0 with properties: 
name: GeForce RTX 2080 Ti major: 7 minor: 5 memoryClockRate(GHz): 1.65
pciBusID: 0000:73:00.0
2020-10-06 16:38:14.275657: I tensorflow/stream_executor/platform/default/dso_loader.cc:44] Successfully opened dynamic library cudart64_100.dll
2020-10-06 16:38:14.276026: I tensorflow/stream_executor/platform/default/dso_loader.cc:44] Successfully opened dynamic library cublas64_100.dll
2020-10-06 16:38:14.276395: I tensorflow/stream_executor/platform/default/dso_loader.cc:44] Successfully opened dynamic library cufft64_100.dll
2020-10-06 16:38:14.276763: I tensorflow/stream_executor/platform/default/dso_loader.cc:44] Successfully opened dynamic library curand64_100.dll
2020-10-06 16:38:14.277125: I tensorflow/stream_executor/platform/default/dso_loader.cc:44] Successfully opened dynamic library cusolver64_100.dll
2020-10-06 16:38:14.277493: I tensorflow/stream_executor/platform/default/dso_loader.cc:44] Successfully opened dynamic library cusparse64_100.dll
2020-10-06 16:38:14.277870: I tensorflow/stream_executor/platform/default/dso_loader.cc:44] Successfully opened dynamic library cudnn64_7.dll
2020-10-06 16:38:14.278660: I tensorflow/core/common_runtime/gpu/gpu_device.cc:1746] Adding visible gpu devices: 0
2020-10-06 16:38:14.278988: I tensorflow/core/common_runtime/gpu/gpu_device.cc:1159] Device interconnect StreamExecutor with strength 1 edge matrix:
2020-10-06 16:38:14.279360: I tensorflow/core/common_runtime/gpu/gpu_device.cc:1165]      0 
2020-10-06 16:38:14.279592: I tensorflow/core/common_runtime/gpu/gpu_device.cc:1178] 0:   N 
2020-10-06 16:38:14.280093: I tensorflow/core/common_runtime/gpu/gpu_device.cc:1304] Created TensorFlow device (/job:localhost/replica:0/task:0/device:GPU:0 with 8686 MB memory) -> physical GPU (device: 0, name: GeForce RTX 2080 Ti, pci bus id: 0000:73:00.0, compute capability: 7.5)
[       OK ] ControlFlowTest.test_if_no_outputs
[ RUN      ] ControlFlowTest.test_if_semi
2020-10-06 16:38:14.352978: I tensorflow/core/common_runtime/gpu/gpu_device.cc:1618] Found device 0 with properties: 
name: GeForce RTX 2080 Ti major: 7 minor: 5 memoryClockRate(GHz): 1.65
pciBusID: 0000:73:00.0
2020-10-06 16:38:14.353959: I tensorflow/stream_executor/platform/default/dso_loader.cc:44] Successfully opened dynamic library cudart64_100.dll
2020-10-06 16:38:14.354595: I tensorflow/stream_executor/platform/default/dso_loader.cc:44] Successfully opened dynamic library cublas64_100.dll
2020-10-06 16:38:14.355228: I tensorflow/stream_executor/platform/default/dso_loader.cc:44] Successfully opened dynamic library cufft64_100.dll
2020-10-06 16:38:14.355857: I tensorflow/stream_executor/platform/default/dso_loader.cc:44] Successfully opened dynamic library curand64_100.dll
2020-10-06 16:38:14.356543: I tensorflow/stream_executor/platform/default/dso_loader.cc:44] Successfully opened dynamic library cusolver64_100.dll
2020-10-06 16:38:14.357191: I tensorflow/stream_executor/platform/default/dso_loader.cc:44] Successfully opened dynamic library cusparse64_100.dll
2020-10-06 16:38:14.357833: I tensorflow/stream_executor/platform/default/dso_loader.cc:44] Successfully opened dynamic library cudnn64_7.dll
2020-10-06 16:38:14.358836: I tensorflow/core/common_runtime/gpu/gpu_device.cc:1746] Adding visible gpu devices: 0
2020-10-06 16:38:14.359396: I tensorflow/core/common_runtime/gpu/gpu_device.cc:1159] Device interconnect StreamExecutor with strength 1 edge matrix:
2020-10-06 16:38:14.360043: I tensorflow/core/common_runtime/gpu/gpu_device.cc:1165]      0 
2020-10-06 16:38:14.360448: I tensorflow/core/common_runtime/gpu/gpu_device.cc:1178] 0:   N 
2020-10-06 16:38:14.361233: I tensorflow/core/common_runtime/gpu/gpu_device.cc:1304] Created TensorFlow device (/job:localhost/replica:0/task:0/device:GPU:0 with 8686 MB memory) -> physical GPU (device: 0, name: GeForce RTX 2080 Ti, pci bus id: 0000:73:00.0, compute capability: 7.5)
[       OK ] ControlFlowTest.test_if_semi
[ RUN      ] ControlFlowTest.test_if_single_output
2020-10-06 16:38:14.464513: I tensorflow/core/common_runtime/gpu/gpu_device.cc:1618] Found device 0 with properties: 
name: GeForce RTX 2080 Ti major: 7 minor: 5 memoryClockRate(GHz): 1.65
pciBusID: 0000:73:00.0
2020-10-06 16:38:14.465624: I tensorflow/stream_executor/platform/default/dso_loader.cc:44] Successfully opened dynamic library cudart64_100.dll
2020-10-06 16:38:14.466368: I tensorflow/stream_executor/platform/default/dso_loader.cc:44] Successfully opened dynamic library cublas64_100.dll
2020-10-06 16:38:14.467095: I tensorflow/stream_executor/platform/default/dso_loader.cc:44] Successfully opened dynamic library cufft64_100.dll
2020-10-06 16:38:14.467813: I tensorflow/stream_executor/platform/default/dso_loader.cc:44] Successfully opened dynamic library curand64_100.dll
2020-10-06 16:38:14.468535: I tensorflow/stream_executor/platform/default/dso_loader.cc:44] Successfully opened dynamic library cusolver64_100.dll
2020-10-06 16:38:14.469270: I tensorflow/stream_executor/platform/default/dso_loader.cc:44] Successfully opened dynamic library cusparse64_100.dll
2020-10-06 16:38:14.470004: I tensorflow/stream_executor/platform/default/dso_loader.cc:44] Successfully opened dynamic library cudnn64_7.dll
2020-10-06 16:38:14.471157: I tensorflow/core/common_runtime/gpu/gpu_device.cc:1746] Adding visible gpu devices: 0
2020-10-06 16:38:14.471694: I tensorflow/core/common_runtime/gpu/gpu_device.cc:1159] Device interconnect StreamExecutor with strength 1 edge matrix:
2020-10-06 16:38:14.472166: I tensorflow/core/common_runtime/gpu/gpu_device.cc:1165]      0 
2020-10-06 16:38:14.472459: I tensorflow/core/common_runtime/gpu/gpu_device.cc:1178] 0:   N 
2020-10-06 16:38:14.473110: I tensorflow/core/common_runtime/gpu/gpu_device.cc:1304] Created TensorFlow device (/job:localhost/replica:0/task:0/device:GPU:0 with 8686 MB memory) -> physical GPU (device: 0, name: GeForce RTX 2080 Ti, pci bus id: 0000:73:00.0, compute capability: 7.5)
[       OK ] ControlFlowTest.test_if_single_output
[ RUN      ] ControlFlowTest.test_if_sparse_tensor
2020-10-06 16:38:14.507948: I tensorflow/core/common_runtime/gpu/gpu_device.cc:1618] Found device 0 with properties: 
name: GeForce RTX 2080 Ti major: 7 minor: 5 memoryClockRate(GHz): 1.65
pciBusID: 0000:73:00.0
2020-10-06 16:38:14.508722: I tensorflow/stream_executor/platform/default/dso_loader.cc:44] Successfully opened dynamic library cudart64_100.dll
2020-10-06 16:38:14.509236: I tensorflow/stream_executor/platform/default/dso_loader.cc:44] Successfully opened dynamic library cublas64_100.dll
2020-10-06 16:38:14.509745: I tensorflow/stream_executor/platform/default/dso_loader.cc:44] Successfully opened dynamic library cufft64_100.dll
2020-10-06 16:38:14.510253: I tensorflow/stream_executor/platform/default/dso_loader.cc:44] Successfully opened dynamic library curand64_100.dll
2020-10-06 16:38:14.510770: I tensorflow/stream_executor/platform/default/dso_loader.cc:44] Successfully opened dynamic library cusolver64_100.dll
2020-10-06 16:38:14.511351: I tensorflow/stream_executor/platform/default/dso_loader.cc:44] Successfully opened dynamic library cusparse64_100.dll
2020-10-06 16:38:14.511844: I tensorflow/stream_executor/platform/default/dso_loader.cc:44] Successfully opened dynamic library cudnn64_7.dll
2020-10-06 16:38:14.512510: I tensorflow/core/common_runtime/gpu/gpu_device.cc:1746] Adding visible gpu devices: 0
2020-10-06 16:38:14.512921: I tensorflow/core/common_runtime/gpu/gpu_device.cc:1159] Device interconnect StreamExecutor with strength 1 edge matrix:
2020-10-06 16:38:14.513353: I tensorflow/core/common_runtime/gpu/gpu_device.cc:1165]      0 
2020-10-06 16:38:14.513624: I tensorflow/core/common_runtime/gpu/gpu_device.cc:1178] 0:   N 
2020-10-06 16:38:14.514220: I tensorflow/core/common_runtime/gpu/gpu_device.cc:1304] Created TensorFlow device (/job:localhost/replica:0/task:0/device:GPU:0 with 8686 MB memory) -> physical GPU (device: 0, name: GeForce RTX 2080 Ti, pci bus id: 0000:73:00.0, compute capability: 7.5)
[       OK ] ControlFlowTest.test_if_sparse_tensor
[ RUN      ] ControlFlowTest.test_if_unbalanced_composite
2020-10-06 16:38:14.622258: I tensorflow/core/common_runtime/gpu/gpu_device.cc:1618] Found device 0 with properties: 
name: GeForce RTX 2080 Ti major: 7 minor: 5 memoryClockRate(GHz): 1.65
pciBusID: 0000:73:00.0
2020-10-06 16:38:14.622795: I tensorflow/stream_executor/platform/default/dso_loader.cc:44] Successfully opened dynamic library cudart64_100.dll
2020-10-06 16:38:14.623145: I tensorflow/stream_executor/platform/default/dso_loader.cc:44] Successfully opened dynamic library cublas64_100.dll
2020-10-06 16:38:14.623490: I tensorflow/stream_executor/platform/default/dso_loader.cc:44] Successfully opened dynamic library cufft64_100.dll
2020-10-06 16:38:14.623835: I tensorflow/stream_executor/platform/default/dso_loader.cc:44] Successfully opened dynamic library curand64_100.dll
2020-10-06 16:38:14.624175: I tensorflow/stream_executor/platform/default/dso_loader.cc:44] Successfully opened dynamic library cusolver64_100.dll
2020-10-06 16:38:14.624527: I tensorflow/stream_executor/platform/default/dso_loader.cc:44] Successfully opened dynamic library cusparse64_100.dll
2020-10-06 16:38:14.624877: I tensorflow/stream_executor/platform/default/dso_loader.cc:44] Successfully opened dynamic library cudnn64_7.dll
2020-10-06 16:38:14.625451: I tensorflow/core/common_runtime/gpu/gpu_device.cc:1746] Adding visible gpu devices: 0
2020-10-06 16:38:14.625762: I tensorflow/core/common_runtime/gpu/gpu_device.cc:1159] Device interconnect StreamExecutor with strength 1 edge matrix:
2020-10-06 16:38:14.626111: I tensorflow/core/common_runtime/gpu/gpu_device.cc:1165]      0 
2020-10-06 16:38:14.626328: I tensorflow/core/common_runtime/gpu/gpu_device.cc:1178] 0:   N 
2020-10-06 16:38:14.626836: I tensorflow/core/common_runtime/gpu/gpu_device.cc:1304] Created TensorFlow device (/job:localhost/replica:0/task:0/device:GPU:0 with 8686 MB memory) -> physical GPU (device: 0, name: GeForce RTX 2080 Ti, pci bus id: 0000:73:00.0, compute capability: 7.5)
[       OK ] ControlFlowTest.test_if_unbalanced_composite
[ RUN      ] ControlFlowTest.test_if_unbalanced_multiple_composites
2020-10-06 16:38:14.759324: I tensorflow/core/common_runtime/gpu/gpu_device.cc:1618] Found device 0 with properties: 
name: GeForce RTX 2080 Ti major: 7 minor: 5 memoryClockRate(GHz): 1.65
pciBusID: 0000:73:00.0
2020-10-06 16:38:14.760243: I tensorflow/stream_executor/platform/default/dso_loader.cc:44] Successfully opened dynamic library cudart64_100.dll
2020-10-06 16:38:14.760840: I tensorflow/stream_executor/platform/default/dso_loader.cc:44] Successfully opened dynamic library cublas64_100.dll
2020-10-06 16:38:14.761436: I tensorflow/stream_executor/platform/default/dso_loader.cc:44] Successfully opened dynamic library cufft64_100.dll
2020-10-06 16:38:14.762030: I tensorflow/stream_executor/platform/default/dso_loader.cc:44] Successfully opened dynamic library curand64_100.dll
2020-10-06 16:38:14.762647: I tensorflow/stream_executor/platform/default/dso_loader.cc:44] Successfully opened dynamic library cusolver64_100.dll
2020-10-06 16:38:14.763258: I tensorflow/stream_executor/platform/default/dso_loader.cc:44] Successfully opened dynamic library cusparse64_100.dll
2020-10-06 16:38:14.763679: I tensorflow/stream_executor/platform/default/dso_loader.cc:44] Successfully opened dynamic library cudnn64_7.dll
2020-10-06 16:38:14.764282: I tensorflow/core/common_runtime/gpu/gpu_device.cc:1746] Adding visible gpu devices: 0
2020-10-06 16:38:14.764619: I tensorflow/core/common_runtime/gpu/gpu_device.cc:1159] Device interconnect StreamExecutor with strength 1 edge matrix:
2020-10-06 16:38:14.764992: I tensorflow/core/common_runtime/gpu/gpu_device.cc:1165]      0 
2020-10-06 16:38:14.765224: I tensorflow/core/common_runtime/gpu/gpu_device.cc:1178] 0:   N 
2020-10-06 16:38:14.765745: I tensorflow/core/common_runtime/gpu/gpu_device.cc:1304] Created TensorFlow device (/job:localhost/replica:0/task:0/device:GPU:0 with 8686 MB memory) -> physical GPU (device: 0, name: GeForce RTX 2080 Ti, pci bus id: 0000:73:00.0, compute capability: 7.5)
[       OK ] ControlFlowTest.test_if_unbalanced_multiple_composites
[ RUN      ] ControlFlowTest.test_session
[  SKIPPED ] ControlFlowTest.test_session
[ RUN      ] ControlFlowTest.test_simple_for
[  FAILED  ] ControlFlowTest.test_simple_for
[ RUN      ] ControlFlowTest.test_while_basic
[  FAILED  ] ControlFlowTest.test_while_basic
[ RUN      ] ControlFlowTest.test_while_composite_state
[  FAILED  ] ControlFlowTest.test_while_composite_state
[ RUN      ] ControlFlowTest.test_while_composite_state_initialized_in_loop
[  FAILED  ] ControlFlowTest.test_while_composite_state_initialized_in_loop
[ RUN      ] ControlFlowTest.test_while_dispatches_by_cond_only
[  FAILED  ] ControlFlowTest.test_while_dispatches_by_cond_only
[ RUN      ] ControlFlowTest.test_while_local_composite
[  FAILED  ] ControlFlowTest.test_while_local_composite
[ RUN      ] ControlFlowTest.test_while_local_composite_complex_illegal
[  FAILED  ] ControlFlowTest.test_while_local_composite_complex_illegal
[ RUN      ] ControlFlowTest.test_while_local_composite_complex_nestable
[  FAILED  ] ControlFlowTest.test_while_local_composite_complex_nestable
[ RUN      ] ControlFlowTest.test_while_nested
[  FAILED  ] ControlFlowTest.test_while_nested
[ RUN      ] ControlFlowTest.test_while_nested_composite_state
[  FAILED  ] ControlFlowTest.test_while_nested_composite_state
[ RUN      ] ControlFlowTest.test_while_single_output
[  FAILED  ] ControlFlowTest.test_while_single_output
======================================================================
ERROR: test_for_composite_state_initialized_in_loop (__main__.ControlFlowTest)
ControlFlowTest.test_for_composite_state_initialized_in_loop
----------------------------------------------------------------------
Traceback (most recent call last):
  File "control_flow_test.py", line 860, in test_for_composite_state_initialized_in_loop
    symbols={'TestClass': TestClass})
  File "control_flow_test.py", line 58, in assertTransformedResult
    (constant_op.constant,)) as result:
  File "C:\ProgramData\Anaconda3\envs\keras\lib\contextlib.py", line 81, in __enter__
    return next(self.gen)
  File "C:\ProgramData\Anaconda3\envs\keras\lib\site-packages\tensorflow_core\python\autograph\core\converter_testing.py", line 103, in converted
    node = m.transform(node, ctx)
  File "C:\ProgramData\Anaconda3\envs\keras\lib\site-packages\tensorflow_core\python\autograph\converters\control_flow.py", line 578, in transform
    node = ControlFlowTransformer(ctx).visit(node)
  File "C:\ProgramData\Anaconda3\envs\keras\lib\site-packages\tensorflow_core\python\autograph\core\converter.py", line 346, in visit
    return super(Base, self).visit(node)
  File "C:\ProgramData\Anaconda3\envs\keras\lib\site-packages\tensorflow_core\python\autograph\pyct\transformer.py", line 480, in visit
    result = super(Base, self).visit(node)
  File "C:\ProgramData\Anaconda3\envs\keras\lib\ast.py", line 253, in visit
    return visitor(node)
  File "C:\ProgramData\Anaconda3\envs\keras\lib\ast.py", line 308, in generic_visit
    value = self.visit(value)
  File "C:\ProgramData\Anaconda3\envs\keras\lib\site-packages\tensorflow_core\python\autograph\core\converter.py", line 346, in visit
    return super(Base, self).visit(node)
  File "C:\ProgramData\Anaconda3\envs\keras\lib\site-packages\tensorflow_core\python\autograph\pyct\transformer.py", line 480, in visit
    result = super(Base, self).visit(node)
  File "C:\ProgramData\Anaconda3\envs\keras\lib\ast.py", line 253, in visit
    return visitor(node)
  File "C:\ProgramData\Anaconda3\envs\keras\lib\site-packages\tensorflow_core\python\autograph\converters\control_flow.py", line 456, in visit_For
    | anno.getanno(node, annos.NodeAnno.ITERATE_SCOPE).modified))
  File "C:\ProgramData\Anaconda3\envs\keras\lib\site-packages\tensorflow_core\python\autograph\converters\control_flow.py", line 352, in _get_loop_vars
    undefined_lives = basic_loop_vars + defined_in
TypeError: unsupported operand type(s) for +: 'frozenset' and 'frozenset'

======================================================================
ERROR: test_for_iterated_expression (__main__.ControlFlowTest)
ControlFlowTest.test_for_iterated_expression
----------------------------------------------------------------------
Traceback (most recent call last):
  File "control_flow_test.py", line 814, in test_for_iterated_expression
    node = control_flow.transform(node, ctx)
  File "C:\ProgramData\Anaconda3\envs\keras\lib\site-packages\tensorflow_core\python\autograph\converters\control_flow.py", line 578, in transform
    node = ControlFlowTransformer(ctx).visit(node)
  File "C:\ProgramData\Anaconda3\envs\keras\lib\site-packages\tensorflow_core\python\autograph\core\converter.py", line 346, in visit
    return super(Base, self).visit(node)
  File "C:\ProgramData\Anaconda3\envs\keras\lib\site-packages\tensorflow_core\python\autograph\pyct\transformer.py", line 480, in visit
    result = super(Base, self).visit(node)
  File "C:\ProgramData\Anaconda3\envs\keras\lib\ast.py", line 253, in visit
    return visitor(node)
  File "C:\ProgramData\Anaconda3\envs\keras\lib\ast.py", line 308, in generic_visit
    value = self.visit(value)
  File "C:\ProgramData\Anaconda3\envs\keras\lib\site-packages\tensorflow_core\python\autograph\core\converter.py", line 346, in visit
    return super(Base, self).visit(node)
  File "C:\ProgramData\Anaconda3\envs\keras\lib\site-packages\tensorflow_core\python\autograph\pyct\transformer.py", line 480, in visit
    result = super(Base, self).visit(node)
  File "C:\ProgramData\Anaconda3\envs\keras\lib\ast.py", line 253, in visit
    return visitor(node)
  File "C:\ProgramData\Anaconda3\envs\keras\lib\site-packages\tensorflow_core\python\autograph\converters\control_flow.py", line 456, in visit_For
    | anno.getanno(node, annos.NodeAnno.ITERATE_SCOPE).modified))
  File "C:\ProgramData\Anaconda3\envs\keras\lib\site-packages\tensorflow_core\python\autograph\converters\control_flow.py", line 352, in _get_loop_vars
    undefined_lives = basic_loop_vars + defined_in
TypeError: unsupported operand type(s) for +: 'frozenset' and 'frozenset'

======================================================================
ERROR: test_for_single_output (__main__.ControlFlowTest)
ControlFlowTest.test_for_single_output
----------------------------------------------------------------------
Traceback (most recent call last):
  File "C:\ProgramData\Anaconda3\envs\keras\lib\site-packages\tensorflow_core\python\framework\test_util.py", line 1216, in decorated
    return f(self, *args, **kwargs)
  File "control_flow_test.py", line 774, in test_for_single_output
    self.assertTransformedResult(test_fn, constant_op.constant([1, 3]), 4)
  File "control_flow_test.py", line 58, in assertTransformedResult
    (constant_op.constant,)) as result:
  File "C:\ProgramData\Anaconda3\envs\keras\lib\contextlib.py", line 81, in __enter__
    return next(self.gen)
  File "C:\ProgramData\Anaconda3\envs\keras\lib\site-packages\tensorflow_core\python\autograph\core\converter_testing.py", line 103, in converted
    node = m.transform(node, ctx)
  File "C:\ProgramData\Anaconda3\envs\keras\lib\site-packages\tensorflow_core\python\autograph\converters\control_flow.py", line 578, in transform
    node = ControlFlowTransformer(ctx).visit(node)
  File "C:\ProgramData\Anaconda3\envs\keras\lib\site-packages\tensorflow_core\python\autograph\core\converter.py", line 346, in visit
    return super(Base, self).visit(node)
  File "C:\ProgramData\Anaconda3\envs\keras\lib\site-packages\tensorflow_core\python\autograph\pyct\transformer.py", line 480, in visit
    result = super(Base, self).visit(node)
  File "C:\ProgramData\Anaconda3\envs\keras\lib\ast.py", line 253, in visit
    return visitor(node)
  File "C:\ProgramData\Anaconda3\envs\keras\lib\ast.py", line 308, in generic_visit
    value = self.visit(value)
  File "C:\ProgramData\Anaconda3\envs\keras\lib\site-packages\tensorflow_core\python\autograph\core\converter.py", line 346, in visit
    return super(Base, self).visit(node)
  File "C:\ProgramData\Anaconda3\envs\keras\lib\site-packages\tensorflow_core\python\autograph\pyct\transformer.py", line 480, in visit
    result = super(Base, self).visit(node)
  File "C:\ProgramData\Anaconda3\envs\keras\lib\ast.py", line 253, in visit
    return visitor(node)
  File "C:\ProgramData\Anaconda3\envs\keras\lib\site-packages\tensorflow_core\python\autograph\converters\control_flow.py", line 456, in visit_For
    | anno.getanno(node, annos.NodeAnno.ITERATE_SCOPE).modified))
  File "C:\ProgramData\Anaconda3\envs\keras\lib\site-packages\tensorflow_core\python\autograph\converters\control_flow.py", line 352, in _get_loop_vars
    undefined_lives = basic_loop_vars + defined_in
TypeError: unsupported operand type(s) for +: 'frozenset' and 'frozenset'

======================================================================
ERROR: test_for_tuple_unpacking (__main__.ControlFlowTest)
ControlFlowTest.test_for_tuple_unpacking
----------------------------------------------------------------------
Traceback (most recent call last):
  File "C:\ProgramData\Anaconda3\envs\keras\lib\site-packages\tensorflow_core\python\framework\test_util.py", line 1216, in decorated
    return f(self, *args, **kwargs)
  File "control_flow_test.py", line 894, in test_for_tuple_unpacking
    self.assertTransformedResult(test_fn, [3, 3], 7)
  File "control_flow_test.py", line 58, in assertTransformedResult
    (constant_op.constant,)) as result:
  File "C:\ProgramData\Anaconda3\envs\keras\lib\contextlib.py", line 81, in __enter__
    return next(self.gen)
  File "C:\ProgramData\Anaconda3\envs\keras\lib\site-packages\tensorflow_core\python\autograph\core\converter_testing.py", line 103, in converted
    node = m.transform(node, ctx)
  File "C:\ProgramData\Anaconda3\envs\keras\lib\site-packages\tensorflow_core\python\autograph\converters\control_flow.py", line 578, in transform
    node = ControlFlowTransformer(ctx).visit(node)
  File "C:\ProgramData\Anaconda3\envs\keras\lib\site-packages\tensorflow_core\python\autograph\core\converter.py", line 346, in visit
    return super(Base, self).visit(node)
  File "C:\ProgramData\Anaconda3\envs\keras\lib\site-packages\tensorflow_core\python\autograph\pyct\transformer.py", line 480, in visit
    result = super(Base, self).visit(node)
  File "C:\ProgramData\Anaconda3\envs\keras\lib\ast.py", line 253, in visit
    return visitor(node)
  File "C:\ProgramData\Anaconda3\envs\keras\lib\ast.py", line 308, in generic_visit
    value = self.visit(value)
  File "C:\ProgramData\Anaconda3\envs\keras\lib\site-packages\tensorflow_core\python\autograph\core\converter.py", line 346, in visit
    return super(Base, self).visit(node)
  File "C:\ProgramData\Anaconda3\envs\keras\lib\site-packages\tensorflow_core\python\autograph\pyct\transformer.py", line 480, in visit
    result = super(Base, self).visit(node)
  File "C:\ProgramData\Anaconda3\envs\keras\lib\ast.py", line 253, in visit
    return visitor(node)
  File "C:\ProgramData\Anaconda3\envs\keras\lib\site-packages\tensorflow_core\python\autograph\converters\control_flow.py", line 456, in visit_For
    | anno.getanno(node, annos.NodeAnno.ITERATE_SCOPE).modified))
  File "C:\ProgramData\Anaconda3\envs\keras\lib\site-packages\tensorflow_core\python\autograph\converters\control_flow.py", line 352, in _get_loop_vars
    undefined_lives = basic_loop_vars + defined_in
TypeError: unsupported operand type(s) for +: 'frozenset' and 'frozenset'

======================================================================
ERROR: test_for_with_comprehension_in_body (__main__.ControlFlowTest)
ControlFlowTest.test_for_with_comprehension_in_body
----------------------------------------------------------------------
Traceback (most recent call last):
  File "control_flow_test.py", line 920, in test_for_with_comprehension_in_body
    symbols={'constant_op': constant_op})
  File "control_flow_test.py", line 58, in assertTransformedResult
    (constant_op.constant,)) as result:
  File "C:\ProgramData\Anaconda3\envs\keras\lib\contextlib.py", line 81, in __enter__
    return next(self.gen)
  File "C:\ProgramData\Anaconda3\envs\keras\lib\site-packages\tensorflow_core\python\autograph\core\converter_testing.py", line 103, in converted
    node = m.transform(node, ctx)
  File "C:\ProgramData\Anaconda3\envs\keras\lib\site-packages\tensorflow_core\python\autograph\converters\control_flow.py", line 578, in transform
    node = ControlFlowTransformer(ctx).visit(node)
  File "C:\ProgramData\Anaconda3\envs\keras\lib\site-packages\tensorflow_core\python\autograph\core\converter.py", line 346, in visit
    return super(Base, self).visit(node)
  File "C:\ProgramData\Anaconda3\envs\keras\lib\site-packages\tensorflow_core\python\autograph\pyct\transformer.py", line 480, in visit
    result = super(Base, self).visit(node)
  File "C:\ProgramData\Anaconda3\envs\keras\lib\ast.py", line 253, in visit
    return visitor(node)
  File "C:\ProgramData\Anaconda3\envs\keras\lib\ast.py", line 308, in generic_visit
    value = self.visit(value)
  File "C:\ProgramData\Anaconda3\envs\keras\lib\site-packages\tensorflow_core\python\autograph\core\converter.py", line 346, in visit
    return super(Base, self).visit(node)
  File "C:\ProgramData\Anaconda3\envs\keras\lib\site-packages\tensorflow_core\python\autograph\pyct\transformer.py", line 480, in visit
    result = super(Base, self).visit(node)
  File "C:\ProgramData\Anaconda3\envs\keras\lib\ast.py", line 253, in visit
    return visitor(node)
  File "C:\ProgramData\Anaconda3\envs\keras\lib\site-packages\tensorflow_core\python\autograph\converters\control_flow.py", line 456, in visit_For
    | anno.getanno(node, annos.NodeAnno.ITERATE_SCOPE).modified))
  File "C:\ProgramData\Anaconda3\envs\keras\lib\site-packages\tensorflow_core\python\autograph\converters\control_flow.py", line 352, in _get_loop_vars
    undefined_lives = basic_loop_vars + defined_in
TypeError: unsupported operand type(s) for +: 'frozenset' and 'frozenset'

======================================================================
ERROR: test_simple_for (__main__.ControlFlowTest)
ControlFlowTest.test_simple_for
----------------------------------------------------------------------
Traceback (most recent call last):
  File "C:\ProgramData\Anaconda3\envs\keras\lib\site-packages\tensorflow_core\python\framework\test_util.py", line 1216, in decorated
    return f(self, *args, **kwargs)
  File "control_flow_test.py", line 748, in test_simple_for
    self.assertTransformedResult(test_fn, constant_op.constant([1, 3]), (4, 10))
  File "control_flow_test.py", line 58, in assertTransformedResult
    (constant_op.constant,)) as result:
  File "C:\ProgramData\Anaconda3\envs\keras\lib\contextlib.py", line 81, in __enter__
    return next(self.gen)
  File "C:\ProgramData\Anaconda3\envs\keras\lib\site-packages\tensorflow_core\python\autograph\core\converter_testing.py", line 103, in converted
    node = m.transform(node, ctx)
  File "C:\ProgramData\Anaconda3\envs\keras\lib\site-packages\tensorflow_core\python\autograph\converters\control_flow.py", line 578, in transform
    node = ControlFlowTransformer(ctx).visit(node)
  File "C:\ProgramData\Anaconda3\envs\keras\lib\site-packages\tensorflow_core\python\autograph\core\converter.py", line 346, in visit
    return super(Base, self).visit(node)
  File "C:\ProgramData\Anaconda3\envs\keras\lib\site-packages\tensorflow_core\python\autograph\pyct\transformer.py", line 480, in visit
    result = super(Base, self).visit(node)
  File "C:\ProgramData\Anaconda3\envs\keras\lib\ast.py", line 253, in visit
    return visitor(node)
  File "C:\ProgramData\Anaconda3\envs\keras\lib\ast.py", line 308, in generic_visit
    value = self.visit(value)
  File "C:\ProgramData\Anaconda3\envs\keras\lib\site-packages\tensorflow_core\python\autograph\core\converter.py", line 346, in visit
    return super(Base, self).visit(node)
  File "C:\ProgramData\Anaconda3\envs\keras\lib\site-packages\tensorflow_core\python\autograph\pyct\transformer.py", line 480, in visit
    result = super(Base, self).visit(node)
  File "C:\ProgramData\Anaconda3\envs\keras\lib\ast.py", line 253, in visit
    return visitor(node)
  File "C:\ProgramData\Anaconda3\envs\keras\lib\site-packages\tensorflow_core\python\autograph\converters\control_flow.py", line 456, in visit_For
    | anno.getanno(node, annos.NodeAnno.ITERATE_SCOPE).modified))
  File "C:\ProgramData\Anaconda3\envs\keras\lib\site-packages\tensorflow_core\python\autograph\converters\control_flow.py", line 352, in _get_loop_vars
    undefined_lives = basic_loop_vars + defined_in
TypeError: unsupported operand type(s) for +: 'frozenset' and 'frozenset'

======================================================================
ERROR: test_while_basic (__main__.ControlFlowTest)
ControlFlowTest.test_while_basic
----------------------------------------------------------------------
Traceback (most recent call last):
  File "C:\ProgramData\Anaconda3\envs\keras\lib\site-packages\tensorflow_core\python\framework\test_util.py", line 1216, in decorated
    return f(self, *args, **kwargs)
  File "control_flow_test.py", line 86, in test_while_basic
    self.assertTransformedResult(test_fn, constant_op.constant(5), (10, 5, 5))
  File "control_flow_test.py", line 58, in assertTransformedResult
    (constant_op.constant,)) as result:
  File "C:\ProgramData\Anaconda3\envs\keras\lib\contextlib.py", line 81, in __enter__
    return next(self.gen)
  File "C:\ProgramData\Anaconda3\envs\keras\lib\site-packages\tensorflow_core\python\autograph\core\converter_testing.py", line 103, in converted
    node = m.transform(node, ctx)
  File "C:\ProgramData\Anaconda3\envs\keras\lib\site-packages\tensorflow_core\python\autograph\converters\control_flow.py", line 578, in transform
    node = ControlFlowTransformer(ctx).visit(node)
  File "C:\ProgramData\Anaconda3\envs\keras\lib\site-packages\tensorflow_core\python\autograph\core\converter.py", line 346, in visit
    return super(Base, self).visit(node)
  File "C:\ProgramData\Anaconda3\envs\keras\lib\site-packages\tensorflow_core\python\autograph\pyct\transformer.py", line 480, in visit
    result = super(Base, self).visit(node)
  File "C:\ProgramData\Anaconda3\envs\keras\lib\ast.py", line 253, in visit
    return visitor(node)
  File "C:\ProgramData\Anaconda3\envs\keras\lib\ast.py", line 308, in generic_visit
    value = self.visit(value)
  File "C:\ProgramData\Anaconda3\envs\keras\lib\site-packages\tensorflow_core\python\autograph\core\converter.py", line 346, in visit
    return super(Base, self).visit(node)
  File "C:\ProgramData\Anaconda3\envs\keras\lib\site-packages\tensorflow_core\python\autograph\pyct\transformer.py", line 480, in visit
    result = super(Base, self).visit(node)
  File "C:\ProgramData\Anaconda3\envs\keras\lib\ast.py", line 253, in visit
    return visitor(node)
  File "C:\ProgramData\Anaconda3\envs\keras\lib\site-packages\tensorflow_core\python\autograph\converters\control_flow.py", line 372, in visit_While
    anno.getanno(node, annos.NodeAnno.BODY_SCOPE).modified)
  File "C:\ProgramData\Anaconda3\envs\keras\lib\site-packages\tensorflow_core\python\autograph\converters\control_flow.py", line 352, in _get_loop_vars
    undefined_lives = basic_loop_vars + defined_in
TypeError: unsupported operand type(s) for +: 'frozenset' and 'frozenset'

======================================================================
ERROR: test_while_composite_state (__main__.ControlFlowTest)
ControlFlowTest.test_while_composite_state
----------------------------------------------------------------------
Traceback (most recent call last):
  File "control_flow_test.py", line 178, in test_while_composite_state
    test_fn, constant_op.constant(5), 0, symbols={'TestClass': TestClass})
  File "control_flow_test.py", line 58, in assertTransformedResult
    (constant_op.constant,)) as result:
  File "C:\ProgramData\Anaconda3\envs\keras\lib\contextlib.py", line 81, in __enter__
    return next(self.gen)
  File "C:\ProgramData\Anaconda3\envs\keras\lib\site-packages\tensorflow_core\python\autograph\core\converter_testing.py", line 103, in converted
    node = m.transform(node, ctx)
  File "C:\ProgramData\Anaconda3\envs\keras\lib\site-packages\tensorflow_core\python\autograph\converters\control_flow.py", line 578, in transform
    node = ControlFlowTransformer(ctx).visit(node)
  File "C:\ProgramData\Anaconda3\envs\keras\lib\site-packages\tensorflow_core\python\autograph\core\converter.py", line 346, in visit
    return super(Base, self).visit(node)
  File "C:\ProgramData\Anaconda3\envs\keras\lib\site-packages\tensorflow_core\python\autograph\pyct\transformer.py", line 480, in visit
    result = super(Base, self).visit(node)
  File "C:\ProgramData\Anaconda3\envs\keras\lib\ast.py", line 253, in visit
    return visitor(node)
  File "C:\ProgramData\Anaconda3\envs\keras\lib\ast.py", line 308, in generic_visit
    value = self.visit(value)
  File "C:\ProgramData\Anaconda3\envs\keras\lib\site-packages\tensorflow_core\python\autograph\core\converter.py", line 346, in visit
    return super(Base, self).visit(node)
  File "C:\ProgramData\Anaconda3\envs\keras\lib\site-packages\tensorflow_core\python\autograph\pyct\transformer.py", line 480, in visit
    result = super(Base, self).visit(node)
  File "C:\ProgramData\Anaconda3\envs\keras\lib\ast.py", line 253, in visit
    return visitor(node)
  File "C:\ProgramData\Anaconda3\envs\keras\lib\site-packages\tensorflow_core\python\autograph\converters\control_flow.py", line 372, in visit_While
    anno.getanno(node, annos.NodeAnno.BODY_SCOPE).modified)
  File "C:\ProgramData\Anaconda3\envs\keras\lib\site-packages\tensorflow_core\python\autograph\converters\control_flow.py", line 352, in _get_loop_vars
    undefined_lives = basic_loop_vars + defined_in
TypeError: unsupported operand type(s) for +: 'frozenset' and 'frozenset'

======================================================================
ERROR: test_while_composite_state_initialized_in_loop (__main__.ControlFlowTest)
ControlFlowTest.test_while_composite_state_initialized_in_loop
----------------------------------------------------------------------
Traceback (most recent call last):
  File "control_flow_test.py", line 218, in test_while_composite_state_initialized_in_loop
    symbols={'TestClass': TestClass})
  File "control_flow_test.py", line 58, in assertTransformedResult
    (constant_op.constant,)) as result:
  File "C:\ProgramData\Anaconda3\envs\keras\lib\contextlib.py", line 81, in __enter__
    return next(self.gen)
  File "C:\ProgramData\Anaconda3\envs\keras\lib\site-packages\tensorflow_core\python\autograph\core\converter_testing.py", line 103, in converted
    node = m.transform(node, ctx)
  File "C:\ProgramData\Anaconda3\envs\keras\lib\site-packages\tensorflow_core\python\autograph\converters\control_flow.py", line 578, in transform
    node = ControlFlowTransformer(ctx).visit(node)
  File "C:\ProgramData\Anaconda3\envs\keras\lib\site-packages\tensorflow_core\python\autograph\core\converter.py", line 346, in visit
    return super(Base, self).visit(node)
  File "C:\ProgramData\Anaconda3\envs\keras\lib\site-packages\tensorflow_core\python\autograph\pyct\transformer.py", line 480, in visit
    result = super(Base, self).visit(node)
  File "C:\ProgramData\Anaconda3\envs\keras\lib\ast.py", line 253, in visit
    return visitor(node)
  File "C:\ProgramData\Anaconda3\envs\keras\lib\ast.py", line 308, in generic_visit
    value = self.visit(value)
  File "C:\ProgramData\Anaconda3\envs\keras\lib\site-packages\tensorflow_core\python\autograph\core\converter.py", line 346, in visit
    return super(Base, self).visit(node)
  File "C:\ProgramData\Anaconda3\envs\keras\lib\site-packages\tensorflow_core\python\autograph\pyct\transformer.py", line 480, in visit
    result = super(Base, self).visit(node)
  File "C:\ProgramData\Anaconda3\envs\keras\lib\ast.py", line 253, in visit
    return visitor(node)
  File "C:\ProgramData\Anaconda3\envs\keras\lib\site-packages\tensorflow_core\python\autograph\converters\control_flow.py", line 372, in visit_While
    anno.getanno(node, annos.NodeAnno.BODY_SCOPE).modified)
  File "C:\ProgramData\Anaconda3\envs\keras\lib\site-packages\tensorflow_core\python\autograph\converters\control_flow.py", line 352, in _get_loop_vars
    undefined_lives = basic_loop_vars + defined_in
TypeError: unsupported operand type(s) for +: 'frozenset' and 'frozenset'

======================================================================
ERROR: test_while_dispatches_by_cond_only (__main__.ControlFlowTest)
ControlFlowTest.test_while_dispatches_by_cond_only
----------------------------------------------------------------------
Traceback (most recent call last):
  File "C:\ProgramData\Anaconda3\envs\keras\lib\site-packages\tensorflow_core\python\framework\test_util.py", line 1216, in decorated
    return f(self, *args, **kwargs)
  File "control_flow_test.py", line 422, in test_while_dispatches_by_cond_only
    self.assertTransformedResult(test_fn, (constant_op.constant(5), 0), 10)
  File "control_flow_test.py", line 58, in assertTransformedResult
    (constant_op.constant,)) as result:
  File "C:\ProgramData\Anaconda3\envs\keras\lib\contextlib.py", line 81, in __enter__
    return next(self.gen)
  File "C:\ProgramData\Anaconda3\envs\keras\lib\site-packages\tensorflow_core\python\autograph\core\converter_testing.py", line 103, in converted
    node = m.transform(node, ctx)
  File "C:\ProgramData\Anaconda3\envs\keras\lib\site-packages\tensorflow_core\python\autograph\converters\control_flow.py", line 578, in transform
    node = ControlFlowTransformer(ctx).visit(node)
  File "C:\ProgramData\Anaconda3\envs\keras\lib\site-packages\tensorflow_core\python\autograph\core\converter.py", line 346, in visit
    return super(Base, self).visit(node)
  File "C:\ProgramData\Anaconda3\envs\keras\lib\site-packages\tensorflow_core\python\autograph\pyct\transformer.py", line 480, in visit
    result = super(Base, self).visit(node)
  File "C:\ProgramData\Anaconda3\envs\keras\lib\ast.py", line 253, in visit
    return visitor(node)
  File "C:\ProgramData\Anaconda3\envs\keras\lib\ast.py", line 308, in generic_visit
    value = self.visit(value)
  File "C:\ProgramData\Anaconda3\envs\keras\lib\site-packages\tensorflow_core\python\autograph\core\converter.py", line 346, in visit
    return super(Base, self).visit(node)
  File "C:\ProgramData\Anaconda3\envs\keras\lib\site-packages\tensorflow_core\python\autograph\pyct\transformer.py", line 480, in visit
    result = super(Base, self).visit(node)
  File "C:\ProgramData\Anaconda3\envs\keras\lib\ast.py", line 253, in visit
    return visitor(node)
  File "C:\ProgramData\Anaconda3\envs\keras\lib\site-packages\tensorflow_core\python\autograph\converters\control_flow.py", line 372, in visit_While
    anno.getanno(node, annos.NodeAnno.BODY_SCOPE).modified)
  File "C:\ProgramData\Anaconda3\envs\keras\lib\site-packages\tensorflow_core\python\autograph\converters\control_flow.py", line 352, in _get_loop_vars
    undefined_lives = basic_loop_vars + defined_in
TypeError: unsupported operand type(s) for +: 'frozenset' and 'frozenset'

======================================================================
ERROR: test_while_local_composite (__main__.ControlFlowTest)
ControlFlowTest.test_while_local_composite
----------------------------------------------------------------------
Traceback (most recent call last):
  File "control_flow_test.py", line 300, in test_while_local_composite
    test_fn, constant_op.constant(5), 0, symbols={'TestClass': TestClass})
  File "control_flow_test.py", line 58, in assertTransformedResult
    (constant_op.constant,)) as result:
  File "C:\ProgramData\Anaconda3\envs\keras\lib\contextlib.py", line 81, in __enter__
    return next(self.gen)
  File "C:\ProgramData\Anaconda3\envs\keras\lib\site-packages\tensorflow_core\python\autograph\core\converter_testing.py", line 103, in converted
    node = m.transform(node, ctx)
  File "C:\ProgramData\Anaconda3\envs\keras\lib\site-packages\tensorflow_core\python\autograph\converters\control_flow.py", line 578, in transform
    node = ControlFlowTransformer(ctx).visit(node)
  File "C:\ProgramData\Anaconda3\envs\keras\lib\site-packages\tensorflow_core\python\autograph\core\converter.py", line 346, in visit
    return super(Base, self).visit(node)
  File "C:\ProgramData\Anaconda3\envs\keras\lib\site-packages\tensorflow_core\python\autograph\pyct\transformer.py", line 480, in visit
    result = super(Base, self).visit(node)
  File "C:\ProgramData\Anaconda3\envs\keras\lib\ast.py", line 253, in visit
    return visitor(node)
  File "C:\ProgramData\Anaconda3\envs\keras\lib\ast.py", line 308, in generic_visit
    value = self.visit(value)
  File "C:\ProgramData\Anaconda3\envs\keras\lib\site-packages\tensorflow_core\python\autograph\core\converter.py", line 346, in visit
    return super(Base, self).visit(node)
  File "C:\ProgramData\Anaconda3\envs\keras\lib\site-packages\tensorflow_core\python\autograph\pyct\transformer.py", line 480, in visit
    result = super(Base, self).visit(node)
  File "C:\ProgramData\Anaconda3\envs\keras\lib\ast.py", line 253, in visit
    return visitor(node)
  File "C:\ProgramData\Anaconda3\envs\keras\lib\site-packages\tensorflow_core\python\autograph\converters\control_flow.py", line 372, in visit_While
    anno.getanno(node, annos.NodeAnno.BODY_SCOPE).modified)
  File "C:\ProgramData\Anaconda3\envs\keras\lib\site-packages\tensorflow_core\python\autograph\converters\control_flow.py", line 352, in _get_loop_vars
    undefined_lives = basic_loop_vars + defined_in
TypeError: unsupported operand type(s) for +: 'frozenset' and 'frozenset'

======================================================================
ERROR: test_while_local_composite_complex_illegal (__main__.ControlFlowTest)
ControlFlowTest.test_while_local_composite_complex_illegal
----------------------------------------------------------------------
Traceback (most recent call last):
  File "control_flow_test.py", line 372, in test_while_local_composite_complex_illegal
    test_fn, control_flow, {'TestClass': TestClass}) as result:
  File "C:\ProgramData\Anaconda3\envs\keras\lib\contextlib.py", line 81, in __enter__
    return next(self.gen)
  File "C:\ProgramData\Anaconda3\envs\keras\lib\site-packages\tensorflow_core\python\autograph\core\converter_testing.py", line 103, in converted
    node = m.transform(node, ctx)
  File "C:\ProgramData\Anaconda3\envs\keras\lib\site-packages\tensorflow_core\python\autograph\converters\control_flow.py", line 578, in transform
    node = ControlFlowTransformer(ctx).visit(node)
  File "C:\ProgramData\Anaconda3\envs\keras\lib\site-packages\tensorflow_core\python\autograph\core\converter.py", line 346, in visit
    return super(Base, self).visit(node)
  File "C:\ProgramData\Anaconda3\envs\keras\lib\site-packages\tensorflow_core\python\autograph\pyct\transformer.py", line 480, in visit
    result = super(Base, self).visit(node)
  File "C:\ProgramData\Anaconda3\envs\keras\lib\ast.py", line 253, in visit
    return visitor(node)
  File "C:\ProgramData\Anaconda3\envs\keras\lib\ast.py", line 308, in generic_visit
    value = self.visit(value)
  File "C:\ProgramData\Anaconda3\envs\keras\lib\site-packages\tensorflow_core\python\autograph\core\converter.py", line 346, in visit
    return super(Base, self).visit(node)
  File "C:\ProgramData\Anaconda3\envs\keras\lib\site-packages\tensorflow_core\python\autograph\pyct\transformer.py", line 480, in visit
    result = super(Base, self).visit(node)
  File "C:\ProgramData\Anaconda3\envs\keras\lib\ast.py", line 253, in visit
    return visitor(node)
  File "C:\ProgramData\Anaconda3\envs\keras\lib\site-packages\tensorflow_core\python\autograph\converters\control_flow.py", line 372, in visit_While
    anno.getanno(node, annos.NodeAnno.BODY_SCOPE).modified)
  File "C:\ProgramData\Anaconda3\envs\keras\lib\site-packages\tensorflow_core\python\autograph\converters\control_flow.py", line 352, in _get_loop_vars
    undefined_lives = basic_loop_vars + defined_in
TypeError: unsupported operand type(s) for +: 'frozenset' and 'frozenset'

======================================================================
ERROR: test_while_local_composite_complex_nestable (__main__.ControlFlowTest)
ControlFlowTest.test_while_local_composite_complex_nestable
----------------------------------------------------------------------
Traceback (most recent call last):
  File "control_flow_test.py", line 338, in test_while_local_composite_complex_nestable
    test_fn, constant_op.constant(5), 4, symbols=ns)
  File "control_flow_test.py", line 58, in assertTransformedResult
    (constant_op.constant,)) as result:
  File "C:\ProgramData\Anaconda3\envs\keras\lib\contextlib.py", line 81, in __enter__
    return next(self.gen)
  File "C:\ProgramData\Anaconda3\envs\keras\lib\site-packages\tensorflow_core\python\autograph\core\converter_testing.py", line 103, in converted
    node = m.transform(node, ctx)
  File "C:\ProgramData\Anaconda3\envs\keras\lib\site-packages\tensorflow_core\python\autograph\converters\control_flow.py", line 578, in transform
    node = ControlFlowTransformer(ctx).visit(node)
  File "C:\ProgramData\Anaconda3\envs\keras\lib\site-packages\tensorflow_core\python\autograph\core\converter.py", line 346, in visit
    return super(Base, self).visit(node)
  File "C:\ProgramData\Anaconda3\envs\keras\lib\site-packages\tensorflow_core\python\autograph\pyct\transformer.py", line 480, in visit
    result = super(Base, self).visit(node)
  File "C:\ProgramData\Anaconda3\envs\keras\lib\ast.py", line 253, in visit
    return visitor(node)
  File "C:\ProgramData\Anaconda3\envs\keras\lib\ast.py", line 308, in generic_visit
    value = self.visit(value)
  File "C:\ProgramData\Anaconda3\envs\keras\lib\site-packages\tensorflow_core\python\autograph\core\converter.py", line 346, in visit
    return super(Base, self).visit(node)
  File "C:\ProgramData\Anaconda3\envs\keras\lib\site-packages\tensorflow_core\python\autograph\pyct\transformer.py", line 480, in visit
    result = super(Base, self).visit(node)
  File "C:\ProgramData\Anaconda3\envs\keras\lib\ast.py", line 253, in visit
    return visitor(node)
  File "C:\ProgramData\Anaconda3\envs\keras\lib\site-packages\tensorflow_core\python\autograph\converters\control_flow.py", line 372, in visit_While
    anno.getanno(node, annos.NodeAnno.BODY_SCOPE).modified)
  File "C:\ProgramData\Anaconda3\envs\keras\lib\site-packages\tensorflow_core\python\autograph\converters\control_flow.py", line 352, in _get_loop_vars
    undefined_lives = basic_loop_vars + defined_in
TypeError: unsupported operand type(s) for +: 'frozenset' and 'frozenset'

======================================================================
ERROR: test_while_nested (__main__.ControlFlowTest)
ControlFlowTest.test_while_nested
----------------------------------------------------------------------
Traceback (most recent call last):
  File "C:\ProgramData\Anaconda3\envs\keras\lib\site-packages\tensorflow_core\python\framework\test_util.py", line 1216, in decorated
    return f(self, *args, **kwargs)
  File "control_flow_test.py", line 124, in test_while_nested
    (25, 5, 0, 5))
  File "control_flow_test.py", line 58, in assertTransformedResult
    (constant_op.constant,)) as result:
  File "C:\ProgramData\Anaconda3\envs\keras\lib\contextlib.py", line 81, in __enter__
    return next(self.gen)
  File "C:\ProgramData\Anaconda3\envs\keras\lib\site-packages\tensorflow_core\python\autograph\core\converter_testing.py", line 103, in converted
    node = m.transform(node, ctx)
  File "C:\ProgramData\Anaconda3\envs\keras\lib\site-packages\tensorflow_core\python\autograph\converters\control_flow.py", line 578, in transform
    node = ControlFlowTransformer(ctx).visit(node)
  File "C:\ProgramData\Anaconda3\envs\keras\lib\site-packages\tensorflow_core\python\autograph\core\converter.py", line 346, in visit
    return super(Base, self).visit(node)
  File "C:\ProgramData\Anaconda3\envs\keras\lib\site-packages\tensorflow_core\python\autograph\pyct\transformer.py", line 480, in visit
    result = super(Base, self).visit(node)
  File "C:\ProgramData\Anaconda3\envs\keras\lib\ast.py", line 253, in visit
    return visitor(node)
  File "C:\ProgramData\Anaconda3\envs\keras\lib\ast.py", line 308, in generic_visit
    value = self.visit(value)
  File "C:\ProgramData\Anaconda3\envs\keras\lib\site-packages\tensorflow_core\python\autograph\core\converter.py", line 346, in visit
    return super(Base, self).visit(node)
  File "C:\ProgramData\Anaconda3\envs\keras\lib\site-packages\tensorflow_core\python\autograph\pyct\transformer.py", line 480, in visit
    result = super(Base, self).visit(node)
  File "C:\ProgramData\Anaconda3\envs\keras\lib\ast.py", line 253, in visit
    return visitor(node)
  File "C:\ProgramData\Anaconda3\envs\keras\lib\site-packages\tensorflow_core\python\autograph\converters\control_flow.py", line 367, in visit_While
    node = self.generic_visit(node)
  File "C:\ProgramData\Anaconda3\envs\keras\lib\ast.py", line 308, in generic_visit
    value = self.visit(value)
  File "C:\ProgramData\Anaconda3\envs\keras\lib\site-packages\tensorflow_core\python\autograph\core\converter.py", line 346, in visit
    return super(Base, self).visit(node)
  File "C:\ProgramData\Anaconda3\envs\keras\lib\site-packages\tensorflow_core\python\autograph\pyct\transformer.py", line 480, in visit
    result = super(Base, self).visit(node)
  File "C:\ProgramData\Anaconda3\envs\keras\lib\ast.py", line 253, in visit
    return visitor(node)
  File "C:\ProgramData\Anaconda3\envs\keras\lib\site-packages\tensorflow_core\python\autograph\converters\control_flow.py", line 372, in visit_While
    anno.getanno(node, annos.NodeAnno.BODY_SCOPE).modified)
  File "C:\ProgramData\Anaconda3\envs\keras\lib\site-packages\tensorflow_core\python\autograph\converters\control_flow.py", line 352, in _get_loop_vars
    undefined_lives = basic_loop_vars + defined_in
TypeError: unsupported operand type(s) for +: 'frozenset' and 'frozenset'

======================================================================
ERROR: test_while_nested_composite_state (__main__.ControlFlowTest)
ControlFlowTest.test_while_nested_composite_state
----------------------------------------------------------------------
Traceback (most recent call last):
  File "control_flow_test.py", line 266, in test_while_nested_composite_state
    test_fn, constant_op.constant(5), 0, symbols={'TestClass': TestClass})
  File "control_flow_test.py", line 58, in assertTransformedResult
    (constant_op.constant,)) as result:
  File "C:\ProgramData\Anaconda3\envs\keras\lib\contextlib.py", line 81, in __enter__
    return next(self.gen)
  File "C:\ProgramData\Anaconda3\envs\keras\lib\site-packages\tensorflow_core\python\autograph\core\converter_testing.py", line 103, in converted
    node = m.transform(node, ctx)
  File "C:\ProgramData\Anaconda3\envs\keras\lib\site-packages\tensorflow_core\python\autograph\converters\control_flow.py", line 578, in transform
    node = ControlFlowTransformer(ctx).visit(node)
  File "C:\ProgramData\Anaconda3\envs\keras\lib\site-packages\tensorflow_core\python\autograph\core\converter.py", line 346, in visit
    return super(Base, self).visit(node)
  File "C:\ProgramData\Anaconda3\envs\keras\lib\site-packages\tensorflow_core\python\autograph\pyct\transformer.py", line 480, in visit
    result = super(Base, self).visit(node)
  File "C:\ProgramData\Anaconda3\envs\keras\lib\ast.py", line 253, in visit
    return visitor(node)
  File "C:\ProgramData\Anaconda3\envs\keras\lib\ast.py", line 308, in generic_visit
    value = self.visit(value)
  File "C:\ProgramData\Anaconda3\envs\keras\lib\site-packages\tensorflow_core\python\autograph\core\converter.py", line 346, in visit
    return super(Base, self).visit(node)
  File "C:\ProgramData\Anaconda3\envs\keras\lib\site-packages\tensorflow_core\python\autograph\pyct\transformer.py", line 480, in visit
    result = super(Base, self).visit(node)
  File "C:\ProgramData\Anaconda3\envs\keras\lib\ast.py", line 253, in visit
    return visitor(node)
  File "C:\ProgramData\Anaconda3\envs\keras\lib\site-packages\tensorflow_core\python\autograph\converters\control_flow.py", line 372, in visit_While
    anno.getanno(node, annos.NodeAnno.BODY_SCOPE).modified)
  File "C:\ProgramData\Anaconda3\envs\keras\lib\site-packages\tensorflow_core\python\autograph\converters\control_flow.py", line 352, in _get_loop_vars
    undefined_lives = basic_loop_vars + defined_in
TypeError: unsupported operand type(s) for +: 'frozenset' and 'frozenset'

======================================================================
ERROR: test_while_single_output (__main__.ControlFlowTest)
ControlFlowTest.test_while_single_output
----------------------------------------------------------------------
Traceback (most recent call last):
  File "C:\ProgramData\Anaconda3\envs\keras\lib\site-packages\tensorflow_core\python\framework\test_util.py", line 1216, in decorated
    return f(self, *args, **kwargs)
  File "control_flow_test.py", line 144, in test_while_single_output
    self.assertTransformedResult(test_fn, constant_op.constant(5), 0)
  File "control_flow_test.py", line 58, in assertTransformedResult
    (constant_op.constant,)) as result:
  File "C:\ProgramData\Anaconda3\envs\keras\lib\contextlib.py", line 81, in __enter__
    return next(self.gen)
  File "C:\ProgramData\Anaconda3\envs\keras\lib\site-packages\tensorflow_core\python\autograph\core\converter_testing.py", line 103, in converted
    node = m.transform(node, ctx)
  File "C:\ProgramData\Anaconda3\envs\keras\lib\site-packages\tensorflow_core\python\autograph\converters\control_flow.py", line 578, in transform
    node = ControlFlowTransformer(ctx).visit(node)
  File "C:\ProgramData\Anaconda3\envs\keras\lib\site-packages\tensorflow_core\python\autograph\core\converter.py", line 346, in visit
    return super(Base, self).visit(node)
  File "C:\ProgramData\Anaconda3\envs\keras\lib\site-packages\tensorflow_core\python\autograph\pyct\transformer.py", line 480, in visit
    result = super(Base, self).visit(node)
  File "C:\ProgramData\Anaconda3\envs\keras\lib\ast.py", line 253, in visit
    return visitor(node)
  File "C:\ProgramData\Anaconda3\envs\keras\lib\ast.py", line 308, in generic_visit
    value = self.visit(value)
  File "C:\ProgramData\Anaconda3\envs\keras\lib\site-packages\tensorflow_core\python\autograph\core\converter.py", line 346, in visit
    return super(Base, self).visit(node)
  File "C:\ProgramData\Anaconda3\envs\keras\lib\site-packages\tensorflow_core\python\autograph\pyct\transformer.py", line 480, in visit
    result = super(Base, self).visit(node)
  File "C:\ProgramData\Anaconda3\envs\keras\lib\ast.py", line 253, in visit
    return visitor(node)
  File "C:\ProgramData\Anaconda3\envs\keras\lib\site-packages\tensorflow_core\python\autograph\converters\control_flow.py", line 372, in visit_While
    anno.getanno(node, annos.NodeAnno.BODY_SCOPE).modified)
  File "C:\ProgramData\Anaconda3\envs\keras\lib\site-packages\tensorflow_core\python\autograph\converters\control_flow.py", line 352, in _get_loop_vars
    undefined_lives = basic_loop_vars + defined_in
TypeError: unsupported operand type(s) for +: 'frozenset' and 'frozenset'

----------------------------------------------------------------------
Ran 26 tests in 3.767s

FAILED (errors=16, skipped=1)
