2020-10-06 16:39:58.857340: I tensorflow/stream_executor/platform/default/dso_loader.cc:44] Successfully opened dynamic library cudart64_100.dll
Running tests under Python 3.6.12: C:\ProgramData\Anaconda3\envs\keras\python.exe
[ RUN      ] ControlFlowTest.test_for_composite_state_initialized_in_loop
WARNING:tensorflow:From C:\ProgramData\Anaconda3\envs\keras\lib\contextlib.py:60: TensorFlowTestCase.test_session (from tensorflow.python.framework.test_util) is deprecated and will be removed in a future version.
Instructions for updating:
Use `self.session()` or `self.cached_session()` instead.
W1006 16:40:02.634473 19600 deprecation.py:323] From C:\ProgramData\Anaconda3\envs\keras\lib\contextlib.py:60: TensorFlowTestCase.test_session (from tensorflow.python.framework.test_util) is deprecated and will be removed in a future version.
Instructions for updating:
Use `self.session()` or `self.cached_session()` instead.
2020-10-06 16:40:02.637297: I tensorflow/stream_executor/platform/default/dso_loader.cc:44] Successfully opened dynamic library nvcuda.dll
2020-10-06 16:40:02.765415: I tensorflow/core/common_runtime/gpu/gpu_device.cc:1618] Found device 0 with properties: 
name: GeForce RTX 2080 Ti major: 7 minor: 5 memoryClockRate(GHz): 1.65
pciBusID: 0000:73:00.0
2020-10-06 16:40:02.765944: I tensorflow/stream_executor/platform/default/dso_loader.cc:44] Successfully opened dynamic library cudart64_100.dll
2020-10-06 16:40:02.769347: I tensorflow/stream_executor/platform/default/dso_loader.cc:44] Successfully opened dynamic library cublas64_100.dll
2020-10-06 16:40:02.772706: I tensorflow/stream_executor/platform/default/dso_loader.cc:44] Successfully opened dynamic library cufft64_100.dll
2020-10-06 16:40:02.774301: I tensorflow/stream_executor/platform/default/dso_loader.cc:44] Successfully opened dynamic library curand64_100.dll
2020-10-06 16:40:02.779295: I tensorflow/stream_executor/platform/default/dso_loader.cc:44] Successfully opened dynamic library cusolver64_100.dll
2020-10-06 16:40:02.782525: I tensorflow/stream_executor/platform/default/dso_loader.cc:44] Successfully opened dynamic library cusparse64_100.dll
2020-10-06 16:40:02.791766: I tensorflow/stream_executor/platform/default/dso_loader.cc:44] Successfully opened dynamic library cudnn64_7.dll
2020-10-06 16:40:02.792859: I tensorflow/core/common_runtime/gpu/gpu_device.cc:1746] Adding visible gpu devices: 0
2020-10-06 16:40:02.793620: I tensorflow/core/platform/cpu_feature_guard.cc:142] Your CPU supports instructions that this TensorFlow binary was not compiled to use: AVX2
2020-10-06 16:40:02.809005: I tensorflow/core/common_runtime/gpu/gpu_device.cc:1618] Found device 0 with properties: 
name: GeForce RTX 2080 Ti major: 7 minor: 5 memoryClockRate(GHz): 1.65
pciBusID: 0000:73:00.0
2020-10-06 16:40:02.809695: I tensorflow/stream_executor/platform/default/dso_loader.cc:44] Successfully opened dynamic library cudart64_100.dll
2020-10-06 16:40:02.810086: I tensorflow/stream_executor/platform/default/dso_loader.cc:44] Successfully opened dynamic library cublas64_100.dll
2020-10-06 16:40:02.810479: I tensorflow/stream_executor/platform/default/dso_loader.cc:44] Successfully opened dynamic library cufft64_100.dll
2020-10-06 16:40:02.810854: I tensorflow/stream_executor/platform/default/dso_loader.cc:44] Successfully opened dynamic library curand64_100.dll
2020-10-06 16:40:02.811236: I tensorflow/stream_executor/platform/default/dso_loader.cc:44] Successfully opened dynamic library cusolver64_100.dll
2020-10-06 16:40:02.811643: I tensorflow/stream_executor/platform/default/dso_loader.cc:44] Successfully opened dynamic library cusparse64_100.dll
2020-10-06 16:40:02.812045: I tensorflow/stream_executor/platform/default/dso_loader.cc:44] Successfully opened dynamic library cudnn64_7.dll
2020-10-06 16:40:02.812966: I tensorflow/core/common_runtime/gpu/gpu_device.cc:1746] Adding visible gpu devices: 0
2020-10-06 16:40:03.756415: I tensorflow/core/common_runtime/gpu/gpu_device.cc:1159] Device interconnect StreamExecutor with strength 1 edge matrix:
2020-10-06 16:40:03.756825: I tensorflow/core/common_runtime/gpu/gpu_device.cc:1165]      0 
2020-10-06 16:40:03.757120: I tensorflow/core/common_runtime/gpu/gpu_device.cc:1178] 0:   N 
2020-10-06 16:40:03.757862: I tensorflow/core/common_runtime/gpu/gpu_device.cc:1304] Created TensorFlow device (/job:localhost/replica:0/task:0/device:GPU:0 with 8686 MB memory) -> physical GPU (device: 0, name: GeForce RTX 2080 Ti, pci bus id: 0000:73:00.0, compute capability: 7.5)
ERROR:tensorflow:==================================
Object was never used (type <class 'tensorflow.python.ops.tensor_array_ops.TensorArray'>):
<tensorflow.python.ops.tensor_array_ops.TensorArray object at 0x000001CF46094B38>
If you want to mark it as used call its "mark_used()" method.
It was originally created here:
  File "control_flow_test.py", line 874, in test_for_composite_state_initialized_in_loop
    constant_op.constant(list(range(5))), constant_op.constant(5))  File "C:\Users\mutation\AppData\Local\Temp\tmp2t0tb1gd.py", line 30, in test_fn
    ag__.for_stmt(n, None, loop_body, get_state_1, set_state_1, (), (), ('tc.x',))  File "C:\ProgramData\Anaconda3\envs\keras\lib\site-packages\tensorflow_core\python\autograph\operators\control_flow.py", line 319, in for_stmt
    composite_symbol_names)  File "C:\ProgramData\Anaconda3\envs\keras\lib\site-packages\tensorflow_core\python\autograph\operators\control_flow.py", line 400, in _known_len_tf_for_stmt
    opts=opts,  File "C:\ProgramData\Anaconda3\envs\keras\lib\site-packages\tensorflow_core\python\util\tf_should_use.py", line 198, in wrapped
    return _add_should_use_warning(fn(*args, **kwargs))
==================================
E1006 16:40:04.321643 19600 tf_should_use.py:76] ==================================
Object was never used (type <class 'tensorflow.python.ops.tensor_array_ops.TensorArray'>):
<tensorflow.python.ops.tensor_array_ops.TensorArray object at 0x000001CF46094B38>
If you want to mark it as used call its "mark_used()" method.
It was originally created here:
  File "control_flow_test.py", line 874, in test_for_composite_state_initialized_in_loop
    constant_op.constant(list(range(5))), constant_op.constant(5))  File "C:\Users\mutation\AppData\Local\Temp\tmp2t0tb1gd.py", line 30, in test_fn
    ag__.for_stmt(n, None, loop_body, get_state_1, set_state_1, (), (), ('tc.x',))  File "C:\ProgramData\Anaconda3\envs\keras\lib\site-packages\tensorflow_core\python\autograph\operators\control_flow.py", line 319, in for_stmt
    composite_symbol_names)  File "C:\ProgramData\Anaconda3\envs\keras\lib\site-packages\tensorflow_core\python\autograph\operators\control_flow.py", line 400, in _known_len_tf_for_stmt
    opts=opts,  File "C:\ProgramData\Anaconda3\envs\keras\lib\site-packages\tensorflow_core\python\util\tf_should_use.py", line 198, in wrapped
    return _add_should_use_warning(fn(*args, **kwargs))
==================================
ERROR:tensorflow:==================================
Object was never used (type <class 'tensorflow.python.ops.tensor_array_ops.TensorArray'>):
<tensorflow.python.ops.tensor_array_ops.TensorArray object at 0x000001CF46094AC8>
If you want to mark it as used call its "mark_used()" method.
It was originally created here:
  File "C:\ProgramData\Anaconda3\envs\keras\lib\site-packages\tensorflow_core\python\autograph\operators\control_flow.py", line 319, in for_stmt
    composite_symbol_names)  File "C:\ProgramData\Anaconda3\envs\keras\lib\site-packages\tensorflow_core\python\autograph\operators\control_flow.py", line 400, in _known_len_tf_for_stmt
    opts=opts,  File "C:\ProgramData\Anaconda3\envs\keras\lib\site-packages\tensorflow_core\python\util\tf_should_use.py", line 198, in wrapped
    return _add_should_use_warning(fn(*args, **kwargs))  File "C:\ProgramData\Anaconda3\envs\keras\lib\site-packages\tensorflow_core\python\ops\tensor_array_ops.py", line 1149, in unstack
    return self._implementation.unstack(value, name=name)  File "C:\ProgramData\Anaconda3\envs\keras\lib\site-packages\tensorflow_core\python\util\tf_should_use.py", line 198, in wrapped
    return _add_should_use_warning(fn(*args, **kwargs))
==================================
E1006 16:40:04.321643 19600 tf_should_use.py:76] ==================================
Object was never used (type <class 'tensorflow.python.ops.tensor_array_ops.TensorArray'>):
<tensorflow.python.ops.tensor_array_ops.TensorArray object at 0x000001CF46094AC8>
If you want to mark it as used call its "mark_used()" method.
It was originally created here:
  File "C:\ProgramData\Anaconda3\envs\keras\lib\site-packages\tensorflow_core\python\autograph\operators\control_flow.py", line 319, in for_stmt
    composite_symbol_names)  File "C:\ProgramData\Anaconda3\envs\keras\lib\site-packages\tensorflow_core\python\autograph\operators\control_flow.py", line 400, in _known_len_tf_for_stmt
    opts=opts,  File "C:\ProgramData\Anaconda3\envs\keras\lib\site-packages\tensorflow_core\python\util\tf_should_use.py", line 198, in wrapped
    return _add_should_use_warning(fn(*args, **kwargs))  File "C:\ProgramData\Anaconda3\envs\keras\lib\site-packages\tensorflow_core\python\ops\tensor_array_ops.py", line 1149, in unstack
    return self._implementation.unstack(value, name=name)  File "C:\ProgramData\Anaconda3\envs\keras\lib\site-packages\tensorflow_core\python\util\tf_should_use.py", line 198, in wrapped
    return _add_should_use_warning(fn(*args, **kwargs))
==================================
ERROR:tensorflow:==================================
Object was never used (type <class 'tensorflow.python.ops.tensor_array_ops.TensorArray'>):
<tensorflow.python.ops.tensor_array_ops.TensorArray object at 0x000001CF46094BA8>
If you want to mark it as used call its "mark_used()" method.
It was originally created here:
  File "C:\ProgramData\Anaconda3\envs\keras\lib\site-packages\tensorflow_core\python\util\tf_should_use.py", line 198, in wrapped
    return _add_should_use_warning(fn(*args, **kwargs))  File "C:\ProgramData\Anaconda3\envs\keras\lib\site-packages\tensorflow_core\python\ops\tensor_array_ops.py", line 1149, in unstack
    return self._implementation.unstack(value, name=name)  File "C:\ProgramData\Anaconda3\envs\keras\lib\site-packages\tensorflow_core\python\util\tf_should_use.py", line 198, in wrapped
    return _add_should_use_warning(fn(*args, **kwargs))  File "C:\ProgramData\Anaconda3\envs\keras\lib\site-packages\tensorflow_core\python\ops\tensor_array_ops.py", line 320, in unstack
    indices=math_ops.range(0, num_elements), value=value, name=name)  File "C:\ProgramData\Anaconda3\envs\keras\lib\site-packages\tensorflow_core\python\util\tf_should_use.py", line 198, in wrapped
    return _add_should_use_warning(fn(*args, **kwargs))
==================================
E1006 16:40:04.321643 19600 tf_should_use.py:76] ==================================
Object was never used (type <class 'tensorflow.python.ops.tensor_array_ops.TensorArray'>):
<tensorflow.python.ops.tensor_array_ops.TensorArray object at 0x000001CF46094BA8>
If you want to mark it as used call its "mark_used()" method.
It was originally created here:
  File "C:\ProgramData\Anaconda3\envs\keras\lib\site-packages\tensorflow_core\python\util\tf_should_use.py", line 198, in wrapped
    return _add_should_use_warning(fn(*args, **kwargs))  File "C:\ProgramData\Anaconda3\envs\keras\lib\site-packages\tensorflow_core\python\ops\tensor_array_ops.py", line 1149, in unstack
    return self._implementation.unstack(value, name=name)  File "C:\ProgramData\Anaconda3\envs\keras\lib\site-packages\tensorflow_core\python\util\tf_should_use.py", line 198, in wrapped
    return _add_should_use_warning(fn(*args, **kwargs))  File "C:\ProgramData\Anaconda3\envs\keras\lib\site-packages\tensorflow_core\python\ops\tensor_array_ops.py", line 320, in unstack
    indices=math_ops.range(0, num_elements), value=value, name=name)  File "C:\ProgramData\Anaconda3\envs\keras\lib\site-packages\tensorflow_core\python\util\tf_should_use.py", line 198, in wrapped
    return _add_should_use_warning(fn(*args, **kwargs))
==================================
[       OK ] ControlFlowTest.test_for_composite_state_initialized_in_loop
[ RUN      ] ControlFlowTest.test_for_iterated_expression
[       OK ] ControlFlowTest.test_for_iterated_expression
[ RUN      ] ControlFlowTest.test_for_single_output
2020-10-06 16:40:04.396475: I tensorflow/core/common_runtime/gpu/gpu_device.cc:1618] Found device 0 with properties: 
name: GeForce RTX 2080 Ti major: 7 minor: 5 memoryClockRate(GHz): 1.65
pciBusID: 0000:73:00.0
2020-10-06 16:40:04.397004: I tensorflow/stream_executor/platform/default/dso_loader.cc:44] Successfully opened dynamic library cudart64_100.dll
2020-10-06 16:40:04.397348: I tensorflow/stream_executor/platform/default/dso_loader.cc:44] Successfully opened dynamic library cublas64_100.dll
2020-10-06 16:40:04.397687: I tensorflow/stream_executor/platform/default/dso_loader.cc:44] Successfully opened dynamic library cufft64_100.dll
2020-10-06 16:40:04.398025: I tensorflow/stream_executor/platform/default/dso_loader.cc:44] Successfully opened dynamic library curand64_100.dll
2020-10-06 16:40:04.398365: I tensorflow/stream_executor/platform/default/dso_loader.cc:44] Successfully opened dynamic library cusolver64_100.dll
2020-10-06 16:40:04.398708: I tensorflow/stream_executor/platform/default/dso_loader.cc:44] Successfully opened dynamic library cusparse64_100.dll
2020-10-06 16:40:04.399055: I tensorflow/stream_executor/platform/default/dso_loader.cc:44] Successfully opened dynamic library cudnn64_7.dll
2020-10-06 16:40:04.399644: I tensorflow/core/common_runtime/gpu/gpu_device.cc:1746] Adding visible gpu devices: 0
2020-10-06 16:40:04.400005: I tensorflow/core/common_runtime/gpu/gpu_device.cc:1159] Device interconnect StreamExecutor with strength 1 edge matrix:
2020-10-06 16:40:04.400361: I tensorflow/core/common_runtime/gpu/gpu_device.cc:1165]      0 
2020-10-06 16:40:04.400584: I tensorflow/core/common_runtime/gpu/gpu_device.cc:1178] 0:   N 
2020-10-06 16:40:04.401097: I tensorflow/core/common_runtime/gpu/gpu_device.cc:1304] Created TensorFlow device (/job:localhost/replica:0/task:0/device:GPU:0 with 8686 MB memory) -> physical GPU (device: 0, name: GeForce RTX 2080 Ti, pci bus id: 0000:73:00.0, compute capability: 7.5)
[       OK ] ControlFlowTest.test_for_single_output
[ RUN      ] ControlFlowTest.test_for_tuple_unpacking
2020-10-06 16:40:04.555657: I tensorflow/core/common_runtime/gpu/gpu_device.cc:1618] Found device 0 with properties: 
name: GeForce RTX 2080 Ti major: 7 minor: 5 memoryClockRate(GHz): 1.65
pciBusID: 0000:73:00.0
2020-10-06 16:40:04.557002: I tensorflow/stream_executor/platform/default/dso_loader.cc:44] Successfully opened dynamic library cudart64_100.dll
2020-10-06 16:40:04.557865: I tensorflow/stream_executor/platform/default/dso_loader.cc:44] Successfully opened dynamic library cublas64_100.dll
2020-10-06 16:40:04.558714: I tensorflow/stream_executor/platform/default/dso_loader.cc:44] Successfully opened dynamic library cufft64_100.dll
2020-10-06 16:40:04.559568: I tensorflow/stream_executor/platform/default/dso_loader.cc:44] Successfully opened dynamic library curand64_100.dll
2020-10-06 16:40:04.560410: I tensorflow/stream_executor/platform/default/dso_loader.cc:44] Successfully opened dynamic library cusolver64_100.dll
2020-10-06 16:40:04.561267: I tensorflow/stream_executor/platform/default/dso_loader.cc:44] Successfully opened dynamic library cusparse64_100.dll
2020-10-06 16:40:04.562123: I tensorflow/stream_executor/platform/default/dso_loader.cc:44] Successfully opened dynamic library cudnn64_7.dll
2020-10-06 16:40:04.563455: I tensorflow/core/common_runtime/gpu/gpu_device.cc:1746] Adding visible gpu devices: 0
2020-10-06 16:40:04.564209: I tensorflow/core/common_runtime/gpu/gpu_device.cc:1159] Device interconnect StreamExecutor with strength 1 edge matrix:
2020-10-06 16:40:04.565091: I tensorflow/core/common_runtime/gpu/gpu_device.cc:1165]      0 
2020-10-06 16:40:04.565457: I tensorflow/core/common_runtime/gpu/gpu_device.cc:1178] 0:   N 
2020-10-06 16:40:04.566143: I tensorflow/core/common_runtime/gpu/gpu_device.cc:1304] Created TensorFlow device (/job:localhost/replica:0/task:0/device:GPU:0 with 8686 MB memory) -> physical GPU (device: 0, name: GeForce RTX 2080 Ti, pci bus id: 0000:73:00.0, compute capability: 7.5)
[       OK ] ControlFlowTest.test_for_tuple_unpacking
[ RUN      ] ControlFlowTest.test_for_with_comprehension_in_body
2020-10-06 16:40:04.638555: I tensorflow/core/common_runtime/gpu/gpu_device.cc:1618] Found device 0 with properties: 
name: GeForce RTX 2080 Ti major: 7 minor: 5 memoryClockRate(GHz): 1.65
pciBusID: 0000:73:00.0
2020-10-06 16:40:04.639087: I tensorflow/stream_executor/platform/default/dso_loader.cc:44] Successfully opened dynamic library cudart64_100.dll
2020-10-06 16:40:04.639432: I tensorflow/stream_executor/platform/default/dso_loader.cc:44] Successfully opened dynamic library cublas64_100.dll
2020-10-06 16:40:04.639784: I tensorflow/stream_executor/platform/default/dso_loader.cc:44] Successfully opened dynamic library cufft64_100.dll
2020-10-06 16:40:04.640141: I tensorflow/stream_executor/platform/default/dso_loader.cc:44] Successfully opened dynamic library curand64_100.dll
2020-10-06 16:40:04.640487: I tensorflow/stream_executor/platform/default/dso_loader.cc:44] Successfully opened dynamic library cusolver64_100.dll
2020-10-06 16:40:04.640835: I tensorflow/stream_executor/platform/default/dso_loader.cc:44] Successfully opened dynamic library cusparse64_100.dll
2020-10-06 16:40:04.641178: I tensorflow/stream_executor/platform/default/dso_loader.cc:44] Successfully opened dynamic library cudnn64_7.dll
2020-10-06 16:40:04.641752: I tensorflow/core/common_runtime/gpu/gpu_device.cc:1746] Adding visible gpu devices: 0
2020-10-06 16:40:04.642063: I tensorflow/core/common_runtime/gpu/gpu_device.cc:1159] Device interconnect StreamExecutor with strength 1 edge matrix:
2020-10-06 16:40:04.642417: I tensorflow/core/common_runtime/gpu/gpu_device.cc:1165]      0 
2020-10-06 16:40:04.642637: I tensorflow/core/common_runtime/gpu/gpu_device.cc:1178] 0:   N 
2020-10-06 16:40:04.643168: I tensorflow/core/common_runtime/gpu/gpu_device.cc:1304] Created TensorFlow device (/job:localhost/replica:0/task:0/device:GPU:0 with 8686 MB memory) -> physical GPU (device: 0, name: GeForce RTX 2080 Ti, pci bus id: 0000:73:00.0, compute capability: 7.5)
[       OK ] ControlFlowTest.test_for_with_comprehension_in_body
[ RUN      ] ControlFlowTest.test_if_basic
2020-10-06 16:40:04.698654: I tensorflow/core/common_runtime/gpu/gpu_device.cc:1618] Found device 0 with properties: 
name: GeForce RTX 2080 Ti major: 7 minor: 5 memoryClockRate(GHz): 1.65
pciBusID: 0000:73:00.0
2020-10-06 16:40:04.699756: I tensorflow/stream_executor/platform/default/dso_loader.cc:44] Successfully opened dynamic library cudart64_100.dll
2020-10-06 16:40:04.700489: I tensorflow/stream_executor/platform/default/dso_loader.cc:44] Successfully opened dynamic library cublas64_100.dll
2020-10-06 16:40:04.701220: I tensorflow/stream_executor/platform/default/dso_loader.cc:44] Successfully opened dynamic library cufft64_100.dll
2020-10-06 16:40:04.701942: I tensorflow/stream_executor/platform/default/dso_loader.cc:44] Successfully opened dynamic library curand64_100.dll
2020-10-06 16:40:04.702679: I tensorflow/stream_executor/platform/default/dso_loader.cc:44] Successfully opened dynamic library cusolver64_100.dll
2020-10-06 16:40:04.703426: I tensorflow/stream_executor/platform/default/dso_loader.cc:44] Successfully opened dynamic library cusparse64_100.dll
2020-10-06 16:40:04.704165: I tensorflow/stream_executor/platform/default/dso_loader.cc:44] Successfully opened dynamic library cudnn64_7.dll
2020-10-06 16:40:04.705305: I tensorflow/core/common_runtime/gpu/gpu_device.cc:1746] Adding visible gpu devices: 0
2020-10-06 16:40:04.705853: I tensorflow/core/common_runtime/gpu/gpu_device.cc:1159] Device interconnect StreamExecutor with strength 1 edge matrix:
2020-10-06 16:40:04.706277: I tensorflow/core/common_runtime/gpu/gpu_device.cc:1165]      0 
2020-10-06 16:40:04.706543: I tensorflow/core/common_runtime/gpu/gpu_device.cc:1178] 0:   N 
2020-10-06 16:40:04.707127: I tensorflow/core/common_runtime/gpu/gpu_device.cc:1304] Created TensorFlow device (/job:localhost/replica:0/task:0/device:GPU:0 with 8686 MB memory) -> physical GPU (device: 0, name: GeForce RTX 2080 Ti, pci bus id: 0000:73:00.0, compute capability: 7.5)
ERROR:tensorflow:Fetch argument 0 has invalid type <class 'int'>, must be a string or Tensor. (Can not convert a int into a Tensor or Operation.)
E1006 16:40:04.696570 19600 test_util.py:1563] Fetch argument 0 has invalid type <class 'int'>, must be a string or Tensor. (Can not convert a int into a Tensor or Operation.)
[  FAILED  ] ControlFlowTest.test_if_basic
[ RUN      ] ControlFlowTest.test_if_complex_outputs
2020-10-06 16:40:04.759840: I tensorflow/core/common_runtime/gpu/gpu_device.cc:1618] Found device 0 with properties: 
name: GeForce RTX 2080 Ti major: 7 minor: 5 memoryClockRate(GHz): 1.65
pciBusID: 0000:73:00.0
2020-10-06 16:40:04.760625: I tensorflow/stream_executor/platform/default/dso_loader.cc:44] Successfully opened dynamic library cudart64_100.dll
2020-10-06 16:40:04.761142: I tensorflow/stream_executor/platform/default/dso_loader.cc:44] Successfully opened dynamic library cublas64_100.dll
2020-10-06 16:40:04.761655: I tensorflow/stream_executor/platform/default/dso_loader.cc:44] Successfully opened dynamic library cufft64_100.dll
2020-10-06 16:40:04.762161: I tensorflow/stream_executor/platform/default/dso_loader.cc:44] Successfully opened dynamic library curand64_100.dll
2020-10-06 16:40:04.762667: I tensorflow/stream_executor/platform/default/dso_loader.cc:44] Successfully opened dynamic library cusolver64_100.dll
2020-10-06 16:40:04.763179: I tensorflow/stream_executor/platform/default/dso_loader.cc:44] Successfully opened dynamic library cusparse64_100.dll
2020-10-06 16:40:04.763710: I tensorflow/stream_executor/platform/default/dso_loader.cc:44] Successfully opened dynamic library cudnn64_7.dll
2020-10-06 16:40:04.764531: I tensorflow/core/common_runtime/gpu/gpu_device.cc:1746] Adding visible gpu devices: 0
2020-10-06 16:40:04.764983: I tensorflow/core/common_runtime/gpu/gpu_device.cc:1159] Device interconnect StreamExecutor with strength 1 edge matrix:
2020-10-06 16:40:04.765506: I tensorflow/core/common_runtime/gpu/gpu_device.cc:1165]      0 
2020-10-06 16:40:04.765832: I tensorflow/core/common_runtime/gpu/gpu_device.cc:1178] 0:   N 
2020-10-06 16:40:04.766364: I tensorflow/core/common_runtime/gpu/gpu_device.cc:1304] Created TensorFlow device (/job:localhost/replica:0/task:0/device:GPU:0 with 8686 MB memory) -> physical GPU (device: 0, name: GeForce RTX 2080 Ti, pci bus id: 0000:73:00.0, compute capability: 7.5)
[       OK ] ControlFlowTest.test_if_complex_outputs
[ RUN      ] ControlFlowTest.test_if_local_var
[  FAILED  ] ControlFlowTest.test_if_local_var
[ RUN      ] ControlFlowTest.test_if_no_outputs
[  FAILED  ] ControlFlowTest.test_if_no_outputs
[ RUN      ] ControlFlowTest.test_if_semi
2020-10-06 16:40:04.890513: I tensorflow/core/common_runtime/gpu/gpu_device.cc:1618] Found device 0 with properties: 
name: GeForce RTX 2080 Ti major: 7 minor: 5 memoryClockRate(GHz): 1.65
pciBusID: 0000:73:00.0
2020-10-06 16:40:04.891060: I tensorflow/stream_executor/platform/default/dso_loader.cc:44] Successfully opened dynamic library cudart64_100.dll
2020-10-06 16:40:04.891407: I tensorflow/stream_executor/platform/default/dso_loader.cc:44] Successfully opened dynamic library cublas64_100.dll
2020-10-06 16:40:04.891752: I tensorflow/stream_executor/platform/default/dso_loader.cc:44] Successfully opened dynamic library cufft64_100.dll
2020-10-06 16:40:04.892094: I tensorflow/stream_executor/platform/default/dso_loader.cc:44] Successfully opened dynamic library curand64_100.dll
2020-10-06 16:40:04.892432: I tensorflow/stream_executor/platform/default/dso_loader.cc:44] Successfully opened dynamic library cusolver64_100.dll
2020-10-06 16:40:04.892779: I tensorflow/stream_executor/platform/default/dso_loader.cc:44] Successfully opened dynamic library cusparse64_100.dll
2020-10-06 16:40:04.893122: I tensorflow/stream_executor/platform/default/dso_loader.cc:44] Successfully opened dynamic library cudnn64_7.dll
2020-10-06 16:40:04.893737: I tensorflow/core/common_runtime/gpu/gpu_device.cc:1746] Adding visible gpu devices: 0
2020-10-06 16:40:04.894060: I tensorflow/core/common_runtime/gpu/gpu_device.cc:1159] Device interconnect StreamExecutor with strength 1 edge matrix:
2020-10-06 16:40:04.894416: I tensorflow/core/common_runtime/gpu/gpu_device.cc:1165]      0 
2020-10-06 16:40:04.894640: I tensorflow/core/common_runtime/gpu/gpu_device.cc:1178] 0:   N 
2020-10-06 16:40:04.895972: I tensorflow/core/common_runtime/gpu/gpu_device.cc:1304] Created TensorFlow device (/job:localhost/replica:0/task:0/device:GPU:0 with 8686 MB memory) -> physical GPU (device: 0, name: GeForce RTX 2080 Ti, pci bus id: 0000:73:00.0, compute capability: 7.5)
[  FAILED  ] ControlFlowTest.test_if_semi
[ RUN      ] ControlFlowTest.test_if_single_output
2020-10-06 16:40:04.953487: I tensorflow/core/common_runtime/gpu/gpu_device.cc:1618] Found device 0 with properties: 
name: GeForce RTX 2080 Ti major: 7 minor: 5 memoryClockRate(GHz): 1.65
pciBusID: 0000:73:00.0
2020-10-06 16:40:04.954017: I tensorflow/stream_executor/platform/default/dso_loader.cc:44] Successfully opened dynamic library cudart64_100.dll
2020-10-06 16:40:04.954377: I tensorflow/stream_executor/platform/default/dso_loader.cc:44] Successfully opened dynamic library cublas64_100.dll
2020-10-06 16:40:04.954727: I tensorflow/stream_executor/platform/default/dso_loader.cc:44] Successfully opened dynamic library cufft64_100.dll
2020-10-06 16:40:04.955088: I tensorflow/stream_executor/platform/default/dso_loader.cc:44] Successfully opened dynamic library curand64_100.dll
2020-10-06 16:40:04.955436: I tensorflow/stream_executor/platform/default/dso_loader.cc:44] Successfully opened dynamic library cusolver64_100.dll
2020-10-06 16:40:04.955778: I tensorflow/stream_executor/platform/default/dso_loader.cc:44] Successfully opened dynamic library cusparse64_100.dll
2020-10-06 16:40:04.956122: I tensorflow/stream_executor/platform/default/dso_loader.cc:44] Successfully opened dynamic library cudnn64_7.dll
2020-10-06 16:40:04.956724: I tensorflow/core/common_runtime/gpu/gpu_device.cc:1746] Adding visible gpu devices: 0
2020-10-06 16:40:04.957041: I tensorflow/core/common_runtime/gpu/gpu_device.cc:1159] Device interconnect StreamExecutor with strength 1 edge matrix:
2020-10-06 16:40:04.957412: I tensorflow/core/common_runtime/gpu/gpu_device.cc:1165]      0 
2020-10-06 16:40:04.957632: I tensorflow/core/common_runtime/gpu/gpu_device.cc:1178] 0:   N 
2020-10-06 16:40:04.958139: I tensorflow/core/common_runtime/gpu/gpu_device.cc:1304] Created TensorFlow device (/job:localhost/replica:0/task:0/device:GPU:0 with 8686 MB memory) -> physical GPU (device: 0, name: GeForce RTX 2080 Ti, pci bus id: 0000:73:00.0, compute capability: 7.5)
[  FAILED  ] ControlFlowTest.test_if_single_output
[ RUN      ] ControlFlowTest.test_if_sparse_tensor
2020-10-06 16:40:04.982551: I tensorflow/core/common_runtime/gpu/gpu_device.cc:1618] Found device 0 with properties: 
name: GeForce RTX 2080 Ti major: 7 minor: 5 memoryClockRate(GHz): 1.65
pciBusID: 0000:73:00.0
2020-10-06 16:40:04.983078: I tensorflow/stream_executor/platform/default/dso_loader.cc:44] Successfully opened dynamic library cudart64_100.dll
2020-10-06 16:40:04.983418: I tensorflow/stream_executor/platform/default/dso_loader.cc:44] Successfully opened dynamic library cublas64_100.dll
2020-10-06 16:40:04.983761: I tensorflow/stream_executor/platform/default/dso_loader.cc:44] Successfully opened dynamic library cufft64_100.dll
2020-10-06 16:40:04.984096: I tensorflow/stream_executor/platform/default/dso_loader.cc:44] Successfully opened dynamic library curand64_100.dll
2020-10-06 16:40:04.984443: I tensorflow/stream_executor/platform/default/dso_loader.cc:44] Successfully opened dynamic library cusolver64_100.dll
2020-10-06 16:40:04.984805: I tensorflow/stream_executor/platform/default/dso_loader.cc:44] Successfully opened dynamic library cusparse64_100.dll
2020-10-06 16:40:04.985157: I tensorflow/stream_executor/platform/default/dso_loader.cc:44] Successfully opened dynamic library cudnn64_7.dll
2020-10-06 16:40:04.985733: I tensorflow/core/common_runtime/gpu/gpu_device.cc:1746] Adding visible gpu devices: 0
2020-10-06 16:40:04.986046: I tensorflow/core/common_runtime/gpu/gpu_device.cc:1159] Device interconnect StreamExecutor with strength 1 edge matrix:
2020-10-06 16:40:04.986396: I tensorflow/core/common_runtime/gpu/gpu_device.cc:1165]      0 
2020-10-06 16:40:04.986616: I tensorflow/core/common_runtime/gpu/gpu_device.cc:1178] 0:   N 
2020-10-06 16:40:04.987141: I tensorflow/core/common_runtime/gpu/gpu_device.cc:1304] Created TensorFlow device (/job:localhost/replica:0/task:0/device:GPU:0 with 8686 MB memory) -> physical GPU (device: 0, name: GeForce RTX 2080 Ti, pci bus id: 0000:73:00.0, compute capability: 7.5)
[  FAILED  ] ControlFlowTest.test_if_sparse_tensor
[ RUN      ] ControlFlowTest.test_if_unbalanced_composite
2020-10-06 16:40:05.039125: I tensorflow/core/common_runtime/gpu/gpu_device.cc:1618] Found device 0 with properties: 
name: GeForce RTX 2080 Ti major: 7 minor: 5 memoryClockRate(GHz): 1.65
pciBusID: 0000:73:00.0
2020-10-06 16:40:05.040090: I tensorflow/stream_executor/platform/default/dso_loader.cc:44] Successfully opened dynamic library cudart64_100.dll
2020-10-06 16:40:05.040779: I tensorflow/stream_executor/platform/default/dso_loader.cc:44] Successfully opened dynamic library cublas64_100.dll
2020-10-06 16:40:05.041416: I tensorflow/stream_executor/platform/default/dso_loader.cc:44] Successfully opened dynamic library cufft64_100.dll
2020-10-06 16:40:05.042042: I tensorflow/stream_executor/platform/default/dso_loader.cc:44] Successfully opened dynamic library curand64_100.dll
2020-10-06 16:40:05.042679: I tensorflow/stream_executor/platform/default/dso_loader.cc:44] Successfully opened dynamic library cusolver64_100.dll
2020-10-06 16:40:05.043317: I tensorflow/stream_executor/platform/default/dso_loader.cc:44] Successfully opened dynamic library cusparse64_100.dll
2020-10-06 16:40:05.043968: I tensorflow/stream_executor/platform/default/dso_loader.cc:44] Successfully opened dynamic library cudnn64_7.dll
2020-10-06 16:40:05.044987: I tensorflow/core/common_runtime/gpu/gpu_device.cc:1746] Adding visible gpu devices: 0
2020-10-06 16:40:05.045557: I tensorflow/core/common_runtime/gpu/gpu_device.cc:1159] Device interconnect StreamExecutor with strength 1 edge matrix:
2020-10-06 16:40:05.046212: I tensorflow/core/common_runtime/gpu/gpu_device.cc:1165]      0 
2020-10-06 16:40:05.046619: I tensorflow/core/common_runtime/gpu/gpu_device.cc:1178] 0:   N 
2020-10-06 16:40:05.047474: I tensorflow/core/common_runtime/gpu/gpu_device.cc:1304] Created TensorFlow device (/job:localhost/replica:0/task:0/device:GPU:0 with 8686 MB memory) -> physical GPU (device: 0, name: GeForce RTX 2080 Ti, pci bus id: 0000:73:00.0, compute capability: 7.5)
ERROR:tensorflow:Fetch argument 5 has invalid type <class 'int'>, must be a string or Tensor. (Can not convert a int into a Tensor or Operation.)
E1006 16:40:05.040251 19600 test_util.py:1563] Fetch argument 5 has invalid type <class 'int'>, must be a string or Tensor. (Can not convert a int into a Tensor or Operation.)
[  FAILED  ] ControlFlowTest.test_if_unbalanced_composite
[ RUN      ] ControlFlowTest.test_if_unbalanced_multiple_composites
2020-10-06 16:40:05.094908: I tensorflow/core/common_runtime/gpu/gpu_device.cc:1618] Found device 0 with properties: 
name: GeForce RTX 2080 Ti major: 7 minor: 5 memoryClockRate(GHz): 1.65
pciBusID: 0000:73:00.0
2020-10-06 16:40:05.095943: I tensorflow/stream_executor/platform/default/dso_loader.cc:44] Successfully opened dynamic library cudart64_100.dll
2020-10-06 16:40:05.096629: I tensorflow/stream_executor/platform/default/dso_loader.cc:44] Successfully opened dynamic library cublas64_100.dll
2020-10-06 16:40:05.097309: I tensorflow/stream_executor/platform/default/dso_loader.cc:44] Successfully opened dynamic library cufft64_100.dll
2020-10-06 16:40:05.097998: I tensorflow/stream_executor/platform/default/dso_loader.cc:44] Successfully opened dynamic library curand64_100.dll
2020-10-06 16:40:05.098408: I tensorflow/stream_executor/platform/default/dso_loader.cc:44] Successfully opened dynamic library cusolver64_100.dll
2020-10-06 16:40:05.098871: I tensorflow/stream_executor/platform/default/dso_loader.cc:44] Successfully opened dynamic library cusparse64_100.dll
2020-10-06 16:40:05.099288: I tensorflow/stream_executor/platform/default/dso_loader.cc:44] Successfully opened dynamic library cudnn64_7.dll
2020-10-06 16:40:05.099964: I tensorflow/core/common_runtime/gpu/gpu_device.cc:1746] Adding visible gpu devices: 0
2020-10-06 16:40:05.100352: I tensorflow/core/common_runtime/gpu/gpu_device.cc:1159] Device interconnect StreamExecutor with strength 1 edge matrix:
2020-10-06 16:40:05.100778: I tensorflow/core/common_runtime/gpu/gpu_device.cc:1165]      0 
2020-10-06 16:40:05.101039: I tensorflow/core/common_runtime/gpu/gpu_device.cc:1178] 0:   N 
2020-10-06 16:40:05.101624: I tensorflow/core/common_runtime/gpu/gpu_device.cc:1304] Created TensorFlow device (/job:localhost/replica:0/task:0/device:GPU:0 with 8686 MB memory) -> physical GPU (device: 0, name: GeForce RTX 2080 Ti, pci bus id: 0000:73:00.0, compute capability: 7.5)
ERROR:tensorflow:Fetch argument 5 has invalid type <class 'int'>, must be a string or Tensor. (Can not convert a int into a Tensor or Operation.)
E1006 16:40:05.087114 19600 test_util.py:1563] Fetch argument 5 has invalid type <class 'int'>, must be a string or Tensor. (Can not convert a int into a Tensor or Operation.)
[  FAILED  ] ControlFlowTest.test_if_unbalanced_multiple_composites
[ RUN      ] ControlFlowTest.test_session
[  SKIPPED ] ControlFlowTest.test_session
[ RUN      ] ControlFlowTest.test_simple_for
2020-10-06 16:40:05.157392: I tensorflow/core/common_runtime/gpu/gpu_device.cc:1618] Found device 0 with properties: 
name: GeForce RTX 2080 Ti major: 7 minor: 5 memoryClockRate(GHz): 1.65
pciBusID: 0000:73:00.0
2020-10-06 16:40:05.157918: I tensorflow/stream_executor/platform/default/dso_loader.cc:44] Successfully opened dynamic library cudart64_100.dll
2020-10-06 16:40:05.158264: I tensorflow/stream_executor/platform/default/dso_loader.cc:44] Successfully opened dynamic library cublas64_100.dll
2020-10-06 16:40:05.158608: I tensorflow/stream_executor/platform/default/dso_loader.cc:44] Successfully opened dynamic library cufft64_100.dll
2020-10-06 16:40:05.158968: I tensorflow/stream_executor/platform/default/dso_loader.cc:44] Successfully opened dynamic library curand64_100.dll
2020-10-06 16:40:05.159314: I tensorflow/stream_executor/platform/default/dso_loader.cc:44] Successfully opened dynamic library cusolver64_100.dll
2020-10-06 16:40:05.159661: I tensorflow/stream_executor/platform/default/dso_loader.cc:44] Successfully opened dynamic library cusparse64_100.dll
2020-10-06 16:40:05.160010: I tensorflow/stream_executor/platform/default/dso_loader.cc:44] Successfully opened dynamic library cudnn64_7.dll
2020-10-06 16:40:05.160576: I tensorflow/core/common_runtime/gpu/gpu_device.cc:1746] Adding visible gpu devices: 0
2020-10-06 16:40:05.160882: I tensorflow/core/common_runtime/gpu/gpu_device.cc:1159] Device interconnect StreamExecutor with strength 1 edge matrix:
2020-10-06 16:40:05.161237: I tensorflow/core/common_runtime/gpu/gpu_device.cc:1165]      0 
2020-10-06 16:40:05.161456: I tensorflow/core/common_runtime/gpu/gpu_device.cc:1178] 0:   N 
2020-10-06 16:40:05.162005: I tensorflow/core/common_runtime/gpu/gpu_device.cc:1304] Created TensorFlow device (/job:localhost/replica:0/task:0/device:GPU:0 with 8686 MB memory) -> physical GPU (device: 0, name: GeForce RTX 2080 Ti, pci bus id: 0000:73:00.0, compute capability: 7.5)
[       OK ] ControlFlowTest.test_simple_for
[ RUN      ] ControlFlowTest.test_while_basic
2020-10-06 16:40:05.298174: I tensorflow/core/common_runtime/gpu/gpu_device.cc:1618] Found device 0 with properties: 
name: GeForce RTX 2080 Ti major: 7 minor: 5 memoryClockRate(GHz): 1.65
pciBusID: 0000:73:00.0
2020-10-06 16:40:05.298707: I tensorflow/stream_executor/platform/default/dso_loader.cc:44] Successfully opened dynamic library cudart64_100.dll
2020-10-06 16:40:05.299047: I tensorflow/stream_executor/platform/default/dso_loader.cc:44] Successfully opened dynamic library cublas64_100.dll
2020-10-06 16:40:05.299436: I tensorflow/stream_executor/platform/default/dso_loader.cc:44] Successfully opened dynamic library cufft64_100.dll
2020-10-06 16:40:05.299774: I tensorflow/stream_executor/platform/default/dso_loader.cc:44] Successfully opened dynamic library curand64_100.dll
2020-10-06 16:40:05.300118: I tensorflow/stream_executor/platform/default/dso_loader.cc:44] Successfully opened dynamic library cusolver64_100.dll
2020-10-06 16:40:05.300459: I tensorflow/stream_executor/platform/default/dso_loader.cc:44] Successfully opened dynamic library cusparse64_100.dll
2020-10-06 16:40:05.300808: I tensorflow/stream_executor/platform/default/dso_loader.cc:44] Successfully opened dynamic library cudnn64_7.dll
2020-10-06 16:40:05.301405: I tensorflow/core/common_runtime/gpu/gpu_device.cc:1746] Adding visible gpu devices: 0
2020-10-06 16:40:05.301720: I tensorflow/core/common_runtime/gpu/gpu_device.cc:1159] Device interconnect StreamExecutor with strength 1 edge matrix:
2020-10-06 16:40:05.302071: I tensorflow/core/common_runtime/gpu/gpu_device.cc:1165]      0 
2020-10-06 16:40:05.302292: I tensorflow/core/common_runtime/gpu/gpu_device.cc:1178] 0:   N 
2020-10-06 16:40:05.302797: I tensorflow/core/common_runtime/gpu/gpu_device.cc:1304] Created TensorFlow device (/job:localhost/replica:0/task:0/device:GPU:0 with 8686 MB memory) -> physical GPU (device: 0, name: GeForce RTX 2080 Ti, pci bus id: 0000:73:00.0, compute capability: 7.5)
[       OK ] ControlFlowTest.test_while_basic
[ RUN      ] ControlFlowTest.test_while_composite_state
2020-10-06 16:40:05.368753: I tensorflow/core/common_runtime/gpu/gpu_device.cc:1618] Found device 0 with properties: 
name: GeForce RTX 2080 Ti major: 7 minor: 5 memoryClockRate(GHz): 1.65
pciBusID: 0000:73:00.0
2020-10-06 16:40:05.369436: I tensorflow/stream_executor/platform/default/dso_loader.cc:44] Successfully opened dynamic library cudart64_100.dll
2020-10-06 16:40:05.369905: I tensorflow/stream_executor/platform/default/dso_loader.cc:44] Successfully opened dynamic library cublas64_100.dll
2020-10-06 16:40:05.370293: I tensorflow/stream_executor/platform/default/dso_loader.cc:44] Successfully opened dynamic library cufft64_100.dll
2020-10-06 16:40:05.370639: I tensorflow/stream_executor/platform/default/dso_loader.cc:44] Successfully opened dynamic library curand64_100.dll
2020-10-06 16:40:05.370986: I tensorflow/stream_executor/platform/default/dso_loader.cc:44] Successfully opened dynamic library cusolver64_100.dll
2020-10-06 16:40:05.371329: I tensorflow/stream_executor/platform/default/dso_loader.cc:44] Successfully opened dynamic library cusparse64_100.dll
2020-10-06 16:40:05.371672: I tensorflow/stream_executor/platform/default/dso_loader.cc:44] Successfully opened dynamic library cudnn64_7.dll
2020-10-06 16:40:05.372241: I tensorflow/core/common_runtime/gpu/gpu_device.cc:1746] Adding visible gpu devices: 0
2020-10-06 16:40:05.372549: I tensorflow/core/common_runtime/gpu/gpu_device.cc:1159] Device interconnect StreamExecutor with strength 1 edge matrix:
2020-10-06 16:40:05.372902: I tensorflow/core/common_runtime/gpu/gpu_device.cc:1165]      0 
2020-10-06 16:40:05.373122: I tensorflow/core/common_runtime/gpu/gpu_device.cc:1178] 0:   N 
2020-10-06 16:40:05.373659: I tensorflow/core/common_runtime/gpu/gpu_device.cc:1304] Created TensorFlow device (/job:localhost/replica:0/task:0/device:GPU:0 with 8686 MB memory) -> physical GPU (device: 0, name: GeForce RTX 2080 Ti, pci bus id: 0000:73:00.0, compute capability: 7.5)
[       OK ] ControlFlowTest.test_while_composite_state
[ RUN      ] ControlFlowTest.test_while_composite_state_initialized_in_loop
2020-10-06 16:40:05.418675: I tensorflow/core/common_runtime/gpu/gpu_device.cc:1618] Found device 0 with properties: 
name: GeForce RTX 2080 Ti major: 7 minor: 5 memoryClockRate(GHz): 1.65
pciBusID: 0000:73:00.0
2020-10-06 16:40:05.419204: I tensorflow/stream_executor/platform/default/dso_loader.cc:44] Successfully opened dynamic library cudart64_100.dll
2020-10-06 16:40:05.419586: I tensorflow/stream_executor/platform/default/dso_loader.cc:44] Successfully opened dynamic library cublas64_100.dll
2020-10-06 16:40:05.419929: I tensorflow/stream_executor/platform/default/dso_loader.cc:44] Successfully opened dynamic library cufft64_100.dll
2020-10-06 16:40:05.420266: I tensorflow/stream_executor/platform/default/dso_loader.cc:44] Successfully opened dynamic library curand64_100.dll
2020-10-06 16:40:05.420607: I tensorflow/stream_executor/platform/default/dso_loader.cc:44] Successfully opened dynamic library cusolver64_100.dll
2020-10-06 16:40:05.420947: I tensorflow/stream_executor/platform/default/dso_loader.cc:44] Successfully opened dynamic library cusparse64_100.dll
2020-10-06 16:40:05.421292: I tensorflow/stream_executor/platform/default/dso_loader.cc:44] Successfully opened dynamic library cudnn64_7.dll
2020-10-06 16:40:05.421887: I tensorflow/core/common_runtime/gpu/gpu_device.cc:1746] Adding visible gpu devices: 0
2020-10-06 16:40:05.422205: I tensorflow/core/common_runtime/gpu/gpu_device.cc:1159] Device interconnect StreamExecutor with strength 1 edge matrix:
2020-10-06 16:40:05.422560: I tensorflow/core/common_runtime/gpu/gpu_device.cc:1165]      0 
2020-10-06 16:40:05.422782: I tensorflow/core/common_runtime/gpu/gpu_device.cc:1178] 0:   N 
2020-10-06 16:40:05.423286: I tensorflow/core/common_runtime/gpu/gpu_device.cc:1304] Created TensorFlow device (/job:localhost/replica:0/task:0/device:GPU:0 with 8686 MB memory) -> physical GPU (device: 0, name: GeForce RTX 2080 Ti, pci bus id: 0000:73:00.0, compute capability: 7.5)
[       OK ] ControlFlowTest.test_while_composite_state_initialized_in_loop
[ RUN      ] ControlFlowTest.test_while_dispatches_by_cond_only
2020-10-06 16:40:05.487232: I tensorflow/core/common_runtime/gpu/gpu_device.cc:1618] Found device 0 with properties: 
name: GeForce RTX 2080 Ti major: 7 minor: 5 memoryClockRate(GHz): 1.65
pciBusID: 0000:73:00.0
2020-10-06 16:40:05.487762: I tensorflow/stream_executor/platform/default/dso_loader.cc:44] Successfully opened dynamic library cudart64_100.dll
2020-10-06 16:40:05.488126: I tensorflow/stream_executor/platform/default/dso_loader.cc:44] Successfully opened dynamic library cublas64_100.dll
2020-10-06 16:40:05.488467: I tensorflow/stream_executor/platform/default/dso_loader.cc:44] Successfully opened dynamic library cufft64_100.dll
2020-10-06 16:40:05.488804: I tensorflow/stream_executor/platform/default/dso_loader.cc:44] Successfully opened dynamic library curand64_100.dll
2020-10-06 16:40:05.489145: I tensorflow/stream_executor/platform/default/dso_loader.cc:44] Successfully opened dynamic library cusolver64_100.dll
2020-10-06 16:40:05.489493: I tensorflow/stream_executor/platform/default/dso_loader.cc:44] Successfully opened dynamic library cusparse64_100.dll
2020-10-06 16:40:05.489836: I tensorflow/stream_executor/platform/default/dso_loader.cc:44] Successfully opened dynamic library cudnn64_7.dll
2020-10-06 16:40:05.490407: I tensorflow/core/common_runtime/gpu/gpu_device.cc:1746] Adding visible gpu devices: 0
2020-10-06 16:40:05.490717: I tensorflow/core/common_runtime/gpu/gpu_device.cc:1159] Device interconnect StreamExecutor with strength 1 edge matrix:
2020-10-06 16:40:05.491085: I tensorflow/core/common_runtime/gpu/gpu_device.cc:1165]      0 
2020-10-06 16:40:05.491311: I tensorflow/core/common_runtime/gpu/gpu_device.cc:1178] 0:   N 
2020-10-06 16:40:05.491840: I tensorflow/core/common_runtime/gpu/gpu_device.cc:1304] Created TensorFlow device (/job:localhost/replica:0/task:0/device:GPU:0 with 8686 MB memory) -> physical GPU (device: 0, name: GeForce RTX 2080 Ti, pci bus id: 0000:73:00.0, compute capability: 7.5)
[       OK ] ControlFlowTest.test_while_dispatches_by_cond_only
[ RUN      ] ControlFlowTest.test_while_local_composite
2020-10-06 16:40:05.589983: I tensorflow/core/common_runtime/gpu/gpu_device.cc:1618] Found device 0 with properties: 
name: GeForce RTX 2080 Ti major: 7 minor: 5 memoryClockRate(GHz): 1.65
pciBusID: 0000:73:00.0
2020-10-06 16:40:05.590514: I tensorflow/stream_executor/platform/default/dso_loader.cc:44] Successfully opened dynamic library cudart64_100.dll
2020-10-06 16:40:05.590907: I tensorflow/stream_executor/platform/default/dso_loader.cc:44] Successfully opened dynamic library cublas64_100.dll
2020-10-06 16:40:05.591259: I tensorflow/stream_executor/platform/default/dso_loader.cc:44] Successfully opened dynamic library cufft64_100.dll
2020-10-06 16:40:05.591605: I tensorflow/stream_executor/platform/default/dso_loader.cc:44] Successfully opened dynamic library curand64_100.dll
2020-10-06 16:40:05.591964: I tensorflow/stream_executor/platform/default/dso_loader.cc:44] Successfully opened dynamic library cusolver64_100.dll
2020-10-06 16:40:05.592315: I tensorflow/stream_executor/platform/default/dso_loader.cc:44] Successfully opened dynamic library cusparse64_100.dll
2020-10-06 16:40:05.592660: I tensorflow/stream_executor/platform/default/dso_loader.cc:44] Successfully opened dynamic library cudnn64_7.dll
2020-10-06 16:40:05.593247: I tensorflow/core/common_runtime/gpu/gpu_device.cc:1746] Adding visible gpu devices: 0
2020-10-06 16:40:05.593564: I tensorflow/core/common_runtime/gpu/gpu_device.cc:1159] Device interconnect StreamExecutor with strength 1 edge matrix:
2020-10-06 16:40:05.593920: I tensorflow/core/common_runtime/gpu/gpu_device.cc:1165]      0 
2020-10-06 16:40:05.594141: I tensorflow/core/common_runtime/gpu/gpu_device.cc:1178] 0:   N 
2020-10-06 16:40:05.594652: I tensorflow/core/common_runtime/gpu/gpu_device.cc:1304] Created TensorFlow device (/job:localhost/replica:0/task:0/device:GPU:0 with 8686 MB memory) -> physical GPU (device: 0, name: GeForce RTX 2080 Ti, pci bus id: 0000:73:00.0, compute capability: 7.5)
[       OK ] ControlFlowTest.test_while_local_composite
[ RUN      ] ControlFlowTest.test_while_local_composite_complex_illegal
[       OK ] ControlFlowTest.test_while_local_composite_complex_illegal
[ RUN      ] ControlFlowTest.test_while_local_composite_complex_nestable
2020-10-06 16:40:05.697767: I tensorflow/core/common_runtime/gpu/gpu_device.cc:1618] Found device 0 with properties: 
name: GeForce RTX 2080 Ti major: 7 minor: 5 memoryClockRate(GHz): 1.65
pciBusID: 0000:73:00.0
2020-10-06 16:40:05.698399: I tensorflow/stream_executor/platform/default/dso_loader.cc:44] Successfully opened dynamic library cudart64_100.dll
2020-10-06 16:40:05.698816: I tensorflow/stream_executor/platform/default/dso_loader.cc:44] Successfully opened dynamic library cublas64_100.dll
2020-10-06 16:40:05.699226: I tensorflow/stream_executor/platform/default/dso_loader.cc:44] Successfully opened dynamic library cufft64_100.dll
2020-10-06 16:40:05.699632: I tensorflow/stream_executor/platform/default/dso_loader.cc:44] Successfully opened dynamic library curand64_100.dll
2020-10-06 16:40:05.700042: I tensorflow/stream_executor/platform/default/dso_loader.cc:44] Successfully opened dynamic library cusolver64_100.dll
2020-10-06 16:40:05.700475: I tensorflow/stream_executor/platform/default/dso_loader.cc:44] Successfully opened dynamic library cusparse64_100.dll
2020-10-06 16:40:05.700894: I tensorflow/stream_executor/platform/default/dso_loader.cc:44] Successfully opened dynamic library cudnn64_7.dll
2020-10-06 16:40:05.701571: I tensorflow/core/common_runtime/gpu/gpu_device.cc:1746] Adding visible gpu devices: 0
2020-10-06 16:40:05.701946: I tensorflow/core/common_runtime/gpu/gpu_device.cc:1159] Device interconnect StreamExecutor with strength 1 edge matrix:
2020-10-06 16:40:05.702346: I tensorflow/core/common_runtime/gpu/gpu_device.cc:1165]      0 
2020-10-06 16:40:05.702568: I tensorflow/core/common_runtime/gpu/gpu_device.cc:1178] 0:   N 
2020-10-06 16:40:05.703076: I tensorflow/core/common_runtime/gpu/gpu_device.cc:1304] Created TensorFlow device (/job:localhost/replica:0/task:0/device:GPU:0 with 8686 MB memory) -> physical GPU (device: 0, name: GeForce RTX 2080 Ti, pci bus id: 0000:73:00.0, compute capability: 7.5)
[       OK ] ControlFlowTest.test_while_local_composite_complex_nestable
[ RUN      ] ControlFlowTest.test_while_nested
2020-10-06 16:40:05.763773: I tensorflow/core/common_runtime/gpu/gpu_device.cc:1618] Found device 0 with properties: 
name: GeForce RTX 2080 Ti major: 7 minor: 5 memoryClockRate(GHz): 1.65
pciBusID: 0000:73:00.0
2020-10-06 16:40:05.764326: I tensorflow/stream_executor/platform/default/dso_loader.cc:44] Successfully opened dynamic library cudart64_100.dll
2020-10-06 16:40:05.764679: I tensorflow/stream_executor/platform/default/dso_loader.cc:44] Successfully opened dynamic library cublas64_100.dll
2020-10-06 16:40:05.765024: I tensorflow/stream_executor/platform/default/dso_loader.cc:44] Successfully opened dynamic library cufft64_100.dll
2020-10-06 16:40:05.765361: I tensorflow/stream_executor/platform/default/dso_loader.cc:44] Successfully opened dynamic library curand64_100.dll
2020-10-06 16:40:05.765701: I tensorflow/stream_executor/platform/default/dso_loader.cc:44] Successfully opened dynamic library cusolver64_100.dll
2020-10-06 16:40:05.766047: I tensorflow/stream_executor/platform/default/dso_loader.cc:44] Successfully opened dynamic library cusparse64_100.dll
2020-10-06 16:40:05.766390: I tensorflow/stream_executor/platform/default/dso_loader.cc:44] Successfully opened dynamic library cudnn64_7.dll
2020-10-06 16:40:05.766984: I tensorflow/core/common_runtime/gpu/gpu_device.cc:1746] Adding visible gpu devices: 0
2020-10-06 16:40:05.767297: I tensorflow/core/common_runtime/gpu/gpu_device.cc:1159] Device interconnect StreamExecutor with strength 1 edge matrix:
2020-10-06 16:40:05.767656: I tensorflow/core/common_runtime/gpu/gpu_device.cc:1165]      0 
2020-10-06 16:40:05.767877: I tensorflow/core/common_runtime/gpu/gpu_device.cc:1178] 0:   N 
2020-10-06 16:40:05.768379: I tensorflow/core/common_runtime/gpu/gpu_device.cc:1304] Created TensorFlow device (/job:localhost/replica:0/task:0/device:GPU:0 with 8686 MB memory) -> physical GPU (device: 0, name: GeForce RTX 2080 Ti, pci bus id: 0000:73:00.0, compute capability: 7.5)
[       OK ] ControlFlowTest.test_while_nested
[ RUN      ] ControlFlowTest.test_while_nested_composite_state
2020-10-06 16:40:05.825802: I tensorflow/core/common_runtime/gpu/gpu_device.cc:1618] Found device 0 with properties: 
name: GeForce RTX 2080 Ti major: 7 minor: 5 memoryClockRate(GHz): 1.65
pciBusID: 0000:73:00.0
2020-10-06 16:40:05.826331: I tensorflow/stream_executor/platform/default/dso_loader.cc:44] Successfully opened dynamic library cudart64_100.dll
2020-10-06 16:40:05.826678: I tensorflow/stream_executor/platform/default/dso_loader.cc:44] Successfully opened dynamic library cublas64_100.dll
2020-10-06 16:40:05.827035: I tensorflow/stream_executor/platform/default/dso_loader.cc:44] Successfully opened dynamic library cufft64_100.dll
2020-10-06 16:40:05.827380: I tensorflow/stream_executor/platform/default/dso_loader.cc:44] Successfully opened dynamic library curand64_100.dll
2020-10-06 16:40:05.827726: I tensorflow/stream_executor/platform/default/dso_loader.cc:44] Successfully opened dynamic library cusolver64_100.dll
2020-10-06 16:40:05.828068: I tensorflow/stream_executor/platform/default/dso_loader.cc:44] Successfully opened dynamic library cusparse64_100.dll
2020-10-06 16:40:05.828411: I tensorflow/stream_executor/platform/default/dso_loader.cc:44] Successfully opened dynamic library cudnn64_7.dll
2020-10-06 16:40:05.828985: I tensorflow/core/common_runtime/gpu/gpu_device.cc:1746] Adding visible gpu devices: 0
2020-10-06 16:40:05.829293: I tensorflow/core/common_runtime/gpu/gpu_device.cc:1159] Device interconnect StreamExecutor with strength 1 edge matrix:
2020-10-06 16:40:05.829646: I tensorflow/core/common_runtime/gpu/gpu_device.cc:1165]      0 
2020-10-06 16:40:05.829879: I tensorflow/core/common_runtime/gpu/gpu_device.cc:1178] 0:   N 
2020-10-06 16:40:05.830381: I tensorflow/core/common_runtime/gpu/gpu_device.cc:1304] Created TensorFlow device (/job:localhost/replica:0/task:0/device:GPU:0 with 8686 MB memory) -> physical GPU (device: 0, name: GeForce RTX 2080 Ti, pci bus id: 0000:73:00.0, compute capability: 7.5)
[       OK ] ControlFlowTest.test_while_nested_composite_state
[ RUN      ] ControlFlowTest.test_while_single_output
2020-10-06 16:40:05.881675: I tensorflow/core/common_runtime/gpu/gpu_device.cc:1618] Found device 0 with properties: 
name: GeForce RTX 2080 Ti major: 7 minor: 5 memoryClockRate(GHz): 1.65
pciBusID: 0000:73:00.0
2020-10-06 16:40:05.882330: I tensorflow/stream_executor/platform/default/dso_loader.cc:44] Successfully opened dynamic library cudart64_100.dll
2020-10-06 16:40:05.882696: I tensorflow/stream_executor/platform/default/dso_loader.cc:44] Successfully opened dynamic library cublas64_100.dll
2020-10-06 16:40:05.883041: I tensorflow/stream_executor/platform/default/dso_loader.cc:44] Successfully opened dynamic library cufft64_100.dll
2020-10-06 16:40:05.883382: I tensorflow/stream_executor/platform/default/dso_loader.cc:44] Successfully opened dynamic library curand64_100.dll
2020-10-06 16:40:05.883746: I tensorflow/stream_executor/platform/default/dso_loader.cc:44] Successfully opened dynamic library cusolver64_100.dll
2020-10-06 16:40:05.884122: I tensorflow/stream_executor/platform/default/dso_loader.cc:44] Successfully opened dynamic library cusparse64_100.dll
2020-10-06 16:40:05.884492: I tensorflow/stream_executor/platform/default/dso_loader.cc:44] Successfully opened dynamic library cudnn64_7.dll
2020-10-06 16:40:05.885096: I tensorflow/core/common_runtime/gpu/gpu_device.cc:1746] Adding visible gpu devices: 0
2020-10-06 16:40:05.885426: I tensorflow/core/common_runtime/gpu/gpu_device.cc:1159] Device interconnect StreamExecutor with strength 1 edge matrix:
2020-10-06 16:40:05.885780: I tensorflow/core/common_runtime/gpu/gpu_device.cc:1165]      0 
2020-10-06 16:40:05.886001: I tensorflow/core/common_runtime/gpu/gpu_device.cc:1178] 0:   N 
2020-10-06 16:40:05.886528: I tensorflow/core/common_runtime/gpu/gpu_device.cc:1304] Created TensorFlow device (/job:localhost/replica:0/task:0/device:GPU:0 with 8686 MB memory) -> physical GPU (device: 0, name: GeForce RTX 2080 Ti, pci bus id: 0000:73:00.0, compute capability: 7.5)
[       OK ] ControlFlowTest.test_while_single_output
======================================================================
ERROR: test_if_basic (__main__.ControlFlowTest)
ControlFlowTest.test_if_basic
----------------------------------------------------------------------
Traceback (most recent call last):
  File "C:\ProgramData\Anaconda3\envs\keras\lib\site-packages\tensorflow_core\python\client\session.py", line 305, in __init__
    fetch, allow_tensor=True, allow_operation=True))
  File "C:\ProgramData\Anaconda3\envs\keras\lib\site-packages\tensorflow_core\python\framework\ops.py", line 3607, in as_graph_element
    return self._as_graph_element_locked(obj, allow_tensor, allow_operation)
  File "C:\ProgramData\Anaconda3\envs\keras\lib\site-packages\tensorflow_core\python\framework\ops.py", line 3696, in _as_graph_element_locked
    (type(obj).__name__, types_str))
TypeError: Can not convert a int into a Tensor or Operation.

During handling of the above exception, another exception occurred:

Traceback (most recent call last):
  File "C:\ProgramData\Anaconda3\envs\keras\lib\site-packages\tensorflow_core\python\framework\test_util.py", line 1216, in decorated
    return f(self, *args, **kwargs)
  File "control_flow_test.py", line 464, in test_if_basic
    self.assertTransformedResult(test_fn, constant_op.constant(1), (-1, 0))
  File "control_flow_test.py", line 60, in assertTransformedResult
    self.assertAllEqual(self.evaluate(result.test_fn(*inputs)), expected)
  File "C:\ProgramData\Anaconda3\envs\keras\lib\site-packages\tensorflow_core\python\framework\test_util.py", line 1976, in evaluate
    return sess.run(tensors)
  File "C:\ProgramData\Anaconda3\envs\keras\lib\site-packages\tensorflow_core\python\framework\test_util.py", line 1557, in run
    return super(ErrorLoggingSession, self).run(*args, **kwargs)
  File "C:\ProgramData\Anaconda3\envs\keras\lib\site-packages\tensorflow_core\python\client\session.py", line 956, in run
    run_metadata_ptr)
  File "C:\ProgramData\Anaconda3\envs\keras\lib\site-packages\tensorflow_core\python\client\session.py", line 1165, in _run
    self._graph, fetches, feed_dict_tensor, feed_handles=feed_handles)
  File "C:\ProgramData\Anaconda3\envs\keras\lib\site-packages\tensorflow_core\python\client\session.py", line 474, in __init__
    self._fetch_mapper = _FetchMapper.for_fetch(fetches)
  File "C:\ProgramData\Anaconda3\envs\keras\lib\site-packages\tensorflow_core\python\client\session.py", line 266, in for_fetch
    return _ListFetchMapper(fetch)
  File "C:\ProgramData\Anaconda3\envs\keras\lib\site-packages\tensorflow_core\python\client\session.py", line 375, in __init__
    self._mappers = [_FetchMapper.for_fetch(fetch) for fetch in fetches]
  File "C:\ProgramData\Anaconda3\envs\keras\lib\site-packages\tensorflow_core\python\client\session.py", line 375, in <listcomp>
    self._mappers = [_FetchMapper.for_fetch(fetch) for fetch in fetches]
  File "C:\ProgramData\Anaconda3\envs\keras\lib\site-packages\tensorflow_core\python\client\session.py", line 276, in for_fetch
    return _ElementFetchMapper(fetches, contraction_fn)
  File "C:\ProgramData\Anaconda3\envs\keras\lib\site-packages\tensorflow_core\python\client\session.py", line 309, in __init__
    (fetch, type(fetch), str(e)))
TypeError: Fetch argument 0 has invalid type <class 'int'>, must be a string or Tensor. (Can not convert a int into a Tensor or Operation.)

======================================================================
ERROR: test_if_local_var (__main__.ControlFlowTest)
ControlFlowTest.test_if_local_var
----------------------------------------------------------------------
Traceback (most recent call last):
  File "C:\ProgramData\Anaconda3\envs\keras\lib\site-packages\tensorflow_core\python\framework\test_util.py", line 1216, in decorated
    return f(self, *args, **kwargs)
  File "control_flow_test.py", line 602, in test_if_local_var
    self.assertTransformedResult(test_fn, constant_op.constant(1), 5)
  File "control_flow_test.py", line 60, in assertTransformedResult
    self.assertAllEqual(self.evaluate(result.test_fn(*inputs)), expected)
  File "C:\Users\mutation\AppData\Local\Temp\tmpzclunp_z.py", line 19, in test_fn
    b = ag__.if_stmt(cond, if_true, if_false, get_state, set_state, ('b',), ())
  File "C:\ProgramData\Anaconda3\envs\keras\lib\site-packages\tensorflow_core\python\autograph\operators\control_flow.py", line 893, in if_stmt
    basic_symbol_names, composite_symbol_names)
  File "C:\ProgramData\Anaconda3\envs\keras\lib\site-packages\tensorflow_core\python\autograph\operators\control_flow.py", line 931, in tf_if_stmt
    error_checking_orelse)
  File "C:\ProgramData\Anaconda3\envs\keras\lib\site-packages\tensorflow_core\python\util\deprecation.py", line 507, in new_func
    return func(*args, **kwargs)
  File "C:\ProgramData\Anaconda3\envs\keras\lib\site-packages\tensorflow_core\python\ops\control_flow_ops.py", line 1235, in cond
    orig_res_f, res_f = context_f.BuildCondBranch(false_fn)
  File "C:\ProgramData\Anaconda3\envs\keras\lib\site-packages\tensorflow_core\python\ops\control_flow_ops.py", line 1061, in BuildCondBranch
    original_result = fn()
  File "C:\ProgramData\Anaconda3\envs\keras\lib\site-packages\tensorflow_core\python\autograph\operators\control_flow.py", line 924, in error_checking_orelse
    result[orelse_branch] = orelse()
  File "C:\ProgramData\Anaconda3\envs\keras\lib\site-packages\tensorflow_core\python\autograph\operators\control_flow.py", line 962, in wrapper
    new_vars = func()
  File "C:\ProgramData\Anaconda3\envs\keras\lib\site-packages\tensorflow_core\python\autograph\operators\control_flow.py", line 988, in wrapper
    tuple(s.symbol_name for s in undefined)))
ValueError: The following symbols must also be initialized in the else branch: ('b',). Alternatively, you may initialize them before the if statement.

======================================================================
ERROR: test_if_no_outputs (__main__.ControlFlowTest)
ControlFlowTest.test_if_no_outputs
----------------------------------------------------------------------
Traceback (most recent call last):
  File "C:\ProgramData\Anaconda3\envs\keras\lib\site-packages\tensorflow_core\python\framework\test_util.py", line 1216, in decorated
    return f(self, *args, **kwargs)
  File "control_flow_test.py", line 628, in test_if_no_outputs
    self.assertTransformedResult(test_fn, constant_op.constant(1), 1)
  File "control_flow_test.py", line 60, in assertTransformedResult
    self.assertAllEqual(self.evaluate(result.test_fn(*inputs)), expected)
  File "C:\Users\mutation\AppData\Local\Temp\tmpc8f0qn71.py", line 18, in test_fn
    b = ag__.if_stmt(cond, if_true, if_false, get_state, set_state, ('b',), ())
  File "C:\ProgramData\Anaconda3\envs\keras\lib\site-packages\tensorflow_core\python\autograph\operators\control_flow.py", line 893, in if_stmt
    basic_symbol_names, composite_symbol_names)
  File "C:\ProgramData\Anaconda3\envs\keras\lib\site-packages\tensorflow_core\python\autograph\operators\control_flow.py", line 931, in tf_if_stmt
    error_checking_orelse)
  File "C:\ProgramData\Anaconda3\envs\keras\lib\site-packages\tensorflow_core\python\util\deprecation.py", line 507, in new_func
    return func(*args, **kwargs)
  File "C:\ProgramData\Anaconda3\envs\keras\lib\site-packages\tensorflow_core\python\ops\control_flow_ops.py", line 1235, in cond
    orig_res_f, res_f = context_f.BuildCondBranch(false_fn)
  File "C:\ProgramData\Anaconda3\envs\keras\lib\site-packages\tensorflow_core\python\ops\control_flow_ops.py", line 1061, in BuildCondBranch
    original_result = fn()
  File "C:\ProgramData\Anaconda3\envs\keras\lib\site-packages\tensorflow_core\python\autograph\operators\control_flow.py", line 924, in error_checking_orelse
    result[orelse_branch] = orelse()
  File "C:\ProgramData\Anaconda3\envs\keras\lib\site-packages\tensorflow_core\python\autograph\operators\control_flow.py", line 962, in wrapper
    new_vars = func()
  File "C:\ProgramData\Anaconda3\envs\keras\lib\site-packages\tensorflow_core\python\autograph\operators\control_flow.py", line 988, in wrapper
    tuple(s.symbol_name for s in undefined)))
ValueError: The following symbols must also be initialized in the else branch: ('b',). Alternatively, you may initialize them before the if statement.

======================================================================
ERROR: test_if_unbalanced_composite (__main__.ControlFlowTest)
ControlFlowTest.test_if_unbalanced_composite
----------------------------------------------------------------------
Traceback (most recent call last):
  File "C:\ProgramData\Anaconda3\envs\keras\lib\site-packages\tensorflow_core\python\client\session.py", line 305, in __init__
    fetch, allow_tensor=True, allow_operation=True))
  File "C:\ProgramData\Anaconda3\envs\keras\lib\site-packages\tensorflow_core\python\framework\ops.py", line 3607, in as_graph_element
    return self._as_graph_element_locked(obj, allow_tensor, allow_operation)
  File "C:\ProgramData\Anaconda3\envs\keras\lib\site-packages\tensorflow_core\python\framework\ops.py", line 3696, in _as_graph_element_locked
    (type(obj).__name__, types_str))
TypeError: Can not convert a int into a Tensor or Operation.

During handling of the above exception, another exception occurred:

Traceback (most recent call last):
  File "C:\ProgramData\Anaconda3\envs\keras\lib\site-packages\tensorflow_core\python\framework\test_util.py", line 1216, in decorated
    return f(self, *args, **kwargs)
  File "control_flow_test.py", line 718, in test_if_unbalanced_composite
    (7, 13))
  File "control_flow_test.py", line 60, in assertTransformedResult
    self.assertAllEqual(self.evaluate(result.test_fn(*inputs)), expected)
  File "C:\ProgramData\Anaconda3\envs\keras\lib\site-packages\tensorflow_core\python\framework\test_util.py", line 1976, in evaluate
    return sess.run(tensors)
  File "C:\ProgramData\Anaconda3\envs\keras\lib\site-packages\tensorflow_core\python\framework\test_util.py", line 1557, in run
    return super(ErrorLoggingSession, self).run(*args, **kwargs)
  File "C:\ProgramData\Anaconda3\envs\keras\lib\site-packages\tensorflow_core\python\client\session.py", line 956, in run
    run_metadata_ptr)
  File "C:\ProgramData\Anaconda3\envs\keras\lib\site-packages\tensorflow_core\python\client\session.py", line 1165, in _run
    self._graph, fetches, feed_dict_tensor, feed_handles=feed_handles)
  File "C:\ProgramData\Anaconda3\envs\keras\lib\site-packages\tensorflow_core\python\client\session.py", line 474, in __init__
    self._fetch_mapper = _FetchMapper.for_fetch(fetches)
  File "C:\ProgramData\Anaconda3\envs\keras\lib\site-packages\tensorflow_core\python\client\session.py", line 266, in for_fetch
    return _ListFetchMapper(fetch)
  File "C:\ProgramData\Anaconda3\envs\keras\lib\site-packages\tensorflow_core\python\client\session.py", line 375, in __init__
    self._mappers = [_FetchMapper.for_fetch(fetch) for fetch in fetches]
  File "C:\ProgramData\Anaconda3\envs\keras\lib\site-packages\tensorflow_core\python\client\session.py", line 375, in <listcomp>
    self._mappers = [_FetchMapper.for_fetch(fetch) for fetch in fetches]
  File "C:\ProgramData\Anaconda3\envs\keras\lib\site-packages\tensorflow_core\python\client\session.py", line 276, in for_fetch
    return _ElementFetchMapper(fetches, contraction_fn)
  File "C:\ProgramData\Anaconda3\envs\keras\lib\site-packages\tensorflow_core\python\client\session.py", line 309, in __init__
    (fetch, type(fetch), str(e)))
TypeError: Fetch argument 5 has invalid type <class 'int'>, must be a string or Tensor. (Can not convert a int into a Tensor or Operation.)

======================================================================
ERROR: test_if_unbalanced_multiple_composites (__main__.ControlFlowTest)
ControlFlowTest.test_if_unbalanced_multiple_composites
----------------------------------------------------------------------
Traceback (most recent call last):
  File "C:\ProgramData\Anaconda3\envs\keras\lib\site-packages\tensorflow_core\python\client\session.py", line 305, in __init__
    fetch, allow_tensor=True, allow_operation=True))
  File "C:\ProgramData\Anaconda3\envs\keras\lib\site-packages\tensorflow_core\python\framework\ops.py", line 3607, in as_graph_element
    return self._as_graph_element_locked(obj, allow_tensor, allow_operation)
  File "C:\ProgramData\Anaconda3\envs\keras\lib\site-packages\tensorflow_core\python\framework\ops.py", line 3696, in _as_graph_element_locked
    (type(obj).__name__, types_str))
TypeError: Can not convert a int into a Tensor or Operation.

During handling of the above exception, another exception occurred:

Traceback (most recent call last):
  File "C:\ProgramData\Anaconda3\envs\keras\lib\site-packages\tensorflow_core\python\framework\test_util.py", line 1216, in decorated
    return f(self, *args, **kwargs)
  File "control_flow_test.py", line 674, in test_if_unbalanced_multiple_composites
    (7, 11, 13))
  File "control_flow_test.py", line 60, in assertTransformedResult
    self.assertAllEqual(self.evaluate(result.test_fn(*inputs)), expected)
  File "C:\ProgramData\Anaconda3\envs\keras\lib\site-packages\tensorflow_core\python\framework\test_util.py", line 1976, in evaluate
    return sess.run(tensors)
  File "C:\ProgramData\Anaconda3\envs\keras\lib\site-packages\tensorflow_core\python\framework\test_util.py", line 1557, in run
    return super(ErrorLoggingSession, self).run(*args, **kwargs)
  File "C:\ProgramData\Anaconda3\envs\keras\lib\site-packages\tensorflow_core\python\client\session.py", line 956, in run
    run_metadata_ptr)
  File "C:\ProgramData\Anaconda3\envs\keras\lib\site-packages\tensorflow_core\python\client\session.py", line 1165, in _run
    self._graph, fetches, feed_dict_tensor, feed_handles=feed_handles)
  File "C:\ProgramData\Anaconda3\envs\keras\lib\site-packages\tensorflow_core\python\client\session.py", line 474, in __init__
    self._fetch_mapper = _FetchMapper.for_fetch(fetches)
  File "C:\ProgramData\Anaconda3\envs\keras\lib\site-packages\tensorflow_core\python\client\session.py", line 266, in for_fetch
    return _ListFetchMapper(fetch)
  File "C:\ProgramData\Anaconda3\envs\keras\lib\site-packages\tensorflow_core\python\client\session.py", line 375, in __init__
    self._mappers = [_FetchMapper.for_fetch(fetch) for fetch in fetches]
  File "C:\ProgramData\Anaconda3\envs\keras\lib\site-packages\tensorflow_core\python\client\session.py", line 375, in <listcomp>
    self._mappers = [_FetchMapper.for_fetch(fetch) for fetch in fetches]
  File "C:\ProgramData\Anaconda3\envs\keras\lib\site-packages\tensorflow_core\python\client\session.py", line 276, in for_fetch
    return _ElementFetchMapper(fetches, contraction_fn)
  File "C:\ProgramData\Anaconda3\envs\keras\lib\site-packages\tensorflow_core\python\client\session.py", line 309, in __init__
    (fetch, type(fetch), str(e)))
TypeError: Fetch argument 5 has invalid type <class 'int'>, must be a string or Tensor. (Can not convert a int into a Tensor or Operation.)

======================================================================
FAIL: test_if_semi (__main__.ControlFlowTest)
ControlFlowTest.test_if_semi
----------------------------------------------------------------------
Traceback (most recent call last):
  File "C:\ProgramData\Anaconda3\envs\keras\lib\site-packages\tensorflow_core\python\framework\test_util.py", line 1216, in decorated
    return f(self, *args, **kwargs)
  File "control_flow_test.py", line 578, in test_if_semi
    self.assertTransformedResult(test_fn, constant_op.constant(2), 3)
  File "control_flow_test.py", line 60, in assertTransformedResult
    self.assertAllEqual(self.evaluate(result.test_fn(*inputs)), expected)
  File "C:\ProgramData\Anaconda3\envs\keras\lib\site-packages\tensorflow_core\python\framework\test_util.py", line 1122, in decorated
    return f(*args, **kwds)
  File "C:\ProgramData\Anaconda3\envs\keras\lib\site-packages\tensorflow_core\python\framework\test_util.py", line 2523, in assertAllEqual
    np.testing.assert_array_equal(a, b, err_msg="\n".join(msgs))
  File "C:\ProgramData\Anaconda3\envs\keras\lib\site-packages\numpy\testing\_private\utils.py", line 936, in assert_array_equal
    verbose=verbose, header='Arrays are not equal')
  File "C:\ProgramData\Anaconda3\envs\keras\lib\site-packages\numpy\testing\_private\utils.py", line 846, in assert_array_compare
    raise AssertionError(msg)
AssertionError: 
Arrays are not equal

not equal lhs = 2
not equal rhs = 3
Mismatched elements: 1 / 1 (100%)
Max absolute difference: 1
Max relative difference: 0.33333333
 x: array(2)
 y: array(3)

======================================================================
FAIL: test_if_single_output (__main__.ControlFlowTest)
ControlFlowTest.test_if_single_output
----------------------------------------------------------------------
Traceback (most recent call last):
  File "C:\ProgramData\Anaconda3\envs\keras\lib\site-packages\tensorflow_core\python\framework\test_util.py", line 1216, in decorated
    return f(self, *args, **kwargs)
  File "control_flow_test.py", line 558, in test_if_single_output
    self.assertTransformedResult(test_fn, constant_op.constant(1), -1)
  File "control_flow_test.py", line 60, in assertTransformedResult
    self.assertAllEqual(self.evaluate(result.test_fn(*inputs)), expected)
  File "C:\ProgramData\Anaconda3\envs\keras\lib\site-packages\tensorflow_core\python\framework\test_util.py", line 1122, in decorated
    return f(*args, **kwds)
  File "C:\ProgramData\Anaconda3\envs\keras\lib\site-packages\tensorflow_core\python\framework\test_util.py", line 2523, in assertAllEqual
    np.testing.assert_array_equal(a, b, err_msg="\n".join(msgs))
  File "C:\ProgramData\Anaconda3\envs\keras\lib\site-packages\numpy\testing\_private\utils.py", line 936, in assert_array_equal
    verbose=verbose, header='Arrays are not equal')
  File "C:\ProgramData\Anaconda3\envs\keras\lib\site-packages\numpy\testing\_private\utils.py", line 846, in assert_array_compare
    raise AssertionError(msg)
AssertionError: 
Arrays are not equal

not equal lhs = 1
not equal rhs = -1
Mismatched elements: 1 / 1 (100%)
Max absolute difference: 2
Max relative difference: 2.
 x: array(1)
 y: array(-1)

======================================================================
FAIL: test_if_sparse_tensor (__main__.ControlFlowTest)
ControlFlowTest.test_if_sparse_tensor
----------------------------------------------------------------------
Traceback (most recent call last):
  File "control_flow_test.py", line 488, in test_if_sparse_tensor
    self.assertTransformedResult(test_fn, (st, constant_op.constant(1)), -1)
  File "control_flow_test.py", line 60, in assertTransformedResult
    self.assertAllEqual(self.evaluate(result.test_fn(*inputs)), expected)
  File "C:\ProgramData\Anaconda3\envs\keras\lib\site-packages\tensorflow_core\python\framework\test_util.py", line 1122, in decorated
    return f(*args, **kwds)
  File "C:\ProgramData\Anaconda3\envs\keras\lib\site-packages\tensorflow_core\python\framework\test_util.py", line 2523, in assertAllEqual
    np.testing.assert_array_equal(a, b, err_msg="\n".join(msgs))
  File "C:\ProgramData\Anaconda3\envs\keras\lib\site-packages\numpy\testing\_private\utils.py", line 936, in assert_array_equal
    verbose=verbose, header='Arrays are not equal')
  File "C:\ProgramData\Anaconda3\envs\keras\lib\site-packages\numpy\testing\_private\utils.py", line 846, in assert_array_compare
    raise AssertionError(msg)
AssertionError: 
Arrays are not equal

not equal lhs = 1
not equal rhs = -1
Mismatched elements: 1 / 1 (100%)
Max absolute difference: 2
Max relative difference: 2.
 x: array(1)
 y: array(-1)

----------------------------------------------------------------------
Ran 26 tests in 4.062s

FAILED (failures=3, errors=5, skipped=1)