2020-10-06 16:34:35.498033: I tensorflow/stream_executor/platform/default/dso_loader.cc:44] Successfully opened dynamic library cudart64_100.dll
Running tests under Python 3.6.12: C:\ProgramData\Anaconda3\envs\keras\python.exe
[ RUN      ] ControlFlowTest.test_for_composite_state_initialized_in_loop
[  FAILED  ] ControlFlowTest.test_for_composite_state_initialized_in_loop
[ RUN      ] ControlFlowTest.test_for_iterated_expression
[       OK ] ControlFlowTest.test_for_iterated_expression
[ RUN      ] ControlFlowTest.test_for_single_output
WARNING:tensorflow:From C:\ProgramData\Anaconda3\envs\keras\lib\contextlib.py:60: TensorFlowTestCase.test_session (from tensorflow.python.framework.test_util) is deprecated and will be removed in a future version.
Instructions for updating:
Use `self.session()` or `self.cached_session()` instead.
W1006 16:34:40.559244  5624 deprecation.py:323] From C:\ProgramData\Anaconda3\envs\keras\lib\contextlib.py:60: TensorFlowTestCase.test_session (from tensorflow.python.framework.test_util) is deprecated and will be removed in a future version.
Instructions for updating:
Use `self.session()` or `self.cached_session()` instead.
2020-10-06 16:34:40.564897: I tensorflow/stream_executor/platform/default/dso_loader.cc:44] Successfully opened dynamic library nvcuda.dll
2020-10-06 16:34:40.684828: I tensorflow/core/common_runtime/gpu/gpu_device.cc:1618] Found device 0 with properties: 
name: GeForce RTX 2080 Ti major: 7 minor: 5 memoryClockRate(GHz): 1.65
pciBusID: 0000:73:00.0
2020-10-06 16:34:40.685484: I tensorflow/stream_executor/platform/default/dso_loader.cc:44] Successfully opened dynamic library cudart64_100.dll
2020-10-06 16:34:40.690285: I tensorflow/stream_executor/platform/default/dso_loader.cc:44] Successfully opened dynamic library cublas64_100.dll
2020-10-06 16:34:40.694919: I tensorflow/stream_executor/platform/default/dso_loader.cc:44] Successfully opened dynamic library cufft64_100.dll
2020-10-06 16:34:40.696826: I tensorflow/stream_executor/platform/default/dso_loader.cc:44] Successfully opened dynamic library curand64_100.dll
2020-10-06 16:34:40.703582: I tensorflow/stream_executor/platform/default/dso_loader.cc:44] Successfully opened dynamic library cusolver64_100.dll
2020-10-06 16:34:40.707841: I tensorflow/stream_executor/platform/default/dso_loader.cc:44] Successfully opened dynamic library cusparse64_100.dll
2020-10-06 16:34:40.720047: I tensorflow/stream_executor/platform/default/dso_loader.cc:44] Successfully opened dynamic library cudnn64_7.dll
2020-10-06 16:34:40.720992: I tensorflow/core/common_runtime/gpu/gpu_device.cc:1746] Adding visible gpu devices: 0
2020-10-06 16:34:40.721680: I tensorflow/core/platform/cpu_feature_guard.cc:142] Your CPU supports instructions that this TensorFlow binary was not compiled to use: AVX2
2020-10-06 16:34:40.736339: I tensorflow/core/common_runtime/gpu/gpu_device.cc:1618] Found device 0 with properties: 
name: GeForce RTX 2080 Ti major: 7 minor: 5 memoryClockRate(GHz): 1.65
pciBusID: 0000:73:00.0
2020-10-06 16:34:40.736896: I tensorflow/stream_executor/platform/default/dso_loader.cc:44] Successfully opened dynamic library cudart64_100.dll
2020-10-06 16:34:40.737243: I tensorflow/stream_executor/platform/default/dso_loader.cc:44] Successfully opened dynamic library cublas64_100.dll
2020-10-06 16:34:40.737586: I tensorflow/stream_executor/platform/default/dso_loader.cc:44] Successfully opened dynamic library cufft64_100.dll
2020-10-06 16:34:40.737928: I tensorflow/stream_executor/platform/default/dso_loader.cc:44] Successfully opened dynamic library curand64_100.dll
2020-10-06 16:34:40.738277: I tensorflow/stream_executor/platform/default/dso_loader.cc:44] Successfully opened dynamic library cusolver64_100.dll
2020-10-06 16:34:40.738624: I tensorflow/stream_executor/platform/default/dso_loader.cc:44] Successfully opened dynamic library cusparse64_100.dll
2020-10-06 16:34:40.738971: I tensorflow/stream_executor/platform/default/dso_loader.cc:44] Successfully opened dynamic library cudnn64_7.dll
2020-10-06 16:34:40.739803: I tensorflow/core/common_runtime/gpu/gpu_device.cc:1746] Adding visible gpu devices: 0
2020-10-06 16:34:41.798593: I tensorflow/core/common_runtime/gpu/gpu_device.cc:1159] Device interconnect StreamExecutor with strength 1 edge matrix:
2020-10-06 16:34:41.799013: I tensorflow/core/common_runtime/gpu/gpu_device.cc:1165]      0 
2020-10-06 16:34:41.799261: I tensorflow/core/common_runtime/gpu/gpu_device.cc:1178] 0:   N 
2020-10-06 16:34:41.800055: I tensorflow/core/common_runtime/gpu/gpu_device.cc:1304] Created TensorFlow device (/job:localhost/replica:0/task:0/device:GPU:0 with 8686 MB memory) -> physical GPU (device: 0, name: GeForce RTX 2080 Ti, pci bus id: 0000:73:00.0, compute capability: 7.5)
[       OK ] ControlFlowTest.test_for_single_output
[ RUN      ] ControlFlowTest.test_for_tuple_unpacking
2020-10-06 16:34:42.376941: I tensorflow/core/common_runtime/gpu/gpu_device.cc:1618] Found device 0 with properties: 
name: GeForce RTX 2080 Ti major: 7 minor: 5 memoryClockRate(GHz): 1.65
pciBusID: 0000:73:00.0
2020-10-06 16:34:42.377473: I tensorflow/stream_executor/platform/default/dso_loader.cc:44] Successfully opened dynamic library cudart64_100.dll
2020-10-06 16:34:42.377824: I tensorflow/stream_executor/platform/default/dso_loader.cc:44] Successfully opened dynamic library cublas64_100.dll
2020-10-06 16:34:42.378171: I tensorflow/stream_executor/platform/default/dso_loader.cc:44] Successfully opened dynamic library cufft64_100.dll
2020-10-06 16:34:42.378517: I tensorflow/stream_executor/platform/default/dso_loader.cc:44] Successfully opened dynamic library curand64_100.dll
2020-10-06 16:34:42.378858: I tensorflow/stream_executor/platform/default/dso_loader.cc:44] Successfully opened dynamic library cusolver64_100.dll
2020-10-06 16:34:42.379204: I tensorflow/stream_executor/platform/default/dso_loader.cc:44] Successfully opened dynamic library cusparse64_100.dll
2020-10-06 16:34:42.379557: I tensorflow/stream_executor/platform/default/dso_loader.cc:44] Successfully opened dynamic library cudnn64_7.dll
2020-10-06 16:34:42.380120: I tensorflow/core/common_runtime/gpu/gpu_device.cc:1746] Adding visible gpu devices: 0
2020-10-06 16:34:42.380433: I tensorflow/core/common_runtime/gpu/gpu_device.cc:1159] Device interconnect StreamExecutor with strength 1 edge matrix:
2020-10-06 16:34:42.380784: I tensorflow/core/common_runtime/gpu/gpu_device.cc:1165]      0 
2020-10-06 16:34:42.381002: I tensorflow/core/common_runtime/gpu/gpu_device.cc:1178] 0:   N 
2020-10-06 16:34:42.381486: I tensorflow/core/common_runtime/gpu/gpu_device.cc:1304] Created TensorFlow device (/job:localhost/replica:0/task:0/device:GPU:0 with 8686 MB memory) -> physical GPU (device: 0, name: GeForce RTX 2080 Ti, pci bus id: 0000:73:00.0, compute capability: 7.5)
[       OK ] ControlFlowTest.test_for_tuple_unpacking
[ RUN      ] ControlFlowTest.test_for_with_comprehension_in_body
2020-10-06 16:34:42.424483: I tensorflow/core/common_runtime/gpu/gpu_device.cc:1618] Found device 0 with properties: 
name: GeForce RTX 2080 Ti major: 7 minor: 5 memoryClockRate(GHz): 1.65
pciBusID: 0000:73:00.0
2020-10-06 16:34:42.425011: I tensorflow/stream_executor/platform/default/dso_loader.cc:44] Successfully opened dynamic library cudart64_100.dll
2020-10-06 16:34:42.425358: I tensorflow/stream_executor/platform/default/dso_loader.cc:44] Successfully opened dynamic library cublas64_100.dll
2020-10-06 16:34:42.425705: I tensorflow/stream_executor/platform/default/dso_loader.cc:44] Successfully opened dynamic library cufft64_100.dll
2020-10-06 16:34:42.426045: I tensorflow/stream_executor/platform/default/dso_loader.cc:44] Successfully opened dynamic library curand64_100.dll
2020-10-06 16:34:42.426387: I tensorflow/stream_executor/platform/default/dso_loader.cc:44] Successfully opened dynamic library cusolver64_100.dll
2020-10-06 16:34:42.426730: I tensorflow/stream_executor/platform/default/dso_loader.cc:44] Successfully opened dynamic library cusparse64_100.dll
2020-10-06 16:34:42.427074: I tensorflow/stream_executor/platform/default/dso_loader.cc:44] Successfully opened dynamic library cudnn64_7.dll
2020-10-06 16:34:42.427677: I tensorflow/core/common_runtime/gpu/gpu_device.cc:1746] Adding visible gpu devices: 0
2020-10-06 16:34:42.427984: I tensorflow/core/common_runtime/gpu/gpu_device.cc:1159] Device interconnect StreamExecutor with strength 1 edge matrix:
2020-10-06 16:34:42.428337: I tensorflow/core/common_runtime/gpu/gpu_device.cc:1165]      0 
2020-10-06 16:34:42.428560: I tensorflow/core/common_runtime/gpu/gpu_device.cc:1178] 0:   N 
2020-10-06 16:34:42.429046: I tensorflow/core/common_runtime/gpu/gpu_device.cc:1304] Created TensorFlow device (/job:localhost/replica:0/task:0/device:GPU:0 with 8686 MB memory) -> physical GPU (device: 0, name: GeForce RTX 2080 Ti, pci bus id: 0000:73:00.0, compute capability: 7.5)
[       OK ] ControlFlowTest.test_for_with_comprehension_in_body
[ RUN      ] ControlFlowTest.test_if_basic
[  FAILED  ] ControlFlowTest.test_if_basic
[ RUN      ] ControlFlowTest.test_if_complex_outputs
[  FAILED  ] ControlFlowTest.test_if_complex_outputs
[ RUN      ] ControlFlowTest.test_if_local_var
[  FAILED  ] ControlFlowTest.test_if_local_var
[ RUN      ] ControlFlowTest.test_if_no_outputs
[  FAILED  ] ControlFlowTest.test_if_no_outputs
[ RUN      ] ControlFlowTest.test_if_semi
[  FAILED  ] ControlFlowTest.test_if_semi
[ RUN      ] ControlFlowTest.test_if_single_output
[  FAILED  ] ControlFlowTest.test_if_single_output
[ RUN      ] ControlFlowTest.test_if_sparse_tensor
[  FAILED  ] ControlFlowTest.test_if_sparse_tensor
[ RUN      ] ControlFlowTest.test_if_unbalanced_composite
[  FAILED  ] ControlFlowTest.test_if_unbalanced_composite
[ RUN      ] ControlFlowTest.test_if_unbalanced_multiple_composites
[  FAILED  ] ControlFlowTest.test_if_unbalanced_multiple_composites
[ RUN      ] ControlFlowTest.test_session
[  SKIPPED ] ControlFlowTest.test_session
[ RUN      ] ControlFlowTest.test_simple_for
2020-10-06 16:34:42.559403: I tensorflow/core/common_runtime/gpu/gpu_device.cc:1618] Found device 0 with properties: 
name: GeForce RTX 2080 Ti major: 7 minor: 5 memoryClockRate(GHz): 1.65
pciBusID: 0000:73:00.0
2020-10-06 16:34:42.559981: I tensorflow/stream_executor/platform/default/dso_loader.cc:44] Successfully opened dynamic library cudart64_100.dll
2020-10-06 16:34:42.560355: I tensorflow/stream_executor/platform/default/dso_loader.cc:44] Successfully opened dynamic library cublas64_100.dll
2020-10-06 16:34:42.560727: I tensorflow/stream_executor/platform/default/dso_loader.cc:44] Successfully opened dynamic library cufft64_100.dll
2020-10-06 16:34:42.561099: I tensorflow/stream_executor/platform/default/dso_loader.cc:44] Successfully opened dynamic library curand64_100.dll
2020-10-06 16:34:42.561471: I tensorflow/stream_executor/platform/default/dso_loader.cc:44] Successfully opened dynamic library cusolver64_100.dll
2020-10-06 16:34:42.561819: I tensorflow/stream_executor/platform/default/dso_loader.cc:44] Successfully opened dynamic library cusparse64_100.dll
2020-10-06 16:34:42.562164: I tensorflow/stream_executor/platform/default/dso_loader.cc:44] Successfully opened dynamic library cudnn64_7.dll
2020-10-06 16:34:42.562721: I tensorflow/core/common_runtime/gpu/gpu_device.cc:1746] Adding visible gpu devices: 0
2020-10-06 16:34:42.563033: I tensorflow/core/common_runtime/gpu/gpu_device.cc:1159] Device interconnect StreamExecutor with strength 1 edge matrix:
2020-10-06 16:34:42.563381: I tensorflow/core/common_runtime/gpu/gpu_device.cc:1165]      0 
2020-10-06 16:34:42.563599: I tensorflow/core/common_runtime/gpu/gpu_device.cc:1178] 0:   N 
2020-10-06 16:34:42.564101: I tensorflow/core/common_runtime/gpu/gpu_device.cc:1304] Created TensorFlow device (/job:localhost/replica:0/task:0/device:GPU:0 with 8686 MB memory) -> physical GPU (device: 0, name: GeForce RTX 2080 Ti, pci bus id: 0000:73:00.0, compute capability: 7.5)
[       OK ] ControlFlowTest.test_simple_for
[ RUN      ] ControlFlowTest.test_while_basic
2020-10-06 16:34:42.656324: I tensorflow/core/common_runtime/gpu/gpu_device.cc:1618] Found device 0 with properties: 
name: GeForce RTX 2080 Ti major: 7 minor: 5 memoryClockRate(GHz): 1.65
pciBusID: 0000:73:00.0
2020-10-06 16:34:42.656859: I tensorflow/stream_executor/platform/default/dso_loader.cc:44] Successfully opened dynamic library cudart64_100.dll
2020-10-06 16:34:42.657210: I tensorflow/stream_executor/platform/default/dso_loader.cc:44] Successfully opened dynamic library cublas64_100.dll
2020-10-06 16:34:42.657559: I tensorflow/stream_executor/platform/default/dso_loader.cc:44] Successfully opened dynamic library cufft64_100.dll
2020-10-06 16:34:42.657899: I tensorflow/stream_executor/platform/default/dso_loader.cc:44] Successfully opened dynamic library curand64_100.dll
2020-10-06 16:34:42.658246: I tensorflow/stream_executor/platform/default/dso_loader.cc:44] Successfully opened dynamic library cusolver64_100.dll
2020-10-06 16:34:42.658598: I tensorflow/stream_executor/platform/default/dso_loader.cc:44] Successfully opened dynamic library cusparse64_100.dll
2020-10-06 16:34:42.658949: I tensorflow/stream_executor/platform/default/dso_loader.cc:44] Successfully opened dynamic library cudnn64_7.dll
2020-10-06 16:34:42.659509: I tensorflow/core/common_runtime/gpu/gpu_device.cc:1746] Adding visible gpu devices: 0
2020-10-06 16:34:42.659820: I tensorflow/core/common_runtime/gpu/gpu_device.cc:1159] Device interconnect StreamExecutor with strength 1 edge matrix:
2020-10-06 16:34:42.660172: I tensorflow/core/common_runtime/gpu/gpu_device.cc:1165]      0 
2020-10-06 16:34:42.660390: I tensorflow/core/common_runtime/gpu/gpu_device.cc:1178] 0:   N 
2020-10-06 16:34:42.660874: I tensorflow/core/common_runtime/gpu/gpu_device.cc:1304] Created TensorFlow device (/job:localhost/replica:0/task:0/device:GPU:0 with 8686 MB memory) -> physical GPU (device: 0, name: GeForce RTX 2080 Ti, pci bus id: 0000:73:00.0, compute capability: 7.5)
[       OK ] ControlFlowTest.test_while_basic
[ RUN      ] ControlFlowTest.test_while_composite_state
2020-10-06 16:34:42.698230: I tensorflow/core/common_runtime/gpu/gpu_device.cc:1618] Found device 0 with properties: 
name: GeForce RTX 2080 Ti major: 7 minor: 5 memoryClockRate(GHz): 1.65
pciBusID: 0000:73:00.0
2020-10-06 16:34:42.698768: I tensorflow/stream_executor/platform/default/dso_loader.cc:44] Successfully opened dynamic library cudart64_100.dll
2020-10-06 16:34:42.699112: I tensorflow/stream_executor/platform/default/dso_loader.cc:44] Successfully opened dynamic library cublas64_100.dll
2020-10-06 16:34:42.699458: I tensorflow/stream_executor/platform/default/dso_loader.cc:44] Successfully opened dynamic library cufft64_100.dll
2020-10-06 16:34:42.699796: I tensorflow/stream_executor/platform/default/dso_loader.cc:44] Successfully opened dynamic library curand64_100.dll
2020-10-06 16:34:42.700137: I tensorflow/stream_executor/platform/default/dso_loader.cc:44] Successfully opened dynamic library cusolver64_100.dll
2020-10-06 16:34:42.700481: I tensorflow/stream_executor/platform/default/dso_loader.cc:44] Successfully opened dynamic library cusparse64_100.dll
2020-10-06 16:34:42.700825: I tensorflow/stream_executor/platform/default/dso_loader.cc:44] Successfully opened dynamic library cudnn64_7.dll
2020-10-06 16:34:42.701381: I tensorflow/core/common_runtime/gpu/gpu_device.cc:1746] Adding visible gpu devices: 0
2020-10-06 16:34:42.701689: I tensorflow/core/common_runtime/gpu/gpu_device.cc:1159] Device interconnect StreamExecutor with strength 1 edge matrix:
2020-10-06 16:34:42.702043: I tensorflow/core/common_runtime/gpu/gpu_device.cc:1165]      0 
2020-10-06 16:34:42.702262: I tensorflow/core/common_runtime/gpu/gpu_device.cc:1178] 0:   N 
2020-10-06 16:34:42.702743: I tensorflow/core/common_runtime/gpu/gpu_device.cc:1304] Created TensorFlow device (/job:localhost/replica:0/task:0/device:GPU:0 with 8686 MB memory) -> physical GPU (device: 0, name: GeForce RTX 2080 Ti, pci bus id: 0000:73:00.0, compute capability: 7.5)
[       OK ] ControlFlowTest.test_while_composite_state
[ RUN      ] ControlFlowTest.test_while_composite_state_initialized_in_loop
[  FAILED  ] ControlFlowTest.test_while_composite_state_initialized_in_loop
[ RUN      ] ControlFlowTest.test_while_dispatches_by_cond_only
2020-10-06 16:34:42.750241: I tensorflow/core/common_runtime/gpu/gpu_device.cc:1618] Found device 0 with properties: 
name: GeForce RTX 2080 Ti major: 7 minor: 5 memoryClockRate(GHz): 1.65
pciBusID: 0000:73:00.0
2020-10-06 16:34:42.750773: I tensorflow/stream_executor/platform/default/dso_loader.cc:44] Successfully opened dynamic library cudart64_100.dll
2020-10-06 16:34:42.751128: I tensorflow/stream_executor/platform/default/dso_loader.cc:44] Successfully opened dynamic library cublas64_100.dll
2020-10-06 16:34:42.751475: I tensorflow/stream_executor/platform/default/dso_loader.cc:44] Successfully opened dynamic library cufft64_100.dll
2020-10-06 16:34:42.751813: I tensorflow/stream_executor/platform/default/dso_loader.cc:44] Successfully opened dynamic library curand64_100.dll
2020-10-06 16:34:42.752158: I tensorflow/stream_executor/platform/default/dso_loader.cc:44] Successfully opened dynamic library cusolver64_100.dll
2020-10-06 16:34:42.752504: I tensorflow/stream_executor/platform/default/dso_loader.cc:44] Successfully opened dynamic library cusparse64_100.dll
2020-10-06 16:34:42.752850: I tensorflow/stream_executor/platform/default/dso_loader.cc:44] Successfully opened dynamic library cudnn64_7.dll
2020-10-06 16:34:42.753409: I tensorflow/core/common_runtime/gpu/gpu_device.cc:1746] Adding visible gpu devices: 0
2020-10-06 16:34:42.753718: I tensorflow/core/common_runtime/gpu/gpu_device.cc:1159] Device interconnect StreamExecutor with strength 1 edge matrix:
2020-10-06 16:34:42.754076: I tensorflow/core/common_runtime/gpu/gpu_device.cc:1165]      0 
2020-10-06 16:34:42.754294: I tensorflow/core/common_runtime/gpu/gpu_device.cc:1178] 0:   N 
2020-10-06 16:34:42.754779: I tensorflow/core/common_runtime/gpu/gpu_device.cc:1304] Created TensorFlow device (/job:localhost/replica:0/task:0/device:GPU:0 with 8686 MB memory) -> physical GPU (device: 0, name: GeForce RTX 2080 Ti, pci bus id: 0000:73:00.0, compute capability: 7.5)
[       OK ] ControlFlowTest.test_while_dispatches_by_cond_only
[ RUN      ] ControlFlowTest.test_while_local_composite
2020-10-06 16:34:42.806739: I tensorflow/core/common_runtime/gpu/gpu_device.cc:1618] Found device 0 with properties: 
name: GeForce RTX 2080 Ti major: 7 minor: 5 memoryClockRate(GHz): 1.65
pciBusID: 0000:73:00.0
2020-10-06 16:34:42.807268: I tensorflow/stream_executor/platform/default/dso_loader.cc:44] Successfully opened dynamic library cudart64_100.dll
2020-10-06 16:34:42.807614: I tensorflow/stream_executor/platform/default/dso_loader.cc:44] Successfully opened dynamic library cublas64_100.dll
2020-10-06 16:34:42.807959: I tensorflow/stream_executor/platform/default/dso_loader.cc:44] Successfully opened dynamic library cufft64_100.dll
2020-10-06 16:34:42.808307: I tensorflow/stream_executor/platform/default/dso_loader.cc:44] Successfully opened dynamic library curand64_100.dll
2020-10-06 16:34:42.808647: I tensorflow/stream_executor/platform/default/dso_loader.cc:44] Successfully opened dynamic library cusolver64_100.dll
2020-10-06 16:34:42.809026: I tensorflow/stream_executor/platform/default/dso_loader.cc:44] Successfully opened dynamic library cusparse64_100.dll
2020-10-06 16:34:42.809394: I tensorflow/stream_executor/platform/default/dso_loader.cc:44] Successfully opened dynamic library cudnn64_7.dll
2020-10-06 16:34:42.809985: I tensorflow/core/common_runtime/gpu/gpu_device.cc:1746] Adding visible gpu devices: 0
2020-10-06 16:34:42.810293: I tensorflow/core/common_runtime/gpu/gpu_device.cc:1159] Device interconnect StreamExecutor with strength 1 edge matrix:
2020-10-06 16:34:42.810641: I tensorflow/core/common_runtime/gpu/gpu_device.cc:1165]      0 
2020-10-06 16:34:42.810859: I tensorflow/core/common_runtime/gpu/gpu_device.cc:1178] 0:   N 
2020-10-06 16:34:42.811341: I tensorflow/core/common_runtime/gpu/gpu_device.cc:1304] Created TensorFlow device (/job:localhost/replica:0/task:0/device:GPU:0 with 8686 MB memory) -> physical GPU (device: 0, name: GeForce RTX 2080 Ti, pci bus id: 0000:73:00.0, compute capability: 7.5)
[       OK ] ControlFlowTest.test_while_local_composite
[ RUN      ] ControlFlowTest.test_while_local_composite_complex_illegal
[       OK ] ControlFlowTest.test_while_local_composite_complex_illegal
[ RUN      ] ControlFlowTest.test_while_local_composite_complex_nestable
2020-10-06 16:34:42.878128: I tensorflow/core/common_runtime/gpu/gpu_device.cc:1618] Found device 0 with properties: 
name: GeForce RTX 2080 Ti major: 7 minor: 5 memoryClockRate(GHz): 1.65
pciBusID: 0000:73:00.0
2020-10-06 16:34:42.878662: I tensorflow/stream_executor/platform/default/dso_loader.cc:44] Successfully opened dynamic library cudart64_100.dll
2020-10-06 16:34:42.879011: I tensorflow/stream_executor/platform/default/dso_loader.cc:44] Successfully opened dynamic library cublas64_100.dll
2020-10-06 16:34:42.879356: I tensorflow/stream_executor/platform/default/dso_loader.cc:44] Successfully opened dynamic library cufft64_100.dll
2020-10-06 16:34:42.879697: I tensorflow/stream_executor/platform/default/dso_loader.cc:44] Successfully opened dynamic library curand64_100.dll
2020-10-06 16:34:42.880036: I tensorflow/stream_executor/platform/default/dso_loader.cc:44] Successfully opened dynamic library cusolver64_100.dll
2020-10-06 16:34:42.880380: I tensorflow/stream_executor/platform/default/dso_loader.cc:44] Successfully opened dynamic library cusparse64_100.dll
2020-10-06 16:34:42.880735: I tensorflow/stream_executor/platform/default/dso_loader.cc:44] Successfully opened dynamic library cudnn64_7.dll
2020-10-06 16:34:42.881291: I tensorflow/core/common_runtime/gpu/gpu_device.cc:1746] Adding visible gpu devices: 0
2020-10-06 16:34:42.881602: I tensorflow/core/common_runtime/gpu/gpu_device.cc:1159] Device interconnect StreamExecutor with strength 1 edge matrix:
2020-10-06 16:34:42.881951: I tensorflow/core/common_runtime/gpu/gpu_device.cc:1165]      0 
2020-10-06 16:34:42.882169: I tensorflow/core/common_runtime/gpu/gpu_device.cc:1178] 0:   N 
2020-10-06 16:34:42.882649: I tensorflow/core/common_runtime/gpu/gpu_device.cc:1304] Created TensorFlow device (/job:localhost/replica:0/task:0/device:GPU:0 with 8686 MB memory) -> physical GPU (device: 0, name: GeForce RTX 2080 Ti, pci bus id: 0000:73:00.0, compute capability: 7.5)
[       OK ] ControlFlowTest.test_while_local_composite_complex_nestable
[ RUN      ] ControlFlowTest.test_while_nested
2020-10-06 16:34:42.956227: I tensorflow/core/common_runtime/gpu/gpu_device.cc:1618] Found device 0 with properties: 
name: GeForce RTX 2080 Ti major: 7 minor: 5 memoryClockRate(GHz): 1.65
pciBusID: 0000:73:00.0
2020-10-06 16:34:42.956790: I tensorflow/stream_executor/platform/default/dso_loader.cc:44] Successfully opened dynamic library cudart64_100.dll
2020-10-06 16:34:42.957160: I tensorflow/stream_executor/platform/default/dso_loader.cc:44] Successfully opened dynamic library cublas64_100.dll
2020-10-06 16:34:42.957528: I tensorflow/stream_executor/platform/default/dso_loader.cc:44] Successfully opened dynamic library cufft64_100.dll
2020-10-06 16:34:42.957892: I tensorflow/stream_executor/platform/default/dso_loader.cc:44] Successfully opened dynamic library curand64_100.dll
2020-10-06 16:34:42.958244: I tensorflow/stream_executor/platform/default/dso_loader.cc:44] Successfully opened dynamic library cusolver64_100.dll
2020-10-06 16:34:42.958588: I tensorflow/stream_executor/platform/default/dso_loader.cc:44] Successfully opened dynamic library cusparse64_100.dll
2020-10-06 16:34:42.958933: I tensorflow/stream_executor/platform/default/dso_loader.cc:44] Successfully opened dynamic library cudnn64_7.dll
2020-10-06 16:34:42.959486: I tensorflow/core/common_runtime/gpu/gpu_device.cc:1746] Adding visible gpu devices: 0
2020-10-06 16:34:42.959831: I tensorflow/core/common_runtime/gpu/gpu_device.cc:1159] Device interconnect StreamExecutor with strength 1 edge matrix:
2020-10-06 16:34:42.960206: I tensorflow/core/common_runtime/gpu/gpu_device.cc:1165]      0 
2020-10-06 16:34:42.960442: I tensorflow/core/common_runtime/gpu/gpu_device.cc:1178] 0:   N 
2020-10-06 16:34:42.960945: I tensorflow/core/common_runtime/gpu/gpu_device.cc:1304] Created TensorFlow device (/job:localhost/replica:0/task:0/device:GPU:0 with 8686 MB memory) -> physical GPU (device: 0, name: GeForce RTX 2080 Ti, pci bus id: 0000:73:00.0, compute capability: 7.5)
[       OK ] ControlFlowTest.test_while_nested
[ RUN      ] ControlFlowTest.test_while_nested_composite_state
[  FAILED  ] ControlFlowTest.test_while_nested_composite_state
[ RUN      ] ControlFlowTest.test_while_single_output
2020-10-06 16:34:43.044605: I tensorflow/core/common_runtime/gpu/gpu_device.cc:1618] Found device 0 with properties: 
name: GeForce RTX 2080 Ti major: 7 minor: 5 memoryClockRate(GHz): 1.65
pciBusID: 0000:73:00.0
2020-10-06 16:34:43.045638: I tensorflow/stream_executor/platform/default/dso_loader.cc:44] Successfully opened dynamic library cudart64_100.dll
2020-10-06 16:34:43.046321: I tensorflow/stream_executor/platform/default/dso_loader.cc:44] Successfully opened dynamic library cublas64_100.dll
2020-10-06 16:34:43.047016: I tensorflow/stream_executor/platform/default/dso_loader.cc:44] Successfully opened dynamic library cufft64_100.dll
2020-10-06 16:34:43.047698: I tensorflow/stream_executor/platform/default/dso_loader.cc:44] Successfully opened dynamic library curand64_100.dll
2020-10-06 16:34:43.048386: I tensorflow/stream_executor/platform/default/dso_loader.cc:44] Successfully opened dynamic library cusolver64_100.dll
2020-10-06 16:34:43.049078: I tensorflow/stream_executor/platform/default/dso_loader.cc:44] Successfully opened dynamic library cusparse64_100.dll
2020-10-06 16:34:43.049593: I tensorflow/stream_executor/platform/default/dso_loader.cc:44] Successfully opened dynamic library cudnn64_7.dll
2020-10-06 16:34:43.050275: I tensorflow/core/common_runtime/gpu/gpu_device.cc:1746] Adding visible gpu devices: 0
2020-10-06 16:34:43.050660: I tensorflow/core/common_runtime/gpu/gpu_device.cc:1159] Device interconnect StreamExecutor with strength 1 edge matrix:
2020-10-06 16:34:43.051097: I tensorflow/core/common_runtime/gpu/gpu_device.cc:1165]      0 
2020-10-06 16:34:43.051370: I tensorflow/core/common_runtime/gpu/gpu_device.cc:1178] 0:   N 
2020-10-06 16:34:43.051956: I tensorflow/core/common_runtime/gpu/gpu_device.cc:1304] Created TensorFlow device (/job:localhost/replica:0/task:0/device:GPU:0 with 8686 MB memory) -> physical GPU (device: 0, name: GeForce RTX 2080 Ti, pci bus id: 0000:73:00.0, compute capability: 7.5)
[       OK ] ControlFlowTest.test_while_single_output
======================================================================
ERROR: test_for_composite_state_initialized_in_loop (__main__.ControlFlowTest)
ControlFlowTest.test_for_composite_state_initialized_in_loop
----------------------------------------------------------------------
Traceback (most recent call last):
  File "control_flow_test.py", line 860, in test_for_composite_state_initialized_in_loop
    symbols={'TestClass': TestClass})
  File "control_flow_test.py", line 58, in assertTransformedResult
    (constant_op.constant,)) as result:
  File "C:\ProgramData\Anaconda3\envs\keras\lib\contextlib.py", line 81, in __enter__
    return next(self.gen)
  File "C:\ProgramData\Anaconda3\envs\keras\lib\site-packages\tensorflow_core\python\autograph\core\converter_testing.py", line 103, in converted
    node = m.transform(node, ctx)
  File "C:\ProgramData\Anaconda3\envs\keras\lib\site-packages\tensorflow_core\python\autograph\converters\control_flow.py", line 577, in transform
    node = ControlFlowTransformer(ctx).visit(node)
  File "C:\ProgramData\Anaconda3\envs\keras\lib\site-packages\tensorflow_core\python\autograph\core\converter.py", line 346, in visit
    return super(Base, self).visit(node)
  File "C:\ProgramData\Anaconda3\envs\keras\lib\site-packages\tensorflow_core\python\autograph\pyct\transformer.py", line 480, in visit
    result = super(Base, self).visit(node)
  File "C:\ProgramData\Anaconda3\envs\keras\lib\ast.py", line 253, in visit
    return visitor(node)
  File "C:\ProgramData\Anaconda3\envs\keras\lib\ast.py", line 308, in generic_visit
    value = self.visit(value)
  File "C:\ProgramData\Anaconda3\envs\keras\lib\site-packages\tensorflow_core\python\autograph\core\converter.py", line 346, in visit
    return super(Base, self).visit(node)
  File "C:\ProgramData\Anaconda3\envs\keras\lib\site-packages\tensorflow_core\python\autograph\pyct\transformer.py", line 480, in visit
    result = super(Base, self).visit(node)
  File "C:\ProgramData\Anaconda3\envs\keras\lib\ast.py", line 253, in visit
    return visitor(node)
  File "C:\ProgramData\Anaconda3\envs\keras\lib\site-packages\tensorflow_core\python\autograph\converters\control_flow.py", line 450, in visit_For
    node = self.generic_visit(node)
  File "C:\ProgramData\Anaconda3\envs\keras\lib\ast.py", line 308, in generic_visit
    value = self.visit(value)
  File "C:\ProgramData\Anaconda3\envs\keras\lib\site-packages\tensorflow_core\python\autograph\core\converter.py", line 346, in visit
    return super(Base, self).visit(node)
  File "C:\ProgramData\Anaconda3\envs\keras\lib\site-packages\tensorflow_core\python\autograph\pyct\transformer.py", line 480, in visit
    result = super(Base, self).visit(node)
  File "C:\ProgramData\Anaconda3\envs\keras\lib\ast.py", line 253, in visit
    return visitor(node)
  File "C:\ProgramData\Anaconda3\envs\keras\lib\site-packages\tensorflow_core\python\autograph\converters\control_flow.py", line 218, in visit_If
    aliased_body_orig_names = tuple(need_alias_in_body)
TypeError: 'NoneType' object is not iterable

======================================================================
ERROR: test_if_basic (__main__.ControlFlowTest)
ControlFlowTest.test_if_basic
----------------------------------------------------------------------
Traceback (most recent call last):
  File "C:\ProgramData\Anaconda3\envs\keras\lib\site-packages\tensorflow_core\python\framework\test_util.py", line 1216, in decorated
    return f(self, *args, **kwargs)
  File "control_flow_test.py", line 464, in test_if_basic
    self.assertTransformedResult(test_fn, constant_op.constant(1), (-1, 0))
  File "control_flow_test.py", line 58, in assertTransformedResult
    (constant_op.constant,)) as result:
  File "C:\ProgramData\Anaconda3\envs\keras\lib\contextlib.py", line 81, in __enter__
    return next(self.gen)
  File "C:\ProgramData\Anaconda3\envs\keras\lib\site-packages\tensorflow_core\python\autograph\core\converter_testing.py", line 103, in converted
    node = m.transform(node, ctx)
  File "C:\ProgramData\Anaconda3\envs\keras\lib\site-packages\tensorflow_core\python\autograph\converters\control_flow.py", line 577, in transform
    node = ControlFlowTransformer(ctx).visit(node)
  File "C:\ProgramData\Anaconda3\envs\keras\lib\site-packages\tensorflow_core\python\autograph\core\converter.py", line 346, in visit
    return super(Base, self).visit(node)
  File "C:\ProgramData\Anaconda3\envs\keras\lib\site-packages\tensorflow_core\python\autograph\pyct\transformer.py", line 480, in visit
    result = super(Base, self).visit(node)
  File "C:\ProgramData\Anaconda3\envs\keras\lib\ast.py", line 253, in visit
    return visitor(node)
  File "C:\ProgramData\Anaconda3\envs\keras\lib\ast.py", line 308, in generic_visit
    value = self.visit(value)
  File "C:\ProgramData\Anaconda3\envs\keras\lib\site-packages\tensorflow_core\python\autograph\core\converter.py", line 346, in visit
    return super(Base, self).visit(node)
  File "C:\ProgramData\Anaconda3\envs\keras\lib\site-packages\tensorflow_core\python\autograph\pyct\transformer.py", line 480, in visit
    result = super(Base, self).visit(node)
  File "C:\ProgramData\Anaconda3\envs\keras\lib\ast.py", line 253, in visit
    return visitor(node)
  File "C:\ProgramData\Anaconda3\envs\keras\lib\site-packages\tensorflow_core\python\autograph\converters\control_flow.py", line 218, in visit_If
    aliased_body_orig_names = tuple(need_alias_in_body)
TypeError: 'NoneType' object is not iterable

======================================================================
ERROR: test_if_complex_outputs (__main__.ControlFlowTest)
ControlFlowTest.test_if_complex_outputs
----------------------------------------------------------------------
Traceback (most recent call last):
  File "C:\ProgramData\Anaconda3\envs\keras\lib\site-packages\tensorflow_core\python\framework\test_util.py", line 1216, in decorated
    return f(self, *args, **kwargs)
  File "control_flow_test.py", line 530, in test_if_complex_outputs
    with self.converted(test_fn, control_flow, {}) as result:
  File "C:\ProgramData\Anaconda3\envs\keras\lib\contextlib.py", line 81, in __enter__
    return next(self.gen)
  File "C:\ProgramData\Anaconda3\envs\keras\lib\site-packages\tensorflow_core\python\autograph\core\converter_testing.py", line 103, in converted
    node = m.transform(node, ctx)
  File "C:\ProgramData\Anaconda3\envs\keras\lib\site-packages\tensorflow_core\python\autograph\converters\control_flow.py", line 577, in transform
    node = ControlFlowTransformer(ctx).visit(node)
  File "C:\ProgramData\Anaconda3\envs\keras\lib\site-packages\tensorflow_core\python\autograph\core\converter.py", line 346, in visit
    return super(Base, self).visit(node)
  File "C:\ProgramData\Anaconda3\envs\keras\lib\site-packages\tensorflow_core\python\autograph\pyct\transformer.py", line 480, in visit
    result = super(Base, self).visit(node)
  File "C:\ProgramData\Anaconda3\envs\keras\lib\ast.py", line 253, in visit
    return visitor(node)
  File "C:\ProgramData\Anaconda3\envs\keras\lib\ast.py", line 308, in generic_visit
    value = self.visit(value)
  File "C:\ProgramData\Anaconda3\envs\keras\lib\site-packages\tensorflow_core\python\autograph\core\converter.py", line 346, in visit
    return super(Base, self).visit(node)
  File "C:\ProgramData\Anaconda3\envs\keras\lib\site-packages\tensorflow_core\python\autograph\pyct\transformer.py", line 480, in visit
    result = super(Base, self).visit(node)
  File "C:\ProgramData\Anaconda3\envs\keras\lib\ast.py", line 253, in visit
    return visitor(node)
  File "C:\ProgramData\Anaconda3\envs\keras\lib\site-packages\tensorflow_core\python\autograph\converters\control_flow.py", line 218, in visit_If
    aliased_body_orig_names = tuple(need_alias_in_body)
TypeError: 'NoneType' object is not iterable

======================================================================
ERROR: test_if_local_var (__main__.ControlFlowTest)
ControlFlowTest.test_if_local_var
----------------------------------------------------------------------
Traceback (most recent call last):
  File "C:\ProgramData\Anaconda3\envs\keras\lib\site-packages\tensorflow_core\python\framework\test_util.py", line 1216, in decorated
    return f(self, *args, **kwargs)
  File "control_flow_test.py", line 602, in test_if_local_var
    self.assertTransformedResult(test_fn, constant_op.constant(1), 5)
  File "control_flow_test.py", line 58, in assertTransformedResult
    (constant_op.constant,)) as result:
  File "C:\ProgramData\Anaconda3\envs\keras\lib\contextlib.py", line 81, in __enter__
    return next(self.gen)
  File "C:\ProgramData\Anaconda3\envs\keras\lib\site-packages\tensorflow_core\python\autograph\core\converter_testing.py", line 103, in converted
    node = m.transform(node, ctx)
  File "C:\ProgramData\Anaconda3\envs\keras\lib\site-packages\tensorflow_core\python\autograph\converters\control_flow.py", line 577, in transform
    node = ControlFlowTransformer(ctx).visit(node)
  File "C:\ProgramData\Anaconda3\envs\keras\lib\site-packages\tensorflow_core\python\autograph\core\converter.py", line 346, in visit
    return super(Base, self).visit(node)
  File "C:\ProgramData\Anaconda3\envs\keras\lib\site-packages\tensorflow_core\python\autograph\pyct\transformer.py", line 480, in visit
    result = super(Base, self).visit(node)
  File "C:\ProgramData\Anaconda3\envs\keras\lib\ast.py", line 253, in visit
    return visitor(node)
  File "C:\ProgramData\Anaconda3\envs\keras\lib\ast.py", line 308, in generic_visit
    value = self.visit(value)
  File "C:\ProgramData\Anaconda3\envs\keras\lib\site-packages\tensorflow_core\python\autograph\core\converter.py", line 346, in visit
    return super(Base, self).visit(node)
  File "C:\ProgramData\Anaconda3\envs\keras\lib\site-packages\tensorflow_core\python\autograph\pyct\transformer.py", line 480, in visit
    result = super(Base, self).visit(node)
  File "C:\ProgramData\Anaconda3\envs\keras\lib\ast.py", line 253, in visit
    return visitor(node)
  File "C:\ProgramData\Anaconda3\envs\keras\lib\site-packages\tensorflow_core\python\autograph\converters\control_flow.py", line 218, in visit_If
    aliased_body_orig_names = tuple(need_alias_in_body)
TypeError: 'NoneType' object is not iterable

======================================================================
ERROR: test_if_no_outputs (__main__.ControlFlowTest)
ControlFlowTest.test_if_no_outputs
----------------------------------------------------------------------
Traceback (most recent call last):
  File "C:\ProgramData\Anaconda3\envs\keras\lib\site-packages\tensorflow_core\python\framework\test_util.py", line 1216, in decorated
    return f(self, *args, **kwargs)
  File "control_flow_test.py", line 628, in test_if_no_outputs
    self.assertTransformedResult(test_fn, constant_op.constant(1), 1)
  File "control_flow_test.py", line 58, in assertTransformedResult
    (constant_op.constant,)) as result:
  File "C:\ProgramData\Anaconda3\envs\keras\lib\contextlib.py", line 81, in __enter__
    return next(self.gen)
  File "C:\ProgramData\Anaconda3\envs\keras\lib\site-packages\tensorflow_core\python\autograph\core\converter_testing.py", line 103, in converted
    node = m.transform(node, ctx)
  File "C:\ProgramData\Anaconda3\envs\keras\lib\site-packages\tensorflow_core\python\autograph\converters\control_flow.py", line 577, in transform
    node = ControlFlowTransformer(ctx).visit(node)
  File "C:\ProgramData\Anaconda3\envs\keras\lib\site-packages\tensorflow_core\python\autograph\core\converter.py", line 346, in visit
    return super(Base, self).visit(node)
  File "C:\ProgramData\Anaconda3\envs\keras\lib\site-packages\tensorflow_core\python\autograph\pyct\transformer.py", line 480, in visit
    result = super(Base, self).visit(node)
  File "C:\ProgramData\Anaconda3\envs\keras\lib\ast.py", line 253, in visit
    return visitor(node)
  File "C:\ProgramData\Anaconda3\envs\keras\lib\ast.py", line 308, in generic_visit
    value = self.visit(value)
  File "C:\ProgramData\Anaconda3\envs\keras\lib\site-packages\tensorflow_core\python\autograph\core\converter.py", line 346, in visit
    return super(Base, self).visit(node)
  File "C:\ProgramData\Anaconda3\envs\keras\lib\site-packages\tensorflow_core\python\autograph\pyct\transformer.py", line 480, in visit
    result = super(Base, self).visit(node)
  File "C:\ProgramData\Anaconda3\envs\keras\lib\ast.py", line 253, in visit
    return visitor(node)
  File "C:\ProgramData\Anaconda3\envs\keras\lib\site-packages\tensorflow_core\python\autograph\converters\control_flow.py", line 218, in visit_If
    aliased_body_orig_names = tuple(need_alias_in_body)
TypeError: 'NoneType' object is not iterable

======================================================================
ERROR: test_if_semi (__main__.ControlFlowTest)
ControlFlowTest.test_if_semi
----------------------------------------------------------------------
Traceback (most recent call last):
  File "C:\ProgramData\Anaconda3\envs\keras\lib\site-packages\tensorflow_core\python\framework\test_util.py", line 1216, in decorated
    return f(self, *args, **kwargs)
  File "control_flow_test.py", line 578, in test_if_semi
    self.assertTransformedResult(test_fn, constant_op.constant(2), 3)
  File "control_flow_test.py", line 58, in assertTransformedResult
    (constant_op.constant,)) as result:
  File "C:\ProgramData\Anaconda3\envs\keras\lib\contextlib.py", line 81, in __enter__
    return next(self.gen)
  File "C:\ProgramData\Anaconda3\envs\keras\lib\site-packages\tensorflow_core\python\autograph\core\converter_testing.py", line 103, in converted
    node = m.transform(node, ctx)
  File "C:\ProgramData\Anaconda3\envs\keras\lib\site-packages\tensorflow_core\python\autograph\converters\control_flow.py", line 577, in transform
    node = ControlFlowTransformer(ctx).visit(node)
  File "C:\ProgramData\Anaconda3\envs\keras\lib\site-packages\tensorflow_core\python\autograph\core\converter.py", line 346, in visit
    return super(Base, self).visit(node)
  File "C:\ProgramData\Anaconda3\envs\keras\lib\site-packages\tensorflow_core\python\autograph\pyct\transformer.py", line 480, in visit
    result = super(Base, self).visit(node)
  File "C:\ProgramData\Anaconda3\envs\keras\lib\ast.py", line 253, in visit
    return visitor(node)
  File "C:\ProgramData\Anaconda3\envs\keras\lib\ast.py", line 308, in generic_visit
    value = self.visit(value)
  File "C:\ProgramData\Anaconda3\envs\keras\lib\site-packages\tensorflow_core\python\autograph\core\converter.py", line 346, in visit
    return super(Base, self).visit(node)
  File "C:\ProgramData\Anaconda3\envs\keras\lib\site-packages\tensorflow_core\python\autograph\pyct\transformer.py", line 480, in visit
    result = super(Base, self).visit(node)
  File "C:\ProgramData\Anaconda3\envs\keras\lib\ast.py", line 253, in visit
    return visitor(node)
  File "C:\ProgramData\Anaconda3\envs\keras\lib\site-packages\tensorflow_core\python\autograph\converters\control_flow.py", line 218, in visit_If
    aliased_body_orig_names = tuple(need_alias_in_body)
TypeError: 'NoneType' object is not iterable

======================================================================
ERROR: test_if_single_output (__main__.ControlFlowTest)
ControlFlowTest.test_if_single_output
----------------------------------------------------------------------
Traceback (most recent call last):
  File "C:\ProgramData\Anaconda3\envs\keras\lib\site-packages\tensorflow_core\python\framework\test_util.py", line 1216, in decorated
    return f(self, *args, **kwargs)
  File "control_flow_test.py", line 558, in test_if_single_output
    self.assertTransformedResult(test_fn, constant_op.constant(1), -1)
  File "control_flow_test.py", line 58, in assertTransformedResult
    (constant_op.constant,)) as result:
  File "C:\ProgramData\Anaconda3\envs\keras\lib\contextlib.py", line 81, in __enter__
    return next(self.gen)
  File "C:\ProgramData\Anaconda3\envs\keras\lib\site-packages\tensorflow_core\python\autograph\core\converter_testing.py", line 103, in converted
    node = m.transform(node, ctx)
  File "C:\ProgramData\Anaconda3\envs\keras\lib\site-packages\tensorflow_core\python\autograph\converters\control_flow.py", line 577, in transform
    node = ControlFlowTransformer(ctx).visit(node)
  File "C:\ProgramData\Anaconda3\envs\keras\lib\site-packages\tensorflow_core\python\autograph\core\converter.py", line 346, in visit
    return super(Base, self).visit(node)
  File "C:\ProgramData\Anaconda3\envs\keras\lib\site-packages\tensorflow_core\python\autograph\pyct\transformer.py", line 480, in visit
    result = super(Base, self).visit(node)
  File "C:\ProgramData\Anaconda3\envs\keras\lib\ast.py", line 253, in visit
    return visitor(node)
  File "C:\ProgramData\Anaconda3\envs\keras\lib\ast.py", line 308, in generic_visit
    value = self.visit(value)
  File "C:\ProgramData\Anaconda3\envs\keras\lib\site-packages\tensorflow_core\python\autograph\core\converter.py", line 346, in visit
    return super(Base, self).visit(node)
  File "C:\ProgramData\Anaconda3\envs\keras\lib\site-packages\tensorflow_core\python\autograph\pyct\transformer.py", line 480, in visit
    result = super(Base, self).visit(node)
  File "C:\ProgramData\Anaconda3\envs\keras\lib\ast.py", line 253, in visit
    return visitor(node)
  File "C:\ProgramData\Anaconda3\envs\keras\lib\site-packages\tensorflow_core\python\autograph\converters\control_flow.py", line 218, in visit_If
    aliased_body_orig_names = tuple(need_alias_in_body)
TypeError: 'NoneType' object is not iterable

======================================================================
ERROR: test_if_sparse_tensor (__main__.ControlFlowTest)
ControlFlowTest.test_if_sparse_tensor
----------------------------------------------------------------------
Traceback (most recent call last):
  File "control_flow_test.py", line 488, in test_if_sparse_tensor
    self.assertTransformedResult(test_fn, (st, constant_op.constant(1)), -1)
  File "control_flow_test.py", line 58, in assertTransformedResult
    (constant_op.constant,)) as result:
  File "C:\ProgramData\Anaconda3\envs\keras\lib\contextlib.py", line 81, in __enter__
    return next(self.gen)
  File "C:\ProgramData\Anaconda3\envs\keras\lib\site-packages\tensorflow_core\python\autograph\core\converter_testing.py", line 103, in converted
    node = m.transform(node, ctx)
  File "C:\ProgramData\Anaconda3\envs\keras\lib\site-packages\tensorflow_core\python\autograph\converters\control_flow.py", line 577, in transform
    node = ControlFlowTransformer(ctx).visit(node)
  File "C:\ProgramData\Anaconda3\envs\keras\lib\site-packages\tensorflow_core\python\autograph\core\converter.py", line 346, in visit
    return super(Base, self).visit(node)
  File "C:\ProgramData\Anaconda3\envs\keras\lib\site-packages\tensorflow_core\python\autograph\pyct\transformer.py", line 480, in visit
    result = super(Base, self).visit(node)
  File "C:\ProgramData\Anaconda3\envs\keras\lib\ast.py", line 253, in visit
    return visitor(node)
  File "C:\ProgramData\Anaconda3\envs\keras\lib\ast.py", line 308, in generic_visit
    value = self.visit(value)
  File "C:\ProgramData\Anaconda3\envs\keras\lib\site-packages\tensorflow_core\python\autograph\core\converter.py", line 346, in visit
    return super(Base, self).visit(node)
  File "C:\ProgramData\Anaconda3\envs\keras\lib\site-packages\tensorflow_core\python\autograph\pyct\transformer.py", line 480, in visit
    result = super(Base, self).visit(node)
  File "C:\ProgramData\Anaconda3\envs\keras\lib\ast.py", line 253, in visit
    return visitor(node)
  File "C:\ProgramData\Anaconda3\envs\keras\lib\site-packages\tensorflow_core\python\autograph\converters\control_flow.py", line 218, in visit_If
    aliased_body_orig_names = tuple(need_alias_in_body)
TypeError: 'NoneType' object is not iterable

======================================================================
ERROR: test_if_unbalanced_composite (__main__.ControlFlowTest)
ControlFlowTest.test_if_unbalanced_composite
----------------------------------------------------------------------
Traceback (most recent call last):
  File "C:\ProgramData\Anaconda3\envs\keras\lib\site-packages\tensorflow_core\python\framework\test_util.py", line 1216, in decorated
    return f(self, *args, **kwargs)
  File "control_flow_test.py", line 718, in test_if_unbalanced_composite
    (7, 13))
  File "control_flow_test.py", line 58, in assertTransformedResult
    (constant_op.constant,)) as result:
  File "C:\ProgramData\Anaconda3\envs\keras\lib\contextlib.py", line 81, in __enter__
    return next(self.gen)
  File "C:\ProgramData\Anaconda3\envs\keras\lib\site-packages\tensorflow_core\python\autograph\core\converter_testing.py", line 103, in converted
    node = m.transform(node, ctx)
  File "C:\ProgramData\Anaconda3\envs\keras\lib\site-packages\tensorflow_core\python\autograph\converters\control_flow.py", line 577, in transform
    node = ControlFlowTransformer(ctx).visit(node)
  File "C:\ProgramData\Anaconda3\envs\keras\lib\site-packages\tensorflow_core\python\autograph\core\converter.py", line 346, in visit
    return super(Base, self).visit(node)
  File "C:\ProgramData\Anaconda3\envs\keras\lib\site-packages\tensorflow_core\python\autograph\pyct\transformer.py", line 480, in visit
    result = super(Base, self).visit(node)
  File "C:\ProgramData\Anaconda3\envs\keras\lib\ast.py", line 253, in visit
    return visitor(node)
  File "C:\ProgramData\Anaconda3\envs\keras\lib\ast.py", line 308, in generic_visit
    value = self.visit(value)
  File "C:\ProgramData\Anaconda3\envs\keras\lib\site-packages\tensorflow_core\python\autograph\core\converter.py", line 346, in visit
    return super(Base, self).visit(node)
  File "C:\ProgramData\Anaconda3\envs\keras\lib\site-packages\tensorflow_core\python\autograph\pyct\transformer.py", line 480, in visit
    result = super(Base, self).visit(node)
  File "C:\ProgramData\Anaconda3\envs\keras\lib\ast.py", line 253, in visit
    return visitor(node)
  File "C:\ProgramData\Anaconda3\envs\keras\lib\site-packages\tensorflow_core\python\autograph\converters\control_flow.py", line 218, in visit_If
    aliased_body_orig_names = tuple(need_alias_in_body)
TypeError: 'NoneType' object is not iterable

======================================================================
ERROR: test_if_unbalanced_multiple_composites (__main__.ControlFlowTest)
ControlFlowTest.test_if_unbalanced_multiple_composites
----------------------------------------------------------------------
Traceback (most recent call last):
  File "C:\ProgramData\Anaconda3\envs\keras\lib\site-packages\tensorflow_core\python\framework\test_util.py", line 1216, in decorated
    return f(self, *args, **kwargs)
  File "control_flow_test.py", line 674, in test_if_unbalanced_multiple_composites
    (7, 11, 13))
  File "control_flow_test.py", line 58, in assertTransformedResult
    (constant_op.constant,)) as result:
  File "C:\ProgramData\Anaconda3\envs\keras\lib\contextlib.py", line 81, in __enter__
    return next(self.gen)
  File "C:\ProgramData\Anaconda3\envs\keras\lib\site-packages\tensorflow_core\python\autograph\core\converter_testing.py", line 103, in converted
    node = m.transform(node, ctx)
  File "C:\ProgramData\Anaconda3\envs\keras\lib\site-packages\tensorflow_core\python\autograph\converters\control_flow.py", line 577, in transform
    node = ControlFlowTransformer(ctx).visit(node)
  File "C:\ProgramData\Anaconda3\envs\keras\lib\site-packages\tensorflow_core\python\autograph\core\converter.py", line 346, in visit
    return super(Base, self).visit(node)
  File "C:\ProgramData\Anaconda3\envs\keras\lib\site-packages\tensorflow_core\python\autograph\pyct\transformer.py", line 480, in visit
    result = super(Base, self).visit(node)
  File "C:\ProgramData\Anaconda3\envs\keras\lib\ast.py", line 253, in visit
    return visitor(node)
  File "C:\ProgramData\Anaconda3\envs\keras\lib\ast.py", line 308, in generic_visit
    value = self.visit(value)
  File "C:\ProgramData\Anaconda3\envs\keras\lib\site-packages\tensorflow_core\python\autograph\core\converter.py", line 346, in visit
    return super(Base, self).visit(node)
  File "C:\ProgramData\Anaconda3\envs\keras\lib\site-packages\tensorflow_core\python\autograph\pyct\transformer.py", line 480, in visit
    result = super(Base, self).visit(node)
  File "C:\ProgramData\Anaconda3\envs\keras\lib\ast.py", line 253, in visit
    return visitor(node)
  File "C:\ProgramData\Anaconda3\envs\keras\lib\site-packages\tensorflow_core\python\autograph\converters\control_flow.py", line 218, in visit_If
    aliased_body_orig_names = tuple(need_alias_in_body)
TypeError: 'NoneType' object is not iterable

======================================================================
ERROR: test_while_composite_state_initialized_in_loop (__main__.ControlFlowTest)
ControlFlowTest.test_while_composite_state_initialized_in_loop
----------------------------------------------------------------------
Traceback (most recent call last):
  File "control_flow_test.py", line 218, in test_while_composite_state_initialized_in_loop
    symbols={'TestClass': TestClass})
  File "control_flow_test.py", line 58, in assertTransformedResult
    (constant_op.constant,)) as result:
  File "C:\ProgramData\Anaconda3\envs\keras\lib\contextlib.py", line 81, in __enter__
    return next(self.gen)
  File "C:\ProgramData\Anaconda3\envs\keras\lib\site-packages\tensorflow_core\python\autograph\core\converter_testing.py", line 103, in converted
    node = m.transform(node, ctx)
  File "C:\ProgramData\Anaconda3\envs\keras\lib\site-packages\tensorflow_core\python\autograph\converters\control_flow.py", line 577, in transform
    node = ControlFlowTransformer(ctx).visit(node)
  File "C:\ProgramData\Anaconda3\envs\keras\lib\site-packages\tensorflow_core\python\autograph\core\converter.py", line 346, in visit
    return super(Base, self).visit(node)
  File "C:\ProgramData\Anaconda3\envs\keras\lib\site-packages\tensorflow_core\python\autograph\pyct\transformer.py", line 480, in visit
    result = super(Base, self).visit(node)
  File "C:\ProgramData\Anaconda3\envs\keras\lib\ast.py", line 253, in visit
    return visitor(node)
  File "C:\ProgramData\Anaconda3\envs\keras\lib\ast.py", line 308, in generic_visit
    value = self.visit(value)
  File "C:\ProgramData\Anaconda3\envs\keras\lib\site-packages\tensorflow_core\python\autograph\core\converter.py", line 346, in visit
    return super(Base, self).visit(node)
  File "C:\ProgramData\Anaconda3\envs\keras\lib\site-packages\tensorflow_core\python\autograph\pyct\transformer.py", line 480, in visit
    result = super(Base, self).visit(node)
  File "C:\ProgramData\Anaconda3\envs\keras\lib\ast.py", line 253, in visit
    return visitor(node)
  File "C:\ProgramData\Anaconda3\envs\keras\lib\site-packages\tensorflow_core\python\autograph\converters\control_flow.py", line 366, in visit_While
    node = self.generic_visit(node)
  File "C:\ProgramData\Anaconda3\envs\keras\lib\ast.py", line 308, in generic_visit
    value = self.visit(value)
  File "C:\ProgramData\Anaconda3\envs\keras\lib\site-packages\tensorflow_core\python\autograph\core\converter.py", line 346, in visit
    return super(Base, self).visit(node)
  File "C:\ProgramData\Anaconda3\envs\keras\lib\site-packages\tensorflow_core\python\autograph\pyct\transformer.py", line 480, in visit
    result = super(Base, self).visit(node)
  File "C:\ProgramData\Anaconda3\envs\keras\lib\ast.py", line 253, in visit
    return visitor(node)
  File "C:\ProgramData\Anaconda3\envs\keras\lib\site-packages\tensorflow_core\python\autograph\converters\control_flow.py", line 218, in visit_If
    aliased_body_orig_names = tuple(need_alias_in_body)
TypeError: 'NoneType' object is not iterable

======================================================================
ERROR: test_while_nested_composite_state (__main__.ControlFlowTest)
ControlFlowTest.test_while_nested_composite_state
----------------------------------------------------------------------
Traceback (most recent call last):
  File "control_flow_test.py", line 266, in test_while_nested_composite_state
    test_fn, constant_op.constant(5), 0, symbols={'TestClass': TestClass})
  File "control_flow_test.py", line 58, in assertTransformedResult
    (constant_op.constant,)) as result:
  File "C:\ProgramData\Anaconda3\envs\keras\lib\contextlib.py", line 81, in __enter__
    return next(self.gen)
  File "C:\ProgramData\Anaconda3\envs\keras\lib\site-packages\tensorflow_core\python\autograph\core\converter_testing.py", line 103, in converted
    node = m.transform(node, ctx)
  File "C:\ProgramData\Anaconda3\envs\keras\lib\site-packages\tensorflow_core\python\autograph\converters\control_flow.py", line 577, in transform
    node = ControlFlowTransformer(ctx).visit(node)
  File "C:\ProgramData\Anaconda3\envs\keras\lib\site-packages\tensorflow_core\python\autograph\core\converter.py", line 346, in visit
    return super(Base, self).visit(node)
  File "C:\ProgramData\Anaconda3\envs\keras\lib\site-packages\tensorflow_core\python\autograph\pyct\transformer.py", line 480, in visit
    result = super(Base, self).visit(node)
  File "C:\ProgramData\Anaconda3\envs\keras\lib\ast.py", line 253, in visit
    return visitor(node)
  File "C:\ProgramData\Anaconda3\envs\keras\lib\ast.py", line 308, in generic_visit
    value = self.visit(value)
  File "C:\ProgramData\Anaconda3\envs\keras\lib\site-packages\tensorflow_core\python\autograph\core\converter.py", line 346, in visit
    return super(Base, self).visit(node)
  File "C:\ProgramData\Anaconda3\envs\keras\lib\site-packages\tensorflow_core\python\autograph\pyct\transformer.py", line 480, in visit
    result = super(Base, self).visit(node)
  File "C:\ProgramData\Anaconda3\envs\keras\lib\ast.py", line 253, in visit
    return visitor(node)
  File "C:\ProgramData\Anaconda3\envs\keras\lib\site-packages\tensorflow_core\python\autograph\converters\control_flow.py", line 366, in visit_While
    node = self.generic_visit(node)
  File "C:\ProgramData\Anaconda3\envs\keras\lib\ast.py", line 308, in generic_visit
    value = self.visit(value)
  File "C:\ProgramData\Anaconda3\envs\keras\lib\site-packages\tensorflow_core\python\autograph\core\converter.py", line 346, in visit
    return super(Base, self).visit(node)
  File "C:\ProgramData\Anaconda3\envs\keras\lib\site-packages\tensorflow_core\python\autograph\pyct\transformer.py", line 480, in visit
    result = super(Base, self).visit(node)
  File "C:\ProgramData\Anaconda3\envs\keras\lib\ast.py", line 253, in visit
    return visitor(node)
  File "C:\ProgramData\Anaconda3\envs\keras\lib\site-packages\tensorflow_core\python\autograph\converters\control_flow.py", line 218, in visit_If
    aliased_body_orig_names = tuple(need_alias_in_body)
TypeError: 'NoneType' object is not iterable

----------------------------------------------------------------------
Ran 26 tests in 3.671s

FAILED (errors=12, skipped=1)
