2020-10-03 16:31:15.275216: I tensorflow/stream_executor/platform/default/dso_loader.cc:44] Successfully opened dynamic library cudart64_100.dll
============================= test session starts =============================
platform win32 -- Python 3.6.12, pytest-6.0.2, py-1.9.0, pluggy-0.13.1
rootdir: C:\Users\mutation\Desktop\testcase\tests\keras
plugins: flaky-3.7.0
collected 36 items

initializers_test.py ................................F...                [100%]

================================== FAILURES ===================================
_________________________ test_statefulness[uniform] __________________________

initializer = <class 'keras.initializers.RandomUniform'>

    @pytest.mark.parametrize('initializer',
                             [initializers.orthogonal,
                              initializers.uniform,
                              initializers.normal,
                              initializers.truncated_normal,
                              initializers.VarianceScaling],
                             ids=['orthogonal',
                                  'uniform',
                                  'normal',
                                  'truncated_normal',
                                  'variance_scaling'])
    def test_statefulness(initializer):
        # Test that calling a same seeded random initializer
        # in succession results in different values.
        init = initializer(seed=1337)
        samples = [init((2, 2)) for _ in range(2)]
        samples = [K.get_value(K.variable(x)) for x in samples]
>       assert np.mean(np.abs(samples[0] - samples[1])) > 0.
E       AssertionError: assert 0.0 > 0.0
E        +  where 0.0 = <function mean at 0x000001EDFFC2B620>(array([[0., 0.],\n       [0., 0.]], dtype=float32))
E        +    where <function mean at 0x000001EDFFC2B620> = np.mean
E        +    and   array([[0., 0.],\n       [0., 0.]], dtype=float32) = <ufunc 'absolute'>((array([[0.05, 0.05],\n       [0.05, 0.05]], dtype=float32) - array([[0.05, 0.05],\n       [0.05, 0.05]], dtype=float32)))
E        +      where <ufunc 'absolute'> = np.abs

initializers_test.py:162: AssertionError
---------------------------- Captured stderr call -----------------------------
2020-10-03 16:31:22.501764: I tensorflow/core/common_runtime/gpu/gpu_device.cc:1618] Found device 0 with properties: 
name: GeForce RTX 2080 Ti major: 7 minor: 5 memoryClockRate(GHz): 1.65
pciBusID: 0000:73:00.0
2020-10-03 16:31:22.502824: I tensorflow/stream_executor/platform/default/dso_loader.cc:44] Successfully opened dynamic library cudart64_100.dll
2020-10-03 16:31:22.503478: I tensorflow/stream_executor/platform/default/dso_loader.cc:44] Successfully opened dynamic library cublas64_100.dll
2020-10-03 16:31:22.504114: I tensorflow/stream_executor/platform/default/dso_loader.cc:44] Successfully opened dynamic library cufft64_100.dll
2020-10-03 16:31:22.504745: I tensorflow/stream_executor/platform/default/dso_loader.cc:44] Successfully opened dynamic library curand64_100.dll
2020-10-03 16:31:22.505386: I tensorflow/stream_executor/platform/default/dso_loader.cc:44] Successfully opened dynamic library cusolver64_100.dll
2020-10-03 16:31:22.506035: I tensorflow/stream_executor/platform/default/dso_loader.cc:44] Successfully opened dynamic library cusparse64_100.dll
2020-10-03 16:31:22.506691: I tensorflow/stream_executor/platform/default/dso_loader.cc:44] Successfully opened dynamic library cudnn64_7.dll
2020-10-03 16:31:22.507293: I tensorflow/core/common_runtime/gpu/gpu_device.cc:1746] Adding visible gpu devices: 0
2020-10-03 16:31:22.507616: I tensorflow/core/common_runtime/gpu/gpu_device.cc:1159] Device interconnect StreamExecutor with strength 1 edge matrix:
2020-10-03 16:31:22.507979: I tensorflow/core/common_runtime/gpu/gpu_device.cc:1165]      0 
2020-10-03 16:31:22.508205: I tensorflow/core/common_runtime/gpu/gpu_device.cc:1178] 0:   N 
2020-10-03 16:31:22.508724: I tensorflow/core/common_runtime/gpu/gpu_device.cc:1304] Created TensorFlow device (/job:localhost/replica:0/task:0/device:GPU:0 with 8686 MB memory) -> physical GPU (device: 0, name: GeForce RTX 2080 Ti, pci bus id: 0000:73:00.0, compute capability: 7.5)
=========================== short test summary info ===========================
FAILED initializers_test.py::test_statefulness[uniform] - AssertionError: ass...
======================== 1 failed, 35 passed in 4.96s =========================
