2020-10-03 16:27:42.876502: I tensorflow/stream_executor/platform/default/dso_loader.cc:44] Successfully opened dynamic library cudart64_100.dll
============================= test session starts =============================
platform win32 -- Python 3.6.12, pytest-6.0.2, py-1.9.0, pluggy-0.13.1
rootdir: C:\Users\mutation\Desktop\testcase\tests\keras
plugins: flaky-3.7.0
collected 36 items

initializers_test.py ..................................F.                [100%]

================================== FAILURES ===================================
_____________________ test_statefulness[truncated_normal] _____________________

initializer = None

    @pytest.mark.parametrize('initializer',
                             [initializers.orthogonal,
                              initializers.uniform,
                              initializers.normal,
                              initializers.truncated_normal,
                              initializers.VarianceScaling],
                             ids=['orthogonal',
                                  'uniform',
                                  'normal',
                                  'truncated_normal',
                                  'variance_scaling'])
    def test_statefulness(initializer):
        # Test that calling a same seeded random initializer
        # in succession results in different values.
>       init = initializer(seed=1337)
E       TypeError: 'NoneType' object is not callable

initializers_test.py:159: TypeError
=========================== short test summary info ===========================
FAILED initializers_test.py::test_statefulness[truncated_normal] - TypeError:...
======================== 1 failed, 35 passed in 4.42s =========================
