2020-10-03 18:52:25.423754: I tensorflow/stream_executor/platform/default/dso_loader.cc:44] Successfully opened dynamic library cudart64_100.dll
============================= test session starts =============================
platform win32 -- Python 3.6.12, pytest-6.0.2, py-1.9.0, pluggy-0.13.1
rootdir: C:\Users\mutation\Desktop\testcase\tests\keras\engine
plugins: flaky-3.7.0
collected 34 items

test_training.py ...FF.FsFF...FFFFFFFFF...FF.F.FFFF                      [100%]

================================== FAILURES ===================================
_____________________________ test_model_methods ______________________________

    @flaky(rerun_filter=lambda err, *args: issubclass(err[0], AssertionError))
    def test_model_methods():
        model = get_model(num_outputs=2)
    
        optimizer = 'rmsprop'
        loss = 'mse'
        loss_weights = [1., 0.5]
    
        input_a_np = np.random.random((10, 3))
        input_b_np = np.random.random((10, 3))
    
        output_a_np = np.random.random((10, 4))
        output_b_np = np.random.random((10, 3))
    
        # training/testing doesn't work before compiling.
        with pytest.raises(RuntimeError):
            model.train_on_batch([input_a_np, input_b_np],
                                 [output_a_np, output_b_np])
    
        model.compile(optimizer, loss, metrics=[], loss_weights=loss_weights,
                      sample_weight_mode=None)
    
        # test train_on_batch
        out = model.train_on_batch([input_a_np, input_b_np],
>                                  [output_a_np, output_b_np])

test_training.py:187: 
_ _ _ _ _ _ _ _ _ _ _ _ _ _ _ _ _ _ _ _ _ _ _ _ _ _ _ _ _ _ _ _ _ _ _ _ _ _ _ _
C:\ProgramData\Anaconda3\envs\keras\lib\site-packages\keras\engine\training.py:1513: in train_on_batch
    self._make_train_function()
_ _ _ _ _ _ _ _ _ _ _ _ _ _ _ _ _ _ _ _ _ _ _ _ _ _ _ _ _ _ _ _ _ _ _ _ _ _ _ _

self = <keras.engine.training.Model object at 0x00000165D999C320>

    def _make_train_function(self):
        if hasattr(self, 'train_function'):
>           raise RuntimeError('You must compile your model before using it.')
E           RuntimeError: You must compile your model before using it.

C:\ProgramData\Anaconda3\envs\keras\lib\site-packages\keras\engine\training.py:303: RuntimeError
---------------------------- Captured stderr call -----------------------------
Using TensorFlow backend.
WARNING:tensorflow:From C:\ProgramData\Anaconda3\envs\keras\lib\site-packages\tensorflow_core\python\ops\resource_variable_ops.py:1630: calling BaseResourceVariable.__init__ (from tensorflow.python.ops.resource_variable_ops) with constraint is deprecated and will be removed in a future version.
Instructions for updating:
If using Keras pass *_constraint arguments to layers.
------------------------------ Captured log call ------------------------------
WARNING  tensorflow:deprecation.py:506 From C:\ProgramData\Anaconda3\envs\keras\lib\site-packages\tensorflow_core\python\ops\resource_variable_ops.py:1630: calling BaseResourceVariable.__init__ (from tensorflow.python.ops.resource_variable_ops) with constraint is deprecated and will be removed in a future version.
Instructions for updating:
If using Keras pass *_constraint arguments to layers.
_____________________________ test_fit_generator ______________________________

    @flaky(rerun_filter=lambda err, *args: issubclass(err[0], AssertionError))
    def test_fit_generator():
        model = get_model(num_outputs=2)
        optimizer = 'rmsprop'
        loss = 'mse'
        loss_weights = [1., 0.5]
    
        model.compile(optimizer, loss, metrics=[], loss_weights=loss_weights,
                      sample_weight_mode=None)
        tracker_cb = TrackerCallback()
        val_seq = RandomSequence(4)
        out = model.fit_generator(generator=RandomSequence(3),
                                  steps_per_epoch=3,
                                  epochs=5,
                                  initial_epoch=0,
                                  validation_data=val_seq,
                                  validation_steps=3,
                                  max_queue_size=1,
>                                 callbacks=[tracker_cb])

test_training.py:490: 
_ _ _ _ _ _ _ _ _ _ _ _ _ _ _ _ _ _ _ _ _ _ _ _ _ _ _ _ _ _ _ _ _ _ _ _ _ _ _ _
C:\ProgramData\Anaconda3\envs\keras\lib\site-packages\keras\legacy\interfaces.py:91: in wrapper
    return func(*args, **kwargs)
C:\ProgramData\Anaconda3\envs\keras\lib\site-packages\keras\engine\training.py:1732: in fit_generator
    initial_epoch=initial_epoch)
C:\ProgramData\Anaconda3\envs\keras\lib\site-packages\keras\engine\training_generator.py:42: in fit_generator
    model._make_train_function()
_ _ _ _ _ _ _ _ _ _ _ _ _ _ _ _ _ _ _ _ _ _ _ _ _ _ _ _ _ _ _ _ _ _ _ _ _ _ _ _

self = <keras.engine.training.Model object at 0x00000165DB57AA20>

    def _make_train_function(self):
        if hasattr(self, 'train_function'):
>           raise RuntimeError('You must compile your model before using it.')
E           RuntimeError: You must compile your model before using it.

C:\ProgramData\Anaconda3\envs\keras\lib\site-packages\keras\engine\training.py:303: RuntimeError
______________________ test_training_with_loss_instance _______________________

    def test_training_with_loss_instance():
        a = Input(shape=(3,), name='input_a')
        b = Input(shape=(3,), name='input_b')
    
        dense = Dense(4, name='dense')
        c = dense(a)
        d = dense(b)
        e = Dropout(0.5, name='dropout')(c)
    
        model = Model([a, b], [d, e])
        loss_weights = [1., 0.5]
        model.compile(
            'sgd',
            loss=losses.MeanSquaredError(),
            metrics=['mae'],
            loss_weights=loss_weights)
    
        input_a_np = np.random.random((10, 3))
        input_b_np = np.random.random((10, 3))
    
        output_d_np = np.random.random((10, 4))
        output_e_np = np.random.random((10, 4))
    
        model.fit([input_a_np, input_b_np], [output_d_np, output_e_np],
                  epochs=1,
>                 batch_size=5)

test_training.py:697: 
_ _ _ _ _ _ _ _ _ _ _ _ _ _ _ _ _ _ _ _ _ _ _ _ _ _ _ _ _ _ _ _ _ _ _ _ _ _ _ _
C:\ProgramData\Anaconda3\envs\keras\lib\site-packages\keras\engine\training.py:1213: in fit
    self._make_train_function()
_ _ _ _ _ _ _ _ _ _ _ _ _ _ _ _ _ _ _ _ _ _ _ _ _ _ _ _ _ _ _ _ _ _ _ _ _ _ _ _

self = <keras.engine.training.Model object at 0x00000165D9A36668>

    def _make_train_function(self):
        if hasattr(self, 'train_function'):
>           raise RuntimeError('You must compile your model before using it.')
E           RuntimeError: You must compile your model before using it.

C:\ProgramData\Anaconda3\envs\keras\lib\site-packages\keras\engine\training.py:303: RuntimeError
___________________________ test_trainable_argument ___________________________

    def test_trainable_argument():
        x = np.random.random((5, 3))
        y = np.random.random((5, 2))
    
        model = Sequential()
        model.add(Dense(2, input_dim=3, trainable=False))
        model.compile('rmsprop', 'mse')
        out = model.predict(x)
>       model.train_on_batch(x, y)

test_training.py:787: 
_ _ _ _ _ _ _ _ _ _ _ _ _ _ _ _ _ _ _ _ _ _ _ _ _ _ _ _ _ _ _ _ _ _ _ _ _ _ _ _
C:\ProgramData\Anaconda3\envs\keras\lib\site-packages\keras\engine\training.py:1513: in train_on_batch
    self._make_train_function()
_ _ _ _ _ _ _ _ _ _ _ _ _ _ _ _ _ _ _ _ _ _ _ _ _ _ _ _ _ _ _ _ _ _ _ _ _ _ _ _

self = <keras.engine.sequential.Sequential object at 0x00000165DB991748>

    def _make_train_function(self):
        if hasattr(self, 'train_function'):
>           raise RuntimeError('You must compile your model before using it.')
E           RuntimeError: You must compile your model before using it.

C:\ProgramData\Anaconda3\envs\keras\lib\site-packages\keras\engine\training.py:303: RuntimeError
---------------------------- Captured stderr call -----------------------------
2020-10-03 18:52:32.208892: I tensorflow/core/common_runtime/gpu/gpu_device.cc:1618] Found device 0 with properties: 
name: GeForce RTX 2080 Ti major: 7 minor: 5 memoryClockRate(GHz): 1.65
pciBusID: 0000:73:00.0
2020-10-03 18:52:32.209514: I tensorflow/stream_executor/platform/default/dso_loader.cc:44] Successfully opened dynamic library cudart64_100.dll
2020-10-03 18:52:32.209884: I tensorflow/stream_executor/platform/default/dso_loader.cc:44] Successfully opened dynamic library cublas64_100.dll
2020-10-03 18:52:32.210250: I tensorflow/stream_executor/platform/default/dso_loader.cc:44] Successfully opened dynamic library cufft64_100.dll
2020-10-03 18:52:32.210615: I tensorflow/stream_executor/platform/default/dso_loader.cc:44] Successfully opened dynamic library curand64_100.dll
2020-10-03 18:52:32.210955: I tensorflow/stream_executor/platform/default/dso_loader.cc:44] Successfully opened dynamic library cusolver64_100.dll
2020-10-03 18:52:32.211299: I tensorflow/stream_executor/platform/default/dso_loader.cc:44] Successfully opened dynamic library cusparse64_100.dll
2020-10-03 18:52:32.211649: I tensorflow/stream_executor/platform/default/dso_loader.cc:44] Successfully opened dynamic library cudnn64_7.dll
2020-10-03 18:52:32.212249: I tensorflow/core/common_runtime/gpu/gpu_device.cc:1746] Adding visible gpu devices: 0
2020-10-03 18:52:32.212571: I tensorflow/core/common_runtime/gpu/gpu_device.cc:1159] Device interconnect StreamExecutor with strength 1 edge matrix:
2020-10-03 18:52:32.212924: I tensorflow/core/common_runtime/gpu/gpu_device.cc:1165]      0 
2020-10-03 18:52:32.213146: I tensorflow/core/common_runtime/gpu/gpu_device.cc:1178] 0:   N 
2020-10-03 18:52:32.213663: I tensorflow/core/common_runtime/gpu/gpu_device.cc:1304] Created TensorFlow device (/job:localhost/replica:0/task:0/device:GPU:0 with 8686 MB memory) -> physical GPU (device: 0, name: GeForce RTX 2080 Ti, pci bus id: 0000:73:00.0, compute capability: 7.5)
__________________________ test_with_list_as_targets __________________________

    def test_with_list_as_targets():
        model = Sequential()
        model.add(Dense(1, input_dim=3, trainable=False))
        model.compile('rmsprop', 'mse')
    
        x = np.random.random((2, 3))
        y = [0, 1]
>       model.train_on_batch(x, y)

test_training.py:809: 
_ _ _ _ _ _ _ _ _ _ _ _ _ _ _ _ _ _ _ _ _ _ _ _ _ _ _ _ _ _ _ _ _ _ _ _ _ _ _ _
C:\ProgramData\Anaconda3\envs\keras\lib\site-packages\keras\engine\training.py:1513: in train_on_batch
    self._make_train_function()
_ _ _ _ _ _ _ _ _ _ _ _ _ _ _ _ _ _ _ _ _ _ _ _ _ _ _ _ _ _ _ _ _ _ _ _ _ _ _ _

self = <keras.engine.sequential.Sequential object at 0x00000165DB7C3358>

    def _make_train_function(self):
        if hasattr(self, 'train_function'):
>           raise RuntimeError('You must compile your model before using it.')
E           RuntimeError: You must compile your model before using it.

C:\ProgramData\Anaconda3\envs\keras\lib\site-packages\keras\engine\training.py:303: RuntimeError
______________________ test_model_with_input_feed_tensor ______________________

    @pytest.mark.skipif(K.backend() != 'tensorflow',
                        reason='Requires TensorFlow backend')
    def test_model_with_input_feed_tensor():
        """We test building a model with a TF variable as input.
        We should be able to call fit, evaluate, predict,
        by only passing them data for the placeholder inputs
        in the model.
        """
        import tensorflow as tf
    
        input_a_np = np.random.random((10, 3))
        input_b_np = np.random.random((10, 3))
    
        output_a_np = np.random.random((10, 4))
        output_b_np = np.random.random((10, 3))
    
        a = Input(tensor=tf.Variable(input_a_np, dtype=tf.float32))
        b = Input(shape=(3,), name='input_b')
    
        a_2 = Dense(4, name='dense_1')(a)
        dp = Dropout(0.5, name='dropout')
        b_2 = dp(b)
    
        model = Model([a, b], [a_2, b_2])
        model.summary()
    
        optimizer = 'rmsprop'
        loss = 'mse'
        loss_weights = [1., 0.5]
        model.compile(optimizer, loss, metrics=['mean_squared_error'],
                      loss_weights=loss_weights,
                      sample_weight_mode=None)
    
        # test train_on_batch
        out = model.train_on_batch(input_b_np,
>                                  [output_a_np, output_b_np])

test_training.py:871: 
_ _ _ _ _ _ _ _ _ _ _ _ _ _ _ _ _ _ _ _ _ _ _ _ _ _ _ _ _ _ _ _ _ _ _ _ _ _ _ _
C:\ProgramData\Anaconda3\envs\keras\lib\site-packages\keras\engine\training.py:1513: in train_on_batch
    self._make_train_function()
_ _ _ _ _ _ _ _ _ _ _ _ _ _ _ _ _ _ _ _ _ _ _ _ _ _ _ _ _ _ _ _ _ _ _ _ _ _ _ _

self = <keras.engine.training.Model object at 0x00000165DB82D4A8>

    def _make_train_function(self):
        if hasattr(self, 'train_function'):
>           raise RuntimeError('You must compile your model before using it.')
E           RuntimeError: You must compile your model before using it.

C:\ProgramData\Anaconda3\envs\keras\lib\site-packages\keras\engine\training.py:303: RuntimeError
---------------------------- Captured stdout call -----------------------------
Model: "model_1"
__________________________________________________________________________________________________
Layer (type)                    Output Shape         Param #     Connected to                     
==================================================================================================
input_1 (InputLayer)            (10, 3)              0                                            
__________________________________________________________________________________________________
input_b (InputLayer)            (None, 3)            0                                            
__________________________________________________________________________________________________
dense_1 (Dense)                 (10, 4)              16          input_1[0][0]                    
__________________________________________________________________________________________________
dropout (Dropout)               (None, 3)            0           input_b[0][0]                    
==================================================================================================
Total params: 16
Trainable params: 16
Non-trainable params: 0
__________________________________________________________________________________________________
________________________ test_model_with_partial_loss _________________________

    def test_model_with_partial_loss():
        a = Input(shape=(3,), name='input_a')
        a_2 = Dense(4, name='dense_1')(a)
        dp = Dropout(0.5, name='dropout')
        a_3 = dp(a_2)
        model = Model(a, [a_2, a_3])
    
        optimizer = 'rmsprop'
        loss = {'dropout': 'mse'}
        model.compile(optimizer, loss, metrics=['mae'])
    
        input_a_np = np.random.random((10, 3))
        output_a_np = np.random.random((10, 4))
    
        # test train_on_batch
>       out = model.train_on_batch(input_a_np, output_a_np)

test_training.py:994: 
_ _ _ _ _ _ _ _ _ _ _ _ _ _ _ _ _ _ _ _ _ _ _ _ _ _ _ _ _ _ _ _ _ _ _ _ _ _ _ _
C:\ProgramData\Anaconda3\envs\keras\lib\site-packages\keras\engine\training.py:1513: in train_on_batch
    self._make_train_function()
_ _ _ _ _ _ _ _ _ _ _ _ _ _ _ _ _ _ _ _ _ _ _ _ _ _ _ _ _ _ _ _ _ _ _ _ _ _ _ _

self = <keras.engine.training.Model object at 0x00000165DB943B70>

    def _make_train_function(self):
        if hasattr(self, 'train_function'):
>           raise RuntimeError('You must compile your model before using it.')
E           RuntimeError: You must compile your model before using it.

C:\ProgramData\Anaconda3\envs\keras\lib\site-packages\keras\engine\training.py:303: RuntimeError
________________________ test_model_with_external_loss ________________________

    @pytest.mark.skipif((K.backend() == 'cntk'),
                        reason='cntk does not support external loss yet')
    def test_model_with_external_loss():
        # None loss, only regularization loss.
        a = Input(shape=(3,), name='input_a')
        a_2 = Dense(4, name='dense_1',
                    kernel_regularizer='l1',
                    bias_regularizer='l2')(a)
        dp = Dropout(0.5, name='dropout')
        a_3 = dp(a_2)
    
        model = Model(a, [a_2, a_3])
    
        optimizer = 'rmsprop'
        loss = None
        model.compile(optimizer, loss, metrics=['mae'])
    
        input_a_np = np.random.random((10, 3))
    
        # test train_on_batch
>       out = model.train_on_batch(input_a_np, None)

test_training.py:1040: 
_ _ _ _ _ _ _ _ _ _ _ _ _ _ _ _ _ _ _ _ _ _ _ _ _ _ _ _ _ _ _ _ _ _ _ _ _ _ _ _
C:\ProgramData\Anaconda3\envs\keras\lib\site-packages\keras\engine\training.py:1513: in train_on_batch
    self._make_train_function()
_ _ _ _ _ _ _ _ _ _ _ _ _ _ _ _ _ _ _ _ _ _ _ _ _ _ _ _ _ _ _ _ _ _ _ _ _ _ _ _

self = <keras.engine.training.Model object at 0x00000165DBA15CF8>

    def _make_train_function(self):
        if hasattr(self, 'train_function'):
>           raise RuntimeError('You must compile your model before using it.')
E           RuntimeError: You must compile your model before using it.

C:\ProgramData\Anaconda3\envs\keras\lib\site-packages\keras\engine\training.py:303: RuntimeError
_____________________________ test_target_tensors _____________________________

    def test_target_tensors():
        # single-output, as list
        model = keras.models.Sequential()
        model.add(keras.layers.Dense(4, input_shape=(4,), name='dense'))
        input_val = np.random.random((10, 4))
        target_val = np.random.random((10, 4))
        target = keras.backend.variable(target_val)
        model.compile(optimizer='rmsprop', loss='mse', target_tensors=[target])
>       model.train_on_batch(input_val, None)

test_training.py:1182: 
_ _ _ _ _ _ _ _ _ _ _ _ _ _ _ _ _ _ _ _ _ _ _ _ _ _ _ _ _ _ _ _ _ _ _ _ _ _ _ _
C:\ProgramData\Anaconda3\envs\keras\lib\site-packages\keras\engine\training.py:1513: in train_on_batch
    self._make_train_function()
_ _ _ _ _ _ _ _ _ _ _ _ _ _ _ _ _ _ _ _ _ _ _ _ _ _ _ _ _ _ _ _ _ _ _ _ _ _ _ _

self = <keras.engine.sequential.Sequential object at 0x00000165DBCD6550>

    def _make_train_function(self):
        if hasattr(self, 'train_function'):
>           raise RuntimeError('You must compile your model before using it.')
E           RuntimeError: You must compile your model before using it.

C:\ProgramData\Anaconda3\envs\keras\lib\site-packages\keras\engine\training.py:303: RuntimeError
______________________ test_model_custom_target_tensors _______________________

    @pytest.mark.skipif(K.backend() == 'tensorflow' and
                        tf.__version__.startswith('2'),
                        reason='Cannot have tensors as dict keys in TF2')
    def test_model_custom_target_tensors():
        a = Input(shape=(3,), name='input_a')
        b = Input(shape=(3,), name='input_b')
    
        a_2 = Dense(4, name='dense_1')(a)
        dp = Dropout(0.5, name='dropout')
        b_2 = dp(b)
    
        y = K.placeholder([10, 4], name='y')
        y1 = K.placeholder([10, 3], name='y1')
        y2 = K.placeholder([7, 5], name='y2')
        model = Model([a, b], [a_2, b_2])
    
        optimizer = 'rmsprop'
        loss = 'mse'
        loss_weights = [1., 0.5]
    
        # test list of target tensors
        with pytest.raises(ValueError):
            model.compile(optimizer, loss, metrics=[], loss_weights=loss_weights,
                          sample_weight_mode=None, target_tensors=[y, y1, y2])
        model.compile(optimizer, loss, metrics=[], loss_weights=loss_weights,
                      sample_weight_mode=None, target_tensors=[y, y1])
        input_a_np = np.random.random((10, 3))
        input_b_np = np.random.random((10, 3))
    
        output_a_np = np.random.random((10, 4))
        output_b_np = np.random.random((10, 3))
    
        out = model.train_on_batch([input_a_np, input_b_np],
                                   [output_a_np, output_b_np],
                                   {y: np.random.random((10, 4)),
>                                   y1: np.random.random((10, 3))})

test_training.py:1286: 
_ _ _ _ _ _ _ _ _ _ _ _ _ _ _ _ _ _ _ _ _ _ _ _ _ _ _ _ _ _ _ _ _ _ _ _ _ _ _ _
C:\ProgramData\Anaconda3\envs\keras\lib\site-packages\keras\engine\training.py:1513: in train_on_batch
    self._make_train_function()
_ _ _ _ _ _ _ _ _ _ _ _ _ _ _ _ _ _ _ _ _ _ _ _ _ _ _ _ _ _ _ _ _ _ _ _ _ _ _ _

self = <keras.engine.training.Model object at 0x00000165DBD4A7F0>

    def _make_train_function(self):
        if hasattr(self, 'train_function'):
>           raise RuntimeError('You must compile your model before using it.')
E           RuntimeError: You must compile your model before using it.

C:\ProgramData\Anaconda3\envs\keras\lib\site-packages\keras\engine\training.py:303: RuntimeError
__________________ test_trainable_weights_count_consistency ___________________

    @pytest.mark.skipif(sys.version_info < (3,),
                        reason='Cannot catch warnings in python 2')
    def test_trainable_weights_count_consistency():
        """Tests the trainable weights consistency check of Model.
    
        This verifies that a warning is shown if model.trainable is modified
        and the model is summarized/run without a new call to .compile()
    
        Reproduce issue #8121
        """
        a = Input(shape=(3,), name='input_a')
        model1 = Model(inputs=a, outputs=Dense(1)(a))
    
        model1.trainable = False
        b = Input(shape=(3,), name='input_b')
        y = model1(b)
        model2 = Model(inputs=b, outputs=Dense(1)(y))
    
        model2.compile(optimizer='adam', loss='mse')
    
        model1.trainable = True
    
        # Should warn on .summary()
        with pytest.warns(UserWarning) as w:
            model2.summary()
        warning_raised = any(['Discrepancy' in str(w_.message) for w_ in w])
        assert warning_raised, (
            'No warning raised when trainable is modified without .compile.')
    
        # And on .fit()
        with pytest.warns(UserWarning) as w:
>           model2.fit(x=np.zeros((5, 3)), y=np.zeros((5, 1)))

test_training.py:1344: 
_ _ _ _ _ _ _ _ _ _ _ _ _ _ _ _ _ _ _ _ _ _ _ _ _ _ _ _ _ _ _ _ _ _ _ _ _ _ _ _
C:\ProgramData\Anaconda3\envs\keras\lib\site-packages\keras\engine\training.py:1213: in fit
    self._make_train_function()
_ _ _ _ _ _ _ _ _ _ _ _ _ _ _ _ _ _ _ _ _ _ _ _ _ _ _ _ _ _ _ _ _ _ _ _ _ _ _ _

self = <keras.engine.training.Model object at 0x00000165DBB8F978>

    def _make_train_function(self):
        if hasattr(self, 'train_function'):
>           raise RuntimeError('You must compile your model before using it.')
E           RuntimeError: You must compile your model before using it.

C:\ProgramData\Anaconda3\envs\keras\lib\site-packages\keras\engine\training.py:303: RuntimeError
---------------------------- Captured stdout call -----------------------------
Model: "model_2"
_________________________________________________________________
Layer (type)                 Output Shape              Param #   
=================================================================
input_b (InputLayer)         (None, 3)                 0         
_________________________________________________________________
model_1 (Model)              (None, 1)                 4         
_________________________________________________________________
dense_2 (Dense)              (None, 1)                 2         
=================================================================
Total params: 2
Trainable params: 2
Non-trainable params: 0
_________________________________________________________________
____________________________ test_pandas_dataframe ____________________________

    def test_pandas_dataframe():
        input_a = Input(shape=(3,), name='input_a')
        input_b = Input(shape=(3,), name='input_b')
    
        x = Dense(4, name='dense_1')(input_a)
        y = Dense(3, name='desne_2')(input_b)
    
        model_1 = Model(inputs=input_a, outputs=x)
        model_2 = Model(inputs=[input_a, input_b], outputs=[x, y])
    
        optimizer = 'rmsprop'
        loss = 'mse'
    
        model_1.compile(optimizer=optimizer, loss=loss)
        model_2.compile(optimizer=optimizer, loss=loss)
    
        input_a_df = pd.DataFrame(np.random.random((10, 3)))
        input_b_df = pd.DataFrame(np.random.random((10, 3)))
    
        output_a_df = pd.DataFrame(np.random.random((10, 4)))
        output_b_df = pd.DataFrame(np.random.random((10, 3)))
    
        model_1.fit(input_a_df,
>                   output_a_df)

test_training.py:1380: 
_ _ _ _ _ _ _ _ _ _ _ _ _ _ _ _ _ _ _ _ _ _ _ _ _ _ _ _ _ _ _ _ _ _ _ _ _ _ _ _
C:\ProgramData\Anaconda3\envs\keras\lib\site-packages\keras\engine\training.py:1213: in fit
    self._make_train_function()
_ _ _ _ _ _ _ _ _ _ _ _ _ _ _ _ _ _ _ _ _ _ _ _ _ _ _ _ _ _ _ _ _ _ _ _ _ _ _ _

self = <keras.engine.training.Model object at 0x00000165DBC852E8>

    def _make_train_function(self):
        if hasattr(self, 'train_function'):
>           raise RuntimeError('You must compile your model before using it.')
E           RuntimeError: You must compile your model before using it.

C:\ProgramData\Anaconda3\envs\keras\lib\site-packages\keras\engine\training.py:303: RuntimeError
________ test_training_and_eval_methods_on_symbolic_tensors_single_io _________

    @pytest.mark.skipif(K.backend() != 'tensorflow', reason='Requires TensorFlow')
    def test_training_and_eval_methods_on_symbolic_tensors_single_io():
        x = keras.layers.Input(shape=(3,), name='input')
        y = keras.layers.Dense(4, name='dense')(x)
        model = keras.Model(x, y)
    
        optimizer = 'rmsprop'
        loss = 'mse'
        metrics = ['mae']
        model.compile(optimizer, loss, metrics=metrics)
    
        inputs = keras.backend.zeros(shape=(10, 3))
        targets = keras.backend.zeros(shape=(10, 4))
    
>       model.fit(inputs, targets, epochs=1, steps_per_epoch=2, verbose=0)

test_training.py:1450: 
_ _ _ _ _ _ _ _ _ _ _ _ _ _ _ _ _ _ _ _ _ _ _ _ _ _ _ _ _ _ _ _ _ _ _ _ _ _ _ _
C:\ProgramData\Anaconda3\envs\keras\lib\site-packages\keras\engine\training.py:1213: in fit
    self._make_train_function()
_ _ _ _ _ _ _ _ _ _ _ _ _ _ _ _ _ _ _ _ _ _ _ _ _ _ _ _ _ _ _ _ _ _ _ _ _ _ _ _

self = <keras.engine.training.Model object at 0x00000165DBAB53C8>

    def _make_train_function(self):
        if hasattr(self, 'train_function'):
>           raise RuntimeError('You must compile your model before using it.')
E           RuntimeError: You must compile your model before using it.

C:\ProgramData\Anaconda3\envs\keras\lib\site-packages\keras\engine\training.py:303: RuntimeError
_________ test_training_and_eval_methods_on_symbolic_tensors_multi_io _________

    @pytest.mark.skipif(K.backend() != 'tensorflow', reason='Requires TensorFlow')
    def test_training_and_eval_methods_on_symbolic_tensors_multi_io():
        a = keras.layers.Input(shape=(3,), name='input_a')
        b = keras.layers.Input(shape=(3,), name='input_b')
    
        dense = keras.layers.Dense(4, name='dense')
        c = dense(a)
        d = dense(b)
        e = keras.layers.Dropout(0.5, name='dropout')(c)
    
        model = keras.models.Model([a, b], [d, e])
    
        optimizer = 'rmsprop'
        loss = 'mse'
        loss_weights = [1., 0.5]
        metrics = ['mae']
        model.compile(optimizer, loss, metrics=metrics, loss_weights=loss_weights)
    
        input_a_tf = keras.backend.zeros(shape=(10, 3))
        input_b_tf = keras.backend.zeros(shape=(10, 3))
    
        output_d_tf = keras.backend.zeros(shape=(10, 4))
        output_e_tf = keras.backend.zeros(shape=(10, 4))
    
        model.fit(
            [input_a_tf, input_b_tf], [output_d_tf, output_e_tf],
            epochs=1,
            steps_per_epoch=2,
>           verbose=0)

test_training.py:1488: 
_ _ _ _ _ _ _ _ _ _ _ _ _ _ _ _ _ _ _ _ _ _ _ _ _ _ _ _ _ _ _ _ _ _ _ _ _ _ _ _
C:\ProgramData\Anaconda3\envs\keras\lib\site-packages\keras\engine\training.py:1213: in fit
    self._make_train_function()
_ _ _ _ _ _ _ _ _ _ _ _ _ _ _ _ _ _ _ _ _ _ _ _ _ _ _ _ _ _ _ _ _ _ _ _ _ _ _ _

self = <keras.engine.training.Model object at 0x00000165E213EE80>

    def _make_train_function(self):
        if hasattr(self, 'train_function'):
>           raise RuntimeError('You must compile your model before using it.')
E           RuntimeError: You must compile your model before using it.

C:\ProgramData\Anaconda3\envs\keras\lib\site-packages\keras\engine\training.py:303: RuntimeError
____________________________ test_validation_freq _____________________________

    def test_validation_freq():
        model = Sequential([Dense(1)])
        model.compile('sgd', 'mse')
    
        def _gen():
            while True:
                yield np.ones((2, 10)), np.ones((2, 1))
    
        x, y = np.ones((10, 10)), np.ones((10, 1))
    
        class ValCounter(Callback):
    
            def __init__(self):
                self.val_runs = 0
    
            def on_test_begin(self, logs=None):
                self.val_runs += 1
    
        # Test in training_arrays.py
        val_counter = ValCounter()
        model.fit(
            x,
            y,
            batch_size=2,
            epochs=4,
            validation_data=(x, y),
            validation_freq=2,
>           callbacks=[val_counter])

test_training.py:1720: 
_ _ _ _ _ _ _ _ _ _ _ _ _ _ _ _ _ _ _ _ _ _ _ _ _ _ _ _ _ _ _ _ _ _ _ _ _ _ _ _
C:\ProgramData\Anaconda3\envs\keras\lib\site-packages\keras\engine\training.py:1213: in fit
    self._make_train_function()
_ _ _ _ _ _ _ _ _ _ _ _ _ _ _ _ _ _ _ _ _ _ _ _ _ _ _ _ _ _ _ _ _ _ _ _ _ _ _ _

self = <keras.engine.sequential.Sequential object at 0x00000168201B19E8>

    def _make_train_function(self):
        if hasattr(self, 'train_function'):
>           raise RuntimeError('You must compile your model before using it.')
E           RuntimeError: You must compile your model before using it.

C:\ProgramData\Anaconda3\envs\keras\lib\site-packages\keras\engine\training.py:303: RuntimeError
____________________________ test_loss_correctness ____________________________

    def test_loss_correctness():
        class Bias(Layer):
    
            def build(self, input_shape):
                self.bias = self.add_weight('bias', (1,), initializer='zeros')
    
            def call(self, inputs):
                return inputs + self.bias
    
        inp = Input(shape=(1,))
        out = Bias()(inp)
        model = Model(inp, out)
        model.compile(
            keras.optimizers.SGD(lr=0.1),
            loss=keras.losses.MeanAbsoluteError())
    
        x = np.array([[0.], [1.], [2.]])
        y = np.array([[0.5], [2.], [3.5]])
>       history = model.fit(x, y, batch_size=3, epochs=5)

test_training.py:1753: 
_ _ _ _ _ _ _ _ _ _ _ _ _ _ _ _ _ _ _ _ _ _ _ _ _ _ _ _ _ _ _ _ _ _ _ _ _ _ _ _
C:\ProgramData\Anaconda3\envs\keras\lib\site-packages\keras\engine\training.py:1213: in fit
    self._make_train_function()
_ _ _ _ _ _ _ _ _ _ _ _ _ _ _ _ _ _ _ _ _ _ _ _ _ _ _ _ _ _ _ _ _ _ _ _ _ _ _ _

self = <keras.engine.training.Model object at 0x00000168201A3CF8>

    def _make_train_function(self):
        if hasattr(self, 'train_function'):
>           raise RuntimeError('You must compile your model before using it.')
E           RuntimeError: You must compile your model before using it.

C:\ProgramData\Anaconda3\envs\keras\lib\site-packages\keras\engine\training.py:303: RuntimeError
_______________________ test_model_metrics_list_in_call _______________________

    def test_model_metrics_list_in_call():
    
        class TestModel(Model):
    
            def __init__(self):
                super(TestModel, self).__init__(name='test_model')
                self.dense1 = keras.layers.Dense(2)
    
            def call(self, x):
                self.add_metric(K.sum(x), name='metric_2')
                return self.dense1(x)
    
        model = TestModel()
        model.compile(
            loss='mse',
            optimizer='adam',
            metrics=[metrics.MeanSquaredError('metric_1')])
        x = np.ones(shape=(10, 1))
        y = np.ones(shape=(10, 2))
>       model.fit(x, y, epochs=2, batch_size=5, validation_data=(x, y))

test_training.py:1822: 
_ _ _ _ _ _ _ _ _ _ _ _ _ _ _ _ _ _ _ _ _ _ _ _ _ _ _ _ _ _ _ _ _ _ _ _ _ _ _ _
C:\ProgramData\Anaconda3\envs\keras\lib\site-packages\keras\engine\training.py:1213: in fit
    self._make_train_function()
_ _ _ _ _ _ _ _ _ _ _ _ _ _ _ _ _ _ _ _ _ _ _ _ _ _ _ _ _ _ _ _ _ _ _ _ _ _ _ _

self = <test_training.test_model_metrics_list_in_call.<locals>.TestModel object at 0x00000165DBA45208>

    def _make_train_function(self):
        if hasattr(self, 'train_function'):
>           raise RuntimeError('You must compile your model before using it.')
E           RuntimeError: You must compile your model before using it.

C:\ProgramData\Anaconda3\envs\keras\lib\site-packages\keras\engine\training.py:303: RuntimeError
__________________________ test_add_metric_on_model ___________________________

    def test_add_metric_on_model():
        x = Input(shape=(1,))
        y = Dense(1, kernel_initializer='ones', trainable=False)(x)
        model = Model(x, y)
        model.add_metric(K.sum(y), name='metric_1')
        model.add_metric(metrics.Mean(name='metric_2')(y))
        model.compile('sgd', loss='mse', metrics=['mse'])
    
        inputs = np.ones(shape=(10, 1))
        targets = np.zeros(shape=(10, 1))
        history = model.fit(
            inputs,
            targets,
            epochs=2,
            batch_size=5,
>           validation_data=(inputs, targets))

test_training.py:1873: 
_ _ _ _ _ _ _ _ _ _ _ _ _ _ _ _ _ _ _ _ _ _ _ _ _ _ _ _ _ _ _ _ _ _ _ _ _ _ _ _
C:\ProgramData\Anaconda3\envs\keras\lib\site-packages\keras\engine\training.py:1213: in fit
    self._make_train_function()
_ _ _ _ _ _ _ _ _ _ _ _ _ _ _ _ _ _ _ _ _ _ _ _ _ _ _ _ _ _ _ _ _ _ _ _ _ _ _ _

self = <keras.engine.training.Model object at 0x00000168202E3240>

    def _make_train_function(self):
        if hasattr(self, 'train_function'):
>           raise RuntimeError('You must compile your model before using it.')
E           RuntimeError: You must compile your model before using it.

C:\ProgramData\Anaconda3\envs\keras\lib\site-packages\keras\engine\training.py:303: RuntimeError
________________________ test_add_metric_in_model_call ________________________

    def test_add_metric_in_model_call():
    
        class TestModel(Model):
    
            def __init__(self):
                super(TestModel, self).__init__(name='test_model')
                self.dense1 = keras.layers.Dense(2, kernel_initializer='ones')
                self.mean = metrics.Mean(name='metric_1')
    
            def call(self, x):
                self.add_metric(K.sum(x), name='metric_2')
                # Provide same name as in the instance created in __init__
                # for eager mode
                self.add_metric(self.mean(x), name='metric_1')
                return self.dense1(x)
    
        model = TestModel()
        model.compile(loss='mse', optimizer='sgd')
    
        x = np.ones(shape=(10, 1))
        y = np.ones(shape=(10, 2))
>       history = model.fit(x, y, epochs=2, batch_size=5, validation_data=(x, y))

test_training.py:1910: 
_ _ _ _ _ _ _ _ _ _ _ _ _ _ _ _ _ _ _ _ _ _ _ _ _ _ _ _ _ _ _ _ _ _ _ _ _ _ _ _
C:\ProgramData\Anaconda3\envs\keras\lib\site-packages\keras\engine\training.py:1213: in fit
    self._make_train_function()
_ _ _ _ _ _ _ _ _ _ _ _ _ _ _ _ _ _ _ _ _ _ _ _ _ _ _ _ _ _ _ _ _ _ _ _ _ _ _ _

self = <test_training.test_add_metric_in_model_call.<locals>.TestModel object at 0x00000165E24D1DA0>

    def _make_train_function(self):
        if hasattr(self, 'train_function'):
>           raise RuntimeError('You must compile your model before using it.')
E           RuntimeError: You must compile your model before using it.

C:\ProgramData\Anaconda3\envs\keras\lib\site-packages\keras\engine\training.py:303: RuntimeError
_______________________ test_multiple_add_metric_calls ________________________

    def test_multiple_add_metric_calls():
    
        class TestModel(Model):
    
            def __init__(self):
                super(TestModel, self).__init__(name='test_model')
                self.dense1 = keras.layers.Dense(2, kernel_initializer='ones')
                self.mean1 = metrics.Mean(name='metric_1')
                self.mean2 = metrics.Mean(name='metric_2')
    
            def call(self, x):
                self.add_metric(self.mean2(x), name='metric_2')
                self.add_metric(self.mean1(x), name='metric_1')
                self.add_metric(K.sum(x), name='metric_3')
                return self.dense1(x)
    
        model = TestModel()
        model.compile(loss='mse', optimizer='sgd')
    
        x = np.ones(shape=(10, 1))
        y = np.ones(shape=(10, 2))
>       history = model.fit(x, y, epochs=2, batch_size=5, validation_data=(x, y))

test_training.py:1946: 
_ _ _ _ _ _ _ _ _ _ _ _ _ _ _ _ _ _ _ _ _ _ _ _ _ _ _ _ _ _ _ _ _ _ _ _ _ _ _ _
C:\ProgramData\Anaconda3\envs\keras\lib\site-packages\keras\engine\training.py:1213: in fit
    self._make_train_function()
_ _ _ _ _ _ _ _ _ _ _ _ _ _ _ _ _ _ _ _ _ _ _ _ _ _ _ _ _ _ _ _ _ _ _ _ _ _ _ _

self = <test_training.test_multiple_add_metric_calls.<locals>.TestModel object at 0x00000168202F6940>

    def _make_train_function(self):
        if hasattr(self, 'train_function'):
>           raise RuntimeError('You must compile your model before using it.')
E           RuntimeError: You must compile your model before using it.

C:\ProgramData\Anaconda3\envs\keras\lib\site-packages\keras\engine\training.py:303: RuntimeError
________________________ test_add_metric_in_layer_call ________________________

    def test_add_metric_in_layer_call():
    
        class TestLayer(Layer):
    
            def build(self, input_shape):
                self.a = self.add_weight(
                    'a', (1, 1), initializer='ones', trainable=False)
                self.built = True
    
            def call(self, inputs):
                self.add_metric(K.sum(inputs), name='metric_1')
                return inputs + 1
    
        inp = Input(shape=(1,))
        x = TestLayer(input_shape=(1,))(inp)
        x = keras.layers.Dense(2, kernel_initializer='ones')(x)
    
        model = Model(inp, x)
        model.compile('adam', loss='mse')
    
        x = np.ones(shape=(10, 1))
        y = np.ones(shape=(10, 2))
>       history = model.fit(x, y, epochs=2, batch_size=5, validation_data=(x, y))

test_training.py:1981: 
_ _ _ _ _ _ _ _ _ _ _ _ _ _ _ _ _ _ _ _ _ _ _ _ _ _ _ _ _ _ _ _ _ _ _ _ _ _ _ _
C:\ProgramData\Anaconda3\envs\keras\lib\site-packages\keras\engine\training.py:1213: in fit
    self._make_train_function()
_ _ _ _ _ _ _ _ _ _ _ _ _ _ _ _ _ _ _ _ _ _ _ _ _ _ _ _ _ _ _ _ _ _ _ _ _ _ _ _

self = <keras.engine.training.Model object at 0x00000165EF441F98>

    def _make_train_function(self):
        if hasattr(self, 'train_function'):
>           raise RuntimeError('You must compile your model before using it.')
E           RuntimeError: You must compile your model before using it.

C:\ProgramData\Anaconda3\envs\keras\lib\site-packages\keras\engine\training.py:303: RuntimeError
============================== warnings summary ===============================
C:\ProgramData\Anaconda3\envs\keras\lib\site-packages\_pytest\config\__init__.py:1040
  C:\ProgramData\Anaconda3\envs\keras\lib\site-packages\_pytest\config\__init__.py:1040: PytestAssertRewriteWarning: Module already imported so cannot be rewritten: flaky
    self._mark_plugins_for_rewrite(hook)

test_training.py::test_model_with_partial_loss
test_training.py::test_model_with_external_loss
  C:\ProgramData\Anaconda3\envs\keras\lib\site-packages\keras\engine\training_utils.py:819: UserWarning: Output dense_1 missing from loss dictionary. We assume this was done on purpose. The fit and evaluate APIs will not be expecting any data to be passed to dense_1.
    'be expecting any data to be passed to {0}.'.format(name))

test_training.py::test_model_with_external_loss
  C:\ProgramData\Anaconda3\envs\keras\lib\site-packages\keras\engine\training_utils.py:819: UserWarning: Output dropout missing from loss dictionary. We assume this was done on purpose. The fit and evaluate APIs will not be expecting any data to be passed to dropout.
    'be expecting any data to be passed to {0}.'.format(name))

-- Docs: https://docs.pytest.org/en/stable/warnings.html
===Flaky Test Report===

test_model_methods failed and was not selected for rerun.
	<class 'RuntimeError'>
	You must compile your model before using it.
	[<TracebackEntry C:\Users\mutation\Desktop\testcase\tests\keras\engine\test_training.py:187>, <TracebackEntry C:\ProgramData\Anaconda3\envs\keras\lib\site-packages\keras\engine\training.py:1513>, <TracebackEntry C:\ProgramData\Anaconda3\envs\keras\lib\site-packages\keras\engine\training.py:303>]
test_fit_generator failed and was not selected for rerun.
	<class 'RuntimeError'>
	You must compile your model before using it.
	[<TracebackEntry C:\Users\mutation\Desktop\testcase\tests\keras\engine\test_training.py:490>, <TracebackEntry C:\ProgramData\Anaconda3\envs\keras\lib\site-packages\keras\legacy\interfaces.py:91>, <TracebackEntry C:\ProgramData\Anaconda3\envs\keras\lib\site-packages\keras\engine\training.py:1732>, <TracebackEntry C:\ProgramData\Anaconda3\envs\keras\lib\site-packages\keras\engine\training_generator.py:42>, <TracebackEntry C:\ProgramData\Anaconda3\envs\keras\lib\site-packages\keras\engine\training.py:303>]

===End Flaky Test Report===
=========================== short test summary info ===========================
FAILED test_training.py::test_model_methods - RuntimeError: You must compile ...
FAILED test_training.py::test_fit_generator - RuntimeError: You must compile ...
FAILED test_training.py::test_training_with_loss_instance - RuntimeError: You...
FAILED test_training.py::test_trainable_argument - RuntimeError: You must com...
FAILED test_training.py::test_with_list_as_targets - RuntimeError: You must c...
FAILED test_training.py::test_model_with_input_feed_tensor - RuntimeError: Yo...
FAILED test_training.py::test_model_with_partial_loss - RuntimeError: You mus...
FAILED test_training.py::test_model_with_external_loss - RuntimeError: You mu...
FAILED test_training.py::test_target_tensors - RuntimeError: You must compile...
FAILED test_training.py::test_model_custom_target_tensors - RuntimeError: You...
FAILED test_training.py::test_trainable_weights_count_consistency - RuntimeEr...
FAILED test_training.py::test_pandas_dataframe - RuntimeError: You must compi...
FAILED test_training.py::test_training_and_eval_methods_on_symbolic_tensors_single_io
FAILED test_training.py::test_training_and_eval_methods_on_symbolic_tensors_multi_io
FAILED test_training.py::test_validation_freq - RuntimeError: You must compil...
FAILED test_training.py::test_loss_correctness - RuntimeError: You must compi...
FAILED test_training.py::test_model_metrics_list_in_call - RuntimeError: You ...
FAILED test_training.py::test_add_metric_on_model - RuntimeError: You must co...
FAILED test_training.py::test_add_metric_in_model_call - RuntimeError: You mu...
FAILED test_training.py::test_multiple_add_metric_calls - RuntimeError: You m...
FAILED test_training.py::test_add_metric_in_layer_call - RuntimeError: You mu...
============ 21 failed, 12 passed, 1 skipped, 4 warnings in 10.51s ============
