...E..................s..................
======================================================================
ERROR: test_constant_output (__main__.T_function)
----------------------------------------------------------------------
Traceback (most recent call last):
  File "test_function_module.py", line 478, in test_constant_output
    f = theano.function([], Out(theano.tensor.constant([4]), borrow=True))
  File "C:\ProgramData\Anaconda3\envs\keras\lib\site-packages\theano\compile\function.py", line 317, in function
    output_keys=output_keys)
  File "C:\ProgramData\Anaconda3\envs\keras\lib\site-packages\theano\compile\pfunc.py", line 486, in pfunc
    output_keys=output_keys)
  File "C:\ProgramData\Anaconda3\envs\keras\lib\site-packages\theano\compile\function_module.py", line 1839, in orig_function
    name=name)
  File "C:\ProgramData\Anaconda3\envs\keras\lib\site-packages\theano\compile\function_module.py", line 1526, in __init__
    insert_deepcopy(fgraph, inputs, outputs + additional_outputs)
  File "C:\ProgramData\Anaconda3\envs\keras\lib\site-packages\theano\compile\function_module.py", line 1173, in insert_deepcopy
    view_op(fgraph.outputs[i]),
TypeError: 'NoneType' object is not callable

----------------------------------------------------------------------
Ran 41 tests in 5.475s

FAILED (errors=1, skipped=1)
