EEEEEEEEE.
======================================================================
ERROR: test_explicit_shared_input (test_function.TestFunctionIn)
----------------------------------------------------------------------
Traceback (most recent call last):
  File "C:\Users\mutation\Desktop\theano-testcase\tests\test_function.py", line 58, in test_explicit_shared_input
    self.assertRaises(TypeError, theano.function, [a], a + 1)
  File "C:\ProgramData\Anaconda3\envs\keras\lib\unittest\case.py", line 733, in assertRaises
    return context.handle('assertRaises', args, kwargs)
  File "C:\ProgramData\Anaconda3\envs\keras\lib\unittest\case.py", line 178, in handle
    callable_obj(*args, **kwargs)
  File "C:\ProgramData\Anaconda3\envs\keras\lib\site-packages\theano\compile\function.py", line 282, in function
    raise Exception("Input variables of a Theano function should be "
Exception: Input variables of a Theano function should be contained in a list, even when there is a single input.

======================================================================
ERROR: test_in_allow_downcast_floatX (test_function.TestFunctionIn)
----------------------------------------------------------------------
Traceback (most recent call last):
  File "C:\Users\mutation\Desktop\theano-testcase\tests\test_function.py", line 156, in test_in_allow_downcast_floatX
    (a + b + c))
  File "C:\ProgramData\Anaconda3\envs\keras\lib\site-packages\theano\compile\function.py", line 282, in function
    raise Exception("Input variables of a Theano function should be "
Exception: Input variables of a Theano function should be contained in a list, even when there is a single input.

======================================================================
ERROR: test_in_allow_downcast_int (test_function.TestFunctionIn)
----------------------------------------------------------------------
Traceback (most recent call last):
  File "C:\Users\mutation\Desktop\theano-testcase\tests\test_function.py", line 127, in test_in_allow_downcast_int
    (a + b + c))
  File "C:\ProgramData\Anaconda3\envs\keras\lib\site-packages\theano\compile\function.py", line 282, in function
    raise Exception("Input variables of a Theano function should be "
Exception: Input variables of a Theano function should be contained in a list, even when there is a single input.

======================================================================
ERROR: test_in_allow_downcast_vector_floatX (test_function.TestFunctionIn)
----------------------------------------------------------------------
Traceback (most recent call last):
  File "C:\Users\mutation\Desktop\theano-testcase\tests\test_function.py", line 181, in test_in_allow_downcast_vector_floatX
    (a + b + c))
  File "C:\ProgramData\Anaconda3\envs\keras\lib\site-packages\theano\compile\function.py", line 282, in function
    raise Exception("Input variables of a Theano function should be "
Exception: Input variables of a Theano function should be contained in a list, even when there is a single input.

======================================================================
ERROR: test_in_mutable (test_function.TestFunctionIn)
----------------------------------------------------------------------
Traceback (most recent call last):
  File "C:\Users\mutation\Desktop\theano-testcase\tests\test_function.py", line 72, in test_in_mutable
    f = theano.function([In(a, mutable=True)], a_out, mode='FAST_RUN')
  File "C:\ProgramData\Anaconda3\envs\keras\lib\site-packages\theano\compile\function.py", line 282, in function
    raise Exception("Input variables of a Theano function should be "
Exception: Input variables of a Theano function should be contained in a list, even when there is a single input.

======================================================================
ERROR: test_in_shared_variable (test_function.TestFunctionIn)
----------------------------------------------------------------------
Traceback (most recent call last):
  File "C:\Users\mutation\Desktop\theano-testcase\tests\test_function.py", line 65, in test_in_shared_variable
    self.assertRaises(TypeError, theano.function, [a_wrapped])
  File "C:\ProgramData\Anaconda3\envs\keras\lib\unittest\case.py", line 733, in assertRaises
    return context.handle('assertRaises', args, kwargs)
  File "C:\ProgramData\Anaconda3\envs\keras\lib\unittest\case.py", line 178, in handle
    callable_obj(*args, **kwargs)
  File "C:\ProgramData\Anaconda3\envs\keras\lib\site-packages\theano\compile\function.py", line 282, in function
    raise Exception("Input variables of a Theano function should be "
Exception: Input variables of a Theano function should be contained in a list, even when there is a single input.

======================================================================
ERROR: test_in_strict (test_function.TestFunctionIn)
----------------------------------------------------------------------
Traceback (most recent call last):
  File "C:\Users\mutation\Desktop\theano-testcase\tests\test_function.py", line 41, in test_in_strict
    f = theano.function([In(a, strict=False)], out)
  File "C:\ProgramData\Anaconda3\envs\keras\lib\site-packages\theano\compile\function.py", line 282, in function
    raise Exception("Input variables of a Theano function should be "
Exception: Input variables of a Theano function should be contained in a list, even when there is a single input.

======================================================================
ERROR: test_in_update (test_function.TestFunctionIn)
----------------------------------------------------------------------
Traceback (most recent call last):
  File "C:\Users\mutation\Desktop\theano-testcase\tests\test_function.py", line 88, in test_in_update
    mode='FAST_RUN')
  File "C:\ProgramData\Anaconda3\envs\keras\lib\site-packages\theano\compile\function.py", line 282, in function
    raise Exception("Input variables of a Theano function should be "
Exception: Input variables of a Theano function should be contained in a list, even when there is a single input.

======================================================================
ERROR: test_in_update_shared (test_function.TestFunctionIn)
----------------------------------------------------------------------
Traceback (most recent call last):
  File "C:\Users\mutation\Desktop\theano-testcase\tests\test_function.py", line 110, in test_in_update_shared
    mode='FAST_RUN')
  File "C:\ProgramData\Anaconda3\envs\keras\lib\site-packages\theano\compile\function.py", line 282, in function
    raise Exception("Input variables of a Theano function should be "
Exception: Input variables of a Theano function should be contained in a list, even when there is a single input.

----------------------------------------------------------------------
Ran 10 tests in 0.016s

FAILED (errors=9)
