.EEEE.EEE.
======================================================================
ERROR: test_in_allow_downcast_floatX (test_function.TestFunctionIn)
----------------------------------------------------------------------
Traceback (most recent call last):
  File "C:\Users\mutation\Desktop\theano-testcase\tests\test_function.py", line 156, in test_in_allow_downcast_floatX
    (a + b + c))
  File "C:\ProgramData\Anaconda3\envs\keras\lib\site-packages\theano\compile\function.py", line 253, in function
    if (last_frame[0] == source_file or last_frame[0] == compiled_file):
TypeError: 'NoneType' object is not subscriptable

======================================================================
ERROR: test_in_allow_downcast_int (test_function.TestFunctionIn)
----------------------------------------------------------------------
Traceback (most recent call last):
  File "C:\Users\mutation\Desktop\theano-testcase\tests\test_function.py", line 127, in test_in_allow_downcast_int
    (a + b + c))
  File "C:\ProgramData\Anaconda3\envs\keras\lib\site-packages\theano\compile\function.py", line 253, in function
    if (last_frame[0] == source_file or last_frame[0] == compiled_file):
TypeError: 'NoneType' object is not subscriptable

======================================================================
ERROR: test_in_allow_downcast_vector_floatX (test_function.TestFunctionIn)
----------------------------------------------------------------------
Traceback (most recent call last):
  File "C:\Users\mutation\Desktop\theano-testcase\tests\test_function.py", line 181, in test_in_allow_downcast_vector_floatX
    (a + b + c))
  File "C:\ProgramData\Anaconda3\envs\keras\lib\site-packages\theano\compile\function.py", line 253, in function
    if (last_frame[0] == source_file or last_frame[0] == compiled_file):
TypeError: 'NoneType' object is not subscriptable

======================================================================
ERROR: test_in_mutable (test_function.TestFunctionIn)
----------------------------------------------------------------------
Traceback (most recent call last):
  File "C:\Users\mutation\Desktop\theano-testcase\tests\test_function.py", line 72, in test_in_mutable
    f = theano.function([In(a, mutable=True)], a_out, mode='FAST_RUN')
  File "C:\ProgramData\Anaconda3\envs\keras\lib\site-packages\theano\compile\function.py", line 253, in function
    if (last_frame[0] == source_file or last_frame[0] == compiled_file):
TypeError: 'NoneType' object is not subscriptable

======================================================================
ERROR: test_in_strict (test_function.TestFunctionIn)
----------------------------------------------------------------------
Traceback (most recent call last):
  File "C:\Users\mutation\Desktop\theano-testcase\tests\test_function.py", line 41, in test_in_strict
    f = theano.function([In(a, strict=False)], out)
  File "C:\ProgramData\Anaconda3\envs\keras\lib\site-packages\theano\compile\function.py", line 253, in function
    if (last_frame[0] == source_file or last_frame[0] == compiled_file):
TypeError: 'NoneType' object is not subscriptable

======================================================================
ERROR: test_in_update (test_function.TestFunctionIn)
----------------------------------------------------------------------
Traceback (most recent call last):
  File "C:\Users\mutation\Desktop\theano-testcase\tests\test_function.py", line 88, in test_in_update
    mode='FAST_RUN')
  File "C:\ProgramData\Anaconda3\envs\keras\lib\site-packages\theano\compile\function.py", line 253, in function
    if (last_frame[0] == source_file or last_frame[0] == compiled_file):
TypeError: 'NoneType' object is not subscriptable

======================================================================
ERROR: test_in_update_shared (test_function.TestFunctionIn)
----------------------------------------------------------------------
Traceback (most recent call last):
  File "C:\Users\mutation\Desktop\theano-testcase\tests\test_function.py", line 110, in test_in_update_shared
    mode='FAST_RUN')
  File "C:\ProgramData\Anaconda3\envs\keras\lib\site-packages\theano\compile\function.py", line 253, in function
    if (last_frame[0] == source_file or last_frame[0] == compiled_file):
TypeError: 'NoneType' object is not subscriptable

----------------------------------------------------------------------
Ran 10 tests in 0.016s

FAILED (errors=7)
