.FFF
======================================================================
FAIL: test_full_graph (test_graph.TestIsSameGraph)
----------------------------------------------------------------------
Traceback (most recent call last):
  File "C:\Users\mutation\Desktop\theano-testcase\tests\test_graph.py", line 304, in test_full_graph
    (x * (y * z), (x * y) * z, (({}, False), )),
  File "C:\Users\mutation\Desktop\theano-testcase\tests\test_graph.py", line 277, in check
    assert r1 == oj
AssertionError

======================================================================
FAIL: test_merge_only (test_graph.TestIsSameGraph)
----------------------------------------------------------------------
Traceback (most recent call last):
  File "C:\Users\mutation\Desktop\theano-testcase\tests\test_graph.py", line 321, in test_merge_only
    debug=False)
  File "C:\Users\mutation\Desktop\theano-testcase\tests\test_graph.py", line 277, in check
    assert r1 == oj
AssertionError

======================================================================
FAIL: test_single_var (test_graph.TestIsSameGraph)
----------------------------------------------------------------------
Traceback (most recent call last):
  File "C:\Users\mutation\Desktop\theano-testcase\tests\test_graph.py", line 289, in test_single_var
    (x, tensor.neg(y), (({}, False), )),
  File "C:\Users\mutation\Desktop\theano-testcase\tests\test_graph.py", line 277, in check
    assert r1 == oj
AssertionError

----------------------------------------------------------------------
Ran 4 tests in 0.812s

FAILED (failures=3)
