EEEE
======================================================================
ERROR: test_eval (test_graph.TestEval)
----------------------------------------------------------------------
Traceback (most recent call last):
  File "C:\Users\mutation\Desktop\theano-testcase\tests\test_graph.py", line 332, in setUp
    self.z = self.x + self.y
  File "C:\ProgramData\Anaconda3\envs\keras\lib\site-packages\theano\tensor\var.py", line 131, in __add__
    return theano.tensor.basic.add(self, other)
  File "C:\ProgramData\Anaconda3\envs\keras\lib\site-packages\theano\gof\op.py", line 615, in __call__
    node = self.make_node(*inputs, **kwargs)
  File "C:\ProgramData\Anaconda3\envs\keras\lib\site-packages\theano\tensor\elemwise.py", line 482, in make_node
    DimShuffle, *inputs)
  File "C:\ProgramData\Anaconda3\envs\keras\lib\site-packages\theano\tensor\elemwise.py", line 452, in get_output_info
    for input in inputs])]] * shadow.nout
TypeError: can't multiply sequence by non-int of type 'NoneType'

======================================================================
ERROR: test_full_graph (test_graph.TestIsSameGraph)
----------------------------------------------------------------------
Traceback (most recent call last):
  File "C:\Users\mutation\Desktop\theano-testcase\tests\test_graph.py", line 296, in test_full_graph
    t = x * y
  File "C:\ProgramData\Anaconda3\envs\keras\lib\site-packages\theano\tensor\var.py", line 158, in __mul__
    return theano.tensor.mul(self, other)
  File "C:\ProgramData\Anaconda3\envs\keras\lib\site-packages\theano\gof\op.py", line 615, in __call__
    node = self.make_node(*inputs, **kwargs)
  File "C:\ProgramData\Anaconda3\envs\keras\lib\site-packages\theano\tensor\elemwise.py", line 482, in make_node
    DimShuffle, *inputs)
  File "C:\ProgramData\Anaconda3\envs\keras\lib\site-packages\theano\tensor\elemwise.py", line 452, in get_output_info
    for input in inputs])]] * shadow.nout
TypeError: can't multiply sequence by non-int of type 'NoneType'

======================================================================
ERROR: test_merge_only (test_graph.TestIsSameGraph)
----------------------------------------------------------------------
Traceback (most recent call last):
  File "C:\Users\mutation\Desktop\theano-testcase\tests\test_graph.py", line 311, in test_merge_only
    t = x * y
  File "C:\ProgramData\Anaconda3\envs\keras\lib\site-packages\theano\tensor\var.py", line 158, in __mul__
    return theano.tensor.mul(self, other)
  File "C:\ProgramData\Anaconda3\envs\keras\lib\site-packages\theano\gof\op.py", line 615, in __call__
    node = self.make_node(*inputs, **kwargs)
  File "C:\ProgramData\Anaconda3\envs\keras\lib\site-packages\theano\tensor\elemwise.py", line 482, in make_node
    DimShuffle, *inputs)
  File "C:\ProgramData\Anaconda3\envs\keras\lib\site-packages\theano\tensor\elemwise.py", line 452, in get_output_info
    for input in inputs])]] * shadow.nout
TypeError: can't multiply sequence by non-int of type 'NoneType'

======================================================================
ERROR: test_single_var (test_graph.TestIsSameGraph)
----------------------------------------------------------------------
Traceback (most recent call last):
  File "C:\Users\mutation\Desktop\theano-testcase\tests\test_graph.py", line 288, in test_single_var
    (x, tensor.neg(x), (({}, False), )),
  File "C:\ProgramData\Anaconda3\envs\keras\lib\site-packages\theano\gof\op.py", line 615, in __call__
    node = self.make_node(*inputs, **kwargs)
  File "C:\ProgramData\Anaconda3\envs\keras\lib\site-packages\theano\tensor\elemwise.py", line 482, in make_node
    DimShuffle, *inputs)
  File "C:\ProgramData\Anaconda3\envs\keras\lib\site-packages\theano\tensor\elemwise.py", line 452, in get_output_info
    for input in inputs])]] * shadow.nout
TypeError: can't multiply sequence by non-int of type 'NoneType'

----------------------------------------------------------------------
Ran 4 tests in 0.000s

FAILED (errors=4)
