2020-10-05 21:20:28.097111: I tensorflow/stream_executor/platform/default/dso_loader.cc:44] Successfully opened dynamic library cudart64_100.dll
Running tests under Python 3.6.12: C:\ProgramData\Anaconda3\envs\keras\python.exe
[ RUN      ] AbcTest.testAbstract
[       OK ] AbcTest.testAbstract
[ RUN      ] AbcTest.testConcrete
[       OK ] AbcTest.testConcrete
[ RUN      ] AbcTest.test_session
[  SKIPPED ] AbcTest.test_session
[ RUN      ] FlattenTest.test_attribute_traversal_key
WARNING:tensorflow:From C:\ProgramData\Anaconda3\envs\keras\lib\site-packages\tensorflow_core\python\ops\resource_variable_ops.py:1630: calling BaseResourceVariable.__init__ (from tensorflow.python.ops.resource_variable_ops) with constraint is deprecated and will be removed in a future version.
Instructions for updating:
If using Keras pass *_constraint arguments to layers.
W1005 21:20:30.739828 15460 deprecation.py:506] From C:\ProgramData\Anaconda3\envs\keras\lib\site-packages\tensorflow_core\python\ops\resource_variable_ops.py:1630: calling BaseResourceVariable.__init__ (from tensorflow.python.ops.resource_variable_ops) with constraint is deprecated and will be removed in a future version.
Instructions for updating:
If using Keras pass *_constraint arguments to layers.
2020-10-05 21:20:30.763670: W tensorflow/python/util/util.cc:299] Sets are not currently considered sequences, but this may change in the future, so consider avoiding using them.
[       OK ] FlattenTest.test_attribute_traversal_key
[ RUN      ] FlattenTest.test_attributes_to_ignore
[       OK ] FlattenTest.test_attributes_to_ignore
[ RUN      ] FlattenTest.test_flatten0 (<function FlattenTest.<lambda> at 0x000001DA54C627B8>)
[       OK ] FlattenTest.test_flatten0 (<function FlattenTest.<lambda> at 0x000001DA54C627B8>)
[ RUN      ] FlattenTest.test_flatten1 (<class 'list'>)
[       OK ] FlattenTest.test_flatten1 (<class 'list'>)
[ RUN      ] FlattenTest.test_flatten2 (<class 'tuple'>)
[       OK ] FlattenTest.test_flatten2 (<class 'tuple'>)
[ RUN      ] FlattenTest.test_flatten3 (<function <lambda> at 0x000001DA54C58F28>)
[       OK ] FlattenTest.test_flatten3 (<function <lambda> at 0x000001DA54C58F28>)
[ RUN      ] FlattenTest.test_model_discover_submodule
[       OK ] FlattenTest.test_model_discover_submodule
[ RUN      ] FlattenTest.test_module_discover_layer_variable
[       OK ] FlattenTest.test_module_discover_layer_variable
[ RUN      ] FlattenTest.test_session
[  SKIPPED ] FlattenTest.test_session
[ RUN      ] FlattenTest.test_with_path
[       OK ] FlattenTest.test_with_path
[ RUN      ] ForwardMethodsTest.testEntersNameScope_call
2020-10-05 21:20:30.842265: I tensorflow/stream_executor/platform/default/dso_loader.cc:44] Successfully opened dynamic library nvcuda.dll
2020-10-05 21:20:30.971184: I tensorflow/core/common_runtime/gpu/gpu_device.cc:1618] Found device 0 with properties: 
name: GeForce RTX 2080 Ti major: 7 minor: 5 memoryClockRate(GHz): 1.65
pciBusID: 0000:73:00.0
2020-10-05 21:20:30.971709: I tensorflow/stream_executor/platform/default/dso_loader.cc:44] Successfully opened dynamic library cudart64_100.dll
2020-10-05 21:20:30.975447: I tensorflow/stream_executor/platform/default/dso_loader.cc:44] Successfully opened dynamic library cublas64_100.dll
2020-10-05 21:20:30.978839: I tensorflow/stream_executor/platform/default/dso_loader.cc:44] Successfully opened dynamic library cufft64_100.dll
2020-10-05 21:20:30.980436: I tensorflow/stream_executor/platform/default/dso_loader.cc:44] Successfully opened dynamic library curand64_100.dll
2020-10-05 21:20:30.985121: I tensorflow/stream_executor/platform/default/dso_loader.cc:44] Successfully opened dynamic library cusolver64_100.dll
2020-10-05 21:20:30.988294: I tensorflow/stream_executor/platform/default/dso_loader.cc:44] Successfully opened dynamic library cusparse64_100.dll
2020-10-05 21:20:30.997748: I tensorflow/stream_executor/platform/default/dso_loader.cc:44] Successfully opened dynamic library cudnn64_7.dll
2020-10-05 21:20:30.998777: I tensorflow/core/common_runtime/gpu/gpu_device.cc:1746] Adding visible gpu devices: 0
2020-10-05 21:20:30.999366: I tensorflow/core/platform/cpu_feature_guard.cc:142] Your CPU supports instructions that this TensorFlow binary was not compiled to use: AVX2
2020-10-05 21:20:31.013411: I tensorflow/core/common_runtime/gpu/gpu_device.cc:1618] Found device 0 with properties: 
name: GeForce RTX 2080 Ti major: 7 minor: 5 memoryClockRate(GHz): 1.65
pciBusID: 0000:73:00.0
2020-10-05 21:20:31.013964: I tensorflow/stream_executor/platform/default/dso_loader.cc:44] Successfully opened dynamic library cudart64_100.dll
2020-10-05 21:20:31.014309: I tensorflow/stream_executor/platform/default/dso_loader.cc:44] Successfully opened dynamic library cublas64_100.dll
2020-10-05 21:20:31.014652: I tensorflow/stream_executor/platform/default/dso_loader.cc:44] Successfully opened dynamic library cufft64_100.dll
2020-10-05 21:20:31.014990: I tensorflow/stream_executor/platform/default/dso_loader.cc:44] Successfully opened dynamic library curand64_100.dll
2020-10-05 21:20:31.015347: I tensorflow/stream_executor/platform/default/dso_loader.cc:44] Successfully opened dynamic library cusolver64_100.dll
2020-10-05 21:20:31.015689: I tensorflow/stream_executor/platform/default/dso_loader.cc:44] Successfully opened dynamic library cusparse64_100.dll
2020-10-05 21:20:31.016040: I tensorflow/stream_executor/platform/default/dso_loader.cc:44] Successfully opened dynamic library cudnn64_7.dll
2020-10-05 21:20:31.016885: I tensorflow/core/common_runtime/gpu/gpu_device.cc:1746] Adding visible gpu devices: 0
2020-10-05 21:20:31.958048: I tensorflow/core/common_runtime/gpu/gpu_device.cc:1159] Device interconnect StreamExecutor with strength 1 edge matrix:
2020-10-05 21:20:31.958523: I tensorflow/core/common_runtime/gpu/gpu_device.cc:1165]      0 
2020-10-05 21:20:31.958802: I tensorflow/core/common_runtime/gpu/gpu_device.cc:1178] 0:   N 
2020-10-05 21:20:31.959678: I tensorflow/core/common_runtime/gpu/gpu_device.cc:1304] Created TensorFlow device (/job:localhost/replica:0/task:0/device:GPU:0 with 8686 MB memory) -> physical GPU (device: 0, name: GeForce RTX 2080 Ti, pci bus id: 0000:73:00.0, compute capability: 7.5)
WARNING:tensorflow:From C:\ProgramData\Anaconda3\envs\keras\lib\contextlib.py:60: TensorFlowTestCase.test_session (from tensorflow.python.framework.test_util) is deprecated and will be removed in a future version.
Instructions for updating:
Use `self.session()` or `self.cached_session()` instead.
W1005 21:20:31.989582 15460 deprecation.py:323] From C:\ProgramData\Anaconda3\envs\keras\lib\contextlib.py:60: TensorFlowTestCase.test_session (from tensorflow.python.framework.test_util) is deprecated and will be removed in a future version.
Instructions for updating:
Use `self.session()` or `self.cached_session()` instead.
2020-10-05 21:20:31.990391: I tensorflow/core/common_runtime/gpu/gpu_device.cc:1618] Found device 0 with properties: 
name: GeForce RTX 2080 Ti major: 7 minor: 5 memoryClockRate(GHz): 1.65
pciBusID: 0000:73:00.0
2020-10-05 21:20:31.990943: I tensorflow/stream_executor/platform/default/dso_loader.cc:44] Successfully opened dynamic library cudart64_100.dll
2020-10-05 21:20:31.991285: I tensorflow/stream_executor/platform/default/dso_loader.cc:44] Successfully opened dynamic library cublas64_100.dll
2020-10-05 21:20:31.991641: I tensorflow/stream_executor/platform/default/dso_loader.cc:44] Successfully opened dynamic library cufft64_100.dll
2020-10-05 21:20:31.991989: I tensorflow/stream_executor/platform/default/dso_loader.cc:44] Successfully opened dynamic library curand64_100.dll
2020-10-05 21:20:31.992327: I tensorflow/stream_executor/platform/default/dso_loader.cc:44] Successfully opened dynamic library cusolver64_100.dll
2020-10-05 21:20:31.992671: I tensorflow/stream_executor/platform/default/dso_loader.cc:44] Successfully opened dynamic library cusparse64_100.dll
2020-10-05 21:20:31.993018: I tensorflow/stream_executor/platform/default/dso_loader.cc:44] Successfully opened dynamic library cudnn64_7.dll
2020-10-05 21:20:31.993590: I tensorflow/core/common_runtime/gpu/gpu_device.cc:1746] Adding visible gpu devices: 0
2020-10-05 21:20:31.993970: I tensorflow/core/common_runtime/gpu/gpu_device.cc:1159] Device interconnect StreamExecutor with strength 1 edge matrix:
2020-10-05 21:20:31.994326: I tensorflow/core/common_runtime/gpu/gpu_device.cc:1165]      0 
2020-10-05 21:20:31.994549: I tensorflow/core/common_runtime/gpu/gpu_device.cc:1178] 0:   N 
2020-10-05 21:20:31.995079: I tensorflow/core/common_runtime/gpu/gpu_device.cc:1304] Created TensorFlow device (/job:localhost/replica:0/task:0/device:GPU:0 with 8686 MB memory) -> physical GPU (device: 0, name: GeForce RTX 2080 Ti, pci bus id: 0000:73:00.0, compute capability: 7.5)
[       OK ] ForwardMethodsTest.testEntersNameScope_call
[ RUN      ] ForwardMethodsTest.testEntersNameScope_concreteFunction
WARNING:tensorflow:Entity <function Function._initialize_uninitialized_variables.<locals>.initialize_variables at 0x000001DA54C7FEA0> could not be transformed and will be executed as-is. Please report this to the AutoGraph team. When filing the bug, set the verbosity to 10 (on Linux, `export AUTOGRAPH_VERBOSITY=10`) and attach the full output. Cause: 'NoneType' object has no attribute '_fields'
W1005 21:20:33.301823 15460 ag_logging.py:146] Entity <function Function._initialize_uninitialized_variables.<locals>.initialize_variables at 0x000001DA54C7FEA0> could not be transformed and will be executed as-is. Please report this to the AutoGraph team. When filing the bug, set the verbosity to 10 (on Linux, `export AUTOGRAPH_VERBOSITY=10`) and attach the full output. Cause: 'NoneType' object has no attribute '_fields'
2020-10-05 21:20:33.319278: I tensorflow/core/common_runtime/gpu/gpu_device.cc:1618] Found device 0 with properties: 
name: GeForce RTX 2080 Ti major: 7 minor: 5 memoryClockRate(GHz): 1.65
pciBusID: 0000:73:00.0
2020-10-05 21:20:33.319808: I tensorflow/stream_executor/platform/default/dso_loader.cc:44] Successfully opened dynamic library cudart64_100.dll
2020-10-05 21:20:33.320149: I tensorflow/stream_executor/platform/default/dso_loader.cc:44] Successfully opened dynamic library cublas64_100.dll
2020-10-05 21:20:33.320507: I tensorflow/stream_executor/platform/default/dso_loader.cc:44] Successfully opened dynamic library cufft64_100.dll
2020-10-05 21:20:33.320868: I tensorflow/stream_executor/platform/default/dso_loader.cc:44] Successfully opened dynamic library curand64_100.dll
2020-10-05 21:20:33.321237: I tensorflow/stream_executor/platform/default/dso_loader.cc:44] Successfully opened dynamic library cusolver64_100.dll
2020-10-05 21:20:33.321632: I tensorflow/stream_executor/platform/default/dso_loader.cc:44] Successfully opened dynamic library cusparse64_100.dll
2020-10-05 21:20:33.321977: I tensorflow/stream_executor/platform/default/dso_loader.cc:44] Successfully opened dynamic library cudnn64_7.dll
2020-10-05 21:20:33.322549: I tensorflow/core/common_runtime/gpu/gpu_device.cc:1746] Adding visible gpu devices: 0
2020-10-05 21:20:33.322860: I tensorflow/core/common_runtime/gpu/gpu_device.cc:1159] Device interconnect StreamExecutor with strength 1 edge matrix:
2020-10-05 21:20:33.323212: I tensorflow/core/common_runtime/gpu/gpu_device.cc:1165]      0 
2020-10-05 21:20:33.323433: I tensorflow/core/common_runtime/gpu/gpu_device.cc:1178] 0:   N 
2020-10-05 21:20:33.323940: I tensorflow/core/common_runtime/gpu/gpu_device.cc:1304] Created TensorFlow device (/job:localhost/replica:0/task:0/device:GPU:0 with 8686 MB memory) -> physical GPU (device: 0, name: GeForce RTX 2080 Ti, pci bus id: 0000:73:00.0, compute capability: 7.5)
WARNING:tensorflow:Entity <function Function._initialize_uninitialized_variables.<locals>.initialize_variables at 0x000001DCA07768C8> could not be transformed and will be executed as-is. Please report this to the AutoGraph team. When filing the bug, set the verbosity to 10 (on Linux, `export AUTOGRAPH_VERBOSITY=10`) and attach the full output. Cause: 'NoneType' object has no attribute '_fields'
W1005 21:20:33.442420 15460 ag_logging.py:146] Entity <function Function._initialize_uninitialized_variables.<locals>.initialize_variables at 0x000001DCA07768C8> could not be transformed and will be executed as-is. Please report this to the AutoGraph team. When filing the bug, set the verbosity to 10 (on Linux, `export AUTOGRAPH_VERBOSITY=10`) and attach the full output. Cause: 'NoneType' object has no attribute '_fields'
[       OK ] ForwardMethodsTest.testEntersNameScope_concreteFunction
[ RUN      ] ForwardMethodsTest.testFunctionType
[       OK ] ForwardMethodsTest.testFunctionType
[ RUN      ] ForwardMethodsTest.test_session
[  SKIPPED ] ForwardMethodsTest.test_session
[ RUN      ] ModuleTrackingTest.test_non_ctor_submodule
[       OK ] ModuleTrackingTest.test_non_ctor_submodule
[ RUN      ] ModuleTrackingTest.test_session
[  SKIPPED ] ModuleTrackingTest.test_session
[ RUN      ] ModuleTrackingTest.test_submodules
[       OK ] ModuleTrackingTest.test_submodules
[ RUN      ] NameScopeTest.test_memoized_in_tf2
[  SKIPPED ] NameScopeTest.test_memoized_in_tf2
[ RUN      ] NameScopeTest.test_not_memoized_in_tf1
[       OK ] NameScopeTest.test_not_memoized_in_tf1
[ RUN      ] NameScopeTest.test_session
[  SKIPPED ] NameScopeTest.test_session
[ RUN      ] TestModuleNaming.test_construct_in_scope
[  FAILED  ] TestModuleNaming.test_construct_in_scope
[ RUN      ] TestModuleNaming.test_ctor_error_closes_name_scope
[       OK ] TestModuleNaming.test_ctor_error_closes_name_scope
[ RUN      ] TestModuleNaming.test_ctor_error_handles_ctor_not_opening_name_scope
[       OK ] TestModuleNaming.test_ctor_error_handles_ctor_not_opening_name_scope
[ RUN      ] TestModuleNaming.test_does_not_evaluate_property_methods
[       OK ] TestModuleNaming.test_does_not_evaluate_property_methods
[ RUN      ] TestModuleNaming.test_enters_name_scope_in_call
[       OK ] TestModuleNaming.test_enters_name_scope_in_call
[ RUN      ] TestModuleNaming.test_enters_name_scope_in_other_method
[       OK ] TestModuleNaming.test_enters_name_scope_in_other_method
[ RUN      ] TestModuleNaming.test_forward_method_closes_name_scope
[       OK ] TestModuleNaming.test_forward_method_closes_name_scope
[ RUN      ] TestModuleNaming.test_get_attr_doesnt_enter_name_scope
[       OK ] TestModuleNaming.test_get_attr_doesnt_enter_name_scope
[ RUN      ] TestModuleNaming.test_get_attribute_doesnt_enter_name_scope
[       OK ] TestModuleNaming.test_get_attribute_doesnt_enter_name_scope
[ RUN      ] TestModuleNaming.test_invalid_name
[       OK ] TestModuleNaming.test_invalid_name
[ RUN      ] TestModuleNaming.test_module_numbering_in_graph
2020-10-05 21:20:33.492765: I tensorflow/core/common_runtime/gpu/gpu_device.cc:1618] Found device 0 with properties: 
name: GeForce RTX 2080 Ti major: 7 minor: 5 memoryClockRate(GHz): 1.65
pciBusID: 0000:73:00.0
2020-10-05 21:20:33.493508: I tensorflow/stream_executor/platform/default/dso_loader.cc:44] Successfully opened dynamic library cudart64_100.dll
2020-10-05 21:20:33.494002: I tensorflow/stream_executor/platform/default/dso_loader.cc:44] Successfully opened dynamic library cublas64_100.dll
2020-10-05 21:20:33.494494: I tensorflow/stream_executor/platform/default/dso_loader.cc:44] Successfully opened dynamic library cufft64_100.dll
2020-10-05 21:20:33.494978: I tensorflow/stream_executor/platform/default/dso_loader.cc:44] Successfully opened dynamic library curand64_100.dll
2020-10-05 21:20:33.495462: I tensorflow/stream_executor/platform/default/dso_loader.cc:44] Successfully opened dynamic library cusolver64_100.dll
2020-10-05 21:20:33.495951: I tensorflow/stream_executor/platform/default/dso_loader.cc:44] Successfully opened dynamic library cusparse64_100.dll
2020-10-05 21:20:33.496464: I tensorflow/stream_executor/platform/default/dso_loader.cc:44] Successfully opened dynamic library cudnn64_7.dll
2020-10-05 21:20:33.497249: I tensorflow/core/common_runtime/gpu/gpu_device.cc:1746] Adding visible gpu devices: 0
2020-10-05 21:20:33.497612: I tensorflow/core/common_runtime/gpu/gpu_device.cc:1159] Device interconnect StreamExecutor with strength 1 edge matrix:
2020-10-05 21:20:33.497969: I tensorflow/core/common_runtime/gpu/gpu_device.cc:1165]      0 
2020-10-05 21:20:33.498245: I tensorflow/core/common_runtime/gpu/gpu_device.cc:1178] 0:   N 
2020-10-05 21:20:33.498768: I tensorflow/core/common_runtime/gpu/gpu_device.cc:1304] Created TensorFlow device (/job:localhost/replica:0/task:0/device:GPU:0 with 8686 MB memory) -> physical GPU (device: 0, name: GeForce RTX 2080 Ti, pci bus id: 0000:73:00.0, compute capability: 7.5)
[  SKIPPED ] TestModuleNaming.test_module_numbering_in_graph
[ RUN      ] TestModuleNaming.test_modules_not_numbered_in_eager
2020-10-05 21:20:33.511535: I tensorflow/core/common_runtime/gpu/gpu_device.cc:1618] Found device 0 with properties: 
name: GeForce RTX 2080 Ti major: 7 minor: 5 memoryClockRate(GHz): 1.65
pciBusID: 0000:73:00.0
2020-10-05 21:20:33.512072: I tensorflow/stream_executor/platform/default/dso_loader.cc:44] Successfully opened dynamic library cudart64_100.dll
2020-10-05 21:20:33.512415: I tensorflow/stream_executor/platform/default/dso_loader.cc:44] Successfully opened dynamic library cublas64_100.dll
2020-10-05 21:20:33.512767: I tensorflow/stream_executor/platform/default/dso_loader.cc:44] Successfully opened dynamic library cufft64_100.dll
2020-10-05 21:20:33.513103: I tensorflow/stream_executor/platform/default/dso_loader.cc:44] Successfully opened dynamic library curand64_100.dll
2020-10-05 21:20:33.513448: I tensorflow/stream_executor/platform/default/dso_loader.cc:44] Successfully opened dynamic library cusolver64_100.dll
2020-10-05 21:20:33.513790: I tensorflow/stream_executor/platform/default/dso_loader.cc:44] Successfully opened dynamic library cusparse64_100.dll
2020-10-05 21:20:33.514134: I tensorflow/stream_executor/platform/default/dso_loader.cc:44] Successfully opened dynamic library cudnn64_7.dll
2020-10-05 21:20:33.514700: I tensorflow/core/common_runtime/gpu/gpu_device.cc:1746] Adding visible gpu devices: 0
2020-10-05 21:20:33.515016: I tensorflow/core/common_runtime/gpu/gpu_device.cc:1159] Device interconnect StreamExecutor with strength 1 edge matrix:
2020-10-05 21:20:33.515372: I tensorflow/core/common_runtime/gpu/gpu_device.cc:1165]      0 
2020-10-05 21:20:33.515625: I tensorflow/core/common_runtime/gpu/gpu_device.cc:1178] 0:   N 
2020-10-05 21:20:33.516141: I tensorflow/core/common_runtime/gpu/gpu_device.cc:1304] Created TensorFlow device (/job:localhost/replica:0/task:0/device:GPU:0 with 8686 MB memory) -> physical GPU (device: 0, name: GeForce RTX 2080 Ti, pci bus id: 0000:73:00.0, compute capability: 7.5)
[       OK ] TestModuleNaming.test_modules_not_numbered_in_eager
[ RUN      ] TestModuleNaming.test_overridden_name_scope
[       OK ] TestModuleNaming.test_overridden_name_scope
[ RUN      ] TestModuleNaming.test_patched_callable
[       OK ] TestModuleNaming.test_patched_callable
[ RUN      ] TestModuleNaming.test_property
[       OK ] TestModuleNaming.test_property
[ RUN      ] TestModuleNaming.test_property_no_name_scope
[       OK ] TestModuleNaming.test_property_no_name_scope
[ RUN      ] TestModuleNaming.test_session
[  SKIPPED ] TestModuleNaming.test_session
[ RUN      ] TestModuleNaming.test_single_name
[  FAILED  ] TestModuleNaming.test_single_name
[ RUN      ] TestModuleNaming.test_subclassed_module
[       OK ] TestModuleNaming.test_subclassed_module
[ RUN      ] TestModuleNaming.test_submodule_created_late
[  FAILED  ] TestModuleNaming.test_submodule_created_late
[ RUN      ] VariableNamingTest.test_session
[  SKIPPED ] VariableNamingTest.test_session
[ RUN      ] VariableNamingTest.test_variable_names
[       OK ] VariableNamingTest.test_variable_names
[ RUN      ] VariableTrackingTest.test_session
[  SKIPPED ] VariableTrackingTest.test_session
[ RUN      ] VariableTrackingTest.test_supports_distributed_variables
[       OK ] VariableTrackingTest.test_supports_distributed_variables
[ RUN      ] VariableTrackingTest.test_trainable_variables
[       OK ] VariableTrackingTest.test_trainable_variables
[ RUN      ] VariableTrackingTest.test_trainable_variables_ignores_non_trainable
[       OK ] VariableTrackingTest.test_trainable_variables_ignores_non_trainable
[ RUN      ] VariableTrackingTest.test_variables
[       OK ] VariableTrackingTest.test_variables
======================================================================
FAIL: test_construct_in_scope (__main__.TestModuleNaming)
TestModuleNaming.test_construct_in_scope
----------------------------------------------------------------------
Traceback (most recent call last):
  File "module_test.py", line 102, in test_construct_in_scope
    self.assertEqual(mod.name, "bar")
AssertionError: None != 'bar'

======================================================================
FAIL: test_single_name (__main__.TestModuleNaming)
TestModuleNaming.test_single_name
----------------------------------------------------------------------
Traceback (most recent call last):
  File "module_test.py", line 90, in test_single_name
    self.assertEqual(mod.name, "simple")
AssertionError: None != 'simple'

======================================================================
FAIL: test_submodule_created_late (__main__.TestModuleNaming)
TestModuleNaming.test_submodule_created_late
----------------------------------------------------------------------
Traceback (most recent call last):
  File "module_test.py", line 146, in test_submodule_created_late
    self.assertEqual(m.name, "tree_module")
AssertionError: None != 'tree_module'

----------------------------------------------------------------------
Ran 50 tests in 2.843s

FAILED (failures=3, skipped=10)
