2020-10-05 21:22:40.798963: I tensorflow/stream_executor/platform/default/dso_loader.cc:44] Successfully opened dynamic library cudart64_100.dll
Running tests under Python 3.6.12: C:\ProgramData\Anaconda3\envs\keras\python.exe
[ RUN      ] AbcTest.testAbstract
[       OK ] AbcTest.testAbstract
[ RUN      ] AbcTest.testConcrete
[       OK ] AbcTest.testConcrete
[ RUN      ] AbcTest.test_session
[  SKIPPED ] AbcTest.test_session
[ RUN      ] FlattenTest.test_attribute_traversal_key
WARNING:tensorflow:From C:\ProgramData\Anaconda3\envs\keras\lib\site-packages\tensorflow_core\python\ops\resource_variable_ops.py:1630: calling BaseResourceVariable.__init__ (from tensorflow.python.ops.resource_variable_ops) with constraint is deprecated and will be removed in a future version.
Instructions for updating:
If using Keras pass *_constraint arguments to layers.
W1005 21:22:44.467502 23316 deprecation.py:506] From C:\ProgramData\Anaconda3\envs\keras\lib\site-packages\tensorflow_core\python\ops\resource_variable_ops.py:1630: calling BaseResourceVariable.__init__ (from tensorflow.python.ops.resource_variable_ops) with constraint is deprecated and will be removed in a future version.
Instructions for updating:
If using Keras pass *_constraint arguments to layers.
2020-10-05 21:22:44.487130: W tensorflow/python/util/util.cc:299] Sets are not currently considered sequences, but this may change in the future, so consider avoiding using them.
[  FAILED  ] FlattenTest.test_attribute_traversal_key
[ RUN      ] FlattenTest.test_attributes_to_ignore
[  FAILED  ] FlattenTest.test_attributes_to_ignore
[ RUN      ] FlattenTest.test_flatten0 (<function FlattenTest.<lambda> at 0x000002A7177327B8>)
[  FAILED  ] FlattenTest.test_flatten0 (<function FlattenTest.<lambda> at 0x000002A7177327B8>)
[ RUN      ] FlattenTest.test_flatten1 (<class 'list'>)
[  FAILED  ] FlattenTest.test_flatten1 (<class 'list'>)
[ RUN      ] FlattenTest.test_flatten2 (<class 'tuple'>)
[  FAILED  ] FlattenTest.test_flatten2 (<class 'tuple'>)
[ RUN      ] FlattenTest.test_flatten3 (<function <lambda> at 0x000002A717728F28>)
[  FAILED  ] FlattenTest.test_flatten3 (<function <lambda> at 0x000002A717728F28>)
[ RUN      ] FlattenTest.test_model_discover_submodule
[  FAILED  ] FlattenTest.test_model_discover_submodule
[ RUN      ] FlattenTest.test_module_discover_layer_variable
[  FAILED  ] FlattenTest.test_module_discover_layer_variable
[ RUN      ] FlattenTest.test_session
[  SKIPPED ] FlattenTest.test_session
[ RUN      ] FlattenTest.test_with_path
[       OK ] FlattenTest.test_with_path
[ RUN      ] ForwardMethodsTest.testEntersNameScope_call
2020-10-05 21:22:44.544105: I tensorflow/stream_executor/platform/default/dso_loader.cc:44] Successfully opened dynamic library nvcuda.dll
2020-10-05 21:22:44.658909: I tensorflow/core/common_runtime/gpu/gpu_device.cc:1618] Found device 0 with properties: 
name: GeForce RTX 2080 Ti major: 7 minor: 5 memoryClockRate(GHz): 1.65
pciBusID: 0000:73:00.0
2020-10-05 21:22:44.659572: I tensorflow/stream_executor/platform/default/dso_loader.cc:44] Successfully opened dynamic library cudart64_100.dll
2020-10-05 21:22:44.663133: I tensorflow/stream_executor/platform/default/dso_loader.cc:44] Successfully opened dynamic library cublas64_100.dll
2020-10-05 21:22:44.666601: I tensorflow/stream_executor/platform/default/dso_loader.cc:44] Successfully opened dynamic library cufft64_100.dll
2020-10-05 21:22:44.668254: I tensorflow/stream_executor/platform/default/dso_loader.cc:44] Successfully opened dynamic library curand64_100.dll
2020-10-05 21:22:44.673046: I tensorflow/stream_executor/platform/default/dso_loader.cc:44] Successfully opened dynamic library cusolver64_100.dll
2020-10-05 21:22:44.676267: I tensorflow/stream_executor/platform/default/dso_loader.cc:44] Successfully opened dynamic library cusparse64_100.dll
2020-10-05 21:22:44.685855: I tensorflow/stream_executor/platform/default/dso_loader.cc:44] Successfully opened dynamic library cudnn64_7.dll
2020-10-05 21:22:44.686854: I tensorflow/core/common_runtime/gpu/gpu_device.cc:1746] Adding visible gpu devices: 0
2020-10-05 21:22:44.687441: I tensorflow/core/platform/cpu_feature_guard.cc:142] Your CPU supports instructions that this TensorFlow binary was not compiled to use: AVX2
2020-10-05 21:22:44.700429: I tensorflow/core/common_runtime/gpu/gpu_device.cc:1618] Found device 0 with properties: 
name: GeForce RTX 2080 Ti major: 7 minor: 5 memoryClockRate(GHz): 1.65
pciBusID: 0000:73:00.0
2020-10-05 21:22:44.701029: I tensorflow/stream_executor/platform/default/dso_loader.cc:44] Successfully opened dynamic library cudart64_100.dll
2020-10-05 21:22:44.701370: I tensorflow/stream_executor/platform/default/dso_loader.cc:44] Successfully opened dynamic library cublas64_100.dll
2020-10-05 21:22:44.701712: I tensorflow/stream_executor/platform/default/dso_loader.cc:44] Successfully opened dynamic library cufft64_100.dll
2020-10-05 21:22:44.702074: I tensorflow/stream_executor/platform/default/dso_loader.cc:44] Successfully opened dynamic library curand64_100.dll
2020-10-05 21:22:44.702440: I tensorflow/stream_executor/platform/default/dso_loader.cc:44] Successfully opened dynamic library cusolver64_100.dll
2020-10-05 21:22:44.702810: I tensorflow/stream_executor/platform/default/dso_loader.cc:44] Successfully opened dynamic library cusparse64_100.dll
2020-10-05 21:22:44.703177: I tensorflow/stream_executor/platform/default/dso_loader.cc:44] Successfully opened dynamic library cudnn64_7.dll
2020-10-05 21:22:44.704659: I tensorflow/core/common_runtime/gpu/gpu_device.cc:1746] Adding visible gpu devices: 0
2020-10-05 21:22:45.644128: I tensorflow/core/common_runtime/gpu/gpu_device.cc:1159] Device interconnect StreamExecutor with strength 1 edge matrix:
2020-10-05 21:22:45.644541: I tensorflow/core/common_runtime/gpu/gpu_device.cc:1165]      0 
2020-10-05 21:22:45.644774: I tensorflow/core/common_runtime/gpu/gpu_device.cc:1178] 0:   N 
2020-10-05 21:22:45.645518: I tensorflow/core/common_runtime/gpu/gpu_device.cc:1304] Created TensorFlow device (/job:localhost/replica:0/task:0/device:GPU:0 with 8686 MB memory) -> physical GPU (device: 0, name: GeForce RTX 2080 Ti, pci bus id: 0000:73:00.0, compute capability: 7.5)
WARNING:tensorflow:From C:\ProgramData\Anaconda3\envs\keras\lib\contextlib.py:60: TensorFlowTestCase.test_session (from tensorflow.python.framework.test_util) is deprecated and will be removed in a future version.
Instructions for updating:
Use `self.session()` or `self.cached_session()` instead.
W1005 21:22:45.670364 23316 deprecation.py:323] From C:\ProgramData\Anaconda3\envs\keras\lib\contextlib.py:60: TensorFlowTestCase.test_session (from tensorflow.python.framework.test_util) is deprecated and will be removed in a future version.
Instructions for updating:
Use `self.session()` or `self.cached_session()` instead.
2020-10-05 21:22:45.674429: I tensorflow/core/common_runtime/gpu/gpu_device.cc:1618] Found device 0 with properties: 
name: GeForce RTX 2080 Ti major: 7 minor: 5 memoryClockRate(GHz): 1.65
pciBusID: 0000:73:00.0
2020-10-05 21:22:45.674953: I tensorflow/stream_executor/platform/default/dso_loader.cc:44] Successfully opened dynamic library cudart64_100.dll
2020-10-05 21:22:45.675296: I tensorflow/stream_executor/platform/default/dso_loader.cc:44] Successfully opened dynamic library cublas64_100.dll
2020-10-05 21:22:45.675638: I tensorflow/stream_executor/platform/default/dso_loader.cc:44] Successfully opened dynamic library cufft64_100.dll
2020-10-05 21:22:45.675976: I tensorflow/stream_executor/platform/default/dso_loader.cc:44] Successfully opened dynamic library curand64_100.dll
2020-10-05 21:22:45.676321: I tensorflow/stream_executor/platform/default/dso_loader.cc:44] Successfully opened dynamic library cusolver64_100.dll
2020-10-05 21:22:45.676668: I tensorflow/stream_executor/platform/default/dso_loader.cc:44] Successfully opened dynamic library cusparse64_100.dll
2020-10-05 21:22:45.677044: I tensorflow/stream_executor/platform/default/dso_loader.cc:44] Successfully opened dynamic library cudnn64_7.dll
2020-10-05 21:22:45.677635: I tensorflow/core/common_runtime/gpu/gpu_device.cc:1746] Adding visible gpu devices: 0
2020-10-05 21:22:45.678023: I tensorflow/core/common_runtime/gpu/gpu_device.cc:1159] Device interconnect StreamExecutor with strength 1 edge matrix:
2020-10-05 21:22:45.678393: I tensorflow/core/common_runtime/gpu/gpu_device.cc:1165]      0 
2020-10-05 21:22:45.678611: I tensorflow/core/common_runtime/gpu/gpu_device.cc:1178] 0:   N 
2020-10-05 21:22:45.679115: I tensorflow/core/common_runtime/gpu/gpu_device.cc:1304] Created TensorFlow device (/job:localhost/replica:0/task:0/device:GPU:0 with 8686 MB memory) -> physical GPU (device: 0, name: GeForce RTX 2080 Ti, pci bus id: 0000:73:00.0, compute capability: 7.5)
[       OK ] ForwardMethodsTest.testEntersNameScope_call
[ RUN      ] ForwardMethodsTest.testEntersNameScope_concreteFunction
WARNING:tensorflow:Entity <function Function._initialize_uninitialized_variables.<locals>.initialize_variables at 0x000002A71780DA60> could not be transformed and will be executed as-is. Please report this to the AutoGraph team. When filing the bug, set the verbosity to 10 (on Linux, `export AUTOGRAPH_VERBOSITY=10`) and attach the full output. Cause: 'NoneType' object has no attribute '_fields'
W1005 21:22:47.341937 23316 ag_logging.py:146] Entity <function Function._initialize_uninitialized_variables.<locals>.initialize_variables at 0x000002A71780DA60> could not be transformed and will be executed as-is. Please report this to the AutoGraph team. When filing the bug, set the verbosity to 10 (on Linux, `export AUTOGRAPH_VERBOSITY=10`) and attach the full output. Cause: 'NoneType' object has no attribute '_fields'
2020-10-05 21:22:47.357153: I tensorflow/core/common_runtime/gpu/gpu_device.cc:1618] Found device 0 with properties: 
name: GeForce RTX 2080 Ti major: 7 minor: 5 memoryClockRate(GHz): 1.65
pciBusID: 0000:73:00.0
2020-10-05 21:22:47.357717: I tensorflow/stream_executor/platform/default/dso_loader.cc:44] Successfully opened dynamic library cudart64_100.dll
2020-10-05 21:22:47.358075: I tensorflow/stream_executor/platform/default/dso_loader.cc:44] Successfully opened dynamic library cublas64_100.dll
2020-10-05 21:22:47.358420: I tensorflow/stream_executor/platform/default/dso_loader.cc:44] Successfully opened dynamic library cufft64_100.dll
2020-10-05 21:22:47.358758: I tensorflow/stream_executor/platform/default/dso_loader.cc:44] Successfully opened dynamic library curand64_100.dll
2020-10-05 21:22:47.359104: I tensorflow/stream_executor/platform/default/dso_loader.cc:44] Successfully opened dynamic library cusolver64_100.dll
2020-10-05 21:22:47.359457: I tensorflow/stream_executor/platform/default/dso_loader.cc:44] Successfully opened dynamic library cusparse64_100.dll
2020-10-05 21:22:47.359800: I tensorflow/stream_executor/platform/default/dso_loader.cc:44] Successfully opened dynamic library cudnn64_7.dll
2020-10-05 21:22:47.360392: I tensorflow/core/common_runtime/gpu/gpu_device.cc:1746] Adding visible gpu devices: 0
2020-10-05 21:22:47.360707: I tensorflow/core/common_runtime/gpu/gpu_device.cc:1159] Device interconnect StreamExecutor with strength 1 edge matrix:
2020-10-05 21:22:47.361055: I tensorflow/core/common_runtime/gpu/gpu_device.cc:1165]      0 
2020-10-05 21:22:47.361272: I tensorflow/core/common_runtime/gpu/gpu_device.cc:1178] 0:   N 
2020-10-05 21:22:47.361773: I tensorflow/core/common_runtime/gpu/gpu_device.cc:1304] Created TensorFlow device (/job:localhost/replica:0/task:0/device:GPU:0 with 8686 MB memory) -> physical GPU (device: 0, name: GeForce RTX 2080 Ti, pci bus id: 0000:73:00.0, compute capability: 7.5)
WARNING:tensorflow:Entity <function Function._initialize_uninitialized_variables.<locals>.initialize_variables at 0x000002A75E1FD158> could not be transformed and will be executed as-is. Please report this to the AutoGraph team. When filing the bug, set the verbosity to 10 (on Linux, `export AUTOGRAPH_VERBOSITY=10`) and attach the full output. Cause: 'NoneType' object has no attribute '_fields'
W1005 21:22:47.466912 23316 ag_logging.py:146] Entity <function Function._initialize_uninitialized_variables.<locals>.initialize_variables at 0x000002A75E1FD158> could not be transformed and will be executed as-is. Please report this to the AutoGraph team. When filing the bug, set the verbosity to 10 (on Linux, `export AUTOGRAPH_VERBOSITY=10`) and attach the full output. Cause: 'NoneType' object has no attribute '_fields'
[       OK ] ForwardMethodsTest.testEntersNameScope_concreteFunction
[ RUN      ] ForwardMethodsTest.testFunctionType
[       OK ] ForwardMethodsTest.testFunctionType
[ RUN      ] ForwardMethodsTest.test_session
[  SKIPPED ] ForwardMethodsTest.test_session
[ RUN      ] ModuleTrackingTest.test_non_ctor_submodule
[  FAILED  ] ModuleTrackingTest.test_non_ctor_submodule
[ RUN      ] ModuleTrackingTest.test_session
[  SKIPPED ] ModuleTrackingTest.test_session
[ RUN      ] ModuleTrackingTest.test_submodules
[  FAILED  ] ModuleTrackingTest.test_submodules
[ RUN      ] NameScopeTest.test_memoized_in_tf2
[  SKIPPED ] NameScopeTest.test_memoized_in_tf2
[ RUN      ] NameScopeTest.test_not_memoized_in_tf1
[       OK ] NameScopeTest.test_not_memoized_in_tf1
[ RUN      ] NameScopeTest.test_session
[  SKIPPED ] NameScopeTest.test_session
[ RUN      ] TestModuleNaming.test_construct_in_scope
[       OK ] TestModuleNaming.test_construct_in_scope
[ RUN      ] TestModuleNaming.test_ctor_error_closes_name_scope
[       OK ] TestModuleNaming.test_ctor_error_closes_name_scope
[ RUN      ] TestModuleNaming.test_ctor_error_handles_ctor_not_opening_name_scope
[       OK ] TestModuleNaming.test_ctor_error_handles_ctor_not_opening_name_scope
[ RUN      ] TestModuleNaming.test_does_not_evaluate_property_methods
[       OK ] TestModuleNaming.test_does_not_evaluate_property_methods
[ RUN      ] TestModuleNaming.test_enters_name_scope_in_call
[       OK ] TestModuleNaming.test_enters_name_scope_in_call
[ RUN      ] TestModuleNaming.test_enters_name_scope_in_other_method
[       OK ] TestModuleNaming.test_enters_name_scope_in_other_method
[ RUN      ] TestModuleNaming.test_forward_method_closes_name_scope
[       OK ] TestModuleNaming.test_forward_method_closes_name_scope
[ RUN      ] TestModuleNaming.test_get_attr_doesnt_enter_name_scope
[       OK ] TestModuleNaming.test_get_attr_doesnt_enter_name_scope
[ RUN      ] TestModuleNaming.test_get_attribute_doesnt_enter_name_scope
[       OK ] TestModuleNaming.test_get_attribute_doesnt_enter_name_scope
[ RUN      ] TestModuleNaming.test_invalid_name
[       OK ] TestModuleNaming.test_invalid_name
[ RUN      ] TestModuleNaming.test_module_numbering_in_graph
2020-10-05 21:22:47.499461: I tensorflow/core/common_runtime/gpu/gpu_device.cc:1618] Found device 0 with properties: 
name: GeForce RTX 2080 Ti major: 7 minor: 5 memoryClockRate(GHz): 1.65
pciBusID: 0000:73:00.0
2020-10-05 21:22:47.500049: I tensorflow/stream_executor/platform/default/dso_loader.cc:44] Successfully opened dynamic library cudart64_100.dll
2020-10-05 21:22:47.500444: I tensorflow/stream_executor/platform/default/dso_loader.cc:44] Successfully opened dynamic library cublas64_100.dll
2020-10-05 21:22:47.500835: I tensorflow/stream_executor/platform/default/dso_loader.cc:44] Successfully opened dynamic library cufft64_100.dll
2020-10-05 21:22:47.501230: I tensorflow/stream_executor/platform/default/dso_loader.cc:44] Successfully opened dynamic library curand64_100.dll
2020-10-05 21:22:47.501618: I tensorflow/stream_executor/platform/default/dso_loader.cc:44] Successfully opened dynamic library cusolver64_100.dll
2020-10-05 21:22:47.502011: I tensorflow/stream_executor/platform/default/dso_loader.cc:44] Successfully opened dynamic library cusparse64_100.dll
2020-10-05 21:22:47.502408: I tensorflow/stream_executor/platform/default/dso_loader.cc:44] Successfully opened dynamic library cudnn64_7.dll
2020-10-05 21:22:47.503016: I tensorflow/core/common_runtime/gpu/gpu_device.cc:1746] Adding visible gpu devices: 0
2020-10-05 21:22:47.503354: I tensorflow/core/common_runtime/gpu/gpu_device.cc:1159] Device interconnect StreamExecutor with strength 1 edge matrix:
2020-10-05 21:22:47.503755: I tensorflow/core/common_runtime/gpu/gpu_device.cc:1165]      0 
2020-10-05 21:22:47.504064: I tensorflow/core/common_runtime/gpu/gpu_device.cc:1178] 0:   N 
2020-10-05 21:22:47.504599: I tensorflow/core/common_runtime/gpu/gpu_device.cc:1304] Created TensorFlow device (/job:localhost/replica:0/task:0/device:GPU:0 with 8686 MB memory) -> physical GPU (device: 0, name: GeForce RTX 2080 Ti, pci bus id: 0000:73:00.0, compute capability: 7.5)
[  SKIPPED ] TestModuleNaming.test_module_numbering_in_graph
[ RUN      ] TestModuleNaming.test_modules_not_numbered_in_eager
2020-10-05 21:22:47.517076: I tensorflow/core/common_runtime/gpu/gpu_device.cc:1618] Found device 0 with properties: 
name: GeForce RTX 2080 Ti major: 7 minor: 5 memoryClockRate(GHz): 1.65
pciBusID: 0000:73:00.0
2020-10-05 21:22:47.517583: I tensorflow/stream_executor/platform/default/dso_loader.cc:44] Successfully opened dynamic library cudart64_100.dll
2020-10-05 21:22:47.517924: I tensorflow/stream_executor/platform/default/dso_loader.cc:44] Successfully opened dynamic library cublas64_100.dll
2020-10-05 21:22:47.518261: I tensorflow/stream_executor/platform/default/dso_loader.cc:44] Successfully opened dynamic library cufft64_100.dll
2020-10-05 21:22:47.518598: I tensorflow/stream_executor/platform/default/dso_loader.cc:44] Successfully opened dynamic library curand64_100.dll
2020-10-05 21:22:47.518935: I tensorflow/stream_executor/platform/default/dso_loader.cc:44] Successfully opened dynamic library cusolver64_100.dll
2020-10-05 21:22:47.519277: I tensorflow/stream_executor/platform/default/dso_loader.cc:44] Successfully opened dynamic library cusparse64_100.dll
2020-10-05 21:22:47.519627: I tensorflow/stream_executor/platform/default/dso_loader.cc:44] Successfully opened dynamic library cudnn64_7.dll
2020-10-05 21:22:47.520174: I tensorflow/core/common_runtime/gpu/gpu_device.cc:1746] Adding visible gpu devices: 0
2020-10-05 21:22:47.520472: I tensorflow/core/common_runtime/gpu/gpu_device.cc:1159] Device interconnect StreamExecutor with strength 1 edge matrix:
2020-10-05 21:22:47.520818: I tensorflow/core/common_runtime/gpu/gpu_device.cc:1165]      0 
2020-10-05 21:22:47.521034: I tensorflow/core/common_runtime/gpu/gpu_device.cc:1178] 0:   N 
2020-10-05 21:22:47.521510: I tensorflow/core/common_runtime/gpu/gpu_device.cc:1304] Created TensorFlow device (/job:localhost/replica:0/task:0/device:GPU:0 with 8686 MB memory) -> physical GPU (device: 0, name: GeForce RTX 2080 Ti, pci bus id: 0000:73:00.0, compute capability: 7.5)
[       OK ] TestModuleNaming.test_modules_not_numbered_in_eager
[ RUN      ] TestModuleNaming.test_overridden_name_scope
[       OK ] TestModuleNaming.test_overridden_name_scope
[ RUN      ] TestModuleNaming.test_patched_callable
[       OK ] TestModuleNaming.test_patched_callable
[ RUN      ] TestModuleNaming.test_property
[       OK ] TestModuleNaming.test_property
[ RUN      ] TestModuleNaming.test_property_no_name_scope
[       OK ] TestModuleNaming.test_property_no_name_scope
[ RUN      ] TestModuleNaming.test_session
[  SKIPPED ] TestModuleNaming.test_session
[ RUN      ] TestModuleNaming.test_single_name
[       OK ] TestModuleNaming.test_single_name
[ RUN      ] TestModuleNaming.test_subclassed_module
[       OK ] TestModuleNaming.test_subclassed_module
[ RUN      ] TestModuleNaming.test_submodule_created_late
[       OK ] TestModuleNaming.test_submodule_created_late
[ RUN      ] VariableNamingTest.test_session
[  SKIPPED ] VariableNamingTest.test_session
[ RUN      ] VariableNamingTest.test_variable_names
[       OK ] VariableNamingTest.test_variable_names
[ RUN      ] VariableTrackingTest.test_session
[  SKIPPED ] VariableTrackingTest.test_session
[ RUN      ] VariableTrackingTest.test_supports_distributed_variables
[  FAILED  ] VariableTrackingTest.test_supports_distributed_variables
[ RUN      ] VariableTrackingTest.test_trainable_variables
[  FAILED  ] VariableTrackingTest.test_trainable_variables
[ RUN      ] VariableTrackingTest.test_trainable_variables_ignores_non_trainable
[       OK ] VariableTrackingTest.test_trainable_variables_ignores_non_trainable
[ RUN      ] VariableTrackingTest.test_variables
[  FAILED  ] VariableTrackingTest.test_variables
======================================================================
FAIL: test_attribute_traversal_key (__main__.FlattenTest)
FlattenTest.test_attribute_traversal_key
----------------------------------------------------------------------
Traceback (most recent call last):
  File "module_test.py", line 954, in test_attribute_traversal_key
    mod._trainable_variables + mod._non_trainable_variables + [mod._bonus])
AssertionError: [] != ListWrapper([<tf.Variable 'a:0' shape=() [187 chars]32>])

======================================================================
FAIL: test_attributes_to_ignore (__main__.FlattenTest)
FlattenTest.test_attributes_to_ignore
----------------------------------------------------------------------
Traceback (most recent call last):
  File "module_test.py", line 984, in test_attributes_to_ignore
    self.assertLen(mod.variables, 1)
  File "C:\ProgramData\Anaconda3\envs\keras\lib\site-packages\absl\testing\absltest.py", line 926, in assertLen
    container_repr, len(container), expected_len), msg)
  File "C:\ProgramData\Anaconda3\envs\keras\lib\site-packages\absl\testing\absltest.py", line 1764, in fail
    return super(TestCase, self).fail(self._formatMessage(prefix, msg))
AssertionError: () has length of 0, expected 1.

======================================================================
FAIL: test_flatten0 (<function FlattenTest.<lambda> at 0x000002A7177327B8>) (__main__.FlattenTest)
FlattenTest.test_flatten0 (<function FlattenTest.<lambda> at 0x000002A7177327B8>)
test_flatten(<function FlattenTest.<lambda> at 0x000002A7177327B8>)
----------------------------------------------------------------------
Traceback (most recent call last):
  File "C:\ProgramData\Anaconda3\envs\keras\lib\site-packages\absl\testing\parameterized.py", line 286, in bound_param_test
    return test_method(self, testcase_params)
  File "module_test.py", line 934, in test_flatten
    [parent.a[0], parent.a[1], parent.z])
AssertionError: Lists differ: [] != [<__main__.MemberType object at 0x000002A7[109 chars]8D0>]

Second list contains 3 additional elements.
First extra element 0:
<__main__.MemberType object at 0x000002A7177907B8>

- []
+ [<__main__.MemberType object at 0x000002A7177907B8>,
+  <__main__.MemberType object at 0x000002A717790A20>,
+  <__main__.MemberType object at 0x000002A7177908D0>]

======================================================================
FAIL: test_flatten1 (<class 'list'>) (__main__.FlattenTest)
FlattenTest.test_flatten1 (<class 'list'>)
test_flatten(<class 'list'>)
----------------------------------------------------------------------
Traceback (most recent call last):
  File "C:\ProgramData\Anaconda3\envs\keras\lib\site-packages\absl\testing\parameterized.py", line 286, in bound_param_test
    return test_method(self, testcase_params)
  File "module_test.py", line 934, in test_flatten
    [parent.a[0], parent.a[1], parent.z])
AssertionError: Lists differ: [] != [<__main__.MemberType object at 0x000002A7[109 chars]A20>]

Second list contains 3 additional elements.
First extra element 0:
<__main__.MemberType object at 0x000002A7177908D0>

- []
+ [<__main__.MemberType object at 0x000002A7177908D0>,
+  <__main__.MemberType object at 0x000002A7177AEEF0>,
+  <__main__.MemberType object at 0x000002A717790A20>]

======================================================================
FAIL: test_flatten2 (<class 'tuple'>) (__main__.FlattenTest)
FlattenTest.test_flatten2 (<class 'tuple'>)
test_flatten(<class 'tuple'>)
----------------------------------------------------------------------
Traceback (most recent call last):
  File "C:\ProgramData\Anaconda3\envs\keras\lib\site-packages\absl\testing\parameterized.py", line 286, in bound_param_test
    return test_method(self, testcase_params)
  File "module_test.py", line 934, in test_flatten
    [parent.a[0], parent.a[1], parent.z])
AssertionError: Lists differ: [] != [<__main__.MemberType object at 0x000002A7[109 chars]780>]

Second list contains 3 additional elements.
First extra element 0:
<__main__.MemberType object at 0x000002A717790390>

- []
+ [<__main__.MemberType object at 0x000002A717790390>,
+  <__main__.MemberType object at 0x000002A7177909B0>,
+  <__main__.MemberType object at 0x000002A717790780>]

======================================================================
FAIL: test_flatten3 (<function <lambda> at 0x000002A717728F28>) (__main__.FlattenTest)
FlattenTest.test_flatten3 (<function <lambda> at 0x000002A717728F28>)
test_flatten(<function <lambda> at 0x000002A717728F28>)
----------------------------------------------------------------------
Traceback (most recent call last):
  File "C:\ProgramData\Anaconda3\envs\keras\lib\site-packages\absl\testing\parameterized.py", line 286, in bound_param_test
    return test_method(self, testcase_params)
  File "module_test.py", line 934, in test_flatten
    [parent.a[0], parent.a[1], parent.z])
AssertionError: Lists differ: [] != [<__main__.MemberType object at 0x000002A7[109 chars]9B0>]

Second list contains 3 additional elements.
First extra element 0:
<__main__.MemberType object at 0x000002A717790780>

- []
+ [<__main__.MemberType object at 0x000002A717790780>,
+  <__main__.MemberType object at 0x000002A717790588>,
+  <__main__.MemberType object at 0x000002A7177909B0>]

======================================================================
FAIL: test_model_discover_submodule (__main__.FlattenTest)
FlattenTest.test_model_discover_submodule
----------------------------------------------------------------------
Traceback (most recent call last):
  File "module_test.py", line 1072, in test_model_discover_submodule
    self.assertEqual(m.submodules, (m.layers[0], m.layers[1]))
AssertionError: Tuples differ: () != (<tensorflow.python.keras.layers.core.Dens[101 chars]9B0>)

Second tuple contains 2 additional elements.
First extra element 0:
<tensorflow.python.keras.layers.core.Dense object at 0x000002A7177906A0>

- ()
+ (<tensorflow.python.keras.layers.core.Dense object at 0x000002A7177906A0>,
+  <tensorflow.python.keras.layers.core.Dense object at 0x000002A7177AE9B0>)

======================================================================
FAIL: test_module_discover_layer_variable (__main__.FlattenTest)
FlattenTest.test_module_discover_layer_variable
----------------------------------------------------------------------
Traceback (most recent call last):
  File "module_test.py", line 1038, in test_module_discover_layer_variable
    self.assertLen(m.submodules, 2)
  File "C:\ProgramData\Anaconda3\envs\keras\lib\site-packages\absl\testing\absltest.py", line 926, in assertLen
    container_repr, len(container), expected_len), msg)
  File "C:\ProgramData\Anaconda3\envs\keras\lib\site-packages\absl\testing\absltest.py", line 1764, in fail
    return super(TestCase, self).fail(self._formatMessage(prefix, msg))
AssertionError: () has length of 0, expected 2.

======================================================================
FAIL: test_non_ctor_submodule (__main__.ModuleTrackingTest)
ModuleTrackingTest.test_non_ctor_submodule
----------------------------------------------------------------------
Traceback (most recent call last):
  File "module_test.py", line 560, in test_non_ctor_submodule
    self.assertEqual(set(m.submodules), {leaf1})
AssertionError: Items in the second set but not the first:
<__main__.TreeModule object at 0x000002A7177AE7B8>

======================================================================
FAIL: test_submodules (__main__.ModuleTrackingTest)
ModuleTrackingTest.test_submodules
----------------------------------------------------------------------
Traceback (most recent call last):
  File "module_test.py", line 546, in test_submodules
    self.assertEqual(list(m.submodules), [m.child, m.child.child])
AssertionError: Lists differ: [] != [<__main__.RecursiveModule object at 0x000[67 chars]EF0>]

Second list contains 2 additional elements.
First extra element 0:
<__main__.RecursiveModule object at 0x000002A7177AE630>

- []
+ [<__main__.RecursiveModule object at 0x000002A7177AE630>,
+  <__main__.RecursiveModule object at 0x000002A7177AEEF0>]

======================================================================
FAIL: test_supports_distributed_variables (__main__.VariableTrackingTest)
VariableTrackingTest.test_supports_distributed_variables
----------------------------------------------------------------------
Traceback (most recent call last):
  File "module_test.py", line 532, in test_supports_distributed_variables
    self.assertEqual(m.variables, (mirrored, tpu, aggregating))
AssertionError: Tuples differ: () != (MirroredVariable:{
  0 /replica:0/task:0/[227 chars]t32>)

Second tuple contains 3 additional elements.
First extra element 0:
MirroredVariable:{
  0 /replica:0/task:0/device:CPU:0: <tf.Variable 'Variable:0' shape=() dtype=float32>
}

- ()
+ (MirroredVariable:{
+   0 /replica:0/task:0/device:CPU:0: <tf.Variable 'Variable:0' shape=() dtype=float32>
+ },
+  TPUMirroredVariable:{
+   0 /replica:0/task:0/device:CPU:0: <tf.Variable 'Variable_1:0' shape=() dtype=float32>
+ },
+  <tf.Variable 'Variable_2:0' shape=() dtype=float32>)

======================================================================
FAIL: test_trainable_variables (__main__.VariableTrackingTest)
VariableTrackingTest.test_trainable_variables
----------------------------------------------------------------------
Traceback (most recent call last):
  File "module_test.py", line 476, in test_trainable_variables
    (m.w, m.child.w, m.child.child.w))
AssertionError: Tuples differ: () != (<tf.Variable 'badger/mushroom:0' shape=()[148 chars]t32>)

Second tuple contains 3 additional elements.
First extra element 0:
<tf.Variable 'badger/mushroom:0' shape=() dtype=float32>

- ()
+ (<tf.Variable 'badger/mushroom:0' shape=() dtype=float32>,
+  <tf.Variable 'badger/badger/mushroom:0' shape=() dtype=float32>,
+  <tf.Variable 'badger/badger/badger/mushroom:0' shape=() dtype=float32>)

======================================================================
FAIL: test_variables (__main__.VariableTrackingTest)
VariableTrackingTest.test_variables
----------------------------------------------------------------------
Traceback (most recent call last):
  File "module_test.py", line 462, in test_variables
    self.assertEqual(m.variables, (m.w, m.child.w, m.child.child.w))
AssertionError: Tuples differ: () != (<tf.Variable 'badger/mushroom:0' shape=()[148 chars]t32>)

Second tuple contains 3 additional elements.
First extra element 0:
<tf.Variable 'badger/mushroom:0' shape=() dtype=float32>

- ()
+ (<tf.Variable 'badger/mushroom:0' shape=() dtype=float32>,
+  <tf.Variable 'badger/badger/mushroom:0' shape=() dtype=float32>,
+  <tf.Variable 'badger/badger/badger/mushroom:0' shape=() dtype=float32>)

----------------------------------------------------------------------
Ran 50 tests in 3.124s

FAILED (failures=13, skipped=10)
