2020-10-05 21:22:07.599529: I tensorflow/stream_executor/platform/default/dso_loader.cc:44] Successfully opened dynamic library cudart64_100.dll
Running tests under Python 3.6.12: C:\ProgramData\Anaconda3\envs\keras\python.exe
[ RUN      ] AbcTest.testAbstract
[       OK ] AbcTest.testAbstract
[ RUN      ] AbcTest.testConcrete
[       OK ] AbcTest.testConcrete
[ RUN      ] AbcTest.test_session
[  SKIPPED ] AbcTest.test_session
[ RUN      ] FlattenTest.test_attribute_traversal_key
WARNING:tensorflow:From C:\ProgramData\Anaconda3\envs\keras\lib\site-packages\tensorflow_core\python\ops\resource_variable_ops.py:1630: calling BaseResourceVariable.__init__ (from tensorflow.python.ops.resource_variable_ops) with constraint is deprecated and will be removed in a future version.
Instructions for updating:
If using Keras pass *_constraint arguments to layers.
W1005 21:22:11.264412 13560 deprecation.py:506] From C:\ProgramData\Anaconda3\envs\keras\lib\site-packages\tensorflow_core\python\ops\resource_variable_ops.py:1630: calling BaseResourceVariable.__init__ (from tensorflow.python.ops.resource_variable_ops) with constraint is deprecated and will be removed in a future version.
Instructions for updating:
If using Keras pass *_constraint arguments to layers.
2020-10-05 21:22:11.284317: W tensorflow/python/util/util.cc:299] Sets are not currently considered sequences, but this may change in the future, so consider avoiding using them.
[       OK ] FlattenTest.test_attribute_traversal_key
[ RUN      ] FlattenTest.test_attributes_to_ignore
[       OK ] FlattenTest.test_attributes_to_ignore
[ RUN      ] FlattenTest.test_flatten0 (<function FlattenTest.<lambda> at 0x000001EB5A2C27B8>)
[       OK ] FlattenTest.test_flatten0 (<function FlattenTest.<lambda> at 0x000001EB5A2C27B8>)
[ RUN      ] FlattenTest.test_flatten1 (<class 'list'>)
[       OK ] FlattenTest.test_flatten1 (<class 'list'>)
[ RUN      ] FlattenTest.test_flatten2 (<class 'tuple'>)
[       OK ] FlattenTest.test_flatten2 (<class 'tuple'>)
[ RUN      ] FlattenTest.test_flatten3 (<function <lambda> at 0x000001EB5A2B8F28>)
[       OK ] FlattenTest.test_flatten3 (<function <lambda> at 0x000001EB5A2B8F28>)
[ RUN      ] FlattenTest.test_model_discover_submodule
[       OK ] FlattenTest.test_model_discover_submodule
[ RUN      ] FlattenTest.test_module_discover_layer_variable
[       OK ] FlattenTest.test_module_discover_layer_variable
[ RUN      ] FlattenTest.test_session
[  SKIPPED ] FlattenTest.test_session
[ RUN      ] FlattenTest.test_with_path
[       OK ] FlattenTest.test_with_path
[ RUN      ] ForwardMethodsTest.testEntersNameScope_call
2020-10-05 21:22:11.363022: I tensorflow/stream_executor/platform/default/dso_loader.cc:44] Successfully opened dynamic library nvcuda.dll
2020-10-05 21:22:11.477194: I tensorflow/core/common_runtime/gpu/gpu_device.cc:1618] Found device 0 with properties: 
name: GeForce RTX 2080 Ti major: 7 minor: 5 memoryClockRate(GHz): 1.65
pciBusID: 0000:73:00.0
2020-10-05 21:22:11.477722: I tensorflow/stream_executor/platform/default/dso_loader.cc:44] Successfully opened dynamic library cudart64_100.dll
2020-10-05 21:22:11.481263: I tensorflow/stream_executor/platform/default/dso_loader.cc:44] Successfully opened dynamic library cublas64_100.dll
2020-10-05 21:22:11.484685: I tensorflow/stream_executor/platform/default/dso_loader.cc:44] Successfully opened dynamic library cufft64_100.dll
2020-10-05 21:22:11.486317: I tensorflow/stream_executor/platform/default/dso_loader.cc:44] Successfully opened dynamic library curand64_100.dll
2020-10-05 21:22:11.491058: I tensorflow/stream_executor/platform/default/dso_loader.cc:44] Successfully opened dynamic library cusolver64_100.dll
2020-10-05 21:22:11.494307: I tensorflow/stream_executor/platform/default/dso_loader.cc:44] Successfully opened dynamic library cusparse64_100.dll
2020-10-05 21:22:11.503570: I tensorflow/stream_executor/platform/default/dso_loader.cc:44] Successfully opened dynamic library cudnn64_7.dll
2020-10-05 21:22:11.504569: I tensorflow/core/common_runtime/gpu/gpu_device.cc:1746] Adding visible gpu devices: 0
2020-10-05 21:22:11.505148: I tensorflow/core/platform/cpu_feature_guard.cc:142] Your CPU supports instructions that this TensorFlow binary was not compiled to use: AVX2
2020-10-05 21:22:11.518553: I tensorflow/core/common_runtime/gpu/gpu_device.cc:1618] Found device 0 with properties: 
name: GeForce RTX 2080 Ti major: 7 minor: 5 memoryClockRate(GHz): 1.65
pciBusID: 0000:73:00.0
2020-10-05 21:22:11.519102: I tensorflow/stream_executor/platform/default/dso_loader.cc:44] Successfully opened dynamic library cudart64_100.dll
2020-10-05 21:22:11.519478: I tensorflow/stream_executor/platform/default/dso_loader.cc:44] Successfully opened dynamic library cublas64_100.dll
2020-10-05 21:22:11.519817: I tensorflow/stream_executor/platform/default/dso_loader.cc:44] Successfully opened dynamic library cufft64_100.dll
2020-10-05 21:22:11.520155: I tensorflow/stream_executor/platform/default/dso_loader.cc:44] Successfully opened dynamic library curand64_100.dll
2020-10-05 21:22:11.520494: I tensorflow/stream_executor/platform/default/dso_loader.cc:44] Successfully opened dynamic library cusolver64_100.dll
2020-10-05 21:22:11.520840: I tensorflow/stream_executor/platform/default/dso_loader.cc:44] Successfully opened dynamic library cusparse64_100.dll
2020-10-05 21:22:11.521184: I tensorflow/stream_executor/platform/default/dso_loader.cc:44] Successfully opened dynamic library cudnn64_7.dll
2020-10-05 21:22:11.521984: I tensorflow/core/common_runtime/gpu/gpu_device.cc:1746] Adding visible gpu devices: 0
2020-10-05 21:22:12.453411: I tensorflow/core/common_runtime/gpu/gpu_device.cc:1159] Device interconnect StreamExecutor with strength 1 edge matrix:
2020-10-05 21:22:12.453827: I tensorflow/core/common_runtime/gpu/gpu_device.cc:1165]      0 
2020-10-05 21:22:12.454061: I tensorflow/core/common_runtime/gpu/gpu_device.cc:1178] 0:   N 
2020-10-05 21:22:12.454803: I tensorflow/core/common_runtime/gpu/gpu_device.cc:1304] Created TensorFlow device (/job:localhost/replica:0/task:0/device:GPU:0 with 8686 MB memory) -> physical GPU (device: 0, name: GeForce RTX 2080 Ti, pci bus id: 0000:73:00.0, compute capability: 7.5)
WARNING:tensorflow:From C:\ProgramData\Anaconda3\envs\keras\lib\contextlib.py:60: TensorFlowTestCase.test_session (from tensorflow.python.framework.test_util) is deprecated and will be removed in a future version.
Instructions for updating:
Use `self.session()` or `self.cached_session()` instead.
W1005 21:22:12.482920 13560 deprecation.py:323] From C:\ProgramData\Anaconda3\envs\keras\lib\contextlib.py:60: TensorFlowTestCase.test_session (from tensorflow.python.framework.test_util) is deprecated and will be removed in a future version.
Instructions for updating:
Use `self.session()` or `self.cached_session()` instead.
2020-10-05 21:22:12.484692: I tensorflow/core/common_runtime/gpu/gpu_device.cc:1618] Found device 0 with properties: 
name: GeForce RTX 2080 Ti major: 7 minor: 5 memoryClockRate(GHz): 1.65
pciBusID: 0000:73:00.0
2020-10-05 21:22:12.485221: I tensorflow/stream_executor/platform/default/dso_loader.cc:44] Successfully opened dynamic library cudart64_100.dll
2020-10-05 21:22:12.485564: I tensorflow/stream_executor/platform/default/dso_loader.cc:44] Successfully opened dynamic library cublas64_100.dll
2020-10-05 21:22:12.485905: I tensorflow/stream_executor/platform/default/dso_loader.cc:44] Successfully opened dynamic library cufft64_100.dll
2020-10-05 21:22:12.486241: I tensorflow/stream_executor/platform/default/dso_loader.cc:44] Successfully opened dynamic library curand64_100.dll
2020-10-05 21:22:12.486582: I tensorflow/stream_executor/platform/default/dso_loader.cc:44] Successfully opened dynamic library cusolver64_100.dll
2020-10-05 21:22:12.486924: I tensorflow/stream_executor/platform/default/dso_loader.cc:44] Successfully opened dynamic library cusparse64_100.dll
2020-10-05 21:22:12.487267: I tensorflow/stream_executor/platform/default/dso_loader.cc:44] Successfully opened dynamic library cudnn64_7.dll
2020-10-05 21:22:12.487822: I tensorflow/core/common_runtime/gpu/gpu_device.cc:1746] Adding visible gpu devices: 0
2020-10-05 21:22:12.488199: I tensorflow/core/common_runtime/gpu/gpu_device.cc:1159] Device interconnect StreamExecutor with strength 1 edge matrix:
2020-10-05 21:22:12.488550: I tensorflow/core/common_runtime/gpu/gpu_device.cc:1165]      0 
2020-10-05 21:22:12.488771: I tensorflow/core/common_runtime/gpu/gpu_device.cc:1178] 0:   N 
2020-10-05 21:22:12.489262: I tensorflow/core/common_runtime/gpu/gpu_device.cc:1304] Created TensorFlow device (/job:localhost/replica:0/task:0/device:GPU:0 with 8686 MB memory) -> physical GPU (device: 0, name: GeForce RTX 2080 Ti, pci bus id: 0000:73:00.0, compute capability: 7.5)
[       OK ] ForwardMethodsTest.testEntersNameScope_call
[ RUN      ] ForwardMethodsTest.testEntersNameScope_concreteFunction
WARNING:tensorflow:Entity <function Function._initialize_uninitialized_variables.<locals>.initialize_variables at 0x000001EB5A2DFEA0> could not be transformed and will be executed as-is. Please report this to the AutoGraph team. When filing the bug, set the verbosity to 10 (on Linux, `export AUTOGRAPH_VERBOSITY=10`) and attach the full output. Cause: 'NoneType' object has no attribute '_fields'
W1005 21:22:14.216954 13560 ag_logging.py:146] Entity <function Function._initialize_uninitialized_variables.<locals>.initialize_variables at 0x000001EB5A2DFEA0> could not be transformed and will be executed as-is. Please report this to the AutoGraph team. When filing the bug, set the verbosity to 10 (on Linux, `export AUTOGRAPH_VERBOSITY=10`) and attach the full output. Cause: 'NoneType' object has no attribute '_fields'
2020-10-05 21:22:14.231936: I tensorflow/core/common_runtime/gpu/gpu_device.cc:1618] Found device 0 with properties: 
name: GeForce RTX 2080 Ti major: 7 minor: 5 memoryClockRate(GHz): 1.65
pciBusID: 0000:73:00.0
2020-10-05 21:22:14.232472: I tensorflow/stream_executor/platform/default/dso_loader.cc:44] Successfully opened dynamic library cudart64_100.dll
2020-10-05 21:22:14.232824: I tensorflow/stream_executor/platform/default/dso_loader.cc:44] Successfully opened dynamic library cublas64_100.dll
2020-10-05 21:22:14.233167: I tensorflow/stream_executor/platform/default/dso_loader.cc:44] Successfully opened dynamic library cufft64_100.dll
2020-10-05 21:22:14.233504: I tensorflow/stream_executor/platform/default/dso_loader.cc:44] Successfully opened dynamic library curand64_100.dll
2020-10-05 21:22:14.233848: I tensorflow/stream_executor/platform/default/dso_loader.cc:44] Successfully opened dynamic library cusolver64_100.dll
2020-10-05 21:22:14.234216: I tensorflow/stream_executor/platform/default/dso_loader.cc:44] Successfully opened dynamic library cusparse64_100.dll
2020-10-05 21:22:14.234595: I tensorflow/stream_executor/platform/default/dso_loader.cc:44] Successfully opened dynamic library cudnn64_7.dll
2020-10-05 21:22:14.235218: I tensorflow/core/common_runtime/gpu/gpu_device.cc:1746] Adding visible gpu devices: 0
2020-10-05 21:22:14.235552: I tensorflow/core/common_runtime/gpu/gpu_device.cc:1159] Device interconnect StreamExecutor with strength 1 edge matrix:
2020-10-05 21:22:14.235899: I tensorflow/core/common_runtime/gpu/gpu_device.cc:1165]      0 
2020-10-05 21:22:14.236115: I tensorflow/core/common_runtime/gpu/gpu_device.cc:1178] 0:   N 
2020-10-05 21:22:14.236601: I tensorflow/core/common_runtime/gpu/gpu_device.cc:1304] Created TensorFlow device (/job:localhost/replica:0/task:0/device:GPU:0 with 8686 MB memory) -> physical GPU (device: 0, name: GeForce RTX 2080 Ti, pci bus id: 0000:73:00.0, compute capability: 7.5)
WARNING:tensorflow:Entity <function Function._initialize_uninitialized_variables.<locals>.initialize_variables at 0x000001EDA07678C8> could not be transformed and will be executed as-is. Please report this to the AutoGraph team. When filing the bug, set the verbosity to 10 (on Linux, `export AUTOGRAPH_VERBOSITY=10`) and attach the full output. Cause: 'NoneType' object has no attribute '_fields'
W1005 21:22:14.341931 13560 ag_logging.py:146] Entity <function Function._initialize_uninitialized_variables.<locals>.initialize_variables at 0x000001EDA07678C8> could not be transformed and will be executed as-is. Please report this to the AutoGraph team. When filing the bug, set the verbosity to 10 (on Linux, `export AUTOGRAPH_VERBOSITY=10`) and attach the full output. Cause: 'NoneType' object has no attribute '_fields'
[       OK ] ForwardMethodsTest.testEntersNameScope_concreteFunction
[ RUN      ] ForwardMethodsTest.testFunctionType
[       OK ] ForwardMethodsTest.testFunctionType
[ RUN      ] ForwardMethodsTest.test_session
[  SKIPPED ] ForwardMethodsTest.test_session
[ RUN      ] ModuleTrackingTest.test_non_ctor_submodule
[       OK ] ModuleTrackingTest.test_non_ctor_submodule
[ RUN      ] ModuleTrackingTest.test_session
[  SKIPPED ] ModuleTrackingTest.test_session
[ RUN      ] ModuleTrackingTest.test_submodules
[  FAILED  ] ModuleTrackingTest.test_submodules
[ RUN      ] NameScopeTest.test_memoized_in_tf2
[  SKIPPED ] NameScopeTest.test_memoized_in_tf2
[ RUN      ] NameScopeTest.test_not_memoized_in_tf1
[  FAILED  ] NameScopeTest.test_not_memoized_in_tf1
[ RUN      ] NameScopeTest.test_session
[  SKIPPED ] NameScopeTest.test_session
[ RUN      ] TestModuleNaming.test_construct_in_scope
[  FAILED  ] TestModuleNaming.test_construct_in_scope
[ RUN      ] TestModuleNaming.test_ctor_error_closes_name_scope
[       OK ] TestModuleNaming.test_ctor_error_closes_name_scope
[ RUN      ] TestModuleNaming.test_ctor_error_handles_ctor_not_opening_name_scope
[       OK ] TestModuleNaming.test_ctor_error_handles_ctor_not_opening_name_scope
[ RUN      ] TestModuleNaming.test_does_not_evaluate_property_methods
[       OK ] TestModuleNaming.test_does_not_evaluate_property_methods
[ RUN      ] TestModuleNaming.test_enters_name_scope_in_call
[       OK ] TestModuleNaming.test_enters_name_scope_in_call
[ RUN      ] TestModuleNaming.test_enters_name_scope_in_other_method
[       OK ] TestModuleNaming.test_enters_name_scope_in_other_method
[ RUN      ] TestModuleNaming.test_forward_method_closes_name_scope
[       OK ] TestModuleNaming.test_forward_method_closes_name_scope
[ RUN      ] TestModuleNaming.test_get_attr_doesnt_enter_name_scope
[       OK ] TestModuleNaming.test_get_attr_doesnt_enter_name_scope
[ RUN      ] TestModuleNaming.test_get_attribute_doesnt_enter_name_scope
[       OK ] TestModuleNaming.test_get_attribute_doesnt_enter_name_scope
[ RUN      ] TestModuleNaming.test_invalid_name
[  FAILED  ] TestModuleNaming.test_invalid_name
[ RUN      ] TestModuleNaming.test_module_numbering_in_graph
2020-10-05 21:22:14.379410: I tensorflow/core/common_runtime/gpu/gpu_device.cc:1618] Found device 0 with properties: 
name: GeForce RTX 2080 Ti major: 7 minor: 5 memoryClockRate(GHz): 1.65
pciBusID: 0000:73:00.0
2020-10-05 21:22:14.380497: I tensorflow/stream_executor/platform/default/dso_loader.cc:44] Successfully opened dynamic library cudart64_100.dll
2020-10-05 21:22:14.381222: I tensorflow/stream_executor/platform/default/dso_loader.cc:44] Successfully opened dynamic library cublas64_100.dll
2020-10-05 21:22:14.381621: I tensorflow/stream_executor/platform/default/dso_loader.cc:44] Successfully opened dynamic library cufft64_100.dll
2020-10-05 21:22:14.381995: I tensorflow/stream_executor/platform/default/dso_loader.cc:44] Successfully opened dynamic library curand64_100.dll
2020-10-05 21:22:14.382370: I tensorflow/stream_executor/platform/default/dso_loader.cc:44] Successfully opened dynamic library cusolver64_100.dll
2020-10-05 21:22:14.382751: I tensorflow/stream_executor/platform/default/dso_loader.cc:44] Successfully opened dynamic library cusparse64_100.dll
2020-10-05 21:22:14.383135: I tensorflow/stream_executor/platform/default/dso_loader.cc:44] Successfully opened dynamic library cudnn64_7.dll
2020-10-05 21:22:14.383749: I tensorflow/core/common_runtime/gpu/gpu_device.cc:1746] Adding visible gpu devices: 0
2020-10-05 21:22:14.384087: I tensorflow/core/common_runtime/gpu/gpu_device.cc:1159] Device interconnect StreamExecutor with strength 1 edge matrix:
2020-10-05 21:22:14.384474: I tensorflow/core/common_runtime/gpu/gpu_device.cc:1165]      0 
2020-10-05 21:22:14.384772: I tensorflow/core/common_runtime/gpu/gpu_device.cc:1178] 0:   N 
2020-10-05 21:22:14.385311: I tensorflow/core/common_runtime/gpu/gpu_device.cc:1304] Created TensorFlow device (/job:localhost/replica:0/task:0/device:GPU:0 with 8686 MB memory) -> physical GPU (device: 0, name: GeForce RTX 2080 Ti, pci bus id: 0000:73:00.0, compute capability: 7.5)
[  FAILED  ] TestModuleNaming.test_module_numbering_in_graph
[ RUN      ] TestModuleNaming.test_modules_not_numbered_in_eager
2020-10-05 21:22:14.386951: I tensorflow/core/common_runtime/gpu/gpu_device.cc:1618] Found device 0 with properties: 
name: GeForce RTX 2080 Ti major: 7 minor: 5 memoryClockRate(GHz): 1.65
pciBusID: 0000:73:00.0
2020-10-05 21:22:14.387515: I tensorflow/stream_executor/platform/default/dso_loader.cc:44] Successfully opened dynamic library cudart64_100.dll
2020-10-05 21:22:14.387902: I tensorflow/stream_executor/platform/default/dso_loader.cc:44] Successfully opened dynamic library cublas64_100.dll
2020-10-05 21:22:14.388281: I tensorflow/stream_executor/platform/default/dso_loader.cc:44] Successfully opened dynamic library cufft64_100.dll
2020-10-05 21:22:14.388658: I tensorflow/stream_executor/platform/default/dso_loader.cc:44] Successfully opened dynamic library curand64_100.dll
2020-10-05 21:22:14.389072: I tensorflow/stream_executor/platform/default/dso_loader.cc:44] Successfully opened dynamic library cusolver64_100.dll
2020-10-05 21:22:14.389454: I tensorflow/stream_executor/platform/default/dso_loader.cc:44] Successfully opened dynamic library cusparse64_100.dll
2020-10-05 21:22:14.389834: I tensorflow/stream_executor/platform/default/dso_loader.cc:44] Successfully opened dynamic library cudnn64_7.dll
2020-10-05 21:22:14.390438: I tensorflow/core/common_runtime/gpu/gpu_device.cc:1746] Adding visible gpu devices: 0
2020-10-05 21:22:14.390774: I tensorflow/core/common_runtime/gpu/gpu_device.cc:1159] Device interconnect StreamExecutor with strength 1 edge matrix:
2020-10-05 21:22:14.391163: I tensorflow/core/common_runtime/gpu/gpu_device.cc:1165]      0 
2020-10-05 21:22:14.391417: I tensorflow/core/common_runtime/gpu/gpu_device.cc:1178] 0:   N 
2020-10-05 21:22:14.391887: I tensorflow/core/common_runtime/gpu/gpu_device.cc:1304] Created TensorFlow device (/job:localhost/replica:0/task:0/device:GPU:0 with 8686 MB memory) -> physical GPU (device: 0, name: GeForce RTX 2080 Ti, pci bus id: 0000:73:00.0, compute capability: 7.5)
[  FAILED  ] TestModuleNaming.test_modules_not_numbered_in_eager
[ RUN      ] TestModuleNaming.test_overridden_name_scope
[       OK ] TestModuleNaming.test_overridden_name_scope
[ RUN      ] TestModuleNaming.test_patched_callable
[  FAILED  ] TestModuleNaming.test_patched_callable
[ RUN      ] TestModuleNaming.test_property
[       OK ] TestModuleNaming.test_property
[ RUN      ] TestModuleNaming.test_property_no_name_scope
[       OK ] TestModuleNaming.test_property_no_name_scope
[ RUN      ] TestModuleNaming.test_session
[  SKIPPED ] TestModuleNaming.test_session
[ RUN      ] TestModuleNaming.test_single_name
[  FAILED  ] TestModuleNaming.test_single_name
[ RUN      ] TestModuleNaming.test_subclassed_module
[       OK ] TestModuleNaming.test_subclassed_module
[ RUN      ] TestModuleNaming.test_submodule_created_late
[       OK ] TestModuleNaming.test_submodule_created_late
[ RUN      ] VariableNamingTest.test_session
[  SKIPPED ] VariableNamingTest.test_session
[ RUN      ] VariableNamingTest.test_variable_names
[  FAILED  ] VariableNamingTest.test_variable_names
[ RUN      ] VariableTrackingTest.test_session
[  SKIPPED ] VariableTrackingTest.test_session
[ RUN      ] VariableTrackingTest.test_supports_distributed_variables
[       OK ] VariableTrackingTest.test_supports_distributed_variables
[ RUN      ] VariableTrackingTest.test_trainable_variables
[  FAILED  ] VariableTrackingTest.test_trainable_variables
[ RUN      ] VariableTrackingTest.test_trainable_variables_ignores_non_trainable
[  FAILED  ] VariableTrackingTest.test_trainable_variables_ignores_non_trainable
[ RUN      ] VariableTrackingTest.test_variables
[  FAILED  ] VariableTrackingTest.test_variables
======================================================================
ERROR: test_submodules (__main__.ModuleTrackingTest)
ModuleTrackingTest.test_submodules
----------------------------------------------------------------------
Traceback (most recent call last):
  File "module_test.py", line 544, in test_submodules
    m = RecursiveModule(3)
  File "module_test.py", line 694, in __init__
    super(RecursiveModule, self).__init__(name="badger")
  File "C:\ProgramData\Anaconda3\envs\keras\lib\site-packages\tensorflow_core\python\module\module.py", line 114, in __init__
    "identifiers (e.g. a valid class name)." % name)
ValueError: 'badger' is not a valid module name. Module names must be valid Python identifiers (e.g. a valid class name).

======================================================================
ERROR: test_not_memoized_in_tf1 (__main__.NameScopeTest)
NameScopeTest.test_not_memoized_in_tf1
----------------------------------------------------------------------
Traceback (most recent call last):
  File "C:\ProgramData\Anaconda3\envs\keras\lib\site-packages\tensorflow_core\python\framework\test_util.py", line 1216, in decorated
    return f(self, *args, **kwargs)
  File "module_test.py", line 422, in test_not_memoized_in_tf1
    mod = module.Module(name="name")
  File "C:\ProgramData\Anaconda3\envs\keras\lib\site-packages\tensorflow_core\python\module\module.py", line 114, in __init__
    "identifiers (e.g. a valid class name)." % name)
ValueError: 'name' is not a valid module name. Module names must be valid Python identifiers (e.g. a valid class name).

======================================================================
ERROR: test_construct_in_scope (__main__.TestModuleNaming)
TestModuleNaming.test_construct_in_scope
----------------------------------------------------------------------
Traceback (most recent call last):
  File "module_test.py", line 100, in test_construct_in_scope
    mod = module.Module(name="bar")
  File "C:\ProgramData\Anaconda3\envs\keras\lib\site-packages\tensorflow_core\python\module\module.py", line 114, in __init__
    "identifiers (e.g. a valid class name)." % name)
ValueError: 'bar' is not a valid module name. Module names must be valid Python identifiers (e.g. a valid class name).

======================================================================
ERROR: test_module_numbering_in_graph (__main__.TestModuleNaming)
TestModuleNaming.test_module_numbering_in_graph
----------------------------------------------------------------------
Traceback (most recent call last):
  File "C:\ProgramData\Anaconda3\envs\keras\lib\site-packages\tensorflow_core\python\framework\test_util.py", line 1080, in decorated
    f(self, *args, **kwargs)
  File "module_test.py", line 266, in test_module_numbering_in_graph
    mod = RecursiveModule(2)
  File "module_test.py", line 694, in __init__
    super(RecursiveModule, self).__init__(name="badger")
  File "C:\ProgramData\Anaconda3\envs\keras\lib\site-packages\tensorflow_core\python\module\module.py", line 114, in __init__
    "identifiers (e.g. a valid class name)." % name)
ValueError: 'badger' is not a valid module name. Module names must be valid Python identifiers (e.g. a valid class name).

======================================================================
ERROR: test_modules_not_numbered_in_eager (__main__.TestModuleNaming)
TestModuleNaming.test_modules_not_numbered_in_eager
----------------------------------------------------------------------
Traceback (most recent call last):
  File "C:\ProgramData\Anaconda3\envs\keras\lib\site-packages\tensorflow_core\python\framework\test_util.py", line 1107, in decorated
    run_eagerly(self, **kwargs)
  File "C:\ProgramData\Anaconda3\envs\keras\lib\site-packages\tensorflow_core\python\framework\test_util.py", line 1089, in run_eagerly
    f(self, *args, **kwargs)
  File "module_test.py", line 240, in test_modules_not_numbered_in_eager
    mod = RecursiveModule(2)
  File "module_test.py", line 694, in __init__
    super(RecursiveModule, self).__init__(name="badger")
  File "C:\ProgramData\Anaconda3\envs\keras\lib\site-packages\tensorflow_core\python\module\module.py", line 114, in __init__
    "identifiers (e.g. a valid class name)." % name)
ValueError: 'badger' is not a valid module name. Module names must be valid Python identifiers (e.g. a valid class name).

======================================================================
ERROR: test_patched_callable (__main__.TestModuleNaming)
TestModuleNaming.test_patched_callable
----------------------------------------------------------------------
Traceback (most recent call last):
  File "module_test.py", line 182, in test_patched_callable
    mod = module.Module(name="bar")
  File "C:\ProgramData\Anaconda3\envs\keras\lib\site-packages\tensorflow_core\python\module\module.py", line 114, in __init__
    "identifiers (e.g. a valid class name)." % name)
ValueError: 'bar' is not a valid module name. Module names must be valid Python identifiers (e.g. a valid class name).

======================================================================
ERROR: test_single_name (__main__.TestModuleNaming)
TestModuleNaming.test_single_name
----------------------------------------------------------------------
Traceback (most recent call last):
  File "module_test.py", line 88, in test_single_name
    mod = module.Module(name="simple")
  File "C:\ProgramData\Anaconda3\envs\keras\lib\site-packages\tensorflow_core\python\module\module.py", line 114, in __init__
    "identifiers (e.g. a valid class name)." % name)
ValueError: 'simple' is not a valid module name. Module names must be valid Python identifiers (e.g. a valid class name).

======================================================================
ERROR: test_variable_names (__main__.VariableNamingTest)
VariableNamingTest.test_variable_names
----------------------------------------------------------------------
Traceback (most recent call last):
  File "module_test.py", line 396, in test_variable_names
    mod = RecursiveModule(3)
  File "module_test.py", line 694, in __init__
    super(RecursiveModule, self).__init__(name="badger")
  File "C:\ProgramData\Anaconda3\envs\keras\lib\site-packages\tensorflow_core\python\module\module.py", line 114, in __init__
    "identifiers (e.g. a valid class name)." % name)
ValueError: 'badger' is not a valid module name. Module names must be valid Python identifiers (e.g. a valid class name).

======================================================================
ERROR: test_trainable_variables (__main__.VariableTrackingTest)
VariableTrackingTest.test_trainable_variables
----------------------------------------------------------------------
Traceback (most recent call last):
  File "module_test.py", line 472, in test_trainable_variables
    m = RecursiveModule(3)
  File "module_test.py", line 694, in __init__
    super(RecursiveModule, self).__init__(name="badger")
  File "C:\ProgramData\Anaconda3\envs\keras\lib\site-packages\tensorflow_core\python\module\module.py", line 114, in __init__
    "identifiers (e.g. a valid class name)." % name)
ValueError: 'badger' is not a valid module name. Module names must be valid Python identifiers (e.g. a valid class name).

======================================================================
ERROR: test_trainable_variables_ignores_non_trainable (__main__.VariableTrackingTest)
VariableTrackingTest.test_trainable_variables_ignores_non_trainable
----------------------------------------------------------------------
Traceback (most recent call last):
  File "module_test.py", line 488, in test_trainable_variables_ignores_non_trainable
    m = RecursiveModule(3, trainable=False)
  File "module_test.py", line 694, in __init__
    super(RecursiveModule, self).__init__(name="badger")
  File "C:\ProgramData\Anaconda3\envs\keras\lib\site-packages\tensorflow_core\python\module\module.py", line 114, in __init__
    "identifiers (e.g. a valid class name)." % name)
ValueError: 'badger' is not a valid module name. Module names must be valid Python identifiers (e.g. a valid class name).

======================================================================
ERROR: test_variables (__main__.VariableTrackingTest)
VariableTrackingTest.test_variables
----------------------------------------------------------------------
Traceback (most recent call last):
  File "module_test.py", line 460, in test_variables
    m = RecursiveModule(3)
  File "module_test.py", line 694, in __init__
    super(RecursiveModule, self).__init__(name="badger")
  File "C:\ProgramData\Anaconda3\envs\keras\lib\site-packages\tensorflow_core\python\module\module.py", line 114, in __init__
    "identifiers (e.g. a valid class name)." % name)
ValueError: 'badger' is not a valid module name. Module names must be valid Python identifiers (e.g. a valid class name).

======================================================================
FAIL: test_invalid_name (__main__.TestModuleNaming)
TestModuleNaming.test_invalid_name
----------------------------------------------------------------------
ValueError: '$Foo' is not a valid scope name

During handling of the above exception, another exception occurred:

Traceback (most recent call last):
  File "module_test.py", line 226, in test_invalid_name
    module.Module(name="$Foo")
AssertionError: ".* is not a valid module name" does not match "'$Foo' is not a valid scope name"

----------------------------------------------------------------------
Ran 50 tests in 3.140s

FAILED (failures=1, errors=11, skipped=9)
