2020-10-05 21:22:24.240319: I tensorflow/stream_executor/platform/default/dso_loader.cc:44] Successfully opened dynamic library cudart64_100.dll
Running tests under Python 3.6.12: C:\ProgramData\Anaconda3\envs\keras\python.exe
[ RUN      ] AbcTest.testAbstract
[       OK ] AbcTest.testAbstract
[ RUN      ] AbcTest.testConcrete
[       OK ] AbcTest.testConcrete
[ RUN      ] AbcTest.test_session
[  SKIPPED ] AbcTest.test_session
[ RUN      ] FlattenTest.test_attribute_traversal_key
WARNING:tensorflow:From C:\ProgramData\Anaconda3\envs\keras\lib\site-packages\tensorflow_core\python\ops\resource_variable_ops.py:1630: calling BaseResourceVariable.__init__ (from tensorflow.python.ops.resource_variable_ops) with constraint is deprecated and will be removed in a future version.
Instructions for updating:
If using Keras pass *_constraint arguments to layers.
W1005 21:22:27.854889  5388 deprecation.py:506] From C:\ProgramData\Anaconda3\envs\keras\lib\site-packages\tensorflow_core\python\ops\resource_variable_ops.py:1630: calling BaseResourceVariable.__init__ (from tensorflow.python.ops.resource_variable_ops) with constraint is deprecated and will be removed in a future version.
Instructions for updating:
If using Keras pass *_constraint arguments to layers.
2020-10-05 21:22:27.875078: W tensorflow/python/util/util.cc:299] Sets are not currently considered sequences, but this may change in the future, so consider avoiding using them.
[  FAILED  ] FlattenTest.test_attribute_traversal_key
[ RUN      ] FlattenTest.test_attributes_to_ignore
[  FAILED  ] FlattenTest.test_attributes_to_ignore
[ RUN      ] FlattenTest.test_flatten0 (<function FlattenTest.<lambda> at 0x00000250F4BD3730>)
[  FAILED  ] FlattenTest.test_flatten0 (<function FlattenTest.<lambda> at 0x00000250F4BD3730>)
[ RUN      ] FlattenTest.test_flatten1 (<class 'list'>)
[  FAILED  ] FlattenTest.test_flatten1 (<class 'list'>)
[ RUN      ] FlattenTest.test_flatten2 (<class 'tuple'>)
[  FAILED  ] FlattenTest.test_flatten2 (<class 'tuple'>)
[ RUN      ] FlattenTest.test_flatten3 (<function <lambda> at 0x00000250F4BC8EA0>)
[  FAILED  ] FlattenTest.test_flatten3 (<function <lambda> at 0x00000250F4BC8EA0>)
[ RUN      ] FlattenTest.test_model_discover_submodule
[  FAILED  ] FlattenTest.test_model_discover_submodule
[ RUN      ] FlattenTest.test_module_discover_layer_variable
[  FAILED  ] FlattenTest.test_module_discover_layer_variable
[ RUN      ] FlattenTest.test_session
[  SKIPPED ] FlattenTest.test_session
[ RUN      ] FlattenTest.test_with_path
[       OK ] FlattenTest.test_with_path
[ RUN      ] ForwardMethodsTest.testEntersNameScope_call
2020-10-05 21:22:27.907773: I tensorflow/stream_executor/platform/default/dso_loader.cc:44] Successfully opened dynamic library nvcuda.dll
2020-10-05 21:22:28.016259: I tensorflow/core/common_runtime/gpu/gpu_device.cc:1618] Found device 0 with properties: 
name: GeForce RTX 2080 Ti major: 7 minor: 5 memoryClockRate(GHz): 1.65
pciBusID: 0000:73:00.0
2020-10-05 21:22:28.016787: I tensorflow/stream_executor/platform/default/dso_loader.cc:44] Successfully opened dynamic library cudart64_100.dll
2020-10-05 21:22:28.020205: I tensorflow/stream_executor/platform/default/dso_loader.cc:44] Successfully opened dynamic library cublas64_100.dll
2020-10-05 21:22:28.023574: I tensorflow/stream_executor/platform/default/dso_loader.cc:44] Successfully opened dynamic library cufft64_100.dll
2020-10-05 21:22:28.025211: I tensorflow/stream_executor/platform/default/dso_loader.cc:44] Successfully opened dynamic library curand64_100.dll
2020-10-05 21:22:28.030038: I tensorflow/stream_executor/platform/default/dso_loader.cc:44] Successfully opened dynamic library cusolver64_100.dll
2020-10-05 21:22:28.033242: I tensorflow/stream_executor/platform/default/dso_loader.cc:44] Successfully opened dynamic library cusparse64_100.dll
2020-10-05 21:22:28.042466: I tensorflow/stream_executor/platform/default/dso_loader.cc:44] Successfully opened dynamic library cudnn64_7.dll
2020-10-05 21:22:28.043469: I tensorflow/core/common_runtime/gpu/gpu_device.cc:1746] Adding visible gpu devices: 0
2020-10-05 21:22:28.044073: I tensorflow/core/platform/cpu_feature_guard.cc:142] Your CPU supports instructions that this TensorFlow binary was not compiled to use: AVX2
2020-10-05 21:22:28.057597: I tensorflow/core/common_runtime/gpu/gpu_device.cc:1618] Found device 0 with properties: 
name: GeForce RTX 2080 Ti major: 7 minor: 5 memoryClockRate(GHz): 1.65
pciBusID: 0000:73:00.0
2020-10-05 21:22:28.058206: I tensorflow/stream_executor/platform/default/dso_loader.cc:44] Successfully opened dynamic library cudart64_100.dll
2020-10-05 21:22:28.058573: I tensorflow/stream_executor/platform/default/dso_loader.cc:44] Successfully opened dynamic library cublas64_100.dll
2020-10-05 21:22:28.058937: I tensorflow/stream_executor/platform/default/dso_loader.cc:44] Successfully opened dynamic library cufft64_100.dll
2020-10-05 21:22:28.059297: I tensorflow/stream_executor/platform/default/dso_loader.cc:44] Successfully opened dynamic library curand64_100.dll
2020-10-05 21:22:28.059657: I tensorflow/stream_executor/platform/default/dso_loader.cc:44] Successfully opened dynamic library cusolver64_100.dll
2020-10-05 21:22:28.060016: I tensorflow/stream_executor/platform/default/dso_loader.cc:44] Successfully opened dynamic library cusparse64_100.dll
2020-10-05 21:22:28.060356: I tensorflow/stream_executor/platform/default/dso_loader.cc:44] Successfully opened dynamic library cudnn64_7.dll
2020-10-05 21:22:28.061180: I tensorflow/core/common_runtime/gpu/gpu_device.cc:1746] Adding visible gpu devices: 0
2020-10-05 21:22:29.015216: I tensorflow/core/common_runtime/gpu/gpu_device.cc:1159] Device interconnect StreamExecutor with strength 1 edge matrix:
2020-10-05 21:22:29.016584: I tensorflow/core/common_runtime/gpu/gpu_device.cc:1165]      0 
2020-10-05 21:22:29.017403: I tensorflow/core/common_runtime/gpu/gpu_device.cc:1178] 0:   N 
2020-10-05 21:22:29.019671: I tensorflow/core/common_runtime/gpu/gpu_device.cc:1304] Created TensorFlow device (/job:localhost/replica:0/task:0/device:GPU:0 with 8686 MB memory) -> physical GPU (device: 0, name: GeForce RTX 2080 Ti, pci bus id: 0000:73:00.0, compute capability: 7.5)
WARNING:tensorflow:From C:\ProgramData\Anaconda3\envs\keras\lib\contextlib.py:60: TensorFlowTestCase.test_session (from tensorflow.python.framework.test_util) is deprecated and will be removed in a future version.
Instructions for updating:
Use `self.session()` or `self.cached_session()` instead.
W1005 21:22:29.045938  5388 deprecation.py:323] From C:\ProgramData\Anaconda3\envs\keras\lib\contextlib.py:60: TensorFlowTestCase.test_session (from tensorflow.python.framework.test_util) is deprecated and will be removed in a future version.
Instructions for updating:
Use `self.session()` or `self.cached_session()` instead.
2020-10-05 21:22:29.050577: I tensorflow/core/common_runtime/gpu/gpu_device.cc:1618] Found device 0 with properties: 
name: GeForce RTX 2080 Ti major: 7 minor: 5 memoryClockRate(GHz): 1.65
pciBusID: 0000:73:00.0
2020-10-05 21:22:29.051103: I tensorflow/stream_executor/platform/default/dso_loader.cc:44] Successfully opened dynamic library cudart64_100.dll
2020-10-05 21:22:29.051446: I tensorflow/stream_executor/platform/default/dso_loader.cc:44] Successfully opened dynamic library cublas64_100.dll
2020-10-05 21:22:29.051799: I tensorflow/stream_executor/platform/default/dso_loader.cc:44] Successfully opened dynamic library cufft64_100.dll
2020-10-05 21:22:29.052136: I tensorflow/stream_executor/platform/default/dso_loader.cc:44] Successfully opened dynamic library curand64_100.dll
2020-10-05 21:22:29.052473: I tensorflow/stream_executor/platform/default/dso_loader.cc:44] Successfully opened dynamic library cusolver64_100.dll
2020-10-05 21:22:29.052816: I tensorflow/stream_executor/platform/default/dso_loader.cc:44] Successfully opened dynamic library cusparse64_100.dll
2020-10-05 21:22:29.053157: I tensorflow/stream_executor/platform/default/dso_loader.cc:44] Successfully opened dynamic library cudnn64_7.dll
2020-10-05 21:22:29.053735: I tensorflow/core/common_runtime/gpu/gpu_device.cc:1746] Adding visible gpu devices: 0
2020-10-05 21:22:29.054104: I tensorflow/core/common_runtime/gpu/gpu_device.cc:1159] Device interconnect StreamExecutor with strength 1 edge matrix:
2020-10-05 21:22:29.054451: I tensorflow/core/common_runtime/gpu/gpu_device.cc:1165]      0 
2020-10-05 21:22:29.054669: I tensorflow/core/common_runtime/gpu/gpu_device.cc:1178] 0:   N 
2020-10-05 21:22:29.055170: I tensorflow/core/common_runtime/gpu/gpu_device.cc:1304] Created TensorFlow device (/job:localhost/replica:0/task:0/device:GPU:0 with 8686 MB memory) -> physical GPU (device: 0, name: GeForce RTX 2080 Ti, pci bus id: 0000:73:00.0, compute capability: 7.5)
[       OK ] ForwardMethodsTest.testEntersNameScope_call
[ RUN      ] ForwardMethodsTest.testEntersNameScope_concreteFunction
WARNING:tensorflow:Entity <function Function._initialize_uninitialized_variables.<locals>.initialize_variables at 0x00000250F4CAD9D8> could not be transformed and will be executed as-is. Please report this to the AutoGraph team. When filing the bug, set the verbosity to 10 (on Linux, `export AUTOGRAPH_VERBOSITY=10`) and attach the full output. Cause: 'NoneType' object has no attribute '_fields'
W1005 21:22:30.764350  5388 ag_logging.py:146] Entity <function Function._initialize_uninitialized_variables.<locals>.initialize_variables at 0x00000250F4CAD9D8> could not be transformed and will be executed as-is. Please report this to the AutoGraph team. When filing the bug, set the verbosity to 10 (on Linux, `export AUTOGRAPH_VERBOSITY=10`) and attach the full output. Cause: 'NoneType' object has no attribute '_fields'
2020-10-05 21:22:30.780293: I tensorflow/core/common_runtime/gpu/gpu_device.cc:1618] Found device 0 with properties: 
name: GeForce RTX 2080 Ti major: 7 minor: 5 memoryClockRate(GHz): 1.65
pciBusID: 0000:73:00.0
2020-10-05 21:22:30.780855: I tensorflow/stream_executor/platform/default/dso_loader.cc:44] Successfully opened dynamic library cudart64_100.dll
2020-10-05 21:22:30.781225: I tensorflow/stream_executor/platform/default/dso_loader.cc:44] Successfully opened dynamic library cublas64_100.dll
2020-10-05 21:22:30.781583: I tensorflow/stream_executor/platform/default/dso_loader.cc:44] Successfully opened dynamic library cufft64_100.dll
2020-10-05 21:22:30.781918: I tensorflow/stream_executor/platform/default/dso_loader.cc:44] Successfully opened dynamic library curand64_100.dll
2020-10-05 21:22:30.782262: I tensorflow/stream_executor/platform/default/dso_loader.cc:44] Successfully opened dynamic library cusolver64_100.dll
2020-10-05 21:22:30.782607: I tensorflow/stream_executor/platform/default/dso_loader.cc:44] Successfully opened dynamic library cusparse64_100.dll
2020-10-05 21:22:30.782953: I tensorflow/stream_executor/platform/default/dso_loader.cc:44] Successfully opened dynamic library cudnn64_7.dll
2020-10-05 21:22:30.783539: I tensorflow/core/common_runtime/gpu/gpu_device.cc:1746] Adding visible gpu devices: 0
2020-10-05 21:22:30.783851: I tensorflow/core/common_runtime/gpu/gpu_device.cc:1159] Device interconnect StreamExecutor with strength 1 edge matrix:
2020-10-05 21:22:30.784199: I tensorflow/core/common_runtime/gpu/gpu_device.cc:1165]      0 
2020-10-05 21:22:30.784414: I tensorflow/core/common_runtime/gpu/gpu_device.cc:1178] 0:   N 
2020-10-05 21:22:30.784951: I tensorflow/core/common_runtime/gpu/gpu_device.cc:1304] Created TensorFlow device (/job:localhost/replica:0/task:0/device:GPU:0 with 8686 MB memory) -> physical GPU (device: 0, name: GeForce RTX 2080 Ti, pci bus id: 0000:73:00.0, compute capability: 7.5)
WARNING:tensorflow:Entity <function Function._initialize_uninitialized_variables.<locals>.initialize_variables at 0x00000250BB1990D0> could not be transformed and will be executed as-is. Please report this to the AutoGraph team. When filing the bug, set the verbosity to 10 (on Linux, `export AUTOGRAPH_VERBOSITY=10`) and attach the full output. Cause: 'NoneType' object has no attribute '_fields'
W1005 21:22:30.904948  5388 ag_logging.py:146] Entity <function Function._initialize_uninitialized_variables.<locals>.initialize_variables at 0x00000250BB1990D0> could not be transformed and will be executed as-is. Please report this to the AutoGraph team. When filing the bug, set the verbosity to 10 (on Linux, `export AUTOGRAPH_VERBOSITY=10`) and attach the full output. Cause: 'NoneType' object has no attribute '_fields'
[       OK ] ForwardMethodsTest.testEntersNameScope_concreteFunction
[ RUN      ] ForwardMethodsTest.testFunctionType
[       OK ] ForwardMethodsTest.testFunctionType
[ RUN      ] ForwardMethodsTest.test_session
[  SKIPPED ] ForwardMethodsTest.test_session
[ RUN      ] ModuleTrackingTest.test_non_ctor_submodule
[  FAILED  ] ModuleTrackingTest.test_non_ctor_submodule
[ RUN      ] ModuleTrackingTest.test_session
[  SKIPPED ] ModuleTrackingTest.test_session
[ RUN      ] ModuleTrackingTest.test_submodules
[  FAILED  ] ModuleTrackingTest.test_submodules
[ RUN      ] NameScopeTest.test_memoized_in_tf2
[  SKIPPED ] NameScopeTest.test_memoized_in_tf2
[ RUN      ] NameScopeTest.test_not_memoized_in_tf1
[       OK ] NameScopeTest.test_not_memoized_in_tf1
[ RUN      ] NameScopeTest.test_session
[  SKIPPED ] NameScopeTest.test_session
[ RUN      ] TestModuleNaming.test_construct_in_scope
[       OK ] TestModuleNaming.test_construct_in_scope
[ RUN      ] TestModuleNaming.test_ctor_error_closes_name_scope
[       OK ] TestModuleNaming.test_ctor_error_closes_name_scope
[ RUN      ] TestModuleNaming.test_ctor_error_handles_ctor_not_opening_name_scope
[       OK ] TestModuleNaming.test_ctor_error_handles_ctor_not_opening_name_scope
[ RUN      ] TestModuleNaming.test_does_not_evaluate_property_methods
[       OK ] TestModuleNaming.test_does_not_evaluate_property_methods
[ RUN      ] TestModuleNaming.test_enters_name_scope_in_call
[       OK ] TestModuleNaming.test_enters_name_scope_in_call
[ RUN      ] TestModuleNaming.test_enters_name_scope_in_other_method
[       OK ] TestModuleNaming.test_enters_name_scope_in_other_method
[ RUN      ] TestModuleNaming.test_forward_method_closes_name_scope
[       OK ] TestModuleNaming.test_forward_method_closes_name_scope
[ RUN      ] TestModuleNaming.test_get_attr_doesnt_enter_name_scope
[       OK ] TestModuleNaming.test_get_attr_doesnt_enter_name_scope
[ RUN      ] TestModuleNaming.test_get_attribute_doesnt_enter_name_scope
[       OK ] TestModuleNaming.test_get_attribute_doesnt_enter_name_scope
[ RUN      ] TestModuleNaming.test_invalid_name
[       OK ] TestModuleNaming.test_invalid_name
[ RUN      ] TestModuleNaming.test_module_numbering_in_graph
2020-10-05 21:22:30.958781: I tensorflow/core/common_runtime/gpu/gpu_device.cc:1618] Found device 0 with properties: 
name: GeForce RTX 2080 Ti major: 7 minor: 5 memoryClockRate(GHz): 1.65
pciBusID: 0000:73:00.0
2020-10-05 21:22:30.959599: I tensorflow/stream_executor/platform/default/dso_loader.cc:44] Successfully opened dynamic library cudart64_100.dll
2020-10-05 21:22:30.960134: I tensorflow/stream_executor/platform/default/dso_loader.cc:44] Successfully opened dynamic library cublas64_100.dll
2020-10-05 21:22:30.960667: I tensorflow/stream_executor/platform/default/dso_loader.cc:44] Successfully opened dynamic library cufft64_100.dll
2020-10-05 21:22:30.961167: I tensorflow/stream_executor/platform/default/dso_loader.cc:44] Successfully opened dynamic library curand64_100.dll
2020-10-05 21:22:30.961538: I tensorflow/stream_executor/platform/default/dso_loader.cc:44] Successfully opened dynamic library cusolver64_100.dll
2020-10-05 21:22:30.961902: I tensorflow/stream_executor/platform/default/dso_loader.cc:44] Successfully opened dynamic library cusparse64_100.dll
2020-10-05 21:22:30.962266: I tensorflow/stream_executor/platform/default/dso_loader.cc:44] Successfully opened dynamic library cudnn64_7.dll
2020-10-05 21:22:30.962839: I tensorflow/core/common_runtime/gpu/gpu_device.cc:1746] Adding visible gpu devices: 0
2020-10-05 21:22:30.963183: I tensorflow/core/common_runtime/gpu/gpu_device.cc:1159] Device interconnect StreamExecutor with strength 1 edge matrix:
2020-10-05 21:22:30.963554: I tensorflow/core/common_runtime/gpu/gpu_device.cc:1165]      0 
2020-10-05 21:22:30.963845: I tensorflow/core/common_runtime/gpu/gpu_device.cc:1178] 0:   N 
2020-10-05 21:22:30.964370: I tensorflow/core/common_runtime/gpu/gpu_device.cc:1304] Created TensorFlow device (/job:localhost/replica:0/task:0/device:GPU:0 with 8686 MB memory) -> physical GPU (device: 0, name: GeForce RTX 2080 Ti, pci bus id: 0000:73:00.0, compute capability: 7.5)
[  SKIPPED ] TestModuleNaming.test_module_numbering_in_graph
[ RUN      ] TestModuleNaming.test_modules_not_numbered_in_eager
2020-10-05 21:22:30.976664: I tensorflow/core/common_runtime/gpu/gpu_device.cc:1618] Found device 0 with properties: 
name: GeForce RTX 2080 Ti major: 7 minor: 5 memoryClockRate(GHz): 1.65
pciBusID: 0000:73:00.0
2020-10-05 21:22:30.977169: I tensorflow/stream_executor/platform/default/dso_loader.cc:44] Successfully opened dynamic library cudart64_100.dll
2020-10-05 21:22:30.977508: I tensorflow/stream_executor/platform/default/dso_loader.cc:44] Successfully opened dynamic library cublas64_100.dll
2020-10-05 21:22:30.977845: I tensorflow/stream_executor/platform/default/dso_loader.cc:44] Successfully opened dynamic library cufft64_100.dll
2020-10-05 21:22:30.978216: I tensorflow/stream_executor/platform/default/dso_loader.cc:44] Successfully opened dynamic library curand64_100.dll
2020-10-05 21:22:30.978581: I tensorflow/stream_executor/platform/default/dso_loader.cc:44] Successfully opened dynamic library cusolver64_100.dll
2020-10-05 21:22:30.978949: I tensorflow/stream_executor/platform/default/dso_loader.cc:44] Successfully opened dynamic library cusparse64_100.dll
2020-10-05 21:22:30.979321: I tensorflow/stream_executor/platform/default/dso_loader.cc:44] Successfully opened dynamic library cudnn64_7.dll
2020-10-05 21:22:30.979867: I tensorflow/core/common_runtime/gpu/gpu_device.cc:1746] Adding visible gpu devices: 0
2020-10-05 21:22:30.980164: I tensorflow/core/common_runtime/gpu/gpu_device.cc:1159] Device interconnect StreamExecutor with strength 1 edge matrix:
2020-10-05 21:22:30.980508: I tensorflow/core/common_runtime/gpu/gpu_device.cc:1165]      0 
2020-10-05 21:22:30.980723: I tensorflow/core/common_runtime/gpu/gpu_device.cc:1178] 0:   N 
2020-10-05 21:22:30.981195: I tensorflow/core/common_runtime/gpu/gpu_device.cc:1304] Created TensorFlow device (/job:localhost/replica:0/task:0/device:GPU:0 with 8686 MB memory) -> physical GPU (device: 0, name: GeForce RTX 2080 Ti, pci bus id: 0000:73:00.0, compute capability: 7.5)
[       OK ] TestModuleNaming.test_modules_not_numbered_in_eager
[ RUN      ] TestModuleNaming.test_overridden_name_scope
[       OK ] TestModuleNaming.test_overridden_name_scope
[ RUN      ] TestModuleNaming.test_patched_callable
[       OK ] TestModuleNaming.test_patched_callable
[ RUN      ] TestModuleNaming.test_property
[       OK ] TestModuleNaming.test_property
[ RUN      ] TestModuleNaming.test_property_no_name_scope
[       OK ] TestModuleNaming.test_property_no_name_scope
[ RUN      ] TestModuleNaming.test_session
[  SKIPPED ] TestModuleNaming.test_session
[ RUN      ] TestModuleNaming.test_single_name
[       OK ] TestModuleNaming.test_single_name
[ RUN      ] TestModuleNaming.test_subclassed_module
[       OK ] TestModuleNaming.test_subclassed_module
[ RUN      ] TestModuleNaming.test_submodule_created_late
[       OK ] TestModuleNaming.test_submodule_created_late
[ RUN      ] VariableNamingTest.test_session
[  SKIPPED ] VariableNamingTest.test_session
[ RUN      ] VariableNamingTest.test_variable_names
[       OK ] VariableNamingTest.test_variable_names
[ RUN      ] VariableTrackingTest.test_session
[  SKIPPED ] VariableTrackingTest.test_session
[ RUN      ] VariableTrackingTest.test_supports_distributed_variables
[  FAILED  ] VariableTrackingTest.test_supports_distributed_variables
[ RUN      ] VariableTrackingTest.test_trainable_variables
[  FAILED  ] VariableTrackingTest.test_trainable_variables
[ RUN      ] VariableTrackingTest.test_trainable_variables_ignores_non_trainable
[       OK ] VariableTrackingTest.test_trainable_variables_ignores_non_trainable
[ RUN      ] VariableTrackingTest.test_variables
[  FAILED  ] VariableTrackingTest.test_variables
======================================================================
FAIL: test_attribute_traversal_key (__main__.FlattenTest)
FlattenTest.test_attribute_traversal_key
----------------------------------------------------------------------
Traceback (most recent call last):
  File "module_test.py", line 954, in test_attribute_traversal_key
    mod._trainable_variables + mod._non_trainable_variables + [mod._bonus])
AssertionError: [<tf.Variable 'a:0' shape=() dtype=float32>] != ListWrapper([<tf.Variable 'a:0' shape=() [187 chars]32>])

======================================================================
FAIL: test_attributes_to_ignore (__main__.FlattenTest)
FlattenTest.test_attributes_to_ignore
----------------------------------------------------------------------
Traceback (most recent call last):
  File "module_test.py", line 984, in test_attributes_to_ignore
    self.assertLen(mod.variables, 1)
  File "C:\ProgramData\Anaconda3\envs\keras\lib\site-packages\absl\testing\absltest.py", line 926, in assertLen
    container_repr, len(container), expected_len), msg)
  File "C:\ProgramData\Anaconda3\envs\keras\lib\site-packages\absl\testing\absltest.py", line 1764, in fail
    return super(TestCase, self).fail(self._formatMessage(prefix, msg))
AssertionError: () has length of 0, expected 1.

======================================================================
FAIL: test_flatten0 (<function FlattenTest.<lambda> at 0x00000250F4BD3730>) (__main__.FlattenTest)
FlattenTest.test_flatten0 (<function FlattenTest.<lambda> at 0x00000250F4BD3730>)
test_flatten(<function FlattenTest.<lambda> at 0x00000250F4BD3730>)
----------------------------------------------------------------------
Traceback (most recent call last):
  File "C:\ProgramData\Anaconda3\envs\keras\lib\site-packages\absl\testing\parameterized.py", line 286, in bound_param_test
    return test_method(self, testcase_params)
  File "module_test.py", line 934, in test_flatten
    [parent.a[0], parent.a[1], parent.z])
AssertionError: Lists differ: [] != [<__main__.MemberType object at 0x00000250[109 chars]8D0>]

Second list contains 3 additional elements.
First extra element 0:
<__main__.MemberType object at 0x00000250F4C307B8>

- []
+ [<__main__.MemberType object at 0x00000250F4C307B8>,
+  <__main__.MemberType object at 0x00000250F4C30A20>,
+  <__main__.MemberType object at 0x00000250F4C308D0>]

======================================================================
FAIL: test_flatten1 (<class 'list'>) (__main__.FlattenTest)
FlattenTest.test_flatten1 (<class 'list'>)
test_flatten(<class 'list'>)
----------------------------------------------------------------------
Traceback (most recent call last):
  File "C:\ProgramData\Anaconda3\envs\keras\lib\site-packages\absl\testing\parameterized.py", line 286, in bound_param_test
    return test_method(self, testcase_params)
  File "module_test.py", line 934, in test_flatten
    [parent.a[0], parent.a[1], parent.z])
AssertionError: Lists differ: [] != [<__main__.MemberType object at 0x00000250[109 chars]A20>]

Second list contains 3 additional elements.
First extra element 0:
<__main__.MemberType object at 0x00000250F4C308D0>

- []
+ [<__main__.MemberType object at 0x00000250F4C308D0>,
+  <__main__.MemberType object at 0x00000250F4C4BEF0>,
+  <__main__.MemberType object at 0x00000250F4C30A20>]

======================================================================
FAIL: test_flatten2 (<class 'tuple'>) (__main__.FlattenTest)
FlattenTest.test_flatten2 (<class 'tuple'>)
test_flatten(<class 'tuple'>)
----------------------------------------------------------------------
Traceback (most recent call last):
  File "C:\ProgramData\Anaconda3\envs\keras\lib\site-packages\absl\testing\parameterized.py", line 286, in bound_param_test
    return test_method(self, testcase_params)
  File "module_test.py", line 934, in test_flatten
    [parent.a[0], parent.a[1], parent.z])
AssertionError: Lists differ: [] != [<__main__.MemberType object at 0x00000250[109 chars]780>]

Second list contains 3 additional elements.
First extra element 0:
<__main__.MemberType object at 0x00000250F4C30390>

- []
+ [<__main__.MemberType object at 0x00000250F4C30390>,
+  <__main__.MemberType object at 0x00000250F4C309B0>,
+  <__main__.MemberType object at 0x00000250F4C30780>]

======================================================================
FAIL: test_flatten3 (<function <lambda> at 0x00000250F4BC8EA0>) (__main__.FlattenTest)
FlattenTest.test_flatten3 (<function <lambda> at 0x00000250F4BC8EA0>)
test_flatten(<function <lambda> at 0x00000250F4BC8EA0>)
----------------------------------------------------------------------
Traceback (most recent call last):
  File "C:\ProgramData\Anaconda3\envs\keras\lib\site-packages\absl\testing\parameterized.py", line 286, in bound_param_test
    return test_method(self, testcase_params)
  File "module_test.py", line 934, in test_flatten
    [parent.a[0], parent.a[1], parent.z])
AssertionError: Lists differ: [] != [<__main__.MemberType object at 0x00000250[109 chars]9B0>]

Second list contains 3 additional elements.
First extra element 0:
<__main__.MemberType object at 0x00000250F4C30780>

- []
+ [<__main__.MemberType object at 0x00000250F4C30780>,
+  <__main__.MemberType object at 0x00000250F4C30588>,
+  <__main__.MemberType object at 0x00000250F4C309B0>]

======================================================================
FAIL: test_model_discover_submodule (__main__.FlattenTest)
FlattenTest.test_model_discover_submodule
----------------------------------------------------------------------
Traceback (most recent call last):
  File "module_test.py", line 1072, in test_model_discover_submodule
    self.assertEqual(m.submodules, (m.layers[0], m.layers[1]))
AssertionError: Tuples differ: () != (<tensorflow.python.keras.layers.core.Dens[101 chars]9B0>)

Second tuple contains 2 additional elements.
First extra element 0:
<tensorflow.python.keras.layers.core.Dense object at 0x00000250F4C306A0>

- ()
+ (<tensorflow.python.keras.layers.core.Dense object at 0x00000250F4C306A0>,
+  <tensorflow.python.keras.layers.core.Dense object at 0x00000250F4C4B9B0>)

======================================================================
FAIL: test_module_discover_layer_variable (__main__.FlattenTest)
FlattenTest.test_module_discover_layer_variable
----------------------------------------------------------------------
Traceback (most recent call last):
  File "module_test.py", line 1038, in test_module_discover_layer_variable
    self.assertLen(m.submodules, 2)
  File "C:\ProgramData\Anaconda3\envs\keras\lib\site-packages\absl\testing\absltest.py", line 926, in assertLen
    container_repr, len(container), expected_len), msg)
  File "C:\ProgramData\Anaconda3\envs\keras\lib\site-packages\absl\testing\absltest.py", line 1764, in fail
    return super(TestCase, self).fail(self._formatMessage(prefix, msg))
AssertionError: () has length of 0, expected 2.

======================================================================
FAIL: test_non_ctor_submodule (__main__.ModuleTrackingTest)
ModuleTrackingTest.test_non_ctor_submodule
----------------------------------------------------------------------
Traceback (most recent call last):
  File "module_test.py", line 564, in test_non_ctor_submodule
    self.assertEqual(set(m.submodules), {leaf1, leaf2})
AssertionError: Items in the second set but not the first:
<__main__.TreeModule object at 0x00000250F4C4B2B0>

======================================================================
FAIL: test_submodules (__main__.ModuleTrackingTest)
ModuleTrackingTest.test_submodules
----------------------------------------------------------------------
Traceback (most recent call last):
  File "module_test.py", line 546, in test_submodules
    self.assertEqual(list(m.submodules), [m.child, m.child.child])
AssertionError: Lists differ: [] != [<__main__.RecursiveModule object at 0x000[67 chars]470>]

Second list contains 2 additional elements.
First extra element 0:
<__main__.RecursiveModule object at 0x00000250F4C4B128>

- []
+ [<__main__.RecursiveModule object at 0x00000250F4C4B128>,
+  <__main__.RecursiveModule object at 0x00000250F4C4B470>]

======================================================================
FAIL: test_supports_distributed_variables (__main__.VariableTrackingTest)
VariableTrackingTest.test_supports_distributed_variables
----------------------------------------------------------------------
Traceback (most recent call last):
  File "module_test.py", line 532, in test_supports_distributed_variables
    self.assertEqual(m.variables, (mirrored, tpu, aggregating))
AssertionError: Tuples differ: () != (MirroredVariable:{
  0 /replica:0/task:0/[227 chars]t32>)

Second tuple contains 3 additional elements.
First extra element 0:
MirroredVariable:{
  0 /replica:0/task:0/device:CPU:0: <tf.Variable 'Variable:0' shape=() dtype=float32>
}

- ()
+ (MirroredVariable:{
+   0 /replica:0/task:0/device:CPU:0: <tf.Variable 'Variable:0' shape=() dtype=float32>
+ },
+  TPUMirroredVariable:{
+   0 /replica:0/task:0/device:CPU:0: <tf.Variable 'Variable_1:0' shape=() dtype=float32>
+ },
+  <tf.Variable 'Variable_2:0' shape=() dtype=float32>)

======================================================================
FAIL: test_trainable_variables (__main__.VariableTrackingTest)
VariableTrackingTest.test_trainable_variables
----------------------------------------------------------------------
Traceback (most recent call last):
  File "module_test.py", line 476, in test_trainable_variables
    (m.w, m.child.w, m.child.child.w))
AssertionError: Tuples differ: () != (<tf.Variable 'badger/mushroom:0' shape=()[148 chars]t32>)

Second tuple contains 3 additional elements.
First extra element 0:
<tf.Variable 'badger/mushroom:0' shape=() dtype=float32>

- ()
+ (<tf.Variable 'badger/mushroom:0' shape=() dtype=float32>,
+  <tf.Variable 'badger/badger/mushroom:0' shape=() dtype=float32>,
+  <tf.Variable 'badger/badger/badger/mushroom:0' shape=() dtype=float32>)

======================================================================
FAIL: test_variables (__main__.VariableTrackingTest)
VariableTrackingTest.test_variables
----------------------------------------------------------------------
Traceback (most recent call last):
  File "module_test.py", line 462, in test_variables
    self.assertEqual(m.variables, (m.w, m.child.w, m.child.child.w))
AssertionError: Tuples differ: () != (<tf.Variable 'badger/mushroom:0' shape=()[148 chars]t32>)

Second tuple contains 3 additional elements.
First extra element 0:
<tf.Variable 'badger/mushroom:0' shape=() dtype=float32>

- ()
+ (<tf.Variable 'badger/mushroom:0' shape=() dtype=float32>,
+  <tf.Variable 'badger/badger/mushroom:0' shape=() dtype=float32>,
+  <tf.Variable 'badger/badger/badger/mushroom:0' shape=() dtype=float32>)

----------------------------------------------------------------------
Ran 50 tests in 3.191s

FAILED (failures=13, skipped=10)
