2020-10-05 21:22:32.589906: I tensorflow/stream_executor/platform/default/dso_loader.cc:44] Successfully opened dynamic library cudart64_100.dll
Running tests under Python 3.6.12: C:\ProgramData\Anaconda3\envs\keras\python.exe
[ RUN      ] AbcTest.testAbstract
[       OK ] AbcTest.testAbstract
[ RUN      ] AbcTest.testConcrete
[  FAILED  ] AbcTest.testConcrete
[ RUN      ] AbcTest.test_session
[  SKIPPED ] AbcTest.test_session
[ RUN      ] FlattenTest.test_attribute_traversal_key
WARNING:tensorflow:From C:\ProgramData\Anaconda3\envs\keras\lib\site-packages\tensorflow_core\python\ops\resource_variable_ops.py:1630: calling BaseResourceVariable.__init__ (from tensorflow.python.ops.resource_variable_ops) with constraint is deprecated and will be removed in a future version.
Instructions for updating:
If using Keras pass *_constraint arguments to layers.
W1005 21:22:36.297237  4752 deprecation.py:506] From C:\ProgramData\Anaconda3\envs\keras\lib\site-packages\tensorflow_core\python\ops\resource_variable_ops.py:1630: calling BaseResourceVariable.__init__ (from tensorflow.python.ops.resource_variable_ops) with constraint is deprecated and will be removed in a future version.
Instructions for updating:
If using Keras pass *_constraint arguments to layers.
2020-10-05 21:22:36.322384: W tensorflow/python/util/util.cc:299] Sets are not currently considered sequences, but this may change in the future, so consider avoiding using them.
[       OK ] FlattenTest.test_attribute_traversal_key
[ RUN      ] FlattenTest.test_attributes_to_ignore
[       OK ] FlattenTest.test_attributes_to_ignore
[ RUN      ] FlattenTest.test_flatten0 (<function FlattenTest.<lambda> at 0x0000029D63C727B8>)
[       OK ] FlattenTest.test_flatten0 (<function FlattenTest.<lambda> at 0x0000029D63C727B8>)
[ RUN      ] FlattenTest.test_flatten1 (<class 'list'>)
[       OK ] FlattenTest.test_flatten1 (<class 'list'>)
[ RUN      ] FlattenTest.test_flatten2 (<class 'tuple'>)
[       OK ] FlattenTest.test_flatten2 (<class 'tuple'>)
[ RUN      ] FlattenTest.test_flatten3 (<function <lambda> at 0x0000029D63C69F28>)
[       OK ] FlattenTest.test_flatten3 (<function <lambda> at 0x0000029D63C69F28>)
[ RUN      ] FlattenTest.test_model_discover_submodule
[       OK ] FlattenTest.test_model_discover_submodule
[ RUN      ] FlattenTest.test_module_discover_layer_variable
[       OK ] FlattenTest.test_module_discover_layer_variable
[ RUN      ] FlattenTest.test_session
[  SKIPPED ] FlattenTest.test_session
[ RUN      ] FlattenTest.test_with_path
[       OK ] FlattenTest.test_with_path
[ RUN      ] ForwardMethodsTest.testEntersNameScope_call
2020-10-05 21:22:36.400819: I tensorflow/stream_executor/platform/default/dso_loader.cc:44] Successfully opened dynamic library nvcuda.dll
2020-10-05 21:22:36.508593: I tensorflow/core/common_runtime/gpu/gpu_device.cc:1618] Found device 0 with properties: 
name: GeForce RTX 2080 Ti major: 7 minor: 5 memoryClockRate(GHz): 1.65
pciBusID: 0000:73:00.0
2020-10-05 21:22:36.509125: I tensorflow/stream_executor/platform/default/dso_loader.cc:44] Successfully opened dynamic library cudart64_100.dll
2020-10-05 21:22:36.512770: I tensorflow/stream_executor/platform/default/dso_loader.cc:44] Successfully opened dynamic library cublas64_100.dll
2020-10-05 21:22:36.516297: I tensorflow/stream_executor/platform/default/dso_loader.cc:44] Successfully opened dynamic library cufft64_100.dll
2020-10-05 21:22:36.518042: I tensorflow/stream_executor/platform/default/dso_loader.cc:44] Successfully opened dynamic library curand64_100.dll
2020-10-05 21:22:36.522902: I tensorflow/stream_executor/platform/default/dso_loader.cc:44] Successfully opened dynamic library cusolver64_100.dll
2020-10-05 21:22:36.526153: I tensorflow/stream_executor/platform/default/dso_loader.cc:44] Successfully opened dynamic library cusparse64_100.dll
2020-10-05 21:22:36.535577: I tensorflow/stream_executor/platform/default/dso_loader.cc:44] Successfully opened dynamic library cudnn64_7.dll
2020-10-05 21:22:36.536669: I tensorflow/core/common_runtime/gpu/gpu_device.cc:1746] Adding visible gpu devices: 0
2020-10-05 21:22:36.537253: I tensorflow/core/platform/cpu_feature_guard.cc:142] Your CPU supports instructions that this TensorFlow binary was not compiled to use: AVX2
2020-10-05 21:22:36.550245: I tensorflow/core/common_runtime/gpu/gpu_device.cc:1618] Found device 0 with properties: 
name: GeForce RTX 2080 Ti major: 7 minor: 5 memoryClockRate(GHz): 1.65
pciBusID: 0000:73:00.0
2020-10-05 21:22:36.550885: I tensorflow/stream_executor/platform/default/dso_loader.cc:44] Successfully opened dynamic library cudart64_100.dll
2020-10-05 21:22:36.551254: I tensorflow/stream_executor/platform/default/dso_loader.cc:44] Successfully opened dynamic library cublas64_100.dll
2020-10-05 21:22:36.551620: I tensorflow/stream_executor/platform/default/dso_loader.cc:44] Successfully opened dynamic library cufft64_100.dll
2020-10-05 21:22:36.551981: I tensorflow/stream_executor/platform/default/dso_loader.cc:44] Successfully opened dynamic library curand64_100.dll
2020-10-05 21:22:36.552349: I tensorflow/stream_executor/platform/default/dso_loader.cc:44] Successfully opened dynamic library cusolver64_100.dll
2020-10-05 21:22:36.552720: I tensorflow/stream_executor/platform/default/dso_loader.cc:44] Successfully opened dynamic library cusparse64_100.dll
2020-10-05 21:22:36.553089: I tensorflow/stream_executor/platform/default/dso_loader.cc:44] Successfully opened dynamic library cudnn64_7.dll
2020-10-05 21:22:36.554310: I tensorflow/core/common_runtime/gpu/gpu_device.cc:1746] Adding visible gpu devices: 0
2020-10-05 21:22:37.525499: I tensorflow/core/common_runtime/gpu/gpu_device.cc:1159] Device interconnect StreamExecutor with strength 1 edge matrix:
2020-10-05 21:22:37.525914: I tensorflow/core/common_runtime/gpu/gpu_device.cc:1165]      0 
2020-10-05 21:22:37.526151: I tensorflow/core/common_runtime/gpu/gpu_device.cc:1178] 0:   N 
2020-10-05 21:22:37.526895: I tensorflow/core/common_runtime/gpu/gpu_device.cc:1304] Created TensorFlow device (/job:localhost/replica:0/task:0/device:GPU:0 with 8686 MB memory) -> physical GPU (device: 0, name: GeForce RTX 2080 Ti, pci bus id: 0000:73:00.0, compute capability: 7.5)
WARNING:tensorflow:From C:\ProgramData\Anaconda3\envs\keras\lib\contextlib.py:60: TensorFlowTestCase.test_session (from tensorflow.python.framework.test_util) is deprecated and will be removed in a future version.
Instructions for updating:
Use `self.session()` or `self.cached_session()` instead.
W1005 21:22:37.546993  4752 deprecation.py:323] From C:\ProgramData\Anaconda3\envs\keras\lib\contextlib.py:60: TensorFlowTestCase.test_session (from tensorflow.python.framework.test_util) is deprecated and will be removed in a future version.
Instructions for updating:
Use `self.session()` or `self.cached_session()` instead.
2020-10-05 21:22:37.556886: I tensorflow/core/common_runtime/gpu/gpu_device.cc:1618] Found device 0 with properties: 
name: GeForce RTX 2080 Ti major: 7 minor: 5 memoryClockRate(GHz): 1.65
pciBusID: 0000:73:00.0
2020-10-05 21:22:37.557414: I tensorflow/stream_executor/platform/default/dso_loader.cc:44] Successfully opened dynamic library cudart64_100.dll
2020-10-05 21:22:37.557761: I tensorflow/stream_executor/platform/default/dso_loader.cc:44] Successfully opened dynamic library cublas64_100.dll
2020-10-05 21:22:37.558114: I tensorflow/stream_executor/platform/default/dso_loader.cc:44] Successfully opened dynamic library cufft64_100.dll
2020-10-05 21:22:37.558452: I tensorflow/stream_executor/platform/default/dso_loader.cc:44] Successfully opened dynamic library curand64_100.dll
2020-10-05 21:22:37.558791: I tensorflow/stream_executor/platform/default/dso_loader.cc:44] Successfully opened dynamic library cusolver64_100.dll
2020-10-05 21:22:37.559134: I tensorflow/stream_executor/platform/default/dso_loader.cc:44] Successfully opened dynamic library cusparse64_100.dll
2020-10-05 21:22:37.559476: I tensorflow/stream_executor/platform/default/dso_loader.cc:44] Successfully opened dynamic library cudnn64_7.dll
2020-10-05 21:22:37.560028: I tensorflow/core/common_runtime/gpu/gpu_device.cc:1746] Adding visible gpu devices: 0
2020-10-05 21:22:37.560399: I tensorflow/core/common_runtime/gpu/gpu_device.cc:1159] Device interconnect StreamExecutor with strength 1 edge matrix:
2020-10-05 21:22:37.560748: I tensorflow/core/common_runtime/gpu/gpu_device.cc:1165]      0 
2020-10-05 21:22:37.560968: I tensorflow/core/common_runtime/gpu/gpu_device.cc:1178] 0:   N 
2020-10-05 21:22:37.561494: I tensorflow/core/common_runtime/gpu/gpu_device.cc:1304] Created TensorFlow device (/job:localhost/replica:0/task:0/device:GPU:0 with 8686 MB memory) -> physical GPU (device: 0, name: GeForce RTX 2080 Ti, pci bus id: 0000:73:00.0, compute capability: 7.5)
[  FAILED  ] ForwardMethodsTest.testEntersNameScope_call
[ RUN      ] ForwardMethodsTest.testEntersNameScope_concreteFunction
WARNING:tensorflow:Entity <function Function._initialize_uninitialized_variables.<locals>.initialize_variables at 0x0000029D63D2D0D0> could not be transformed and will be executed as-is. Please report this to the AutoGraph team. When filing the bug, set the verbosity to 10 (on Linux, `export AUTOGRAPH_VERBOSITY=10`) and attach the full output. Cause: 'NoneType' object has no attribute '_fields'
W1005 21:22:39.265402  4752 ag_logging.py:146] Entity <function Function._initialize_uninitialized_variables.<locals>.initialize_variables at 0x0000029D63D2D0D0> could not be transformed and will be executed as-is. Please report this to the AutoGraph team. When filing the bug, set the verbosity to 10 (on Linux, `export AUTOGRAPH_VERBOSITY=10`) and attach the full output. Cause: 'NoneType' object has no attribute '_fields'
2020-10-05 21:22:39.276898: I tensorflow/core/common_runtime/gpu/gpu_device.cc:1618] Found device 0 with properties: 
name: GeForce RTX 2080 Ti major: 7 minor: 5 memoryClockRate(GHz): 1.65
pciBusID: 0000:73:00.0
2020-10-05 21:22:39.277426: I tensorflow/stream_executor/platform/default/dso_loader.cc:44] Successfully opened dynamic library cudart64_100.dll
2020-10-05 21:22:39.277769: I tensorflow/stream_executor/platform/default/dso_loader.cc:44] Successfully opened dynamic library cublas64_100.dll
2020-10-05 21:22:39.278114: I tensorflow/stream_executor/platform/default/dso_loader.cc:44] Successfully opened dynamic library cufft64_100.dll
2020-10-05 21:22:39.278451: I tensorflow/stream_executor/platform/default/dso_loader.cc:44] Successfully opened dynamic library curand64_100.dll
2020-10-05 21:22:39.278798: I tensorflow/stream_executor/platform/default/dso_loader.cc:44] Successfully opened dynamic library cusolver64_100.dll
2020-10-05 21:22:39.279145: I tensorflow/stream_executor/platform/default/dso_loader.cc:44] Successfully opened dynamic library cusparse64_100.dll
2020-10-05 21:22:39.279489: I tensorflow/stream_executor/platform/default/dso_loader.cc:44] Successfully opened dynamic library cudnn64_7.dll
2020-10-05 21:22:39.280042: I tensorflow/core/common_runtime/gpu/gpu_device.cc:1746] Adding visible gpu devices: 0
2020-10-05 21:22:39.280354: I tensorflow/core/common_runtime/gpu/gpu_device.cc:1159] Device interconnect StreamExecutor with strength 1 edge matrix:
2020-10-05 21:22:39.280736: I tensorflow/core/common_runtime/gpu/gpu_device.cc:1165]      0 
2020-10-05 21:22:39.280967: I tensorflow/core/common_runtime/gpu/gpu_device.cc:1178] 0:   N 
2020-10-05 21:22:39.281493: I tensorflow/core/common_runtime/gpu/gpu_device.cc:1304] Created TensorFlow device (/job:localhost/replica:0/task:0/device:GPU:0 with 8686 MB memory) -> physical GPU (device: 0, name: GeForce RTX 2080 Ti, pci bus id: 0000:73:00.0, compute capability: 7.5)
[  FAILED  ] ForwardMethodsTest.testEntersNameScope_concreteFunction
[ RUN      ] ForwardMethodsTest.testFunctionType
[       OK ] ForwardMethodsTest.testFunctionType
[ RUN      ] ForwardMethodsTest.test_session
[  SKIPPED ] ForwardMethodsTest.test_session
[ RUN      ] ModuleTrackingTest.test_non_ctor_submodule
[       OK ] ModuleTrackingTest.test_non_ctor_submodule
[ RUN      ] ModuleTrackingTest.test_session
[  SKIPPED ] ModuleTrackingTest.test_session
[ RUN      ] ModuleTrackingTest.test_submodules
[       OK ] ModuleTrackingTest.test_submodules
[ RUN      ] NameScopeTest.test_memoized_in_tf2
[  SKIPPED ] NameScopeTest.test_memoized_in_tf2
[ RUN      ] NameScopeTest.test_not_memoized_in_tf1
[       OK ] NameScopeTest.test_not_memoized_in_tf1
[ RUN      ] NameScopeTest.test_session
[  SKIPPED ] NameScopeTest.test_session
[ RUN      ] TestModuleNaming.test_construct_in_scope
[  FAILED  ] TestModuleNaming.test_construct_in_scope
[ RUN      ] TestModuleNaming.test_ctor_error_closes_name_scope
[       OK ] TestModuleNaming.test_ctor_error_closes_name_scope
[ RUN      ] TestModuleNaming.test_ctor_error_handles_ctor_not_opening_name_scope
[       OK ] TestModuleNaming.test_ctor_error_handles_ctor_not_opening_name_scope
[ RUN      ] TestModuleNaming.test_does_not_evaluate_property_methods
[       OK ] TestModuleNaming.test_does_not_evaluate_property_methods
[ RUN      ] TestModuleNaming.test_enters_name_scope_in_call
[  FAILED  ] TestModuleNaming.test_enters_name_scope_in_call
[ RUN      ] TestModuleNaming.test_enters_name_scope_in_other_method
[  FAILED  ] TestModuleNaming.test_enters_name_scope_in_other_method
[ RUN      ] TestModuleNaming.test_forward_method_closes_name_scope
[       OK ] TestModuleNaming.test_forward_method_closes_name_scope
[ RUN      ] TestModuleNaming.test_get_attr_doesnt_enter_name_scope
[       OK ] TestModuleNaming.test_get_attr_doesnt_enter_name_scope
[ RUN      ] TestModuleNaming.test_get_attribute_doesnt_enter_name_scope
[       OK ] TestModuleNaming.test_get_attribute_doesnt_enter_name_scope
[ RUN      ] TestModuleNaming.test_invalid_name
[       OK ] TestModuleNaming.test_invalid_name
[ RUN      ] TestModuleNaming.test_module_numbering_in_graph
2020-10-05 21:22:39.304785: I tensorflow/core/common_runtime/gpu/gpu_device.cc:1618] Found device 0 with properties: 
name: GeForce RTX 2080 Ti major: 7 minor: 5 memoryClockRate(GHz): 1.65
pciBusID: 0000:73:00.0
2020-10-05 21:22:39.305375: I tensorflow/stream_executor/platform/default/dso_loader.cc:44] Successfully opened dynamic library cudart64_100.dll
2020-10-05 21:22:39.305772: I tensorflow/stream_executor/platform/default/dso_loader.cc:44] Successfully opened dynamic library cublas64_100.dll
2020-10-05 21:22:39.306161: I tensorflow/stream_executor/platform/default/dso_loader.cc:44] Successfully opened dynamic library cufft64_100.dll
2020-10-05 21:22:39.306551: I tensorflow/stream_executor/platform/default/dso_loader.cc:44] Successfully opened dynamic library curand64_100.dll
2020-10-05 21:22:39.306941: I tensorflow/stream_executor/platform/default/dso_loader.cc:44] Successfully opened dynamic library cusolver64_100.dll
2020-10-05 21:22:39.307338: I tensorflow/stream_executor/platform/default/dso_loader.cc:44] Successfully opened dynamic library cusparse64_100.dll
2020-10-05 21:22:39.307738: I tensorflow/stream_executor/platform/default/dso_loader.cc:44] Successfully opened dynamic library cudnn64_7.dll
2020-10-05 21:22:39.308350: I tensorflow/core/common_runtime/gpu/gpu_device.cc:1746] Adding visible gpu devices: 0
2020-10-05 21:22:39.308696: I tensorflow/core/common_runtime/gpu/gpu_device.cc:1159] Device interconnect StreamExecutor with strength 1 edge matrix:
2020-10-05 21:22:39.309134: I tensorflow/core/common_runtime/gpu/gpu_device.cc:1165]      0 
2020-10-05 21:22:39.309402: I tensorflow/core/common_runtime/gpu/gpu_device.cc:1178] 0:   N 
2020-10-05 21:22:39.309949: I tensorflow/core/common_runtime/gpu/gpu_device.cc:1304] Created TensorFlow device (/job:localhost/replica:0/task:0/device:GPU:0 with 8686 MB memory) -> physical GPU (device: 0, name: GeForce RTX 2080 Ti, pci bus id: 0000:73:00.0, compute capability: 7.5)
[  FAILED  ] TestModuleNaming.test_module_numbering_in_graph
[ RUN      ] TestModuleNaming.test_modules_not_numbered_in_eager
2020-10-05 21:22:39.318936: I tensorflow/core/common_runtime/gpu/gpu_device.cc:1618] Found device 0 with properties: 
name: GeForce RTX 2080 Ti major: 7 minor: 5 memoryClockRate(GHz): 1.65
pciBusID: 0000:73:00.0
2020-10-05 21:22:39.319527: I tensorflow/stream_executor/platform/default/dso_loader.cc:44] Successfully opened dynamic library cudart64_100.dll
2020-10-05 21:22:39.319979: I tensorflow/stream_executor/platform/default/dso_loader.cc:44] Successfully opened dynamic library cublas64_100.dll
2020-10-05 21:22:39.320368: I tensorflow/stream_executor/platform/default/dso_loader.cc:44] Successfully opened dynamic library cufft64_100.dll
2020-10-05 21:22:39.320749: I tensorflow/stream_executor/platform/default/dso_loader.cc:44] Successfully opened dynamic library curand64_100.dll
2020-10-05 21:22:39.321143: I tensorflow/stream_executor/platform/default/dso_loader.cc:44] Successfully opened dynamic library cusolver64_100.dll
2020-10-05 21:22:39.321528: I tensorflow/stream_executor/platform/default/dso_loader.cc:44] Successfully opened dynamic library cusparse64_100.dll
2020-10-05 21:22:39.321919: I tensorflow/stream_executor/platform/default/dso_loader.cc:44] Successfully opened dynamic library cudnn64_7.dll
2020-10-05 21:22:39.322531: I tensorflow/core/common_runtime/gpu/gpu_device.cc:1746] Adding visible gpu devices: 0
2020-10-05 21:22:39.322877: I tensorflow/core/common_runtime/gpu/gpu_device.cc:1159] Device interconnect StreamExecutor with strength 1 edge matrix:
2020-10-05 21:22:39.323276: I tensorflow/core/common_runtime/gpu/gpu_device.cc:1165]      0 
2020-10-05 21:22:39.323524: I tensorflow/core/common_runtime/gpu/gpu_device.cc:1178] 0:   N 
2020-10-05 21:22:39.324032: I tensorflow/core/common_runtime/gpu/gpu_device.cc:1304] Created TensorFlow device (/job:localhost/replica:0/task:0/device:GPU:0 with 8686 MB memory) -> physical GPU (device: 0, name: GeForce RTX 2080 Ti, pci bus id: 0000:73:00.0, compute capability: 7.5)
[  FAILED  ] TestModuleNaming.test_modules_not_numbered_in_eager
[ RUN      ] TestModuleNaming.test_overridden_name_scope
[       OK ] TestModuleNaming.test_overridden_name_scope
[ RUN      ] TestModuleNaming.test_patched_callable
[       OK ] TestModuleNaming.test_patched_callable
[ RUN      ] TestModuleNaming.test_property
[  FAILED  ] TestModuleNaming.test_property
[ RUN      ] TestModuleNaming.test_property_no_name_scope
[       OK ] TestModuleNaming.test_property_no_name_scope
[ RUN      ] TestModuleNaming.test_session
[  SKIPPED ] TestModuleNaming.test_session
[ RUN      ] TestModuleNaming.test_single_name
[  FAILED  ] TestModuleNaming.test_single_name
[ RUN      ] TestModuleNaming.test_subclassed_module
[  FAILED  ] TestModuleNaming.test_subclassed_module
[ RUN      ] TestModuleNaming.test_submodule_created_late
[  FAILED  ] TestModuleNaming.test_submodule_created_late
[ RUN      ] VariableNamingTest.test_session
[  SKIPPED ] VariableNamingTest.test_session
[ RUN      ] VariableNamingTest.test_variable_names
[  FAILED  ] VariableNamingTest.test_variable_names
[ RUN      ] VariableTrackingTest.test_session
[  SKIPPED ] VariableTrackingTest.test_session
[ RUN      ] VariableTrackingTest.test_supports_distributed_variables
[       OK ] VariableTrackingTest.test_supports_distributed_variables
[ RUN      ] VariableTrackingTest.test_trainable_variables
[       OK ] VariableTrackingTest.test_trainable_variables
[ RUN      ] VariableTrackingTest.test_trainable_variables_ignores_non_trainable
[       OK ] VariableTrackingTest.test_trainable_variables_ignores_non_trainable
[ RUN      ] VariableTrackingTest.test_variables
[       OK ] VariableTrackingTest.test_variables
======================================================================
FAIL: testConcrete (__main__.AbcTest)
AbcTest.testConcrete
----------------------------------------------------------------------
Traceback (most recent call last):
  File "module_test.py", line 636, in testConcrete
    self.assertEqual(scope_name, "concrete_module/")
AssertionError: 
+ concrete_module/


======================================================================
FAIL: testEntersNameScope_call (__main__.ForwardMethodsTest)
ForwardMethodsTest.testEntersNameScope_call
----------------------------------------------------------------------
Traceback (most recent call last):
  File "module_test.py", line 590, in testEntersNameScope_call
    b"module_with_function_annotated_call/")
AssertionError: b'' != b'module_with_function_annotated_call/'

======================================================================
FAIL: testEntersNameScope_concreteFunction (__main__.ForwardMethodsTest)
ForwardMethodsTest.testEntersNameScope_concreteFunction
----------------------------------------------------------------------
Traceback (most recent call last):
  File "module_test.py", line 604, in testEntersNameScope_concreteFunction
    b"module_with_function_annotated_call/")
AssertionError: b'' != b'module_with_function_annotated_call/'

======================================================================
FAIL: test_construct_in_scope (__main__.TestModuleNaming)
TestModuleNaming.test_construct_in_scope
----------------------------------------------------------------------
Traceback (most recent call last):
  File "module_test.py", line 104, in test_construct_in_scope
    self.assertEqual(mod.name_scope.name, "foo/bar/")
AssertionError: None != 'foo/bar/'

======================================================================
FAIL: test_enters_name_scope_in_call (__main__.TestModuleNaming)
TestModuleNaming.test_enters_name_scope_in_call
----------------------------------------------------------------------
Traceback (most recent call last):
  File "module_test.py", line 114, in test_enters_name_scope_in_call
    self.assertEqual(mod(), mod.name_scope.name)
AssertionError: '' != None

======================================================================
FAIL: test_enters_name_scope_in_other_method (__main__.TestModuleNaming)
TestModuleNaming.test_enters_name_scope_in_other_method
----------------------------------------------------------------------
Traceback (most recent call last):
  File "module_test.py", line 124, in test_enters_name_scope_in_other_method
    self.assertEqual(mod.alternative_forward(), mod.name_scope.name)
AssertionError: '' != None

======================================================================
FAIL: test_module_numbering_in_graph (__main__.TestModuleNaming)
TestModuleNaming.test_module_numbering_in_graph
----------------------------------------------------------------------
Traceback (most recent call last):
  File "C:\ProgramData\Anaconda3\envs\keras\lib\site-packages\tensorflow_core\python\framework\test_util.py", line 1080, in decorated
    f(self, *args, **kwargs)
  File "module_test.py", line 268, in test_module_numbering_in_graph
    self.assertEqual(mod.name_scope.name, "badger/")
AssertionError: None != 'badger/'

======================================================================
FAIL: test_modules_not_numbered_in_eager (__main__.TestModuleNaming)
TestModuleNaming.test_modules_not_numbered_in_eager
----------------------------------------------------------------------
Traceback (most recent call last):
  File "C:\ProgramData\Anaconda3\envs\keras\lib\site-packages\tensorflow_core\python\framework\test_util.py", line 1107, in decorated
    run_eagerly(self, **kwargs)
  File "C:\ProgramData\Anaconda3\envs\keras\lib\site-packages\tensorflow_core\python\framework\test_util.py", line 1089, in run_eagerly
    f(self, *args, **kwargs)
  File "module_test.py", line 242, in test_modules_not_numbered_in_eager
    self.assertEqual(mod.name_scope.name, "badger/")
AssertionError: None != 'badger/'

======================================================================
FAIL: test_property (__main__.TestModuleNaming)
TestModuleNaming.test_property
----------------------------------------------------------------------
Traceback (most recent call last):
  File "module_test.py", line 200, in test_property
    self.assertEqual(getter_scope_name, "property_module/")
AssertionError: 
+ property_module/


======================================================================
FAIL: test_single_name (__main__.TestModuleNaming)
TestModuleNaming.test_single_name
----------------------------------------------------------------------
Traceback (most recent call last):
  File "module_test.py", line 92, in test_single_name
    self.assertEqual(mod.name_scope.name, "simple/")
AssertionError: None != 'simple/'

======================================================================
FAIL: test_subclassed_module (__main__.TestModuleNaming)
TestModuleNaming.test_subclassed_module
----------------------------------------------------------------------
Traceback (most recent call last):
  File "module_test.py", line 134, in test_subclassed_module
    self.assertEqual(mod.alternative_forward(), mod.name_scope.name)
AssertionError: '' != None

======================================================================
FAIL: test_submodule_created_late (__main__.TestModuleNaming)
TestModuleNaming.test_submodule_created_late
----------------------------------------------------------------------
Traceback (most recent call last):
  File "module_test.py", line 148, in test_submodule_created_late
    self.assertEqual(m.name_scope.name, "tree_module/")
AssertionError: None != 'tree_module/'

======================================================================
FAIL: test_variable_names (__main__.VariableNamingTest)
VariableNamingTest.test_variable_names
----------------------------------------------------------------------
Traceback (most recent call last):
  File "module_test.py", line 398, in test_variable_names
    self.assertEqual(mod.w.name, "badger/mushroom:0")
AssertionError: 
- mushroom_2:0
+ badger/mushroom:0


----------------------------------------------------------------------
Ran 50 tests in 3.078s

FAILED (failures=13, skipped=9)
