2020-10-05 21:20:14.770295: I tensorflow/stream_executor/platform/default/dso_loader.cc:44] Successfully opened dynamic library cudart64_100.dll
Running tests under Python 3.6.12: C:\ProgramData\Anaconda3\envs\keras\python.exe
[ RUN      ] AbcTest.testAbstract
[       OK ] AbcTest.testAbstract
[ RUN      ] AbcTest.testConcrete
[       OK ] AbcTest.testConcrete
[ RUN      ] AbcTest.test_session
[  SKIPPED ] AbcTest.test_session
[ RUN      ] FlattenTest.test_attribute_traversal_key
WARNING:tensorflow:From C:\ProgramData\Anaconda3\envs\keras\lib\site-packages\tensorflow_core\python\ops\resource_variable_ops.py:1630: calling BaseResourceVariable.__init__ (from tensorflow.python.ops.resource_variable_ops) with constraint is deprecated and will be removed in a future version.
Instructions for updating:
If using Keras pass *_constraint arguments to layers.
W1005 21:20:17.286038 20624 deprecation.py:506] From C:\ProgramData\Anaconda3\envs\keras\lib\site-packages\tensorflow_core\python\ops\resource_variable_ops.py:1630: calling BaseResourceVariable.__init__ (from tensorflow.python.ops.resource_variable_ops) with constraint is deprecated and will be removed in a future version.
Instructions for updating:
If using Keras pass *_constraint arguments to layers.
[  FAILED  ] FlattenTest.test_attribute_traversal_key
[ RUN      ] FlattenTest.test_attributes_to_ignore
[  FAILED  ] FlattenTest.test_attributes_to_ignore
[ RUN      ] FlattenTest.test_flatten0 (<function FlattenTest.<lambda> at 0x0000026DA8603730>)
[  FAILED  ] FlattenTest.test_flatten0 (<function FlattenTest.<lambda> at 0x0000026DA8603730>)
[ RUN      ] FlattenTest.test_flatten1 (<class 'list'>)
[  FAILED  ] FlattenTest.test_flatten1 (<class 'list'>)
[ RUN      ] FlattenTest.test_flatten2 (<class 'tuple'>)
[  FAILED  ] FlattenTest.test_flatten2 (<class 'tuple'>)
[ RUN      ] FlattenTest.test_flatten3 (<function <lambda> at 0x0000026DA85F9EA0>)
[  FAILED  ] FlattenTest.test_flatten3 (<function <lambda> at 0x0000026DA85F9EA0>)
[ RUN      ] FlattenTest.test_model_discover_submodule
[  FAILED  ] FlattenTest.test_model_discover_submodule
[ RUN      ] FlattenTest.test_module_discover_layer_variable
[  FAILED  ] FlattenTest.test_module_discover_layer_variable
[ RUN      ] FlattenTest.test_session
[  SKIPPED ] FlattenTest.test_session
[ RUN      ] FlattenTest.test_with_path
2020-10-05 21:20:17.366231: W tensorflow/python/util/util.cc:299] Sets are not currently considered sequences, but this may change in the future, so consider avoiding using them.
[       OK ] FlattenTest.test_with_path
[ RUN      ] ForwardMethodsTest.testEntersNameScope_call
2020-10-05 21:20:17.369576: I tensorflow/stream_executor/platform/default/dso_loader.cc:44] Successfully opened dynamic library nvcuda.dll
2020-10-05 21:20:17.500431: I tensorflow/core/common_runtime/gpu/gpu_device.cc:1618] Found device 0 with properties: 
name: GeForce RTX 2080 Ti major: 7 minor: 5 memoryClockRate(GHz): 1.65
pciBusID: 0000:73:00.0
2020-10-05 21:20:17.501027: I tensorflow/stream_executor/platform/default/dso_loader.cc:44] Successfully opened dynamic library cudart64_100.dll
2020-10-05 21:20:17.504896: I tensorflow/stream_executor/platform/default/dso_loader.cc:44] Successfully opened dynamic library cublas64_100.dll
2020-10-05 21:20:17.508629: I tensorflow/stream_executor/platform/default/dso_loader.cc:44] Successfully opened dynamic library cufft64_100.dll
2020-10-05 21:20:17.510297: I tensorflow/stream_executor/platform/default/dso_loader.cc:44] Successfully opened dynamic library curand64_100.dll
2020-10-05 21:20:17.515132: I tensorflow/stream_executor/platform/default/dso_loader.cc:44] Successfully opened dynamic library cusolver64_100.dll
2020-10-05 21:20:17.518414: I tensorflow/stream_executor/platform/default/dso_loader.cc:44] Successfully opened dynamic library cusparse64_100.dll
2020-10-05 21:20:17.528759: I tensorflow/stream_executor/platform/default/dso_loader.cc:44] Successfully opened dynamic library cudnn64_7.dll
2020-10-05 21:20:17.529796: I tensorflow/core/common_runtime/gpu/gpu_device.cc:1746] Adding visible gpu devices: 0
2020-10-05 21:20:17.530432: I tensorflow/core/platform/cpu_feature_guard.cc:142] Your CPU supports instructions that this TensorFlow binary was not compiled to use: AVX2
2020-10-05 21:20:17.542607: I tensorflow/core/common_runtime/gpu/gpu_device.cc:1618] Found device 0 with properties: 
name: GeForce RTX 2080 Ti major: 7 minor: 5 memoryClockRate(GHz): 1.65
pciBusID: 0000:73:00.0
2020-10-05 21:20:17.543216: I tensorflow/stream_executor/platform/default/dso_loader.cc:44] Successfully opened dynamic library cudart64_100.dll
2020-10-05 21:20:17.543583: I tensorflow/stream_executor/platform/default/dso_loader.cc:44] Successfully opened dynamic library cublas64_100.dll
2020-10-05 21:20:17.543926: I tensorflow/stream_executor/platform/default/dso_loader.cc:44] Successfully opened dynamic library cufft64_100.dll
2020-10-05 21:20:17.544272: I tensorflow/stream_executor/platform/default/dso_loader.cc:44] Successfully opened dynamic library curand64_100.dll
2020-10-05 21:20:17.544612: I tensorflow/stream_executor/platform/default/dso_loader.cc:44] Successfully opened dynamic library cusolver64_100.dll
2020-10-05 21:20:17.544959: I tensorflow/stream_executor/platform/default/dso_loader.cc:44] Successfully opened dynamic library cusparse64_100.dll
2020-10-05 21:20:17.545316: I tensorflow/stream_executor/platform/default/dso_loader.cc:44] Successfully opened dynamic library cudnn64_7.dll
2020-10-05 21:20:17.546202: I tensorflow/core/common_runtime/gpu/gpu_device.cc:1746] Adding visible gpu devices: 0
2020-10-05 21:20:18.504762: I tensorflow/core/common_runtime/gpu/gpu_device.cc:1159] Device interconnect StreamExecutor with strength 1 edge matrix:
2020-10-05 21:20:18.505242: I tensorflow/core/common_runtime/gpu/gpu_device.cc:1165]      0 
2020-10-05 21:20:18.505519: I tensorflow/core/common_runtime/gpu/gpu_device.cc:1178] 0:   N 
2020-10-05 21:20:18.506346: I tensorflow/core/common_runtime/gpu/gpu_device.cc:1304] Created TensorFlow device (/job:localhost/replica:0/task:0/device:GPU:0 with 8686 MB memory) -> physical GPU (device: 0, name: GeForce RTX 2080 Ti, pci bus id: 0000:73:00.0, compute capability: 7.5)
WARNING:tensorflow:From C:\ProgramData\Anaconda3\envs\keras\lib\contextlib.py:60: TensorFlowTestCase.test_session (from tensorflow.python.framework.test_util) is deprecated and will be removed in a future version.
Instructions for updating:
Use `self.session()` or `self.cached_session()` instead.
W1005 21:20:18.535829 20624 deprecation.py:323] From C:\ProgramData\Anaconda3\envs\keras\lib\contextlib.py:60: TensorFlowTestCase.test_session (from tensorflow.python.framework.test_util) is deprecated and will be removed in a future version.
Instructions for updating:
Use `self.session()` or `self.cached_session()` instead.
2020-10-05 21:20:18.536657: I tensorflow/core/common_runtime/gpu/gpu_device.cc:1618] Found device 0 with properties: 
name: GeForce RTX 2080 Ti major: 7 minor: 5 memoryClockRate(GHz): 1.65
pciBusID: 0000:73:00.0
2020-10-05 21:20:18.537300: I tensorflow/stream_executor/platform/default/dso_loader.cc:44] Successfully opened dynamic library cudart64_100.dll
2020-10-05 21:20:18.537678: I tensorflow/stream_executor/platform/default/dso_loader.cc:44] Successfully opened dynamic library cublas64_100.dll
2020-10-05 21:20:18.538052: I tensorflow/stream_executor/platform/default/dso_loader.cc:44] Successfully opened dynamic library cufft64_100.dll
2020-10-05 21:20:18.538418: I tensorflow/stream_executor/platform/default/dso_loader.cc:44] Successfully opened dynamic library curand64_100.dll
2020-10-05 21:20:18.538758: I tensorflow/stream_executor/platform/default/dso_loader.cc:44] Successfully opened dynamic library cusolver64_100.dll
2020-10-05 21:20:18.539102: I tensorflow/stream_executor/platform/default/dso_loader.cc:44] Successfully opened dynamic library cusparse64_100.dll
2020-10-05 21:20:18.539450: I tensorflow/stream_executor/platform/default/dso_loader.cc:44] Successfully opened dynamic library cudnn64_7.dll
2020-10-05 21:20:18.540044: I tensorflow/core/common_runtime/gpu/gpu_device.cc:1746] Adding visible gpu devices: 0
2020-10-05 21:20:18.540421: I tensorflow/core/common_runtime/gpu/gpu_device.cc:1159] Device interconnect StreamExecutor with strength 1 edge matrix:
2020-10-05 21:20:18.540776: I tensorflow/core/common_runtime/gpu/gpu_device.cc:1165]      0 
2020-10-05 21:20:18.540999: I tensorflow/core/common_runtime/gpu/gpu_device.cc:1178] 0:   N 
2020-10-05 21:20:18.541542: I tensorflow/core/common_runtime/gpu/gpu_device.cc:1304] Created TensorFlow device (/job:localhost/replica:0/task:0/device:GPU:0 with 8686 MB memory) -> physical GPU (device: 0, name: GeForce RTX 2080 Ti, pci bus id: 0000:73:00.0, compute capability: 7.5)
[       OK ] ForwardMethodsTest.testEntersNameScope_call
[ RUN      ] ForwardMethodsTest.testEntersNameScope_concreteFunction
WARNING:tensorflow:Entity <function Function._initialize_uninitialized_variables.<locals>.initialize_variables at 0x0000026DA86A3D08> could not be transformed and will be executed as-is. Please report this to the AutoGraph team. When filing the bug, set the verbosity to 10 (on Linux, `export AUTOGRAPH_VERBOSITY=10`) and attach the full output. Cause: 'NoneType' object has no attribute '_fields'
W1005 21:20:19.848067 20624 ag_logging.py:146] Entity <function Function._initialize_uninitialized_variables.<locals>.initialize_variables at 0x0000026DA86A3D08> could not be transformed and will be executed as-is. Please report this to the AutoGraph team. When filing the bug, set the verbosity to 10 (on Linux, `export AUTOGRAPH_VERBOSITY=10`) and attach the full output. Cause: 'NoneType' object has no attribute '_fields'
2020-10-05 21:20:19.858390: I tensorflow/core/common_runtime/gpu/gpu_device.cc:1618] Found device 0 with properties: 
name: GeForce RTX 2080 Ti major: 7 minor: 5 memoryClockRate(GHz): 1.65
pciBusID: 0000:73:00.0
2020-10-05 21:20:19.858921: I tensorflow/stream_executor/platform/default/dso_loader.cc:44] Successfully opened dynamic library cudart64_100.dll
2020-10-05 21:20:19.859268: I tensorflow/stream_executor/platform/default/dso_loader.cc:44] Successfully opened dynamic library cublas64_100.dll
2020-10-05 21:20:19.859609: I tensorflow/stream_executor/platform/default/dso_loader.cc:44] Successfully opened dynamic library cufft64_100.dll
2020-10-05 21:20:19.859948: I tensorflow/stream_executor/platform/default/dso_loader.cc:44] Successfully opened dynamic library curand64_100.dll
2020-10-05 21:20:19.860287: I tensorflow/stream_executor/platform/default/dso_loader.cc:44] Successfully opened dynamic library cusolver64_100.dll
2020-10-05 21:20:19.860657: I tensorflow/stream_executor/platform/default/dso_loader.cc:44] Successfully opened dynamic library cusparse64_100.dll
2020-10-05 21:20:19.861002: I tensorflow/stream_executor/platform/default/dso_loader.cc:44] Successfully opened dynamic library cudnn64_7.dll
2020-10-05 21:20:19.861582: I tensorflow/core/common_runtime/gpu/gpu_device.cc:1746] Adding visible gpu devices: 0
2020-10-05 21:20:19.861902: I tensorflow/core/common_runtime/gpu/gpu_device.cc:1159] Device interconnect StreamExecutor with strength 1 edge matrix:
2020-10-05 21:20:19.862258: I tensorflow/core/common_runtime/gpu/gpu_device.cc:1165]      0 
2020-10-05 21:20:19.862480: I tensorflow/core/common_runtime/gpu/gpu_device.cc:1178] 0:   N 
2020-10-05 21:20:19.862985: I tensorflow/core/common_runtime/gpu/gpu_device.cc:1304] Created TensorFlow device (/job:localhost/replica:0/task:0/device:GPU:0 with 8686 MB memory) -> physical GPU (device: 0, name: GeForce RTX 2080 Ti, pci bus id: 0000:73:00.0, compute capability: 7.5)
WARNING:tensorflow:Entity <function Function._initialize_uninitialized_variables.<locals>.initialize_variables at 0x0000026DEE5EE378> could not be transformed and will be executed as-is. Please report this to the AutoGraph team. When filing the bug, set the verbosity to 10 (on Linux, `export AUTOGRAPH_VERBOSITY=10`) and attach the full output. Cause: 'NoneType' object has no attribute '_fields'
W1005 21:20:19.973044 20624 ag_logging.py:146] Entity <function Function._initialize_uninitialized_variables.<locals>.initialize_variables at 0x0000026DEE5EE378> could not be transformed and will be executed as-is. Please report this to the AutoGraph team. When filing the bug, set the verbosity to 10 (on Linux, `export AUTOGRAPH_VERBOSITY=10`) and attach the full output. Cause: 'NoneType' object has no attribute '_fields'
[       OK ] ForwardMethodsTest.testEntersNameScope_concreteFunction
[ RUN      ] ForwardMethodsTest.testFunctionType
[       OK ] ForwardMethodsTest.testFunctionType
[ RUN      ] ForwardMethodsTest.test_session
[  SKIPPED ] ForwardMethodsTest.test_session
[ RUN      ] ModuleTrackingTest.test_non_ctor_submodule
[  FAILED  ] ModuleTrackingTest.test_non_ctor_submodule
[ RUN      ] ModuleTrackingTest.test_session
[  SKIPPED ] ModuleTrackingTest.test_session
[ RUN      ] ModuleTrackingTest.test_submodules
[  FAILED  ] ModuleTrackingTest.test_submodules
[ RUN      ] NameScopeTest.test_memoized_in_tf2
[  SKIPPED ] NameScopeTest.test_memoized_in_tf2
[ RUN      ] NameScopeTest.test_not_memoized_in_tf1
[       OK ] NameScopeTest.test_not_memoized_in_tf1
[ RUN      ] NameScopeTest.test_session
[  SKIPPED ] NameScopeTest.test_session
[ RUN      ] TestModuleNaming.test_construct_in_scope
[       OK ] TestModuleNaming.test_construct_in_scope
[ RUN      ] TestModuleNaming.test_ctor_error_closes_name_scope
[       OK ] TestModuleNaming.test_ctor_error_closes_name_scope
[ RUN      ] TestModuleNaming.test_ctor_error_handles_ctor_not_opening_name_scope
[       OK ] TestModuleNaming.test_ctor_error_handles_ctor_not_opening_name_scope
[ RUN      ] TestModuleNaming.test_does_not_evaluate_property_methods
[       OK ] TestModuleNaming.test_does_not_evaluate_property_methods
[ RUN      ] TestModuleNaming.test_enters_name_scope_in_call
[       OK ] TestModuleNaming.test_enters_name_scope_in_call
[ RUN      ] TestModuleNaming.test_enters_name_scope_in_other_method
[       OK ] TestModuleNaming.test_enters_name_scope_in_other_method
[ RUN      ] TestModuleNaming.test_forward_method_closes_name_scope
[       OK ] TestModuleNaming.test_forward_method_closes_name_scope
[ RUN      ] TestModuleNaming.test_get_attr_doesnt_enter_name_scope
[       OK ] TestModuleNaming.test_get_attr_doesnt_enter_name_scope
[ RUN      ] TestModuleNaming.test_get_attribute_doesnt_enter_name_scope
[       OK ] TestModuleNaming.test_get_attribute_doesnt_enter_name_scope
[ RUN      ] TestModuleNaming.test_invalid_name
[       OK ] TestModuleNaming.test_invalid_name
[ RUN      ] TestModuleNaming.test_module_numbering_in_graph
2020-10-05 21:20:20.031033: I tensorflow/core/common_runtime/gpu/gpu_device.cc:1618] Found device 0 with properties: 
name: GeForce RTX 2080 Ti major: 7 minor: 5 memoryClockRate(GHz): 1.65
pciBusID: 0000:73:00.0
2020-10-05 21:20:20.031849: I tensorflow/stream_executor/platform/default/dso_loader.cc:44] Successfully opened dynamic library cudart64_100.dll
2020-10-05 21:20:20.032403: I tensorflow/stream_executor/platform/default/dso_loader.cc:44] Successfully opened dynamic library cublas64_100.dll
2020-10-05 21:20:20.032945: I tensorflow/stream_executor/platform/default/dso_loader.cc:44] Successfully opened dynamic library cufft64_100.dll
2020-10-05 21:20:20.033478: I tensorflow/stream_executor/platform/default/dso_loader.cc:44] Successfully opened dynamic library curand64_100.dll
2020-10-05 21:20:20.034016: I tensorflow/stream_executor/platform/default/dso_loader.cc:44] Successfully opened dynamic library cusolver64_100.dll
2020-10-05 21:20:20.034560: I tensorflow/stream_executor/platform/default/dso_loader.cc:44] Successfully opened dynamic library cusparse64_100.dll
2020-10-05 21:20:20.035102: I tensorflow/stream_executor/platform/default/dso_loader.cc:44] Successfully opened dynamic library cudnn64_7.dll
2020-10-05 21:20:20.035958: I tensorflow/core/common_runtime/gpu/gpu_device.cc:1746] Adding visible gpu devices: 0
2020-10-05 21:20:20.036346: I tensorflow/core/common_runtime/gpu/gpu_device.cc:1159] Device interconnect StreamExecutor with strength 1 edge matrix:
2020-10-05 21:20:20.036803: I tensorflow/core/common_runtime/gpu/gpu_device.cc:1165]      0 
2020-10-05 21:20:20.037108: I tensorflow/core/common_runtime/gpu/gpu_device.cc:1178] 0:   N 
2020-10-05 21:20:20.037663: I tensorflow/core/common_runtime/gpu/gpu_device.cc:1304] Created TensorFlow device (/job:localhost/replica:0/task:0/device:GPU:0 with 8686 MB memory) -> physical GPU (device: 0, name: GeForce RTX 2080 Ti, pci bus id: 0000:73:00.0, compute capability: 7.5)
[  SKIPPED ] TestModuleNaming.test_module_numbering_in_graph
[ RUN      ] TestModuleNaming.test_modules_not_numbered_in_eager
2020-10-05 21:20:20.049992: I tensorflow/core/common_runtime/gpu/gpu_device.cc:1618] Found device 0 with properties: 
name: GeForce RTX 2080 Ti major: 7 minor: 5 memoryClockRate(GHz): 1.65
pciBusID: 0000:73:00.0
2020-10-05 21:20:20.050509: I tensorflow/stream_executor/platform/default/dso_loader.cc:44] Successfully opened dynamic library cudart64_100.dll
2020-10-05 21:20:20.050858: I tensorflow/stream_executor/platform/default/dso_loader.cc:44] Successfully opened dynamic library cublas64_100.dll
2020-10-05 21:20:20.051232: I tensorflow/stream_executor/platform/default/dso_loader.cc:44] Successfully opened dynamic library cufft64_100.dll
2020-10-05 21:20:20.051616: I tensorflow/stream_executor/platform/default/dso_loader.cc:44] Successfully opened dynamic library curand64_100.dll
2020-10-05 21:20:20.051985: I tensorflow/stream_executor/platform/default/dso_loader.cc:44] Successfully opened dynamic library cusolver64_100.dll
2020-10-05 21:20:20.052363: I tensorflow/stream_executor/platform/default/dso_loader.cc:44] Successfully opened dynamic library cusparse64_100.dll
2020-10-05 21:20:20.052708: I tensorflow/stream_executor/platform/default/dso_loader.cc:44] Successfully opened dynamic library cudnn64_7.dll
2020-10-05 21:20:20.053275: I tensorflow/core/common_runtime/gpu/gpu_device.cc:1746] Adding visible gpu devices: 0
2020-10-05 21:20:20.053579: I tensorflow/core/common_runtime/gpu/gpu_device.cc:1159] Device interconnect StreamExecutor with strength 1 edge matrix:
2020-10-05 21:20:20.053934: I tensorflow/core/common_runtime/gpu/gpu_device.cc:1165]      0 
2020-10-05 21:20:20.054154: I tensorflow/core/common_runtime/gpu/gpu_device.cc:1178] 0:   N 
2020-10-05 21:20:20.054667: I tensorflow/core/common_runtime/gpu/gpu_device.cc:1304] Created TensorFlow device (/job:localhost/replica:0/task:0/device:GPU:0 with 8686 MB memory) -> physical GPU (device: 0, name: GeForce RTX 2080 Ti, pci bus id: 0000:73:00.0, compute capability: 7.5)
[       OK ] TestModuleNaming.test_modules_not_numbered_in_eager
[ RUN      ] TestModuleNaming.test_overridden_name_scope
[       OK ] TestModuleNaming.test_overridden_name_scope
[ RUN      ] TestModuleNaming.test_patched_callable
[       OK ] TestModuleNaming.test_patched_callable
[ RUN      ] TestModuleNaming.test_property
[       OK ] TestModuleNaming.test_property
[ RUN      ] TestModuleNaming.test_property_no_name_scope
[       OK ] TestModuleNaming.test_property_no_name_scope
[ RUN      ] TestModuleNaming.test_session
[  SKIPPED ] TestModuleNaming.test_session
[ RUN      ] TestModuleNaming.test_single_name
[       OK ] TestModuleNaming.test_single_name
[ RUN      ] TestModuleNaming.test_subclassed_module
[       OK ] TestModuleNaming.test_subclassed_module
[ RUN      ] TestModuleNaming.test_submodule_created_late
[       OK ] TestModuleNaming.test_submodule_created_late
[ RUN      ] VariableNamingTest.test_session
[  SKIPPED ] VariableNamingTest.test_session
[ RUN      ] VariableNamingTest.test_variable_names
[       OK ] VariableNamingTest.test_variable_names
[ RUN      ] VariableTrackingTest.test_session
[  SKIPPED ] VariableTrackingTest.test_session
[ RUN      ] VariableTrackingTest.test_supports_distributed_variables
[  FAILED  ] VariableTrackingTest.test_supports_distributed_variables
[ RUN      ] VariableTrackingTest.test_trainable_variables
[  FAILED  ] VariableTrackingTest.test_trainable_variables
[ RUN      ] VariableTrackingTest.test_trainable_variables_ignores_non_trainable
[  FAILED  ] VariableTrackingTest.test_trainable_variables_ignores_non_trainable
[ RUN      ] VariableTrackingTest.test_variables
[  FAILED  ] VariableTrackingTest.test_variables
======================================================================
ERROR: test_attribute_traversal_key (__main__.FlattenTest)
FlattenTest.test_attribute_traversal_key
----------------------------------------------------------------------
Traceback (most recent call last):
  File "module_test.py", line 952, in test_attribute_traversal_key
    mod.variables,
  File "module_test.py", line 1128, in variables
    attribute_traversal_key=key_function))
  File "C:\ProgramData\Anaconda3\envs\keras\lib\site-packages\tensorflow_core\python\module\module.py", line 345, in _flatten_module
    if leaf_id in seen:
TypeError: argument of type 'NoneType' is not iterable

======================================================================
ERROR: test_attributes_to_ignore (__main__.FlattenTest)
FlattenTest.test_attributes_to_ignore
----------------------------------------------------------------------
Traceback (most recent call last):
  File "module_test.py", line 982, in test_attributes_to_ignore
    self.assertEmpty(mod.submodules)
  File "C:\ProgramData\Anaconda3\envs\keras\lib\site-packages\tensorflow_core\python\module\module.py", line 193, in submodules
    return tuple(self._flatten(predicate=_is_module))
  File "C:\ProgramData\Anaconda3\envs\keras\lib\site-packages\tensorflow_core\python\module\module.py", line 345, in _flatten_module
    if leaf_id in seen:
TypeError: argument of type 'NoneType' is not iterable

======================================================================
ERROR: test_flatten0 (<function FlattenTest.<lambda> at 0x0000026DA8603730>) (__main__.FlattenTest)
FlattenTest.test_flatten0 (<function FlattenTest.<lambda> at 0x0000026DA8603730>)
test_flatten(<function FlattenTest.<lambda> at 0x0000026DA8603730>)
----------------------------------------------------------------------
Traceback (most recent call last):
  File "C:\ProgramData\Anaconda3\envs\keras\lib\site-packages\absl\testing\parameterized.py", line 286, in bound_param_test
    return test_method(self, testcase_params)
  File "module_test.py", line 932, in test_flatten
    list(parent._flatten(recursive=False, predicate=is_member)),
  File "C:\ProgramData\Anaconda3\envs\keras\lib\site-packages\tensorflow_core\python\module\module.py", line 345, in _flatten_module
    if leaf_id in seen:
TypeError: argument of type 'NoneType' is not iterable

======================================================================
ERROR: test_flatten1 (<class 'list'>) (__main__.FlattenTest)
FlattenTest.test_flatten1 (<class 'list'>)
test_flatten(<class 'list'>)
----------------------------------------------------------------------
Traceback (most recent call last):
  File "C:\ProgramData\Anaconda3\envs\keras\lib\site-packages\absl\testing\parameterized.py", line 286, in bound_param_test
    return test_method(self, testcase_params)
  File "module_test.py", line 932, in test_flatten
    list(parent._flatten(recursive=False, predicate=is_member)),
  File "C:\ProgramData\Anaconda3\envs\keras\lib\site-packages\tensorflow_core\python\module\module.py", line 345, in _flatten_module
    if leaf_id in seen:
TypeError: argument of type 'NoneType' is not iterable

======================================================================
ERROR: test_flatten2 (<class 'tuple'>) (__main__.FlattenTest)
FlattenTest.test_flatten2 (<class 'tuple'>)
test_flatten(<class 'tuple'>)
----------------------------------------------------------------------
Traceback (most recent call last):
  File "C:\ProgramData\Anaconda3\envs\keras\lib\site-packages\absl\testing\parameterized.py", line 286, in bound_param_test
    return test_method(self, testcase_params)
  File "module_test.py", line 932, in test_flatten
    list(parent._flatten(recursive=False, predicate=is_member)),
  File "C:\ProgramData\Anaconda3\envs\keras\lib\site-packages\tensorflow_core\python\module\module.py", line 345, in _flatten_module
    if leaf_id in seen:
TypeError: argument of type 'NoneType' is not iterable

======================================================================
ERROR: test_flatten3 (<function <lambda> at 0x0000026DA85F9EA0>) (__main__.FlattenTest)
FlattenTest.test_flatten3 (<function <lambda> at 0x0000026DA85F9EA0>)
test_flatten(<function <lambda> at 0x0000026DA85F9EA0>)
----------------------------------------------------------------------
Traceback (most recent call last):
  File "C:\ProgramData\Anaconda3\envs\keras\lib\site-packages\absl\testing\parameterized.py", line 286, in bound_param_test
    return test_method(self, testcase_params)
  File "module_test.py", line 932, in test_flatten
    list(parent._flatten(recursive=False, predicate=is_member)),
  File "C:\ProgramData\Anaconda3\envs\keras\lib\site-packages\tensorflow_core\python\module\module.py", line 345, in _flatten_module
    if leaf_id in seen:
TypeError: argument of type 'NoneType' is not iterable

======================================================================
ERROR: test_model_discover_submodule (__main__.FlattenTest)
FlattenTest.test_model_discover_submodule
----------------------------------------------------------------------
Traceback (most recent call last):
  File "module_test.py", line 1072, in test_model_discover_submodule
    self.assertEqual(m.submodules, (m.layers[0], m.layers[1]))
  File "C:\ProgramData\Anaconda3\envs\keras\lib\site-packages\tensorflow_core\python\module\module.py", line 193, in submodules
    return tuple(self._flatten(predicate=_is_module))
  File "C:\ProgramData\Anaconda3\envs\keras\lib\site-packages\tensorflow_core\python\module\module.py", line 345, in _flatten_module
    if leaf_id in seen:
TypeError: argument of type 'NoneType' is not iterable

======================================================================
ERROR: test_module_discover_layer_variable (__main__.FlattenTest)
FlattenTest.test_module_discover_layer_variable
----------------------------------------------------------------------
Traceback (most recent call last):
  File "module_test.py", line 1036, in test_module_discover_layer_variable
    self.assertEmpty(m.variables)
  File "C:\ProgramData\Anaconda3\envs\keras\lib\site-packages\tensorflow_core\python\module\module.py", line 155, in variables
    return tuple(self._flatten(predicate=_is_variable))
  File "C:\ProgramData\Anaconda3\envs\keras\lib\site-packages\tensorflow_core\python\module\module.py", line 345, in _flatten_module
    if leaf_id in seen:
TypeError: argument of type 'NoneType' is not iterable

======================================================================
ERROR: test_non_ctor_submodule (__main__.ModuleTrackingTest)
ModuleTrackingTest.test_non_ctor_submodule
----------------------------------------------------------------------
Traceback (most recent call last):
  File "module_test.py", line 560, in test_non_ctor_submodule
    self.assertEqual(set(m.submodules), {leaf1})
  File "C:\ProgramData\Anaconda3\envs\keras\lib\site-packages\tensorflow_core\python\module\module.py", line 193, in submodules
    return tuple(self._flatten(predicate=_is_module))
  File "C:\ProgramData\Anaconda3\envs\keras\lib\site-packages\tensorflow_core\python\module\module.py", line 345, in _flatten_module
    if leaf_id in seen:
TypeError: argument of type 'NoneType' is not iterable

======================================================================
ERROR: test_submodules (__main__.ModuleTrackingTest)
ModuleTrackingTest.test_submodules
----------------------------------------------------------------------
Traceback (most recent call last):
  File "module_test.py", line 546, in test_submodules
    self.assertEqual(list(m.submodules), [m.child, m.child.child])
  File "C:\ProgramData\Anaconda3\envs\keras\lib\site-packages\tensorflow_core\python\module\module.py", line 193, in submodules
    return tuple(self._flatten(predicate=_is_module))
  File "C:\ProgramData\Anaconda3\envs\keras\lib\site-packages\tensorflow_core\python\module\module.py", line 345, in _flatten_module
    if leaf_id in seen:
TypeError: argument of type 'NoneType' is not iterable

======================================================================
ERROR: test_supports_distributed_variables (__main__.VariableTrackingTest)
VariableTrackingTest.test_supports_distributed_variables
----------------------------------------------------------------------
Traceback (most recent call last):
  File "module_test.py", line 532, in test_supports_distributed_variables
    self.assertEqual(m.variables, (mirrored, tpu, aggregating))
  File "C:\ProgramData\Anaconda3\envs\keras\lib\site-packages\tensorflow_core\python\module\module.py", line 155, in variables
    return tuple(self._flatten(predicate=_is_variable))
  File "C:\ProgramData\Anaconda3\envs\keras\lib\site-packages\tensorflow_core\python\module\module.py", line 345, in _flatten_module
    if leaf_id in seen:
TypeError: argument of type 'NoneType' is not iterable

======================================================================
ERROR: test_trainable_variables (__main__.VariableTrackingTest)
VariableTrackingTest.test_trainable_variables
----------------------------------------------------------------------
Traceback (most recent call last):
  File "module_test.py", line 474, in test_trainable_variables
    self.assertEqual(m.trainable_variables,
  File "C:\ProgramData\Anaconda3\envs\keras\lib\site-packages\tensorflow_core\python\module\module.py", line 170, in trainable_variables
    return tuple(self._flatten(predicate=_is_trainable_variable))
  File "C:\ProgramData\Anaconda3\envs\keras\lib\site-packages\tensorflow_core\python\module\module.py", line 345, in _flatten_module
    if leaf_id in seen:
TypeError: argument of type 'NoneType' is not iterable

======================================================================
ERROR: test_trainable_variables_ignores_non_trainable (__main__.VariableTrackingTest)
VariableTrackingTest.test_trainable_variables_ignores_non_trainable
----------------------------------------------------------------------
Traceback (most recent call last):
  File "module_test.py", line 490, in test_trainable_variables_ignores_non_trainable
    self.assertEqual(len(m.trainable_variables), 0)
  File "C:\ProgramData\Anaconda3\envs\keras\lib\site-packages\tensorflow_core\python\module\module.py", line 170, in trainable_variables
    return tuple(self._flatten(predicate=_is_trainable_variable))
  File "C:\ProgramData\Anaconda3\envs\keras\lib\site-packages\tensorflow_core\python\module\module.py", line 345, in _flatten_module
    if leaf_id in seen:
TypeError: argument of type 'NoneType' is not iterable

======================================================================
ERROR: test_variables (__main__.VariableTrackingTest)
VariableTrackingTest.test_variables
----------------------------------------------------------------------
Traceback (most recent call last):
  File "module_test.py", line 462, in test_variables
    self.assertEqual(m.variables, (m.w, m.child.w, m.child.child.w))
  File "C:\ProgramData\Anaconda3\envs\keras\lib\site-packages\tensorflow_core\python\module\module.py", line 155, in variables
    return tuple(self._flatten(predicate=_is_variable))
  File "C:\ProgramData\Anaconda3\envs\keras\lib\site-packages\tensorflow_core\python\module\module.py", line 345, in _flatten_module
    if leaf_id in seen:
TypeError: argument of type 'NoneType' is not iterable

----------------------------------------------------------------------
Ran 50 tests in 2.843s

FAILED (errors=14, skipped=10)
