2020-10-04 14:55:41.895682: I tensorflow/stream_executor/platform/default/dso_loader.cc:44] Successfully opened dynamic library cudart64_100.dll
============================= test session starts =============================
platform win32 -- Python 3.6.12, pytest-6.0.2, py-1.9.0, pluggy-0.13.1
rootdir: C:\Users\mutation\Desktop\testcase\tests\keras\engine
plugins: flaky-3.7.0
collected 34 items

test_training.py ...FF..s.......F.........F........                      [100%]

================================== FAILURES ===================================
_____________________________ test_model_methods ______________________________

    @flaky(rerun_filter=lambda err, *args: issubclass(err[0], AssertionError))
    def test_model_methods():
        model = get_model(num_outputs=2)
    
        optimizer = 'rmsprop'
        loss = 'mse'
        loss_weights = [1., 0.5]
    
        input_a_np = np.random.random((10, 3))
        input_b_np = np.random.random((10, 3))
    
        output_a_np = np.random.random((10, 4))
        output_b_np = np.random.random((10, 3))
    
        # training/testing doesn't work before compiling.
        with pytest.raises(RuntimeError):
            model.train_on_batch([input_a_np, input_b_np],
                                 [output_a_np, output_b_np])
    
        model.compile(optimizer, loss, metrics=[], loss_weights=loss_weights,
                      sample_weight_mode=None)
    
        # test train_on_batch
        out = model.train_on_batch([input_a_np, input_b_np],
                                   [output_a_np, output_b_np])
        out = model.train_on_batch({'input_a': input_a_np, 'input_b': input_b_np},
                                   [output_a_np, output_b_np])
        out = model.train_on_batch({'input_a': input_a_np, 'input_b': input_b_np},
                                   {'dense_1': output_a_np, 'dropout': output_b_np})
    
        # test fit
        out = model.fit([input_a_np, input_b_np],
                        [output_a_np, output_b_np], epochs=1, batch_size=4)
        out = model.fit({'input_a': input_a_np, 'input_b': input_b_np},
                        [output_a_np, output_b_np], epochs=1, batch_size=4)
        out = model.fit({'input_a': input_a_np, 'input_b': input_b_np},
                        {'dense_1': output_a_np, 'dropout': output_b_np},
                        epochs=1, batch_size=4)
    
        # test validation_split
        out = model.fit([input_a_np, input_b_np],
                        [output_a_np, output_b_np],
                        epochs=1, batch_size=4, validation_split=0.5)
        out = model.fit({'input_a': input_a_np, 'input_b': input_b_np},
                        [output_a_np, output_b_np],
                        epochs=1, batch_size=4, validation_split=0.5)
    
        # test validation data
        out = model.fit([input_a_np, input_b_np],
                        [output_a_np, output_b_np],
                        epochs=1, batch_size=4,
                        validation_data=([input_a_np, input_b_np],
                                         [output_a_np, output_b_np]))
        out = model.fit({'input_a': input_a_np, 'input_b': input_b_np},
                        [output_a_np, output_b_np],
                        epochs=1, batch_size=4, validation_split=0.5,
                        validation_data=({'input_a': input_a_np,
                                          'input_b': input_b_np},
                                         [output_a_np, output_b_np]))
        out = model.fit({'input_a': input_a_np, 'input_b': input_b_np},
                        {'dense_1': output_a_np, 'dropout': output_b_np},
                        epochs=1, batch_size=4, validation_split=0.5,
                        validation_data=(
                            {'input_a': input_a_np, 'input_b': input_b_np},
                            {'dense_1': output_a_np, 'dropout': output_b_np}))
    
        # test_on_batch
        out = model.test_on_batch([input_a_np, input_b_np],
                                  [output_a_np, output_b_np])
        out = model.test_on_batch({'input_a': input_a_np, 'input_b': input_b_np},
                                  [output_a_np, output_b_np])
        out = model.test_on_batch({'input_a': input_a_np, 'input_b': input_b_np},
                                  {'dense_1': output_a_np, 'dropout': output_b_np})
    
        # predict_on_batch
        out = model.predict_on_batch([input_a_np, input_b_np])
        out = model.predict_on_batch({'input_a': input_a_np,
                                      'input_b': input_b_np})
    
        # predict, evaluate
        input_a_np = np.random.random((10, 3))
        input_b_np = np.random.random((10, 3))
    
        output_a_np = np.random.random((10, 4))
        output_b_np = np.random.random((10, 3))
    
        out = model.evaluate([input_a_np, input_b_np],
                             [output_a_np, output_b_np],
                             batch_size=4)
        out = model.predict([input_a_np, input_b_np], batch_size=4)
    
        # with sample_weight
        input_a_np = np.random.random((10, 3))
        input_b_np = np.random.random((10, 3))
    
        output_a_np = np.random.random((10, 4))
        output_b_np = np.random.random((10, 3))
    
        sample_weight = [None, np.random.random((10,))]
        out = model.train_on_batch([input_a_np, input_b_np],
                                   [output_a_np, output_b_np],
                                   sample_weight=sample_weight)
    
        out = model.test_on_batch([input_a_np, input_b_np],
                                  [output_a_np, output_b_np],
                                  sample_weight=sample_weight)
    
        # test accuracy metric
        model.compile(optimizer, loss, metrics=['acc'],
                      sample_weight_mode=None)
    
        out = model.train_on_batch([input_a_np, input_b_np],
                                   [output_a_np, output_b_np])
        assert len(out) == 5
        out = model.test_on_batch([input_a_np, input_b_np],
                                  [output_a_np, output_b_np])
        assert len(out) == 5
    
        # this should also work
        model.compile(optimizer, loss, metrics={'dense_1': 'acc'},
                      sample_weight_mode=None)
    
        out = model.train_on_batch([input_a_np, input_b_np],
                                   [output_a_np, output_b_np])
        assert len(out) == 4
        out = model.test_on_batch([input_a_np, input_b_np],
                                  [output_a_np, output_b_np])
        assert len(out) == 4
    
        # and this as well
        model.compile(optimizer, loss, metrics={'dense_1': ['acc']},
                      sample_weight_mode=None)
    
        out = model.train_on_batch([input_a_np, input_b_np],
                                   [output_a_np, output_b_np])
        assert len(out) == 4
        out = model.test_on_batch([input_a_np, input_b_np],
                                  [output_a_np, output_b_np])
        assert len(out) == 4
    
        tracker_cb = TrackerCallback()
    
        out = model.fit([input_a_np, input_b_np],
                        [output_a_np, output_b_np], epochs=5, batch_size=4,
                        initial_epoch=2, callbacks=[tracker_cb])
        assert tracker_cb.trained_epochs == [2, 3, 4]
    
        # test starting from non-zero initial epoch for generator too
        tracker_cb = TrackerCallback()
    
        @threadsafe_generator
        def gen_data(batch_sz):
            while True:
                yield ([np.random.random((batch_sz, 3)),
                        np.random.random((batch_sz, 3))],
                       [np.random.random((batch_sz, 4)),
                        np.random.random((batch_sz, 3))])
    
        out = model.fit_generator(gen_data(4), steps_per_epoch=3, epochs=5,
>                                 initial_epoch=2, callbacks=[tracker_cb])

test_training.py:322: 
_ _ _ _ _ _ _ _ _ _ _ _ _ _ _ _ _ _ _ _ _ _ _ _ _ _ _ _ _ _ _ _ _ _ _ _ _ _ _ _
C:\ProgramData\Anaconda3\envs\keras\lib\site-packages\keras\legacy\interfaces.py:91: in wrapper
    return func(*args, **kwargs)
C:\ProgramData\Anaconda3\envs\keras\lib\site-packages\keras\engine\training.py:1732: in fit_generator
    initial_epoch=initial_epoch)
C:\ProgramData\Anaconda3\envs\keras\lib\site-packages\keras\engine\training_generator.py:181: in fit_generator
    callbacks.on_epoch_begin(epoch)
C:\ProgramData\Anaconda3\envs\keras\lib\site-packages\keras\callbacks\callbacks.py:136: in on_epoch_begin
    callback.on_epoch_begin(epoch, logs)
_ _ _ _ _ _ _ _ _ _ _ _ _ _ _ _ _ _ _ _ _ _ _ _ _ _ _ _ _ _ _ _ _ _ _ _ _ _ _ _

self = <keras.callbacks.callbacks.ProgbarLogger object at 0x0000019DF52AEBE0>
epoch = 2, logs = {}

    def on_epoch_begin(self, epoch, logs=None):
>       if self.verbose:
E       AttributeError: 'ProgbarLogger' object has no attribute 'verbose'

C:\ProgramData\Anaconda3\envs\keras\lib\site-packages\keras\callbacks\callbacks.py:572: AttributeError
---------------------------- Captured stdout call -----------------------------
Epoch 1/1

 4/10 [===========>..................] - ETA: 0s - loss: 1.0321 - dense_1_loss: 0.8002 - dropout_loss: 0.4638
10/10 [==============================] - 0s 2ms/step - loss: 0.8406 - dense_1_loss: 0.6175 - dropout_loss: 0.4074
Epoch 1/1

 4/10 [===========>..................] - ETA: 0s - loss: 1.0260 - dense_1_loss: 0.7990 - dropout_loss: 0.4541
10/10 [==============================] - 0s 2ms/step - loss: 0.8347 - dense_1_loss: 0.5801 - dropout_loss: 0.4231
Epoch 1/1

 4/10 [===========>..................] - ETA: 0s - loss: 1.0759 - dense_1_loss: 0.7697 - dropout_loss: 0.6124
10/10 [==============================] - 0s 2ms/step - loss: 0.8634 - dense_1_loss: 0.5958 - dropout_loss: 0.4709
Train on 5 samples, validate on 5 samples
Epoch 1/1

4/5 [=======================>......] - ETA: 0s - loss: 0.8083 - dense_1_loss: 0.5255 - dropout_loss: 0.5655
5/5 [==============================] - 0s 9ms/step - loss: 0.8047 - dense_1_loss: 0.5834 - dropout_loss: 0.4320 - val_loss: 0.7118 - val_dense_1_loss: 0.8549 - val_dropout_loss: 0.0704
Train on 5 samples, validate on 5 samples
Epoch 1/1

4/5 [=======================>......] - ETA: 0s - loss: 0.7348 - dense_1_loss: 0.6049 - dropout_loss: 0.2596
5/5 [==============================] - 0s 6ms/step - loss: 0.6818 - dense_1_loss: 0.4510 - dropout_loss: 0.3028 - val_loss: 0.7074 - val_dense_1_loss: 0.8498 - val_dropout_loss: 0.0704
Train on 10 samples, validate on 10 samples
Epoch 1/1

 4/10 [===========>..................] - ETA: 0s - loss: 0.6603 - dense_1_loss: 0.5041 - dropout_loss: 0.3125
10/10 [==============================] - 0s 3ms/step - loss: 0.8199 - dense_1_loss: 0.5765 - dropout_loss: 0.4321 - val_loss: 0.6336 - val_dense_1_loss: 0.6111 - val_dropout_loss: 0.0777
Train on 10 samples, validate on 10 samples
Epoch 1/1

 4/10 [===========>..................] - ETA: 0s - loss: 0.7427 - dense_1_loss: 0.4988 - dropout_loss: 0.4877
10/10 [==============================] - 0s 3ms/step - loss: 0.8396 - dense_1_loss: 0.6204 - dropout_loss: 0.5410 - val_loss: 0.6258 - val_dense_1_loss: 0.6031 - val_dropout_loss: 0.0777
Train on 10 samples, validate on 10 samples
Epoch 1/1

 4/10 [===========>..................] - ETA: 0s - loss: 0.9705 - dense_1_loss: 0.7430 - dropout_loss: 0.4550
10/10 [==============================] - 0s 3ms/step - loss: 0.8158 - dense_1_loss: 0.6038 - dropout_loss: 0.4982 - val_loss: 0.6185 - val_dense_1_loss: 0.5957 - val_dropout_loss: 0.0777

 4/10 [===========>..................] - ETA: 0s
10/10 [==============================] - 0s 2ms/step
Epoch 3/5

 4/10 [===========>..................] - ETA: 0s - loss: 0.6804 - dense_1_loss: 0.1856 - dropout_loss: 0.4949 - dense_1_acc: 0.7500
10/10 [==============================] - 0s 2ms/step - loss: 0.6919 - dense_1_loss: 0.4167 - dropout_loss: 0.2693 - dense_1_acc: 0.4000
Epoch 4/5

 4/10 [===========>..................] - ETA: 0s - loss: 0.7555 - dense_1_loss: 0.3759 - dropout_loss: 0.3796 - dense_1_acc: 0.2500
10/10 [==============================] - 0s 2ms/step - loss: 0.8158 - dense_1_loss: 0.3878 - dropout_loss: 0.4305 - dense_1_acc: 0.4000
Epoch 5/5

 4/10 [===========>..................] - ETA: 0s - loss: 0.8340 - dense_1_loss: 0.3762 - dropout_loss: 0.4578 - dense_1_acc: 0.7500
10/10 [==============================] - 0s 2ms/step - loss: 0.6876 - dense_1_loss: 0.4032 - dropout_loss: 0.2778 - dense_1_acc: 0.4000
---------------------------- Captured stderr call -----------------------------
Using TensorFlow backend.
WARNING:tensorflow:From C:\ProgramData\Anaconda3\envs\keras\lib\site-packages\tensorflow_core\python\ops\resource_variable_ops.py:1630: calling BaseResourceVariable.__init__ (from tensorflow.python.ops.resource_variable_ops) with constraint is deprecated and will be removed in a future version.
Instructions for updating:
If using Keras pass *_constraint arguments to layers.
2020-10-04 14:55:44.339049: I tensorflow/stream_executor/platform/default/dso_loader.cc:44] Successfully opened dynamic library nvcuda.dll
2020-10-04 14:55:44.470192: I tensorflow/core/common_runtime/gpu/gpu_device.cc:1618] Found device 0 with properties: 
name: GeForce RTX 2080 Ti major: 7 minor: 5 memoryClockRate(GHz): 1.65
pciBusID: 0000:73:00.0
2020-10-04 14:55:44.471946: I tensorflow/stream_executor/platform/default/dso_loader.cc:44] Successfully opened dynamic library cudart64_100.dll
2020-10-04 14:55:44.475612: I tensorflow/stream_executor/platform/default/dso_loader.cc:44] Successfully opened dynamic library cublas64_100.dll
2020-10-04 14:55:44.479233: I tensorflow/stream_executor/platform/default/dso_loader.cc:44] Successfully opened dynamic library cufft64_100.dll
2020-10-04 14:55:44.480909: I tensorflow/stream_executor/platform/default/dso_loader.cc:44] Successfully opened dynamic library curand64_100.dll
2020-10-04 14:55:44.485597: I tensorflow/stream_executor/platform/default/dso_loader.cc:44] Successfully opened dynamic library cusolver64_100.dll
2020-10-04 14:55:44.488823: I tensorflow/stream_executor/platform/default/dso_loader.cc:44] Successfully opened dynamic library cusparse64_100.dll
2020-10-04 14:55:44.498601: I tensorflow/stream_executor/platform/default/dso_loader.cc:44] Successfully opened dynamic library cudnn64_7.dll
2020-10-04 14:55:44.499587: I tensorflow/core/common_runtime/gpu/gpu_device.cc:1746] Adding visible gpu devices: 0
2020-10-04 14:55:44.500205: I tensorflow/core/platform/cpu_feature_guard.cc:142] Your CPU supports instructions that this TensorFlow binary was not compiled to use: AVX2
2020-10-04 14:55:44.514451: I tensorflow/core/common_runtime/gpu/gpu_device.cc:1618] Found device 0 with properties: 
name: GeForce RTX 2080 Ti major: 7 minor: 5 memoryClockRate(GHz): 1.65
pciBusID: 0000:73:00.0
2020-10-04 14:55:44.515014: I tensorflow/stream_executor/platform/default/dso_loader.cc:44] Successfully opened dynamic library cudart64_100.dll
2020-10-04 14:55:44.515378: I tensorflow/stream_executor/platform/default/dso_loader.cc:44] Successfully opened dynamic library cublas64_100.dll
2020-10-04 14:55:44.515724: I tensorflow/stream_executor/platform/default/dso_loader.cc:44] Successfully opened dynamic library cufft64_100.dll
2020-10-04 14:55:44.516079: I tensorflow/stream_executor/platform/default/dso_loader.cc:44] Successfully opened dynamic library curand64_100.dll
2020-10-04 14:55:44.516420: I tensorflow/stream_executor/platform/default/dso_loader.cc:44] Successfully opened dynamic library cusolver64_100.dll
2020-10-04 14:55:44.516768: I tensorflow/stream_executor/platform/default/dso_loader.cc:44] Successfully opened dynamic library cusparse64_100.dll
2020-10-04 14:55:44.517110: I tensorflow/stream_executor/platform/default/dso_loader.cc:44] Successfully opened dynamic library cudnn64_7.dll
2020-10-04 14:55:44.517959: I tensorflow/core/common_runtime/gpu/gpu_device.cc:1746] Adding visible gpu devices: 0
2020-10-04 14:55:45.470662: I tensorflow/core/common_runtime/gpu/gpu_device.cc:1159] Device interconnect StreamExecutor with strength 1 edge matrix:
2020-10-04 14:55:45.471121: I tensorflow/core/common_runtime/gpu/gpu_device.cc:1165]      0 
2020-10-04 14:55:45.471339: I tensorflow/core/common_runtime/gpu/gpu_device.cc:1178] 0:   N 
2020-10-04 14:55:45.472091: I tensorflow/core/common_runtime/gpu/gpu_device.cc:1304] Created TensorFlow device (/job:localhost/replica:0/task:0/device:GPU:0 with 8686 MB memory) -> physical GPU (device: 0, name: GeForce RTX 2080 Ti, pci bus id: 0000:73:00.0, compute capability: 7.5)
WARNING:tensorflow:From C:\ProgramData\Anaconda3\envs\keras\lib\site-packages\keras\backend\tensorflow_backend.py:422: The name tf.global_variables is deprecated. Please use tf.compat.v1.global_variables instead.

2020-10-04 14:55:46.040307: I tensorflow/stream_executor/platform/default/dso_loader.cc:44] Successfully opened dynamic library cublas64_100.dll
------------------------------ Captured log call ------------------------------
WARNING  tensorflow:deprecation.py:506 From C:\ProgramData\Anaconda3\envs\keras\lib\site-packages\tensorflow_core\python\ops\resource_variable_ops.py:1630: calling BaseResourceVariable.__init__ (from tensorflow.python.ops.resource_variable_ops) with constraint is deprecated and will be removed in a future version.
Instructions for updating:
If using Keras pass *_constraint arguments to layers.
WARNING  tensorflow:module_wrapper.py:139 From C:\ProgramData\Anaconda3\envs\keras\lib\site-packages\keras\backend\tensorflow_backend.py:422: The name tf.global_variables is deprecated. Please use tf.compat.v1.global_variables instead.
_____________________________ test_fit_generator ______________________________

    @flaky(rerun_filter=lambda err, *args: issubclass(err[0], AssertionError))
    def test_fit_generator():
        model = get_model(num_outputs=2)
        optimizer = 'rmsprop'
        loss = 'mse'
        loss_weights = [1., 0.5]
    
        model.compile(optimizer, loss, metrics=[], loss_weights=loss_weights,
                      sample_weight_mode=None)
        tracker_cb = TrackerCallback()
        val_seq = RandomSequence(4)
        out = model.fit_generator(generator=RandomSequence(3),
                                  steps_per_epoch=3,
                                  epochs=5,
                                  initial_epoch=0,
                                  validation_data=val_seq,
                                  validation_steps=3,
                                  max_queue_size=1,
>                                 callbacks=[tracker_cb])

test_training.py:490: 
_ _ _ _ _ _ _ _ _ _ _ _ _ _ _ _ _ _ _ _ _ _ _ _ _ _ _ _ _ _ _ _ _ _ _ _ _ _ _ _
C:\ProgramData\Anaconda3\envs\keras\lib\site-packages\keras\legacy\interfaces.py:91: in wrapper
    return func(*args, **kwargs)
C:\ProgramData\Anaconda3\envs\keras\lib\site-packages\keras\engine\training.py:1732: in fit_generator
    initial_epoch=initial_epoch)
C:\ProgramData\Anaconda3\envs\keras\lib\site-packages\keras\engine\training_generator.py:181: in fit_generator
    callbacks.on_epoch_begin(epoch)
C:\ProgramData\Anaconda3\envs\keras\lib\site-packages\keras\callbacks\callbacks.py:136: in on_epoch_begin
    callback.on_epoch_begin(epoch, logs)
_ _ _ _ _ _ _ _ _ _ _ _ _ _ _ _ _ _ _ _ _ _ _ _ _ _ _ _ _ _ _ _ _ _ _ _ _ _ _ _

self = <keras.callbacks.callbacks.ProgbarLogger object at 0x000001A033402780>
epoch = 0, logs = {}

    def on_epoch_begin(self, epoch, logs=None):
>       if self.verbose:
E       AttributeError: 'ProgbarLogger' object has no attribute 'verbose'

C:\ProgramData\Anaconda3\envs\keras\lib\site-packages\keras\callbacks\callbacks.py:572: AttributeError
---------------------------- Captured stderr call -----------------------------
2020-10-04 14:55:49.999452: I tensorflow/core/common_runtime/gpu/gpu_device.cc:1618] Found device 0 with properties: 
name: GeForce RTX 2080 Ti major: 7 minor: 5 memoryClockRate(GHz): 1.65
pciBusID: 0000:73:00.0
2020-10-04 14:55:50.000063: I tensorflow/stream_executor/platform/default/dso_loader.cc:44] Successfully opened dynamic library cudart64_100.dll
2020-10-04 14:55:50.000410: I tensorflow/stream_executor/platform/default/dso_loader.cc:44] Successfully opened dynamic library cublas64_100.dll
2020-10-04 14:55:50.000757: I tensorflow/stream_executor/platform/default/dso_loader.cc:44] Successfully opened dynamic library cufft64_100.dll
2020-10-04 14:55:50.001095: I tensorflow/stream_executor/platform/default/dso_loader.cc:44] Successfully opened dynamic library curand64_100.dll
2020-10-04 14:55:50.001433: I tensorflow/stream_executor/platform/default/dso_loader.cc:44] Successfully opened dynamic library cusolver64_100.dll
2020-10-04 14:55:50.001777: I tensorflow/stream_executor/platform/default/dso_loader.cc:44] Successfully opened dynamic library cusparse64_100.dll
2020-10-04 14:55:50.002124: I tensorflow/stream_executor/platform/default/dso_loader.cc:44] Successfully opened dynamic library cudnn64_7.dll
2020-10-04 14:55:50.002724: I tensorflow/core/common_runtime/gpu/gpu_device.cc:1746] Adding visible gpu devices: 0
2020-10-04 14:55:50.003046: I tensorflow/core/common_runtime/gpu/gpu_device.cc:1159] Device interconnect StreamExecutor with strength 1 edge matrix:
2020-10-04 14:55:50.003399: I tensorflow/core/common_runtime/gpu/gpu_device.cc:1165]      0 
2020-10-04 14:55:50.003621: I tensorflow/core/common_runtime/gpu/gpu_device.cc:1178] 0:   N 
2020-10-04 14:55:50.004140: I tensorflow/core/common_runtime/gpu/gpu_device.cc:1304] Created TensorFlow device (/job:localhost/replica:0/task:0/device:GPU:0 with 8686 MB memory) -> physical GPU (device: 0, name: GeForce RTX 2080 Ti, pci bus id: 0000:73:00.0, compute capability: 7.5)
________________________ test_model_with_external_loss ________________________

    @pytest.mark.skipif((K.backend() == 'cntk'),
                        reason='cntk does not support external loss yet')
    def test_model_with_external_loss():
        # None loss, only regularization loss.
        a = Input(shape=(3,), name='input_a')
        a_2 = Dense(4, name='dense_1',
                    kernel_regularizer='l1',
                    bias_regularizer='l2')(a)
        dp = Dropout(0.5, name='dropout')
        a_3 = dp(a_2)
    
        model = Model(a, [a_2, a_3])
    
        optimizer = 'rmsprop'
        loss = None
        model.compile(optimizer, loss, metrics=['mae'])
    
        input_a_np = np.random.random((10, 3))
    
        # test train_on_batch
        out = model.train_on_batch(input_a_np, None)
        out = model.test_on_batch(input_a_np, None)
        # fit
        out = model.fit(input_a_np, None)
        # evaluate
        out = model.evaluate(input_a_np, None)
    
        # No dropout, external loss.
        a = Input(shape=(3,), name='input_a')
        a_2 = Dense(4, name='dense_1')(a)
        a_3 = Dense(4, name='dense_2')(a)
    
        model = Model(a, [a_2, a_3])
        model.add_loss(K.mean(a_3 + a_2))
    
        optimizer = 'rmsprop'
        loss = None
        model.compile(optimizer, loss, metrics=['mae'])
    
        # test train_on_batch
        out = model.train_on_batch(input_a_np, None)
        out = model.test_on_batch(input_a_np, None)
        # fit
        out = model.fit(input_a_np, None)
        # evaluate
        out = model.evaluate(input_a_np, None)
    
        # Test fit with no external data at all.
        if K.backend() == 'tensorflow':
            import tensorflow as tf
    
            a = Input(tensor=tf.Variable(input_a_np, dtype=tf.float32))
            a_2 = Dense(4, name='dense_1')(a)
            a_2 = Dropout(0.5, name='dropout')(a_2)
            model = Model(a, a_2)
            model.add_loss(K.mean(a_2))
    
            model.compile(optimizer='rmsprop',
                          loss=None,
                          metrics=['mean_squared_error'])
    
            # test train_on_batch
            out = model.train_on_batch(None, None)
            out = model.test_on_batch(None, None)
            out = model.predict_on_batch(None)
    
            # test fit
            with pytest.raises(ValueError):
                out = model.fit(None, None, epochs=1, batch_size=10)
            out = model.fit(None, None, epochs=1, steps_per_epoch=1)
    
            # define a generator to produce x=None and y=None
            @threadsafe_generator
            def data_tensors_generator():
                while True:
                    yield (None, None)
    
            generator = data_tensors_generator()
    
            # test fit_generator for framework-native data tensors
            out = model.fit_generator(generator, epochs=1,
>                                     steps_per_epoch=3)

test_training.py:1101: 
_ _ _ _ _ _ _ _ _ _ _ _ _ _ _ _ _ _ _ _ _ _ _ _ _ _ _ _ _ _ _ _ _ _ _ _ _ _ _ _
C:\ProgramData\Anaconda3\envs\keras\lib\site-packages\keras\legacy\interfaces.py:91: in wrapper
    return func(*args, **kwargs)
C:\ProgramData\Anaconda3\envs\keras\lib\site-packages\keras\engine\training.py:1732: in fit_generator
    initial_epoch=initial_epoch)
C:\ProgramData\Anaconda3\envs\keras\lib\site-packages\keras\engine\training_generator.py:181: in fit_generator
    callbacks.on_epoch_begin(epoch)
C:\ProgramData\Anaconda3\envs\keras\lib\site-packages\keras\callbacks\callbacks.py:136: in on_epoch_begin
    callback.on_epoch_begin(epoch, logs)
_ _ _ _ _ _ _ _ _ _ _ _ _ _ _ _ _ _ _ _ _ _ _ _ _ _ _ _ _ _ _ _ _ _ _ _ _ _ _ _

self = <keras.callbacks.callbacks.ProgbarLogger object at 0x000001A033157390>
epoch = 0, logs = {}

    def on_epoch_begin(self, epoch, logs=None):
>       if self.verbose:
E       AttributeError: 'ProgbarLogger' object has no attribute 'verbose'

C:\ProgramData\Anaconda3\envs\keras\lib\site-packages\keras\callbacks\callbacks.py:572: AttributeError
---------------------------- Captured stdout call -----------------------------
Epoch 1/1

10/10 [==============================] - 0s 0us/step - loss: 0.0599

10/10 [==============================] - 0s 0us/step
Epoch 1/1

10/10 [==============================] - 0s 2ms/step - loss: -0.2308

10/10 [==============================] - 0s 0us/step
Epoch 1/1

1/1 [==============================] - 0s 0us/step - loss: 0.0208
---------------------------- Captured stderr call -----------------------------
2020-10-04 14:55:55.166199: I tensorflow/core/common_runtime/gpu/gpu_device.cc:1618] Found device 0 with properties: 
name: GeForce RTX 2080 Ti major: 7 minor: 5 memoryClockRate(GHz): 1.65
pciBusID: 0000:73:00.0
2020-10-04 14:55:55.166802: I tensorflow/stream_executor/platform/default/dso_loader.cc:44] Successfully opened dynamic library cudart64_100.dll
2020-10-04 14:55:55.167150: I tensorflow/stream_executor/platform/default/dso_loader.cc:44] Successfully opened dynamic library cublas64_100.dll
2020-10-04 14:55:55.167493: I tensorflow/stream_executor/platform/default/dso_loader.cc:44] Successfully opened dynamic library cufft64_100.dll
2020-10-04 14:55:55.167830: I tensorflow/stream_executor/platform/default/dso_loader.cc:44] Successfully opened dynamic library curand64_100.dll
2020-10-04 14:55:55.168172: I tensorflow/stream_executor/platform/default/dso_loader.cc:44] Successfully opened dynamic library cusolver64_100.dll
2020-10-04 14:55:55.168517: I tensorflow/stream_executor/platform/default/dso_loader.cc:44] Successfully opened dynamic library cusparse64_100.dll
2020-10-04 14:55:55.168867: I tensorflow/stream_executor/platform/default/dso_loader.cc:44] Successfully opened dynamic library cudnn64_7.dll
2020-10-04 14:55:55.169463: I tensorflow/core/common_runtime/gpu/gpu_device.cc:1746] Adding visible gpu devices: 0
2020-10-04 14:55:55.169771: I tensorflow/core/common_runtime/gpu/gpu_device.cc:1159] Device interconnect StreamExecutor with strength 1 edge matrix:
2020-10-04 14:55:55.170131: I tensorflow/core/common_runtime/gpu/gpu_device.cc:1165]      0 
2020-10-04 14:55:55.170355: I tensorflow/core/common_runtime/gpu/gpu_device.cc:1178] 0:   N 
2020-10-04 14:55:55.170869: I tensorflow/core/common_runtime/gpu/gpu_device.cc:1304] Created TensorFlow device (/job:localhost/replica:0/task:0/device:GPU:0 with 8686 MB memory) -> physical GPU (device: 0, name: GeForce RTX 2080 Ti, pci bus id: 0000:73:00.0, compute capability: 7.5)
____________________________ test_validation_freq _____________________________

    def test_validation_freq():
        model = Sequential([Dense(1)])
        model.compile('sgd', 'mse')
    
        def _gen():
            while True:
                yield np.ones((2, 10)), np.ones((2, 1))
    
        x, y = np.ones((10, 10)), np.ones((10, 1))
    
        class ValCounter(Callback):
    
            def __init__(self):
                self.val_runs = 0
    
            def on_test_begin(self, logs=None):
                self.val_runs += 1
    
        # Test in training_arrays.py
        val_counter = ValCounter()
        model.fit(
            x,
            y,
            batch_size=2,
            epochs=4,
            validation_data=(x, y),
            validation_freq=2,
            callbacks=[val_counter])
        assert val_counter.val_runs == 2
    
        # Test in training_generator.py
        val_counter = ValCounter()
        model.fit_generator(
            _gen(),
            epochs=4,
            steps_per_epoch=5,
            validation_data=(x, y),
            validation_freq=[4, 2, 2, 1],
>           callbacks=[val_counter])

test_training.py:1731: 
_ _ _ _ _ _ _ _ _ _ _ _ _ _ _ _ _ _ _ _ _ _ _ _ _ _ _ _ _ _ _ _ _ _ _ _ _ _ _ _
C:\ProgramData\Anaconda3\envs\keras\lib\site-packages\keras\legacy\interfaces.py:91: in wrapper
    return func(*args, **kwargs)
C:\ProgramData\Anaconda3\envs\keras\lib\site-packages\keras\engine\training.py:1732: in fit_generator
    initial_epoch=initial_epoch)
C:\ProgramData\Anaconda3\envs\keras\lib\site-packages\keras\engine\training_generator.py:181: in fit_generator
    callbacks.on_epoch_begin(epoch)
C:\ProgramData\Anaconda3\envs\keras\lib\site-packages\keras\callbacks\callbacks.py:136: in on_epoch_begin
    callback.on_epoch_begin(epoch, logs)
_ _ _ _ _ _ _ _ _ _ _ _ _ _ _ _ _ _ _ _ _ _ _ _ _ _ _ _ _ _ _ _ _ _ _ _ _ _ _ _

self = <keras.callbacks.callbacks.ProgbarLogger object at 0x000001A033100EB8>
epoch = 0, logs = {}

    def on_epoch_begin(self, epoch, logs=None):
>       if self.verbose:
E       AttributeError: 'ProgbarLogger' object has no attribute 'verbose'

C:\ProgramData\Anaconda3\envs\keras\lib\site-packages\keras\callbacks\callbacks.py:572: AttributeError
---------------------------- Captured stdout call -----------------------------
Train on 10 samples, validate on 10 samples
Epoch 1/4

 2/10 [=====>........................] - ETA: 0s - loss: 8.6388
10/10 [==============================] - 0s 6ms/step - loss: 4.0443
Epoch 2/4

 2/10 [=====>........................] - ETA: 0s - loss: 0.7201
10/10 [==============================] - 0s 5ms/step - loss: 0.3371 - val_loss: 0.0600
Epoch 3/4

 2/10 [=====>........................] - ETA: 0s - loss: 0.0600
10/10 [==============================] - 0s 2ms/step - loss: 0.0281
Epoch 4/4

 2/10 [=====>........................] - ETA: 0s - loss: 0.0050
10/10 [==============================] - 0s 3ms/step - loss: 0.0023 - val_loss: 4.1710e-04
---------------------------- Captured stderr call -----------------------------
2020-10-04 14:56:05.422668: I tensorflow/core/common_runtime/gpu/gpu_device.cc:1618] Found device 0 with properties: 
name: GeForce RTX 2080 Ti major: 7 minor: 5 memoryClockRate(GHz): 1.65
pciBusID: 0000:73:00.0
2020-10-04 14:56:05.423276: I tensorflow/stream_executor/platform/default/dso_loader.cc:44] Successfully opened dynamic library cudart64_100.dll
2020-10-04 14:56:05.423628: I tensorflow/stream_executor/platform/default/dso_loader.cc:44] Successfully opened dynamic library cublas64_100.dll
2020-10-04 14:56:05.423972: I tensorflow/stream_executor/platform/default/dso_loader.cc:44] Successfully opened dynamic library cufft64_100.dll
2020-10-04 14:56:05.424313: I tensorflow/stream_executor/platform/default/dso_loader.cc:44] Successfully opened dynamic library curand64_100.dll
2020-10-04 14:56:05.424652: I tensorflow/stream_executor/platform/default/dso_loader.cc:44] Successfully opened dynamic library cusolver64_100.dll
2020-10-04 14:56:05.424997: I tensorflow/stream_executor/platform/default/dso_loader.cc:44] Successfully opened dynamic library cusparse64_100.dll
2020-10-04 14:56:05.425347: I tensorflow/stream_executor/platform/default/dso_loader.cc:44] Successfully opened dynamic library cudnn64_7.dll
2020-10-04 14:56:05.425950: I tensorflow/core/common_runtime/gpu/gpu_device.cc:1746] Adding visible gpu devices: 0
2020-10-04 14:56:05.426260: I tensorflow/core/common_runtime/gpu/gpu_device.cc:1159] Device interconnect StreamExecutor with strength 1 edge matrix:
2020-10-04 14:56:05.426618: I tensorflow/core/common_runtime/gpu/gpu_device.cc:1165]      0 
2020-10-04 14:56:05.426839: I tensorflow/core/common_runtime/gpu/gpu_device.cc:1178] 0:   N 
2020-10-04 14:56:05.427384: I tensorflow/core/common_runtime/gpu/gpu_device.cc:1304] Created TensorFlow device (/job:localhost/replica:0/task:0/device:GPU:0 with 8686 MB memory) -> physical GPU (device: 0, name: GeForce RTX 2080 Ti, pci bus id: 0000:73:00.0, compute capability: 7.5)
============================== warnings summary ===============================
C:\ProgramData\Anaconda3\envs\keras\lib\site-packages\_pytest\config\__init__.py:1040
  C:\ProgramData\Anaconda3\envs\keras\lib\site-packages\_pytest\config\__init__.py:1040: PytestAssertRewriteWarning: Module already imported so cannot be rewritten: flaky
    self._mark_plugins_for_rewrite(hook)

test_training.py::test_model_with_partial_loss
test_training.py::test_model_with_external_loss
  C:\ProgramData\Anaconda3\envs\keras\lib\site-packages\keras\engine\training_utils.py:819: UserWarning: Output dense_1 missing from loss dictionary. We assume this was done on purpose. The fit and evaluate APIs will not be expecting any data to be passed to dense_1.
    'be expecting any data to be passed to {0}.'.format(name))

test_training.py::test_model_with_external_loss
  C:\ProgramData\Anaconda3\envs\keras\lib\site-packages\keras\engine\training_utils.py:819: UserWarning: Output dropout missing from loss dictionary. We assume this was done on purpose. The fit and evaluate APIs will not be expecting any data to be passed to dropout.
    'be expecting any data to be passed to {0}.'.format(name))

test_training.py::test_model_with_external_loss
  C:\ProgramData\Anaconda3\envs\keras\lib\site-packages\keras\engine\training_utils.py:819: UserWarning: Output dense_2 missing from loss dictionary. We assume this was done on purpose. The fit and evaluate APIs will not be expecting any data to be passed to dense_2.
    'be expecting any data to be passed to {0}.'.format(name))

-- Docs: https://docs.pytest.org/en/stable/warnings.html
===Flaky Test Report===

test_model_methods failed and was not selected for rerun.
	<class 'AttributeError'>
	'ProgbarLogger' object has no attribute 'verbose'
	[<TracebackEntry C:\Users\mutation\Desktop\testcase\tests\keras\engine\test_training.py:322>, <TracebackEntry C:\ProgramData\Anaconda3\envs\keras\lib\site-packages\keras\legacy\interfaces.py:91>, <TracebackEntry C:\ProgramData\Anaconda3\envs\keras\lib\site-packages\keras\engine\training.py:1732>, <TracebackEntry C:\ProgramData\Anaconda3\envs\keras\lib\site-packages\keras\engine\training_generator.py:181>, <TracebackEntry C:\ProgramData\Anaconda3\envs\keras\lib\site-packages\keras\callbacks\callbacks.py:136>, <TracebackEntry C:\ProgramData\Anaconda3\envs\keras\lib\site-packages\keras\callbacks\callbacks.py:572>]
test_fit_generator failed and was not selected for rerun.
	<class 'AttributeError'>
	'ProgbarLogger' object has no attribute 'verbose'
	[<TracebackEntry C:\Users\mutation\Desktop\testcase\tests\keras\engine\test_training.py:490>, <TracebackEntry C:\ProgramData\Anaconda3\envs\keras\lib\site-packages\keras\legacy\interfaces.py:91>, <TracebackEntry C:\ProgramData\Anaconda3\envs\keras\lib\site-packages\keras\engine\training.py:1732>, <TracebackEntry C:\ProgramData\Anaconda3\envs\keras\lib\site-packages\keras\engine\training_generator.py:181>, <TracebackEntry C:\ProgramData\Anaconda3\envs\keras\lib\site-packages\keras\callbacks\callbacks.py:136>, <TracebackEntry C:\ProgramData\Anaconda3\envs\keras\lib\site-packages\keras\callbacks\callbacks.py:572>]

===End Flaky Test Report===
=========================== short test summary info ===========================
FAILED test_training.py::test_model_methods - AttributeError: 'ProgbarLogger'...
FAILED test_training.py::test_fit_generator - AttributeError: 'ProgbarLogger'...
FAILED test_training.py::test_model_with_external_loss - AttributeError: 'Pro...
FAILED test_training.py::test_validation_freq - AttributeError: 'ProgbarLogge...
============ 4 failed, 29 passed, 1 skipped, 5 warnings in 24.16s =============
