2020-10-06 19:17:50.594880: I tensorflow/stream_executor/platform/default/dso_loader.cc:44] Successfully opened dynamic library cudart64_100.dll
Running tests under Python 3.6.12: C:\ProgramData\Anaconda3\envs\keras\python.exe
[ RUN      ] QueueRunnerTest.testBasic
2020-10-06 19:17:54.492400: I tensorflow/stream_executor/platform/default/dso_loader.cc:44] Successfully opened dynamic library nvcuda.dll
2020-10-06 19:17:54.603448: I tensorflow/core/common_runtime/gpu/gpu_device.cc:1618] Found device 0 with properties: 
name: GeForce RTX 2080 Ti major: 7 minor: 5 memoryClockRate(GHz): 1.65
pciBusID: 0000:73:00.0
2020-10-06 19:17:54.605171: I tensorflow/stream_executor/platform/default/dso_loader.cc:44] Successfully opened dynamic library cudart64_100.dll
2020-10-06 19:17:54.611750: I tensorflow/stream_executor/platform/default/dso_loader.cc:44] Successfully opened dynamic library cublas64_100.dll
2020-10-06 19:17:54.616393: I tensorflow/stream_executor/platform/default/dso_loader.cc:44] Successfully opened dynamic library cufft64_100.dll
2020-10-06 19:17:54.618234: I tensorflow/stream_executor/platform/default/dso_loader.cc:44] Successfully opened dynamic library curand64_100.dll
2020-10-06 19:17:54.624578: I tensorflow/stream_executor/platform/default/dso_loader.cc:44] Successfully opened dynamic library cusolver64_100.dll
2020-10-06 19:17:54.628826: I tensorflow/stream_executor/platform/default/dso_loader.cc:44] Successfully opened dynamic library cusparse64_100.dll
2020-10-06 19:17:54.641068: I tensorflow/stream_executor/platform/default/dso_loader.cc:44] Successfully opened dynamic library cudnn64_7.dll
2020-10-06 19:17:54.642030: I tensorflow/core/common_runtime/gpu/gpu_device.cc:1746] Adding visible gpu devices: 0
2020-10-06 19:17:54.642825: I tensorflow/core/platform/cpu_feature_guard.cc:142] Your CPU supports instructions that this TensorFlow binary was not compiled to use: AVX2
2020-10-06 19:17:54.657385: I tensorflow/core/common_runtime/gpu/gpu_device.cc:1618] Found device 0 with properties: 
name: GeForce RTX 2080 Ti major: 7 minor: 5 memoryClockRate(GHz): 1.65
pciBusID: 0000:73:00.0
2020-10-06 19:17:54.657938: I tensorflow/stream_executor/platform/default/dso_loader.cc:44] Successfully opened dynamic library cudart64_100.dll
2020-10-06 19:17:54.658291: I tensorflow/stream_executor/platform/default/dso_loader.cc:44] Successfully opened dynamic library cublas64_100.dll
2020-10-06 19:17:54.658635: I tensorflow/stream_executor/platform/default/dso_loader.cc:44] Successfully opened dynamic library cufft64_100.dll
2020-10-06 19:17:54.658977: I tensorflow/stream_executor/platform/default/dso_loader.cc:44] Successfully opened dynamic library curand64_100.dll
2020-10-06 19:17:54.659319: I tensorflow/stream_executor/platform/default/dso_loader.cc:44] Successfully opened dynamic library cusolver64_100.dll
2020-10-06 19:17:54.659664: I tensorflow/stream_executor/platform/default/dso_loader.cc:44] Successfully opened dynamic library cusparse64_100.dll
2020-10-06 19:17:54.660008: I tensorflow/stream_executor/platform/default/dso_loader.cc:44] Successfully opened dynamic library cudnn64_7.dll
2020-10-06 19:17:54.660835: I tensorflow/core/common_runtime/gpu/gpu_device.cc:1746] Adding visible gpu devices: 0
2020-10-06 19:17:55.705394: I tensorflow/core/common_runtime/gpu/gpu_device.cc:1159] Device interconnect StreamExecutor with strength 1 edge matrix:
2020-10-06 19:17:55.705817: I tensorflow/core/common_runtime/gpu/gpu_device.cc:1165]      0 
2020-10-06 19:17:55.706057: I tensorflow/core/common_runtime/gpu/gpu_device.cc:1178] 0:   N 
2020-10-06 19:17:55.706879: I tensorflow/core/common_runtime/gpu/gpu_device.cc:1304] Created TensorFlow device (/job:localhost/replica:0/task:0/device:GPU:0 with 8686 MB memory) -> physical GPU (device: 0, name: GeForce RTX 2080 Ti, pci bus id: 0000:73:00.0, compute capability: 7.5)
WARNING:tensorflow:From queue_runner_test.py:102: RefVariable.count_up_to (from tensorflow.python.ops.variables) is deprecated and will be removed in a future version.
Instructions for updating:
Prefer Dataset.range instead.
W1006 19:17:55.711493 22144 deprecation.py:323] From queue_runner_test.py:102: RefVariable.count_up_to (from tensorflow.python.ops.variables) is deprecated and will be removed in a future version.
Instructions for updating:
Prefer Dataset.range instead.
WARNING:tensorflow:From C:\ProgramData\Anaconda3\envs\keras\lib\site-packages\tensorflow_core\python\ops\variables.py:2522: count_up_to (from tensorflow.python.ops.state_ops) is deprecated and will be removed in a future version.
Instructions for updating:
Prefer Dataset.range instead.
W1006 19:17:55.711493 22144 deprecation.py:323] From C:\ProgramData\Anaconda3\envs\keras\lib\site-packages\tensorflow_core\python\ops\variables.py:2522: count_up_to (from tensorflow.python.ops.state_ops) is deprecated and will be removed in a future version.
Instructions for updating:
Prefer Dataset.range instead.
WARNING:tensorflow:From queue_runner_test.py:108: QueueRunner.__init__ (from tensorflow.python.training.queue_runner_impl) is deprecated and will be removed in a future version.
Instructions for updating:
To construct input pipelines, use the `tf.data` module.
W1006 19:17:55.727124 22144 deprecation.py:323] From queue_runner_test.py:108: QueueRunner.__init__ (from tensorflow.python.training.queue_runner_impl) is deprecated and will be removed in a future version.
Instructions for updating:
To construct input pipelines, use the `tf.data` module.
ERROR:tensorflow:Fetch argument None has invalid type <class 'NoneType'>
E1006 19:17:55.742742 13768 test_util.py:1563] Fetch argument None has invalid type <class 'NoneType'>
[       OK ] QueueRunnerTest.testBasic
[ RUN      ] QueueRunnerTest.testExceptionsCaptured
2020-10-06 19:17:55.750072: I tensorflow/core/common_runtime/gpu/gpu_device.cc:1618] Found device 0 with properties: 
name: GeForce RTX 2080 Ti major: 7 minor: 5 memoryClockRate(GHz): 1.65
pciBusID: 0000:73:00.0
2020-10-06 19:17:55.751983: I tensorflow/stream_executor/platform/default/dso_loader.cc:44] Successfully opened dynamic library cudart64_100.dll
2020-10-06 19:17:55.753268: I tensorflow/stream_executor/platform/default/dso_loader.cc:44] Successfully opened dynamic library cublas64_100.dll
2020-10-06 19:17:55.754557: I tensorflow/stream_executor/platform/default/dso_loader.cc:44] Successfully opened dynamic library cufft64_100.dll
2020-10-06 19:17:55.755824: I tensorflow/stream_executor/platform/default/dso_loader.cc:44] Successfully opened dynamic library curand64_100.dll
2020-10-06 19:17:55.757102: I tensorflow/stream_executor/platform/default/dso_loader.cc:44] Successfully opened dynamic library cusolver64_100.dll
2020-10-06 19:17:55.758461: I tensorflow/stream_executor/platform/default/dso_loader.cc:44] Successfully opened dynamic library cusparse64_100.dll
2020-10-06 19:17:55.759757: I tensorflow/stream_executor/platform/default/dso_loader.cc:44] Successfully opened dynamic library cudnn64_7.dll
2020-10-06 19:17:55.761700: I tensorflow/core/common_runtime/gpu/gpu_device.cc:1746] Adding visible gpu devices: 0
2020-10-06 19:17:55.762828: I tensorflow/core/common_runtime/gpu/gpu_device.cc:1159] Device interconnect StreamExecutor with strength 1 edge matrix:
2020-10-06 19:17:55.764146: I tensorflow/core/common_runtime/gpu/gpu_device.cc:1165]      0 
2020-10-06 19:17:55.764967: I tensorflow/core/common_runtime/gpu/gpu_device.cc:1178] 0:   N 
2020-10-06 19:17:55.766591: I tensorflow/core/common_runtime/gpu/gpu_device.cc:1304] Created TensorFlow device (/job:localhost/replica:0/task:0/device:GPU:0 with 8686 MB memory) -> physical GPU (device: 0, name: GeForce RTX 2080 Ti, pci bus id: 0000:73:00.0, compute capability: 7.5)
ERROR:tensorflow:Exception in QueueRunner: Fetch argument 'i fail' cannot be interpreted as a Tensor. ("The name 'i fail' refers to an Operation not in the graph.")
E1006 19:17:55.773984 18768 queue_runner_impl.py:275] Exception in QueueRunner: Fetch argument 'i fail' cannot be interpreted as a Tensor. ("The name 'i fail' refers to an Operation not in the graph.")
ERROR:tensorflow:Exception in QueueRunner: Fetch argument 'so fail' cannot be interpreted as a Tensor. ("The name 'so fail' refers to an Operation not in the graph.")
E1006 19:17:55.773984  3196 queue_runner_impl.py:275] Exception in QueueRunner: Fetch argument 'so fail' cannot be interpreted as a Tensor. ("The name 'so fail' refers to an Operation not in the graph.")
Exception in thread QueueRunnerThread-fifo_queue-i fail:
Traceback (most recent call last):
  File "C:\ProgramData\Anaconda3\envs\keras\lib\site-packages\tensorflow_core\python\client\session.py", line 305, in __init__
    fetch, allow_tensor=True, allow_operation=True))
  File "C:\ProgramData\Anaconda3\envs\keras\lib\site-packages\tensorflow_core\python\framework\ops.py", line 3607, in as_graph_element
    return self._as_graph_element_locked(obj, allow_tensor, allow_operation)
  File "C:\ProgramData\Anaconda3\envs\keras\lib\site-packages\tensorflow_core\python\framework\ops.py", line 3667, in _as_graph_element_locked
    "graph." % repr(name))
KeyError: "The name 'i fail' refers to an Operation not in the graph."

During handling of the above exception, another exception occurred:

Traceback (most recent call last):
  File "C:\ProgramData\Anaconda3\envs\keras\lib\threading.py", line 916, in _bootstrap_inner
    self.run()
  File "C:\ProgramData\Anaconda3\envs\keras\lib\threading.py", line 864, in run
    self._target(*self._args, **self._kwargs)
  File "C:\ProgramData\Anaconda3\envs\keras\lib\site-packages\tensorflow_core\python\training\queue_runner_impl.py", line 252, in _run
    enqueue_callable = sess.make_callable(enqueue_op)
  File "C:\ProgramData\Anaconda3\envs\keras\lib\site-packages\tensorflow_core\python\client\session.py", line 1244, in make_callable
    object_identity.ObjectIdentityDictionary())
  File "C:\ProgramData\Anaconda3\envs\keras\lib\site-packages\tensorflow_core\python\client\session.py", line 474, in __init__
    self._fetch_mapper = _FetchMapper.for_fetch(fetches)
  File "C:\ProgramData\Anaconda3\envs\keras\lib\site-packages\tensorflow_core\python\client\session.py", line 266, in for_fetch
    return _ListFetchMapper(fetch)
  File "C:\ProgramData\Anaconda3\envs\keras\lib\site-packages\tensorflow_core\python\client\session.py", line 375, in __init__
    self._mappers = [_FetchMapper.for_fetch(fetch) for fetch in fetches]
  File "C:\ProgramData\Anaconda3\envs\keras\lib\site-packages\tensorflow_core\python\client\session.py", line 375, in <listcomp>
    self._mappers = [_FetchMapper.for_fetch(fetch) for fetch in fetches]
  File "C:\ProgramData\Anaconda3\envs\keras\lib\site-packages\tensorflow_core\python\client\session.py", line 276, in for_fetch
    return _ElementFetchMapper(fetches, contraction_fn)
  File "C:\ProgramData\Anaconda3\envs\keras\lib\site-packages\tensorflow_core\python\client\session.py", line 315, in __init__
    'Tensor. (%s)' % (fetch, str(e)))
ValueError: Fetch argument 'i fail' cannot be interpreted as a Tensor. ("The name 'i fail' refers to an Operation not in the graph.")

Exception in thread QueueRunnerThread-fifo_queue-so fail:
Traceback (most recent call last):
  File "C:\ProgramData\Anaconda3\envs\keras\lib\site-packages\tensorflow_core\python\client\session.py", line 305, in __init__
    fetch, allow_tensor=True, allow_operation=True))
  File "C:\ProgramData\Anaconda3\envs\keras\lib\site-packages\tensorflow_core\python\framework\ops.py", line 3607, in as_graph_element
    return self._as_graph_element_locked(obj, allow_tensor, allow_operation)
  File "C:\ProgramData\Anaconda3\envs\keras\lib\site-packages\tensorflow_core\python\framework\ops.py", line 3667, in _as_graph_element_locked
    "graph." % repr(name))
KeyError: "The name 'so fail' refers to an Operation not in the graph."

During handling of the above exception, another exception occurred:

Traceback (most recent call last):
  File "C:\ProgramData\Anaconda3\envs\keras\lib\threading.py", line 916, in _bootstrap_inner
    self.run()
  File "C:\ProgramData\Anaconda3\envs\keras\lib\threading.py", line 864, in run
    self._target(*self._args, **self._kwargs)
  File "C:\ProgramData\Anaconda3\envs\keras\lib\site-packages\tensorflow_core\python\training\queue_runner_impl.py", line 252, in _run
    enqueue_callable = sess.make_callable(enqueue_op)
  File "C:\ProgramData\Anaconda3\envs\keras\lib\site-packages\tensorflow_core\python\client\session.py", line 1244, in make_callable
    object_identity.ObjectIdentityDictionary())
  File "C:\ProgramData\Anaconda3\envs\keras\lib\site-packages\tensorflow_core\python\client\session.py", line 474, in __init__
    self._fetch_mapper = _FetchMapper.for_fetch(fetches)
  File "C:\ProgramData\Anaconda3\envs\keras\lib\site-packages\tensorflow_core\python\client\session.py", line 266, in for_fetch
    return _ListFetchMapper(fetch)
  File "C:\ProgramData\Anaconda3\envs\keras\lib\site-packages\tensorflow_core\python\client\session.py", line 375, in __init__
    self._mappers = [_FetchMapper.for_fetch(fetch) for fetch in fetches]
  File "C:\ProgramData\Anaconda3\envs\keras\lib\site-packages\tensorflow_core\python\client\session.py", line 375, in <listcomp>
    self._mappers = [_FetchMapper.for_fetch(fetch) for fetch in fetches]
  File "C:\ProgramData\Anaconda3\envs\keras\lib\site-packages\tensorflow_core\python\client\session.py", line 276, in for_fetch
    return _ElementFetchMapper(fetches, contraction_fn)
  File "C:\ProgramData\Anaconda3\envs\keras\lib\site-packages\tensorflow_core\python\client\session.py", line 315, in __init__
    'Tensor. (%s)' % (fetch, str(e)))
ValueError: Fetch argument 'so fail' cannot be interpreted as a Tensor. ("The name 'so fail' refers to an Operation not in the graph.")

[       OK ] QueueRunnerTest.testExceptionsCaptured
[ RUN      ] QueueRunnerTest.testGracePeriod
2020-10-06 19:17:55.794557: I tensorflow/core/common_runtime/gpu/gpu_device.cc:1618] Found device 0 with properties: 
name: GeForce RTX 2080 Ti major: 7 minor: 5 memoryClockRate(GHz): 1.65
pciBusID: 0000:73:00.0
2020-10-06 19:17:55.795736: I tensorflow/stream_executor/platform/default/dso_loader.cc:44] Successfully opened dynamic library cudart64_100.dll
2020-10-06 19:17:55.796525: I tensorflow/stream_executor/platform/default/dso_loader.cc:44] Successfully opened dynamic library cublas64_100.dll
2020-10-06 19:17:55.797319: I tensorflow/stream_executor/platform/default/dso_loader.cc:44] Successfully opened dynamic library cufft64_100.dll
2020-10-06 19:17:55.798254: I tensorflow/stream_executor/platform/default/dso_loader.cc:44] Successfully opened dynamic library curand64_100.dll
2020-10-06 19:17:55.799387: I tensorflow/stream_executor/platform/default/dso_loader.cc:44] Successfully opened dynamic library cusolver64_100.dll
2020-10-06 19:17:55.800535: I tensorflow/stream_executor/platform/default/dso_loader.cc:44] Successfully opened dynamic library cusparse64_100.dll
2020-10-06 19:17:55.801699: I tensorflow/stream_executor/platform/default/dso_loader.cc:44] Successfully opened dynamic library cudnn64_7.dll
2020-10-06 19:17:55.803420: I tensorflow/core/common_runtime/gpu/gpu_device.cc:1746] Adding visible gpu devices: 0
2020-10-06 19:17:55.804416: I tensorflow/core/common_runtime/gpu/gpu_device.cc:1159] Device interconnect StreamExecutor with strength 1 edge matrix:
2020-10-06 19:17:55.805587: I tensorflow/core/common_runtime/gpu/gpu_device.cc:1165]      0 
2020-10-06 19:17:55.806321: I tensorflow/core/common_runtime/gpu/gpu_device.cc:1178] 0:   N 
2020-10-06 19:17:55.807766: I tensorflow/core/common_runtime/gpu/gpu_device.cc:1304] Created TensorFlow device (/job:localhost/replica:0/task:0/device:GPU:0 with 8686 MB memory) -> physical GPU (device: 0, name: GeForce RTX 2080 Ti, pci bus id: 0000:73:00.0, compute capability: 7.5)
[       OK ] QueueRunnerTest.testGracePeriod
[ RUN      ] QueueRunnerTest.testIgnoreMultiStarts
2020-10-06 19:17:55.863872: I tensorflow/core/common_runtime/gpu/gpu_device.cc:1618] Found device 0 with properties: 
name: GeForce RTX 2080 Ti major: 7 minor: 5 memoryClockRate(GHz): 1.65
pciBusID: 0000:73:00.0
2020-10-06 19:17:55.865793: I tensorflow/stream_executor/platform/default/dso_loader.cc:44] Successfully opened dynamic library cudart64_100.dll
2020-10-06 19:17:55.867199: I tensorflow/stream_executor/platform/default/dso_loader.cc:44] Successfully opened dynamic library cublas64_100.dll
2020-10-06 19:17:55.868509: I tensorflow/stream_executor/platform/default/dso_loader.cc:44] Successfully opened dynamic library cufft64_100.dll
2020-10-06 19:17:55.869813: I tensorflow/stream_executor/platform/default/dso_loader.cc:44] Successfully opened dynamic library curand64_100.dll
2020-10-06 19:17:55.871098: I tensorflow/stream_executor/platform/default/dso_loader.cc:44] Successfully opened dynamic library cusolver64_100.dll
2020-10-06 19:17:55.872396: I tensorflow/stream_executor/platform/default/dso_loader.cc:44] Successfully opened dynamic library cusparse64_100.dll
2020-10-06 19:17:55.873820: I tensorflow/stream_executor/platform/default/dso_loader.cc:44] Successfully opened dynamic library cudnn64_7.dll
2020-10-06 19:17:55.875894: I tensorflow/core/common_runtime/gpu/gpu_device.cc:1746] Adding visible gpu devices: 0
2020-10-06 19:17:55.877017: I tensorflow/core/common_runtime/gpu/gpu_device.cc:1159] Device interconnect StreamExecutor with strength 1 edge matrix:
2020-10-06 19:17:55.878326: I tensorflow/core/common_runtime/gpu/gpu_device.cc:1165]      0 
2020-10-06 19:17:55.879163: I tensorflow/core/common_runtime/gpu/gpu_device.cc:1178] 0:   N 
2020-10-06 19:17:55.880871: I tensorflow/core/common_runtime/gpu/gpu_device.cc:1304] Created TensorFlow device (/job:localhost/replica:0/task:0/device:GPU:0 with 8686 MB memory) -> physical GPU (device: 0, name: GeForce RTX 2080 Ti, pci bus id: 0000:73:00.0, compute capability: 7.5)
[       OK ] QueueRunnerTest.testIgnoreMultiStarts
[ RUN      ] QueueRunnerTest.testMultipleSessions
2020-10-06 19:17:55.905120: I tensorflow/core/common_runtime/gpu/gpu_device.cc:1618] Found device 0 with properties: 
name: GeForce RTX 2080 Ti major: 7 minor: 5 memoryClockRate(GHz): 1.65
pciBusID: 0000:73:00.0
2020-10-06 19:17:55.907021: I tensorflow/stream_executor/platform/default/dso_loader.cc:44] Successfully opened dynamic library cudart64_100.dll
2020-10-06 19:17:55.908295: I tensorflow/stream_executor/platform/default/dso_loader.cc:44] Successfully opened dynamic library cublas64_100.dll
2020-10-06 19:17:55.909569: I tensorflow/stream_executor/platform/default/dso_loader.cc:44] Successfully opened dynamic library cufft64_100.dll
2020-10-06 19:17:55.910831: I tensorflow/stream_executor/platform/default/dso_loader.cc:44] Successfully opened dynamic library curand64_100.dll
2020-10-06 19:17:55.912101: I tensorflow/stream_executor/platform/default/dso_loader.cc:44] Successfully opened dynamic library cusolver64_100.dll
2020-10-06 19:17:55.913403: I tensorflow/stream_executor/platform/default/dso_loader.cc:44] Successfully opened dynamic library cusparse64_100.dll
2020-10-06 19:17:55.914691: I tensorflow/stream_executor/platform/default/dso_loader.cc:44] Successfully opened dynamic library cudnn64_7.dll
2020-10-06 19:17:55.916629: I tensorflow/core/common_runtime/gpu/gpu_device.cc:1746] Adding visible gpu devices: 0
2020-10-06 19:17:55.917741: I tensorflow/core/common_runtime/gpu/gpu_device.cc:1159] Device interconnect StreamExecutor with strength 1 edge matrix:
2020-10-06 19:17:55.918843: I tensorflow/core/common_runtime/gpu/gpu_device.cc:1165]      0 
2020-10-06 19:17:55.919437: I tensorflow/core/common_runtime/gpu/gpu_device.cc:1178] 0:   N 
2020-10-06 19:17:55.920742: I tensorflow/core/common_runtime/gpu/gpu_device.cc:1304] Created TensorFlow device (/job:localhost/replica:0/task:0/device:GPU:0 with 8686 MB memory) -> physical GPU (device: 0, name: GeForce RTX 2080 Ti, pci bus id: 0000:73:00.0, compute capability: 7.5)
2020-10-06 19:17:55.923479: I tensorflow/core/common_runtime/gpu/gpu_device.cc:1618] Found device 0 with properties: 
name: GeForce RTX 2080 Ti major: 7 minor: 5 memoryClockRate(GHz): 1.65
pciBusID: 0000:73:00.0
2020-10-06 19:17:55.924862: I tensorflow/stream_executor/platform/default/dso_loader.cc:44] Successfully opened dynamic library cudart64_100.dll
2020-10-06 19:17:55.925791: I tensorflow/stream_executor/platform/default/dso_loader.cc:44] Successfully opened dynamic library cublas64_100.dll
2020-10-06 19:17:55.926727: I tensorflow/stream_executor/platform/default/dso_loader.cc:44] Successfully opened dynamic library cufft64_100.dll
2020-10-06 19:17:55.927647: I tensorflow/stream_executor/platform/default/dso_loader.cc:44] Successfully opened dynamic library curand64_100.dll
2020-10-06 19:17:55.928432: I tensorflow/stream_executor/platform/default/dso_loader.cc:44] Successfully opened dynamic library cusolver64_100.dll
2020-10-06 19:17:55.928976: I tensorflow/stream_executor/platform/default/dso_loader.cc:44] Successfully opened dynamic library cusparse64_100.dll
2020-10-06 19:17:55.929527: I tensorflow/stream_executor/platform/default/dso_loader.cc:44] Successfully opened dynamic library cudnn64_7.dll
2020-10-06 19:17:55.930385: I tensorflow/core/common_runtime/gpu/gpu_device.cc:1746] Adding visible gpu devices: 0
2020-10-06 19:17:55.930853: I tensorflow/core/common_runtime/gpu/gpu_device.cc:1159] Device interconnect StreamExecutor with strength 1 edge matrix:
2020-10-06 19:17:55.931405: I tensorflow/core/common_runtime/gpu/gpu_device.cc:1165]      0 
2020-10-06 19:17:55.931751: I tensorflow/core/common_runtime/gpu/gpu_device.cc:1178] 0:   N 
2020-10-06 19:17:55.932485: I tensorflow/core/common_runtime/gpu/gpu_device.cc:1304] Created TensorFlow device (/job:localhost/replica:0/task:0/device:GPU:0 with 8686 MB memory) -> physical GPU (device: 0, name: GeForce RTX 2080 Ti, pci bus id: 0000:73:00.0, compute capability: 7.5)
[       OK ] QueueRunnerTest.testMultipleSessions
[ RUN      ] QueueRunnerTest.testName
WARNING:tensorflow:From queue_runner_test.py:498: add_queue_runner (from tensorflow.python.training.queue_runner_impl) is deprecated and will be removed in a future version.
Instructions for updating:
To construct input pipelines, use the `tf.data` module.
W1006 19:17:55.935321 22144 deprecation.py:323] From queue_runner_test.py:498: add_queue_runner (from tensorflow.python.training.queue_runner_impl) is deprecated and will be removed in a future version.
Instructions for updating:
To construct input pipelines, use the `tf.data` module.
[       OK ] QueueRunnerTest.testName
[ RUN      ] QueueRunnerTest.testQueueRunnerSerializationRoundTrip
[  FAILED  ] QueueRunnerTest.testQueueRunnerSerializationRoundTrip
[ RUN      ] QueueRunnerTest.testRealDequeueEnqueue
2020-10-06 19:17:55.948037: I tensorflow/core/common_runtime/gpu/gpu_device.cc:1618] Found device 0 with properties: 
name: GeForce RTX 2080 Ti major: 7 minor: 5 memoryClockRate(GHz): 1.65
pciBusID: 0000:73:00.0
2020-10-06 19:17:55.948570: I tensorflow/stream_executor/platform/default/dso_loader.cc:44] Successfully opened dynamic library cudart64_100.dll
2020-10-06 19:17:55.948918: I tensorflow/stream_executor/platform/default/dso_loader.cc:44] Successfully opened dynamic library cublas64_100.dll
2020-10-06 19:17:55.949263: I tensorflow/stream_executor/platform/default/dso_loader.cc:44] Successfully opened dynamic library cufft64_100.dll
2020-10-06 19:17:55.949601: I tensorflow/stream_executor/platform/default/dso_loader.cc:44] Successfully opened dynamic library curand64_100.dll
2020-10-06 19:17:55.949940: I tensorflow/stream_executor/platform/default/dso_loader.cc:44] Successfully opened dynamic library cusolver64_100.dll
2020-10-06 19:17:55.950286: I tensorflow/stream_executor/platform/default/dso_loader.cc:44] Successfully opened dynamic library cusparse64_100.dll
2020-10-06 19:17:55.950630: I tensorflow/stream_executor/platform/default/dso_loader.cc:44] Successfully opened dynamic library cudnn64_7.dll
2020-10-06 19:17:55.951326: I tensorflow/core/common_runtime/gpu/gpu_device.cc:1746] Adding visible gpu devices: 0
2020-10-06 19:17:55.951732: I tensorflow/core/common_runtime/gpu/gpu_device.cc:1159] Device interconnect StreamExecutor with strength 1 edge matrix:
2020-10-06 19:17:55.952174: I tensorflow/core/common_runtime/gpu/gpu_device.cc:1165]      0 
2020-10-06 19:17:55.952448: I tensorflow/core/common_runtime/gpu/gpu_device.cc:1178] 0:   N 
2020-10-06 19:17:55.953045: I tensorflow/core/common_runtime/gpu/gpu_device.cc:1304] Created TensorFlow device (/job:localhost/replica:0/task:0/device:GPU:0 with 8686 MB memory) -> physical GPU (device: 0, name: GeForce RTX 2080 Ti, pci bus id: 0000:73:00.0, compute capability: 7.5)
ERROR:tensorflow:Fetch argument None has invalid type <class 'NoneType'>
E1006 19:17:55.966564  3592 test_util.py:1563] Fetch argument None has invalid type <class 'NoneType'>

hang