2020-10-06 19:08:13.704014: I tensorflow/stream_executor/platform/default/dso_loader.cc:44] Successfully opened dynamic library cudart64_100.dll
Running tests under Python 3.6.12: C:\ProgramData\Anaconda3\envs\keras\python.exe
[ RUN      ] QueueRunnerTest.testBasic
2020-10-06 19:08:17.321076: I tensorflow/stream_executor/platform/default/dso_loader.cc:44] Successfully opened dynamic library nvcuda.dll
2020-10-06 19:08:17.441613: I tensorflow/core/common_runtime/gpu/gpu_device.cc:1618] Found device 0 with properties: 
name: GeForce RTX 2080 Ti major: 7 minor: 5 memoryClockRate(GHz): 1.65
pciBusID: 0000:73:00.0
2020-10-06 19:08:17.443336: I tensorflow/stream_executor/platform/default/dso_loader.cc:44] Successfully opened dynamic library cudart64_100.dll
2020-10-06 19:08:17.449788: I tensorflow/stream_executor/platform/default/dso_loader.cc:44] Successfully opened dynamic library cublas64_100.dll
2020-10-06 19:08:17.454726: I tensorflow/stream_executor/platform/default/dso_loader.cc:44] Successfully opened dynamic library cufft64_100.dll
2020-10-06 19:08:17.456526: I tensorflow/stream_executor/platform/default/dso_loader.cc:44] Successfully opened dynamic library curand64_100.dll
2020-10-06 19:08:17.462981: I tensorflow/stream_executor/platform/default/dso_loader.cc:44] Successfully opened dynamic library cusolver64_100.dll
2020-10-06 19:08:17.467129: I tensorflow/stream_executor/platform/default/dso_loader.cc:44] Successfully opened dynamic library cusparse64_100.dll
2020-10-06 19:08:17.479957: I tensorflow/stream_executor/platform/default/dso_loader.cc:44] Successfully opened dynamic library cudnn64_7.dll
2020-10-06 19:08:17.480910: I tensorflow/core/common_runtime/gpu/gpu_device.cc:1746] Adding visible gpu devices: 0
2020-10-06 19:08:17.481707: I tensorflow/core/platform/cpu_feature_guard.cc:142] Your CPU supports instructions that this TensorFlow binary was not compiled to use: AVX2
2020-10-06 19:08:17.494370: I tensorflow/core/common_runtime/gpu/gpu_device.cc:1618] Found device 0 with properties: 
name: GeForce RTX 2080 Ti major: 7 minor: 5 memoryClockRate(GHz): 1.65
pciBusID: 0000:73:00.0
2020-10-06 19:08:17.494955: I tensorflow/stream_executor/platform/default/dso_loader.cc:44] Successfully opened dynamic library cudart64_100.dll
2020-10-06 19:08:17.495300: I tensorflow/stream_executor/platform/default/dso_loader.cc:44] Successfully opened dynamic library cublas64_100.dll
2020-10-06 19:08:17.495643: I tensorflow/stream_executor/platform/default/dso_loader.cc:44] Successfully opened dynamic library cufft64_100.dll
2020-10-06 19:08:17.495982: I tensorflow/stream_executor/platform/default/dso_loader.cc:44] Successfully opened dynamic library curand64_100.dll
2020-10-06 19:08:17.496328: I tensorflow/stream_executor/platform/default/dso_loader.cc:44] Successfully opened dynamic library cusolver64_100.dll
2020-10-06 19:08:17.496670: I tensorflow/stream_executor/platform/default/dso_loader.cc:44] Successfully opened dynamic library cusparse64_100.dll
2020-10-06 19:08:17.497016: I tensorflow/stream_executor/platform/default/dso_loader.cc:44] Successfully opened dynamic library cudnn64_7.dll
2020-10-06 19:08:17.497817: I tensorflow/core/common_runtime/gpu/gpu_device.cc:1746] Adding visible gpu devices: 0
2020-10-06 19:08:18.632088: I tensorflow/core/common_runtime/gpu/gpu_device.cc:1159] Device interconnect StreamExecutor with strength 1 edge matrix:
2020-10-06 19:08:18.632891: I tensorflow/core/common_runtime/gpu/gpu_device.cc:1165]      0 
2020-10-06 19:08:18.633127: I tensorflow/core/common_runtime/gpu/gpu_device.cc:1178] 0:   N 
2020-10-06 19:08:18.633956: I tensorflow/core/common_runtime/gpu/gpu_device.cc:1304] Created TensorFlow device (/job:localhost/replica:0/task:0/device:GPU:0 with 8686 MB memory) -> physical GPU (device: 0, name: GeForce RTX 2080 Ti, pci bus id: 0000:73:00.0, compute capability: 7.5)
WARNING:tensorflow:From queue_runner_test.py:102: RefVariable.count_up_to (from tensorflow.python.ops.variables) is deprecated and will be removed in a future version.
Instructions for updating:
Prefer Dataset.range instead.
W1006 19:08:18.647913  4588 deprecation.py:323] From queue_runner_test.py:102: RefVariable.count_up_to (from tensorflow.python.ops.variables) is deprecated and will be removed in a future version.
Instructions for updating:
Prefer Dataset.range instead.
WARNING:tensorflow:From C:\ProgramData\Anaconda3\envs\keras\lib\site-packages\tensorflow_core\python\ops\variables.py:2522: count_up_to (from tensorflow.python.ops.state_ops) is deprecated and will be removed in a future version.
Instructions for updating:
Prefer Dataset.range instead.
W1006 19:08:18.647913  4588 deprecation.py:323] From C:\ProgramData\Anaconda3\envs\keras\lib\site-packages\tensorflow_core\python\ops\variables.py:2522: count_up_to (from tensorflow.python.ops.state_ops) is deprecated and will be removed in a future version.
Instructions for updating:
Prefer Dataset.range instead.
WARNING:tensorflow:From queue_runner_test.py:108: QueueRunner.__init__ (from tensorflow.python.training.queue_runner_impl) is deprecated and will be removed in a future version.
Instructions for updating:
To construct input pipelines, use the `tf.data` module.
W1006 19:08:18.647913  4588 deprecation.py:323] From queue_runner_test.py:108: QueueRunner.__init__ (from tensorflow.python.training.queue_runner_impl) is deprecated and will be removed in a future version.
Instructions for updating:
To construct input pipelines, use the `tf.data` module.
[       OK ] QueueRunnerTest.testBasic
[ RUN      ] QueueRunnerTest.testExceptionsCaptured
2020-10-06 19:08:18.680730: I tensorflow/core/common_runtime/gpu/gpu_device.cc:1618] Found device 0 with properties: 
name: GeForce RTX 2080 Ti major: 7 minor: 5 memoryClockRate(GHz): 1.65
pciBusID: 0000:73:00.0
2020-10-06 19:08:18.682621: I tensorflow/stream_executor/platform/default/dso_loader.cc:44] Successfully opened dynamic library cudart64_100.dll
2020-10-06 19:08:18.683894: I tensorflow/stream_executor/platform/default/dso_loader.cc:44] Successfully opened dynamic library cublas64_100.dll
2020-10-06 19:08:18.685159: I tensorflow/stream_executor/platform/default/dso_loader.cc:44] Successfully opened dynamic library cufft64_100.dll
2020-10-06 19:08:18.686414: I tensorflow/stream_executor/platform/default/dso_loader.cc:44] Successfully opened dynamic library curand64_100.dll
2020-10-06 19:08:18.687678: I tensorflow/stream_executor/platform/default/dso_loader.cc:44] Successfully opened dynamic library cusolver64_100.dll
2020-10-06 19:08:18.688959: I tensorflow/stream_executor/platform/default/dso_loader.cc:44] Successfully opened dynamic library cusparse64_100.dll
2020-10-06 19:08:18.690249: I tensorflow/stream_executor/platform/default/dso_loader.cc:44] Successfully opened dynamic library cudnn64_7.dll
2020-10-06 19:08:18.692173: I tensorflow/core/common_runtime/gpu/gpu_device.cc:1746] Adding visible gpu devices: 0
2020-10-06 19:08:18.693273: I tensorflow/core/common_runtime/gpu/gpu_device.cc:1159] Device interconnect StreamExecutor with strength 1 edge matrix:
2020-10-06 19:08:18.694573: I tensorflow/core/common_runtime/gpu/gpu_device.cc:1165]      0 
2020-10-06 19:08:18.695403: I tensorflow/core/common_runtime/gpu/gpu_device.cc:1178] 0:   N 
2020-10-06 19:08:18.696888: I tensorflow/core/common_runtime/gpu/gpu_device.cc:1304] Created TensorFlow device (/job:localhost/replica:0/task:0/device:GPU:0 with 8686 MB memory) -> physical GPU (device: 0, name: GeForce RTX 2080 Ti, pci bus id: 0000:73:00.0, compute capability: 7.5)
ERROR:tensorflow:Exception in QueueRunner: Fetch argument 'i fail' cannot be interpreted as a Tensor. ("The name 'i fail' refers to an Operation not in the graph.")
E1006 19:08:18.694824 16480 queue_runner_impl.py:275] Exception in QueueRunner: Fetch argument 'i fail' cannot be interpreted as a Tensor. ("The name 'i fail' refers to an Operation not in the graph.")
ERROR:tensorflow:Exception in QueueRunner: Fetch argument 'so fail' cannot be interpreted as a Tensor. ("The name 'so fail' refers to an Operation not in the graph.")
E1006 19:08:18.694824 19336 queue_runner_impl.py:275] Exception in QueueRunner: Fetch argument 'so fail' cannot be interpreted as a Tensor. ("The name 'so fail' refers to an Operation not in the graph.")
Exception in thread QueueRunnerThread-fifo_queue-i fail:
Traceback (most recent call last):
  File "C:\ProgramData\Anaconda3\envs\keras\lib\site-packages\tensorflow_core\python\client\session.py", line 305, in __init__
    fetch, allow_tensor=True, allow_operation=True))
  File "C:\ProgramData\Anaconda3\envs\keras\lib\site-packages\tensorflow_core\python\framework\ops.py", line 3607, in as_graph_element
    return self._as_graph_element_locked(obj, allow_tensor, allow_operation)
  File "C:\ProgramData\Anaconda3\envs\keras\lib\site-packages\tensorflow_core\python\framework\ops.py", line 3667, in _as_graph_element_locked
    "graph." % repr(name))
KeyError: "The name 'i fail' refers to an Operation not in the graph."

During handling of the above exception, another exception occurred:

Traceback (most recent call last):
  File "C:\ProgramData\Anaconda3\envs\keras\lib\threading.py", line 916, in _bootstrap_inner
    self.run()
  File "C:\ProgramData\Anaconda3\envs\keras\lib\threading.py", line 864, in run
    self._target(*self._args, **self._kwargs)
  File "C:\ProgramData\Anaconda3\envs\keras\lib\site-packages\tensorflow_core\python\training\queue_runner_impl.py", line 252, in _run
    enqueue_callable = sess.make_callable(enqueue_op)
  File "C:\ProgramData\Anaconda3\envs\keras\lib\site-packages\tensorflow_core\python\client\session.py", line 1244, in make_callable
    object_identity.ObjectIdentityDictionary())
  File "C:\ProgramData\Anaconda3\envs\keras\lib\site-packages\tensorflow_core\python\client\session.py", line 474, in __init__
    self._fetch_mapper = _FetchMapper.for_fetch(fetches)
  File "C:\ProgramData\Anaconda3\envs\keras\lib\site-packages\tensorflow_core\python\client\session.py", line 266, in for_fetch
    return _ListFetchMapper(fetch)
  File "C:\ProgramData\Anaconda3\envs\keras\lib\site-packages\tensorflow_core\python\client\session.py", line 375, in __init__
    self._mappers = [_FetchMapper.for_fetch(fetch) for fetch in fetches]
  File "C:\ProgramData\Anaconda3\envs\keras\lib\site-packages\tensorflow_core\python\client\session.py", line 375, in <listcomp>
    self._mappers = [_FetchMapper.for_fetch(fetch) for fetch in fetches]
  File "C:\ProgramData\Anaconda3\envs\keras\lib\site-packages\tensorflow_core\python\client\session.py", line 276, in for_fetch
    return _ElementFetchMapper(fetches, contraction_fn)
  File "C:\ProgramData\Anaconda3\envs\keras\lib\site-packages\tensorflow_core\python\client\session.py", line 315, in __init__
    'Tensor. (%s)' % (fetch, str(e)))
ValueError: Fetch argument 'i fail' cannot be interpreted as a Tensor. ("The name 'i fail' refers to an Operation not in the graph.")

Exception in thread QueueRunnerThread-fifo_queue-so fail:
Traceback (most recent call last):
  File "C:\ProgramData\Anaconda3\envs\keras\lib\site-packages\tensorflow_core\python\client\session.py", line 305, in __init__
    fetch, allow_tensor=True, allow_operation=True))
  File "C:\ProgramData\Anaconda3\envs\keras\lib\site-packages\tensorflow_core\python\framework\ops.py", line 3607, in as_graph_element
    return self._as_graph_element_locked(obj, allow_tensor, allow_operation)
  File "C:\ProgramData\Anaconda3\envs\keras\lib\site-packages\tensorflow_core\python\framework\ops.py", line 3667, in _as_graph_element_locked
    "graph." % repr(name))
KeyError: "The name 'so fail' refers to an Operation not in the graph."

During handling of the above exception, another exception occurred:

Traceback (most recent call last):
  File "C:\ProgramData\Anaconda3\envs\keras\lib\threading.py", line 916, in _bootstrap_inner
    self.run()
  File "C:\ProgramData\Anaconda3\envs\keras\lib\threading.py", line 864, in run
    self._target(*self._args, **self._kwargs)
  File "C:\ProgramData\Anaconda3\envs\keras\lib\site-packages\tensorflow_core\python\training\queue_runner_impl.py", line 252, in _run
    enqueue_callable = sess.make_callable(enqueue_op)
  File "C:\ProgramData\Anaconda3\envs\keras\lib\site-packages\tensorflow_core\python\client\session.py", line 1244, in make_callable
    object_identity.ObjectIdentityDictionary())
  File "C:\ProgramData\Anaconda3\envs\keras\lib\site-packages\tensorflow_core\python\client\session.py", line 474, in __init__
    self._fetch_mapper = _FetchMapper.for_fetch(fetches)
  File "C:\ProgramData\Anaconda3\envs\keras\lib\site-packages\tensorflow_core\python\client\session.py", line 266, in for_fetch
    return _ListFetchMapper(fetch)
  File "C:\ProgramData\Anaconda3\envs\keras\lib\site-packages\tensorflow_core\python\client\session.py", line 375, in __init__
    self._mappers = [_FetchMapper.for_fetch(fetch) for fetch in fetches]
  File "C:\ProgramData\Anaconda3\envs\keras\lib\site-packages\tensorflow_core\python\client\session.py", line 375, in <listcomp>
    self._mappers = [_FetchMapper.for_fetch(fetch) for fetch in fetches]
  File "C:\ProgramData\Anaconda3\envs\keras\lib\site-packages\tensorflow_core\python\client\session.py", line 276, in for_fetch
    return _ElementFetchMapper(fetches, contraction_fn)
  File "C:\ProgramData\Anaconda3\envs\keras\lib\site-packages\tensorflow_core\python\client\session.py", line 315, in __init__
    'Tensor. (%s)' % (fetch, str(e)))
ValueError: Fetch argument 'so fail' cannot be interpreted as a Tensor. ("The name 'so fail' refers to an Operation not in the graph.")

[       OK ] QueueRunnerTest.testExceptionsCaptured
[ RUN      ] QueueRunnerTest.testGracePeriod
2020-10-06 19:08:18.724680: I tensorflow/core/common_runtime/gpu/gpu_device.cc:1618] Found device 0 with properties: 
name: GeForce RTX 2080 Ti major: 7 minor: 5 memoryClockRate(GHz): 1.65
pciBusID: 0000:73:00.0
2020-10-06 19:08:18.725699: I tensorflow/stream_executor/platform/default/dso_loader.cc:44] Successfully opened dynamic library cudart64_100.dll
2020-10-06 19:08:18.726434: I tensorflow/stream_executor/platform/default/dso_loader.cc:44] Successfully opened dynamic library cublas64_100.dll
2020-10-06 19:08:18.727107: I tensorflow/stream_executor/platform/default/dso_loader.cc:44] Successfully opened dynamic library cufft64_100.dll
2020-10-06 19:08:18.727793: I tensorflow/stream_executor/platform/default/dso_loader.cc:44] Successfully opened dynamic library curand64_100.dll
2020-10-06 19:08:18.728488: I tensorflow/stream_executor/platform/default/dso_loader.cc:44] Successfully opened dynamic library cusolver64_100.dll
2020-10-06 19:08:18.729340: I tensorflow/stream_executor/platform/default/dso_loader.cc:44] Successfully opened dynamic library cusparse64_100.dll
2020-10-06 19:08:18.730193: I tensorflow/stream_executor/platform/default/dso_loader.cc:44] Successfully opened dynamic library cudnn64_7.dll
2020-10-06 19:08:18.731499: I tensorflow/core/common_runtime/gpu/gpu_device.cc:1746] Adding visible gpu devices: 0
2020-10-06 19:08:18.732237: I tensorflow/core/common_runtime/gpu/gpu_device.cc:1159] Device interconnect StreamExecutor with strength 1 edge matrix:
2020-10-06 19:08:18.733102: I tensorflow/core/common_runtime/gpu/gpu_device.cc:1165]      0 
2020-10-06 19:08:18.733643: I tensorflow/core/common_runtime/gpu/gpu_device.cc:1178] 0:   N 
2020-10-06 19:08:18.734729: I tensorflow/core/common_runtime/gpu/gpu_device.cc:1304] Created TensorFlow device (/job:localhost/replica:0/task:0/device:GPU:0 with 8686 MB memory) -> physical GPU (device: 0, name: GeForce RTX 2080 Ti, pci bus id: 0000:73:00.0, compute capability: 7.5)
[       OK ] QueueRunnerTest.testGracePeriod
[ RUN      ] QueueRunnerTest.testIgnoreMultiStarts
2020-10-06 19:08:18.790952: I tensorflow/core/common_runtime/gpu/gpu_device.cc:1618] Found device 0 with properties: 
name: GeForce RTX 2080 Ti major: 7 minor: 5 memoryClockRate(GHz): 1.65
pciBusID: 0000:73:00.0
2020-10-06 19:08:18.792842: I tensorflow/stream_executor/platform/default/dso_loader.cc:44] Successfully opened dynamic library cudart64_100.dll
2020-10-06 19:08:18.794120: I tensorflow/stream_executor/platform/default/dso_loader.cc:44] Successfully opened dynamic library cublas64_100.dll
2020-10-06 19:08:18.795497: I tensorflow/stream_executor/platform/default/dso_loader.cc:44] Successfully opened dynamic library cufft64_100.dll
2020-10-06 19:08:18.796754: I tensorflow/stream_executor/platform/default/dso_loader.cc:44] Successfully opened dynamic library curand64_100.dll
2020-10-06 19:08:18.798014: I tensorflow/stream_executor/platform/default/dso_loader.cc:44] Successfully opened dynamic library cusolver64_100.dll
2020-10-06 19:08:18.799293: I tensorflow/stream_executor/platform/default/dso_loader.cc:44] Successfully opened dynamic library cusparse64_100.dll
2020-10-06 19:08:18.800591: I tensorflow/stream_executor/platform/default/dso_loader.cc:44] Successfully opened dynamic library cudnn64_7.dll
2020-10-06 19:08:18.802644: I tensorflow/core/common_runtime/gpu/gpu_device.cc:1746] Adding visible gpu devices: 0
2020-10-06 19:08:18.803755: I tensorflow/core/common_runtime/gpu/gpu_device.cc:1159] Device interconnect StreamExecutor with strength 1 edge matrix:
2020-10-06 19:08:18.805079: I tensorflow/core/common_runtime/gpu/gpu_device.cc:1165]      0 
2020-10-06 19:08:18.805894: I tensorflow/core/common_runtime/gpu/gpu_device.cc:1178] 0:   N 
2020-10-06 19:08:18.807521: I tensorflow/core/common_runtime/gpu/gpu_device.cc:1304] Created TensorFlow device (/job:localhost/replica:0/task:0/device:GPU:0 with 8686 MB memory) -> physical GPU (device: 0, name: GeForce RTX 2080 Ti, pci bus id: 0000:73:00.0, compute capability: 7.5)
[       OK ] QueueRunnerTest.testIgnoreMultiStarts
[ RUN      ] QueueRunnerTest.testMultipleSessions
2020-10-06 19:08:18.824252: I tensorflow/core/common_runtime/gpu/gpu_device.cc:1618] Found device 0 with properties: 
name: GeForce RTX 2080 Ti major: 7 minor: 5 memoryClockRate(GHz): 1.65
pciBusID: 0000:73:00.0
2020-10-06 19:08:18.824980: I tensorflow/stream_executor/platform/default/dso_loader.cc:44] Successfully opened dynamic library cudart64_100.dll
2020-10-06 19:08:18.825466: I tensorflow/stream_executor/platform/default/dso_loader.cc:44] Successfully opened dynamic library cublas64_100.dll
2020-10-06 19:08:18.825948: I tensorflow/stream_executor/platform/default/dso_loader.cc:44] Successfully opened dynamic library cufft64_100.dll
2020-10-06 19:08:18.826437: I tensorflow/stream_executor/platform/default/dso_loader.cc:44] Successfully opened dynamic library curand64_100.dll
2020-10-06 19:08:18.826922: I tensorflow/stream_executor/platform/default/dso_loader.cc:44] Successfully opened dynamic library cusolver64_100.dll
2020-10-06 19:08:18.827412: I tensorflow/stream_executor/platform/default/dso_loader.cc:44] Successfully opened dynamic library cusparse64_100.dll
2020-10-06 19:08:18.827898: I tensorflow/stream_executor/platform/default/dso_loader.cc:44] Successfully opened dynamic library cudnn64_7.dll
2020-10-06 19:08:18.828672: I tensorflow/core/common_runtime/gpu/gpu_device.cc:1746] Adding visible gpu devices: 0
2020-10-06 19:08:18.829099: I tensorflow/core/common_runtime/gpu/gpu_device.cc:1159] Device interconnect StreamExecutor with strength 1 edge matrix:
2020-10-06 19:08:18.829508: I tensorflow/core/common_runtime/gpu/gpu_device.cc:1165]      0 
2020-10-06 19:08:18.829725: I tensorflow/core/common_runtime/gpu/gpu_device.cc:1178] 0:   N 
2020-10-06 19:08:18.830230: I tensorflow/core/common_runtime/gpu/gpu_device.cc:1304] Created TensorFlow device (/job:localhost/replica:0/task:0/device:GPU:0 with 8686 MB memory) -> physical GPU (device: 0, name: GeForce RTX 2080 Ti, pci bus id: 0000:73:00.0, compute capability: 7.5)
2020-10-06 19:08:18.831393: I tensorflow/core/common_runtime/gpu/gpu_device.cc:1618] Found device 0 with properties: 
name: GeForce RTX 2080 Ti major: 7 minor: 5 memoryClockRate(GHz): 1.65
pciBusID: 0000:73:00.0
2020-10-06 19:08:18.831928: I tensorflow/stream_executor/platform/default/dso_loader.cc:44] Successfully opened dynamic library cudart64_100.dll
2020-10-06 19:08:18.832267: I tensorflow/stream_executor/platform/default/dso_loader.cc:44] Successfully opened dynamic library cublas64_100.dll
2020-10-06 19:08:18.832662: I tensorflow/stream_executor/platform/default/dso_loader.cc:44] Successfully opened dynamic library cufft64_100.dll
2020-10-06 19:08:18.833027: I tensorflow/stream_executor/platform/default/dso_loader.cc:44] Successfully opened dynamic library curand64_100.dll
2020-10-06 19:08:18.833388: I tensorflow/stream_executor/platform/default/dso_loader.cc:44] Successfully opened dynamic library cusolver64_100.dll
2020-10-06 19:08:18.833750: I tensorflow/stream_executor/platform/default/dso_loader.cc:44] Successfully opened dynamic library cusparse64_100.dll
2020-10-06 19:08:18.834096: I tensorflow/stream_executor/platform/default/dso_loader.cc:44] Successfully opened dynamic library cudnn64_7.dll
2020-10-06 19:08:18.834663: I tensorflow/core/common_runtime/gpu/gpu_device.cc:1746] Adding visible gpu devices: 0
2020-10-06 19:08:18.834962: I tensorflow/core/common_runtime/gpu/gpu_device.cc:1159] Device interconnect StreamExecutor with strength 1 edge matrix:
2020-10-06 19:08:18.835308: I tensorflow/core/common_runtime/gpu/gpu_device.cc:1165]      0 
2020-10-06 19:08:18.835571: I tensorflow/core/common_runtime/gpu/gpu_device.cc:1178] 0:   N 
2020-10-06 19:08:18.836059: I tensorflow/core/common_runtime/gpu/gpu_device.cc:1304] Created TensorFlow device (/job:localhost/replica:0/task:0/device:GPU:0 with 8686 MB memory) -> physical GPU (device: 0, name: GeForce RTX 2080 Ti, pci bus id: 0000:73:00.0, compute capability: 7.5)
[       OK ] QueueRunnerTest.testMultipleSessions
[ RUN      ] QueueRunnerTest.testName
WARNING:tensorflow:From queue_runner_test.py:498: add_queue_runner (from tensorflow.python.training.queue_runner_impl) is deprecated and will be removed in a future version.
Instructions for updating:
To construct input pipelines, use the `tf.data` module.
W1006 19:08:18.835425  4588 deprecation.py:323] From queue_runner_test.py:498: add_queue_runner (from tensorflow.python.training.queue_runner_impl) is deprecated and will be removed in a future version.
Instructions for updating:
To construct input pipelines, use the `tf.data` module.
[       OK ] QueueRunnerTest.testName
[ RUN      ] QueueRunnerTest.testQueueRunnerSerializationRoundTrip
[       OK ] QueueRunnerTest.testQueueRunnerSerializationRoundTrip
[ RUN      ] QueueRunnerTest.testRealDequeueEnqueue
2020-10-06 19:08:18.849195: I tensorflow/core/common_runtime/gpu/gpu_device.cc:1618] Found device 0 with properties: 
name: GeForce RTX 2080 Ti major: 7 minor: 5 memoryClockRate(GHz): 1.65
pciBusID: 0000:73:00.0
2020-10-06 19:08:18.849716: I tensorflow/stream_executor/platform/default/dso_loader.cc:44] Successfully opened dynamic library cudart64_100.dll
2020-10-06 19:08:18.850058: I tensorflow/stream_executor/platform/default/dso_loader.cc:44] Successfully opened dynamic library cublas64_100.dll
2020-10-06 19:08:18.850399: I tensorflow/stream_executor/platform/default/dso_loader.cc:44] Successfully opened dynamic library cufft64_100.dll
2020-10-06 19:08:18.850734: I tensorflow/stream_executor/platform/default/dso_loader.cc:44] Successfully opened dynamic library curand64_100.dll
2020-10-06 19:08:18.851075: I tensorflow/stream_executor/platform/default/dso_loader.cc:44] Successfully opened dynamic library cusolver64_100.dll
2020-10-06 19:08:18.851417: I tensorflow/stream_executor/platform/default/dso_loader.cc:44] Successfully opened dynamic library cusparse64_100.dll
2020-10-06 19:08:18.851759: I tensorflow/stream_executor/platform/default/dso_loader.cc:44] Successfully opened dynamic library cudnn64_7.dll
2020-10-06 19:08:18.852324: I tensorflow/core/common_runtime/gpu/gpu_device.cc:1746] Adding visible gpu devices: 0
2020-10-06 19:08:18.852639: I tensorflow/core/common_runtime/gpu/gpu_device.cc:1159] Device interconnect StreamExecutor with strength 1 edge matrix:
2020-10-06 19:08:18.852990: I tensorflow/core/common_runtime/gpu/gpu_device.cc:1165]      0 
2020-10-06 19:08:18.853208: I tensorflow/core/common_runtime/gpu/gpu_device.cc:1178] 0:   N 
2020-10-06 19:08:18.853682: I tensorflow/core/common_runtime/gpu/gpu_device.cc:1304] Created TensorFlow device (/job:localhost/replica:0/task:0/device:GPU:0 with 8686 MB memory) -> physical GPU (device: 0, name: GeForce RTX 2080 Ti, pci bus id: 0000:73:00.0, compute capability: 7.5)
[       OK ] QueueRunnerTest.testRealDequeueEnqueue
[ RUN      ] QueueRunnerTest.testRequestStopOnException
2020-10-06 19:08:18.914403: I tensorflow/core/common_runtime/gpu/gpu_device.cc:1618] Found device 0 with properties: 
name: GeForce RTX 2080 Ti major: 7 minor: 5 memoryClockRate(GHz): 1.65
pciBusID: 0000:73:00.0
2020-10-06 19:08:18.914967: I tensorflow/stream_executor/platform/default/dso_loader.cc:44] Successfully opened dynamic library cudart64_100.dll
2020-10-06 19:08:18.915327: I tensorflow/stream_executor/platform/default/dso_loader.cc:44] Successfully opened dynamic library cublas64_100.dll
2020-10-06 19:08:18.915669: I tensorflow/stream_executor/platform/default/dso_loader.cc:44] Successfully opened dynamic library cufft64_100.dll
2020-10-06 19:08:18.916006: I tensorflow/stream_executor/platform/default/dso_loader.cc:44] Successfully opened dynamic library curand64_100.dll
2020-10-06 19:08:18.916344: I tensorflow/stream_executor/platform/default/dso_loader.cc:44] Successfully opened dynamic library cusolver64_100.dll
2020-10-06 19:08:18.916686: I tensorflow/stream_executor/platform/default/dso_loader.cc:44] Successfully opened dynamic library cusparse64_100.dll
2020-10-06 19:08:18.917027: I tensorflow/stream_executor/platform/default/dso_loader.cc:44] Successfully opened dynamic library cudnn64_7.dll
2020-10-06 19:08:18.917586: I tensorflow/core/common_runtime/gpu/gpu_device.cc:1746] Adding visible gpu devices: 0
2020-10-06 19:08:18.917893: I tensorflow/core/common_runtime/gpu/gpu_device.cc:1159] Device interconnect StreamExecutor with strength 1 edge matrix:
2020-10-06 19:08:18.918243: I tensorflow/core/common_runtime/gpu/gpu_device.cc:1165]      0 
2020-10-06 19:08:18.918471: I tensorflow/core/common_runtime/gpu/gpu_device.cc:1178] 0:   N 
2020-10-06 19:08:18.918956: I tensorflow/core/common_runtime/gpu/gpu_device.cc:1304] Created TensorFlow device (/job:localhost/replica:0/task:0/device:GPU:0 with 8686 MB memory) -> physical GPU (device: 0, name: GeForce RTX 2080 Ti, pci bus id: 0000:73:00.0, compute capability: 7.5)
INFO:tensorflow:Error reported to Coordinator: <class 'ValueError'>, Fetch argument 'not an op' cannot be interpreted as a Tensor. ("The name 'not an op' refers to an Operation not in the graph.")
I1006 19:08:18.913488  2320 coordinator.py:224] Error reported to Coordinator: <class 'ValueError'>, Fetch argument 'not an op' cannot be interpreted as a Tensor. ("The name 'not an op' refers to an Operation not in the graph.")
[       OK ] QueueRunnerTest.testRequestStopOnException
[ RUN      ] QueueRunnerTest.testRespectCoordShouldStop
2020-10-06 19:08:18.930665: I tensorflow/core/common_runtime/gpu/gpu_device.cc:1618] Found device 0 with properties: 
name: GeForce RTX 2080 Ti major: 7 minor: 5 memoryClockRate(GHz): 1.65
pciBusID: 0000:73:00.0
2020-10-06 19:08:18.931832: I tensorflow/stream_executor/platform/default/dso_loader.cc:44] Successfully opened dynamic library cudart64_100.dll
2020-10-06 19:08:18.932613: I tensorflow/stream_executor/platform/default/dso_loader.cc:44] Successfully opened dynamic library cublas64_100.dll
2020-10-06 19:08:18.933393: I tensorflow/stream_executor/platform/default/dso_loader.cc:44] Successfully opened dynamic library cufft64_100.dll
2020-10-06 19:08:18.934169: I tensorflow/stream_executor/platform/default/dso_loader.cc:44] Successfully opened dynamic library curand64_100.dll
2020-10-06 19:08:18.934951: I tensorflow/stream_executor/platform/default/dso_loader.cc:44] Successfully opened dynamic library cusolver64_100.dll
2020-10-06 19:08:18.935740: I tensorflow/stream_executor/platform/default/dso_loader.cc:44] Successfully opened dynamic library cusparse64_100.dll
2020-10-06 19:08:18.936529: I tensorflow/stream_executor/platform/default/dso_loader.cc:44] Successfully opened dynamic library cudnn64_7.dll
2020-10-06 19:08:18.937732: I tensorflow/core/common_runtime/gpu/gpu_device.cc:1746] Adding visible gpu devices: 0
2020-10-06 19:08:18.938412: I tensorflow/core/common_runtime/gpu/gpu_device.cc:1159] Device interconnect StreamExecutor with strength 1 edge matrix:
2020-10-06 19:08:18.939219: I tensorflow/core/common_runtime/gpu/gpu_device.cc:1165]      0 
2020-10-06 19:08:18.939638: I tensorflow/core/common_runtime/gpu/gpu_device.cc:1178] 0:   N 
2020-10-06 19:08:18.940219: I tensorflow/core/common_runtime/gpu/gpu_device.cc:1304] Created TensorFlow device (/job:localhost/replica:0/task:0/device:GPU:0 with 8686 MB memory) -> physical GPU (device: 0, name: GeForce RTX 2080 Ti, pci bus id: 0000:73:00.0, compute capability: 7.5)
[       OK ] QueueRunnerTest.testRespectCoordShouldStop
[ RUN      ] QueueRunnerTest.testStartQueueRunners
2020-10-06 19:08:18.981372: I tensorflow/core/common_runtime/gpu/gpu_device.cc:1618] Found device 0 with properties: 
name: GeForce RTX 2080 Ti major: 7 minor: 5 memoryClockRate(GHz): 1.65
pciBusID: 0000:73:00.0
2020-10-06 19:08:18.983083: I tensorflow/stream_executor/platform/default/dso_loader.cc:44] Successfully opened dynamic library cudart64_100.dll
2020-10-06 19:08:18.984211: I tensorflow/stream_executor/platform/default/dso_loader.cc:44] Successfully opened dynamic library cublas64_100.dll
2020-10-06 19:08:18.985341: I tensorflow/stream_executor/platform/default/dso_loader.cc:44] Successfully opened dynamic library cufft64_100.dll
2020-10-06 19:08:18.986456: I tensorflow/stream_executor/platform/default/dso_loader.cc:44] Successfully opened dynamic library curand64_100.dll
2020-10-06 19:08:18.987582: I tensorflow/stream_executor/platform/default/dso_loader.cc:44] Successfully opened dynamic library cusolver64_100.dll
2020-10-06 19:08:18.988732: I tensorflow/stream_executor/platform/default/dso_loader.cc:44] Successfully opened dynamic library cusparse64_100.dll
2020-10-06 19:08:18.989868: I tensorflow/stream_executor/platform/default/dso_loader.cc:44] Successfully opened dynamic library cudnn64_7.dll
2020-10-06 19:08:18.991039: I tensorflow/core/common_runtime/gpu/gpu_device.cc:1746] Adding visible gpu devices: 0
2020-10-06 19:08:18.991676: I tensorflow/core/common_runtime/gpu/gpu_device.cc:1159] Device interconnect StreamExecutor with strength 1 edge matrix:
2020-10-06 19:08:18.992470: I tensorflow/core/common_runtime/gpu/gpu_device.cc:1165]      0 
2020-10-06 19:08:18.992951: I tensorflow/core/common_runtime/gpu/gpu_device.cc:1178] 0:   N 
2020-10-06 19:08:18.993906: I tensorflow/core/common_runtime/gpu/gpu_device.cc:1304] Created TensorFlow device (/job:localhost/replica:0/task:0/device:GPU:0 with 8686 MB memory) -> physical GPU (device: 0, name: GeForce RTX 2080 Ti, pci bus id: 0000:73:00.0, compute capability: 7.5)
[       OK ] QueueRunnerTest.testStartQueueRunners
[ RUN      ] QueueRunnerTest.testStartQueueRunnersIgnoresMonitoredSession
2020-10-06 19:08:19.492836: I tensorflow/core/common_runtime/gpu/gpu_device.cc:1618] Found device 0 with properties: 
name: GeForce RTX 2080 Ti major: 7 minor: 5 memoryClockRate(GHz): 1.65
pciBusID: 0000:73:00.0
2020-10-06 19:08:19.494433: I tensorflow/stream_executor/platform/default/dso_loader.cc:44] Successfully opened dynamic library cudart64_100.dll
2020-10-06 19:08:19.495360: I tensorflow/stream_executor/platform/default/dso_loader.cc:44] Successfully opened dynamic library cublas64_100.dll
2020-10-06 19:08:19.496283: I tensorflow/stream_executor/platform/default/dso_loader.cc:44] Successfully opened dynamic library cufft64_100.dll
2020-10-06 19:08:19.497198: I tensorflow/stream_executor/platform/default/dso_loader.cc:44] Successfully opened dynamic library curand64_100.dll
2020-10-06 19:08:19.498116: I tensorflow/stream_executor/platform/default/dso_loader.cc:44] Successfully opened dynamic library cusolver64_100.dll
2020-10-06 19:08:19.499047: I tensorflow/stream_executor/platform/default/dso_loader.cc:44] Successfully opened dynamic library cusparse64_100.dll
2020-10-06 19:08:19.499985: I tensorflow/stream_executor/platform/default/dso_loader.cc:44] Successfully opened dynamic library cudnn64_7.dll
2020-10-06 19:08:19.501400: I tensorflow/core/common_runtime/gpu/gpu_device.cc:1746] Adding visible gpu devices: 0
2020-10-06 19:08:19.502309: I tensorflow/core/common_runtime/gpu/gpu_device.cc:1159] Device interconnect StreamExecutor with strength 1 edge matrix:
2020-10-06 19:08:19.503256: I tensorflow/core/common_runtime/gpu/gpu_device.cc:1165]      0 
2020-10-06 19:08:19.503634: I tensorflow/core/common_runtime/gpu/gpu_device.cc:1178] 0:   N 
2020-10-06 19:08:19.504372: I tensorflow/core/common_runtime/gpu/gpu_device.cc:1304] Created TensorFlow device (/job:localhost/replica:0/task:0/device:GPU:0 with 8686 MB memory) -> physical GPU (device: 0, name: GeForce RTX 2080 Ti, pci bus id: 0000:73:00.0, compute capability: 7.5)
WARNING:tensorflow:From C:\ProgramData\Anaconda3\envs\keras\lib\site-packages\tensorflow_core\python\ops\array_ops.py:1475: where (from tensorflow.python.ops.array_ops) is deprecated and will be removed in a future version.
Instructions for updating:
Use tf.where in 2.0, which has the same broadcast rule as np.where
W1006 19:08:19.538524  4588 deprecation.py:323] From C:\ProgramData\Anaconda3\envs\keras\lib\site-packages\tensorflow_core\python\ops\array_ops.py:1475: where (from tensorflow.python.ops.array_ops) is deprecated and will be removed in a future version.
Instructions for updating:
Use tf.where in 2.0, which has the same broadcast rule as np.where
INFO:tensorflow:Graph was finalized.
I1006 19:08:19.569765  4588 monitored_session.py:240] Graph was finalized.
2020-10-06 19:08:19.578683: I tensorflow/core/common_runtime/gpu/gpu_device.cc:1618] Found device 0 with properties: 
name: GeForce RTX 2080 Ti major: 7 minor: 5 memoryClockRate(GHz): 1.65
pciBusID: 0000:73:00.0
2020-10-06 19:08:19.579206: I tensorflow/stream_executor/platform/default/dso_loader.cc:44] Successfully opened dynamic library cudart64_100.dll
2020-10-06 19:08:19.579554: I tensorflow/stream_executor/platform/default/dso_loader.cc:44] Successfully opened dynamic library cublas64_100.dll
2020-10-06 19:08:19.579894: I tensorflow/stream_executor/platform/default/dso_loader.cc:44] Successfully opened dynamic library cufft64_100.dll
2020-10-06 19:08:19.580231: I tensorflow/stream_executor/platform/default/dso_loader.cc:44] Successfully opened dynamic library curand64_100.dll
2020-10-06 19:08:19.580567: I tensorflow/stream_executor/platform/default/dso_loader.cc:44] Successfully opened dynamic library cusolver64_100.dll
2020-10-06 19:08:19.580907: I tensorflow/stream_executor/platform/default/dso_loader.cc:44] Successfully opened dynamic library cusparse64_100.dll
2020-10-06 19:08:19.581248: I tensorflow/stream_executor/platform/default/dso_loader.cc:44] Successfully opened dynamic library cudnn64_7.dll
2020-10-06 19:08:19.581802: I tensorflow/core/common_runtime/gpu/gpu_device.cc:1746] Adding visible gpu devices: 0
2020-10-06 19:08:19.582110: I tensorflow/core/common_runtime/gpu/gpu_device.cc:1159] Device interconnect StreamExecutor with strength 1 edge matrix:
2020-10-06 19:08:19.582458: I tensorflow/core/common_runtime/gpu/gpu_device.cc:1165]      0 
2020-10-06 19:08:19.582676: I tensorflow/core/common_runtime/gpu/gpu_device.cc:1178] 0:   N 
2020-10-06 19:08:19.583154: I tensorflow/core/common_runtime/gpu/gpu_device.cc:1304] Created TensorFlow device (/job:localhost/replica:0/task:0/device:GPU:0 with 8686 MB memory) -> physical GPU (device: 0, name: GeForce RTX 2080 Ti, pci bus id: 0000:73:00.0, compute capability: 7.5)
INFO:tensorflow:Running local_init_op.
I1006 19:08:19.585387  4588 session_manager.py:500] Running local_init_op.
INFO:tensorflow:Done running local_init_op.
I1006 19:08:19.601013  4588 session_manager.py:502] Done running local_init_op.
[       OK ] QueueRunnerTest.testStartQueueRunnersIgnoresMonitoredSession
[ RUN      ] QueueRunnerTest.testStartQueueRunnersNonDefaultGraph
2020-10-06 19:08:19.634377: I tensorflow/core/common_runtime/gpu/gpu_device.cc:1618] Found device 0 with properties: 
name: GeForce RTX 2080 Ti major: 7 minor: 5 memoryClockRate(GHz): 1.65
pciBusID: 0000:73:00.0
2020-10-06 19:08:19.635026: I tensorflow/stream_executor/platform/default/dso_loader.cc:44] Successfully opened dynamic library cudart64_100.dll
2020-10-06 19:08:19.635509: I tensorflow/stream_executor/platform/default/dso_loader.cc:44] Successfully opened dynamic library cublas64_100.dll
2020-10-06 19:08:19.635900: I tensorflow/stream_executor/platform/default/dso_loader.cc:44] Successfully opened dynamic library cufft64_100.dll
2020-10-06 19:08:19.636274: I tensorflow/stream_executor/platform/default/dso_loader.cc:44] Successfully opened dynamic library curand64_100.dll
2020-10-06 19:08:19.636655: I tensorflow/stream_executor/platform/default/dso_loader.cc:44] Successfully opened dynamic library cusolver64_100.dll
2020-10-06 19:08:19.637035: I tensorflow/stream_executor/platform/default/dso_loader.cc:44] Successfully opened dynamic library cusparse64_100.dll
2020-10-06 19:08:19.637416: I tensorflow/stream_executor/platform/default/dso_loader.cc:44] Successfully opened dynamic library cudnn64_7.dll
2020-10-06 19:08:19.638040: I tensorflow/core/common_runtime/gpu/gpu_device.cc:1746] Adding visible gpu devices: 0
2020-10-06 19:08:19.638380: I tensorflow/core/common_runtime/gpu/gpu_device.cc:1159] Device interconnect StreamExecutor with strength 1 edge matrix:
2020-10-06 19:08:19.638770: I tensorflow/core/common_runtime/gpu/gpu_device.cc:1165]      0 
2020-10-06 19:08:19.639012: I tensorflow/core/common_runtime/gpu/gpu_device.cc:1178] 0:   N 
2020-10-06 19:08:19.639578: I tensorflow/core/common_runtime/gpu/gpu_device.cc:1304] Created TensorFlow device (/job:localhost/replica:0/task:0/device:GPU:0 with 8686 MB memory) -> physical GPU (device: 0, name: GeForce RTX 2080 Ti, pci bus id: 0000:73:00.0, compute capability: 7.5)
[       OK ] QueueRunnerTest.testStartQueueRunnersNonDefaultGraph
[ RUN      ] QueueRunnerTest.testStartQueueRunnersRaisesIfNotASession
2020-10-06 19:08:19.668745: I tensorflow/core/common_runtime/gpu/gpu_device.cc:1618] Found device 0 with properties: 
name: GeForce RTX 2080 Ti major: 7 minor: 5 memoryClockRate(GHz): 1.65
pciBusID: 0000:73:00.0
2020-10-06 19:08:19.670280: I tensorflow/stream_executor/platform/default/dso_loader.cc:44] Successfully opened dynamic library cudart64_100.dll
2020-10-06 19:08:19.671299: I tensorflow/stream_executor/platform/default/dso_loader.cc:44] Successfully opened dynamic library cublas64_100.dll
2020-10-06 19:08:19.672313: I tensorflow/stream_executor/platform/default/dso_loader.cc:44] Successfully opened dynamic library cufft64_100.dll
2020-10-06 19:08:19.673313: I tensorflow/stream_executor/platform/default/dso_loader.cc:44] Successfully opened dynamic library curand64_100.dll
2020-10-06 19:08:19.674302: I tensorflow/stream_executor/platform/default/dso_loader.cc:44] Successfully opened dynamic library cusolver64_100.dll
2020-10-06 19:08:19.675041: I tensorflow/stream_executor/platform/default/dso_loader.cc:44] Successfully opened dynamic library cusparse64_100.dll
2020-10-06 19:08:19.675771: I tensorflow/stream_executor/platform/default/dso_loader.cc:44] Successfully opened dynamic library cudnn64_7.dll
2020-10-06 19:08:19.676892: I tensorflow/core/common_runtime/gpu/gpu_device.cc:1746] Adding visible gpu devices: 0
2020-10-06 19:08:19.677529: I tensorflow/core/common_runtime/gpu/gpu_device.cc:1159] Device interconnect StreamExecutor with strength 1 edge matrix:
2020-10-06 19:08:19.678268: I tensorflow/core/common_runtime/gpu/gpu_device.cc:1165]      0 
2020-10-06 19:08:19.678731: I tensorflow/core/common_runtime/gpu/gpu_device.cc:1178] 0:   N 
2020-10-06 19:08:19.679703: I tensorflow/core/common_runtime/gpu/gpu_device.cc:1304] Created TensorFlow device (/job:localhost/replica:0/task:0/device:GPU:0 with 8686 MB memory) -> physical GPU (device: 0, name: GeForce RTX 2080 Ti, pci bus id: 0000:73:00.0, compute capability: 7.5)
[       OK ] QueueRunnerTest.testStartQueueRunnersRaisesIfNotASession
[ RUN      ] QueueRunnerTest.testThreads
2020-10-06 19:08:19.688492: I tensorflow/core/common_runtime/gpu/gpu_device.cc:1618] Found device 0 with properties: 
name: GeForce RTX 2080 Ti major: 7 minor: 5 memoryClockRate(GHz): 1.65
pciBusID: 0000:73:00.0
2020-10-06 19:08:19.690383: I tensorflow/stream_executor/platform/default/dso_loader.cc:44] Successfully opened dynamic library cudart64_100.dll
2020-10-06 19:08:19.691803: I tensorflow/stream_executor/platform/default/dso_loader.cc:44] Successfully opened dynamic library cublas64_100.dll
2020-10-06 19:08:19.693074: I tensorflow/stream_executor/platform/default/dso_loader.cc:44] Successfully opened dynamic library cufft64_100.dll
2020-10-06 19:08:19.694338: I tensorflow/stream_executor/platform/default/dso_loader.cc:44] Successfully opened dynamic library curand64_100.dll
2020-10-06 19:08:19.695692: I tensorflow/stream_executor/platform/default/dso_loader.cc:44] Successfully opened dynamic library cusolver64_100.dll
2020-10-06 19:08:19.696981: I tensorflow/stream_executor/platform/default/dso_loader.cc:44] Successfully opened dynamic library cusparse64_100.dll
2020-10-06 19:08:19.698301: I tensorflow/stream_executor/platform/default/dso_loader.cc:44] Successfully opened dynamic library cudnn64_7.dll
2020-10-06 19:08:19.700275: I tensorflow/core/common_runtime/gpu/gpu_device.cc:1746] Adding visible gpu devices: 0
2020-10-06 19:08:19.701387: I tensorflow/core/common_runtime/gpu/gpu_device.cc:1159] Device interconnect StreamExecutor with strength 1 edge matrix:
2020-10-06 19:08:19.702688: I tensorflow/core/common_runtime/gpu/gpu_device.cc:1165]      0 
2020-10-06 19:08:19.703500: I tensorflow/core/common_runtime/gpu/gpu_device.cc:1178] 0:   N 
2020-10-06 19:08:19.705123: I tensorflow/core/common_runtime/gpu/gpu_device.cc:1304] Created TensorFlow device (/job:localhost/replica:0/task:0/device:GPU:0 with 8686 MB memory) -> physical GPU (device: 0, name: GeForce RTX 2080 Ti, pci bus id: 0000:73:00.0, compute capability: 7.5)
ERROR:tensorflow:Exception in QueueRunner: Fetch argument 'bad_op' cannot be interpreted as a Tensor. ("The name 'bad_op' refers to an Operation not in the graph.")
E1006 19:08:19.710325 14180 queue_runner_impl.py:275] Exception in QueueRunner: Fetch argument 'bad_op' cannot be interpreted as a Tensor. ("The name 'bad_op' refers to an Operation not in the graph.")
Exception in thread QueueRunnerThread-fifo_queue-bad_op:
Traceback (most recent call last):
  File "C:\ProgramData\Anaconda3\envs\keras\lib\site-packages\tensorflow_core\python\client\session.py", line 305, in __init__
    fetch, allow_tensor=True, allow_operation=True))
  File "C:\ProgramData\Anaconda3\envs\keras\lib\site-packages\tensorflow_core\python\framework\ops.py", line 3607, in as_graph_element
    return self._as_graph_element_locked(obj, allow_tensor, allow_operation)
  File "C:\ProgramData\Anaconda3\envs\keras\lib\site-packages\tensorflow_core\python\framework\ops.py", line 3667, in _as_graph_element_locked
    "graph." % repr(name))
KeyError: "The name 'bad_op' refers to an Operation not in the graph."

During handling of the above exception, another exception occurred:

Traceback (most recent call last):
  File "C:\ProgramData\Anaconda3\envs\keras\lib\threading.py", line 916, in _bootstrap_inner
    self.run()
  File "C:\ProgramData\Anaconda3\envs\keras\lib\threading.py", line 864, in run
    self._target(*self._args, **self._kwargs)
  File "C:\ProgramData\Anaconda3\envs\keras\lib\site-packages\tensorflow_core\python\training\queue_runner_impl.py", line 252, in _run
    enqueue_callable = sess.make_callable(enqueue_op)
  File "C:\ProgramData\Anaconda3\envs\keras\lib\site-packages\tensorflow_core\python\client\session.py", line 1244, in make_callable
    object_identity.ObjectIdentityDictionary())
  File "C:\ProgramData\Anaconda3\envs\keras\lib\site-packages\tensorflow_core\python\client\session.py", line 474, in __init__
    self._fetch_mapper = _FetchMapper.for_fetch(fetches)
  File "C:\ProgramData\Anaconda3\envs\keras\lib\site-packages\tensorflow_core\python\client\session.py", line 266, in for_fetch
    return _ListFetchMapper(fetch)
  File "C:\ProgramData\Anaconda3\envs\keras\lib\site-packages\tensorflow_core\python\client\session.py", line 375, in __init__
    self._mappers = [_FetchMapper.for_fetch(fetch) for fetch in fetches]
  File "C:\ProgramData\Anaconda3\envs\keras\lib\site-packages\tensorflow_core\python\client\session.py", line 375, in <listcomp>
    self._mappers = [_FetchMapper.for_fetch(fetch) for fetch in fetches]
  File "C:\ProgramData\Anaconda3\envs\keras\lib\site-packages\tensorflow_core\python\client\session.py", line 276, in for_fetch
    return _ElementFetchMapper(fetches, contraction_fn)
  File "C:\ProgramData\Anaconda3\envs\keras\lib\site-packages\tensorflow_core\python\client\session.py", line 315, in __init__
    'Tensor. (%s)' % (fetch, str(e)))
ValueError: Fetch argument 'bad_op' cannot be interpreted as a Tensor. ("The name 'bad_op' refers to an Operation not in the graph.")

ERROR:tensorflow:Exception in QueueRunner: Fetch argument 'bad_op' cannot be interpreted as a Tensor. ("The name 'bad_op' refers to an Operation not in the graph.")
E1006 19:08:19.725940  5784 queue_runner_impl.py:275] Exception in QueueRunner: Fetch argument 'bad_op' cannot be interpreted as a Tensor. ("The name 'bad_op' refers to an Operation not in the graph.")
Exception in thread QueueRunnerThread-fifo_queue-bad_op:
Traceback (most recent call last):
  File "C:\ProgramData\Anaconda3\envs\keras\lib\site-packages\tensorflow_core\python\client\session.py", line 305, in __init__
    fetch, allow_tensor=True, allow_operation=True))
  File "C:\ProgramData\Anaconda3\envs\keras\lib\site-packages\tensorflow_core\python\framework\ops.py", line 3607, in as_graph_element
    return self._as_graph_element_locked(obj, allow_tensor, allow_operation)
  File "C:\ProgramData\Anaconda3\envs\keras\lib\site-packages\tensorflow_core\python\framework\ops.py", line 3667, in _as_graph_element_locked
    "graph." % repr(name))
KeyError: "The name 'bad_op' refers to an Operation not in the graph."

During handling of the above exception, another exception occurred:

Traceback (most recent call last):
  File "C:\ProgramData\Anaconda3\envs\keras\lib\threading.py", line 916, in _bootstrap_inner
    self.run()
  File "C:\ProgramData\Anaconda3\envs\keras\lib\threading.py", line 864, in run
    self._target(*self._args, **self._kwargs)
  File "C:\ProgramData\Anaconda3\envs\keras\lib\site-packages\tensorflow_core\python\training\queue_runner_impl.py", line 252, in _run
    enqueue_callable = sess.make_callable(enqueue_op)
  File "C:\ProgramData\Anaconda3\envs\keras\lib\site-packages\tensorflow_core\python\client\session.py", line 1244, in make_callable
    object_identity.ObjectIdentityDictionary())
  File "C:\ProgramData\Anaconda3\envs\keras\lib\site-packages\tensorflow_core\python\client\session.py", line 474, in __init__
    self._fetch_mapper = _FetchMapper.for_fetch(fetches)
  File "C:\ProgramData\Anaconda3\envs\keras\lib\site-packages\tensorflow_core\python\client\session.py", line 266, in for_fetch
    return _ListFetchMapper(fetch)
  File "C:\ProgramData\Anaconda3\envs\keras\lib\site-packages\tensorflow_core\python\client\session.py", line 375, in __init__
    self._mappers = [_FetchMapper.for_fetch(fetch) for fetch in fetches]
  File "C:\ProgramData\Anaconda3\envs\keras\lib\site-packages\tensorflow_core\python\client\session.py", line 375, in <listcomp>
    self._mappers = [_FetchMapper.for_fetch(fetch) for fetch in fetches]
  File "C:\ProgramData\Anaconda3\envs\keras\lib\site-packages\tensorflow_core\python\client\session.py", line 276, in for_fetch
    return _ElementFetchMapper(fetches, contraction_fn)
  File "C:\ProgramData\Anaconda3\envs\keras\lib\site-packages\tensorflow_core\python\client\session.py", line 315, in __init__
    'Tensor. (%s)' % (fetch, str(e)))
ValueError: Fetch argument 'bad_op' cannot be interpreted as a Tensor. ("The name 'bad_op' refers to an Operation not in the graph.")

[       OK ] QueueRunnerTest.testThreads
[ RUN      ] QueueRunnerTest.testTwoOps
2020-10-06 19:08:19.738005: I tensorflow/core/common_runtime/gpu/gpu_device.cc:1618] Found device 0 with properties: 
name: GeForce RTX 2080 Ti major: 7 minor: 5 memoryClockRate(GHz): 1.65
pciBusID: 0000:73:00.0
2020-10-06 19:08:19.739910: I tensorflow/stream_executor/platform/default/dso_loader.cc:44] Successfully opened dynamic library cudart64_100.dll
2020-10-06 19:08:19.741197: I tensorflow/stream_executor/platform/default/dso_loader.cc:44] Successfully opened dynamic library cublas64_100.dll
2020-10-06 19:08:19.742487: I tensorflow/stream_executor/platform/default/dso_loader.cc:44] Successfully opened dynamic library cufft64_100.dll
2020-10-06 19:08:19.743744: I tensorflow/stream_executor/platform/default/dso_loader.cc:44] Successfully opened dynamic library curand64_100.dll
2020-10-06 19:08:19.745008: I tensorflow/stream_executor/platform/default/dso_loader.cc:44] Successfully opened dynamic library cusolver64_100.dll
2020-10-06 19:08:19.746177: I tensorflow/stream_executor/platform/default/dso_loader.cc:44] Successfully opened dynamic library cusparse64_100.dll
2020-10-06 19:08:19.747316: I tensorflow/stream_executor/platform/default/dso_loader.cc:44] Successfully opened dynamic library cudnn64_7.dll
2020-10-06 19:08:19.749045: I tensorflow/core/common_runtime/gpu/gpu_device.cc:1746] Adding visible gpu devices: 0
2020-10-06 19:08:19.750032: I tensorflow/core/common_runtime/gpu/gpu_device.cc:1159] Device interconnect StreamExecutor with strength 1 edge matrix:
2020-10-06 19:08:19.751188: I tensorflow/core/common_runtime/gpu/gpu_device.cc:1165]      0 
2020-10-06 19:08:19.751911: I tensorflow/core/common_runtime/gpu/gpu_device.cc:1178] 0:   N 
2020-10-06 19:08:19.753344: I tensorflow/core/common_runtime/gpu/gpu_device.cc:1304] Created TensorFlow device (/job:localhost/replica:0/task:0/device:GPU:0 with 8686 MB memory) -> physical GPU (device: 0, name: GeForce RTX 2080 Ti, pci bus id: 0000:73:00.0, compute capability: 7.5)
[       OK ] QueueRunnerTest.testTwoOps
[ RUN      ] QueueRunnerTest.test_session
[  SKIPPED ] QueueRunnerTest.test_session
----------------------------------------------------------------------
Ran 17 tests in 2.468s

OK (skipped=1)
