....EE.....E.EE..EEEEEsEEEEEEE...E..E.EEE
======================================================================
ERROR: test_copy (__main__.T_function)
----------------------------------------------------------------------
Traceback (most recent call last):
  File "test_function_module.py", line 244, in test_copy
    self.assertTrue(f(2, 1) == g(2))  # they should be in sync, default value should be copied.
  File "C:\ProgramData\Anaconda3\envs\keras\lib\site-packages\theano\compile\function_module.py", line 813, in __call__
    allow_downcast=s.allow_downcast)
  File "C:\ProgramData\Anaconda3\envs\keras\lib\site-packages\theano\tensor\type.py", line 108, in filter
    data, type(data))
TypeError: ('Bad input argument to theano function with name "test_function_module.py:231" at index 0 (0-based).  \nBacktrace when that variable is created:\n\n  File "C:\\ProgramData\\Anaconda3\\envs\\keras\\lib\\unittest\\runner.py", line 176, in run\n    test(result)\n  File "C:\\ProgramData\\Anaconda3\\envs\\keras\\lib\\unittest\\suite.py", line 84, in __call__\n    return self.run(*args, **kwds)\n  File "C:\\ProgramData\\Anaconda3\\envs\\keras\\lib\\unittest\\suite.py", line 122, in run\n    test(result)\n  File "C:\\ProgramData\\Anaconda3\\envs\\keras\\lib\\unittest\\suite.py", line 84, in __call__\n    return self.run(*args, **kwds)\n  File "C:\\ProgramData\\Anaconda3\\envs\\keras\\lib\\unittest\\suite.py", line 122, in run\n    test(result)\n  File "C:\\ProgramData\\Anaconda3\\envs\\keras\\lib\\unittest\\case.py", line 653, in __call__\n    return self.run(*args, **kwds)\n  File "C:\\ProgramData\\Anaconda3\\envs\\keras\\lib\\unittest\\case.py", line 605, in run\n    testMethod()\n  File "test_function_module.py", line 227, in test_copy\n    x, s = T.scalars(\'xs\')\n', 'TensorType(float64, scalar) expected a ndarray object.', 2, <class 'int'>)

======================================================================
ERROR: test_copy_delete_updates (__main__.T_function)
----------------------------------------------------------------------
Traceback (most recent call last):
  File "test_function_module.py", line 381, in test_copy_delete_updates
    assert cpy(1)[0] == 4
  File "C:\ProgramData\Anaconda3\envs\keras\lib\site-packages\theano\compile\function_module.py", line 813, in __call__
    allow_downcast=s.allow_downcast)
  File "C:\ProgramData\Anaconda3\envs\keras\lib\site-packages\theano\tensor\type.py", line 108, in filter
    data, type(data))
TypeError: ('Bad input argument to theano function with name "test_function_module.py:378 copy" at index 0 (0-based).  \nBacktrace when that variable is created:\n\n  File "C:\\ProgramData\\Anaconda3\\envs\\keras\\lib\\unittest\\runner.py", line 176, in run\n    test(result)\n  File "C:\\ProgramData\\Anaconda3\\envs\\keras\\lib\\unittest\\suite.py", line 84, in __call__\n    return self.run(*args, **kwds)\n  File "C:\\ProgramData\\Anaconda3\\envs\\keras\\lib\\unittest\\suite.py", line 122, in run\n    test(result)\n  File "C:\\ProgramData\\Anaconda3\\envs\\keras\\lib\\unittest\\suite.py", line 84, in __call__\n    return self.run(*args, **kwds)\n  File "C:\\ProgramData\\Anaconda3\\envs\\keras\\lib\\unittest\\suite.py", line 122, in run\n    test(result)\n  File "C:\\ProgramData\\Anaconda3\\envs\\keras\\lib\\unittest\\case.py", line 653, in __call__\n    return self.run(*args, **kwds)\n  File "C:\\ProgramData\\Anaconda3\\envs\\keras\\lib\\unittest\\case.py", line 605, in run\n    testMethod()\n  File "test_function_module.py", line 368, in test_copy_delete_updates\n    x = T.fscalar(\'x\')\n', 'TensorType(float32, scalar) expected a ndarray object.', 1, <class 'int'>)

======================================================================
ERROR: test_free (__main__.T_function)
----------------------------------------------------------------------
Traceback (most recent call last):
  File "test_function_module.py", line 563, in test_free
    func([1])
  File "C:\ProgramData\Anaconda3\envs\keras\lib\site-packages\theano\compile\function_module.py", line 813, in __call__
    allow_downcast=s.allow_downcast)
  File "C:\ProgramData\Anaconda3\envs\keras\lib\site-packages\theano\tensor\type.py", line 108, in filter
    data, type(data))
TypeError: ('Bad input argument to theano function with name "test_function_module.py:561" at index 0 (0-based).  \nBacktrace when that variable is created:\n\n  File "C:\\ProgramData\\Anaconda3\\envs\\keras\\lib\\unittest\\runner.py", line 176, in run\n    test(result)\n  File "C:\\ProgramData\\Anaconda3\\envs\\keras\\lib\\unittest\\suite.py", line 84, in __call__\n    return self.run(*args, **kwds)\n  File "C:\\ProgramData\\Anaconda3\\envs\\keras\\lib\\unittest\\suite.py", line 122, in run\n    test(result)\n  File "C:\\ProgramData\\Anaconda3\\envs\\keras\\lib\\unittest\\suite.py", line 84, in __call__\n    return self.run(*args, **kwds)\n  File "C:\\ProgramData\\Anaconda3\\envs\\keras\\lib\\unittest\\suite.py", line 122, in run\n    test(result)\n  File "C:\\ProgramData\\Anaconda3\\envs\\keras\\lib\\unittest\\case.py", line 653, in __call__\n    return self.run(*args, **kwds)\n  File "C:\\ProgramData\\Anaconda3\\envs\\keras\\lib\\unittest\\case.py", line 605, in run\n    testMethod()\n  File "test_function_module.py", line 560, in test_free\n    x = T.vector(\'x\')\n', 'TensorType(float64, vector) expected a ndarray object.', [1], <class 'list'>)

======================================================================
ERROR: test_input_anon_singleton (__main__.T_function)
----------------------------------------------------------------------
Traceback (most recent call last):
  File "test_function_module.py", line 113, in test_input_anon_singleton
    self.assertTrue(fn(2, 3) == [5])
  File "C:\ProgramData\Anaconda3\envs\keras\lib\site-packages\theano\compile\function_module.py", line 813, in __call__
    allow_downcast=s.allow_downcast)
  File "C:\ProgramData\Anaconda3\envs\keras\lib\site-packages\theano\tensor\type.py", line 108, in filter
    data, type(data))
TypeError: ('Bad input argument to theano function with name "test_function_module.py:112" at index 0 (0-based).  \nBacktrace when that variable is created:\n\n  File "C:\\ProgramData\\Anaconda3\\envs\\keras\\lib\\unittest\\runner.py", line 176, in run\n    test(result)\n  File "C:\\ProgramData\\Anaconda3\\envs\\keras\\lib\\unittest\\suite.py", line 84, in __call__\n    return self.run(*args, **kwds)\n  File "C:\\ProgramData\\Anaconda3\\envs\\keras\\lib\\unittest\\suite.py", line 122, in run\n    test(result)\n  File "C:\\ProgramData\\Anaconda3\\envs\\keras\\lib\\unittest\\suite.py", line 84, in __call__\n    return self.run(*args, **kwds)\n  File "C:\\ProgramData\\Anaconda3\\envs\\keras\\lib\\unittest\\suite.py", line 122, in run\n    test(result)\n  File "C:\\ProgramData\\Anaconda3\\envs\\keras\\lib\\unittest\\case.py", line 653, in __call__\n    return self.run(*args, **kwds)\n  File "C:\\ProgramData\\Anaconda3\\envs\\keras\\lib\\unittest\\case.py", line 605, in run\n    testMethod()\n  File "test_function_module.py", line 111, in test_input_anon_singleton\n    x, s = T.scalars(\'xs\')\n', 'TensorType(float64, scalar) expected a ndarray object.', 2, <class 'int'>)

======================================================================
ERROR: test_input_anon_unpack (__main__.T_function)
----------------------------------------------------------------------
Traceback (most recent call last):
  File "test_function_module.py", line 120, in test_input_anon_unpack
    self.assertTrue(fn(2, 3) == 5)
  File "C:\ProgramData\Anaconda3\envs\keras\lib\site-packages\theano\compile\function_module.py", line 813, in __call__
    allow_downcast=s.allow_downcast)
  File "C:\ProgramData\Anaconda3\envs\keras\lib\site-packages\theano\tensor\type.py", line 108, in filter
    data, type(data))
TypeError: ('Bad input argument to theano function with name "test_function_module.py:119" at index 0 (0-based).  \nBacktrace when that variable is created:\n\n  File "C:\\ProgramData\\Anaconda3\\envs\\keras\\lib\\unittest\\runner.py", line 176, in run\n    test(result)\n  File "C:\\ProgramData\\Anaconda3\\envs\\keras\\lib\\unittest\\suite.py", line 84, in __call__\n    return self.run(*args, **kwds)\n  File "C:\\ProgramData\\Anaconda3\\envs\\keras\\lib\\unittest\\suite.py", line 122, in run\n    test(result)\n  File "C:\\ProgramData\\Anaconda3\\envs\\keras\\lib\\unittest\\suite.py", line 84, in __call__\n    return self.run(*args, **kwds)\n  File "C:\\ProgramData\\Anaconda3\\envs\\keras\\lib\\unittest\\suite.py", line 122, in run\n    test(result)\n  File "C:\\ProgramData\\Anaconda3\\envs\\keras\\lib\\unittest\\case.py", line 653, in __call__\n    return self.run(*args, **kwds)\n  File "C:\\ProgramData\\Anaconda3\\envs\\keras\\lib\\unittest\\case.py", line 605, in run\n    testMethod()\n  File "test_function_module.py", line 118, in test_input_anon_unpack\n    x, s = T.scalars(\'xs\')\n', 'TensorType(float64, scalar) expected a ndarray object.', 2, <class 'int'>)

======================================================================
ERROR: test_naming_rule0 (__main__.T_function)
----------------------------------------------------------------------
Traceback (most recent call last):
  File "test_function_module.py", line 125, in test_naming_rule0
    self.assertTrue(f(1, 2) == 0.5)
  File "C:\ProgramData\Anaconda3\envs\keras\lib\site-packages\theano\compile\function_module.py", line 813, in __call__
    allow_downcast=s.allow_downcast)
  File "C:\ProgramData\Anaconda3\envs\keras\lib\site-packages\theano\tensor\type.py", line 108, in filter
    data, type(data))
TypeError: ('Bad input argument to theano function with name "test_function_module.py:124" at index 0 (0-based).  \nBacktrace when that variable is created:\n\n  File "C:\\ProgramData\\Anaconda3\\envs\\keras\\lib\\unittest\\runner.py", line 176, in run\n    test(result)\n  File "C:\\ProgramData\\Anaconda3\\envs\\keras\\lib\\unittest\\suite.py", line 84, in __call__\n    return self.run(*args, **kwds)\n  File "C:\\ProgramData\\Anaconda3\\envs\\keras\\lib\\unittest\\suite.py", line 122, in run\n    test(result)\n  File "C:\\ProgramData\\Anaconda3\\envs\\keras\\lib\\unittest\\suite.py", line 84, in __call__\n    return self.run(*args, **kwds)\n  File "C:\\ProgramData\\Anaconda3\\envs\\keras\\lib\\unittest\\suite.py", line 122, in run\n    test(result)\n  File "C:\\ProgramData\\Anaconda3\\envs\\keras\\lib\\unittest\\case.py", line 653, in __call__\n    return self.run(*args, **kwds)\n  File "C:\\ProgramData\\Anaconda3\\envs\\keras\\lib\\unittest\\case.py", line 605, in run\n    testMethod()\n  File "test_function_module.py", line 123, in test_naming_rule0\n    x, s = T.scalars(\'xs\')\n', 'TensorType(float64, scalar) expected a ndarray object.', 1, <class 'int'>)

======================================================================
ERROR: test_naming_rule1 (__main__.T_function)
----------------------------------------------------------------------
Traceback (most recent call last):
  File "test_function_module.py", line 138, in test_naming_rule1
    self.assertTrue(f(1, 2) == 0.5)
  File "C:\ProgramData\Anaconda3\envs\keras\lib\site-packages\theano\compile\function_module.py", line 813, in __call__
    allow_downcast=s.allow_downcast)
  File "C:\ProgramData\Anaconda3\envs\keras\lib\site-packages\theano\tensor\type.py", line 108, in filter
    data, type(data))
TypeError: ('Bad input argument to theano function with name "test_function_module.py:137" at index 0 (0-based).  \nBacktrace when that variable is created:\n\n  File "C:\\ProgramData\\Anaconda3\\envs\\keras\\lib\\unittest\\runner.py", line 176, in run\n    test(result)\n  File "C:\\ProgramData\\Anaconda3\\envs\\keras\\lib\\unittest\\suite.py", line 84, in __call__\n    return self.run(*args, **kwds)\n  File "C:\\ProgramData\\Anaconda3\\envs\\keras\\lib\\unittest\\suite.py", line 122, in run\n    test(result)\n  File "C:\\ProgramData\\Anaconda3\\envs\\keras\\lib\\unittest\\suite.py", line 84, in __call__\n    return self.run(*args, **kwds)\n  File "C:\\ProgramData\\Anaconda3\\envs\\keras\\lib\\unittest\\suite.py", line 122, in run\n    test(result)\n  File "C:\\ProgramData\\Anaconda3\\envs\\keras\\lib\\unittest\\case.py", line 653, in __call__\n    return self.run(*args, **kwds)\n  File "C:\\ProgramData\\Anaconda3\\envs\\keras\\lib\\unittest\\case.py", line 605, in run\n    testMethod()\n  File "test_function_module.py", line 135, in test_naming_rule1\n    a = T.scalar()  # the a is for \'anonymous\' (un-named).\n', 'TensorType(float64, scalar) expected a ndarray object.', 1, <class 'int'>)

======================================================================
ERROR: test_naming_rule2 (__main__.T_function)
----------------------------------------------------------------------
Traceback (most recent call last):
  File "test_function_module.py", line 151, in test_naming_rule2
    self.assertTrue(f(9, 1, 2) == 0.5)
  File "C:\ProgramData\Anaconda3\envs\keras\lib\site-packages\theano\compile\function_module.py", line 813, in __call__
    allow_downcast=s.allow_downcast)
  File "C:\ProgramData\Anaconda3\envs\keras\lib\site-packages\theano\tensor\type.py", line 108, in filter
    data, type(data))
TypeError: ('Bad input argument to theano function with name "test_function_module.py:150" at index 0 (0-based).  \nBacktrace when that variable is created:\n\n  File "C:\\ProgramData\\Anaconda3\\envs\\keras\\lib\\unittest\\runner.py", line 176, in run\n    test(result)\n  File "C:\\ProgramData\\Anaconda3\\envs\\keras\\lib\\unittest\\suite.py", line 84, in __call__\n    return self.run(*args, **kwds)\n  File "C:\\ProgramData\\Anaconda3\\envs\\keras\\lib\\unittest\\suite.py", line 122, in run\n    test(result)\n  File "C:\\ProgramData\\Anaconda3\\envs\\keras\\lib\\unittest\\suite.py", line 84, in __call__\n    return self.run(*args, **kwds)\n  File "C:\\ProgramData\\Anaconda3\\envs\\keras\\lib\\unittest\\suite.py", line 122, in run\n    test(result)\n  File "C:\\ProgramData\\Anaconda3\\envs\\keras\\lib\\unittest\\case.py", line 653, in __call__\n    return self.run(*args, **kwds)\n  File "C:\\ProgramData\\Anaconda3\\envs\\keras\\lib\\unittest\\case.py", line 605, in run\n    testMethod()\n  File "test_function_module.py", line 146, in test_naming_rule2\n    x, s = T.scalars(\'xs\')\n', 'TensorType(float64, scalar) expected a ndarray object.', 9, <class 'int'>)

======================================================================
ERROR: test_naming_rule3 (__main__.T_function)
----------------------------------------------------------------------
Traceback (most recent call last):
  File "test_function_module.py", line 163, in test_naming_rule3
    self.assertTrue(f(9, 2, 4) == 9.5)  # can specify all args in order
  File "C:\ProgramData\Anaconda3\envs\keras\lib\site-packages\theano\compile\function_module.py", line 813, in __call__
    allow_downcast=s.allow_downcast)
  File "C:\ProgramData\Anaconda3\envs\keras\lib\site-packages\theano\tensor\type.py", line 108, in filter
    data, type(data))
TypeError: ('Bad input argument to theano function with name "test_function_module.py:162" at index 0 (0-based).  \nBacktrace when that variable is created:\n\n  File "C:\\ProgramData\\Anaconda3\\envs\\keras\\lib\\unittest\\runner.py", line 176, in run\n    test(result)\n  File "C:\\ProgramData\\Anaconda3\\envs\\keras\\lib\\unittest\\suite.py", line 84, in __call__\n    return self.run(*args, **kwds)\n  File "C:\\ProgramData\\Anaconda3\\envs\\keras\\lib\\unittest\\suite.py", line 122, in run\n    test(result)\n  File "C:\\ProgramData\\Anaconda3\\envs\\keras\\lib\\unittest\\suite.py", line 84, in __call__\n    return self.run(*args, **kwds)\n  File "C:\\ProgramData\\Anaconda3\\envs\\keras\\lib\\unittest\\suite.py", line 122, in run\n    test(result)\n  File "C:\\ProgramData\\Anaconda3\\envs\\keras\\lib\\unittest\\case.py", line 653, in __call__\n    return self.run(*args, **kwds)\n  File "C:\\ProgramData\\Anaconda3\\envs\\keras\\lib\\unittest\\case.py", line 605, in run\n    testMethod()\n  File "test_function_module.py", line 159, in test_naming_rule3\n    x, s = T.scalars(\'xs\')\n', 'TensorType(float64, scalar) expected a ndarray object.', 9, <class 'int'>)

======================================================================
ERROR: test_naming_rule4 (__main__.T_function)
----------------------------------------------------------------------
Traceback (most recent call last):
  File "test_function_module.py", line 177, in test_naming_rule4
    self.assertTrue(f(9, 2, 4) == 9.5)  # can specify all args in order
  File "C:\ProgramData\Anaconda3\envs\keras\lib\site-packages\theano\compile\function_module.py", line 813, in __call__
    allow_downcast=s.allow_downcast)
  File "C:\ProgramData\Anaconda3\envs\keras\lib\site-packages\theano\tensor\type.py", line 108, in filter
    data, type(data))
TypeError: ('Bad input argument to theano function with name "test_function_module.py:175" at index 0 (0-based).  \nBacktrace when that variable is created:\n\n  File "C:\\ProgramData\\Anaconda3\\envs\\keras\\lib\\unittest\\runner.py", line 176, in run\n    test(result)\n  File "C:\\ProgramData\\Anaconda3\\envs\\keras\\lib\\unittest\\suite.py", line 84, in __call__\n    return self.run(*args, **kwds)\n  File "C:\\ProgramData\\Anaconda3\\envs\\keras\\lib\\unittest\\suite.py", line 122, in run\n    test(result)\n  File "C:\\ProgramData\\Anaconda3\\envs\\keras\\lib\\unittest\\suite.py", line 84, in __call__\n    return self.run(*args, **kwds)\n  File "C:\\ProgramData\\Anaconda3\\envs\\keras\\lib\\unittest\\suite.py", line 122, in run\n    test(result)\n  File "C:\\ProgramData\\Anaconda3\\envs\\keras\\lib\\unittest\\case.py", line 653, in __call__\n    return self.run(*args, **kwds)\n  File "C:\\ProgramData\\Anaconda3\\envs\\keras\\lib\\unittest\\case.py", line 605, in run\n    testMethod()\n  File "test_function_module.py", line 173, in test_naming_rule4\n    x, s = T.scalars(\'xs\')\n', 'TensorType(float64, scalar) expected a ndarray object.', 9, <class 'int'>)

======================================================================
ERROR: test_same_names (__main__.T_function)
----------------------------------------------------------------------
Traceback (most recent call last):
  File "test_function_module.py", line 210, in test_same_names
    self.assertTrue(f(1, 2, 3) == 6)
  File "C:\ProgramData\Anaconda3\envs\keras\lib\site-packages\theano\compile\function_module.py", line 813, in __call__
    allow_downcast=s.allow_downcast)
  File "C:\ProgramData\Anaconda3\envs\keras\lib\site-packages\theano\tensor\type.py", line 108, in filter
    data, type(data))
TypeError: ('Bad input argument to theano function with name "test_function_module.py:209" at index 0 (0-based).  \nBacktrace when that variable is created:\n\n  File "C:\\ProgramData\\Anaconda3\\envs\\keras\\lib\\unittest\\runner.py", line 176, in run\n    test(result)\n  File "C:\\ProgramData\\Anaconda3\\envs\\keras\\lib\\unittest\\suite.py", line 84, in __call__\n    return self.run(*args, **kwds)\n  File "C:\\ProgramData\\Anaconda3\\envs\\keras\\lib\\unittest\\suite.py", line 122, in run\n    test(result)\n  File "C:\\ProgramData\\Anaconda3\\envs\\keras\\lib\\unittest\\suite.py", line 84, in __call__\n    return self.run(*args, **kwds)\n  File "C:\\ProgramData\\Anaconda3\\envs\\keras\\lib\\unittest\\suite.py", line 122, in run\n    test(result)\n  File "C:\\ProgramData\\Anaconda3\\envs\\keras\\lib\\unittest\\case.py", line 653, in __call__\n    return self.run(*args, **kwds)\n  File "C:\\ProgramData\\Anaconda3\\envs\\keras\\lib\\unittest\\case.py", line 605, in run\n    testMethod()\n  File "test_function_module.py", line 207, in test_same_names\n    a, x, s = T.scalars(\'xxx\')\n', 'TensorType(float64, scalar) expected a ndarray object.', 1, <class 'int'>)

======================================================================
ERROR: test_shared_state0 (__main__.T_function)
----------------------------------------------------------------------
Traceback (most recent call last):
  File "test_function_module.py", line 405, in test_shared_state0
    f(1, 2)
  File "C:\ProgramData\Anaconda3\envs\keras\lib\site-packages\theano\compile\function_module.py", line 813, in __call__
    allow_downcast=s.allow_downcast)
  File "C:\ProgramData\Anaconda3\envs\keras\lib\site-packages\theano\tensor\type.py", line 108, in filter
    data, type(data))
TypeError: ('Bad input argument to theano function with name "test_function_module.py:400" at index 0 (0-based).  \nBacktrace when that variable is created:\n\n  File "C:\\ProgramData\\Anaconda3\\envs\\keras\\lib\\unittest\\runner.py", line 176, in run\n    test(result)\n  File "C:\\ProgramData\\Anaconda3\\envs\\keras\\lib\\unittest\\suite.py", line 84, in __call__\n    return self.run(*args, **kwds)\n  File "C:\\ProgramData\\Anaconda3\\envs\\keras\\lib\\unittest\\suite.py", line 122, in run\n    test(result)\n  File "C:\\ProgramData\\Anaconda3\\envs\\keras\\lib\\unittest\\suite.py", line 84, in __call__\n    return self.run(*args, **kwds)\n  File "C:\\ProgramData\\Anaconda3\\envs\\keras\\lib\\unittest\\suite.py", line 122, in run\n    test(result)\n  File "C:\\ProgramData\\Anaconda3\\envs\\keras\\lib\\unittest\\case.py", line 653, in __call__\n    return self.run(*args, **kwds)\n  File "C:\\ProgramData\\Anaconda3\\envs\\keras\\lib\\unittest\\case.py", line 605, in run\n    testMethod()\n  File "test_function_module.py", line 396, in test_shared_state0\n    x, s = T.scalars(\'xs\')\n', 'TensorType(float64, scalar) expected a ndarray object.', 1, <class 'int'>)

======================================================================
ERROR: test_shared_state1 (__main__.T_function)
----------------------------------------------------------------------
Traceback (most recent call last):
  File "test_function_module.py", line 421, in test_shared_state1
    f(1, 2)
  File "C:\ProgramData\Anaconda3\envs\keras\lib\site-packages\theano\compile\function_module.py", line 813, in __call__
    allow_downcast=s.allow_downcast)
  File "C:\ProgramData\Anaconda3\envs\keras\lib\site-packages\theano\tensor\type.py", line 108, in filter
    data, type(data))
TypeError: ('Bad input argument to theano function with name "test_function_module.py:417" at index 0 (0-based).  \nBacktrace when that variable is created:\n\n  File "C:\\ProgramData\\Anaconda3\\envs\\keras\\lib\\unittest\\runner.py", line 176, in run\n    test(result)\n  File "C:\\ProgramData\\Anaconda3\\envs\\keras\\lib\\unittest\\suite.py", line 84, in __call__\n    return self.run(*args, **kwds)\n  File "C:\\ProgramData\\Anaconda3\\envs\\keras\\lib\\unittest\\suite.py", line 122, in run\n    test(result)\n  File "C:\\ProgramData\\Anaconda3\\envs\\keras\\lib\\unittest\\suite.py", line 84, in __call__\n    return self.run(*args, **kwds)\n  File "C:\\ProgramData\\Anaconda3\\envs\\keras\\lib\\unittest\\suite.py", line 122, in run\n    test(result)\n  File "C:\\ProgramData\\Anaconda3\\envs\\keras\\lib\\unittest\\case.py", line 653, in __call__\n    return self.run(*args, **kwds)\n  File "C:\\ProgramData\\Anaconda3\\envs\\keras\\lib\\unittest\\case.py", line 605, in run\n    testMethod()\n  File "test_function_module.py", line 414, in test_shared_state1\n    x, s = T.scalars(\'xs\')\n', 'TensorType(float64, scalar) expected a ndarray object.', 1, <class 'int'>)

======================================================================
ERROR: test_shared_state2 (__main__.T_function)
----------------------------------------------------------------------
Traceback (most recent call last):
  File "test_function_module.py", line 437, in test_shared_state2
    f(1, 2)
  File "C:\ProgramData\Anaconda3\envs\keras\lib\site-packages\theano\compile\function_module.py", line 813, in __call__
    allow_downcast=s.allow_downcast)
  File "C:\ProgramData\Anaconda3\envs\keras\lib\site-packages\theano\tensor\type.py", line 108, in filter
    data, type(data))
TypeError: ('Bad input argument to theano function with name "test_function_module.py:434" at index 0 (0-based).  \nBacktrace when that variable is created:\n\n  File "C:\\ProgramData\\Anaconda3\\envs\\keras\\lib\\unittest\\runner.py", line 176, in run\n    test(result)\n  File "C:\\ProgramData\\Anaconda3\\envs\\keras\\lib\\unittest\\suite.py", line 84, in __call__\n    return self.run(*args, **kwds)\n  File "C:\\ProgramData\\Anaconda3\\envs\\keras\\lib\\unittest\\suite.py", line 122, in run\n    test(result)\n  File "C:\\ProgramData\\Anaconda3\\envs\\keras\\lib\\unittest\\suite.py", line 84, in __call__\n    return self.run(*args, **kwds)\n  File "C:\\ProgramData\\Anaconda3\\envs\\keras\\lib\\unittest\\suite.py", line 122, in run\n    test(result)\n  File "C:\\ProgramData\\Anaconda3\\envs\\keras\\lib\\unittest\\case.py", line 653, in __call__\n    return self.run(*args, **kwds)\n  File "C:\\ProgramData\\Anaconda3\\envs\\keras\\lib\\unittest\\case.py", line 605, in run\n    testMethod()\n  File "test_function_module.py", line 431, in test_shared_state2\n    x, s = T.scalars(\'xs\')\n', 'TensorType(float64, scalar) expected a ndarray object.', 1, <class 'int'>)

======================================================================
ERROR: test_shared_state_not_implicit (__main__.T_function)
----------------------------------------------------------------------
Traceback (most recent call last):
  File "test_function_module.py", line 459, in test_shared_state_not_implicit
    dec(1)
  File "C:\ProgramData\Anaconda3\envs\keras\lib\site-packages\theano\compile\function_module.py", line 813, in __call__
    allow_downcast=s.allow_downcast)
  File "C:\ProgramData\Anaconda3\envs\keras\lib\site-packages\theano\tensor\type.py", line 108, in filter
    data, type(data))
TypeError: ('Bad input argument to theano function with name "test_function_module.py:455" at index 0 (0-based).  \nBacktrace when that variable is created:\n\n  File "C:\\ProgramData\\Anaconda3\\envs\\keras\\lib\\unittest\\runner.py", line 176, in run\n    test(result)\n  File "C:\\ProgramData\\Anaconda3\\envs\\keras\\lib\\unittest\\suite.py", line 84, in __call__\n    return self.run(*args, **kwds)\n  File "C:\\ProgramData\\Anaconda3\\envs\\keras\\lib\\unittest\\suite.py", line 122, in run\n    test(result)\n  File "C:\\ProgramData\\Anaconda3\\envs\\keras\\lib\\unittest\\suite.py", line 84, in __call__\n    return self.run(*args, **kwds)\n  File "C:\\ProgramData\\Anaconda3\\envs\\keras\\lib\\unittest\\suite.py", line 122, in run\n    test(result)\n  File "C:\\ProgramData\\Anaconda3\\envs\\keras\\lib\\unittest\\case.py", line 653, in __call__\n    return self.run(*args, **kwds)\n  File "C:\\ProgramData\\Anaconda3\\envs\\keras\\lib\\unittest\\case.py", line 605, in run\n    testMethod()\n  File "test_function_module.py", line 452, in test_shared_state_not_implicit\n    x, s = T.scalars(\'xs\')\n', 'TensorType(float64, scalar) expected a ndarray object.', 1, <class 'int'>)

======================================================================
ERROR: test_state_access (__main__.T_function)
----------------------------------------------------------------------
Traceback (most recent call last):
  File "test_function_module.py", line 195, in test_state_access
    self.assertTrue(f(3.0) == 3.0)
  File "C:\ProgramData\Anaconda3\envs\keras\lib\site-packages\theano\compile\function_module.py", line 813, in __call__
    allow_downcast=s.allow_downcast)
  File "C:\ProgramData\Anaconda3\envs\keras\lib\site-packages\theano\tensor\type.py", line 108, in filter
    data, type(data))
TypeError: ('Bad input argument to theano function with name "test_function_module.py:190" at index 0 (0-based).  \nBacktrace when that variable is created:\n\n  File "C:\\ProgramData\\Anaconda3\\envs\\keras\\lib\\unittest\\runner.py", line 176, in run\n    test(result)\n  File "C:\\ProgramData\\Anaconda3\\envs\\keras\\lib\\unittest\\suite.py", line 84, in __call__\n    return self.run(*args, **kwds)\n  File "C:\\ProgramData\\Anaconda3\\envs\\keras\\lib\\unittest\\suite.py", line 122, in run\n    test(result)\n  File "C:\\ProgramData\\Anaconda3\\envs\\keras\\lib\\unittest\\suite.py", line 84, in __call__\n    return self.run(*args, **kwds)\n  File "C:\\ProgramData\\Anaconda3\\envs\\keras\\lib\\unittest\\suite.py", line 122, in run\n    test(result)\n  File "C:\\ProgramData\\Anaconda3\\envs\\keras\\lib\\unittest\\case.py", line 653, in __call__\n    return self.run(*args, **kwds)\n  File "C:\\ProgramData\\Anaconda3\\envs\\keras\\lib\\unittest\\case.py", line 605, in run\n    testMethod()\n  File "test_function_module.py", line 188, in test_state_access\n    x, s = T.scalars(\'xs\')\n', 'TensorType(float64, scalar) expected a ndarray object.', 3.0, <class 'float'>)

======================================================================
ERROR: test_swap_SharedVariable (__main__.T_function)
----------------------------------------------------------------------
Traceback (most recent call last):
  File "test_function_module.py", line 309, in test_swap_SharedVariable
    ori(1), cpy(1), cpy(2)
  File "C:\ProgramData\Anaconda3\envs\keras\lib\site-packages\theano\compile\function_module.py", line 813, in __call__
    allow_downcast=s.allow_downcast)
  File "C:\ProgramData\Anaconda3\envs\keras\lib\site-packages\theano\tensor\type.py", line 108, in filter
    data, type(data))
TypeError: ('Bad input argument to theano function with name "test_function_module.py:305" at index 0 (0-based).  \nBacktrace when that variable is created:\n\n  File "C:\\ProgramData\\Anaconda3\\envs\\keras\\lib\\unittest\\runner.py", line 176, in run\n    test(result)\n  File "C:\\ProgramData\\Anaconda3\\envs\\keras\\lib\\unittest\\suite.py", line 84, in __call__\n    return self.run(*args, **kwds)\n  File "C:\\ProgramData\\Anaconda3\\envs\\keras\\lib\\unittest\\suite.py", line 122, in run\n    test(result)\n  File "C:\\ProgramData\\Anaconda3\\envs\\keras\\lib\\unittest\\suite.py", line 84, in __call__\n    return self.run(*args, **kwds)\n  File "C:\\ProgramData\\Anaconda3\\envs\\keras\\lib\\unittest\\suite.py", line 122, in run\n    test(result)\n  File "C:\\ProgramData\\Anaconda3\\envs\\keras\\lib\\unittest\\case.py", line 653, in __call__\n    return self.run(*args, **kwds)\n  File "C:\\ProgramData\\Anaconda3\\envs\\keras\\lib\\unittest\\case.py", line 605, in run\n    testMethod()\n  File "test_function_module.py", line 282, in test_swap_SharedVariable\n    i = T.iscalar()\n', 'TensorType(int32, scalar) expected a ndarray object.', 1, <class 'int'>)

======================================================================
ERROR: test_deepcopy (__main__.T_picklefunction)
----------------------------------------------------------------------
Traceback (most recent call last):
  File "test_function_module.py", line 660, in test_deepcopy
    self.assertTrue(f(2, 1) == g(2))  # they should be in sync, default value should be copied.
  File "C:\ProgramData\Anaconda3\envs\keras\lib\site-packages\theano\compile\function_module.py", line 813, in __call__
    allow_downcast=s.allow_downcast)
  File "C:\ProgramData\Anaconda3\envs\keras\lib\site-packages\theano\tensor\type.py", line 108, in filter
    data, type(data))
TypeError: ('Bad input argument to theano function with name "test_function_module.py:628" at index 0 (0-based).  \nBacktrace when that variable is created:\n\n  File "C:\\ProgramData\\Anaconda3\\envs\\keras\\lib\\unittest\\runner.py", line 176, in run\n    test(result)\n  File "C:\\ProgramData\\Anaconda3\\envs\\keras\\lib\\unittest\\suite.py", line 84, in __call__\n    return self.run(*args, **kwds)\n  File "C:\\ProgramData\\Anaconda3\\envs\\keras\\lib\\unittest\\suite.py", line 122, in run\n    test(result)\n  File "C:\\ProgramData\\Anaconda3\\envs\\keras\\lib\\unittest\\suite.py", line 84, in __call__\n    return self.run(*args, **kwds)\n  File "C:\\ProgramData\\Anaconda3\\envs\\keras\\lib\\unittest\\suite.py", line 122, in run\n    test(result)\n  File "C:\\ProgramData\\Anaconda3\\envs\\keras\\lib\\unittest\\case.py", line 653, in __call__\n    return self.run(*args, **kwds)\n  File "C:\\ProgramData\\Anaconda3\\envs\\keras\\lib\\unittest\\case.py", line 605, in run\n    testMethod()\n  File "test_function_module.py", line 624, in test_deepcopy\n    x, s = T.scalars(\'xs\')\n', 'TensorType(float64, scalar) expected a ndarray object.', 2, <class 'int'>)

======================================================================
ERROR: test_multiple_functions (__main__.T_picklefunction)
----------------------------------------------------------------------
Traceback (most recent call last):
  File "test_function_module.py", line 868, in test_multiple_functions
    assert nl[4](3) == ol[4](3)
  File "C:\ProgramData\Anaconda3\envs\keras\lib\site-packages\theano\compile\function_module.py", line 813, in __call__
    allow_downcast=s.allow_downcast)
  File "C:\ProgramData\Anaconda3\envs\keras\lib\site-packages\theano\tensor\type.py", line 108, in filter
    data, type(data))
TypeError: ('Bad input argument to theano function with name "test_function_module.py:817" at index 0 (0-based).  \nBacktrace when that variable is created:\n\n  File "C:\\ProgramData\\Anaconda3\\envs\\keras\\lib\\unittest\\runner.py", line 176, in run\n    test(result)\n  File "C:\\ProgramData\\Anaconda3\\envs\\keras\\lib\\unittest\\suite.py", line 84, in __call__\n    return self.run(*args, **kwds)\n  File "C:\\ProgramData\\Anaconda3\\envs\\keras\\lib\\unittest\\suite.py", line 122, in run\n    test(result)\n  File "C:\\ProgramData\\Anaconda3\\envs\\keras\\lib\\unittest\\suite.py", line 84, in __call__\n    return self.run(*args, **kwds)\n  File "C:\\ProgramData\\Anaconda3\\envs\\keras\\lib\\unittest\\suite.py", line 122, in run\n    test(result)\n  File "C:\\ProgramData\\Anaconda3\\envs\\keras\\lib\\unittest\\case.py", line 653, in __call__\n    return self.run(*args, **kwds)\n  File "C:\\ProgramData\\Anaconda3\\envs\\keras\\lib\\unittest\\case.py", line 605, in run\n    testMethod()\n  File "test_function_module.py", line 806, in test_multiple_functions\n    x, s = T.scalars(\'xs\')\n', 'TensorType(float64, scalar) expected a ndarray object.', 3, <class 'int'>)

======================================================================
ERROR: test_output_keys (__main__.T_picklefunction)
----------------------------------------------------------------------
Traceback (most recent call last):
  File "test_function_module.py", line 693, in test_output_keys
    o = f([2, 3, 4])
  File "C:\ProgramData\Anaconda3\envs\keras\lib\site-packages\theano\compile\function_module.py", line 813, in __call__
    allow_downcast=s.allow_downcast)
  File "C:\ProgramData\Anaconda3\envs\keras\lib\site-packages\theano\tensor\type.py", line 108, in filter
    data, type(data))
TypeError: ('Bad input argument to theano function with name "test_function_module.py:692" at index 0 (0-based).  \nBacktrace when that variable is created:\n\n  File "C:\\ProgramData\\Anaconda3\\envs\\keras\\lib\\unittest\\runner.py", line 176, in run\n    test(result)\n  File "C:\\ProgramData\\Anaconda3\\envs\\keras\\lib\\unittest\\suite.py", line 84, in __call__\n    return self.run(*args, **kwds)\n  File "C:\\ProgramData\\Anaconda3\\envs\\keras\\lib\\unittest\\suite.py", line 122, in run\n    test(result)\n  File "C:\\ProgramData\\Anaconda3\\envs\\keras\\lib\\unittest\\suite.py", line 84, in __call__\n    return self.run(*args, **kwds)\n  File "C:\\ProgramData\\Anaconda3\\envs\\keras\\lib\\unittest\\suite.py", line 122, in run\n    test(result)\n  File "C:\\ProgramData\\Anaconda3\\envs\\keras\\lib\\unittest\\case.py", line 653, in __call__\n    return self.run(*args, **kwds)\n  File "C:\\ProgramData\\Anaconda3\\envs\\keras\\lib\\unittest\\case.py", line 605, in run\n    testMethod()\n  File "test_function_module.py", line 691, in test_output_keys\n    x = T.vector()\n', 'TensorType(float64, vector) expected a ndarray object.', [2, 3, 4], <class 'list'>)

======================================================================
ERROR: test_pickle (__main__.T_picklefunction)
----------------------------------------------------------------------
Traceback (most recent call last):
  File "test_function_module.py", line 756, in test_pickle
    self.assertTrue(f(2, 1) == g(2))  # they should be in sync, default value should be copied.
  File "C:\ProgramData\Anaconda3\envs\keras\lib\site-packages\theano\compile\function_module.py", line 813, in __call__
    allow_downcast=s.allow_downcast)
  File "C:\ProgramData\Anaconda3\envs\keras\lib\site-packages\theano\tensor\type.py", line 108, in filter
    data, type(data))
TypeError: ('Bad input argument to theano function with name "test_function_module.py:730" at index 0 (0-based).  \nBacktrace when that variable is created:\n\n  File "C:\\ProgramData\\Anaconda3\\envs\\keras\\lib\\unittest\\runner.py", line 176, in run\n    test(result)\n  File "C:\\ProgramData\\Anaconda3\\envs\\keras\\lib\\unittest\\suite.py", line 84, in __call__\n    return self.run(*args, **kwds)\n  File "C:\\ProgramData\\Anaconda3\\envs\\keras\\lib\\unittest\\suite.py", line 122, in run\n    test(result)\n  File "C:\\ProgramData\\Anaconda3\\envs\\keras\\lib\\unittest\\suite.py", line 84, in __call__\n    return self.run(*args, **kwds)\n  File "C:\\ProgramData\\Anaconda3\\envs\\keras\\lib\\unittest\\suite.py", line 122, in run\n    test(result)\n  File "C:\\ProgramData\\Anaconda3\\envs\\keras\\lib\\unittest\\case.py", line 653, in __call__\n    return self.run(*args, **kwds)\n  File "C:\\ProgramData\\Anaconda3\\envs\\keras\\lib\\unittest\\case.py", line 605, in run\n    testMethod()\n  File "test_function_module.py", line 727, in test_pickle\n    x, s = T.scalars(\'xs\')\n', 'TensorType(float64, scalar) expected a ndarray object.', 2, <class 'int'>)

======================================================================
ERROR: test_pickle_class_with_functions (__main__.T_picklefunction)
----------------------------------------------------------------------
Traceback (most recent call last):
  File "test_function_module.py", line 934, in test_pickle_class_with_functions
    blah.f2(5)
  File "C:\ProgramData\Anaconda3\envs\keras\lib\site-packages\theano\compile\function_module.py", line 813, in __call__
    allow_downcast=s.allow_downcast)
  File "C:\ProgramData\Anaconda3\envs\keras\lib\site-packages\theano\tensor\type.py", line 108, in filter
    data, type(data))
TypeError: ('Bad input argument to theano function with name "test_function_module.py:957" at index 0 (0-based).  \nBacktrace when that variable is created:\n\n  File "C:\\ProgramData\\Anaconda3\\envs\\keras\\lib\\unittest\\suite.py", line 84, in __call__\n    return self.run(*args, **kwds)\n  File "C:\\ProgramData\\Anaconda3\\envs\\keras\\lib\\unittest\\suite.py", line 122, in run\n    test(result)\n  File "C:\\ProgramData\\Anaconda3\\envs\\keras\\lib\\unittest\\suite.py", line 84, in __call__\n    return self.run(*args, **kwds)\n  File "C:\\ProgramData\\Anaconda3\\envs\\keras\\lib\\unittest\\suite.py", line 122, in run\n    test(result)\n  File "C:\\ProgramData\\Anaconda3\\envs\\keras\\lib\\unittest\\case.py", line 653, in __call__\n    return self.run(*args, **kwds)\n  File "C:\\ProgramData\\Anaconda3\\envs\\keras\\lib\\unittest\\case.py", line 605, in run\n    testMethod()\n  File "test_function_module.py", line 919, in test_pickle_class_with_functions\n    blah = SomethingToPickle()\n  File "test_function_module.py", line 941, in __init__\n    x, s = T.scalars(\'xs\')\n', 'TensorType(float64, scalar) expected a ndarray object.', 5, <class 'int'>)

----------------------------------------------------------------------
Ran 41 tests in 5.580s

FAILED (errors=22, skipped=1)
