EEEE.EEEE.EE.EEEFEEEEEEE.EE..EE.E.E.EEE..
======================================================================
ERROR: test_borrow_input (__main__.T_function)
----------------------------------------------------------------------
Traceback (most recent call last):
  File "test_function_module.py", line 503, in test_borrow_input
    f = theano.function([In(a, borrow=False)], Out(a + 1, borrow=True))
  File "C:\ProgramData\Anaconda3\envs\keras\lib\site-packages\theano\compile\function.py", line 317, in function
    output_keys=output_keys)
  File "C:\ProgramData\Anaconda3\envs\keras\lib\site-packages\theano\compile\pfunc.py", line 461, in pfunc
    cloned_outputs = cloned_extended_outputs[0]
IndexError: list index out of range

======================================================================
ERROR: test_borrow_output (__main__.T_function)
----------------------------------------------------------------------
Traceback (most recent call last):
  File "test_function_module.py", line 514, in test_borrow_output
    f = function([a], Out(a, borrow=False))
  File "C:\ProgramData\Anaconda3\envs\keras\lib\site-packages\theano\compile\function.py", line 317, in function
    output_keys=output_keys)
  File "C:\ProgramData\Anaconda3\envs\keras\lib\site-packages\theano\compile\pfunc.py", line 461, in pfunc
    cloned_outputs = cloned_extended_outputs[0]
IndexError: list index out of range

======================================================================
ERROR: test_check_for_aliased_inputs (__main__.T_function)
----------------------------------------------------------------------
Traceback (most recent call last):
  File "test_function_module.py", line 603, in test_check_for_aliased_inputs
    f = theano.function(**d)
  File "C:\ProgramData\Anaconda3\envs\keras\lib\site-packages\theano\compile\function.py", line 317, in function
    output_keys=output_keys)
  File "C:\ProgramData\Anaconda3\envs\keras\lib\site-packages\theano\compile\pfunc.py", line 486, in pfunc
    output_keys=output_keys)
  File "C:\ProgramData\Anaconda3\envs\keras\lib\site-packages\theano\compile\function_module.py", line 1839, in orig_function
    name=name)
  File "C:\ProgramData\Anaconda3\envs\keras\lib\site-packages\theano\compile\function_module.py", line 1474, in __init__
    self._check_unused_inputs(inputs, outputs, on_unused_input)
  File "C:\ProgramData\Anaconda3\envs\keras\lib\site-packages\theano\compile\function_module.py", line 1627, in _check_unused_inputs
    i.variable, err_msg))
theano.compile.function_module.UnusedInputError: theano.function was asked to create a function computing outputs given certain inputs, but the provided input variable at index 0 is not part of the computational graph needed to compute the outputs: <TensorType(float64, vector)>.
To make this error into a warning, you can pass the parameter on_unused_input='warn' to theano.function. To disable it completely, use on_unused_input='ignore'.

======================================================================
ERROR: test_constant_output (__main__.T_function)
----------------------------------------------------------------------
Traceback (most recent call last):
  File "test_function_module.py", line 467, in test_constant_output
    f = theano.function([], theano.tensor.constant([4]))
  File "C:\ProgramData\Anaconda3\envs\keras\lib\site-packages\theano\compile\function.py", line 317, in function
    output_keys=output_keys)
  File "C:\ProgramData\Anaconda3\envs\keras\lib\site-packages\theano\compile\pfunc.py", line 461, in pfunc
    cloned_outputs = cloned_extended_outputs[0]
IndexError: list index out of range

======================================================================
ERROR: test_copy_delete_updates (__main__.T_function)
----------------------------------------------------------------------
Traceback (most recent call last):
  File "test_function_module.py", line 378, in test_copy_delete_updates
    ori = theano.function([x], out, mode=mode, updates={z: z * 2})
  File "C:\ProgramData\Anaconda3\envs\keras\lib\site-packages\theano\compile\function.py", line 317, in function
    output_keys=output_keys)
  File "C:\ProgramData\Anaconda3\envs\keras\lib\site-packages\theano\compile\pfunc.py", line 461, in pfunc
    cloned_outputs = cloned_extended_outputs[0]
IndexError: list index out of range

======================================================================
ERROR: test_copy_share_memory (__main__.T_function)
----------------------------------------------------------------------
Traceback (most recent call last):
  File "test_function_module.py", line 258, in test_copy_share_memory
    ori = theano.function([x], [out], mode=mode, updates={z: z + 1})
  File "C:\ProgramData\Anaconda3\envs\keras\lib\site-packages\theano\compile\function.py", line 317, in function
    output_keys=output_keys)
  File "C:\ProgramData\Anaconda3\envs\keras\lib\site-packages\theano\compile\pfunc.py", line 486, in pfunc
    output_keys=output_keys)
  File "C:\ProgramData\Anaconda3\envs\keras\lib\site-packages\theano\compile\function_module.py", line 1839, in orig_function
    name=name)
  File "C:\ProgramData\Anaconda3\envs\keras\lib\site-packages\theano\compile\function_module.py", line 1474, in __init__
    self._check_unused_inputs(inputs, outputs, on_unused_input)
  File "C:\ProgramData\Anaconda3\envs\keras\lib\site-packages\theano\compile\function_module.py", line 1627, in _check_unused_inputs
    i.variable, err_msg))
theano.compile.function_module.UnusedInputError: theano.function was asked to create a function computing outputs given certain inputs, but the provided input variable at index 0 is not part of the computational graph needed to compute the outputs: x.
To make this error into a warning, you can pass the parameter on_unused_input='warn' to theano.function. To disable it completely, use on_unused_input='ignore'.

======================================================================
ERROR: test_default_values (__main__.T_function)
----------------------------------------------------------------------
Traceback (most recent call last):
  File "test_function_module.py", line 583, in test_default_values
    func = theano.function([theano.In(a, name='first'), theano.In(b, value=1, name='second')], c)
  File "C:\ProgramData\Anaconda3\envs\keras\lib\site-packages\theano\compile\function.py", line 317, in function
    output_keys=output_keys)
  File "C:\ProgramData\Anaconda3\envs\keras\lib\site-packages\theano\compile\pfunc.py", line 461, in pfunc
    cloned_outputs = cloned_extended_outputs[0]
IndexError: list index out of range

======================================================================
ERROR: test_disconnected_input (__main__.T_function)
----------------------------------------------------------------------
Traceback (most recent call last):
  File "test_function_module.py", line 540, in test_disconnected_input
    self.assertRaises(UnusedInputError, function, [a, v], v * 2)
  File "C:\ProgramData\Anaconda3\envs\keras\lib\unittest\case.py", line 733, in assertRaises
    return context.handle('assertRaises', args, kwargs)
  File "C:\ProgramData\Anaconda3\envs\keras\lib\unittest\case.py", line 178, in handle
    callable_obj(*args, **kwargs)
  File "C:\ProgramData\Anaconda3\envs\keras\lib\site-packages\theano\compile\function.py", line 317, in function
    output_keys=output_keys)
  File "C:\ProgramData\Anaconda3\envs\keras\lib\site-packages\theano\compile\pfunc.py", line 461, in pfunc
    cloned_outputs = cloned_extended_outputs[0]
IndexError: list index out of range

======================================================================
ERROR: test_extra_inputs (__main__.T_function)
----------------------------------------------------------------------
Traceback (most recent call last):
  File "test_function_module.py", line 57, in test_extra_inputs
    fn = function([x], [x])
  File "C:\ProgramData\Anaconda3\envs\keras\lib\site-packages\theano\compile\function.py", line 317, in function
    output_keys=output_keys)
  File "C:\ProgramData\Anaconda3\envs\keras\lib\site-packages\theano\compile\pfunc.py", line 486, in pfunc
    output_keys=output_keys)
  File "C:\ProgramData\Anaconda3\envs\keras\lib\site-packages\theano\compile\function_module.py", line 1839, in orig_function
    name=name)
  File "C:\ProgramData\Anaconda3\envs\keras\lib\site-packages\theano\compile\function_module.py", line 1474, in __init__
    self._check_unused_inputs(inputs, outputs, on_unused_input)
  File "C:\ProgramData\Anaconda3\envs\keras\lib\site-packages\theano\compile\function_module.py", line 1627, in _check_unused_inputs
    i.variable, err_msg))
theano.compile.function_module.UnusedInputError: theano.function was asked to create a function computing outputs given certain inputs, but the provided input variable at index 0 is not part of the computational graph needed to compute the outputs: x.
To make this error into a warning, you can pass the parameter on_unused_input='warn' to theano.function. To disable it completely, use on_unused_input='ignore'.

======================================================================
ERROR: test_free (__main__.T_function)
----------------------------------------------------------------------
Traceback (most recent call last):
  File "test_function_module.py", line 561, in test_free
    func = function([x], x + 1)
  File "C:\ProgramData\Anaconda3\envs\keras\lib\site-packages\theano\compile\function.py", line 317, in function
    output_keys=output_keys)
  File "C:\ProgramData\Anaconda3\envs\keras\lib\site-packages\theano\compile\pfunc.py", line 461, in pfunc
    cloned_outputs = cloned_extended_outputs[0]
IndexError: list index out of range

======================================================================
ERROR: test_input_anon_singleton (__main__.T_function)
----------------------------------------------------------------------
Traceback (most recent call last):
  File "test_function_module.py", line 112, in test_input_anon_singleton
    fn = function([s, x], [x + s])
  File "C:\ProgramData\Anaconda3\envs\keras\lib\site-packages\theano\compile\function.py", line 317, in function
    output_keys=output_keys)
  File "C:\ProgramData\Anaconda3\envs\keras\lib\site-packages\theano\compile\pfunc.py", line 486, in pfunc
    output_keys=output_keys)
  File "C:\ProgramData\Anaconda3\envs\keras\lib\site-packages\theano\compile\function_module.py", line 1839, in orig_function
    name=name)
  File "C:\ProgramData\Anaconda3\envs\keras\lib\site-packages\theano\compile\function_module.py", line 1474, in __init__
    self._check_unused_inputs(inputs, outputs, on_unused_input)
  File "C:\ProgramData\Anaconda3\envs\keras\lib\site-packages\theano\compile\function_module.py", line 1627, in _check_unused_inputs
    i.variable, err_msg))
theano.compile.function_module.UnusedInputError: theano.function was asked to create a function computing outputs given certain inputs, but the provided input variable at index 0 is not part of the computational graph needed to compute the outputs: s.
To make this error into a warning, you can pass the parameter on_unused_input='warn' to theano.function. To disable it completely, use on_unused_input='ignore'.

======================================================================
ERROR: test_input_anon_unpack (__main__.T_function)
----------------------------------------------------------------------
Traceback (most recent call last):
  File "test_function_module.py", line 119, in test_input_anon_unpack
    fn = function([s, x], x + s)
  File "C:\ProgramData\Anaconda3\envs\keras\lib\site-packages\theano\compile\function.py", line 317, in function
    output_keys=output_keys)
  File "C:\ProgramData\Anaconda3\envs\keras\lib\site-packages\theano\compile\pfunc.py", line 461, in pfunc
    cloned_outputs = cloned_extended_outputs[0]
IndexError: list index out of range

======================================================================
ERROR: test_masked_input (__main__.T_function)
----------------------------------------------------------------------
Traceback (most recent call last):
  File "test_function_module.py", line 547, in test_masked_input
    self.assertRaises(UnusedInputError, function, [m, mt], mt * 2)
  File "C:\ProgramData\Anaconda3\envs\keras\lib\unittest\case.py", line 733, in assertRaises
    return context.handle('assertRaises', args, kwargs)
  File "C:\ProgramData\Anaconda3\envs\keras\lib\unittest\case.py", line 178, in handle
    callable_obj(*args, **kwargs)
  File "C:\ProgramData\Anaconda3\envs\keras\lib\site-packages\theano\compile\function.py", line 317, in function
    output_keys=output_keys)
  File "C:\ProgramData\Anaconda3\envs\keras\lib\site-packages\theano\compile\pfunc.py", line 461, in pfunc
    cloned_outputs = cloned_extended_outputs[0]
IndexError: list index out of range

======================================================================
ERROR: test_naming_rule0 (__main__.T_function)
----------------------------------------------------------------------
Traceback (most recent call last):
  File "test_function_module.py", line 124, in test_naming_rule0
    f = function([x, s], x / s)
  File "C:\ProgramData\Anaconda3\envs\keras\lib\site-packages\theano\compile\function.py", line 317, in function
    output_keys=output_keys)
  File "C:\ProgramData\Anaconda3\envs\keras\lib\site-packages\theano\compile\pfunc.py", line 461, in pfunc
    cloned_outputs = cloned_extended_outputs[0]
IndexError: list index out of range

======================================================================
ERROR: test_naming_rule1 (__main__.T_function)
----------------------------------------------------------------------
Traceback (most recent call last):
  File "test_function_module.py", line 137, in test_naming_rule1
    f = function([a, s], a / s)
  File "C:\ProgramData\Anaconda3\envs\keras\lib\site-packages\theano\compile\function.py", line 317, in function
    output_keys=output_keys)
  File "C:\ProgramData\Anaconda3\envs\keras\lib\site-packages\theano\compile\pfunc.py", line 461, in pfunc
    cloned_outputs = cloned_extended_outputs[0]
IndexError: list index out of range

======================================================================
ERROR: test_naming_rule2 (__main__.T_function)
----------------------------------------------------------------------
Traceback (most recent call last):
  File "test_function_module.py", line 150, in test_naming_rule2
    f = function([x, a, s], a / s, on_unused_input='ignore')
  File "C:\ProgramData\Anaconda3\envs\keras\lib\site-packages\theano\compile\function.py", line 317, in function
    output_keys=output_keys)
  File "C:\ProgramData\Anaconda3\envs\keras\lib\site-packages\theano\compile\pfunc.py", line 461, in pfunc
    cloned_outputs = cloned_extended_outputs[0]
IndexError: list index out of range

======================================================================
ERROR: test_naming_rule3 (__main__.T_function)
----------------------------------------------------------------------
Traceback (most recent call last):
  File "test_function_module.py", line 162, in test_naming_rule3
    f = function([x, In(a, value=1.0), s], a / s + x)
  File "C:\ProgramData\Anaconda3\envs\keras\lib\site-packages\theano\compile\function.py", line 317, in function
    output_keys=output_keys)
  File "C:\ProgramData\Anaconda3\envs\keras\lib\site-packages\theano\compile\pfunc.py", line 461, in pfunc
    cloned_outputs = cloned_extended_outputs[0]
IndexError: list index out of range

======================================================================
ERROR: test_naming_rule4 (__main__.T_function)
----------------------------------------------------------------------
Traceback (most recent call last):
  File "test_function_module.py", line 175, in test_naming_rule4
    f = function([x, In(a, value=1.0, name='a'), s], a / s + x)
  File "C:\ProgramData\Anaconda3\envs\keras\lib\site-packages\theano\compile\function.py", line 317, in function
    output_keys=output_keys)
  File "C:\ProgramData\Anaconda3\envs\keras\lib\site-packages\theano\compile\pfunc.py", line 461, in pfunc
    cloned_outputs = cloned_extended_outputs[0]
IndexError: list index out of range

======================================================================
ERROR: test_none (__main__.T_function)
----------------------------------------------------------------------
Traceback (most recent call last):
  File "test_function_module.py", line 43, in test_none
    fn = function([], None)  # ok
  File "C:\ProgramData\Anaconda3\envs\keras\lib\site-packages\theano\compile\function.py", line 317, in function
    output_keys=output_keys)
  File "C:\ProgramData\Anaconda3\envs\keras\lib\site-packages\theano\compile\pfunc.py", line 449, in pfunc
    no_default_updates=no_default_updates)
  File "C:\ProgramData\Anaconda3\envs\keras\lib\site-packages\theano\compile\pfunc.py", line 228, in rebuild_collect_shared
    ' of type ' + str(type(v)))
TypeError: Outputs must be theano Variable or Out instances. Received None of type <class 'NoneType'>

======================================================================
ERROR: test_same_names (__main__.T_function)
----------------------------------------------------------------------
Traceback (most recent call last):
  File "test_function_module.py", line 209, in test_same_names
    f = function([a, x, s], a + x + s)
  File "C:\ProgramData\Anaconda3\envs\keras\lib\site-packages\theano\compile\function.py", line 317, in function
    output_keys=output_keys)
  File "C:\ProgramData\Anaconda3\envs\keras\lib\site-packages\theano\compile\pfunc.py", line 461, in pfunc
    cloned_outputs = cloned_extended_outputs[0]
IndexError: list index out of range

======================================================================
ERROR: test_shared_state1 (__main__.T_function)
----------------------------------------------------------------------
Traceback (most recent call last):
  File "test_function_module.py", line 419, in test_shared_state1
    In(s, value=f.container[s])], s + a * x)
  File "C:\ProgramData\Anaconda3\envs\keras\lib\site-packages\theano\compile\function.py", line 317, in function
    output_keys=output_keys)
  File "C:\ProgramData\Anaconda3\envs\keras\lib\site-packages\theano\compile\pfunc.py", line 461, in pfunc
    cloned_outputs = cloned_extended_outputs[0]
IndexError: list index out of range

======================================================================
ERROR: test_shared_state2 (__main__.T_function)
----------------------------------------------------------------------
Traceback (most recent call last):
  File "test_function_module.py", line 435, in test_shared_state2
    g = function([x, In(a, value=1.0, name='a'), In(s, value=f.container[s])], s + a * x)
  File "C:\ProgramData\Anaconda3\envs\keras\lib\site-packages\theano\compile\function.py", line 317, in function
    output_keys=output_keys)
  File "C:\ProgramData\Anaconda3\envs\keras\lib\site-packages\theano\compile\pfunc.py", line 461, in pfunc
    cloned_outputs = cloned_extended_outputs[0]
IndexError: list index out of range

======================================================================
ERROR: test_swap_SharedVariable (__main__.T_function)
----------------------------------------------------------------------
Traceback (most recent call last):
  File "test_function_module.py", line 305, in test_swap_SharedVariable
    givens={x: x_list[i]})
  File "C:\ProgramData\Anaconda3\envs\keras\lib\site-packages\theano\compile\function.py", line 317, in function
    output_keys=output_keys)
  File "C:\ProgramData\Anaconda3\envs\keras\lib\site-packages\theano\compile\pfunc.py", line 486, in pfunc
    output_keys=output_keys)
  File "C:\ProgramData\Anaconda3\envs\keras\lib\site-packages\theano\compile\function_module.py", line 1839, in orig_function
    name=name)
  File "C:\ProgramData\Anaconda3\envs\keras\lib\site-packages\theano\compile\function_module.py", line 1474, in __init__
    self._check_unused_inputs(inputs, outputs, on_unused_input)
  File "C:\ProgramData\Anaconda3\envs\keras\lib\site-packages\theano\compile\function_module.py", line 1627, in _check_unused_inputs
    i.variable, err_msg))
theano.compile.function_module.UnusedInputError: theano.function was asked to create a function computing outputs given certain inputs, but the provided input variable at index 0 is not part of the computational graph needed to compute the outputs: <TensorType(int32, scalar)>.
To make this error into a warning, you can pass the parameter on_unused_input='warn' to theano.function. To disable it completely, use on_unused_input='ignore'.

======================================================================
ERROR: test_swap_SharedVariable_with_given (__main__.T_function)
----------------------------------------------------------------------
Traceback (most recent call last):
  File "test_function_module.py", line 357, in test_swap_SharedVariable_with_given
    updates={train_x: train_x + 0.1})
  File "C:\ProgramData\Anaconda3\envs\keras\lib\site-packages\theano\compile\function.py", line 317, in function
    output_keys=output_keys)
  File "C:\ProgramData\Anaconda3\envs\keras\lib\site-packages\theano\compile\pfunc.py", line 461, in pfunc
    cloned_outputs = cloned_extended_outputs[0]
IndexError: list index out of range

======================================================================
ERROR: test_broken_pickle_with_shared (__main__.T_picklefunction)
----------------------------------------------------------------------
Traceback (most recent call last):
  File "test_function_module.py", line 897, in test_broken_pickle_with_shared
    f = theano.function([x], theano.tensor.dot(x, y))
  File "C:\ProgramData\Anaconda3\envs\keras\lib\site-packages\theano\compile\function.py", line 317, in function
    output_keys=output_keys)
  File "C:\ProgramData\Anaconda3\envs\keras\lib\site-packages\theano\compile\pfunc.py", line 461, in pfunc
    cloned_outputs = cloned_extended_outputs[0]
IndexError: list index out of range

======================================================================
ERROR: test_deepcopy_shared_container (__main__.T_picklefunction)
----------------------------------------------------------------------
Traceback (most recent call last):
  File "test_function_module.py", line 705, in test_deepcopy_shared_container
    h = function([In(a, value=0.0)], a)
  File "C:\ProgramData\Anaconda3\envs\keras\lib\site-packages\theano\compile\function.py", line 317, in function
    output_keys=output_keys)
  File "C:\ProgramData\Anaconda3\envs\keras\lib\site-packages\theano\compile\pfunc.py", line 461, in pfunc
    cloned_outputs = cloned_extended_outputs[0]
IndexError: list index out of range

======================================================================
ERROR: test_multiple_functions (__main__.T_picklefunction)
----------------------------------------------------------------------
Traceback (most recent call last):
  File "test_function_module.py", line 831, in test_multiple_functions
    f3 = function([x, In(v, value=v_value)], x + v)
  File "C:\ProgramData\Anaconda3\envs\keras\lib\site-packages\theano\compile\function.py", line 317, in function
    output_keys=output_keys)
  File "C:\ProgramData\Anaconda3\envs\keras\lib\site-packages\theano\compile\pfunc.py", line 461, in pfunc
    cloned_outputs = cloned_extended_outputs[0]
IndexError: list index out of range

======================================================================
ERROR: test_optimizations_preserved (__main__.T_picklefunction)
----------------------------------------------------------------------
Traceback (most recent call last):
  File "test_function_module.py", line 768, in test_optimizations_preserved
    f = function([a, x, s, xm, sm], ((a.T.T) * (tensor.dot(xm, (sm.T.T.T)) + x).T * (x / x) + s))
  File "C:\ProgramData\Anaconda3\envs\keras\lib\site-packages\theano\compile\function.py", line 317, in function
    output_keys=output_keys)
  File "C:\ProgramData\Anaconda3\envs\keras\lib\site-packages\theano\compile\pfunc.py", line 461, in pfunc
    cloned_outputs = cloned_extended_outputs[0]
IndexError: list index out of range

======================================================================
ERROR: test_output_keys (__main__.T_picklefunction)
----------------------------------------------------------------------
Traceback (most recent call last):
  File "test_function_module.py", line 692, in test_output_keys
    f = theano.function([x], {'vec': x**2})
  File "C:\ProgramData\Anaconda3\envs\keras\lib\site-packages\theano\compile\function.py", line 317, in function
    output_keys=output_keys)
  File "C:\ProgramData\Anaconda3\envs\keras\lib\site-packages\theano\compile\pfunc.py", line 486, in pfunc
    output_keys=output_keys)
  File "C:\ProgramData\Anaconda3\envs\keras\lib\site-packages\theano\compile\function_module.py", line 1839, in orig_function
    name=name)
  File "C:\ProgramData\Anaconda3\envs\keras\lib\site-packages\theano\compile\function_module.py", line 1474, in __init__
    self._check_unused_inputs(inputs, outputs, on_unused_input)
  File "C:\ProgramData\Anaconda3\envs\keras\lib\site-packages\theano\compile\function_module.py", line 1627, in _check_unused_inputs
    i.variable, err_msg))
theano.compile.function_module.UnusedInputError: theano.function was asked to create a function computing outputs given certain inputs, but the provided input variable at index 0 is not part of the computational graph needed to compute the outputs: <TensorType(float64, vector)>.
To make this error into a warning, you can pass the parameter on_unused_input='warn' to theano.function. To disable it completely, use on_unused_input='ignore'.

======================================================================
FAIL: test_missing_inputs (__main__.T_function)
----------------------------------------------------------------------
Traceback (most recent call last):
  File "test_function_module.py", line 65, in test_missing_inputs
    checkfor(self, fn, MissingInputError)
  File "test_function_module.py", line 38, in checkfor
    testcase.fail()
AssertionError: None

----------------------------------------------------------------------
Ran 41 tests in 2.843s

FAILED (failures=1, errors=29)
