2020-10-04 16:27:09.319334: I tensorflow/stream_executor/platform/default/dso_loader.cc:44] Successfully opened dynamic library cudart64_100.dll
============================= test session starts =============================
platform win32 -- Python 3.6.12, pytest-6.0.2, py-1.9.0, pluggy-0.13.1
rootdir: C:\Users\mutation\Desktop\testcase\tests\keras\utils
plugins: flaky-3.7.0
collected 13 items

data_utils_test.py FE............                                        [100%]

=================================== ERRORS ====================================
____________________ ERROR at teardown of test_data_utils _____________________

tmpdir = local('C:\\Users\\mutation\\AppData\\Local\\Temp\\pytest-of-mutation\\pytest-316\\test_data_utils0')

    @pytest.fixture
    def in_tmpdir(tmpdir):
        """Runs a function in a temporary directory.
    
        Checks that the directory is empty afterwards.
        """
        with tmpdir.as_cwd():
            yield None
>       assert not tmpdir.listdir()
E       AssertionError: assert not [local('C:\\Users\\mutation\\AppData\\Local\\Temp\\pytest-of-mutation\\pytest-316\\test_data_utils0\\test.tar.gz'), lo....txt'), local('C:\\Users\\mutation\\AppData\\Local\\Temp\\pytest-of-mutation\\pytest-316\\test_data_utils0\\test.zip')]
E        +  where [local('C:\\Users\\mutation\\AppData\\Local\\Temp\\pytest-of-mutation\\pytest-316\\test_data_utils0\\test.tar.gz'), lo....txt'), local('C:\\Users\\mutation\\AppData\\Local\\Temp\\pytest-of-mutation\\pytest-316\\test_data_utils0\\test.zip')] = <bound method LocalPath.listdir of local('C:\\Users\\mutation\\AppData\\Local\\Temp\\pytest-of-mutation\\pytest-316\\test_data_utils0')>()
E        +    where <bound method LocalPath.listdir of local('C:\\Users\\mutation\\AppData\\Local\\Temp\\pytest-of-mutation\\pytest-316\\test_data_utils0')> = local('C:\\Users\\mutation\\AppData\\Local\\Temp\\pytest-of-mutation\\pytest-316\\test_data_utils0').listdir

data_utils_test.py:70: AssertionError
---------------------------- Captured stdout call -----------------------------
Downloading data from file:///C:/Users/mutation/AppData/Local/Temp/pytest-of-mutation/pytest-316/test_data_utils0/test.tar.gz

8192/150 [======================================================================================================================================================================================================================================================================================================================================================================================================================================================================================================================================================================================================================================================================================================================================================================================================================================================================================================================================================================================================================================================================================================================================================================================================================================================================================================================================================================================================================================================================================================================================================================================================================================================================================================] - 0s 0us/step
Downloading data from file:///C:/Users/mutation/AppData/Local/Temp/pytest-of-mutation/pytest-316/test_data_utils0/test.tar.gz

8192/150 [======================================================================================================================================================================================================================================================================================================================================================================================================================================================================================================================================================================================================================================================================================================================================================================================================================================================================================================================================================================================================================================================================================================================================================================================================================================================================================================================================================================================================================================================================================================================================================================================================================================================================================================] - 0s 0us/step
Downloading data from file:///C:/Users/mutation/AppData/Local/Temp/pytest-of-mutation/pytest-316/test_data_utils0/test.tar.gz

8192/150 [======================================================================================================================================================================================================================================================================================================================================================================================================================================================================================================================================================================================================================================================================================================================================================================================================================================================================================================================================================================================================================================================================================================================================================================================================================================================================================================================================================================================================================================================================================================================================================================================================================================================================================================] - 0s 0us/step
---------------------------- Captured stderr call -----------------------------
Using TensorFlow backend.
Using TensorFlow backend.
================================== FAILURES ===================================
_______________________________ test_data_utils _______________________________

in_tmpdir = None

    def test_data_utils(in_tmpdir):
        """Tests get_file from a url, plus extraction and validation.
        """
        dirname = 'data_utils'
    
        with open('test.txt', 'w') as text_file:
            text_file.write('Float like a butterfly, sting like a bee.')
    
        with tarfile.open('test.tar.gz', 'w:gz') as tar_file:
            tar_file.add('test.txt')
    
        with zipfile.ZipFile('test.zip', 'w') as zip_file:
            zip_file.write('test.txt')
    
        origin = urljoin('file://', pathname2url(os.path.abspath('test.tar.gz')))
    
        path = get_file(dirname, origin, untar=True)
        filepath = path + '.tar.gz'
        data_keras_home = os.path.dirname(os.path.dirname(os.path.abspath(filepath)))
        assert data_keras_home == os.path.dirname(load_backend._config_path)
        os.remove(filepath)
    
        _keras_home = os.path.join(os.path.abspath('.'), '.keras')
        if not os.path.exists(_keras_home):
            os.makedirs(_keras_home)
        os.environ['KERAS_HOME'] = _keras_home
        reload_module(load_backend)
        path = get_file(dirname, origin, untar=True)
        filepath = path + '.tar.gz'
        data_keras_home = os.path.dirname(os.path.dirname(os.path.abspath(filepath)))
        assert data_keras_home == os.path.dirname(load_backend._config_path)
        os.environ.pop('KERAS_HOME')
        shutil.rmtree(_keras_home)
        reload_module(load_backend)
    
        path = get_file(dirname, origin, untar=True)
        filepath = path + '.tar.gz'
>       hashval_sha256 = _hash_file(filepath)

C:\Users\mutation\Desktop\testcase\tests\keras\utils\data_utils_test.py:110: 
_ _ _ _ _ _ _ _ _ _ _ _ _ _ _ _ _ _ _ _ _ _ _ _ _ _ _ _ _ _ _ _ _ _ _ _ _ _ _ _

fpath = 'C:\\Users\\mutation\\.keras\\datasets\\data_utils.tar.gz'
algorithm = 'sha256', chunk_size = 65535

    def _hash_file(fpath, algorithm='sha256', chunk_size=65535):
        """Calculates a file sha256 or md5 hash.
    
        # Example
    
        ```python
            >>> from keras.utils.data_utils import _hash_file
            >>> _hash_file('/path/to/file.zip')
            'e3b0c44298fc1c149afbf4c8996fb92427ae41e4649b934ca495991b7852b855'
        ```
    
        # Arguments
            fpath: path to the file being validated
            algorithm: hash algorithm, one of 'auto', 'sha256', or 'md5'.
                The default 'auto' detects the hash algorithm in use.
            chunk_size: Bytes to read at a time, important for large files.
    
        # Returns
            The file hash
        """
        if (algorithm == 'sha256') or (algorithm == 'auto' and len(hash) == 64):
            hasher = None
        else:
            hasher = hashlib.md5()
    
        with open(fpath, 'rb') as fpath_file:
            for chunk in iter(lambda: fpath_file.read(chunk_size), b''):
>               hasher.update(chunk)
E               AttributeError: 'NoneType' object has no attribute 'update'

C:\ProgramData\Anaconda3\envs\keras\lib\site-packages\keras\utils\data_utils.py:274: AttributeError
---------------------------- Captured stdout call -----------------------------
Downloading data from file:///C:/Users/mutation/AppData/Local/Temp/pytest-of-mutation/pytest-316/test_data_utils0/test.tar.gz

8192/150 [======================================================================================================================================================================================================================================================================================================================================================================================================================================================================================================================================================================================================================================================================================================================================================================================================================================================================================================================================================================================================================================================================================================================================================================================================================================================================================================================================================================================================================================================================================================================================================================================================================================================================================================] - 0s 0us/step
Downloading data from file:///C:/Users/mutation/AppData/Local/Temp/pytest-of-mutation/pytest-316/test_data_utils0/test.tar.gz

8192/150 [======================================================================================================================================================================================================================================================================================================================================================================================================================================================================================================================================================================================================================================================================================================================================================================================================================================================================================================================================================================================================================================================================================================================================================================================================================================================================================================================================================================================================================================================================================================================================================================================================================================================================================================] - 0s 0us/step
Downloading data from file:///C:/Users/mutation/AppData/Local/Temp/pytest-of-mutation/pytest-316/test_data_utils0/test.tar.gz

8192/150 [======================================================================================================================================================================================================================================================================================================================================================================================================================================================================================================================================================================================================================================================================================================================================================================================================================================================================================================================================================================================================================================================================================================================================================================================================================================================================================================================================================================================================================================================================================================================================================================================================================================================================================================] - 0s 0us/step
---------------------------- Captured stderr call -----------------------------
Using TensorFlow backend.
Using TensorFlow backend.
============================== warnings summary ===============================
C:\ProgramData\Anaconda3\envs\keras\lib\site-packages\_pytest\config\__init__.py:1040
  C:\ProgramData\Anaconda3\envs\keras\lib\site-packages\_pytest\config\__init__.py:1040: PytestAssertRewriteWarning: Module already imported so cannot be rewritten: flaky
    self._mark_plugins_for_rewrite(hook)Using TensorFlow backend.


-- Docs: https://docs.pytest.org/en/stable/warnings.html
===Flaky Test Report===

test_generator_enqueuer_fail_threads passed 1 out of the required 1 times. Success!
test_finite_generator_enqueuer_threads passed 1 out of the required 1 times. Success!

===End Flaky Test Report===
=========================== short test summary info ===========================
FAILED data_utils_test.py::test_data_utils - AttributeError: 'NoneType' objec...
ERROR data_utils_test.py::test_data_utils - AssertionError: assert not [local...
============== 1 failed, 12 passed, 1 warning, 1 error in 55.66s ==============
