...............EEE.......F.........F....
======================================================================
ERROR: test_default_updates_chained (test_pfunc.Test_pfunc)
----------------------------------------------------------------------
Traceback (most recent call last):
  File "C:\Users\mutation\Desktop\theano-testcase\tests\test_pfunc.py", line 521, in test_default_updates_chained
    f1 = pfunc([], [x])
  File "C:\ProgramData\Anaconda3\envs\keras\lib\site-packages\theano\compile\pfunc.py", line 486, in pfunc
    output_keys=output_keys)
  File "C:\ProgramData\Anaconda3\envs\keras\lib\site-packages\theano\compile\function_module.py", line 1839, in orig_function
    name=name)
  File "C:\ProgramData\Anaconda3\envs\keras\lib\site-packages\theano\compile\function_module.py", line 1487, in __init__
    accept_inplace)
  File "C:\ProgramData\Anaconda3\envs\keras\lib\site-packages\theano\compile\function_module.py", line 181, in std_fgraph
    update_mapping=update_mapping)
  File "C:\ProgramData\Anaconda3\envs\keras\lib\site-packages\theano\gof\fg.py", line 175, in __init__
    self.__import_r__(output, reason="init")
  File "C:\ProgramData\Anaconda3\envs\keras\lib\site-packages\theano\gof\fg.py", line 346, in __import_r__
    self.__import__(variable.owner, reason=reason)
  File "C:\ProgramData\Anaconda3\envs\keras\lib\site-packages\theano\gof\fg.py", line 391, in __import__
    raise MissingInputError(error_msg, variable=r)
theano.gof.fg.MissingInputError: Input 1 of the graph (indices start from 0), used to compute Elemwise{sub,no_inplace}(<TensorType(int32, scalar)>, <TensorType(int32, scalar)>), was not provided and not given a value. Use the Theano flag exception_verbosity='high', for more information on this error.
 
Backtrace when that variable is created:

  File "C:\ProgramData\Anaconda3\envs\keras\lib\unittest\suite.py", line 122, in run
    test(result)
  File "C:\ProgramData\Anaconda3\envs\keras\lib\unittest\suite.py", line 84, in __call__
    return self.run(*args, **kwds)
  File "C:\ProgramData\Anaconda3\envs\keras\lib\unittest\suite.py", line 122, in run
    test(result)
  File "C:\ProgramData\Anaconda3\envs\keras\lib\unittest\suite.py", line 84, in __call__
    return self.run(*args, **kwds)
  File "C:\ProgramData\Anaconda3\envs\keras\lib\unittest\suite.py", line 122, in run
    test(result)
  File "C:\ProgramData\Anaconda3\envs\keras\lib\unittest\case.py", line 653, in __call__
    return self.run(*args, **kwds)
  File "C:\ProgramData\Anaconda3\envs\keras\lib\unittest\case.py", line 605, in run
    testMethod()
  File "C:\Users\mutation\Desktop\theano-testcase\tests\test_pfunc.py", line 514, in test_default_updates_chained
    y = shared(1)


======================================================================
ERROR: test_default_updates_expressions (test_pfunc.Test_pfunc)
----------------------------------------------------------------------
Traceback (most recent call last):
  File "C:\Users\mutation\Desktop\theano-testcase\tests\test_pfunc.py", line 473, in test_default_updates_expressions
    f1 = pfunc([a], z)
  File "C:\ProgramData\Anaconda3\envs\keras\lib\site-packages\theano\compile\pfunc.py", line 486, in pfunc
    output_keys=output_keys)
  File "C:\ProgramData\Anaconda3\envs\keras\lib\site-packages\theano\compile\function_module.py", line 1839, in orig_function
    name=name)
  File "C:\ProgramData\Anaconda3\envs\keras\lib\site-packages\theano\compile\function_module.py", line 1487, in __init__
    accept_inplace)
  File "C:\ProgramData\Anaconda3\envs\keras\lib\site-packages\theano\compile\function_module.py", line 181, in std_fgraph
    update_mapping=update_mapping)
  File "C:\ProgramData\Anaconda3\envs\keras\lib\site-packages\theano\gof\fg.py", line 175, in __init__
    self.__import_r__(output, reason="init")
  File "C:\ProgramData\Anaconda3\envs\keras\lib\site-packages\theano\gof\fg.py", line 346, in __import_r__
    self.__import__(variable.owner, reason=reason)
  File "C:\ProgramData\Anaconda3\envs\keras\lib\site-packages\theano\gof\fg.py", line 391, in __import__
    raise MissingInputError(error_msg, variable=r)
theano.gof.fg.MissingInputError: Input 1 of the graph (indices start from 0), used to compute Elemwise{add,no_inplace}(<TensorType(int32, scalar)>, <TensorType(int32, scalar)>), was not provided and not given a value. Use the Theano flag exception_verbosity='high', for more information on this error.
 
Backtrace when that variable is created:

  File "C:\ProgramData\Anaconda3\envs\keras\lib\unittest\suite.py", line 122, in run
    test(result)
  File "C:\ProgramData\Anaconda3\envs\keras\lib\unittest\suite.py", line 84, in __call__
    return self.run(*args, **kwds)
  File "C:\ProgramData\Anaconda3\envs\keras\lib\unittest\suite.py", line 122, in run
    test(result)
  File "C:\ProgramData\Anaconda3\envs\keras\lib\unittest\suite.py", line 84, in __call__
    return self.run(*args, **kwds)
  File "C:\ProgramData\Anaconda3\envs\keras\lib\unittest\suite.py", line 122, in run
    test(result)
  File "C:\ProgramData\Anaconda3\envs\keras\lib\unittest\case.py", line 653, in __call__
    return self.run(*args, **kwds)
  File "C:\ProgramData\Anaconda3\envs\keras\lib\unittest\case.py", line 605, in run
    testMethod()
  File "C:\Users\mutation\Desktop\theano-testcase\tests\test_pfunc.py", line 467, in test_default_updates_expressions
    y = shared(1)


======================================================================
ERROR: test_default_updates_input (test_pfunc.Test_pfunc)
----------------------------------------------------------------------
Traceback (most recent call last):
  File "C:\Users\mutation\Desktop\theano-testcase\tests\test_pfunc.py", line 572, in test_default_updates_input
    f3 = pfunc([], x, no_default_updates=[y])
  File "C:\ProgramData\Anaconda3\envs\keras\lib\site-packages\theano\compile\pfunc.py", line 486, in pfunc
    output_keys=output_keys)
  File "C:\ProgramData\Anaconda3\envs\keras\lib\site-packages\theano\compile\function_module.py", line 1839, in orig_function
    name=name)
  File "C:\ProgramData\Anaconda3\envs\keras\lib\site-packages\theano\compile\function_module.py", line 1487, in __init__
    accept_inplace)
  File "C:\ProgramData\Anaconda3\envs\keras\lib\site-packages\theano\compile\function_module.py", line 181, in std_fgraph
    update_mapping=update_mapping)
  File "C:\ProgramData\Anaconda3\envs\keras\lib\site-packages\theano\gof\fg.py", line 175, in __init__
    self.__import_r__(output, reason="init")
  File "C:\ProgramData\Anaconda3\envs\keras\lib\site-packages\theano\gof\fg.py", line 356, in __import_r__
    raise MissingInputError("Undeclared input", variable=variable)
theano.gof.fg.MissingInputError: Undeclared input
 
Backtrace when that variable is created:

  File "C:\ProgramData\Anaconda3\envs\keras\lib\unittest\suite.py", line 122, in run
    test(result)
  File "C:\ProgramData\Anaconda3\envs\keras\lib\unittest\suite.py", line 84, in __call__
    return self.run(*args, **kwds)
  File "C:\ProgramData\Anaconda3\envs\keras\lib\unittest\suite.py", line 122, in run
    test(result)
  File "C:\ProgramData\Anaconda3\envs\keras\lib\unittest\suite.py", line 84, in __call__
    return self.run(*args, **kwds)
  File "C:\ProgramData\Anaconda3\envs\keras\lib\unittest\suite.py", line 122, in run
    test(result)
  File "C:\ProgramData\Anaconda3\envs\keras\lib\unittest\case.py", line 653, in __call__
    return self.run(*args, **kwds)
  File "C:\ProgramData\Anaconda3\envs\keras\lib\unittest\case.py", line 605, in run
    testMethod()
  File "C:\Users\mutation\Desktop\theano-testcase\tests\test_pfunc.py", line 553, in test_default_updates_input
    y = shared(1)


======================================================================
FAIL: test_givens_replaces_shared_variable2 (test_pfunc.Test_pfunc)
----------------------------------------------------------------------
Traceback (most recent call last):
  File "C:\Users\mutation\Desktop\theano-testcase\tests\test_pfunc.py", line 617, in test_givens_replaces_shared_variable2
    assert f() == 34
AssertionError

======================================================================
FAIL: test_update (test_pfunc.Test_pfunc)
----------------------------------------------------------------------
Traceback (most recent call last):
  File "C:\Users\mutation\Desktop\theano-testcase\tests\test_pfunc.py", line 326, in test_update
    self.assertTrue(x.get_value() == 3)
AssertionError: False is not true

----------------------------------------------------------------------
Ran 40 tests in 4.640s

FAILED (failures=2, errors=3)
