..F.................
======================================================================
FAIL: test_composite_clone_float32 (test_basic.test_composite)
----------------------------------------------------------------------
Traceback (most recent call last):
  File "C:\Users\mutation\Desktop\theano-testcase\tests\test_basic.py", line 84, in test_composite_clone_float32
    nc = c.clone_float32()
  File "C:\ProgramData\Anaconda3\envs\keras\lib\site-packages\theano\scalar\basic.py", line 3989, in clone_float32
    new_ins, new_outs = composite_f32.apply(self.fgraph)
  File "C:\ProgramData\Anaconda3\envs\keras\lib\site-packages\theano\scalar\basic.py", line 4148, in apply
    assert type(i) is ScalarConstant
AssertionError

----------------------------------------------------------------------
Ran 20 tests in 1.562s

FAILED (failures=1)
