Traceback (most recent call last):
  File "C:\ProgramData\Anaconda3\envs\keras\lib\site-packages\theano\scalar\basic.py", line 413, in dtype_specs
    }[self.dtype]
KeyError: 'XXint32XX'

During handling of the above exception, another exception occurred:

Traceback (most recent call last):
  File "C:\ProgramData\Anaconda3\envs\keras\lib\runpy.py", line 193, in _run_module_as_main
    "__main__", mod_spec)
  File "C:\ProgramData\Anaconda3\envs\keras\lib\runpy.py", line 85, in _run_code
    exec(code, run_globals)
  File "C:\ProgramData\Anaconda3\envs\keras\lib\unittest\__main__.py", line 18, in <module>
    main(module=None)
  File "C:\ProgramData\Anaconda3\envs\keras\lib\unittest\main.py", line 94, in __init__
    self.parseArgs(argv)
  File "C:\ProgramData\Anaconda3\envs\keras\lib\unittest\main.py", line 141, in parseArgs
    self.createTests()
  File "C:\ProgramData\Anaconda3\envs\keras\lib\unittest\main.py", line 148, in createTests
    self.module)
  File "C:\ProgramData\Anaconda3\envs\keras\lib\unittest\loader.py", line 219, in loadTestsFromNames
    suites = [self.loadTestsFromName(name, module) for name in names]
  File "C:\ProgramData\Anaconda3\envs\keras\lib\unittest\loader.py", line 219, in <listcomp>
    suites = [self.loadTestsFromName(name, module) for name in names]
  File "C:\ProgramData\Anaconda3\envs\keras\lib\unittest\loader.py", line 153, in loadTestsFromName
    module = __import__(module_name)
  File "C:\Users\mutation\Desktop\theano-testcase\tests\test_basic.py", line 16, in <module>
    import theano
  File "C:\ProgramData\Anaconda3\envs\keras\lib\site-packages\theano\__init__.py", line 124, in <module>
    from theano.scan_module import (scan, map, reduce, foldl, foldr, clone,
  File "C:\ProgramData\Anaconda3\envs\keras\lib\site-packages\theano\scan_module\__init__.py", line 41, in <module>
    from theano.scan_module import scan_opt
  File "C:\ProgramData\Anaconda3\envs\keras\lib\site-packages\theano\scan_module\scan_opt.py", line 60, in <module>
    from theano import tensor, scalar
  File "C:\ProgramData\Anaconda3\envs\keras\lib\site-packages\theano\tensor\__init__.py", line 8, in <module>
    from theano.tensor.basic import *
  File "C:\ProgramData\Anaconda3\envs\keras\lib\site-packages\theano\tensor\basic.py", line 20, in <module>
    from theano.scalar import int32 as int32_t
  File "C:\ProgramData\Anaconda3\envs\keras\lib\site-packages\theano\scalar\__init__.py", line 3, in <module>
    from .basic import *
  File "C:\ProgramData\Anaconda3\envs\keras\lib\site-packages\theano\scalar\basic.py", line 667, in <module>
    int32 = get_scalar_type('XXint32XX')
  File "C:\ProgramData\Anaconda3\envs\keras\lib\site-packages\theano\scalar\basic.py", line 106, in get_scalar_type
    get_scalar_type.cache[dtype] = Scalar(dtype=dtype)
  File "C:\ProgramData\Anaconda3\envs\keras\lib\site-packages\theano\scalar\basic.py", line 312, in __init__
    self.dtype_specs()  # error checking
  File "C:\ProgramData\Anaconda3\envs\keras\lib\site-packages\theano\scalar\basic.py", line 416, in dtype_specs
    self.__class__.__name__, self.dtype))
TypeError: Unsupported dtype for Scalar: XXint32XX
