2020-10-05 21:09:27.677423: I tensorflow/stream_executor/platform/default/dso_loader.cc:44] Successfully opened dynamic library cudart64_100.dll
Running tests under Python 3.6.12: C:\ProgramData\Anaconda3\envs\keras\python.exe
[ RUN      ] AutoShardDatasetTest.testComplexPipeline
WARNING:tensorflow:From C:\ProgramData\Anaconda3\envs\keras\lib\contextlib.py:60: TensorFlowTestCase.test_session (from tensorflow.python.framework.test_util) is deprecated and will be removed in a future version.
Instructions for updating:
Use `self.session()` or `self.cached_session()` instead.
W1005 21:09:31.490116 22852 deprecation.py:323] From C:\ProgramData\Anaconda3\envs\keras\lib\contextlib.py:60: TensorFlowTestCase.test_session (from tensorflow.python.framework.test_util) is deprecated and will be removed in a future version.
Instructions for updating:
Use `self.session()` or `self.cached_session()` instead.
2020-10-05 21:09:31.503031: I tensorflow/stream_executor/platform/default/dso_loader.cc:44] Successfully opened dynamic library nvcuda.dll
2020-10-05 21:09:31.625503: I tensorflow/core/common_runtime/gpu/gpu_device.cc:1618] Found device 0 with properties: 
name: GeForce RTX 2080 Ti major: 7 minor: 5 memoryClockRate(GHz): 1.65
pciBusID: 0000:73:00.0
2020-10-05 21:09:31.626281: I tensorflow/stream_executor/platform/default/dso_loader.cc:44] Successfully opened dynamic library cudart64_100.dll
2020-10-05 21:09:31.630976: I tensorflow/stream_executor/platform/default/dso_loader.cc:44] Successfully opened dynamic library cublas64_100.dll
2020-10-05 21:09:31.634927: I tensorflow/stream_executor/platform/default/dso_loader.cc:44] Successfully opened dynamic library cufft64_100.dll
2020-10-05 21:09:31.636573: I tensorflow/stream_executor/platform/default/dso_loader.cc:44] Successfully opened dynamic library curand64_100.dll
2020-10-05 21:09:31.641386: I tensorflow/stream_executor/platform/default/dso_loader.cc:44] Successfully opened dynamic library cusolver64_100.dll
2020-10-05 21:09:31.644571: I tensorflow/stream_executor/platform/default/dso_loader.cc:44] Successfully opened dynamic library cusparse64_100.dll
2020-10-05 21:09:31.653799: I tensorflow/stream_executor/platform/default/dso_loader.cc:44] Successfully opened dynamic library cudnn64_7.dll
2020-10-05 21:09:31.654743: I tensorflow/core/common_runtime/gpu/gpu_device.cc:1746] Adding visible gpu devices: 0
2020-10-05 21:09:31.655399: I tensorflow/core/platform/cpu_feature_guard.cc:142] Your CPU supports instructions that this TensorFlow binary was not compiled to use: AVX2
2020-10-05 21:09:31.668797: I tensorflow/core/common_runtime/gpu/gpu_device.cc:1618] Found device 0 with properties: 
name: GeForce RTX 2080 Ti major: 7 minor: 5 memoryClockRate(GHz): 1.65
pciBusID: 0000:73:00.0
2020-10-05 21:09:31.669368: I tensorflow/stream_executor/platform/default/dso_loader.cc:44] Successfully opened dynamic library cudart64_100.dll
2020-10-05 21:09:31.669708: I tensorflow/stream_executor/platform/default/dso_loader.cc:44] Successfully opened dynamic library cublas64_100.dll
2020-10-05 21:09:31.670050: I tensorflow/stream_executor/platform/default/dso_loader.cc:44] Successfully opened dynamic library cufft64_100.dll
2020-10-05 21:09:31.670392: I tensorflow/stream_executor/platform/default/dso_loader.cc:44] Successfully opened dynamic library curand64_100.dll
2020-10-05 21:09:31.670740: I tensorflow/stream_executor/platform/default/dso_loader.cc:44] Successfully opened dynamic library cusolver64_100.dll
2020-10-05 21:09:31.671083: I tensorflow/stream_executor/platform/default/dso_loader.cc:44] Successfully opened dynamic library cusparse64_100.dll
2020-10-05 21:09:31.671433: I tensorflow/stream_executor/platform/default/dso_loader.cc:44] Successfully opened dynamic library cudnn64_7.dll
2020-10-05 21:09:31.672237: I tensorflow/core/common_runtime/gpu/gpu_device.cc:1746] Adding visible gpu devices: 0
2020-10-05 21:09:32.623927: I tensorflow/core/common_runtime/gpu/gpu_device.cc:1159] Device interconnect StreamExecutor with strength 1 edge matrix:
2020-10-05 21:09:32.624346: I tensorflow/core/common_runtime/gpu/gpu_device.cc:1165]      0 
2020-10-05 21:09:32.624640: I tensorflow/core/common_runtime/gpu/gpu_device.cc:1178] 0:   N 
2020-10-05 21:09:32.625392: I tensorflow/core/common_runtime/gpu/gpu_device.cc:1304] Created TensorFlow device (/job:localhost/replica:0/task:0/device:GPU:0 with 8686 MB memory) -> physical GPU (device: 0, name: GeForce RTX 2080 Ti, pci bus id: 0000:73:00.0, compute capability: 7.5)
WARNING:tensorflow:From C:\ProgramData\Anaconda3\envs\keras\lib\site-packages\tensorflow_core\python\data\util\random_seed.py:58: where (from tensorflow.python.ops.array_ops) is deprecated and will be removed in a future version.
Instructions for updating:
Use tf.where in 2.0, which has the same broadcast rule as np.where
W1005 21:09:34.391709 22852 deprecation.py:323] From C:\ProgramData\Anaconda3\envs\keras\lib\site-packages\tensorflow_core\python\data\util\random_seed.py:58: where (from tensorflow.python.ops.array_ops) is deprecated and will be removed in a future version.
Instructions for updating:
Use tf.where in 2.0, which has the same broadcast rule as np.where
WARNING:tensorflow:Entity <function AutoShardDatasetTest.testComplexPipeline.<locals>.<lambda> at 0x000001F3D5FEE7B8> could not be transformed and will be executed as-is. Please report this to the AutoGraph team. When filing the bug, set the verbosity to 10 (on Linux, `export AUTOGRAPH_VERBOSITY=10`) and attach the full output. Cause: 'NoneType' object has no attribute '_fields'
W1005 21:09:34.438577 22852 ag_logging.py:146] Entity <function AutoShardDatasetTest.testComplexPipeline.<locals>.<lambda> at 0x000001F3D5FEE7B8> could not be transformed and will be executed as-is. Please report this to the AutoGraph team. When filing the bug, set the verbosity to 10 (on Linux, `export AUTOGRAPH_VERBOSITY=10`) and attach the full output. Cause: 'NoneType' object has no attribute '_fields'
2020-10-05 21:09:34.975591: I tensorflow/core/common_runtime/gpu/gpu_device.cc:1618] Found device 0 with properties: 
name: GeForce RTX 2080 Ti major: 7 minor: 5 memoryClockRate(GHz): 1.65
pciBusID: 0000:73:00.0
2020-10-05 21:09:34.977537: I tensorflow/stream_executor/platform/default/dso_loader.cc:44] Successfully opened dynamic library cudart64_100.dll
2020-10-05 21:09:34.978827: I tensorflow/stream_executor/platform/default/dso_loader.cc:44] Successfully opened dynamic library cublas64_100.dll
2020-10-05 21:09:34.980111: I tensorflow/stream_executor/platform/default/dso_loader.cc:44] Successfully opened dynamic library cufft64_100.dll
2020-10-05 21:09:34.981388: I tensorflow/stream_executor/platform/default/dso_loader.cc:44] Successfully opened dynamic library curand64_100.dll
2020-10-05 21:09:34.982670: I tensorflow/stream_executor/platform/default/dso_loader.cc:44] Successfully opened dynamic library cusolver64_100.dll
2020-10-05 21:09:34.983961: I tensorflow/stream_executor/platform/default/dso_loader.cc:44] Successfully opened dynamic library cusparse64_100.dll
2020-10-05 21:09:34.985266: I tensorflow/stream_executor/platform/default/dso_loader.cc:44] Successfully opened dynamic library cudnn64_7.dll
2020-10-05 21:09:34.987221: I tensorflow/core/common_runtime/gpu/gpu_device.cc:1746] Adding visible gpu devices: 0
2020-10-05 21:09:34.988341: I tensorflow/core/common_runtime/gpu/gpu_device.cc:1159] Device interconnect StreamExecutor with strength 1 edge matrix:
2020-10-05 21:09:34.989646: I tensorflow/core/common_runtime/gpu/gpu_device.cc:1165]      0 
2020-10-05 21:09:34.990460: I tensorflow/core/common_runtime/gpu/gpu_device.cc:1178] 0:   N 
2020-10-05 21:09:34.992211: I tensorflow/core/common_runtime/gpu/gpu_device.cc:1304] Created TensorFlow device (/job:localhost/replica:0/task:0/device:GPU:0 with 8686 MB memory) -> physical GPU (device: 0, name: GeForce RTX 2080 Ti, pci bus id: 0000:73:00.0, compute capability: 7.5)
WARNING:tensorflow:Entity <function AutoShardDatasetTest.testComplexPipeline.<locals>.<lambda> at 0x000001F3D62659D8> could not be transformed and will be executed as-is. Please report this to the AutoGraph team. When filing the bug, set the verbosity to 10 (on Linux, `export AUTOGRAPH_VERBOSITY=10`) and attach the full output. Cause: 'NoneType' object has no attribute '_fields'
W1005 21:09:35.460812 22852 ag_logging.py:146] Entity <function AutoShardDatasetTest.testComplexPipeline.<locals>.<lambda> at 0x000001F3D62659D8> could not be transformed and will be executed as-is. Please report this to the AutoGraph team. When filing the bug, set the verbosity to 10 (on Linux, `export AUTOGRAPH_VERBOSITY=10`) and attach the full output. Cause: 'NoneType' object has no attribute '_fields'
[       OK ] AutoShardDatasetTest.testComplexPipeline
[ RUN      ] AutoShardDatasetTest.testConcat
2020-10-05 21:09:35.527214: I tensorflow/core/common_runtime/gpu/gpu_device.cc:1618] Found device 0 with properties: 
name: GeForce RTX 2080 Ti major: 7 minor: 5 memoryClockRate(GHz): 1.65
pciBusID: 0000:73:00.0
2020-10-05 21:09:35.528183: I tensorflow/stream_executor/platform/default/dso_loader.cc:44] Successfully opened dynamic library cudart64_100.dll
2020-10-05 21:09:35.528839: I tensorflow/stream_executor/platform/default/dso_loader.cc:44] Successfully opened dynamic library cublas64_100.dll
2020-10-05 21:09:35.529481: I tensorflow/stream_executor/platform/default/dso_loader.cc:44] Successfully opened dynamic library cufft64_100.dll
2020-10-05 21:09:35.530115: I tensorflow/stream_executor/platform/default/dso_loader.cc:44] Successfully opened dynamic library curand64_100.dll
2020-10-05 21:09:35.530750: I tensorflow/stream_executor/platform/default/dso_loader.cc:44] Successfully opened dynamic library cusolver64_100.dll
2020-10-05 21:09:35.531393: I tensorflow/stream_executor/platform/default/dso_loader.cc:44] Successfully opened dynamic library cusparse64_100.dll
2020-10-05 21:09:35.532046: I tensorflow/stream_executor/platform/default/dso_loader.cc:44] Successfully opened dynamic library cudnn64_7.dll
2020-10-05 21:09:35.533045: I tensorflow/core/common_runtime/gpu/gpu_device.cc:1746] Adding visible gpu devices: 0
2020-10-05 21:09:35.533611: I tensorflow/core/common_runtime/gpu/gpu_device.cc:1159] Device interconnect StreamExecutor with strength 1 edge matrix:
2020-10-05 21:09:35.534261: I tensorflow/core/common_runtime/gpu/gpu_device.cc:1165]      0 
2020-10-05 21:09:35.534669: I tensorflow/core/common_runtime/gpu/gpu_device.cc:1178] 0:   N 
2020-10-05 21:09:35.535517: I tensorflow/core/common_runtime/gpu/gpu_device.cc:1304] Created TensorFlow device (/job:localhost/replica:0/task:0/device:GPU:0 with 8686 MB memory) -> physical GPU (device: 0, name: GeForce RTX 2080 Ti, pci bus id: 0000:73:00.0, compute capability: 7.5)
[       OK ] AutoShardDatasetTest.testConcat
[ RUN      ] AutoShardDatasetTest.testFixedLengthReaderWithFlatMap
2020-10-05 21:09:36.588281: I tensorflow/core/common_runtime/gpu/gpu_device.cc:1618] Found device 0 with properties: 
name: GeForce RTX 2080 Ti major: 7 minor: 5 memoryClockRate(GHz): 1.65
pciBusID: 0000:73:00.0
2020-10-05 21:09:36.589204: I tensorflow/stream_executor/platform/default/dso_loader.cc:44] Successfully opened dynamic library cudart64_100.dll
2020-10-05 21:09:36.589810: I tensorflow/stream_executor/platform/default/dso_loader.cc:44] Successfully opened dynamic library cublas64_100.dll
2020-10-05 21:09:36.590416: I tensorflow/stream_executor/platform/default/dso_loader.cc:44] Successfully opened dynamic library cufft64_100.dll
2020-10-05 21:09:36.591008: I tensorflow/stream_executor/platform/default/dso_loader.cc:44] Successfully opened dynamic library curand64_100.dll
2020-10-05 21:09:36.591610: I tensorflow/stream_executor/platform/default/dso_loader.cc:44] Successfully opened dynamic library cusolver64_100.dll
2020-10-05 21:09:36.592217: I tensorflow/stream_executor/platform/default/dso_loader.cc:44] Successfully opened dynamic library cusparse64_100.dll
2020-10-05 21:09:36.592837: I tensorflow/stream_executor/platform/default/dso_loader.cc:44] Successfully opened dynamic library cudnn64_7.dll
2020-10-05 21:09:36.593612: I tensorflow/core/common_runtime/gpu/gpu_device.cc:1746] Adding visible gpu devices: 0
2020-10-05 21:09:36.593960: I tensorflow/core/common_runtime/gpu/gpu_device.cc:1159] Device interconnect StreamExecutor with strength 1 edge matrix:
2020-10-05 21:09:36.594353: I tensorflow/core/common_runtime/gpu/gpu_device.cc:1165]      0 
2020-10-05 21:09:36.594596: I tensorflow/core/common_runtime/gpu/gpu_device.cc:1178] 0:   N 
2020-10-05 21:09:36.595147: I tensorflow/core/common_runtime/gpu/gpu_device.cc:1304] Created TensorFlow device (/job:localhost/replica:0/task:0/device:GPU:0 with 8686 MB memory) -> physical GPU (device: 0, name: GeForce RTX 2080 Ti, pci bus id: 0000:73:00.0, compute capability: 7.5)
[       OK ] AutoShardDatasetTest.testFixedLengthReaderWithFlatMap
[ RUN      ] AutoShardDatasetTest.testFlatMap
2020-10-05 21:09:36.744366: I tensorflow/core/common_runtime/gpu/gpu_device.cc:1618] Found device 0 with properties: 
name: GeForce RTX 2080 Ti major: 7 minor: 5 memoryClockRate(GHz): 1.65
pciBusID: 0000:73:00.0
2020-10-05 21:09:36.745192: I tensorflow/stream_executor/platform/default/dso_loader.cc:44] Successfully opened dynamic library cudart64_100.dll
2020-10-05 21:09:36.745758: I tensorflow/stream_executor/platform/default/dso_loader.cc:44] Successfully opened dynamic library cublas64_100.dll
2020-10-05 21:09:36.746295: I tensorflow/stream_executor/platform/default/dso_loader.cc:44] Successfully opened dynamic library cufft64_100.dll
2020-10-05 21:09:36.746825: I tensorflow/stream_executor/platform/default/dso_loader.cc:44] Successfully opened dynamic library curand64_100.dll
2020-10-05 21:09:36.747359: I tensorflow/stream_executor/platform/default/dso_loader.cc:44] Successfully opened dynamic library cusolver64_100.dll
2020-10-05 21:09:36.747900: I tensorflow/stream_executor/platform/default/dso_loader.cc:44] Successfully opened dynamic library cusparse64_100.dll
2020-10-05 21:09:36.748440: I tensorflow/stream_executor/platform/default/dso_loader.cc:44] Successfully opened dynamic library cudnn64_7.dll
2020-10-05 21:09:36.749295: I tensorflow/core/common_runtime/gpu/gpu_device.cc:1746] Adding visible gpu devices: 0
2020-10-05 21:09:36.749776: I tensorflow/core/common_runtime/gpu/gpu_device.cc:1159] Device interconnect StreamExecutor with strength 1 edge matrix:
2020-10-05 21:09:36.750332: I tensorflow/core/common_runtime/gpu/gpu_device.cc:1165]      0 
2020-10-05 21:09:36.750675: I tensorflow/core/common_runtime/gpu/gpu_device.cc:1178] 0:   N 
2020-10-05 21:09:36.751442: I tensorflow/core/common_runtime/gpu/gpu_device.cc:1304] Created TensorFlow device (/job:localhost/replica:0/task:0/device:GPU:0 with 8686 MB memory) -> physical GPU (device: 0, name: GeForce RTX 2080 Ti, pci bus id: 0000:73:00.0, compute capability: 7.5)
[       OK ] AutoShardDatasetTest.testFlatMap
[ RUN      ] AutoShardDatasetTest.testInterleave
2020-10-05 21:09:37.665752: I tensorflow/core/common_runtime/gpu/gpu_device.cc:1618] Found device 0 with properties: 
name: GeForce RTX 2080 Ti major: 7 minor: 5 memoryClockRate(GHz): 1.65
pciBusID: 0000:73:00.0
2020-10-05 21:09:37.667040: I tensorflow/stream_executor/platform/default/dso_loader.cc:44] Successfully opened dynamic library cudart64_100.dll
2020-10-05 21:09:37.667889: I tensorflow/stream_executor/platform/default/dso_loader.cc:44] Successfully opened dynamic library cublas64_100.dll
2020-10-05 21:09:37.668746: I tensorflow/stream_executor/platform/default/dso_loader.cc:44] Successfully opened dynamic library cufft64_100.dll
2020-10-05 21:09:37.669587: I tensorflow/stream_executor/platform/default/dso_loader.cc:44] Successfully opened dynamic library curand64_100.dll
2020-10-05 21:09:37.670184: I tensorflow/stream_executor/platform/default/dso_loader.cc:44] Successfully opened dynamic library cusolver64_100.dll
2020-10-05 21:09:37.670698: I tensorflow/stream_executor/platform/default/dso_loader.cc:44] Successfully opened dynamic library cusparse64_100.dll
2020-10-05 21:09:37.671227: I tensorflow/stream_executor/platform/default/dso_loader.cc:44] Successfully opened dynamic library cudnn64_7.dll
2020-10-05 21:09:37.672052: I tensorflow/core/common_runtime/gpu/gpu_device.cc:1746] Adding visible gpu devices: 0
2020-10-05 21:09:37.672583: I tensorflow/core/common_runtime/gpu/gpu_device.cc:1159] Device interconnect StreamExecutor with strength 1 edge matrix:
2020-10-05 21:09:37.673106: I tensorflow/core/common_runtime/gpu/gpu_device.cc:1165]      0 
2020-10-05 21:09:37.673431: I tensorflow/core/common_runtime/gpu/gpu_device.cc:1178] 0:   N 
2020-10-05 21:09:37.674158: I tensorflow/core/common_runtime/gpu/gpu_device.cc:1304] Created TensorFlow device (/job:localhost/replica:0/task:0/device:GPU:0 with 8686 MB memory) -> physical GPU (device: 0, name: GeForce RTX 2080 Ti, pci bus id: 0000:73:00.0, compute capability: 7.5)
[       OK ] AutoShardDatasetTest.testInterleave
[ RUN      ] AutoShardDatasetTest.testListfiles
2020-10-05 21:09:38.686928: I tensorflow/core/common_runtime/gpu/gpu_device.cc:1618] Found device 0 with properties: 
name: GeForce RTX 2080 Ti major: 7 minor: 5 memoryClockRate(GHz): 1.65
pciBusID: 0000:73:00.0
2020-10-05 21:09:38.687717: I tensorflow/stream_executor/platform/default/dso_loader.cc:44] Successfully opened dynamic library cudart64_100.dll
2020-10-05 21:09:38.688235: I tensorflow/stream_executor/platform/default/dso_loader.cc:44] Successfully opened dynamic library cublas64_100.dll
2020-10-05 21:09:38.688755: I tensorflow/stream_executor/platform/default/dso_loader.cc:44] Successfully opened dynamic library cufft64_100.dll
2020-10-05 21:09:38.689262: I tensorflow/stream_executor/platform/default/dso_loader.cc:44] Successfully opened dynamic library curand64_100.dll
2020-10-05 21:09:38.689776: I tensorflow/stream_executor/platform/default/dso_loader.cc:44] Successfully opened dynamic library cusolver64_100.dll
2020-10-05 21:09:38.690295: I tensorflow/stream_executor/platform/default/dso_loader.cc:44] Successfully opened dynamic library cusparse64_100.dll
2020-10-05 21:09:38.690824: I tensorflow/stream_executor/platform/default/dso_loader.cc:44] Successfully opened dynamic library cudnn64_7.dll
2020-10-05 21:09:38.691643: I tensorflow/core/common_runtime/gpu/gpu_device.cc:1746] Adding visible gpu devices: 0
2020-10-05 21:09:38.692148: I tensorflow/core/common_runtime/gpu/gpu_device.cc:1159] Device interconnect StreamExecutor with strength 1 edge matrix:
2020-10-05 21:09:38.692671: I tensorflow/core/common_runtime/gpu/gpu_device.cc:1165]      0 
2020-10-05 21:09:38.692999: I tensorflow/core/common_runtime/gpu/gpu_device.cc:1178] 0:   N 
2020-10-05 21:09:38.693710: I tensorflow/core/common_runtime/gpu/gpu_device.cc:1304] Created TensorFlow device (/job:localhost/replica:0/task:0/device:GPU:0 with 8686 MB memory) -> physical GPU (device: 0, name: GeForce RTX 2080 Ti, pci bus id: 0000:73:00.0, compute capability: 7.5)
[       OK ] AutoShardDatasetTest.testListfiles
[ RUN      ] AutoShardDatasetTest.testTFRecordDataset
2020-10-05 21:09:39.653035: I tensorflow/core/common_runtime/gpu/gpu_device.cc:1618] Found device 0 with properties: 
name: GeForce RTX 2080 Ti major: 7 minor: 5 memoryClockRate(GHz): 1.65
pciBusID: 0000:73:00.0
2020-10-05 21:09:39.653822: I tensorflow/stream_executor/platform/default/dso_loader.cc:44] Successfully opened dynamic library cudart64_100.dll
2020-10-05 21:09:39.654336: I tensorflow/stream_executor/platform/default/dso_loader.cc:44] Successfully opened dynamic library cublas64_100.dll
2020-10-05 21:09:39.654852: I tensorflow/stream_executor/platform/default/dso_loader.cc:44] Successfully opened dynamic library cufft64_100.dll
2020-10-05 21:09:39.655359: I tensorflow/stream_executor/platform/default/dso_loader.cc:44] Successfully opened dynamic library curand64_100.dll
2020-10-05 21:09:39.655869: I tensorflow/stream_executor/platform/default/dso_loader.cc:44] Successfully opened dynamic library cusolver64_100.dll
2020-10-05 21:09:39.656385: I tensorflow/stream_executor/platform/default/dso_loader.cc:44] Successfully opened dynamic library cusparse64_100.dll
2020-10-05 21:09:39.656913: I tensorflow/stream_executor/platform/default/dso_loader.cc:44] Successfully opened dynamic library cudnn64_7.dll
2020-10-05 21:09:39.657738: I tensorflow/core/common_runtime/gpu/gpu_device.cc:1746] Adding visible gpu devices: 0
2020-10-05 21:09:39.658211: I tensorflow/core/common_runtime/gpu/gpu_device.cc:1159] Device interconnect StreamExecutor with strength 1 edge matrix:
2020-10-05 21:09:39.658783: I tensorflow/core/common_runtime/gpu/gpu_device.cc:1165]      0 
2020-10-05 21:09:39.659126: I tensorflow/core/common_runtime/gpu/gpu_device.cc:1178] 0:   N 
2020-10-05 21:09:39.659841: I tensorflow/core/common_runtime/gpu/gpu_device.cc:1304] Created TensorFlow device (/job:localhost/replica:0/task:0/device:GPU:0 with 8686 MB memory) -> physical GPU (device: 0, name: GeForce RTX 2080 Ti, pci bus id: 0000:73:00.0, compute capability: 7.5)
[       OK ] AutoShardDatasetTest.testTFRecordDataset
[ RUN      ] AutoShardDatasetTest.testTextLineReader
2020-10-05 21:09:40.628713: I tensorflow/core/common_runtime/gpu/gpu_device.cc:1618] Found device 0 with properties: 
name: GeForce RTX 2080 Ti major: 7 minor: 5 memoryClockRate(GHz): 1.65
pciBusID: 0000:73:00.0
2020-10-05 21:09:40.629692: I tensorflow/stream_executor/platform/default/dso_loader.cc:44] Successfully opened dynamic library cudart64_100.dll
2020-10-05 21:09:40.630336: I tensorflow/stream_executor/platform/default/dso_loader.cc:44] Successfully opened dynamic library cublas64_100.dll
2020-10-05 21:09:40.630979: I tensorflow/stream_executor/platform/default/dso_loader.cc:44] Successfully opened dynamic library cufft64_100.dll
2020-10-05 21:09:40.631614: I tensorflow/stream_executor/platform/default/dso_loader.cc:44] Successfully opened dynamic library curand64_100.dll
2020-10-05 21:09:40.632249: I tensorflow/stream_executor/platform/default/dso_loader.cc:44] Successfully opened dynamic library cusolver64_100.dll
2020-10-05 21:09:40.632893: I tensorflow/stream_executor/platform/default/dso_loader.cc:44] Successfully opened dynamic library cusparse64_100.dll
2020-10-05 21:09:40.633547: I tensorflow/stream_executor/platform/default/dso_loader.cc:44] Successfully opened dynamic library cudnn64_7.dll
2020-10-05 21:09:40.634549: I tensorflow/core/common_runtime/gpu/gpu_device.cc:1746] Adding visible gpu devices: 0
2020-10-05 21:09:40.635117: I tensorflow/core/common_runtime/gpu/gpu_device.cc:1159] Device interconnect StreamExecutor with strength 1 edge matrix:
2020-10-05 21:09:40.635768: I tensorflow/core/common_runtime/gpu/gpu_device.cc:1165]      0 
2020-10-05 21:09:40.636176: I tensorflow/core/common_runtime/gpu/gpu_device.cc:1178] 0:   N 
2020-10-05 21:09:40.636758: I tensorflow/core/common_runtime/gpu/gpu_device.cc:1304] Created TensorFlow device (/job:localhost/replica:0/task:0/device:GPU:0 with 8686 MB memory) -> physical GPU (device: 0, name: GeForce RTX 2080 Ti, pci bus id: 0000:73:00.0, compute capability: 7.5)
[       OK ] AutoShardDatasetTest.testTextLineReader
[ RUN      ] AutoShardDatasetTest.testTextLineReaderWithFlatMap
2020-10-05 21:09:40.774727: I tensorflow/core/common_runtime/gpu/gpu_device.cc:1618] Found device 0 with properties: 
name: GeForce RTX 2080 Ti major: 7 minor: 5 memoryClockRate(GHz): 1.65
pciBusID: 0000:73:00.0
2020-10-05 21:09:40.775650: I tensorflow/stream_executor/platform/default/dso_loader.cc:44] Successfully opened dynamic library cudart64_100.dll
2020-10-05 21:09:40.776249: I tensorflow/stream_executor/platform/default/dso_loader.cc:44] Successfully opened dynamic library cublas64_100.dll
2020-10-05 21:09:40.776848: I tensorflow/stream_executor/platform/default/dso_loader.cc:44] Successfully opened dynamic library cufft64_100.dll
2020-10-05 21:09:40.777441: I tensorflow/stream_executor/platform/default/dso_loader.cc:44] Successfully opened dynamic library curand64_100.dll
2020-10-05 21:09:40.777919: I tensorflow/stream_executor/platform/default/dso_loader.cc:44] Successfully opened dynamic library cusolver64_100.dll
2020-10-05 21:09:40.778330: I tensorflow/stream_executor/platform/default/dso_loader.cc:44] Successfully opened dynamic library cusparse64_100.dll
2020-10-05 21:09:40.778742: I tensorflow/stream_executor/platform/default/dso_loader.cc:44] Successfully opened dynamic library cudnn64_7.dll
2020-10-05 21:09:40.779488: I tensorflow/core/common_runtime/gpu/gpu_device.cc:1746] Adding visible gpu devices: 0
2020-10-05 21:09:40.779886: I tensorflow/core/common_runtime/gpu/gpu_device.cc:1159] Device interconnect StreamExecutor with strength 1 edge matrix:
2020-10-05 21:09:40.780335: I tensorflow/core/common_runtime/gpu/gpu_device.cc:1165]      0 
2020-10-05 21:09:40.780597: I tensorflow/core/common_runtime/gpu/gpu_device.cc:1178] 0:   N 
2020-10-05 21:09:40.781176: I tensorflow/core/common_runtime/gpu/gpu_device.cc:1304] Created TensorFlow device (/job:localhost/replica:0/task:0/device:GPU:0 with 8686 MB memory) -> physical GPU (device: 0, name: GeForce RTX 2080 Ti, pci bus id: 0000:73:00.0, compute capability: 7.5)
[       OK ] AutoShardDatasetTest.testTextLineReaderWithFlatMap
[ RUN      ] AutoShardDatasetTest.testZip
2020-10-05 21:09:40.932410: I tensorflow/core/common_runtime/gpu/gpu_device.cc:1618] Found device 0 with properties: 
name: GeForce RTX 2080 Ti major: 7 minor: 5 memoryClockRate(GHz): 1.65
pciBusID: 0000:73:00.0
2020-10-05 21:09:40.932976: I tensorflow/stream_executor/platform/default/dso_loader.cc:44] Successfully opened dynamic library cudart64_100.dll
2020-10-05 21:09:40.933361: I tensorflow/stream_executor/platform/default/dso_loader.cc:44] Successfully opened dynamic library cublas64_100.dll
2020-10-05 21:09:40.933725: I tensorflow/stream_executor/platform/default/dso_loader.cc:44] Successfully opened dynamic library cufft64_100.dll
2020-10-05 21:09:40.934089: I tensorflow/stream_executor/platform/default/dso_loader.cc:44] Successfully opened dynamic library curand64_100.dll
2020-10-05 21:09:40.934452: I tensorflow/stream_executor/platform/default/dso_loader.cc:44] Successfully opened dynamic library cusolver64_100.dll
2020-10-05 21:09:40.934822: I tensorflow/stream_executor/platform/default/dso_loader.cc:44] Successfully opened dynamic library cusparse64_100.dll
2020-10-05 21:09:40.935184: I tensorflow/stream_executor/platform/default/dso_loader.cc:44] Successfully opened dynamic library cudnn64_7.dll
2020-10-05 21:09:40.935875: I tensorflow/core/common_runtime/gpu/gpu_device.cc:1746] Adding visible gpu devices: 0
2020-10-05 21:09:40.936259: I tensorflow/core/common_runtime/gpu/gpu_device.cc:1159] Device interconnect StreamExecutor with strength 1 edge matrix:
2020-10-05 21:09:40.936684: I tensorflow/core/common_runtime/gpu/gpu_device.cc:1165]      0 
2020-10-05 21:09:40.936904: I tensorflow/core/common_runtime/gpu/gpu_device.cc:1178] 0:   N 
2020-10-05 21:09:40.937404: I tensorflow/core/common_runtime/gpu/gpu_device.cc:1304] Created TensorFlow device (/job:localhost/replica:0/task:0/device:GPU:0 with 8686 MB memory) -> physical GPU (device: 0, name: GeForce RTX 2080 Ti, pci bus id: 0000:73:00.0, compute capability: 7.5)
[       OK ] AutoShardDatasetTest.testZip
[ RUN      ] AutoShardDatasetTest.test_session
[  SKIPPED ] AutoShardDatasetTest.test_session
[ RUN      ] CloneDatasetTest.testConcat
[  FAILED  ] CloneDatasetTest.testConcat
[ RUN      ] CloneDatasetTest.testMultipleVariantTensors
[  FAILED  ] CloneDatasetTest.testMultipleVariantTensors
[ RUN      ] CloneDatasetTest.testOnlySource
[  FAILED  ] CloneDatasetTest.testOnlySource
[ RUN      ] CloneDatasetTest.testSimplePipeline
[  FAILED  ] CloneDatasetTest.testSimplePipeline
[ RUN      ] CloneDatasetTest.testZip
[  FAILED  ] CloneDatasetTest.testZip
[ RUN      ] CloneDatasetTest.test_session
[  SKIPPED ] CloneDatasetTest.test_session
======================================================================
ERROR: testConcat (__main__.CloneDatasetTest)
CloneDatasetTest.testConcat
----------------------------------------------------------------------
Traceback (most recent call last):
  File "C:\ProgramData\Anaconda3\envs\keras\lib\site-packages\tensorflow_core\python\data\ops\dataset_ops.py", line 2113, in make_initializable_iterator
    return dataset._make_initializable_iterator(shared_name)  # pylint: disable=protected-access
AttributeError: '_VariantDataset' object has no attribute '_make_initializable_iterator'

During handling of the above exception, another exception occurred:

Traceback (most recent call last):
  File "C:\ProgramData\Anaconda3\envs\keras\lib\site-packages\tensorflow_core\python\framework\op_def_library.py", line 528, in _apply_op_helper
    preferred_dtype=default_dtype)
  File "C:\ProgramData\Anaconda3\envs\keras\lib\site-packages\tensorflow_core\python\framework\ops.py", line 1297, in internal_convert_to_tensor
    ret = conversion_func(value, dtype=dtype, name=name, as_ref=as_ref)
  File "C:\ProgramData\Anaconda3\envs\keras\lib\site-packages\tensorflow_core\python\framework\constant_op.py", line 286, in _constant_tensor_conversion_function
    return constant(v, dtype=dtype, name=name)
  File "C:\ProgramData\Anaconda3\envs\keras\lib\site-packages\tensorflow_core\python\framework\constant_op.py", line 227, in constant
    allow_broadcast=True)
  File "C:\ProgramData\Anaconda3\envs\keras\lib\site-packages\tensorflow_core\python\framework\constant_op.py", line 265, in _constant_impl
    allow_broadcast=allow_broadcast))
  File "C:\ProgramData\Anaconda3\envs\keras\lib\site-packages\tensorflow_core\python\framework\tensor_util.py", line 437, in make_tensor_proto
    raise ValueError("None values not supported.")
ValueError: None values not supported.

During handling of the above exception, another exception occurred:

Traceback (most recent call last):
  File "C:\ProgramData\Anaconda3\envs\keras\lib\site-packages\tensorflow_core\python\framework\op_def_library.py", line 542, in _apply_op_helper
    values, as_ref=input_arg.is_ref).dtype.name
  File "C:\ProgramData\Anaconda3\envs\keras\lib\site-packages\tensorflow_core\python\framework\ops.py", line 1297, in internal_convert_to_tensor
    ret = conversion_func(value, dtype=dtype, name=name, as_ref=as_ref)
  File "C:\ProgramData\Anaconda3\envs\keras\lib\site-packages\tensorflow_core\python\framework\constant_op.py", line 286, in _constant_tensor_conversion_function
    return constant(v, dtype=dtype, name=name)
  File "C:\ProgramData\Anaconda3\envs\keras\lib\site-packages\tensorflow_core\python\framework\constant_op.py", line 227, in constant
    allow_broadcast=True)
  File "C:\ProgramData\Anaconda3\envs\keras\lib\site-packages\tensorflow_core\python\framework\constant_op.py", line 265, in _constant_impl
    allow_broadcast=allow_broadcast))
  File "C:\ProgramData\Anaconda3\envs\keras\lib\site-packages\tensorflow_core\python\framework\tensor_util.py", line 437, in make_tensor_proto
    raise ValueError("None values not supported.")
ValueError: None values not supported.

During handling of the above exception, another exception occurred:

Traceback (most recent call last):
  File "C:\ProgramData\Anaconda3\envs\keras\lib\site-packages\tensorflow_core\python\framework\test_util.py", line 1216, in decorated
    return f(self, *args, **kwargs)
  File "input_ops_test.py", line 622, in testConcat
    self._assert_datasets_equal(ds, cloned_ds)
  File "input_ops_test.py", line 566, in _assert_datasets_equal
    it2 = dataset_ops.make_initializable_iterator(ds2)
  File "C:\ProgramData\Anaconda3\envs\keras\lib\site-packages\tensorflow_core\python\data\ops\dataset_ops.py", line 2115, in make_initializable_iterator
    return DatasetV1Adapter(dataset)._make_initializable_iterator(shared_name)  # pylint: disable=protected-access
  File "C:\ProgramData\Anaconda3\envs\keras\lib\site-packages\tensorflow_core\python\data\ops\dataset_ops.py", line 1751, in _make_initializable_iterator
    dataset = self._apply_options()
  File "C:\ProgramData\Anaconda3\envs\keras\lib\site-packages\tensorflow_core\python\data\ops\dataset_ops.py", line 304, in _apply_options
    static_optimization_configs)
  File "C:\ProgramData\Anaconda3\envs\keras\lib\site-packages\tensorflow_core\python\data\ops\dataset_ops.py", line 3759, in __init__
    **self._flat_structure)
  File "C:\ProgramData\Anaconda3\envs\keras\lib\site-packages\tensorflow_core\python\ops\gen_dataset_ops.py", line 4001, in optimize_dataset
    name=name)
  File "C:\ProgramData\Anaconda3\envs\keras\lib\site-packages\tensorflow_core\python\framework\op_def_library.py", line 546, in _apply_op_helper
    (input_name, err))
ValueError: Tried to convert 'input_dataset' to a tensor and failed. Error: None values not supported.

======================================================================
ERROR: testMultipleVariantTensors (__main__.CloneDatasetTest)
CloneDatasetTest.testMultipleVariantTensors
----------------------------------------------------------------------
Traceback (most recent call last):
  File "C:\ProgramData\Anaconda3\envs\keras\lib\site-packages\tensorflow_core\python\data\ops\dataset_ops.py", line 2113, in make_initializable_iterator
    return dataset._make_initializable_iterator(shared_name)  # pylint: disable=protected-access
AttributeError: '_VariantDataset' object has no attribute '_make_initializable_iterator'

During handling of the above exception, another exception occurred:

Traceback (most recent call last):
  File "C:\ProgramData\Anaconda3\envs\keras\lib\site-packages\tensorflow_core\python\framework\op_def_library.py", line 528, in _apply_op_helper
    preferred_dtype=default_dtype)
  File "C:\ProgramData\Anaconda3\envs\keras\lib\site-packages\tensorflow_core\python\framework\ops.py", line 1297, in internal_convert_to_tensor
    ret = conversion_func(value, dtype=dtype, name=name, as_ref=as_ref)
  File "C:\ProgramData\Anaconda3\envs\keras\lib\site-packages\tensorflow_core\python\framework\constant_op.py", line 286, in _constant_tensor_conversion_function
    return constant(v, dtype=dtype, name=name)
  File "C:\ProgramData\Anaconda3\envs\keras\lib\site-packages\tensorflow_core\python\framework\constant_op.py", line 227, in constant
    allow_broadcast=True)
  File "C:\ProgramData\Anaconda3\envs\keras\lib\site-packages\tensorflow_core\python\framework\constant_op.py", line 265, in _constant_impl
    allow_broadcast=allow_broadcast))
  File "C:\ProgramData\Anaconda3\envs\keras\lib\site-packages\tensorflow_core\python\framework\tensor_util.py", line 437, in make_tensor_proto
    raise ValueError("None values not supported.")
ValueError: None values not supported.

During handling of the above exception, another exception occurred:

Traceback (most recent call last):
  File "C:\ProgramData\Anaconda3\envs\keras\lib\site-packages\tensorflow_core\python\framework\op_def_library.py", line 542, in _apply_op_helper
    values, as_ref=input_arg.is_ref).dtype.name
  File "C:\ProgramData\Anaconda3\envs\keras\lib\site-packages\tensorflow_core\python\framework\ops.py", line 1297, in internal_convert_to_tensor
    ret = conversion_func(value, dtype=dtype, name=name, as_ref=as_ref)
  File "C:\ProgramData\Anaconda3\envs\keras\lib\site-packages\tensorflow_core\python\framework\constant_op.py", line 286, in _constant_tensor_conversion_function
    return constant(v, dtype=dtype, name=name)
  File "C:\ProgramData\Anaconda3\envs\keras\lib\site-packages\tensorflow_core\python\framework\constant_op.py", line 227, in constant
    allow_broadcast=True)
  File "C:\ProgramData\Anaconda3\envs\keras\lib\site-packages\tensorflow_core\python\framework\constant_op.py", line 265, in _constant_impl
    allow_broadcast=allow_broadcast))
  File "C:\ProgramData\Anaconda3\envs\keras\lib\site-packages\tensorflow_core\python\framework\tensor_util.py", line 437, in make_tensor_proto
    raise ValueError("None values not supported.")
ValueError: None values not supported.

During handling of the above exception, another exception occurred:

Traceback (most recent call last):
  File "C:\ProgramData\Anaconda3\envs\keras\lib\site-packages\tensorflow_core\python\framework\test_util.py", line 1216, in decorated
    return f(self, *args, **kwargs)
  File "input_ops_test.py", line 652, in testMultipleVariantTensors
    self._assert_datasets_equal(ds, cloned_ds)
  File "input_ops_test.py", line 566, in _assert_datasets_equal
    it2 = dataset_ops.make_initializable_iterator(ds2)
  File "C:\ProgramData\Anaconda3\envs\keras\lib\site-packages\tensorflow_core\python\data\ops\dataset_ops.py", line 2115, in make_initializable_iterator
    return DatasetV1Adapter(dataset)._make_initializable_iterator(shared_name)  # pylint: disable=protected-access
  File "C:\ProgramData\Anaconda3\envs\keras\lib\site-packages\tensorflow_core\python\data\ops\dataset_ops.py", line 1751, in _make_initializable_iterator
    dataset = self._apply_options()
  File "C:\ProgramData\Anaconda3\envs\keras\lib\site-packages\tensorflow_core\python\data\ops\dataset_ops.py", line 304, in _apply_options
    static_optimization_configs)
  File "C:\ProgramData\Anaconda3\envs\keras\lib\site-packages\tensorflow_core\python\data\ops\dataset_ops.py", line 3759, in __init__
    **self._flat_structure)
  File "C:\ProgramData\Anaconda3\envs\keras\lib\site-packages\tensorflow_core\python\ops\gen_dataset_ops.py", line 4001, in optimize_dataset
    name=name)
  File "C:\ProgramData\Anaconda3\envs\keras\lib\site-packages\tensorflow_core\python\framework\op_def_library.py", line 546, in _apply_op_helper
    (input_name, err))
ValueError: Tried to convert 'input_dataset' to a tensor and failed. Error: None values not supported.

======================================================================
ERROR: testOnlySource (__main__.CloneDatasetTest)
CloneDatasetTest.testOnlySource
----------------------------------------------------------------------
Traceback (most recent call last):
  File "C:\ProgramData\Anaconda3\envs\keras\lib\site-packages\tensorflow_core\python\data\ops\dataset_ops.py", line 2113, in make_initializable_iterator
    return dataset._make_initializable_iterator(shared_name)  # pylint: disable=protected-access
AttributeError: '_VariantDataset' object has no attribute '_make_initializable_iterator'

During handling of the above exception, another exception occurred:

Traceback (most recent call last):
  File "C:\ProgramData\Anaconda3\envs\keras\lib\site-packages\tensorflow_core\python\framework\op_def_library.py", line 528, in _apply_op_helper
    preferred_dtype=default_dtype)
  File "C:\ProgramData\Anaconda3\envs\keras\lib\site-packages\tensorflow_core\python\framework\ops.py", line 1297, in internal_convert_to_tensor
    ret = conversion_func(value, dtype=dtype, name=name, as_ref=as_ref)
  File "C:\ProgramData\Anaconda3\envs\keras\lib\site-packages\tensorflow_core\python\framework\constant_op.py", line 286, in _constant_tensor_conversion_function
    return constant(v, dtype=dtype, name=name)
  File "C:\ProgramData\Anaconda3\envs\keras\lib\site-packages\tensorflow_core\python\framework\constant_op.py", line 227, in constant
    allow_broadcast=True)
  File "C:\ProgramData\Anaconda3\envs\keras\lib\site-packages\tensorflow_core\python\framework\constant_op.py", line 265, in _constant_impl
    allow_broadcast=allow_broadcast))
  File "C:\ProgramData\Anaconda3\envs\keras\lib\site-packages\tensorflow_core\python\framework\tensor_util.py", line 437, in make_tensor_proto
    raise ValueError("None values not supported.")
ValueError: None values not supported.

During handling of the above exception, another exception occurred:

Traceback (most recent call last):
  File "C:\ProgramData\Anaconda3\envs\keras\lib\site-packages\tensorflow_core\python\framework\op_def_library.py", line 542, in _apply_op_helper
    values, as_ref=input_arg.is_ref).dtype.name
  File "C:\ProgramData\Anaconda3\envs\keras\lib\site-packages\tensorflow_core\python\framework\ops.py", line 1297, in internal_convert_to_tensor
    ret = conversion_func(value, dtype=dtype, name=name, as_ref=as_ref)
  File "C:\ProgramData\Anaconda3\envs\keras\lib\site-packages\tensorflow_core\python\framework\constant_op.py", line 286, in _constant_tensor_conversion_function
    return constant(v, dtype=dtype, name=name)
  File "C:\ProgramData\Anaconda3\envs\keras\lib\site-packages\tensorflow_core\python\framework\constant_op.py", line 227, in constant
    allow_broadcast=True)
  File "C:\ProgramData\Anaconda3\envs\keras\lib\site-packages\tensorflow_core\python\framework\constant_op.py", line 265, in _constant_impl
    allow_broadcast=allow_broadcast))
  File "C:\ProgramData\Anaconda3\envs\keras\lib\site-packages\tensorflow_core\python\framework\tensor_util.py", line 437, in make_tensor_proto
    raise ValueError("None values not supported.")
ValueError: None values not supported.

During handling of the above exception, another exception occurred:

Traceback (most recent call last):
  File "C:\ProgramData\Anaconda3\envs\keras\lib\site-packages\tensorflow_core\python\framework\test_util.py", line 1216, in decorated
    return f(self, *args, **kwargs)
  File "input_ops_test.py", line 594, in testOnlySource
    self._assert_datasets_equal(ds, cloned_ds)
  File "input_ops_test.py", line 566, in _assert_datasets_equal
    it2 = dataset_ops.make_initializable_iterator(ds2)
  File "C:\ProgramData\Anaconda3\envs\keras\lib\site-packages\tensorflow_core\python\data\ops\dataset_ops.py", line 2115, in make_initializable_iterator
    return DatasetV1Adapter(dataset)._make_initializable_iterator(shared_name)  # pylint: disable=protected-access
  File "C:\ProgramData\Anaconda3\envs\keras\lib\site-packages\tensorflow_core\python\data\ops\dataset_ops.py", line 1751, in _make_initializable_iterator
    dataset = self._apply_options()
  File "C:\ProgramData\Anaconda3\envs\keras\lib\site-packages\tensorflow_core\python\data\ops\dataset_ops.py", line 304, in _apply_options
    static_optimization_configs)
  File "C:\ProgramData\Anaconda3\envs\keras\lib\site-packages\tensorflow_core\python\data\ops\dataset_ops.py", line 3759, in __init__
    **self._flat_structure)
  File "C:\ProgramData\Anaconda3\envs\keras\lib\site-packages\tensorflow_core\python\ops\gen_dataset_ops.py", line 4001, in optimize_dataset
    name=name)
  File "C:\ProgramData\Anaconda3\envs\keras\lib\site-packages\tensorflow_core\python\framework\op_def_library.py", line 546, in _apply_op_helper
    (input_name, err))
ValueError: Tried to convert 'input_dataset' to a tensor and failed. Error: None values not supported.

======================================================================
ERROR: testSimplePipeline (__main__.CloneDatasetTest)
CloneDatasetTest.testSimplePipeline
----------------------------------------------------------------------
Traceback (most recent call last):
  File "C:\ProgramData\Anaconda3\envs\keras\lib\site-packages\tensorflow_core\python\data\ops\dataset_ops.py", line 2113, in make_initializable_iterator
    return dataset._make_initializable_iterator(shared_name)  # pylint: disable=protected-access
AttributeError: '_VariantDataset' object has no attribute '_make_initializable_iterator'

During handling of the above exception, another exception occurred:

Traceback (most recent call last):
  File "C:\ProgramData\Anaconda3\envs\keras\lib\site-packages\tensorflow_core\python\framework\op_def_library.py", line 528, in _apply_op_helper
    preferred_dtype=default_dtype)
  File "C:\ProgramData\Anaconda3\envs\keras\lib\site-packages\tensorflow_core\python\framework\ops.py", line 1297, in internal_convert_to_tensor
    ret = conversion_func(value, dtype=dtype, name=name, as_ref=as_ref)
  File "C:\ProgramData\Anaconda3\envs\keras\lib\site-packages\tensorflow_core\python\framework\constant_op.py", line 286, in _constant_tensor_conversion_function
    return constant(v, dtype=dtype, name=name)
  File "C:\ProgramData\Anaconda3\envs\keras\lib\site-packages\tensorflow_core\python\framework\constant_op.py", line 227, in constant
    allow_broadcast=True)
  File "C:\ProgramData\Anaconda3\envs\keras\lib\site-packages\tensorflow_core\python\framework\constant_op.py", line 265, in _constant_impl
    allow_broadcast=allow_broadcast))
  File "C:\ProgramData\Anaconda3\envs\keras\lib\site-packages\tensorflow_core\python\framework\tensor_util.py", line 437, in make_tensor_proto
    raise ValueError("None values not supported.")
ValueError: None values not supported.

During handling of the above exception, another exception occurred:

Traceback (most recent call last):
  File "C:\ProgramData\Anaconda3\envs\keras\lib\site-packages\tensorflow_core\python\framework\op_def_library.py", line 542, in _apply_op_helper
    values, as_ref=input_arg.is_ref).dtype.name
  File "C:\ProgramData\Anaconda3\envs\keras\lib\site-packages\tensorflow_core\python\framework\ops.py", line 1297, in internal_convert_to_tensor
    ret = conversion_func(value, dtype=dtype, name=name, as_ref=as_ref)
  File "C:\ProgramData\Anaconda3\envs\keras\lib\site-packages\tensorflow_core\python\framework\constant_op.py", line 286, in _constant_tensor_conversion_function
    return constant(v, dtype=dtype, name=name)
  File "C:\ProgramData\Anaconda3\envs\keras\lib\site-packages\tensorflow_core\python\framework\constant_op.py", line 227, in constant
    allow_broadcast=True)
  File "C:\ProgramData\Anaconda3\envs\keras\lib\site-packages\tensorflow_core\python\framework\constant_op.py", line 265, in _constant_impl
    allow_broadcast=allow_broadcast))
  File "C:\ProgramData\Anaconda3\envs\keras\lib\site-packages\tensorflow_core\python\framework\tensor_util.py", line 437, in make_tensor_proto
    raise ValueError("None values not supported.")
ValueError: None values not supported.

During handling of the above exception, another exception occurred:

Traceback (most recent call last):
  File "C:\ProgramData\Anaconda3\envs\keras\lib\site-packages\tensorflow_core\python\framework\test_util.py", line 1216, in decorated
    return f(self, *args, **kwargs)
  File "input_ops_test.py", line 606, in testSimplePipeline
    self._assert_datasets_equal(ds, cloned_ds)
  File "input_ops_test.py", line 566, in _assert_datasets_equal
    it2 = dataset_ops.make_initializable_iterator(ds2)
  File "C:\ProgramData\Anaconda3\envs\keras\lib\site-packages\tensorflow_core\python\data\ops\dataset_ops.py", line 2115, in make_initializable_iterator
    return DatasetV1Adapter(dataset)._make_initializable_iterator(shared_name)  # pylint: disable=protected-access
  File "C:\ProgramData\Anaconda3\envs\keras\lib\site-packages\tensorflow_core\python\data\ops\dataset_ops.py", line 1751, in _make_initializable_iterator
    dataset = self._apply_options()
  File "C:\ProgramData\Anaconda3\envs\keras\lib\site-packages\tensorflow_core\python\data\ops\dataset_ops.py", line 304, in _apply_options
    static_optimization_configs)
  File "C:\ProgramData\Anaconda3\envs\keras\lib\site-packages\tensorflow_core\python\data\ops\dataset_ops.py", line 3759, in __init__
    **self._flat_structure)
  File "C:\ProgramData\Anaconda3\envs\keras\lib\site-packages\tensorflow_core\python\ops\gen_dataset_ops.py", line 4001, in optimize_dataset
    name=name)
  File "C:\ProgramData\Anaconda3\envs\keras\lib\site-packages\tensorflow_core\python\framework\op_def_library.py", line 546, in _apply_op_helper
    (input_name, err))
ValueError: Tried to convert 'input_dataset' to a tensor and failed. Error: None values not supported.

======================================================================
ERROR: testZip (__main__.CloneDatasetTest)
CloneDatasetTest.testZip
----------------------------------------------------------------------
Traceback (most recent call last):
  File "C:\ProgramData\Anaconda3\envs\keras\lib\site-packages\tensorflow_core\python\data\ops\dataset_ops.py", line 2113, in make_initializable_iterator
    return dataset._make_initializable_iterator(shared_name)  # pylint: disable=protected-access
AttributeError: '_VariantDataset' object has no attribute '_make_initializable_iterator'

During handling of the above exception, another exception occurred:

Traceback (most recent call last):
  File "C:\ProgramData\Anaconda3\envs\keras\lib\site-packages\tensorflow_core\python\framework\op_def_library.py", line 528, in _apply_op_helper
    preferred_dtype=default_dtype)
  File "C:\ProgramData\Anaconda3\envs\keras\lib\site-packages\tensorflow_core\python\framework\ops.py", line 1297, in internal_convert_to_tensor
    ret = conversion_func(value, dtype=dtype, name=name, as_ref=as_ref)
  File "C:\ProgramData\Anaconda3\envs\keras\lib\site-packages\tensorflow_core\python\framework\constant_op.py", line 286, in _constant_tensor_conversion_function
    return constant(v, dtype=dtype, name=name)
  File "C:\ProgramData\Anaconda3\envs\keras\lib\site-packages\tensorflow_core\python\framework\constant_op.py", line 227, in constant
    allow_broadcast=True)
  File "C:\ProgramData\Anaconda3\envs\keras\lib\site-packages\tensorflow_core\python\framework\constant_op.py", line 265, in _constant_impl
    allow_broadcast=allow_broadcast))
  File "C:\ProgramData\Anaconda3\envs\keras\lib\site-packages\tensorflow_core\python\framework\tensor_util.py", line 437, in make_tensor_proto
    raise ValueError("None values not supported.")
ValueError: None values not supported.

During handling of the above exception, another exception occurred:

Traceback (most recent call last):
  File "C:\ProgramData\Anaconda3\envs\keras\lib\site-packages\tensorflow_core\python\framework\op_def_library.py", line 542, in _apply_op_helper
    values, as_ref=input_arg.is_ref).dtype.name
  File "C:\ProgramData\Anaconda3\envs\keras\lib\site-packages\tensorflow_core\python\framework\ops.py", line 1297, in internal_convert_to_tensor
    ret = conversion_func(value, dtype=dtype, name=name, as_ref=as_ref)
  File "C:\ProgramData\Anaconda3\envs\keras\lib\site-packages\tensorflow_core\python\framework\constant_op.py", line 286, in _constant_tensor_conversion_function
    return constant(v, dtype=dtype, name=name)
  File "C:\ProgramData\Anaconda3\envs\keras\lib\site-packages\tensorflow_core\python\framework\constant_op.py", line 227, in constant
    allow_broadcast=True)
  File "C:\ProgramData\Anaconda3\envs\keras\lib\site-packages\tensorflow_core\python\framework\constant_op.py", line 265, in _constant_impl
    allow_broadcast=allow_broadcast))
  File "C:\ProgramData\Anaconda3\envs\keras\lib\site-packages\tensorflow_core\python\framework\tensor_util.py", line 437, in make_tensor_proto
    raise ValueError("None values not supported.")
ValueError: None values not supported.

During handling of the above exception, another exception occurred:

Traceback (most recent call last):
  File "C:\ProgramData\Anaconda3\envs\keras\lib\site-packages\tensorflow_core\python\framework\test_util.py", line 1216, in decorated
    return f(self, *args, **kwargs)
  File "input_ops_test.py", line 638, in testZip
    self._assert_datasets_equal(ds, cloned_ds)
  File "input_ops_test.py", line 566, in _assert_datasets_equal
    it2 = dataset_ops.make_initializable_iterator(ds2)
  File "C:\ProgramData\Anaconda3\envs\keras\lib\site-packages\tensorflow_core\python\data\ops\dataset_ops.py", line 2115, in make_initializable_iterator
    return DatasetV1Adapter(dataset)._make_initializable_iterator(shared_name)  # pylint: disable=protected-access
  File "C:\ProgramData\Anaconda3\envs\keras\lib\site-packages\tensorflow_core\python\data\ops\dataset_ops.py", line 1751, in _make_initializable_iterator
    dataset = self._apply_options()
  File "C:\ProgramData\Anaconda3\envs\keras\lib\site-packages\tensorflow_core\python\data\ops\dataset_ops.py", line 304, in _apply_options
    static_optimization_configs)
  File "C:\ProgramData\Anaconda3\envs\keras\lib\site-packages\tensorflow_core\python\data\ops\dataset_ops.py", line 3759, in __init__
    **self._flat_structure)
  File "C:\ProgramData\Anaconda3\envs\keras\lib\site-packages\tensorflow_core\python\ops\gen_dataset_ops.py", line 4001, in optimize_dataset
    name=name)
  File "C:\ProgramData\Anaconda3\envs\keras\lib\site-packages\tensorflow_core\python\framework\op_def_library.py", line 546, in _apply_op_helper
    (input_name, err))
ValueError: Tried to convert 'input_dataset' to a tensor and failed. Error: None values not supported.

----------------------------------------------------------------------
Ran 17 tests in 10.509s

FAILED (errors=5, skipped=2)
